[0.105s] Invoking command in '/home/thisum/my_ws/build/pilz_industrial_motion_planner': AMENT_PREFIX_PATH=/home/thisum/my_ws/install/moveit_resources_prbt_pg70_support:/home/thisum/my_ws/install/moveit_ros_planning_interface:/home/thisum/my_ws/install/moveit_resources_prbt_moveit_config:/home/thisum/my_ws/install/moveit_ros_move_group:/home/thisum/my_ws/install/moveit_ros_warehouse:/home/thisum/my_ws/install/moveit_planners_ompl:/home/thisum/my_ws/install/moveit_kinematics:/home/thisum/my_ws/install/moveit_ros_planning:/home/thisum/my_ws/install/pilz_industrial_motion_planner_testutils:/home/thisum/my_ws/install/moveit_simple_controller_manager:/home/thisum/my_ws/install/moveit_ros_occupancy_map_monitor:/home/thisum/my_ws/install/moveit_resources_prbt_ikfast_manipulator_plugin:/home/thisum/my_ws/install/moveit_core:/home/thisum/my_ws/install/moveit_resources_panda_moveit_config:/home/thisum/my_ws/install/moveit_resources_fanuc_moveit_config:/home/thisum/my_ws/install/moveit_configs_utils:/home/thisum/my_ws/install/srdfdom:/home/thisum/my_ws/install/moveit_resources_prbt_support:/home/thisum/my_ws/install/moveit_resources_pr2_description:/home/thisum/my_ws/install/moveit_resources_panda_description:/home/thisum/my_ws/install/moveit_resources_fanuc_description:/home/thisum/my_ws/install/moveit_common:/home/thisum/my_ws/install/launch_param_builder:${AMENT_PREFIX_PATH} CMAKE_PREFIX_PATH=/home/thisum/my_ws/install/moveit_resources_prbt_pg70_support:/home/thisum/my_ws/install/moveit_ros_planning_interface:/home/thisum/my_ws/install/moveit_resources_prbt_moveit_config:/home/thisum/my_ws/install/moveit_ros_move_group:/home/thisum/my_ws/install/moveit_ros_warehouse:/home/thisum/my_ws/install/moveit_planners_ompl:/home/thisum/my_ws/install/moveit_kinematics:/home/thisum/my_ws/install/moveit_ros_planning:/home/thisum/my_ws/install/pilz_industrial_motion_planner_testutils:/home/thisum/my_ws/install/moveit_simple_controller_manager:/home/thisum/my_ws/install/moveit_ros_occupancy_map_monitor:/home/thisum/my_ws/install/moveit_resources_prbt_ikfast_manipulator_plugin:/home/thisum/my_ws/install/moveit_core:/home/thisum/my_ws/install/moveit_resources_panda_moveit_config:/home/thisum/my_ws/install/moveit_resources_fanuc_moveit_config:/home/thisum/my_ws/install/srdfdom:/home/thisum/my_ws/install/moveit_resources_prbt_support:/home/thisum/my_ws/install/moveit_resources_pr2_description:/home/thisum/my_ws/install/moveit_resources_panda_description:/home/thisum/my_ws/install/moveit_resources_fanuc_description:/home/thisum/my_ws/install/moveit_common:/opt/ros/humble LD_LIBRARY_PATH=/home/thisum/my_ws/install/moveit_ros_planning_interface/lib:/home/thisum/my_ws/install/moveit_ros_move_group/lib:/home/thisum/my_ws/install/moveit_ros_warehouse/lib:/home/thisum/my_ws/install/moveit_planners_ompl/lib:/home/thisum/my_ws/install/moveit_kinematics/lib:/home/thisum/my_ws/install/moveit_ros_planning/lib:/home/thisum/my_ws/install/pilz_industrial_motion_planner_testutils/lib:/home/thisum/my_ws/install/moveit_simple_controller_manager/lib:/home/thisum/my_ws/install/moveit_ros_occupancy_map_monitor/lib:/home/thisum/my_ws/install/moveit_resources_prbt_ikfast_manipulator_plugin/lib:/home/thisum/my_ws/install/moveit_core/lib:/home/thisum/my_ws/install/srdfdom/lib:${LD_LIBRARY_PATH} PATH=/home/thisum/my_ws/install/moveit_core/bin:${PATH} PYTHONPATH=/home/thisum/my_ws/install/moveit_configs_utils/lib/python3.10/site-packages:/home/thisum/my_ws/install/srdfdom/local/lib/python3.10/dist-packages:/home/thisum/my_ws/install/launch_param_builder/lib/python3.10/site-packages:${PYTHONPATH} /usr/bin/cmake /home/thisum/my_ws/src/moveit2/moveit_planners/pilz_industrial_motion_planner -DCMAKE_BUILD_TYPE=Release -DCMAKE_INSTALL_PREFIX=/home/thisum/my_ws/install/pilz_industrial_motion_planner
[0.201s] -- The C compiler identification is GNU 11.4.0
[0.272s] -- The CXX compiler identification is GNU 11.4.0
[0.280s] -- Detecting C compiler ABI info
[0.391s] -- Detecting C compiler ABI info - done
[0.397s] -- Check for working C compiler: /usr/bin/cc - skipped
[0.398s] -- Detecting C compile features
[0.398s] -- Detecting C compile features - done
[0.400s] -- Detecting CXX compiler ABI info
[0.529s] -- Detecting CXX compiler ABI info - done
[0.537s] -- Check for working CXX compiler: /usr/bin/c++ - skipped
[0.538s] -- Detecting CXX compile features
[0.538s] -- Detecting CXX compile features - done
[0.543s] -- Found moveit_common: 2.5.5 (/home/thisum/my_ws/install/moveit_common/share/moveit_common/cmake)
[0.548s] -- Found ament_cmake: 1.3.9 (/opt/ros/humble/share/ament_cmake/cmake)
[0.714s] -- Found Python3: /usr/bin/python3 (found version "3.10.12") found components: Interpreter 
[0.933s] -- Found libdw: /usr/lib/x86_64-linux-gnu/libdw.so  
[0.944s] -- Could NOT find libbfd (missing: LIBBFD_LIBRARY LIBBFD_INCLUDE_DIR) 
[0.944s] -- BACKWARD_HAS_UNWIND=1
[0.944s] -- BACKWARD_HAS_BACKTRACE=0
[0.944s] -- BACKWARD_HAS_BACKTRACE_SYMBOL=0
[0.944s] -- BACKWARD_HAS_DW=1
[0.946s] -- BACKWARD_HAS_BFD=0
[0.946s] -- Found Backward: /opt/ros/humble/share/backward_ros/cmake  
[0.952s] -- Found eigen3_cmake_module: 0.1.1 (/opt/ros/humble/share/eigen3_cmake_module/cmake)
[0.964s] -- Found Eigen3: TRUE (found version "3.4.0") 
[0.969s] -- Found geometry_msgs: 4.2.4 (/opt/ros/humble/share/geometry_msgs/cmake)
[1.035s] -- Found rosidl_generator_c: 3.1.5 (/opt/ros/humble/share/rosidl_generator_c/cmake)
[1.049s] -- Found rosidl_adapter: 3.1.5 (/opt/ros/humble/share/rosidl_adapter/cmake)
[1.065s] -- Found rosidl_generator_cpp: 3.1.5 (/opt/ros/humble/share/rosidl_generator_cpp/cmake)
[1.090s] -- Using all available rosidl_typesupport_c: rosidl_typesupport_fastrtps_c;rosidl_typesupport_introspection_c
[1.118s] -- Using all available rosidl_typesupport_cpp: rosidl_typesupport_fastrtps_cpp;rosidl_typesupport_introspection_cpp
[1.248s] -- Found moveit_core: 2.5.5 (/home/thisum/my_ws/install/moveit_core/share/moveit_core/cmake)
[1.608s] -- Found Boost: /usr/lib/x86_64-linux-gnu/cmake/Boost-1.74.0/BoostConfig.cmake (found version "1.74.0") found components: chrono date_time filesystem iostreams program_options regex serialization system thread 
[1.673s] -- Found parameter_traits: 0.3.8 (/opt/ros/humble/share/parameter_traits/cmake)
[1.779s] -- Found rmw_implementation_cmake: 6.1.2 (/opt/ros/humble/share/rmw_implementation_cmake/cmake)
[1.784s] -- Found rmw_fastrtps_cpp: 6.2.6 (/opt/ros/humble/share/rmw_fastrtps_cpp/cmake)
[1.944s] -- Found OpenSSL: /usr/lib/x86_64-linux-gnu/libcrypto.so (found version "3.0.2")  
[1.976s] -- Found FastRTPS: /opt/ros/humble/include  
[2.038s] -- Using RMW implementation 'rmw_fastrtps_cpp' as default
[2.061s] -- Found Threads: TRUE  
[2.231s] -- Found rclcpp_lifecycle: 16.0.9 (/opt/ros/humble/share/rclcpp_lifecycle/cmake)
[2.281s] -- Found Boost: /usr/lib/x86_64-linux-gnu/cmake/Boost-1.74.0/BoostConfig.cmake (found version "1.74.0") found components: filesystem 
[2.461s] -- library: /usr/lib/x86_64-linux-gnu/libcurl.so
[2.783s] -- Ensuring Eigen3 include directory is part of orocos-kdl CMake target
[3.879s] -- Found moveit_ros_move_group: 2.5.5 (/home/thisum/my_ws/install/moveit_ros_move_group/share/moveit_ros_move_group/cmake)
[3.883s] -- Found Boost: /usr/lib/x86_64-linux-gnu/cmake/Boost-1.74.0/BoostConfig.cmake (found version "1.74.0") found components: system filesystem date_time program_options thread 
[4.197s] -- Found Boost: /usr/lib/x86_64-linux-gnu/cmake/Boost-1.74.0/BoostConfig.cmake (found version "1.74.0") found components: system filesystem date_time program_options thread chrono 
[4.522s] -- Found moveit_ros_planning_interface: 2.5.5 (/home/thisum/my_ws/install/moveit_ros_planning_interface/share/moveit_ros_planning_interface/cmake)
[4.527s] -- Found Boost: /usr/lib/x86_64-linux-gnu/cmake/Boost-1.74.0/BoostConfig.cmake (found version "1.74.0") found components: date_time filesystem program_options system thread 
[4.726s] -- Found Boost: /usr/lib/x86_64-linux-gnu/cmake/Boost-1.74.0/BoostConfig.cmake (found version "1.74.0") found components: thread system filesystem regex date_time program_options 
[5.116s] -- Found tf2_eigen_kdl: 0.25.7 (/opt/ros/humble/share/tf2_eigen_kdl/cmake)
[5.128s] -- Found Boost: /usr/lib/x86_64-linux-gnu/cmake/Boost-1.74.0/BoostConfig.cmake (found version "1.74.0")  
[5.233s] -- Found ament_cmake_gtest: 1.3.9 (/opt/ros/humble/share/ament_cmake_gtest/cmake)
[5.238s] -- Found ament_cmake_gmock: 1.3.9 (/opt/ros/humble/share/ament_cmake_gmock/cmake)
[5.242s] -- Found ros_testing: 0.4.0 (/opt/ros/humble/share/ros_testing/cmake)
[5.247s] -- Found launch_testing_ament_cmake: 1.0.6 (/opt/ros/humble/share/launch_testing_ament_cmake/cmake)
[5.252s] -- Found python_cmake_module: 0.10.0 (/opt/ros/humble/share/python_cmake_module/cmake)
[5.276s] -- Found PythonInterp: /usr/bin/python3 (found suitable version "3.10.12", minimum required is "3.6") 
[5.284s] -- Found PythonLibs: /usr/lib/x86_64-linux-gnu/libpython3.10.so (found suitable version "3.10.12", minimum required is "3.5") 
[5.284s] -- Using PYTHON_EXECUTABLE: /usr/bin/python3
[5.284s] -- Using PYTHON_INCLUDE_DIRS: /usr/include/python3.10
[5.284s] -- Using PYTHON_LIBRARIES: /usr/lib/x86_64-linux-gnu/libpython3.10.so
[5.310s] -- Found PythonExtra: .so  
[5.315s] -- Found moveit_resources_prbt_support: 2.5.5 (/home/thisum/my_ws/install/moveit_resources_prbt_support/share/moveit_resources_prbt_support/cmake)
[5.317s] -- Found moveit_resources_prbt_moveit_config: 2.5.5 (/home/thisum/my_ws/install/moveit_resources_prbt_moveit_config/share/moveit_resources_prbt_moveit_config/cmake)
[5.321s] -- Found Boost: /usr/lib/x86_64-linux-gnu/cmake/Boost-1.74.0/BoostConfig.cmake (found version "1.74.0") found components: thread 
[5.325s] -- Found pilz_industrial_motion_planner_testutils: 2.5.5 (/home/thisum/my_ws/install/pilz_industrial_motion_planner_testutils/share/pilz_industrial_motion_planner_testutils/cmake)
[5.471s] -- Found gtest sources under '/opt/ros/humble/src/gtest_vendor': C++ tests using 'Google Test' will be built
[5.522s] -- Found gmock sources under '/opt/ros/humble/src/gmock_vendor': C++ tests using 'Google Mock' will be built
[5.533s] -- Found ament_lint_auto: 0.12.11 (/opt/ros/humble/share/ament_lint_auto/cmake)
[5.729s] -- Found launch_testing_ament_cmake: 1.0.6 (/opt/ros/humble/share/launch_testing_ament_cmake/cmake)
[5.730s] -- Found python_cmake_module: 0.10.0 (/opt/ros/humble/share/python_cmake_module/cmake)
[5.754s] -- Using PYTHON_EXECUTABLE: /usr/bin/python3
[5.754s] -- Using PYTHON_INCLUDE_DIRS: /usr/include/python3.10
[5.754s] -- Using PYTHON_LIBRARIES: /usr/lib/x86_64-linux-gnu/libpython3.10.so
[5.779s] -- Added test 'cppcheck' to perform static code analysis on C / C++ code
[5.781s] -- Configured cppcheck include dirs: /home/thisum/my_ws/src/moveit2/moveit_planners/pilz_industrial_motion_planner/include
[5.781s] -- Configured cppcheck exclude dirs and/or files: 
[5.783s] -- Added test 'pep257' to check Python code against some of the docstring style conventions in PEP 257
[5.785s] -- Added test 'xmllint' to check XML markup files
[5.788s] -- Configuring done
[6.328s] -- Generating done
[6.334s] -- Build files have been written to: /home/thisum/my_ws/build/pilz_industrial_motion_planner
[6.372s] Invoked command in '/home/thisum/my_ws/build/pilz_industrial_motion_planner' returned '0': AMENT_PREFIX_PATH=/home/thisum/my_ws/install/moveit_resources_prbt_pg70_support:/home/thisum/my_ws/install/moveit_ros_planning_interface:/home/thisum/my_ws/install/moveit_resources_prbt_moveit_config:/home/thisum/my_ws/install/moveit_ros_move_group:/home/thisum/my_ws/install/moveit_ros_warehouse:/home/thisum/my_ws/install/moveit_planners_ompl:/home/thisum/my_ws/install/moveit_kinematics:/home/thisum/my_ws/install/moveit_ros_planning:/home/thisum/my_ws/install/pilz_industrial_motion_planner_testutils:/home/thisum/my_ws/install/moveit_simple_controller_manager:/home/thisum/my_ws/install/moveit_ros_occupancy_map_monitor:/home/thisum/my_ws/install/moveit_resources_prbt_ikfast_manipulator_plugin:/home/thisum/my_ws/install/moveit_core:/home/thisum/my_ws/install/moveit_resources_panda_moveit_config:/home/thisum/my_ws/install/moveit_resources_fanuc_moveit_config:/home/thisum/my_ws/install/moveit_configs_utils:/home/thisum/my_ws/install/srdfdom:/home/thisum/my_ws/install/moveit_resources_prbt_support:/home/thisum/my_ws/install/moveit_resources_pr2_description:/home/thisum/my_ws/install/moveit_resources_panda_description:/home/thisum/my_ws/install/moveit_resources_fanuc_description:/home/thisum/my_ws/install/moveit_common:/home/thisum/my_ws/install/launch_param_builder:${AMENT_PREFIX_PATH} CMAKE_PREFIX_PATH=/home/thisum/my_ws/install/moveit_resources_prbt_pg70_support:/home/thisum/my_ws/install/moveit_ros_planning_interface:/home/thisum/my_ws/install/moveit_resources_prbt_moveit_config:/home/thisum/my_ws/install/moveit_ros_move_group:/home/thisum/my_ws/install/moveit_ros_warehouse:/home/thisum/my_ws/install/moveit_planners_ompl:/home/thisum/my_ws/install/moveit_kinematics:/home/thisum/my_ws/install/moveit_ros_planning:/home/thisum/my_ws/install/pilz_industrial_motion_planner_testutils:/home/thisum/my_ws/install/moveit_simple_controller_manager:/home/thisum/my_ws/install/moveit_ros_occupancy_map_monitor:/home/thisum/my_ws/install/moveit_resources_prbt_ikfast_manipulator_plugin:/home/thisum/my_ws/install/moveit_core:/home/thisum/my_ws/install/moveit_resources_panda_moveit_config:/home/thisum/my_ws/install/moveit_resources_fanuc_moveit_config:/home/thisum/my_ws/install/srdfdom:/home/thisum/my_ws/install/moveit_resources_prbt_support:/home/thisum/my_ws/install/moveit_resources_pr2_description:/home/thisum/my_ws/install/moveit_resources_panda_description:/home/thisum/my_ws/install/moveit_resources_fanuc_description:/home/thisum/my_ws/install/moveit_common:/opt/ros/humble LD_LIBRARY_PATH=/home/thisum/my_ws/install/moveit_ros_planning_interface/lib:/home/thisum/my_ws/install/moveit_ros_move_group/lib:/home/thisum/my_ws/install/moveit_ros_warehouse/lib:/home/thisum/my_ws/install/moveit_planners_ompl/lib:/home/thisum/my_ws/install/moveit_kinematics/lib:/home/thisum/my_ws/install/moveit_ros_planning/lib:/home/thisum/my_ws/install/pilz_industrial_motion_planner_testutils/lib:/home/thisum/my_ws/install/moveit_simple_controller_manager/lib:/home/thisum/my_ws/install/moveit_ros_occupancy_map_monitor/lib:/home/thisum/my_ws/install/moveit_resources_prbt_ikfast_manipulator_plugin/lib:/home/thisum/my_ws/install/moveit_core/lib:/home/thisum/my_ws/install/srdfdom/lib:${LD_LIBRARY_PATH} PATH=/home/thisum/my_ws/install/moveit_core/bin:${PATH} PYTHONPATH=/home/thisum/my_ws/install/moveit_configs_utils/lib/python3.10/site-packages:/home/thisum/my_ws/install/srdfdom/local/lib/python3.10/dist-packages:/home/thisum/my_ws/install/launch_param_builder/lib/python3.10/site-packages:${PYTHONPATH} /usr/bin/cmake /home/thisum/my_ws/src/moveit2/moveit_planners/pilz_industrial_motion_planner -DCMAKE_BUILD_TYPE=Release -DCMAKE_INSTALL_PREFIX=/home/thisum/my_ws/install/pilz_industrial_motion_planner
[6.372s] Invoking command in '/home/thisum/my_ws/build/pilz_industrial_motion_planner': AMENT_PREFIX_PATH=/home/thisum/my_ws/install/moveit_resources_prbt_pg70_support:/home/thisum/my_ws/install/moveit_ros_planning_interface:/home/thisum/my_ws/install/moveit_resources_prbt_moveit_config:/home/thisum/my_ws/install/moveit_ros_move_group:/home/thisum/my_ws/install/moveit_ros_warehouse:/home/thisum/my_ws/install/moveit_planners_ompl:/home/thisum/my_ws/install/moveit_kinematics:/home/thisum/my_ws/install/moveit_ros_planning:/home/thisum/my_ws/install/pilz_industrial_motion_planner_testutils:/home/thisum/my_ws/install/moveit_simple_controller_manager:/home/thisum/my_ws/install/moveit_ros_occupancy_map_monitor:/home/thisum/my_ws/install/moveit_resources_prbt_ikfast_manipulator_plugin:/home/thisum/my_ws/install/moveit_core:/home/thisum/my_ws/install/moveit_resources_panda_moveit_config:/home/thisum/my_ws/install/moveit_resources_fanuc_moveit_config:/home/thisum/my_ws/install/moveit_configs_utils:/home/thisum/my_ws/install/srdfdom:/home/thisum/my_ws/install/moveit_resources_prbt_support:/home/thisum/my_ws/install/moveit_resources_pr2_description:/home/thisum/my_ws/install/moveit_resources_panda_description:/home/thisum/my_ws/install/moveit_resources_fanuc_description:/home/thisum/my_ws/install/moveit_common:/home/thisum/my_ws/install/launch_param_builder:${AMENT_PREFIX_PATH} CMAKE_PREFIX_PATH=/home/thisum/my_ws/install/moveit_resources_prbt_pg70_support:/home/thisum/my_ws/install/moveit_ros_planning_interface:/home/thisum/my_ws/install/moveit_resources_prbt_moveit_config:/home/thisum/my_ws/install/moveit_ros_move_group:/home/thisum/my_ws/install/moveit_ros_warehouse:/home/thisum/my_ws/install/moveit_planners_ompl:/home/thisum/my_ws/install/moveit_kinematics:/home/thisum/my_ws/install/moveit_ros_planning:/home/thisum/my_ws/install/pilz_industrial_motion_planner_testutils:/home/thisum/my_ws/install/moveit_simple_controller_manager:/home/thisum/my_ws/install/moveit_ros_occupancy_map_monitor:/home/thisum/my_ws/install/moveit_resources_prbt_ikfast_manipulator_plugin:/home/thisum/my_ws/install/moveit_core:/home/thisum/my_ws/install/moveit_resources_panda_moveit_config:/home/thisum/my_ws/install/moveit_resources_fanuc_moveit_config:/home/thisum/my_ws/install/srdfdom:/home/thisum/my_ws/install/moveit_resources_prbt_support:/home/thisum/my_ws/install/moveit_resources_pr2_description:/home/thisum/my_ws/install/moveit_resources_panda_description:/home/thisum/my_ws/install/moveit_resources_fanuc_description:/home/thisum/my_ws/install/moveit_common:/opt/ros/humble LD_LIBRARY_PATH=/home/thisum/my_ws/install/moveit_ros_planning_interface/lib:/home/thisum/my_ws/install/moveit_ros_move_group/lib:/home/thisum/my_ws/install/moveit_ros_warehouse/lib:/home/thisum/my_ws/install/moveit_planners_ompl/lib:/home/thisum/my_ws/install/moveit_kinematics/lib:/home/thisum/my_ws/install/moveit_ros_planning/lib:/home/thisum/my_ws/install/pilz_industrial_motion_planner_testutils/lib:/home/thisum/my_ws/install/moveit_simple_controller_manager/lib:/home/thisum/my_ws/install/moveit_ros_occupancy_map_monitor/lib:/home/thisum/my_ws/install/moveit_resources_prbt_ikfast_manipulator_plugin/lib:/home/thisum/my_ws/install/moveit_core/lib:/home/thisum/my_ws/install/srdfdom/lib:${LD_LIBRARY_PATH} PATH=/home/thisum/my_ws/install/moveit_core/bin:${PATH} PYTHONPATH=/home/thisum/my_ws/install/moveit_configs_utils/lib/python3.10/site-packages:/home/thisum/my_ws/install/srdfdom/local/lib/python3.10/dist-packages:/home/thisum/my_ws/install/launch_param_builder/lib/python3.10/site-packages:${PYTHONPATH} /usr/bin/cmake --build /home/thisum/my_ws/build/pilz_industrial_motion_planner -- -j6 -l6
[6.474s] [  1%] [32mBuilding CXX object CMakeFiles/joint_limits_common.dir/src/joint_limits_aggregator.cpp.o[0m
[6.478s] [  2%] [32mBuilding CXX object gmock/CMakeFiles/gmock_main.dir/src/gmock_main.cc.o[0m
[6.502s] [  4%] [32mBuilding CXX object gtest/CMakeFiles/gtest.dir/src/gtest-all.cc.o[0m
[6.503s] [  4%] [32mBuilding CXX object CMakeFiles/planning_context_loader_base.dir/src/planning_context_loader.cpp.o[0m
[6.503s] [  6%] [32mBuilding CXX object gtest/CMakeFiles/gtest_main.dir/src/gtest_main.cc.o[0m
[6.506s] [  7%] [32mBuilding CXX object CMakeFiles/trajectory_generation_common.dir/src/trajectory_functions.cpp.o[0m
[7.506s] [  8%] [32m[1mLinking CXX static library libgtest_main.a[0m
[7.651s] [  8%] Built target gtest_main
[7.932s] [  9%] [32mBuilding CXX object gmock/CMakeFiles/gmock.dir/opt/ros/humble/src/gtest_vendor/src/gtest-all.cc.o[0m
[7.933s] [ 10%] [32m[1mLinking CXX static library libgmock_main.a[0m
[8.049s] [ 10%] Built target gmock_main
[8.068s] [ 12%] [32mBuilding CXX object gmock/CMakeFiles/gmock.dir/src/gmock-all.cc.o[0m
[11.447s] [ 13%] [32mBuilding CXX object CMakeFiles/trajectory_generation_common.dir/src/trajectory_generator.cpp.o[0m
[14.525s] [ 14%] [32m[1mLinking CXX static library libgtest.a[0m
[14.547s] [ 15%] [32m[1mLinking CXX shared library libplanning_context_loader_base.so[0m
[14.770s] [ 15%] Built target gtest
[14.810s] [ 16%] [32mBuilding CXX object CMakeFiles/trajectory_generation_common.dir/src/trajectory_blender_transition_window.cpp.o[0m
[16.243s] [ 18%] [32m[1mLinking CXX static library libgmock.a[0m
[16.367s] [ 18%] Built target gmock
[16.386s] [ 19%] [32mBuilding CXX object CMakeFiles/joint_limits_common.dir/src/joint_limits_container.cpp.o[0m
[16.703s] [ 20%] [32mBuilding CXX object CMakeFiles/joint_limits_common.dir/src/joint_limits_validator.cpp.o[0m
[17.751s] [ 21%] [32mBuilding CXX object CMakeFiles/joint_limits_common.dir/src/limits_container.cpp.o[0m
[18.614s] [ 22%] [32mBuilding CXX object CMakeFiles/joint_limits_common.dir/src/cartesian_limit.cpp.o[0m
[18.667s] [ 24%] [32mBuilding CXX object CMakeFiles/joint_limits_common.dir/src/cartesian_limits_aggregator.cpp.o[0m
[23.255s] [ 25%] [32m[1mLinking CXX shared library libjoint_limits_common.so[0m
[24.393s] [ 25%] Built target joint_limits_common
[24.433s] [ 27%] [32mBuilding CXX object test/unit_tests/CMakeFiles/unittest_joint_limits_container.dir/src/unittest_joint_limits_container.cpp.o[0m
[24.434s] [ 27%] [32mBuilding CXX object test/unit_tests/CMakeFiles/unittest_joint_limit.dir/src/unittest_joint_limit.cpp.o[0m
[24.438s] [ 28%] [32mBuilding CXX object test/unit_tests/CMakeFiles/unittest_joint_limits_aggregator.dir/src/unittest_joint_limits_aggregator.cpp.o[0m
[25.385s] [ 30%] [32mBuilding CXX object test/unit_tests/CMakeFiles/unittest_joint_limits_validator.dir/src/unittest_joint_limits_validator.cpp.o[0m
[26.564s] [ 31%] [32m[1mLinking CXX executable unittest_joint_limits_container[0m
[26.815s] [ 32%] [32m[1mLinking CXX shared library libtrajectory_generation_common.so[0m
[26.957s] [ 32%] Built target unittest_joint_limits_container
[27.007s] [ 33%] [32mBuilding CXX object test/unit_tests/CMakeFiles/unittest_cartesian_limits_aggregator.dir/src/unittest_cartesian_limits_aggregator.cpp.o[0m
[27.220s] [ 33%] Built target trajectory_generation_common
[27.262s] [ 34%] [32mBuilding CXX object CMakeFiles/command_list_manager.dir/src/command_list_manager.cpp.o[0m
[28.367s] [ 36%] [32m[1mLinking CXX executable unittest_joint_limits_validator[0m
[28.815s] [ 36%] Built target unittest_joint_limits_validator
[29.022s] [ 37%] [32mBuilding CXX object test/CMakeFiles/pilz_industrial_motion_planner_test_utils.dir/test_utils.cpp.o[0m
[30.193s] [ 38%] [32m[1mLinking CXX executable unittest_joint_limit[0m
[31.016s] [ 38%] Built target unittest_joint_limit
[31.036s] [ 39%] [32mBuilding CXX object CMakeFiles/command_list_manager.dir/src/plan_components_builder.cpp.o[0m
[31.757s] [ 39%] Built target planning_context_loader_base
[31.799s] [ 40%] [32mBuilding CXX object CMakeFiles/pilz_industrial_motion_planner.dir/src/pilz_industrial_motion_planner.cpp.o[0m
[31.968s] [ 42%] [32m[1mLinking CXX executable unittest_cartesian_limits_aggregator[0m
[32.431s] [ 42%] Built target unittest_cartesian_limits_aggregator
[32.470s] [ 43%] [32mBuilding CXX object CMakeFiles/planning_context_loader_ptp.dir/src/planning_context_loader_ptp.cpp.o[0m
[34.595s] [ 44%] [32m[1mLinking CXX executable unittest_joint_limits_aggregator[0m
[35.088s] [ 44%] Built target unittest_joint_limits_aggregator
[35.132s] [ 45%] [32mBuilding CXX object CMakeFiles/planning_context_loader_lin.dir/src/planning_context_loader_lin.cpp.o[0m
[39.798s] [ 46%] [32mBuilding CXX object CMakeFiles/planning_context_loader_lin.dir/src/trajectory_generator_lin.cpp.o[0m
[40.090s] [ 48%] [32m[1mLinking CXX shared library libcommand_list_manager.so[0m
[40.471s] [ 48%] Built target command_list_manager
[40.555s] [ 49%] [32mBuilding CXX object CMakeFiles/planning_context_loader_circ.dir/src/planning_context_loader_circ.cpp.o[0m
[44.186s] [ 50%] [32mBuilding CXX object CMakeFiles/planning_context_loader_ptp.dir/src/trajectory_generator_ptp.cpp.o[0m
[46.009s] [ 51%] [32mBuilding CXX object CMakeFiles/sequence_capability.dir/src/move_group_sequence_action.cpp.o[0m
[46.761s] [ 53%] [32m[1mLinking CXX shared library libpilz_industrial_motion_planner.so[0m
[47.145s] [ 53%] Built target pilz_industrial_motion_planner
[47.264s] [ 54%] [32mBuilding CXX object test/unit_tests/CMakeFiles/unittest_velocity_profile_atrap.dir/src/unittest_velocity_profile_atrap.cpp.o[0m
[47.323s] [ 55%] [32m[1mLinking CXX static library libpilz_industrial_motion_planner_test_utils.a[0m
[47.614s] [ 55%] Built target pilz_industrial_motion_planner_test_utils
[47.657s] [ 56%] [32mBuilding CXX object test/unit_tests/CMakeFiles/unittest_trajectory_generator.dir/src/unittest_trajectory_generator.cpp.o[0m
[51.309s] [ 57%] [32mBuilding CXX object test/unit_tests/CMakeFiles/unittest_velocity_profile_atrap.dir/__/__/src/velocity_profile_atrap.cpp.o[0m
[51.653s] [ 59%] [32mBuilding CXX object CMakeFiles/planning_context_loader_circ.dir/src/trajectory_generator_circ.cpp.o[0m
[52.035s] [ 60%] [32mBuilding CXX object CMakeFiles/planning_context_loader_lin.dir/src/velocity_profile_atrap.cpp.o[0m
[52.233s] [ 61%] [32m[1mLinking CXX executable unittest_velocity_profile_atrap[0m
[52.605s] [ 61%] Built target unittest_velocity_profile_atrap
[52.647s] [ 62%] [32mBuilding CXX object test/unit_tests/CMakeFiles/unittest_trajectory_functions.dir/src/unittest_trajectory_functions.cpp.o[0m
[52.919s] [ 63%] [32m[1mLinking CXX shared library libplanning_context_loader_lin.so[0m
[53.272s] [ 63%] Built target planning_context_loader_lin
[53.311s] [ 65%] [32mBuilding CXX object test/unit_tests/CMakeFiles/unittest_pilz_industrial_motion_planner.dir/src/unittest_pilz_industrial_motion_planner.cpp.o[0m
[56.552s] [ 66%] [32mBuilding CXX object CMakeFiles/planning_context_loader_ptp.dir/src/velocity_profile_atrap.cpp.o[0m
[57.387s] [ 67%] [32m[1mLinking CXX shared library libplanning_context_loader_ptp.so[0m
[57.774s] [ 67%] Built target planning_context_loader_ptp
[57.826s] [ 68%] [32mBuilding CXX object test/unit_tests/CMakeFiles/unittest_planning_context_loaders.dir/src/unittest_planning_context_loaders.cpp.o[0m
[59.500s] [ 69%] [32mBuilding CXX object test/unit_tests/CMakeFiles/unittest_trajectory_generator.dir/__/__/src/trajectory_generator.cpp.o[0m
[63.744s] [ 71%] [32mBuilding CXX object CMakeFiles/planning_context_loader_circ.dir/src/path_circle_generator.cpp.o[0m
[64.742s] [ 72%] [32mBuilding CXX object CMakeFiles/sequence_capability.dir/src/move_group_sequence_service.cpp.o[0m
[65.309s] [ 73%] [32m[1mLinking CXX shared library libplanning_context_loader_circ.so[0m
[65.675s] [ 73%] Built target planning_context_loader_circ
[67.653s] [ 74%] [32m[1mLinking CXX executable unittest_trajectory_functions[0m
[68.302s] [ 74%] Built target unittest_trajectory_functions
[71.641s] [ 75%] [32m[1mLinking CXX executable unittest_pilz_industrial_motion_planner[0m
[71.952s] [ 77%] [32m[1mLinking CXX executable unittest_trajectory_generator[0m
[72.125s] [ 77%] Built target unittest_pilz_industrial_motion_planner
[72.450s] [ 77%] Built target unittest_trajectory_generator
[75.043s] [ 78%] [32m[1mLinking CXX executable unittest_planning_context_loaders[0m
[75.470s] [ 78%] Built target unittest_planning_context_loaders
[78.703s] [ 79%] [32m[1mLinking CXX shared library libsequence_capability.so[0m
[79.020s] [ 79%] Built target sequence_capability
[79.055s] [ 80%] [32mBuilding CXX object test/unit_tests/CMakeFiles/unittest_trajectory_generator_circ.dir/src/unittest_trajectory_generator_circ.cpp.o[0m
[82.082s] [ 83%] [32mBuilding CXX object test/unit_tests/CMakeFiles/unittest_trajectory_generator_common.dir/src/unittest_trajectory_generator_common.cpp.o[0m
[82.082s] [ 83%] [32mBuilding CXX object test/unit_tests/CMakeFiles/unittest_trajectory_generator_lin.dir/src/unittest_trajectory_generator_lin.cpp.o[0m
[84.591s] [ 84%] [32mBuilding CXX object test/unit_tests/CMakeFiles/unittest_pilz_industrial_motion_planner_direct.dir/src/unittest_pilz_industrial_motion_planner_direct.cpp.o[0m
[84.623s] [ 85%] [32mBuilding CXX object test/unit_tests/CMakeFiles/unittest_trajectory_blender_transition_window.dir/src/unittest_trajectory_blender_transition_window.cpp.o[0m
[84.644s] [ 86%] [32mBuilding CXX object test/unit_tests/CMakeFiles/unittest_get_solver_tip_frame.dir/src/unittest_get_solver_tip_frame.cpp.o[0m
[93.020s] [ 87%] [32m[1mLinking CXX executable unittest_get_solver_tip_frame[0m
[93.384s] [ 87%] Built target unittest_get_solver_tip_frame
[93.426s] [ 89%] [32mBuilding CXX object test/unit_tests/CMakeFiles/unittest_trajectory_generator_ptp.dir/src/unittest_trajectory_generator_ptp.cpp.o[0m
[96.813s] [ 90%] [32m[1mLinking CXX executable unittest_trajectory_generator_circ[0m
[96.935s] [ 91%] [32m[1mLinking CXX executable unittest_trajectory_generator_lin[0m
[97.627s] [ 91%] Built target unittest_trajectory_generator_circ
[97.639s] [ 91%] Built target unittest_trajectory_generator_lin
[100.472s] [ 92%] [32m[1mLinking CXX executable unittest_pilz_industrial_motion_planner_direct[0m
[100.933s] [ 92%] Built target unittest_pilz_industrial_motion_planner_direct
[101.814s] [ 93%] [32mBuilding CXX object test/unit_tests/CMakeFiles/unittest_trajectory_blender_transition_window.dir/__/__/src/trajectory_blender_transition_window.cpp.o[0m
[102.952s] [ 95%] [32m[1mLinking CXX executable unittest_trajectory_generator_common[0m
[103.525s] [ 95%] Built target unittest_trajectory_generator_common
[110.180s] [ 96%] [32m[1mLinking CXX executable unittest_trajectory_generator_ptp[0m
[110.641s] [ 96%] Built target unittest_trajectory_generator_ptp
[110.692s] [ 97%] [32mBuilding CXX object test/unit_tests/CMakeFiles/unittest_planning_context.dir/src/unittest_planning_context.cpp.o[0m
[112.785s] [ 98%] [32m[1mLinking CXX executable unittest_trajectory_blender_transition_window[0m
[113.229s] [ 98%] Built target unittest_trajectory_blender_transition_window
[125.011s] [100%] [32m[1mLinking CXX executable unittest_planning_context[0m
[125.473s] [100%] Built target unittest_planning_context
[125.502s] Invoked command in '/home/thisum/my_ws/build/pilz_industrial_motion_planner' returned '0': AMENT_PREFIX_PATH=/home/thisum/my_ws/install/moveit_resources_prbt_pg70_support:/home/thisum/my_ws/install/moveit_ros_planning_interface:/home/thisum/my_ws/install/moveit_resources_prbt_moveit_config:/home/thisum/my_ws/install/moveit_ros_move_group:/home/thisum/my_ws/install/moveit_ros_warehouse:/home/thisum/my_ws/install/moveit_planners_ompl:/home/thisum/my_ws/install/moveit_kinematics:/home/thisum/my_ws/install/moveit_ros_planning:/home/thisum/my_ws/install/pilz_industrial_motion_planner_testutils:/home/thisum/my_ws/install/moveit_simple_controller_manager:/home/thisum/my_ws/install/moveit_ros_occupancy_map_monitor:/home/thisum/my_ws/install/moveit_resources_prbt_ikfast_manipulator_plugin:/home/thisum/my_ws/install/moveit_core:/home/thisum/my_ws/install/moveit_resources_panda_moveit_config:/home/thisum/my_ws/install/moveit_resources_fanuc_moveit_config:/home/thisum/my_ws/install/moveit_configs_utils:/home/thisum/my_ws/install/srdfdom:/home/thisum/my_ws/install/moveit_resources_prbt_support:/home/thisum/my_ws/install/moveit_resources_pr2_description:/home/thisum/my_ws/install/moveit_resources_panda_description:/home/thisum/my_ws/install/moveit_resources_fanuc_description:/home/thisum/my_ws/install/moveit_common:/home/thisum/my_ws/install/launch_param_builder:${AMENT_PREFIX_PATH} CMAKE_PREFIX_PATH=/home/thisum/my_ws/install/moveit_resources_prbt_pg70_support:/home/thisum/my_ws/install/moveit_ros_planning_interface:/home/thisum/my_ws/install/moveit_resources_prbt_moveit_config:/home/thisum/my_ws/install/moveit_ros_move_group:/home/thisum/my_ws/install/moveit_ros_warehouse:/home/thisum/my_ws/install/moveit_planners_ompl:/home/thisum/my_ws/install/moveit_kinematics:/home/thisum/my_ws/install/moveit_ros_planning:/home/thisum/my_ws/install/pilz_industrial_motion_planner_testutils:/home/thisum/my_ws/install/moveit_simple_controller_manager:/home/thisum/my_ws/install/moveit_ros_occupancy_map_monitor:/home/thisum/my_ws/install/moveit_resources_prbt_ikfast_manipulator_plugin:/home/thisum/my_ws/install/moveit_core:/home/thisum/my_ws/install/moveit_resources_panda_moveit_config:/home/thisum/my_ws/install/moveit_resources_fanuc_moveit_config:/home/thisum/my_ws/install/srdfdom:/home/thisum/my_ws/install/moveit_resources_prbt_support:/home/thisum/my_ws/install/moveit_resources_pr2_description:/home/thisum/my_ws/install/moveit_resources_panda_description:/home/thisum/my_ws/install/moveit_resources_fanuc_description:/home/thisum/my_ws/install/moveit_common:/opt/ros/humble LD_LIBRARY_PATH=/home/thisum/my_ws/install/moveit_ros_planning_interface/lib:/home/thisum/my_ws/install/moveit_ros_move_group/lib:/home/thisum/my_ws/install/moveit_ros_warehouse/lib:/home/thisum/my_ws/install/moveit_planners_ompl/lib:/home/thisum/my_ws/install/moveit_kinematics/lib:/home/thisum/my_ws/install/moveit_ros_planning/lib:/home/thisum/my_ws/install/pilz_industrial_motion_planner_testutils/lib:/home/thisum/my_ws/install/moveit_simple_controller_manager/lib:/home/thisum/my_ws/install/moveit_ros_occupancy_map_monitor/lib:/home/thisum/my_ws/install/moveit_resources_prbt_ikfast_manipulator_plugin/lib:/home/thisum/my_ws/install/moveit_core/lib:/home/thisum/my_ws/install/srdfdom/lib:${LD_LIBRARY_PATH} PATH=/home/thisum/my_ws/install/moveit_core/bin:${PATH} PYTHONPATH=/home/thisum/my_ws/install/moveit_configs_utils/lib/python3.10/site-packages:/home/thisum/my_ws/install/srdfdom/local/lib/python3.10/dist-packages:/home/thisum/my_ws/install/launch_param_builder/lib/python3.10/site-packages:${PYTHONPATH} /usr/bin/cmake --build /home/thisum/my_ws/build/pilz_industrial_motion_planner -- -j6 -l6
[125.742s] Invoking command in '/home/thisum/my_ws/build/pilz_industrial_motion_planner': AMENT_PREFIX_PATH=/home/thisum/my_ws/install/moveit_resources_prbt_pg70_support:/home/thisum/my_ws/install/moveit_ros_planning_interface:/home/thisum/my_ws/install/moveit_resources_prbt_moveit_config:/home/thisum/my_ws/install/moveit_ros_move_group:/home/thisum/my_ws/install/moveit_ros_warehouse:/home/thisum/my_ws/install/moveit_planners_ompl:/home/thisum/my_ws/install/moveit_kinematics:/home/thisum/my_ws/install/moveit_ros_planning:/home/thisum/my_ws/install/pilz_industrial_motion_planner_testutils:/home/thisum/my_ws/install/moveit_simple_controller_manager:/home/thisum/my_ws/install/moveit_ros_occupancy_map_monitor:/home/thisum/my_ws/install/moveit_resources_prbt_ikfast_manipulator_plugin:/home/thisum/my_ws/install/moveit_core:/home/thisum/my_ws/install/moveit_resources_panda_moveit_config:/home/thisum/my_ws/install/moveit_resources_fanuc_moveit_config:/home/thisum/my_ws/install/moveit_configs_utils:/home/thisum/my_ws/install/srdfdom:/home/thisum/my_ws/install/moveit_resources_prbt_support:/home/thisum/my_ws/install/moveit_resources_pr2_description:/home/thisum/my_ws/install/moveit_resources_panda_description:/home/thisum/my_ws/install/moveit_resources_fanuc_description:/home/thisum/my_ws/install/moveit_common:/home/thisum/my_ws/install/launch_param_builder:${AMENT_PREFIX_PATH} CMAKE_PREFIX_PATH=/home/thisum/my_ws/install/moveit_resources_prbt_pg70_support:/home/thisum/my_ws/install/moveit_ros_planning_interface:/home/thisum/my_ws/install/moveit_resources_prbt_moveit_config:/home/thisum/my_ws/install/moveit_ros_move_group:/home/thisum/my_ws/install/moveit_ros_warehouse:/home/thisum/my_ws/install/moveit_planners_ompl:/home/thisum/my_ws/install/moveit_kinematics:/home/thisum/my_ws/install/moveit_ros_planning:/home/thisum/my_ws/install/pilz_industrial_motion_planner_testutils:/home/thisum/my_ws/install/moveit_simple_controller_manager:/home/thisum/my_ws/install/moveit_ros_occupancy_map_monitor:/home/thisum/my_ws/install/moveit_resources_prbt_ikfast_manipulator_plugin:/home/thisum/my_ws/install/moveit_core:/home/thisum/my_ws/install/moveit_resources_panda_moveit_config:/home/thisum/my_ws/install/moveit_resources_fanuc_moveit_config:/home/thisum/my_ws/install/srdfdom:/home/thisum/my_ws/install/moveit_resources_prbt_support:/home/thisum/my_ws/install/moveit_resources_pr2_description:/home/thisum/my_ws/install/moveit_resources_panda_description:/home/thisum/my_ws/install/moveit_resources_fanuc_description:/home/thisum/my_ws/install/moveit_common:/opt/ros/humble LD_LIBRARY_PATH=/home/thisum/my_ws/install/moveit_ros_planning_interface/lib:/home/thisum/my_ws/install/moveit_ros_move_group/lib:/home/thisum/my_ws/install/moveit_ros_warehouse/lib:/home/thisum/my_ws/install/moveit_planners_ompl/lib:/home/thisum/my_ws/install/moveit_kinematics/lib:/home/thisum/my_ws/install/moveit_ros_planning/lib:/home/thisum/my_ws/install/pilz_industrial_motion_planner_testutils/lib:/home/thisum/my_ws/install/moveit_simple_controller_manager/lib:/home/thisum/my_ws/install/moveit_ros_occupancy_map_monitor/lib:/home/thisum/my_ws/install/moveit_resources_prbt_ikfast_manipulator_plugin/lib:/home/thisum/my_ws/install/moveit_core/lib:/home/thisum/my_ws/install/srdfdom/lib:${LD_LIBRARY_PATH} PATH=/home/thisum/my_ws/install/moveit_core/bin:${PATH} PYTHONPATH=/home/thisum/my_ws/install/moveit_configs_utils/lib/python3.10/site-packages:/home/thisum/my_ws/install/srdfdom/local/lib/python3.10/dist-packages:/home/thisum/my_ws/install/launch_param_builder/lib/python3.10/site-packages:${PYTHONPATH} /usr/bin/cmake --install /home/thisum/my_ws/build/pilz_industrial_motion_planner
[125.754s] -- Install configuration: "Release"
[125.754s] -- Installing: /home/thisum/my_ws/install/pilz_industrial_motion_planner/share/pilz_industrial_motion_planner/plugins/pilz_industrial_motion_planner_plugin_description.xml
[125.755s] -- Installing: /home/thisum/my_ws/install/pilz_industrial_motion_planner/share/pilz_industrial_motion_planner/plugins/sequence_capability_plugin_description.xml
[125.756s] -- Installing: /home/thisum/my_ws/install/pilz_industrial_motion_planner/share/pilz_industrial_motion_planner/plugins/planning_context_plugin_description.xml
[125.757s] -- Installing: /home/thisum/my_ws/install/pilz_industrial_motion_planner/lib/libpilz_industrial_motion_planner.so
[125.759s] -- Set runtime path of "/home/thisum/my_ws/install/pilz_industrial_motion_planner/lib/libpilz_industrial_motion_planner.so" to ""
[125.759s] -- Installing: /home/thisum/my_ws/install/pilz_industrial_motion_planner/lib/libjoint_limits_common.so
[125.759s] -- Set runtime path of "/home/thisum/my_ws/install/pilz_industrial_motion_planner/lib/libjoint_limits_common.so" to ""
[125.759s] -- Installing: /home/thisum/my_ws/install/pilz_industrial_motion_planner/lib/libplanning_context_loader_base.so
[125.760s] -- Set runtime path of "/home/thisum/my_ws/install/pilz_industrial_motion_planner/lib/libplanning_context_loader_base.so" to ""
[125.760s] -- Installing: /home/thisum/my_ws/install/pilz_industrial_motion_planner/lib/libplanning_context_loader_ptp.so
[125.761s] -- Set runtime path of "/home/thisum/my_ws/install/pilz_industrial_motion_planner/lib/libplanning_context_loader_ptp.so" to ""
[125.761s] -- Installing: /home/thisum/my_ws/install/pilz_industrial_motion_planner/lib/libplanning_context_loader_lin.so
[125.762s] -- Set runtime path of "/home/thisum/my_ws/install/pilz_industrial_motion_planner/lib/libplanning_context_loader_lin.so" to ""
[125.762s] -- Installing: /home/thisum/my_ws/install/pilz_industrial_motion_planner/lib/libplanning_context_loader_circ.so
[125.763s] -- Set runtime path of "/home/thisum/my_ws/install/pilz_industrial_motion_planner/lib/libplanning_context_loader_circ.so" to ""
[125.763s] -- Installing: /home/thisum/my_ws/install/pilz_industrial_motion_planner/lib/libcommand_list_manager.so
[125.764s] -- Set runtime path of "/home/thisum/my_ws/install/pilz_industrial_motion_planner/lib/libcommand_list_manager.so" to ""
[125.764s] -- Installing: /home/thisum/my_ws/install/pilz_industrial_motion_planner/lib/libsequence_capability.so
[125.766s] -- Set runtime path of "/home/thisum/my_ws/install/pilz_industrial_motion_planner/lib/libsequence_capability.so" to ""
[125.766s] -- Installing: /home/thisum/my_ws/install/pilz_industrial_motion_planner/lib/libtrajectory_generation_common.so
[125.767s] -- Set runtime path of "/home/thisum/my_ws/install/pilz_industrial_motion_planner/lib/libtrajectory_generation_common.so" to ""
[125.767s] -- Installing: /home/thisum/my_ws/install/pilz_industrial_motion_planner/include
[125.767s] -- Installing: /home/thisum/my_ws/install/pilz_industrial_motion_planner/include/pilz_industrial_motion_planner
[125.767s] -- Installing: /home/thisum/my_ws/install/pilz_industrial_motion_planner/include/pilz_industrial_motion_planner/cartesian_trajectory_point.h
[125.768s] -- Installing: /home/thisum/my_ws/install/pilz_industrial_motion_planner/include/pilz_industrial_motion_planner/command_list_manager.h
[125.768s] -- Installing: /home/thisum/my_ws/install/pilz_industrial_motion_planner/include/pilz_industrial_motion_planner/cartesian_limit.h
[125.768s] -- Installing: /home/thisum/my_ws/install/pilz_industrial_motion_planner/include/pilz_industrial_motion_planner/joint_limits_interface_extension.h
[125.768s] -- Installing: /home/thisum/my_ws/install/pilz_industrial_motion_planner/include/pilz_industrial_motion_planner/planning_exceptions.h
[125.769s] -- Installing: /home/thisum/my_ws/install/pilz_industrial_motion_planner/include/pilz_industrial_motion_planner/cartesian_trajectory.h
[125.769s] -- Installing: /home/thisum/my_ws/install/pilz_industrial_motion_planner/include/pilz_industrial_motion_planner/planning_context_loader_ptp.h
[125.769s] -- Installing: /home/thisum/my_ws/install/pilz_industrial_motion_planner/include/pilz_industrial_motion_planner/trajectory_blend_response.h
[125.778s] -- Installing: /home/thisum/my_ws/install/pilz_industrial_motion_planner/include/pilz_industrial_motion_planner/planning_context_loader_circ.h
[125.778s] -- Installing: /home/thisum/my_ws/install/pilz_industrial_motion_planner/include/pilz_industrial_motion_planner/trajectory_blender_transition_window.h
[125.778s] -- Installing: /home/thisum/my_ws/install/pilz_industrial_motion_planner/include/pilz_industrial_motion_planner/pilz_industrial_motion_planner.h
[125.778s] -- Installing: /home/thisum/my_ws/install/pilz_industrial_motion_planner/include/pilz_industrial_motion_planner/capability_names.h
[125.778s] -- Installing: /home/thisum/my_ws/install/pilz_industrial_motion_planner/include/pilz_industrial_motion_planner/plan_components_builder.h
[125.778s] -- Installing: /home/thisum/my_ws/install/pilz_industrial_motion_planner/include/pilz_industrial_motion_planner/planning_context_circ.h
[125.779s] -- Installing: /home/thisum/my_ws/install/pilz_industrial_motion_planner/include/pilz_industrial_motion_planner/joint_limits_aggregator.h
[125.779s] -- Installing: /home/thisum/my_ws/install/pilz_industrial_motion_planner/include/pilz_industrial_motion_planner/joint_limits_extension.h
[125.779s] -- Installing: /home/thisum/my_ws/install/pilz_industrial_motion_planner/include/pilz_industrial_motion_planner/move_group_sequence_action.h
[125.779s] -- Installing: /home/thisum/my_ws/install/pilz_industrial_motion_planner/include/pilz_industrial_motion_planner/trajectory_blender.h
[125.779s] -- Installing: /home/thisum/my_ws/install/pilz_industrial_motion_planner/include/pilz_industrial_motion_planner/trajectory_generator_ptp.h
[125.779s] -- Installing: /home/thisum/my_ws/install/pilz_industrial_motion_planner/include/pilz_industrial_motion_planner/cartesian_limits_aggregator.h
[125.779s] -- Installing: /home/thisum/my_ws/install/pilz_industrial_motion_planner/include/pilz_industrial_motion_planner/move_group_sequence_service.h
[125.779s] -- Installing: /home/thisum/my_ws/install/pilz_industrial_motion_planner/include/pilz_industrial_motion_planner/trajectory_generation_exceptions.h
[125.779s] -- Installing: /home/thisum/my_ws/install/pilz_industrial_motion_planner/include/pilz_industrial_motion_planner/trajectory_generator_lin.h
[125.779s] -- Installing: /home/thisum/my_ws/install/pilz_industrial_motion_planner/include/pilz_industrial_motion_planner/planning_context_loader.h
[125.779s] -- Installing: /home/thisum/my_ws/install/pilz_industrial_motion_planner/include/pilz_industrial_motion_planner/planning_context_lin.h
[125.779s] -- Installing: /home/thisum/my_ws/install/pilz_industrial_motion_planner/include/pilz_industrial_motion_planner/trajectory_generator_circ.h
[125.779s] -- Installing: /home/thisum/my_ws/install/pilz_industrial_motion_planner/include/pilz_industrial_motion_planner/joint_limits_container.h
[125.779s] -- Installing: /home/thisum/my_ws/install/pilz_industrial_motion_planner/include/pilz_industrial_motion_planner/trajectory_generator.h
[125.779s] -- Installing: /home/thisum/my_ws/install/pilz_industrial_motion_planner/include/pilz_industrial_motion_planner/velocity_profile_atrap.h
[125.779s] -- Installing: /home/thisum/my_ws/install/pilz_industrial_motion_planner/include/pilz_industrial_motion_planner/joint_limits_validator.h
[125.779s] -- Installing: /home/thisum/my_ws/install/pilz_industrial_motion_planner/include/pilz_industrial_motion_planner/planning_context_loader_lin.h
[125.779s] -- Installing: /home/thisum/my_ws/install/pilz_industrial_motion_planner/include/pilz_industrial_motion_planner/tip_frame_getter.h
[125.779s] -- Installing: /home/thisum/my_ws/install/pilz_industrial_motion_planner/include/pilz_industrial_motion_planner/planning_context_base.h
[125.780s] -- Installing: /home/thisum/my_ws/install/pilz_industrial_motion_planner/include/pilz_industrial_motion_planner/path_circle_generator.h
[125.780s] -- Installing: /home/thisum/my_ws/install/pilz_industrial_motion_planner/include/pilz_industrial_motion_planner/trajectory_blend_request.h
[125.782s] -- Installing: /home/thisum/my_ws/install/pilz_industrial_motion_planner/include/pilz_industrial_motion_planner/planning_context_ptp.h
[125.783s] -- Installing: /home/thisum/my_ws/install/pilz_industrial_motion_planner/include/pilz_industrial_motion_planner/trajectory_functions.h
[125.783s] -- Installing: /home/thisum/my_ws/install/pilz_industrial_motion_planner/include/pilz_industrial_motion_planner/limits_container.h
[125.783s] -- Installing: /home/thisum/my_ws/install/pilz_industrial_motion_planner/include/joint_limits_copy
[125.783s] -- Installing: /home/thisum/my_ws/install/pilz_industrial_motion_planner/include/joint_limits_copy/joint_limits_rosparam.hpp
[125.783s] -- Installing: /home/thisum/my_ws/install/pilz_industrial_motion_planner/include/joint_limits_copy/joint_limits.hpp
[125.783s] -- Installing: /home/thisum/my_ws/install/pilz_industrial_motion_planner/share/pilz_industrial_motion_planner/environment/library_path.sh
[125.783s] -- Installing: /home/thisum/my_ws/install/pilz_industrial_motion_planner/share/pilz_industrial_motion_planner/environment/library_path.dsv
[125.783s] -- Installing: /home/thisum/my_ws/install/pilz_industrial_motion_planner/lib/pilz_industrial_motion_planner/unittest_pilz_industrial_motion_planner_direct
[125.783s] -- Set runtime path of "/home/thisum/my_ws/install/pilz_industrial_motion_planner/lib/pilz_industrial_motion_planner/unittest_pilz_industrial_motion_planner_direct" to ""
[125.783s] -- Installing: /home/thisum/my_ws/install/pilz_industrial_motion_planner/lib/pilz_industrial_motion_planner/unittest_velocity_profile_atrap
[125.783s] -- Set runtime path of "/home/thisum/my_ws/install/pilz_industrial_motion_planner/lib/pilz_industrial_motion_planner/unittest_velocity_profile_atrap" to ""
[125.783s] -- Installing: /home/thisum/my_ws/install/pilz_industrial_motion_planner/lib/pilz_industrial_motion_planner/unittest_trajectory_generator
[125.784s] -- Set runtime path of "/home/thisum/my_ws/install/pilz_industrial_motion_planner/lib/pilz_industrial_motion_planner/unittest_trajectory_generator" to ""
[125.784s] -- Installing: /home/thisum/my_ws/install/pilz_industrial_motion_planner/lib/pilz_industrial_motion_planner/unittest_trajectory_functions
[125.787s] -- Set runtime path of "/home/thisum/my_ws/install/pilz_industrial_motion_planner/lib/pilz_industrial_motion_planner/unittest_trajectory_functions" to ""
[125.787s] -- Installing: /home/thisum/my_ws/install/pilz_industrial_motion_planner/lib/pilz_industrial_motion_planner/unittest_trajectory_blender_transition_window
[125.790s] -- Set runtime path of "/home/thisum/my_ws/install/pilz_industrial_motion_planner/lib/pilz_industrial_motion_planner/unittest_trajectory_blender_transition_window" to ""
[125.790s] -- Installing: /home/thisum/my_ws/install/pilz_industrial_motion_planner/lib/pilz_industrial_motion_planner/unittest_trajectory_generator_common
[125.793s] -- Set runtime path of "/home/thisum/my_ws/install/pilz_industrial_motion_planner/lib/pilz_industrial_motion_planner/unittest_trajectory_generator_common" to ""
[125.793s] -- Installing: /home/thisum/my_ws/install/pilz_industrial_motion_planner/lib/pilz_industrial_motion_planner/unittest_trajectory_generator_circ
[125.796s] -- Set runtime path of "/home/thisum/my_ws/install/pilz_industrial_motion_planner/lib/pilz_industrial_motion_planner/unittest_trajectory_generator_circ" to ""
[125.796s] -- Installing: /home/thisum/my_ws/install/pilz_industrial_motion_planner/lib/pilz_industrial_motion_planner/unittest_trajectory_generator_lin
[125.798s] -- Set runtime path of "/home/thisum/my_ws/install/pilz_industrial_motion_planner/lib/pilz_industrial_motion_planner/unittest_trajectory_generator_lin" to ""
[125.798s] -- Installing: /home/thisum/my_ws/install/pilz_industrial_motion_planner/lib/pilz_industrial_motion_planner/unittest_trajectory_generator_ptp
[125.801s] -- Set runtime path of "/home/thisum/my_ws/install/pilz_industrial_motion_planner/lib/pilz_industrial_motion_planner/unittest_trajectory_generator_ptp" to ""
[125.801s] -- Installing: /home/thisum/my_ws/install/pilz_industrial_motion_planner/lib/pilz_industrial_motion_planner/unittest_pilz_industrial_motion_planner
[125.804s] -- Set runtime path of "/home/thisum/my_ws/install/pilz_industrial_motion_planner/lib/pilz_industrial_motion_planner/unittest_pilz_industrial_motion_planner" to ""
[125.804s] -- Installing: /home/thisum/my_ws/install/pilz_industrial_motion_planner/lib/pilz_industrial_motion_planner/unittest_joint_limit
[125.805s] -- Set runtime path of "/home/thisum/my_ws/install/pilz_industrial_motion_planner/lib/pilz_industrial_motion_planner/unittest_joint_limit" to ""
[125.805s] -- Installing: /home/thisum/my_ws/install/pilz_industrial_motion_planner/lib/pilz_industrial_motion_planner/unittest_joint_limits_aggregator
[125.807s] -- Set runtime path of "/home/thisum/my_ws/install/pilz_industrial_motion_planner/lib/pilz_industrial_motion_planner/unittest_joint_limits_aggregator" to ""
[125.807s] -- Installing: /home/thisum/my_ws/install/pilz_industrial_motion_planner/lib/pilz_industrial_motion_planner/unittest_joint_limits_container
[125.809s] -- Set runtime path of "/home/thisum/my_ws/install/pilz_industrial_motion_planner/lib/pilz_industrial_motion_planner/unittest_joint_limits_container" to ""
[125.809s] -- Installing: /home/thisum/my_ws/install/pilz_industrial_motion_planner/lib/pilz_industrial_motion_planner/unittest_joint_limits_validator
[125.810s] -- Set runtime path of "/home/thisum/my_ws/install/pilz_industrial_motion_planner/lib/pilz_industrial_motion_planner/unittest_joint_limits_validator" to ""
[125.810s] -- Installing: /home/thisum/my_ws/install/pilz_industrial_motion_planner/lib/pilz_industrial_motion_planner/unittest_cartesian_limits_aggregator
[125.812s] -- Set runtime path of "/home/thisum/my_ws/install/pilz_industrial_motion_planner/lib/pilz_industrial_motion_planner/unittest_cartesian_limits_aggregator" to ""
[125.812s] -- Installing: /home/thisum/my_ws/install/pilz_industrial_motion_planner/lib/pilz_industrial_motion_planner/unittest_planning_context_loaders
[125.815s] -- Set runtime path of "/home/thisum/my_ws/install/pilz_industrial_motion_planner/lib/pilz_industrial_motion_planner/unittest_planning_context_loaders" to ""
[125.815s] -- Installing: /home/thisum/my_ws/install/pilz_industrial_motion_planner/lib/pilz_industrial_motion_planner/unittest_planning_context
[125.817s] -- Set runtime path of "/home/thisum/my_ws/install/pilz_industrial_motion_planner/lib/pilz_industrial_motion_planner/unittest_planning_context" to ""
[125.817s] -- Installing: /home/thisum/my_ws/install/pilz_industrial_motion_planner/lib/pilz_industrial_motion_planner/unittest_get_solver_tip_frame
[125.819s] -- Set runtime path of "/home/thisum/my_ws/install/pilz_industrial_motion_planner/lib/pilz_industrial_motion_planner/unittest_get_solver_tip_frame" to ""
[125.819s] -- Installing: /home/thisum/my_ws/install/pilz_industrial_motion_planner/share/pilz_industrial_motion_planner/config
[125.819s] -- Installing: /home/thisum/my_ws/install/pilz_industrial_motion_planner/share/pilz_industrial_motion_planner/config/unittest_trajectory_blender_transition_window.yaml
[125.820s] -- Installing: /home/thisum/my_ws/install/pilz_industrial_motion_planner/share/pilz_industrial_motion_planner/config/unittest_trajectory_generator_lin.yaml
[125.821s] -- Installing: /home/thisum/my_ws/install/pilz_industrial_motion_planner/share/pilz_industrial_motion_planner/config/unittest_joint_limits_aggregator.yaml
[125.822s] -- Installing: /home/thisum/my_ws/install/pilz_industrial_motion_planner/share/pilz_industrial_motion_planner/config/unittest_cartesian_limits_aggregator.yaml
[125.822s] -- Installing: /home/thisum/my_ws/install/pilz_industrial_motion_planner/share/pilz_industrial_motion_planner/config/unittest_trajectory_functions.yaml
[125.823s] -- Installing: /home/thisum/my_ws/install/pilz_industrial_motion_planner/share/pilz_industrial_motion_planner/config/unittest_joint_limit_config.yaml
[125.824s] -- Installing: /home/thisum/my_ws/install/pilz_industrial_motion_planner/share/pilz_industrial_motion_planner/config/unittest_trajectory_generator_ptp.yaml
[125.825s] -- Installing: /home/thisum/my_ws/install/pilz_industrial_motion_planner/share/pilz_industrial_motion_planner/config/unittest_trajectory_generator_circ.yaml
[125.826s] -- Installing: /home/thisum/my_ws/install/pilz_industrial_motion_planner/share/pilz_industrial_motion_planner/config/unittest_trajectory_generator_common.yaml
[125.827s] -- Installing: /home/thisum/my_ws/install/pilz_industrial_motion_planner/share/pilz_industrial_motion_planner/launch
[125.827s] -- Installing: /home/thisum/my_ws/install/pilz_industrial_motion_planner/share/pilz_industrial_motion_planner/launch/unittest_joint_limits_aggregator.test.py
[125.828s] -- Installing: /home/thisum/my_ws/install/pilz_industrial_motion_planner/share/pilz_industrial_motion_planner/launch/unittest_cartesian_limits_aggregator.test.py
[125.829s] -- Installing: /home/thisum/my_ws/install/pilz_industrial_motion_planner/share/pilz_industrial_motion_planner/launch/common_parameters.py
[125.829s] -- Installing: /home/thisum/my_ws/install/pilz_industrial_motion_planner/share/pilz_industrial_motion_planner/launch/unittest_planning_context_loaders.test.py
[125.830s] -- Installing: /home/thisum/my_ws/install/pilz_industrial_motion_planner/share/pilz_industrial_motion_planner/launch/unittest_trajectory_functions.test.py
[125.831s] -- Installing: /home/thisum/my_ws/install/pilz_industrial_motion_planner/share/pilz_industrial_motion_planner/launch/unittest_trajectory_blender_transition_window.test.py
[125.831s] -- Installing: /home/thisum/my_ws/install/pilz_industrial_motion_planner/share/pilz_industrial_motion_planner/launch/unittest_trajectory_generator_ptp.test.py
[125.832s] -- Installing: /home/thisum/my_ws/install/pilz_industrial_motion_planner/share/pilz_industrial_motion_planner/launch/unittest_trajectory_generator_common.test.py
[125.833s] -- Installing: /home/thisum/my_ws/install/pilz_industrial_motion_planner/share/pilz_industrial_motion_planner/launch/unittest_trajectory_generator_circ.test.py
[125.834s] -- Installing: /home/thisum/my_ws/install/pilz_industrial_motion_planner/share/pilz_industrial_motion_planner/launch/unittest_planning_context.test.py
[125.835s] -- Installing: /home/thisum/my_ws/install/pilz_industrial_motion_planner/share/pilz_industrial_motion_planner/launch/unittest_trajectory_generator_lin.test.py
[125.836s] -- Installing: /home/thisum/my_ws/install/pilz_industrial_motion_planner/share/pilz_industrial_motion_planner/launch/unittest_pilz_industrial_motion_planner.test.py
[125.837s] -- Installing: /home/thisum/my_ws/install/pilz_industrial_motion_planner/share/pilz_industrial_motion_planner/launch/unittest_joint_limit.test.py
[125.837s] -- Installing: /home/thisum/my_ws/install/pilz_industrial_motion_planner/share/pilz_industrial_motion_planner/test_data
[125.837s] -- Installing: /home/thisum/my_ws/install/pilz_industrial_motion_planner/share/pilz_industrial_motion_planner/test_data/testpoints.py
[125.838s] -- Installing: /home/thisum/my_ws/install/pilz_industrial_motion_planner/share/pilz_industrial_motion_planner/test_data/concept_testdata.png
[125.840s] -- Installing: /home/thisum/my_ws/install/pilz_industrial_motion_planner/share/pilz_industrial_motion_planner/test_data/prbt
[125.840s] -- Installing: /home/thisum/my_ws/install/pilz_industrial_motion_planner/share/pilz_industrial_motion_planner/test_data/prbt/testdata_sequence.xml
[125.841s] -- Installing: /home/thisum/my_ws/install/pilz_industrial_motion_planner/share/pilz_industrial_motion_planner/test_data/prbt/testdata_with_gripper.xml
[125.842s] -- Installing: /home/thisum/my_ws/install/pilz_industrial_motion_planner/share/pilz_industrial_motion_planner/test_data/prbt/testdata_deprecated.xml
[125.843s] -- Installing: /home/thisum/my_ws/install/pilz_industrial_motion_planner/share/pilz_industrial_motion_planner/test_data/concept_testdata.odp
[125.843s] -- Installing: /home/thisum/my_ws/install/pilz_industrial_motion_planner/share/pilz_industrial_motion_planner/test_data/frankaemika_panda
[125.843s] -- Installing: /home/thisum/my_ws/install/pilz_industrial_motion_planner/share/pilz_industrial_motion_planner/test_data/frankaemika_panda/testdata_sequence.xml
[125.844s] -- Installing: /home/thisum/my_ws/install/pilz_industrial_motion_planner/share/ament_index/resource_index/package_run_dependencies/pilz_industrial_motion_planner
[125.845s] -- Installing: /home/thisum/my_ws/install/pilz_industrial_motion_planner/share/ament_index/resource_index/parent_prefix_path/pilz_industrial_motion_planner
[125.845s] -- Installing: /home/thisum/my_ws/install/pilz_industrial_motion_planner/share/pilz_industrial_motion_planner/environment/ament_prefix_path.sh
[125.845s] -- Installing: /home/thisum/my_ws/install/pilz_industrial_motion_planner/share/pilz_industrial_motion_planner/environment/ament_prefix_path.dsv
[125.845s] -- Installing: /home/thisum/my_ws/install/pilz_industrial_motion_planner/share/pilz_industrial_motion_planner/environment/path.sh
[125.845s] -- Installing: /home/thisum/my_ws/install/pilz_industrial_motion_planner/share/pilz_industrial_motion_planner/environment/path.dsv
[125.846s] -- Installing: /home/thisum/my_ws/install/pilz_industrial_motion_planner/share/pilz_industrial_motion_planner/local_setup.bash
[125.846s] -- Installing: /home/thisum/my_ws/install/pilz_industrial_motion_planner/share/pilz_industrial_motion_planner/local_setup.sh
[125.846s] -- Installing: /home/thisum/my_ws/install/pilz_industrial_motion_planner/share/pilz_industrial_motion_planner/local_setup.zsh
[125.846s] -- Installing: /home/thisum/my_ws/install/pilz_industrial_motion_planner/share/pilz_industrial_motion_planner/local_setup.dsv
[125.847s] -- Installing: /home/thisum/my_ws/install/pilz_industrial_motion_planner/share/pilz_industrial_motion_planner/package.dsv
[125.847s] -- Installing: /home/thisum/my_ws/install/pilz_industrial_motion_planner/share/ament_index/resource_index/packages/pilz_industrial_motion_planner
[125.847s] -- Installing: /home/thisum/my_ws/install/pilz_industrial_motion_planner/share/ament_index/resource_index/moveit_core__pluginlib__plugin/pilz_industrial_motion_planner
[125.847s] -- Installing: /home/thisum/my_ws/install/pilz_industrial_motion_planner/share/ament_index/resource_index/moveit_ros_move_group__pluginlib__plugin/pilz_industrial_motion_planner
[125.848s] -- Installing: /home/thisum/my_ws/install/pilz_industrial_motion_planner/share/ament_index/resource_index/pilz_industrial_motion_planner__pluginlib__plugin/pilz_industrial_motion_planner
[125.848s] -- Installing: /home/thisum/my_ws/install/pilz_industrial_motion_planner/share/pilz_industrial_motion_planner/cmake/pilz_industrial_motion_plannerTargetsExport.cmake
[125.848s] -- Installing: /home/thisum/my_ws/install/pilz_industrial_motion_planner/share/pilz_industrial_motion_planner/cmake/pilz_industrial_motion_plannerTargetsExport-release.cmake
[125.849s] -- Installing: /home/thisum/my_ws/install/pilz_industrial_motion_planner/share/pilz_industrial_motion_planner/cmake/ament_cmake_export_include_directories-extras.cmake
[125.849s] -- Installing: /home/thisum/my_ws/install/pilz_industrial_motion_planner/share/pilz_industrial_motion_planner/cmake/ament_cmake_export_targets-extras.cmake
[125.849s] -- Installing: /home/thisum/my_ws/install/pilz_industrial_motion_planner/share/pilz_industrial_motion_planner/cmake/ament_cmake_export_dependencies-extras.cmake
[125.849s] -- Installing: /home/thisum/my_ws/install/pilz_industrial_motion_planner/share/pilz_industrial_motion_planner/cmake/pilz_industrial_motion_plannerConfig.cmake
[125.849s] -- Installing: /home/thisum/my_ws/install/pilz_industrial_motion_planner/share/pilz_industrial_motion_planner/cmake/pilz_industrial_motion_plannerConfig-version.cmake
[125.850s] -- Installing: /home/thisum/my_ws/install/pilz_industrial_motion_planner/share/pilz_industrial_motion_planner/package.xml
[125.853s] Invoked command in '/home/thisum/my_ws/build/pilz_industrial_motion_planner' returned '0': AMENT_PREFIX_PATH=/home/thisum/my_ws/install/moveit_resources_prbt_pg70_support:/home/thisum/my_ws/install/moveit_ros_planning_interface:/home/thisum/my_ws/install/moveit_resources_prbt_moveit_config:/home/thisum/my_ws/install/moveit_ros_move_group:/home/thisum/my_ws/install/moveit_ros_warehouse:/home/thisum/my_ws/install/moveit_planners_ompl:/home/thisum/my_ws/install/moveit_kinematics:/home/thisum/my_ws/install/moveit_ros_planning:/home/thisum/my_ws/install/pilz_industrial_motion_planner_testutils:/home/thisum/my_ws/install/moveit_simple_controller_manager:/home/thisum/my_ws/install/moveit_ros_occupancy_map_monitor:/home/thisum/my_ws/install/moveit_resources_prbt_ikfast_manipulator_plugin:/home/thisum/my_ws/install/moveit_core:/home/thisum/my_ws/install/moveit_resources_panda_moveit_config:/home/thisum/my_ws/install/moveit_resources_fanuc_moveit_config:/home/thisum/my_ws/install/moveit_configs_utils:/home/thisum/my_ws/install/srdfdom:/home/thisum/my_ws/install/moveit_resources_prbt_support:/home/thisum/my_ws/install/moveit_resources_pr2_description:/home/thisum/my_ws/install/moveit_resources_panda_description:/home/thisum/my_ws/install/moveit_resources_fanuc_description:/home/thisum/my_ws/install/moveit_common:/home/thisum/my_ws/install/launch_param_builder:${AMENT_PREFIX_PATH} CMAKE_PREFIX_PATH=/home/thisum/my_ws/install/moveit_resources_prbt_pg70_support:/home/thisum/my_ws/install/moveit_ros_planning_interface:/home/thisum/my_ws/install/moveit_resources_prbt_moveit_config:/home/thisum/my_ws/install/moveit_ros_move_group:/home/thisum/my_ws/install/moveit_ros_warehouse:/home/thisum/my_ws/install/moveit_planners_ompl:/home/thisum/my_ws/install/moveit_kinematics:/home/thisum/my_ws/install/moveit_ros_planning:/home/thisum/my_ws/install/pilz_industrial_motion_planner_testutils:/home/thisum/my_ws/install/moveit_simple_controller_manager:/home/thisum/my_ws/install/moveit_ros_occupancy_map_monitor:/home/thisum/my_ws/install/moveit_resources_prbt_ikfast_manipulator_plugin:/home/thisum/my_ws/install/moveit_core:/home/thisum/my_ws/install/moveit_resources_panda_moveit_config:/home/thisum/my_ws/install/moveit_resources_fanuc_moveit_config:/home/thisum/my_ws/install/srdfdom:/home/thisum/my_ws/install/moveit_resources_prbt_support:/home/thisum/my_ws/install/moveit_resources_pr2_description:/home/thisum/my_ws/install/moveit_resources_panda_description:/home/thisum/my_ws/install/moveit_resources_fanuc_description:/home/thisum/my_ws/install/moveit_common:/opt/ros/humble LD_LIBRARY_PATH=/home/thisum/my_ws/install/moveit_ros_planning_interface/lib:/home/thisum/my_ws/install/moveit_ros_move_group/lib:/home/thisum/my_ws/install/moveit_ros_warehouse/lib:/home/thisum/my_ws/install/moveit_planners_ompl/lib:/home/thisum/my_ws/install/moveit_kinematics/lib:/home/thisum/my_ws/install/moveit_ros_planning/lib:/home/thisum/my_ws/install/pilz_industrial_motion_planner_testutils/lib:/home/thisum/my_ws/install/moveit_simple_controller_manager/lib:/home/thisum/my_ws/install/moveit_ros_occupancy_map_monitor/lib:/home/thisum/my_ws/install/moveit_resources_prbt_ikfast_manipulator_plugin/lib:/home/thisum/my_ws/install/moveit_core/lib:/home/thisum/my_ws/install/srdfdom/lib:${LD_LIBRARY_PATH} PATH=/home/thisum/my_ws/install/moveit_core/bin:${PATH} PYTHONPATH=/home/thisum/my_ws/install/moveit_configs_utils/lib/python3.10/site-packages:/home/thisum/my_ws/install/srdfdom/local/lib/python3.10/dist-packages:/home/thisum/my_ws/install/launch_param_builder/lib/python3.10/site-packages:${PYTHONPATH} /usr/bin/cmake --install /home/thisum/my_ws/build/pilz_industrial_motion_planner
