[0.122s] Invoking command in '/home/thisum/my_ws/build/moveit_setup_assistant': AMENT_PREFIX_PATH=/home/thisum/my_ws/install/moveit_setup_srdf_plugins:/home/thisum/my_ws/install/moveit_setup_core_plugins:/home/thisum/my_ws/install/moveit_setup_controllers:/home/thisum/my_ws/install/moveit_setup_app_plugins:/home/thisum/my_ws/install/moveit_setup_framework:/home/thisum/my_ws/install/moveit_ros_visualization:/home/thisum/my_ws/install/moveit_ros_planning_interface:/home/thisum/my_ws/install/moveit_ros_move_group:/home/thisum/my_ws/install/moveit_ros_warehouse:/home/thisum/my_ws/install/moveit_ros_robot_interaction:/home/thisum/my_ws/install/moveit_planners_ompl:/home/thisum/my_ws/install/moveit_kinematics:/home/thisum/my_ws/install/moveit_ros_planning:/home/thisum/my_ws/install/moveit_simple_controller_manager:/home/thisum/my_ws/install/moveit_ros_occupancy_map_monitor:/home/thisum/my_ws/install/moveit_core:/home/thisum/my_ws/install/moveit_resources_panda_moveit_config:/home/thisum/my_ws/install/moveit_resources_fanuc_moveit_config:/home/thisum/my_ws/install/moveit_configs_utils:/home/thisum/my_ws/install/srdfdom:/home/thisum/my_ws/install/moveit_resources_pr2_description:/home/thisum/my_ws/install/moveit_resources_panda_description:/home/thisum/my_ws/install/moveit_resources_fanuc_description:/home/thisum/my_ws/install/moveit_common:/home/thisum/my_ws/install/launch_param_builder:${AMENT_PREFIX_PATH} CMAKE_PREFIX_PATH=/home/thisum/my_ws/install/moveit_setup_srdf_plugins:/home/thisum/my_ws/install/moveit_setup_core_plugins:/home/thisum/my_ws/install/moveit_setup_controllers:/home/thisum/my_ws/install/moveit_setup_app_plugins:/home/thisum/my_ws/install/moveit_setup_framework:/home/thisum/my_ws/install/moveit_ros_visualization:/home/thisum/my_ws/install/moveit_ros_planning_interface:/home/thisum/my_ws/install/moveit_ros_move_group:/home/thisum/my_ws/install/moveit_ros_warehouse:/home/thisum/my_ws/install/moveit_ros_robot_interaction:/home/thisum/my_ws/install/moveit_planners_ompl:/home/thisum/my_ws/install/moveit_kinematics:/home/thisum/my_ws/install/moveit_ros_planning:/home/thisum/my_ws/install/moveit_simple_controller_manager:/home/thisum/my_ws/install/moveit_ros_occupancy_map_monitor:/home/thisum/my_ws/install/moveit_core:/home/thisum/my_ws/install/moveit_resources_panda_moveit_config:/home/thisum/my_ws/install/moveit_resources_fanuc_moveit_config:/home/thisum/my_ws/install/srdfdom:/home/thisum/my_ws/install/moveit_resources_pr2_description:/home/thisum/my_ws/install/moveit_resources_panda_description:/home/thisum/my_ws/install/moveit_resources_fanuc_description:/home/thisum/my_ws/install/moveit_common:/opt/ros/humble LD_LIBRARY_PATH=/home/thisum/my_ws/install/moveit_setup_srdf_plugins/lib:/home/thisum/my_ws/install/moveit_setup_core_plugins/lib:/home/thisum/my_ws/install/moveit_setup_controllers/lib:/home/thisum/my_ws/install/moveit_setup_app_plugins/lib:/home/thisum/my_ws/install/moveit_setup_framework/lib:/home/thisum/my_ws/install/moveit_ros_visualization/lib:/home/thisum/my_ws/install/moveit_ros_planning_interface/lib:/home/thisum/my_ws/install/moveit_ros_move_group/lib:/home/thisum/my_ws/install/moveit_ros_warehouse/lib:/home/thisum/my_ws/install/moveit_ros_robot_interaction/lib:/home/thisum/my_ws/install/moveit_planners_ompl/lib:/home/thisum/my_ws/install/moveit_kinematics/lib:/home/thisum/my_ws/install/moveit_ros_planning/lib:/home/thisum/my_ws/install/moveit_simple_controller_manager/lib:/home/thisum/my_ws/install/moveit_ros_occupancy_map_monitor/lib:/home/thisum/my_ws/install/moveit_core/lib:/home/thisum/my_ws/install/srdfdom/lib:${LD_LIBRARY_PATH} PATH=/home/thisum/my_ws/install/moveit_core/bin:${PATH} PYTHONPATH=/home/thisum/my_ws/install/moveit_configs_utils/lib/python3.10/site-packages:/home/thisum/my_ws/install/srdfdom/local/lib/python3.10/dist-packages:/home/thisum/my_ws/install/launch_param_builder/lib/python3.10/site-packages:${PYTHONPATH} /usr/bin/cmake /home/thisum/my_ws/src/moveit2/moveit_setup_assistant/moveit_setup_assistant -DCMAKE_BUILD_TYPE=Release -DCMAKE_INSTALL_PREFIX=/home/thisum/my_ws/install/moveit_setup_assistant
[0.215s] -- The C compiler identification is GNU 11.4.0
[0.292s] -- The CXX compiler identification is GNU 11.4.0
[0.293s] -- Detecting C compiler ABI info
[0.406s] -- Detecting C compiler ABI info - done
[0.412s] -- Check for working C compiler: /usr/bin/cc - skipped
[0.412s] -- Detecting C compile features
[0.413s] -- Detecting C compile features - done
[0.415s] -- Detecting CXX compiler ABI info
[0.537s] -- Detecting CXX compiler ABI info - done
[0.543s] -- Check for working CXX compiler: /usr/bin/c++ - skipped
[0.544s] -- Detecting CXX compile features
[0.544s] -- Detecting CXX compile features - done
[0.548s] -- Found moveit_common: 2.5.5 (/home/thisum/my_ws/install/moveit_common/share/moveit_common/cmake)
[0.554s] -- Found ament_cmake: 1.3.9 (/opt/ros/humble/share/ament_cmake/cmake)
[0.729s] -- Found Python3: /usr/bin/python3 (found version "3.10.12") found components: Interpreter 
[0.957s] -- Found libdw: /usr/lib/x86_64-linux-gnu/libdw.so  
[0.963s] -- Could NOT find libbfd (missing: LIBBFD_LIBRARY LIBBFD_INCLUDE_DIR) 
[0.963s] -- BACKWARD_HAS_UNWIND=1
[0.963s] -- BACKWARD_HAS_BACKTRACE=0
[0.963s] -- BACKWARD_HAS_BACKTRACE_SYMBOL=0
[0.963s] -- BACKWARD_HAS_DW=1
[0.963s] -- BACKWARD_HAS_BFD=0
[0.963s] -- Found Backward: /opt/ros/humble/share/backward_ros/cmake  
[0.975s] -- Found ament_index_cpp: 1.4.0 (/opt/ros/humble/share/ament_index_cpp/cmake)
[0.994s] -- Found Boost: /usr/lib/x86_64-linux-gnu/cmake/Boost-1.74.0/BoostConfig.cmake (found version "1.74.0") found components: program_options 
[0.996s] -- Found moveit_setup_framework: 2.5.5 (/home/thisum/my_ws/install/moveit_setup_framework/share/moveit_setup_framework/cmake)
[1.066s] -- Found rosidl_generator_c: 3.1.5 (/opt/ros/humble/share/rosidl_generator_c/cmake)
[1.084s] -- Found rosidl_adapter: 3.1.5 (/opt/ros/humble/share/rosidl_adapter/cmake)
[1.099s] -- Found rosidl_generator_cpp: 3.1.5 (/opt/ros/humble/share/rosidl_generator_cpp/cmake)
[1.126s] -- Using all available rosidl_typesupport_c: rosidl_typesupport_fastrtps_c;rosidl_typesupport_introspection_c
[1.156s] -- Using all available rosidl_typesupport_cpp: rosidl_typesupport_fastrtps_cpp;rosidl_typesupport_introspection_cpp
[1.268s] -- Found rmw_implementation_cmake: 6.1.2 (/opt/ros/humble/share/rmw_implementation_cmake/cmake)
[1.281s] -- Found rmw_fastrtps_cpp: 6.2.6 (/opt/ros/humble/share/rmw_fastrtps_cpp/cmake)
[1.440s] -- Found OpenSSL: /usr/lib/x86_64-linux-gnu/libcrypto.so (found version "3.0.2")  
[1.471s] -- Found FastRTPS: /opt/ros/humble/include  
[1.537s] -- Using RMW implementation 'rmw_fastrtps_cpp' as default
[1.556s] -- Looking for pthread.h
[1.704s] -- Looking for pthread.h - found
[1.704s] -- Performing Test CMAKE_HAVE_LIBC_PTHREAD
[1.855s] -- Performing Test CMAKE_HAVE_LIBC_PTHREAD - Success
[1.856s] -- Found Threads: TRUE  
[2.128s] -- Found Boost: /usr/lib/x86_64-linux-gnu/cmake/Boost-1.74.0/BoostConfig.cmake (found version "1.74.0") found components: chrono date_time filesystem iostreams program_options regex serialization system thread 
[2.204s] -- Found parameter_traits: 0.3.8 (/opt/ros/humble/share/parameter_traits/cmake)
[2.232s] -- Found Eigen3: TRUE (found version "3.4.0") 
[2.238s] -- Found rclcpp_lifecycle: 16.0.9 (/opt/ros/humble/share/rclcpp_lifecycle/cmake)
[2.292s] -- Found Boost: /usr/lib/x86_64-linux-gnu/cmake/Boost-1.74.0/BoostConfig.cmake (found version "1.74.0") found components: filesystem 
[2.531s] -- library: /usr/lib/x86_64-linux-gnu/libcurl.so
[2.835s] -- Ensuring Eigen3 include directory is part of orocos-kdl CMake target
[4.012s] -- Found Boost: /usr/lib/x86_64-linux-gnu/cmake/Boost-1.74.0/BoostConfig.cmake (found version "1.74.0") found components: system filesystem date_time program_options thread chrono 
[4.526s] -- Found Boost: /usr/lib/x86_64-linux-gnu/cmake/Boost-1.74.0/BoostConfig.cmake (found version "1.74.0") found components: thread date_time system filesystem 
[4.607s] -- Found Boost: /usr/lib/x86_64-linux-gnu/cmake/Boost-1.74.0/BoostConfig.cmake (found version "1.74.0") found components: date_time filesystem program_options system thread 
[4.779s] -- Found Boost: /usr/lib/x86_64-linux-gnu/cmake/Boost-1.74.0/BoostConfig.cmake (found version "1.74.0") found components: thread system filesystem regex date_time program_options 
[4.996s] -- Found Boost: /usr/lib/x86_64-linux-gnu/cmake/Boost-1.74.0/BoostConfig.cmake (found version "1.74.0") found components: system filesystem date_time program_options thread 
[6.029s] -- Setting OGRE_DIR to: '/opt/ros/humble/share/rviz_ogre_vendor/cmake/../../../opt/rviz_ogre_vendor/lib/OGRE/cmake'
[6.033s] -- Found OGRE
[6.033s] --   static     : OFF
[6.033s] --   components : HLMS;MeshLodGenerator;Overlay;Paging;Property;RTShaderSystem;Terrain;Volume
[6.033s] --   plugins    : Plugin_BSPSceneManager;Plugin_OctreeSceneManager;Plugin_PCZSceneManager;Plugin_ParticleFX;RenderSystem_GL;RenderSystem_GL3Plus;Codec_STBI
[6.033s] --   media      : /opt/ros/humble/opt/rviz_ogre_vendor/share/OGRE/Media
[6.033s] -- OGRE_LIBRARIES: OgreHLMS;OgreMeshLodGenerator;OgreOverlay;OgrePaging;OgreProperty;OgreRTShaderSystem;OgreTerrain;OgreVolume;OgreMain
[6.033s] -- OGRE_LIBRARY_DIRS: /opt/ros/humble/opt/rviz_ogre_vendor/lib
[6.033s] -- OGRE_PLUGINS: Plugin_BSPSceneManager;Plugin_OctreeSceneManager;Plugin_PCZSceneManager;Plugin_ParticleFX;RenderSystem_GL;RenderSystem_GL3Plus;Codec_STBI
[6.033s] -- OGRE_PLUGIN_DIR: /opt/ros/humble/opt/rviz_ogre_vendor/lib/OGRE
[6.033s] -- rviz_ogre_vendor::OgreOverlay for IMPORTED_LOCATION_RELEASE: /opt/ros/humble/opt/rviz_ogre_vendor/lib/libOgreOverlay.so
[6.033s] -- rviz_ogre_vendor::OgreOverlay for IMPORTED_LOCATION_DEBUG: /opt/ros/humble/opt/rviz_ogre_vendor/lib/libOgreOverlay.so
[6.033s] -- rviz_ogre_vendor::OgreMain for IMPORTED_LOCATION_RELEASE: /opt/ros/humble/opt/rviz_ogre_vendor/lib/libOgreMain.so
[6.033s] -- rviz_ogre_vendor::OgreMain for IMPORTED_LOCATION_DEBUG: /opt/ros/humble/opt/rviz_ogre_vendor/lib/libOgreMain.so
[6.061s] -- Found ZLIB: /usr/lib/x86_64-linux-gnu/libz.so (found version "1.2.11") 
[6.067s] -- Found OpenGL: /usr/lib/x86_64-linux-gnu/libOpenGL.so   
[6.217s] -- Found X11: /usr/include   
[6.218s] -- Looking for XOpenDisplay in /usr/lib/x86_64-linux-gnu/libX11.so;/usr/lib/x86_64-linux-gnu/libXext.so
[6.372s] -- Looking for XOpenDisplay in /usr/lib/x86_64-linux-gnu/libX11.so;/usr/lib/x86_64-linux-gnu/libXext.so - found
[6.372s] -- Looking for gethostbyname
[6.510s] -- Looking for gethostbyname - found
[6.510s] -- Looking for connect
[6.650s] -- Looking for connect - found
[6.651s] -- Looking for remove
[6.786s] -- Looking for remove - found
[6.786s] -- Looking for shmat
[6.925s] -- Looking for shmat - found
[6.926s] -- Looking for IceConnectionNumber in ICE
[7.056s] -- Looking for IceConnectionNumber in ICE - found
[7.058s] -- rviz_ogre_vendor::RenderSystem_GL for IMPORTED_LOCATION_RELEASE: _render_system_gl_static_library_abs-NOTFOUND
[7.058s] -- rviz_ogre_vendor::RenderSystem_GL for IMPORTED_LOCATION_DEBUG: _render_system_gl_static_library_abs-NOTFOUND
[7.826s] -- Found moveit_setup_srdf_plugins: 2.5.5 (/home/thisum/my_ws/install/moveit_setup_srdf_plugins/share/moveit_setup_srdf_plugins/cmake)
[7.853s] -- Found ament_lint_auto: 0.12.11 (/opt/ros/humble/share/ament_lint_auto/cmake)
[7.913s] -- Added test 'lint_cmake' to check CMake code style
[7.915s] -- Added test 'xmllint' to check XML markup files
[7.918s] -- Configuring done
[8.041s] -- Generating done
[8.045s] -- Build files have been written to: /home/thisum/my_ws/build/moveit_setup_assistant
[8.066s] Invoked command in '/home/thisum/my_ws/build/moveit_setup_assistant' returned '0': AMENT_PREFIX_PATH=/home/thisum/my_ws/install/moveit_setup_srdf_plugins:/home/thisum/my_ws/install/moveit_setup_core_plugins:/home/thisum/my_ws/install/moveit_setup_controllers:/home/thisum/my_ws/install/moveit_setup_app_plugins:/home/thisum/my_ws/install/moveit_setup_framework:/home/thisum/my_ws/install/moveit_ros_visualization:/home/thisum/my_ws/install/moveit_ros_planning_interface:/home/thisum/my_ws/install/moveit_ros_move_group:/home/thisum/my_ws/install/moveit_ros_warehouse:/home/thisum/my_ws/install/moveit_ros_robot_interaction:/home/thisum/my_ws/install/moveit_planners_ompl:/home/thisum/my_ws/install/moveit_kinematics:/home/thisum/my_ws/install/moveit_ros_planning:/home/thisum/my_ws/install/moveit_simple_controller_manager:/home/thisum/my_ws/install/moveit_ros_occupancy_map_monitor:/home/thisum/my_ws/install/moveit_core:/home/thisum/my_ws/install/moveit_resources_panda_moveit_config:/home/thisum/my_ws/install/moveit_resources_fanuc_moveit_config:/home/thisum/my_ws/install/moveit_configs_utils:/home/thisum/my_ws/install/srdfdom:/home/thisum/my_ws/install/moveit_resources_pr2_description:/home/thisum/my_ws/install/moveit_resources_panda_description:/home/thisum/my_ws/install/moveit_resources_fanuc_description:/home/thisum/my_ws/install/moveit_common:/home/thisum/my_ws/install/launch_param_builder:${AMENT_PREFIX_PATH} CMAKE_PREFIX_PATH=/home/thisum/my_ws/install/moveit_setup_srdf_plugins:/home/thisum/my_ws/install/moveit_setup_core_plugins:/home/thisum/my_ws/install/moveit_setup_controllers:/home/thisum/my_ws/install/moveit_setup_app_plugins:/home/thisum/my_ws/install/moveit_setup_framework:/home/thisum/my_ws/install/moveit_ros_visualization:/home/thisum/my_ws/install/moveit_ros_planning_interface:/home/thisum/my_ws/install/moveit_ros_move_group:/home/thisum/my_ws/install/moveit_ros_warehouse:/home/thisum/my_ws/install/moveit_ros_robot_interaction:/home/thisum/my_ws/install/moveit_planners_ompl:/home/thisum/my_ws/install/moveit_kinematics:/home/thisum/my_ws/install/moveit_ros_planning:/home/thisum/my_ws/install/moveit_simple_controller_manager:/home/thisum/my_ws/install/moveit_ros_occupancy_map_monitor:/home/thisum/my_ws/install/moveit_core:/home/thisum/my_ws/install/moveit_resources_panda_moveit_config:/home/thisum/my_ws/install/moveit_resources_fanuc_moveit_config:/home/thisum/my_ws/install/srdfdom:/home/thisum/my_ws/install/moveit_resources_pr2_description:/home/thisum/my_ws/install/moveit_resources_panda_description:/home/thisum/my_ws/install/moveit_resources_fanuc_description:/home/thisum/my_ws/install/moveit_common:/opt/ros/humble LD_LIBRARY_PATH=/home/thisum/my_ws/install/moveit_setup_srdf_plugins/lib:/home/thisum/my_ws/install/moveit_setup_core_plugins/lib:/home/thisum/my_ws/install/moveit_setup_controllers/lib:/home/thisum/my_ws/install/moveit_setup_app_plugins/lib:/home/thisum/my_ws/install/moveit_setup_framework/lib:/home/thisum/my_ws/install/moveit_ros_visualization/lib:/home/thisum/my_ws/install/moveit_ros_planning_interface/lib:/home/thisum/my_ws/install/moveit_ros_move_group/lib:/home/thisum/my_ws/install/moveit_ros_warehouse/lib:/home/thisum/my_ws/install/moveit_ros_robot_interaction/lib:/home/thisum/my_ws/install/moveit_planners_ompl/lib:/home/thisum/my_ws/install/moveit_kinematics/lib:/home/thisum/my_ws/install/moveit_ros_planning/lib:/home/thisum/my_ws/install/moveit_simple_controller_manager/lib:/home/thisum/my_ws/install/moveit_ros_occupancy_map_monitor/lib:/home/thisum/my_ws/install/moveit_core/lib:/home/thisum/my_ws/install/srdfdom/lib:${LD_LIBRARY_PATH} PATH=/home/thisum/my_ws/install/moveit_core/bin:${PATH} PYTHONPATH=/home/thisum/my_ws/install/moveit_configs_utils/lib/python3.10/site-packages:/home/thisum/my_ws/install/srdfdom/local/lib/python3.10/dist-packages:/home/thisum/my_ws/install/launch_param_builder/lib/python3.10/site-packages:${PYTHONPATH} /usr/bin/cmake /home/thisum/my_ws/src/moveit2/moveit_setup_assistant/moveit_setup_assistant -DCMAKE_BUILD_TYPE=Release -DCMAKE_INSTALL_PREFIX=/home/thisum/my_ws/install/moveit_setup_assistant
[8.067s] Invoking command in '/home/thisum/my_ws/build/moveit_setup_assistant': AMENT_PREFIX_PATH=/home/thisum/my_ws/install/moveit_setup_srdf_plugins:/home/thisum/my_ws/install/moveit_setup_core_plugins:/home/thisum/my_ws/install/moveit_setup_controllers:/home/thisum/my_ws/install/moveit_setup_app_plugins:/home/thisum/my_ws/install/moveit_setup_framework:/home/thisum/my_ws/install/moveit_ros_visualization:/home/thisum/my_ws/install/moveit_ros_planning_interface:/home/thisum/my_ws/install/moveit_ros_move_group:/home/thisum/my_ws/install/moveit_ros_warehouse:/home/thisum/my_ws/install/moveit_ros_robot_interaction:/home/thisum/my_ws/install/moveit_planners_ompl:/home/thisum/my_ws/install/moveit_kinematics:/home/thisum/my_ws/install/moveit_ros_planning:/home/thisum/my_ws/install/moveit_simple_controller_manager:/home/thisum/my_ws/install/moveit_ros_occupancy_map_monitor:/home/thisum/my_ws/install/moveit_core:/home/thisum/my_ws/install/moveit_resources_panda_moveit_config:/home/thisum/my_ws/install/moveit_resources_fanuc_moveit_config:/home/thisum/my_ws/install/moveit_configs_utils:/home/thisum/my_ws/install/srdfdom:/home/thisum/my_ws/install/moveit_resources_pr2_description:/home/thisum/my_ws/install/moveit_resources_panda_description:/home/thisum/my_ws/install/moveit_resources_fanuc_description:/home/thisum/my_ws/install/moveit_common:/home/thisum/my_ws/install/launch_param_builder:${AMENT_PREFIX_PATH} CMAKE_PREFIX_PATH=/home/thisum/my_ws/install/moveit_setup_srdf_plugins:/home/thisum/my_ws/install/moveit_setup_core_plugins:/home/thisum/my_ws/install/moveit_setup_controllers:/home/thisum/my_ws/install/moveit_setup_app_plugins:/home/thisum/my_ws/install/moveit_setup_framework:/home/thisum/my_ws/install/moveit_ros_visualization:/home/thisum/my_ws/install/moveit_ros_planning_interface:/home/thisum/my_ws/install/moveit_ros_move_group:/home/thisum/my_ws/install/moveit_ros_warehouse:/home/thisum/my_ws/install/moveit_ros_robot_interaction:/home/thisum/my_ws/install/moveit_planners_ompl:/home/thisum/my_ws/install/moveit_kinematics:/home/thisum/my_ws/install/moveit_ros_planning:/home/thisum/my_ws/install/moveit_simple_controller_manager:/home/thisum/my_ws/install/moveit_ros_occupancy_map_monitor:/home/thisum/my_ws/install/moveit_core:/home/thisum/my_ws/install/moveit_resources_panda_moveit_config:/home/thisum/my_ws/install/moveit_resources_fanuc_moveit_config:/home/thisum/my_ws/install/srdfdom:/home/thisum/my_ws/install/moveit_resources_pr2_description:/home/thisum/my_ws/install/moveit_resources_panda_description:/home/thisum/my_ws/install/moveit_resources_fanuc_description:/home/thisum/my_ws/install/moveit_common:/opt/ros/humble LD_LIBRARY_PATH=/home/thisum/my_ws/install/moveit_setup_srdf_plugins/lib:/home/thisum/my_ws/install/moveit_setup_core_plugins/lib:/home/thisum/my_ws/install/moveit_setup_controllers/lib:/home/thisum/my_ws/install/moveit_setup_app_plugins/lib:/home/thisum/my_ws/install/moveit_setup_framework/lib:/home/thisum/my_ws/install/moveit_ros_visualization/lib:/home/thisum/my_ws/install/moveit_ros_planning_interface/lib:/home/thisum/my_ws/install/moveit_ros_move_group/lib:/home/thisum/my_ws/install/moveit_ros_warehouse/lib:/home/thisum/my_ws/install/moveit_ros_robot_interaction/lib:/home/thisum/my_ws/install/moveit_planners_ompl/lib:/home/thisum/my_ws/install/moveit_kinematics/lib:/home/thisum/my_ws/install/moveit_ros_planning/lib:/home/thisum/my_ws/install/moveit_simple_controller_manager/lib:/home/thisum/my_ws/install/moveit_ros_occupancy_map_monitor/lib:/home/thisum/my_ws/install/moveit_core/lib:/home/thisum/my_ws/install/srdfdom/lib:${LD_LIBRARY_PATH} PATH=/home/thisum/my_ws/install/moveit_core/bin:${PATH} PYTHONPATH=/home/thisum/my_ws/install/moveit_configs_utils/lib/python3.10/site-packages:/home/thisum/my_ws/install/srdfdom/local/lib/python3.10/dist-packages:/home/thisum/my_ws/install/launch_param_builder/lib/python3.10/site-packages:${PYTHONPATH} /usr/bin/cmake --build /home/thisum/my_ws/build/moveit_setup_assistant -- -j6 -l6
[8.170s] [ 14%] [34m[1mAutomatic MOC for target moveit_setup_assistant_updater[0m
[8.170s] [ 14%] [34m[1mAutomatic MOC for target moveit_setup_assistant[0m
[8.232s] [ 14%] Built target moveit_setup_assistant_autogen
[8.240s] [ 14%] Built target moveit_setup_assistant_updater_autogen
[8.252s] [ 28%] [34m[1mGenerating include/moveit_setup_assistant/moc_navigation_widget.cpp[0m
[8.252s] [ 28%] [34m[1mGenerating include/moveit_setup_assistant/moc_setup_assistant_widget.cpp[0m
[8.281s] [ 35%] [32mBuilding CXX object CMakeFiles/moveit_setup_assistant_updater.dir/moveit_setup_assistant_updater_autogen/mocs_compilation.cpp.o[0m
[8.281s] [ 42%] [32mBuilding CXX object CMakeFiles/moveit_setup_assistant_updater.dir/src/collisions_updater.cpp.o[0m
[8.300s] [ 50%] [32mBuilding CXX object CMakeFiles/moveit_setup_assistant.dir/src/main.cpp.o[0m
[8.300s] [ 71%] [32mBuilding CXX object CMakeFiles/moveit_setup_assistant.dir/moveit_setup_assistant_autogen/mocs_compilation.cpp.o[0m
[8.300s] [ 71%] [32mBuilding CXX object CMakeFiles/moveit_setup_assistant.dir/src/setup_assistant_widget.cpp.o[0m
[8.300s] [ 71%] [32mBuilding CXX object CMakeFiles/moveit_setup_assistant.dir/src/navigation_widget.cpp.o[0m
[8.366s] [ 78%] [32mBuilding CXX object CMakeFiles/moveit_setup_assistant.dir/include/moveit_setup_assistant/moc_navigation_widget.cpp.o[0m
[8.377s] [ 85%] [32mBuilding CXX object CMakeFiles/moveit_setup_assistant.dir/include/moveit_setup_assistant/moc_setup_assistant_widget.cpp.o[0m
[25.241s] [ 92%] [32m[1mLinking CXX executable collisions_updater[0m
[26.088s] [ 92%] Built target moveit_setup_assistant_updater
[28.248s] [100%] [32m[1mLinking CXX executable moveit_setup_assistant[0m
[29.452s] [100%] Built target moveit_setup_assistant
[29.473s] Invoked command in '/home/thisum/my_ws/build/moveit_setup_assistant' returned '0': AMENT_PREFIX_PATH=/home/thisum/my_ws/install/moveit_setup_srdf_plugins:/home/thisum/my_ws/install/moveit_setup_core_plugins:/home/thisum/my_ws/install/moveit_setup_controllers:/home/thisum/my_ws/install/moveit_setup_app_plugins:/home/thisum/my_ws/install/moveit_setup_framework:/home/thisum/my_ws/install/moveit_ros_visualization:/home/thisum/my_ws/install/moveit_ros_planning_interface:/home/thisum/my_ws/install/moveit_ros_move_group:/home/thisum/my_ws/install/moveit_ros_warehouse:/home/thisum/my_ws/install/moveit_ros_robot_interaction:/home/thisum/my_ws/install/moveit_planners_ompl:/home/thisum/my_ws/install/moveit_kinematics:/home/thisum/my_ws/install/moveit_ros_planning:/home/thisum/my_ws/install/moveit_simple_controller_manager:/home/thisum/my_ws/install/moveit_ros_occupancy_map_monitor:/home/thisum/my_ws/install/moveit_core:/home/thisum/my_ws/install/moveit_resources_panda_moveit_config:/home/thisum/my_ws/install/moveit_resources_fanuc_moveit_config:/home/thisum/my_ws/install/moveit_configs_utils:/home/thisum/my_ws/install/srdfdom:/home/thisum/my_ws/install/moveit_resources_pr2_description:/home/thisum/my_ws/install/moveit_resources_panda_description:/home/thisum/my_ws/install/moveit_resources_fanuc_description:/home/thisum/my_ws/install/moveit_common:/home/thisum/my_ws/install/launch_param_builder:${AMENT_PREFIX_PATH} CMAKE_PREFIX_PATH=/home/thisum/my_ws/install/moveit_setup_srdf_plugins:/home/thisum/my_ws/install/moveit_setup_core_plugins:/home/thisum/my_ws/install/moveit_setup_controllers:/home/thisum/my_ws/install/moveit_setup_app_plugins:/home/thisum/my_ws/install/moveit_setup_framework:/home/thisum/my_ws/install/moveit_ros_visualization:/home/thisum/my_ws/install/moveit_ros_planning_interface:/home/thisum/my_ws/install/moveit_ros_move_group:/home/thisum/my_ws/install/moveit_ros_warehouse:/home/thisum/my_ws/install/moveit_ros_robot_interaction:/home/thisum/my_ws/install/moveit_planners_ompl:/home/thisum/my_ws/install/moveit_kinematics:/home/thisum/my_ws/install/moveit_ros_planning:/home/thisum/my_ws/install/moveit_simple_controller_manager:/home/thisum/my_ws/install/moveit_ros_occupancy_map_monitor:/home/thisum/my_ws/install/moveit_core:/home/thisum/my_ws/install/moveit_resources_panda_moveit_config:/home/thisum/my_ws/install/moveit_resources_fanuc_moveit_config:/home/thisum/my_ws/install/srdfdom:/home/thisum/my_ws/install/moveit_resources_pr2_description:/home/thisum/my_ws/install/moveit_resources_panda_description:/home/thisum/my_ws/install/moveit_resources_fanuc_description:/home/thisum/my_ws/install/moveit_common:/opt/ros/humble LD_LIBRARY_PATH=/home/thisum/my_ws/install/moveit_setup_srdf_plugins/lib:/home/thisum/my_ws/install/moveit_setup_core_plugins/lib:/home/thisum/my_ws/install/moveit_setup_controllers/lib:/home/thisum/my_ws/install/moveit_setup_app_plugins/lib:/home/thisum/my_ws/install/moveit_setup_framework/lib:/home/thisum/my_ws/install/moveit_ros_visualization/lib:/home/thisum/my_ws/install/moveit_ros_planning_interface/lib:/home/thisum/my_ws/install/moveit_ros_move_group/lib:/home/thisum/my_ws/install/moveit_ros_warehouse/lib:/home/thisum/my_ws/install/moveit_ros_robot_interaction/lib:/home/thisum/my_ws/install/moveit_planners_ompl/lib:/home/thisum/my_ws/install/moveit_kinematics/lib:/home/thisum/my_ws/install/moveit_ros_planning/lib:/home/thisum/my_ws/install/moveit_simple_controller_manager/lib:/home/thisum/my_ws/install/moveit_ros_occupancy_map_monitor/lib:/home/thisum/my_ws/install/moveit_core/lib:/home/thisum/my_ws/install/srdfdom/lib:${LD_LIBRARY_PATH} PATH=/home/thisum/my_ws/install/moveit_core/bin:${PATH} PYTHONPATH=/home/thisum/my_ws/install/moveit_configs_utils/lib/python3.10/site-packages:/home/thisum/my_ws/install/srdfdom/local/lib/python3.10/dist-packages:/home/thisum/my_ws/install/launch_param_builder/lib/python3.10/site-packages:${PYTHONPATH} /usr/bin/cmake --build /home/thisum/my_ws/build/moveit_setup_assistant -- -j6 -l6
[29.569s] Invoking command in '/home/thisum/my_ws/build/moveit_setup_assistant': AMENT_PREFIX_PATH=/home/thisum/my_ws/install/moveit_setup_srdf_plugins:/home/thisum/my_ws/install/moveit_setup_core_plugins:/home/thisum/my_ws/install/moveit_setup_controllers:/home/thisum/my_ws/install/moveit_setup_app_plugins:/home/thisum/my_ws/install/moveit_setup_framework:/home/thisum/my_ws/install/moveit_ros_visualization:/home/thisum/my_ws/install/moveit_ros_planning_interface:/home/thisum/my_ws/install/moveit_ros_move_group:/home/thisum/my_ws/install/moveit_ros_warehouse:/home/thisum/my_ws/install/moveit_ros_robot_interaction:/home/thisum/my_ws/install/moveit_planners_ompl:/home/thisum/my_ws/install/moveit_kinematics:/home/thisum/my_ws/install/moveit_ros_planning:/home/thisum/my_ws/install/moveit_simple_controller_manager:/home/thisum/my_ws/install/moveit_ros_occupancy_map_monitor:/home/thisum/my_ws/install/moveit_core:/home/thisum/my_ws/install/moveit_resources_panda_moveit_config:/home/thisum/my_ws/install/moveit_resources_fanuc_moveit_config:/home/thisum/my_ws/install/moveit_configs_utils:/home/thisum/my_ws/install/srdfdom:/home/thisum/my_ws/install/moveit_resources_pr2_description:/home/thisum/my_ws/install/moveit_resources_panda_description:/home/thisum/my_ws/install/moveit_resources_fanuc_description:/home/thisum/my_ws/install/moveit_common:/home/thisum/my_ws/install/launch_param_builder:${AMENT_PREFIX_PATH} CMAKE_PREFIX_PATH=/home/thisum/my_ws/install/moveit_setup_srdf_plugins:/home/thisum/my_ws/install/moveit_setup_core_plugins:/home/thisum/my_ws/install/moveit_setup_controllers:/home/thisum/my_ws/install/moveit_setup_app_plugins:/home/thisum/my_ws/install/moveit_setup_framework:/home/thisum/my_ws/install/moveit_ros_visualization:/home/thisum/my_ws/install/moveit_ros_planning_interface:/home/thisum/my_ws/install/moveit_ros_move_group:/home/thisum/my_ws/install/moveit_ros_warehouse:/home/thisum/my_ws/install/moveit_ros_robot_interaction:/home/thisum/my_ws/install/moveit_planners_ompl:/home/thisum/my_ws/install/moveit_kinematics:/home/thisum/my_ws/install/moveit_ros_planning:/home/thisum/my_ws/install/moveit_simple_controller_manager:/home/thisum/my_ws/install/moveit_ros_occupancy_map_monitor:/home/thisum/my_ws/install/moveit_core:/home/thisum/my_ws/install/moveit_resources_panda_moveit_config:/home/thisum/my_ws/install/moveit_resources_fanuc_moveit_config:/home/thisum/my_ws/install/srdfdom:/home/thisum/my_ws/install/moveit_resources_pr2_description:/home/thisum/my_ws/install/moveit_resources_panda_description:/home/thisum/my_ws/install/moveit_resources_fanuc_description:/home/thisum/my_ws/install/moveit_common:/opt/ros/humble LD_LIBRARY_PATH=/home/thisum/my_ws/install/moveit_setup_srdf_plugins/lib:/home/thisum/my_ws/install/moveit_setup_core_plugins/lib:/home/thisum/my_ws/install/moveit_setup_controllers/lib:/home/thisum/my_ws/install/moveit_setup_app_plugins/lib:/home/thisum/my_ws/install/moveit_setup_framework/lib:/home/thisum/my_ws/install/moveit_ros_visualization/lib:/home/thisum/my_ws/install/moveit_ros_planning_interface/lib:/home/thisum/my_ws/install/moveit_ros_move_group/lib:/home/thisum/my_ws/install/moveit_ros_warehouse/lib:/home/thisum/my_ws/install/moveit_ros_robot_interaction/lib:/home/thisum/my_ws/install/moveit_planners_ompl/lib:/home/thisum/my_ws/install/moveit_kinematics/lib:/home/thisum/my_ws/install/moveit_ros_planning/lib:/home/thisum/my_ws/install/moveit_simple_controller_manager/lib:/home/thisum/my_ws/install/moveit_ros_occupancy_map_monitor/lib:/home/thisum/my_ws/install/moveit_core/lib:/home/thisum/my_ws/install/srdfdom/lib:${LD_LIBRARY_PATH} PATH=/home/thisum/my_ws/install/moveit_core/bin:${PATH} PYTHONPATH=/home/thisum/my_ws/install/moveit_configs_utils/lib/python3.10/site-packages:/home/thisum/my_ws/install/srdfdom/local/lib/python3.10/dist-packages:/home/thisum/my_ws/install/launch_param_builder/lib/python3.10/site-packages:${PYTHONPATH} /usr/bin/cmake --install /home/thisum/my_ws/build/moveit_setup_assistant
[29.580s] -- Install configuration: "Release"
[29.580s] -- Installing: /home/thisum/my_ws/install/moveit_setup_assistant/lib/moveit_setup_assistant/moveit_setup_assistant
[29.582s] -- Set runtime path of "/home/thisum/my_ws/install/moveit_setup_assistant/lib/moveit_setup_assistant/moveit_setup_assistant" to ""
[29.584s] -- Installing: /home/thisum/my_ws/install/moveit_setup_assistant/lib/moveit_setup_assistant/collisions_updater
[29.584s] -- Set runtime path of "/home/thisum/my_ws/install/moveit_setup_assistant/lib/moveit_setup_assistant/collisions_updater" to ""
[29.584s] -- Installing: /home/thisum/my_ws/install/moveit_setup_assistant/include
[29.584s] -- Installing: /home/thisum/my_ws/install/moveit_setup_assistant/include/moveit_setup_assistant
[29.584s] -- Installing: /home/thisum/my_ws/install/moveit_setup_assistant/include/moveit_setup_assistant/setup_assistant_widget.hpp
[29.584s] -- Installing: /home/thisum/my_ws/install/moveit_setup_assistant/include/moveit_setup_assistant/navigation_widget.hpp
[29.585s] -- Installing: /home/thisum/my_ws/install/moveit_setup_assistant/share/moveit_setup_assistant/launch
[29.585s] -- Installing: /home/thisum/my_ws/install/moveit_setup_assistant/share/moveit_setup_assistant/launch/setup_assistant.launch.py
[29.592s] -- Installing: /home/thisum/my_ws/install/moveit_setup_assistant/share/moveit_setup_assistant/resources
[29.593s] -- Installing: /home/thisum/my_ws/install/moveit_setup_assistant/share/moveit_setup_assistant/resources/MoveIt_Setup_Assistant2.png
[29.597s] -- Installing: /home/thisum/my_ws/install/moveit_setup_assistant/share/moveit_setup_assistant/environment/library_path.sh
[29.597s] -- Installing: /home/thisum/my_ws/install/moveit_setup_assistant/share/moveit_setup_assistant/environment/library_path.dsv
[29.597s] -- Installing: /home/thisum/my_ws/install/moveit_setup_assistant/share/ament_index/resource_index/package_run_dependencies/moveit_setup_assistant
[29.597s] -- Installing: /home/thisum/my_ws/install/moveit_setup_assistant/share/ament_index/resource_index/parent_prefix_path/moveit_setup_assistant
[29.597s] -- Installing: /home/thisum/my_ws/install/moveit_setup_assistant/share/moveit_setup_assistant/environment/ament_prefix_path.sh
[29.598s] -- Installing: /home/thisum/my_ws/install/moveit_setup_assistant/share/moveit_setup_assistant/environment/ament_prefix_path.dsv
[29.598s] -- Installing: /home/thisum/my_ws/install/moveit_setup_assistant/share/moveit_setup_assistant/environment/path.sh
[29.598s] -- Installing: /home/thisum/my_ws/install/moveit_setup_assistant/share/moveit_setup_assistant/environment/path.dsv
[29.598s] -- Installing: /home/thisum/my_ws/install/moveit_setup_assistant/share/moveit_setup_assistant/local_setup.bash
[29.598s] -- Installing: /home/thisum/my_ws/install/moveit_setup_assistant/share/moveit_setup_assistant/local_setup.sh
[29.598s] -- Installing: /home/thisum/my_ws/install/moveit_setup_assistant/share/moveit_setup_assistant/local_setup.zsh
[29.599s] -- Installing: /home/thisum/my_ws/install/moveit_setup_assistant/share/moveit_setup_assistant/local_setup.dsv
[29.599s] -- Installing: /home/thisum/my_ws/install/moveit_setup_assistant/share/moveit_setup_assistant/package.dsv
[29.599s] -- Installing: /home/thisum/my_ws/install/moveit_setup_assistant/share/ament_index/resource_index/packages/moveit_setup_assistant
[29.600s] -- Installing: /home/thisum/my_ws/install/moveit_setup_assistant/share/moveit_setup_assistant/cmake/moveit_setup_assistantTargetsExport.cmake
[29.600s] -- Installing: /home/thisum/my_ws/install/moveit_setup_assistant/share/moveit_setup_assistant/cmake/moveit_setup_assistantTargetsExport-release.cmake
[29.600s] -- Installing: /home/thisum/my_ws/install/moveit_setup_assistant/share/moveit_setup_assistant/cmake/ament_cmake_export_include_directories-extras.cmake
[29.601s] -- Installing: /home/thisum/my_ws/install/moveit_setup_assistant/share/moveit_setup_assistant/cmake/ament_cmake_export_targets-extras.cmake
[29.601s] -- Installing: /home/thisum/my_ws/install/moveit_setup_assistant/share/moveit_setup_assistant/cmake/ament_cmake_export_dependencies-extras.cmake
[29.601s] -- Installing: /home/thisum/my_ws/install/moveit_setup_assistant/share/moveit_setup_assistant/cmake/moveit_setup_assistantConfig.cmake
[29.601s] -- Installing: /home/thisum/my_ws/install/moveit_setup_assistant/share/moveit_setup_assistant/cmake/moveit_setup_assistantConfig-version.cmake
[29.602s] -- Installing: /home/thisum/my_ws/install/moveit_setup_assistant/share/moveit_setup_assistant/package.xml
[29.606s] Invoked command in '/home/thisum/my_ws/build/moveit_setup_assistant' returned '0': AMENT_PREFIX_PATH=/home/thisum/my_ws/install/moveit_setup_srdf_plugins:/home/thisum/my_ws/install/moveit_setup_core_plugins:/home/thisum/my_ws/install/moveit_setup_controllers:/home/thisum/my_ws/install/moveit_setup_app_plugins:/home/thisum/my_ws/install/moveit_setup_framework:/home/thisum/my_ws/install/moveit_ros_visualization:/home/thisum/my_ws/install/moveit_ros_planning_interface:/home/thisum/my_ws/install/moveit_ros_move_group:/home/thisum/my_ws/install/moveit_ros_warehouse:/home/thisum/my_ws/install/moveit_ros_robot_interaction:/home/thisum/my_ws/install/moveit_planners_ompl:/home/thisum/my_ws/install/moveit_kinematics:/home/thisum/my_ws/install/moveit_ros_planning:/home/thisum/my_ws/install/moveit_simple_controller_manager:/home/thisum/my_ws/install/moveit_ros_occupancy_map_monitor:/home/thisum/my_ws/install/moveit_core:/home/thisum/my_ws/install/moveit_resources_panda_moveit_config:/home/thisum/my_ws/install/moveit_resources_fanuc_moveit_config:/home/thisum/my_ws/install/moveit_configs_utils:/home/thisum/my_ws/install/srdfdom:/home/thisum/my_ws/install/moveit_resources_pr2_description:/home/thisum/my_ws/install/moveit_resources_panda_description:/home/thisum/my_ws/install/moveit_resources_fanuc_description:/home/thisum/my_ws/install/moveit_common:/home/thisum/my_ws/install/launch_param_builder:${AMENT_PREFIX_PATH} CMAKE_PREFIX_PATH=/home/thisum/my_ws/install/moveit_setup_srdf_plugins:/home/thisum/my_ws/install/moveit_setup_core_plugins:/home/thisum/my_ws/install/moveit_setup_controllers:/home/thisum/my_ws/install/moveit_setup_app_plugins:/home/thisum/my_ws/install/moveit_setup_framework:/home/thisum/my_ws/install/moveit_ros_visualization:/home/thisum/my_ws/install/moveit_ros_planning_interface:/home/thisum/my_ws/install/moveit_ros_move_group:/home/thisum/my_ws/install/moveit_ros_warehouse:/home/thisum/my_ws/install/moveit_ros_robot_interaction:/home/thisum/my_ws/install/moveit_planners_ompl:/home/thisum/my_ws/install/moveit_kinematics:/home/thisum/my_ws/install/moveit_ros_planning:/home/thisum/my_ws/install/moveit_simple_controller_manager:/home/thisum/my_ws/install/moveit_ros_occupancy_map_monitor:/home/thisum/my_ws/install/moveit_core:/home/thisum/my_ws/install/moveit_resources_panda_moveit_config:/home/thisum/my_ws/install/moveit_resources_fanuc_moveit_config:/home/thisum/my_ws/install/srdfdom:/home/thisum/my_ws/install/moveit_resources_pr2_description:/home/thisum/my_ws/install/moveit_resources_panda_description:/home/thisum/my_ws/install/moveit_resources_fanuc_description:/home/thisum/my_ws/install/moveit_common:/opt/ros/humble LD_LIBRARY_PATH=/home/thisum/my_ws/install/moveit_setup_srdf_plugins/lib:/home/thisum/my_ws/install/moveit_setup_core_plugins/lib:/home/thisum/my_ws/install/moveit_setup_controllers/lib:/home/thisum/my_ws/install/moveit_setup_app_plugins/lib:/home/thisum/my_ws/install/moveit_setup_framework/lib:/home/thisum/my_ws/install/moveit_ros_visualization/lib:/home/thisum/my_ws/install/moveit_ros_planning_interface/lib:/home/thisum/my_ws/install/moveit_ros_move_group/lib:/home/thisum/my_ws/install/moveit_ros_warehouse/lib:/home/thisum/my_ws/install/moveit_ros_robot_interaction/lib:/home/thisum/my_ws/install/moveit_planners_ompl/lib:/home/thisum/my_ws/install/moveit_kinematics/lib:/home/thisum/my_ws/install/moveit_ros_planning/lib:/home/thisum/my_ws/install/moveit_simple_controller_manager/lib:/home/thisum/my_ws/install/moveit_ros_occupancy_map_monitor/lib:/home/thisum/my_ws/install/moveit_core/lib:/home/thisum/my_ws/install/srdfdom/lib:${LD_LIBRARY_PATH} PATH=/home/thisum/my_ws/install/moveit_core/bin:${PATH} PYTHONPATH=/home/thisum/my_ws/install/moveit_configs_utils/lib/python3.10/site-packages:/home/thisum/my_ws/install/srdfdom/local/lib/python3.10/dist-packages:/home/thisum/my_ws/install/launch_param_builder/lib/python3.10/site-packages:${PYTHONPATH} /usr/bin/cmake --install /home/thisum/my_ws/build/moveit_setup_assistant
