-- Found ament_cmake: 1.3.9 (/opt/ros/humble/share/ament_cmake/cmake)
-- Found generate_parameter_library: 0.3.8 (/opt/ros/humble/share/generate_parameter_library/cmake)
-- Found parameter_traits: 0.3.8 (/opt/ros/humble/share/parameter_traits/cmake)
-- Found rosidl_generator_c: 3.1.5 (/opt/ros/humble/share/rosidl_generator_c/cmake)
-- Found rosidl_adapter: 3.1.5 (/opt/ros/humble/share/rosidl_adapter/cmake)
-- Found rosidl_generator_cpp: 3.1.5 (/opt/ros/humble/share/rosidl_generator_cpp/cmake)
-- Using all available rosidl_typesupport_c: rosidl_typesupport_fastrtps_c;rosidl_typesupport_introspection_c
-- Using all available rosidl_typesupport_cpp: rosidl_typesupport_fastrtps_cpp;rosidl_typesupport_introspection_cpp
-- Found rmw_implementation_cmake: 6.1.2 (/opt/ros/humble/share/rmw_implementation_cmake/cmake)
-- Found rmw_fastrtps_cpp: 6.2.6 (/opt/ros/humble/share/rmw_fastrtps_cpp/cmake)
-- Using RMW implementation 'rmw_fastrtps_cpp' as default
-- Found rclcpp_lifecycle: 16.0.9 (/opt/ros/humble/share/rclcpp_lifecycle/cmake)
-- Found moveit_common: 2.5.5 (/home/thisum/my_ws/install/moveit_common/share/moveit_common/cmake)
-- Could NOT find libbfd (missing: LIBBFD_LIBRARY LIBBFD_INCLUDE_DIR) 
-- BACKWARD_HAS_UNWIND=1
-- BACKWARD_HAS_BACKTRACE=0
-- BACKWARD_HAS_BACKTRACE_SYMBOL=0
-- BACKWARD_HAS_DW=1
-- BACKWARD_HAS_BFD=0
-- Found Backward: /opt/ros/humble/share/backward_ros/cmake  
-- Found moveit_core: 2.5.5 (/home/thisum/my_ws/install/moveit_core/share/moveit_core/cmake)
-- Found Boost: /usr/lib/x86_64-linux-gnu/cmake/Boost-1.74.0/BoostConfig.cmake (found version "1.74.0") found components: chrono date_time filesystem iostreams program_options regex serialization system thread 
-- Found Boost: /usr/lib/x86_64-linux-gnu/cmake/Boost-1.74.0/BoostConfig.cmake (found version "1.74.0") found components: filesystem 
-- library: /usr/lib/x86_64-linux-gnu/libcurl.so
-- Ensuring Eigen3 include directory is part of orocos-kdl CMake target
-- Found moveit_ros_planning: 2.5.5 (/home/thisum/my_ws/install/moveit_ros_planning/share/moveit_ros_planning/cmake)
-- Found Boost: /usr/lib/x86_64-linux-gnu/cmake/Boost-1.74.0/BoostConfig.cmake (found version "1.74.0") found components: system filesystem date_time program_options thread chrono 
-- Found moveit_ros_planning_interface: 2.5.5 (/home/thisum/my_ws/install/moveit_ros_planning_interface/share/moveit_ros_planning_interface/cmake)
-- Found Boost: /usr/lib/x86_64-linux-gnu/cmake/Boost-1.74.0/BoostConfig.cmake (found version "1.74.0") found components: date_time filesystem program_options system thread 
-- Found Boost: /usr/lib/x86_64-linux-gnu/cmake/Boost-1.74.0/BoostConfig.cmake (found version "1.74.0") found components: thread system filesystem regex date_time program_options 
-- Found Boost: /usr/lib/x86_64-linux-gnu/cmake/Boost-1.74.0/BoostConfig.cmake (found version "1.74.0") found components: system filesystem date_time program_options thread 
-- Found moveit_task_constructor_core: 0.1.3 (/home/thisum/my_ws/install/moveit_task_constructor_core/share/moveit_task_constructor_core/cmake)
-- Configuring done
-- Generating done
-- Build files have been written to: /home/thisum/my_ws/build/moveit_task_constructor_demo
[35m[1mConsolidate compiler generated dependencies of target moveit_task_constructor_demo_cartesian[0m
[35m[1mConsolidate compiler generated dependencies of target moveit_task_constructor_demo_modular[0m
[35m[1mConsolidate compiler generated dependencies of target moveit_task_constructor_demo_alternative_path_costs[0m
[  6%] Built target pick_place_demo_parameters
[35m[1mConsolidate compiler generated dependencies of target moveit_task_constructor_demo_fallbacks_move_to[0m
[ 12%] [32m[1mLinking CXX executable modular[0m
[ 18%] [32m[1mLinking CXX executable alternative_path_costs[0m
[ 25%] [32m[1mLinking CXX executable cartesian[0m
[ 31%] [32m[1mLinking CXX executable fallbacks_move_to[0m
[35m[1mConsolidate compiler generated dependencies of target moveit_task_constructor_demo_pick_place_task[0m
[ 37%] [32m[1mLinking CXX shared library libmoveit_task_constructor_demo_pick_place_task.so[0m
[ 43%] Built target ik_clearance_cost_parameters
[35m[1mConsolidate compiler generated dependencies of target moveit_task_constructor_demo_ik_clearance_cost[0m
[ 50%] Built target moveit_task_constructor_demo_cartesian
[ 56%] [32m[1mLinking CXX executable ik_clearance_cost[0m
[ 62%] Built target moveit_task_constructor_demo_pick_place_task
[ 68%] Built target moveit_task_constructor_demo_modular
[ 75%] Built target moveit_task_constructor_demo_fallbacks_move_to
[ 81%] Built target moveit_task_constructor_demo_alternative_path_costs
[35m[1mConsolidate compiler generated dependencies of target moveit_task_constructor_demo_pick_place_demo[0m
[ 87%] Built target moveit_task_constructor_demo_ik_clearance_cost
[ 93%] [32m[1mLinking CXX executable pick_place_demo[0m
[100%] Built target moveit_task_constructor_demo_pick_place_demo
-- Install configuration: "Release"
-- Installing: /home/thisum/my_ws/install/moveit_task_constructor_demo/lib/libmoveit_task_constructor_demo_pick_place_task.so
-- Set runtime path of "/home/thisum/my_ws/install/moveit_task_constructor_demo/lib/libmoveit_task_constructor_demo_pick_place_task.so" to ""
-- Installing: /home/thisum/my_ws/install/moveit_task_constructor_demo/lib/moveit_task_constructor_demo/cartesian
-- Set runtime path of "/home/thisum/my_ws/install/moveit_task_constructor_demo/lib/moveit_task_constructor_demo/cartesian" to ""
-- Installing: /home/thisum/my_ws/install/moveit_task_constructor_demo/lib/moveit_task_constructor_demo/modular
-- Set runtime path of "/home/thisum/my_ws/install/moveit_task_constructor_demo/lib/moveit_task_constructor_demo/modular" to ""
-- Installing: /home/thisum/my_ws/install/moveit_task_constructor_demo/lib/moveit_task_constructor_demo/alternative_path_costs
-- Set runtime path of "/home/thisum/my_ws/install/moveit_task_constructor_demo/lib/moveit_task_constructor_demo/alternative_path_costs" to ""
-- Up-to-date: /home/thisum/my_ws/install/moveit_task_constructor_demo/include/ik_clearance_cost_parameters
-- Up-to-date: /home/thisum/my_ws/install/moveit_task_constructor_demo/include/ik_clearance_cost_parameters/ik_clearance_cost_parameters.hpp
-- Installing: /home/thisum/my_ws/install/moveit_task_constructor_demo/lib/moveit_task_constructor_demo/ik_clearance_cost
-- Set runtime path of "/home/thisum/my_ws/install/moveit_task_constructor_demo/lib/moveit_task_constructor_demo/ik_clearance_cost" to ""
-- Installing: /home/thisum/my_ws/install/moveit_task_constructor_demo/lib/moveit_task_constructor_demo/fallbacks_move_to
-- Set runtime path of "/home/thisum/my_ws/install/moveit_task_constructor_demo/lib/moveit_task_constructor_demo/fallbacks_move_to" to ""
-- Up-to-date: /home/thisum/my_ws/install/moveit_task_constructor_demo/include/pick_place_demo_parameters
-- Up-to-date: /home/thisum/my_ws/install/moveit_task_constructor_demo/include/pick_place_demo_parameters/pick_place_demo_parameters.hpp
-- Installing: /home/thisum/my_ws/install/moveit_task_constructor_demo/lib/moveit_task_constructor_demo/pick_place_demo
-- Set runtime path of "/home/thisum/my_ws/install/moveit_task_constructor_demo/lib/moveit_task_constructor_demo/pick_place_demo" to ""
-- Up-to-date: /home/thisum/my_ws/install/moveit_task_constructor_demo/lib/moveit_task_constructor_demo/alternatives.py
-- Up-to-date: /home/thisum/my_ws/install/moveit_task_constructor_demo/lib/moveit_task_constructor_demo/cartesian.py
-- Up-to-date: /home/thisum/my_ws/install/moveit_task_constructor_demo/lib/moveit_task_constructor_demo/compute_ik.py
-- Up-to-date: /home/thisum/my_ws/install/moveit_task_constructor_demo/lib/moveit_task_constructor_demo/constrained.py
-- Up-to-date: /home/thisum/my_ws/install/moveit_task_constructor_demo/lib/moveit_task_constructor_demo/current_state.py
-- Up-to-date: /home/thisum/my_ws/install/moveit_task_constructor_demo/lib/moveit_task_constructor_demo/fallbacks.py
-- Up-to-date: /home/thisum/my_ws/install/moveit_task_constructor_demo/lib/moveit_task_constructor_demo/fix_collision_objects.py
-- Up-to-date: /home/thisum/my_ws/install/moveit_task_constructor_demo/lib/moveit_task_constructor_demo/fixed_state.py
-- Up-to-date: /home/thisum/my_ws/install/moveit_task_constructor_demo/lib/moveit_task_constructor_demo/generate_pose.py
-- Up-to-date: /home/thisum/my_ws/install/moveit_task_constructor_demo/lib/moveit_task_constructor_demo/merger.py
-- Up-to-date: /home/thisum/my_ws/install/moveit_task_constructor_demo/lib/moveit_task_constructor_demo/modify_planning_scene.py
-- Up-to-date: /home/thisum/my_ws/install/moveit_task_constructor_demo/lib/moveit_task_constructor_demo/multi_planner.py
-- Up-to-date: /home/thisum/my_ws/install/moveit_task_constructor_demo/lib/moveit_task_constructor_demo/pickplace.py
-- Up-to-date: /home/thisum/my_ws/install/moveit_task_constructor_demo/lib/moveit_task_constructor_demo/properties.py
-- Up-to-date: /home/thisum/my_ws/install/moveit_task_constructor_demo/share/moveit_task_constructor_demo/launch
-- Up-to-date: /home/thisum/my_ws/install/moveit_task_constructor_demo/share/moveit_task_constructor_demo/launch/demo.launch.py
-- Up-to-date: /home/thisum/my_ws/install/moveit_task_constructor_demo/share/moveit_task_constructor_demo/launch/run.launch.py
-- Up-to-date: /home/thisum/my_ws/install/moveit_task_constructor_demo/share/moveit_task_constructor_demo/config
-- Up-to-date: /home/thisum/my_ws/install/moveit_task_constructor_demo/share/moveit_task_constructor_demo/config/panda_config.yaml
-- Up-to-date: /home/thisum/my_ws/install/moveit_task_constructor_demo/share/moveit_task_constructor_demo/config/mtc.rviz
-- Up-to-date: /home/thisum/my_ws/install/moveit_task_constructor_demo/share/ament_index/resource_index/package_run_dependencies/moveit_task_constructor_demo
-- Installing: /home/thisum/my_ws/install/moveit_task_constructor_demo/share/ament_index/resource_index/parent_prefix_path/moveit_task_constructor_demo
-- Up-to-date: /home/thisum/my_ws/install/moveit_task_constructor_demo/share/moveit_task_constructor_demo/environment/ament_prefix_path.sh
-- Installing: /home/thisum/my_ws/install/moveit_task_constructor_demo/share/moveit_task_constructor_demo/environment/ament_prefix_path.dsv
-- Up-to-date: /home/thisum/my_ws/install/moveit_task_constructor_demo/share/moveit_task_constructor_demo/environment/path.sh
-- Installing: /home/thisum/my_ws/install/moveit_task_constructor_demo/share/moveit_task_constructor_demo/environment/path.dsv
-- Up-to-date: /home/thisum/my_ws/install/moveit_task_constructor_demo/share/moveit_task_constructor_demo/local_setup.bash
-- Up-to-date: /home/thisum/my_ws/install/moveit_task_constructor_demo/share/moveit_task_constructor_demo/local_setup.sh
-- Up-to-date: /home/thisum/my_ws/install/moveit_task_constructor_demo/share/moveit_task_constructor_demo/local_setup.zsh
-- Installing: /home/thisum/my_ws/install/moveit_task_constructor_demo/share/moveit_task_constructor_demo/local_setup.dsv
-- Installing: /home/thisum/my_ws/install/moveit_task_constructor_demo/share/moveit_task_constructor_demo/package.dsv
-- Up-to-date: /home/thisum/my_ws/install/moveit_task_constructor_demo/share/ament_index/resource_index/packages/moveit_task_constructor_demo
-- Up-to-date: /home/thisum/my_ws/install/moveit_task_constructor_demo/share/moveit_task_constructor_demo/cmake/moveit_task_constructor_demoConfig.cmake
-- Up-to-date: /home/thisum/my_ws/install/moveit_task_constructor_demo/share/moveit_task_constructor_demo/cmake/moveit_task_constructor_demoConfig-version.cmake
-- Up-to-date: /home/thisum/my_ws/install/moveit_task_constructor_demo/share/moveit_task_constructor_demo/package.xml
