[0.062s] Invoking command in '/home/thisum/my_ws/build/new_full_arm': CMAKE_PREFIX_PATH=${CMAKE_PREFIX_PATH}:/home/thisum/my_ws/install/moveit_configs_utils:/home/thisum/my_ws/install/launch_param_builder:/opt/ros/humble /usr/bin/cmake --build /home/thisum/my_ws/build/new_full_arm -- -j6 -l6
[0.125s] -- Found ament_cmake: 1.3.9 (/opt/ros/humble/share/ament_cmake/cmake)
[0.358s] -- Found ament_lint_auto: 0.12.11 (/opt/ros/humble/share/ament_lint_auto/cmake)
[0.467s] -- Added test 'flake8' to check Python code syntax and style conventions
[0.468s] -- Added test 'lint_cmake' to check CMake code style
[0.469s] -- Added test 'pep257' to check Python code against some of the docstring style conventions in PEP 257
[0.472s] -- Added test 'xmllint' to check XML markup files
[0.477s] -- Configuring done
[0.489s] -- Generating done
[0.490s] -- Build files have been written to: /home/thisum/my_ws/build/new_full_arm
[0.540s] Invoked command in '/home/thisum/my_ws/build/new_full_arm' returned '0': CMAKE_PREFIX_PATH=${CMAKE_PREFIX_PATH}:/home/thisum/my_ws/install/moveit_configs_utils:/home/thisum/my_ws/install/launch_param_builder:/opt/ros/humble /usr/bin/cmake --build /home/thisum/my_ws/build/new_full_arm -- -j6 -l6
[0.626s] Invoking command in '/home/thisum/my_ws/build/new_full_arm': CMAKE_PREFIX_PATH=${CMAKE_PREFIX_PATH}:/home/thisum/my_ws/install/moveit_configs_utils:/home/thisum/my_ws/install/launch_param_builder:/opt/ros/humble /usr/bin/cmake --install /home/thisum/my_ws/build/new_full_arm
[0.640s] -- Install configuration: "Release"
[0.640s] -- Up-to-date: /home/thisum/my_ws/install/new_full_arm/share/new_full_arm/launch
[0.640s] -- Up-to-date: /home/thisum/my_ws/install/new_full_arm/share/new_full_arm/launch/empty_world.launch.py
[0.641s] -- Up-to-date: /home/thisum/my_ws/install/new_full_arm/share/new_full_arm/launch/display.launch.py
[0.641s] -- Up-to-date: /home/thisum/my_ws/install/new_full_arm/share/new_full_arm/launch/gazebo.launch.py
[0.641s] -- Up-to-date: /home/thisum/my_ws/install/new_full_arm/share/new_full_arm/urdf
[0.641s] -- Up-to-date: /home/thisum/my_ws/install/new_full_arm/share/new_full_arm/urdf/new_full_arm.urdf
[0.641s] -- Up-to-date: /home/thisum/my_ws/install/new_full_arm/share/new_full_arm/urdf/new_full_arm.csv
[0.641s] -- Installing: /home/thisum/my_ws/install/new_full_arm/share/new_full_arm/models
[0.641s] -- Installing: /home/thisum/my_ws/install/new_full_arm/share/new_full_arm/models/right_link3.STL
[0.642s] -- Installing: /home/thisum/my_ws/install/new_full_arm/share/new_full_arm/models/link1.STL
[0.647s] -- Installing: /home/thisum/my_ws/install/new_full_arm/share/new_full_arm/models/link4.STL
[0.651s] -- Installing: /home/thisum/my_ws/install/new_full_arm/share/new_full_arm/models/link5.STL
[0.655s] -- Installing: /home/thisum/my_ws/install/new_full_arm/share/new_full_arm/models/left_link2.STL
[0.657s] -- Installing: /home/thisum/my_ws/install/new_full_arm/share/new_full_arm/models/base_link.STL
[0.658s] -- Installing: /home/thisum/my_ws/install/new_full_arm/share/new_full_arm/models/link2.STL
[0.659s] -- Installing: /home/thisum/my_ws/install/new_full_arm/share/new_full_arm/models/middle_link1.STL
[0.660s] -- Installing: /home/thisum/my_ws/install/new_full_arm/share/new_full_arm/models/right_link1.STL
[0.663s] -- Installing: /home/thisum/my_ws/install/new_full_arm/share/new_full_arm/models/link3.STL
[0.664s] -- Installing: /home/thisum/my_ws/install/new_full_arm/share/new_full_arm/models/left_link3.STL
[0.665s] -- Installing: /home/thisum/my_ws/install/new_full_arm/share/new_full_arm/models/left_link1.STL
[0.668s] -- Installing: /home/thisum/my_ws/install/new_full_arm/share/new_full_arm/models/right_link2.STL
[0.669s] -- Up-to-date: /home/thisum/my_ws/install/new_full_arm/share/ament_index/resource_index/package_run_dependencies/new_full_arm
[0.669s] -- Installing: /home/thisum/my_ws/install/new_full_arm/share/ament_index/resource_index/parent_prefix_path/new_full_arm
[0.670s] -- Up-to-date: /home/thisum/my_ws/install/new_full_arm/share/new_full_arm/environment/ament_prefix_path.sh
[0.670s] -- Installing: /home/thisum/my_ws/install/new_full_arm/share/new_full_arm/environment/ament_prefix_path.dsv
[0.670s] -- Up-to-date: /home/thisum/my_ws/install/new_full_arm/share/new_full_arm/environment/path.sh
[0.670s] -- Installing: /home/thisum/my_ws/install/new_full_arm/share/new_full_arm/environment/path.dsv
[0.671s] -- Up-to-date: /home/thisum/my_ws/install/new_full_arm/share/new_full_arm/local_setup.bash
[0.671s] -- Up-to-date: /home/thisum/my_ws/install/new_full_arm/share/new_full_arm/local_setup.sh
[0.671s] -- Up-to-date: /home/thisum/my_ws/install/new_full_arm/share/new_full_arm/local_setup.zsh
[0.671s] -- Installing: /home/thisum/my_ws/install/new_full_arm/share/new_full_arm/local_setup.dsv
[0.671s] -- Installing: /home/thisum/my_ws/install/new_full_arm/share/new_full_arm/package.dsv
[0.671s] -- Up-to-date: /home/thisum/my_ws/install/new_full_arm/share/ament_index/resource_index/packages/new_full_arm
[0.672s] -- Up-to-date: /home/thisum/my_ws/install/new_full_arm/share/new_full_arm/cmake/new_full_armConfig.cmake
[0.672s] -- Up-to-date: /home/thisum/my_ws/install/new_full_arm/share/new_full_arm/cmake/new_full_armConfig-version.cmake
[0.672s] -- Up-to-date: /home/thisum/my_ws/install/new_full_arm/share/new_full_arm/package.xml
[0.675s] Invoked command in '/home/thisum/my_ws/build/new_full_arm' returned '0': CMAKE_PREFIX_PATH=${CMAKE_PREFIX_PATH}:/home/thisum/my_ws/install/moveit_configs_utils:/home/thisum/my_ws/install/launch_param_builder:/opt/ros/humble /usr/bin/cmake --install /home/thisum/my_ws/build/new_full_arm
