[0.123s] Invoking command in '/home/thisum/my_ws/build/moveit_core': CMAKE_PREFIX_PATH=/home/thisum/my_ws/install/moveit_resources_panda_moveit_config:/home/thisum/my_ws/install/srdfdom:/home/thisum/my_ws/install/moveit_resources_pr2_description:/home/thisum/my_ws/install/moveit_resources_panda_description:/home/thisum/my_ws/install/moveit_common:/home/thisum/my_ws/install/pilz_industrial_motion_planner_testutils:/home/thisum/my_ws/install/narm_config:/home/thisum/my_ws/install/moveit_runtime:/home/thisum/my_ws/install/moveit2_tutorials:/home/thisum/my_ws/install/moveit:/home/thisum/my_ws/install/arm_config:/home/thisum/my_ws/install/moveit_planners:/home/thisum/my_ws/install/pilz_industrial_motion_planner:/home/thisum/my_ws/install/moveit_visual_tools:/home/thisum/my_ws/install/moveit_task_constructor_visualization:/home/thisum/my_ws/install/moveit_task_constructor_demo:/home/thisum/my_ws/install/moveit_task_constructor_capabilities:/home/thisum/my_ws/install/moveit_task_constructor_core:/home/thisum/my_ws/install/moveit_ros_control_interface:/home/thisum/my_ws/install/moveit_plugins:/home/thisum/my_ws/install/moveit_simple_controller_manager:/home/thisum/my_ws/install/moveit_setup_assistant:/home/thisum/my_ws/install/moveit_setup_srdf_plugins:/home/thisum/my_ws/install/moveit_setup_core_plugins:/home/thisum/my_ws/install/moveit_setup_controllers:/home/thisum/my_ws/install/moveit_setup_app_plugins:/home/thisum/my_ws/install/moveit_setup_framework:/home/thisum/my_ws/install/moveit_servo:/home/thisum/my_ws/install/moveit_ros:/home/thisum/my_ws/install/moveit_ros_visualization:/home/thisum/my_ws/install/moveit_hybrid_planning:/home/thisum/my_ws/install/moveit_ros_planning_interface:/home/thisum/my_ws/install/moveit_ros_benchmarks:/home/thisum/my_ws/install/moveit_ros_warehouse:/home/thisum/my_ws/install/moveit_ros_robot_interaction:/home/thisum/my_ws/install/moveit_ros_perception:/home/thisum/my_ws/install/moveit_resources_prbt_pg70_support:/home/thisum/my_ws/install/moveit_resources_prbt_moveit_config:/home/thisum/my_ws/install/moveit_ros_move_group:/home/thisum/my_ws/install/moveit_planners_ompl:/home/thisum/my_ws/install/moveit_ros_planning:/home/thisum/my_ws/install/moveit_ros_occupancy_map_monitor:/home/thisum/my_ws/install/moveit_resources_prbt_ikfast_manipulator_plugin:/home/thisum/my_ws/install/moveit_planners_chomp:/home/thisum/my_ws/install/moveit_kinematics:/home/thisum/my_ws/install/moveit_chomp_optimizer_adapter:/home/thisum/my_ws/install/chomp_motion_planner:/home/thisum/my_ws/install/moveit_core:/home/thisum/my_ws/install/rviz_marker_tools:/home/thisum/my_ws/install/rosparam_shortcuts:/home/thisum/my_ws/install/new_full_arm:/home/thisum/my_ws/install/moveit_task_constructor_msgs:/home/thisum/my_ws/install/moveit_resources_prbt_support:/home/thisum/my_ws/install/moveit_resources:/home/thisum/my_ws/install/moveit_resources_fanuc_moveit_config:/home/thisum/my_ws/install/moveit_resources_fanuc_description:/home/thisum/my_ws/install/moveit_configs_utils:/home/thisum/my_ws/install/launch_param_builder:/opt/ros/humble LD_LIBRARY_PATH=/home/thisum/my_ws/install/srdfdom/lib:/home/thisum/my_ws/install/pilz_industrial_motion_planner_testutils/lib:/home/thisum/my_ws/install/pilz_industrial_motion_planner/lib:/home/thisum/my_ws/install/moveit_visual_tools/lib:/home/thisum/my_ws/install/moveit_task_constructor_visualization/lib:/home/thisum/my_ws/install/moveit_task_constructor_demo/lib:/home/thisum/my_ws/install/moveit_task_constructor_capabilities/lib:/home/thisum/my_ws/install/moveit_task_constructor_core/lib:/home/thisum/my_ws/install/moveit_ros_control_interface/lib:/home/thisum/my_ws/install/moveit_simple_controller_manager/lib:/home/thisum/my_ws/install/moveit_setup_assistant/lib:/home/thisum/my_ws/install/moveit_setup_srdf_plugins/lib:/home/thisum/my_ws/install/moveit_setup_core_plugins/lib:/home/thisum/my_ws/install/moveit_setup_controllers/lib:/home/thisum/my_ws/install/moveit_setup_app_plugins/lib:/home/thisum/my_ws/install/moveit_setup_framework/lib:/home/thisum/my_ws/install/moveit_servo/lib:/home/thisum/my_ws/install/moveit_ros_visualization/lib:/home/thisum/my_ws/install/moveit_hybrid_planning/lib:/home/thisum/my_ws/install/moveit_ros_planning_interface/lib:/home/thisum/my_ws/install/moveit_ros_benchmarks/lib:/home/thisum/my_ws/install/moveit_ros_warehouse/lib:/home/thisum/my_ws/install/moveit_ros_robot_interaction/lib:/home/thisum/my_ws/install/moveit_ros_perception/lib:/home/thisum/my_ws/install/moveit_ros_move_group/lib:/home/thisum/my_ws/install/moveit_planners_ompl/lib:/home/thisum/my_ws/install/moveit_ros_planning/lib:/home/thisum/my_ws/install/moveit_ros_occupancy_map_monitor/lib:/home/thisum/my_ws/install/moveit_resources_prbt_ikfast_manipulator_plugin/lib:/home/thisum/my_ws/install/moveit_planners_chomp/lib:/home/thisum/my_ws/install/moveit_kinematics/lib:/home/thisum/my_ws/install/moveit_chomp_optimizer_adapter/lib:/home/thisum/my_ws/install/chomp_motion_planner/lib:/home/thisum/my_ws/install/moveit_core/lib:/home/thisum/my_ws/install/rviz_marker_tools/lib:/home/thisum/my_ws/install/rosparam_shortcuts/lib:/home/thisum/my_ws/install/moveit_task_constructor_msgs/lib:/usr/lib/x86_64-linux-gnu/gazebo-11/plugins:/opt/ros/humble/opt/rviz_ogre_vendor/lib:/opt/ros/humble/lib/x86_64-linux-gnu:/opt/ros/humble/lib /usr/bin/cmake /home/thisum/my_ws/src/moveit2/moveit_core -DCMAKE_INSTALL_PREFIX=/home/thisum/my_ws/install/moveit_core
[0.172s] -- Found moveit_common: 2.5.5 (/home/thisum/my_ws/install/moveit_common/share/moveit_common/cmake)
[0.172s] -- Found ament_cmake: 1.3.9 (/opt/ros/humble/share/ament_cmake/cmake)
[0.486s] -- Could NOT find libbfd (missing: LIBBFD_LIBRARY LIBBFD_INCLUDE_DIR) 
[0.486s] -- BACKWARD_HAS_UNWIND=1
[0.486s] -- BACKWARD_HAS_BACKTRACE=0
[0.486s] -- BACKWARD_HAS_BACKTRACE_SYMBOL=0
[0.486s] -- BACKWARD_HAS_DW=1
[0.486s] -- BACKWARD_HAS_BFD=0
[0.487s] -- Found Backward: /opt/ros/humble/share/backward_ros/cmake  
[0.488s] -- Found angles: 1.15.0 (/opt/ros/humble/share/angles/cmake)
[0.545s] -- Found common_interfaces: 4.2.4 (/opt/ros/humble/share/common_interfaces/cmake)
[0.555s] -- Found eigen_stl_containers: 1.0.0 (/opt/ros/humble/share/eigen_stl_containers/cmake)
[0.560s] -- Found eigen3_cmake_module: 0.1.1 (/opt/ros/humble/share/eigen3_cmake_module/cmake)
[0.579s] -- Found generate_parameter_library: 0.3.8 (/opt/ros/humble/share/generate_parameter_library/cmake)
[0.585s] -- Found parameter_traits: 0.3.8 (/opt/ros/humble/share/parameter_traits/cmake)
[0.640s] -- Found rosidl_generator_c: 3.1.5 (/opt/ros/humble/share/rosidl_generator_c/cmake)
[0.640s] -- Found rosidl_adapter: 3.1.5 (/opt/ros/humble/share/rosidl_adapter/cmake)
[0.649s] -- Found rosidl_generator_cpp: 3.1.5 (/opt/ros/humble/share/rosidl_generator_cpp/cmake)
[0.672s] -- Using all available rosidl_typesupport_c: rosidl_typesupport_fastrtps_c;rosidl_typesupport_introspection_c
[0.700s] -- Using all available rosidl_typesupport_cpp: rosidl_typesupport_fastrtps_cpp;rosidl_typesupport_introspection_cpp
[0.774s] -- Found rmw_implementation_cmake: 6.1.2 (/opt/ros/humble/share/rmw_implementation_cmake/cmake)
[0.778s] -- Found rmw_fastrtps_cpp: 6.2.6 (/opt/ros/humble/share/rmw_fastrtps_cpp/cmake)
[1.022s] -- Using RMW implementation 'rmw_fastrtps_cpp' as default
[1.272s] -- Found rclcpp_lifecycle: 16.0.9 (/opt/ros/humble/share/rclcpp_lifecycle/cmake)
[1.356s] -- Found geometric_shapes: 2.1.3 (/opt/ros/humble/share/geometric_shapes/cmake)
[1.369s] -- Found Boost: /usr/lib/x86_64-linux-gnu/cmake/Boost-1.74.0/BoostConfig.cmake (found version "1.74.0") found components: filesystem 
[1.615s] -- library: /usr/lib/x86_64-linux-gnu/libcurl.so
[1.960s] -- Found kdl_parser: 2.6.4 (/opt/ros/humble/share/kdl_parser/cmake)
[1.977s] -- Ensuring Eigen3 include directory is part of orocos-kdl CMake target
[1.995s] -- Found moveit_msgs: 2.2.1 (/opt/ros/humble/share/moveit_msgs/cmake)
[2.649s] -- Found pluginlib: 5.1.0 (/opt/ros/humble/share/pluginlib/cmake)
[2.691s] -- Found srdfdom: 2.0.4 (/home/thisum/my_ws/install/srdfdom/share/srdfdom/cmake)
[2.703s] -- Found tf2_eigen: 0.25.7 (/opt/ros/humble/share/tf2_eigen/cmake)
[2.963s] -- Found tf2_geometry_msgs: 0.25.7 (/opt/ros/humble/share/tf2_geometry_msgs/cmake)
[2.980s] -- Found tf2_kdl: 0.25.7 (/opt/ros/humble/share/tf2_kdl/cmake)
[3.045s] -- Found Boost: /usr/lib/x86_64-linux-gnu/cmake/Boost-1.74.0/BoostConfig.cmake (found version "1.74.0") found components: chrono date_time filesystem iostreams program_options regex serialization system thread 
[3.046s] --  *** Building MoveIt 2.5.5-Alpha ***
[3.068s] -- Found ament_cmake_gtest: 1.3.9 (/opt/ros/humble/share/ament_cmake_gtest/cmake)
[3.069s] -- Found gtest sources under '/opt/ros/humble/src/gtest_vendor': C++ tests using 'Google Test' will be built
[3.107s] -- Found ament_cmake_gmock: 1.3.9 (/opt/ros/humble/share/ament_cmake_gmock/cmake)
[3.111s] -- Found gmock sources under '/opt/ros/humble/src/gmock_vendor': C++ tests using 'Google Mock' will be built
[3.119s] -- Found ament_cmake_gtest: 1.3.9 (/opt/ros/humble/share/ament_cmake_gtest/cmake)
[3.120s] -- Found gtest sources under '/opt/ros/humble/src/gtest_vendor': C++ tests using 'Google Test' will be built
[3.152s] -- Found ament_cmake_gtest: 1.3.9 (/opt/ros/humble/share/ament_cmake_gtest/cmake)
[3.153s] -- Found gtest sources under '/opt/ros/humble/src/gtest_vendor': C++ tests using 'Google Test' will be built
[3.231s] -- Found ament_cmake_gtest: 1.3.9 (/opt/ros/humble/share/ament_cmake_gtest/cmake)
[3.231s] -- Found gtest sources under '/opt/ros/humble/src/gtest_vendor': C++ tests using 'Google Test' will be built
[3.260s] -- Found ament_lint_auto: 0.12.11 (/opt/ros/humble/share/ament_lint_auto/cmake)
[3.260s] -- Found ament_cmake_gtest: 1.3.9 (/opt/ros/humble/share/ament_cmake_gtest/cmake)
[3.261s] -- Found gtest sources under '/opt/ros/humble/src/gtest_vendor': C++ tests using 'Google Test' will be built
[3.307s] -- Found ament_cmake_gtest: 1.3.9 (/opt/ros/humble/share/ament_cmake_gtest/cmake)
[3.309s] -- Found gtest sources under '/opt/ros/humble/src/gtest_vendor': C++ tests using 'Google Test' will be built
[3.339s] -- Found ament_cmake_gtest: 1.3.9 (/opt/ros/humble/share/ament_cmake_gtest/cmake)
[3.340s] -- Found gtest sources under '/opt/ros/humble/src/gtest_vendor': C++ tests using 'Google Test' will be built
[3.360s] -- Found ament_cmake_gtest: 1.3.9 (/opt/ros/humble/share/ament_cmake_gtest/cmake)
[3.361s] -- Found gtest sources under '/opt/ros/humble/src/gtest_vendor': C++ tests using 'Google Test' will be built
[3.381s] -- Found gtest sources under '/opt/ros/humble/src/gtest_vendor': C++ tests using 'Google Test' will be built
[3.405s] -- Found gtest sources under '/opt/ros/humble/src/gtest_vendor': C++ tests using 'Google Test' will be built
[3.431s] -- Found ament_cmake_gtest: 1.3.9 (/opt/ros/humble/share/ament_cmake_gtest/cmake)
[3.432s] -- Found gtest sources under '/opt/ros/humble/src/gtest_vendor': C++ tests using 'Google Test' will be built
[3.478s] -- Found gtest sources under '/opt/ros/humble/src/gtest_vendor': C++ tests using 'Google Test' will be built
[3.524s] -- Found gtest sources under '/opt/ros/humble/src/gtest_vendor': C++ tests using 'Google Test' will be built
[3.558s] -- Found gtest sources under '/opt/ros/humble/src/gtest_vendor': C++ tests using 'Google Test' will be built
[3.568s] -- Found ament_lint_auto: 0.12.11 (/opt/ros/humble/share/ament_lint_auto/cmake)
[3.787s] -- Added test 'cppcheck' to perform static code analysis on C / C++ code
[3.788s] -- Configured cppcheck include dirs: /home/thisum/my_ws/src/moveit2/moveit_core/exceptions/include;/home/thisum/my_ws/src/moveit2/moveit_core/collision_detection/include;/home/thisum/my_ws/src/moveit2/moveit_core/collision_detection_fcl/include;/home/thisum/my_ws/src/moveit2/moveit_core/collision_detection_bullet/include;/home/thisum/my_ws/src/moveit2/moveit_core/constraint_samplers/include;/home/thisum/my_ws/src/moveit2/moveit_core/controller_manager/include;/home/thisum/my_ws/src/moveit2/moveit_core/distance_field/include;/home/thisum/my_ws/src/moveit2/moveit_core/collision_distance_field/include;/home/thisum/my_ws/src/moveit2/moveit_core/dynamics_solver/include;/home/thisum/my_ws/src/moveit2/moveit_core/kinematics_base/include;/home/thisum/my_ws/src/moveit2/moveit_core/kinematics_metrics/include;/home/thisum/my_ws/src/moveit2/moveit_core/robot_model/include;/home/thisum/my_ws/src/moveit2/moveit_core/transforms/include;/home/thisum/my_ws/src/moveit2/moveit_core/robot_state/include;/home/thisum/my_ws/src/moveit2/moveit_core/robot_trajectory/include;/home/thisum/my_ws/src/moveit2/moveit_core/kinematic_constraints/include;/home/thisum/my_ws/src/moveit2/moveit_core/macros/include;/home/thisum/my_ws/src/moveit2/moveit_core/online_signal_smoothing/include;/home/thisum/my_ws/src/moveit2/moveit_core/planning_interface/include;/home/thisum/my_ws/src/moveit2/moveit_core/planning_request_adapter/include;/home/thisum/my_ws/src/moveit2/moveit_core/planning_scene/include;/home/thisum/my_ws/src/moveit2/moveit_core/sensor_manager/include;/home/thisum/my_ws/src/moveit2/moveit_core/trajectory_processing/include;/home/thisum/my_ws/src/moveit2/moveit_core/utils/include
[3.788s] -- Configured cppcheck exclude dirs and/or files: 
[3.793s] -- Added test 'pep257' to check Python code against some of the docstring style conventions in PEP 257
[3.798s] -- Added test 'xmllint' to check XML markup files
[3.811s] -- Configuring done
[5.301s] -- Generating done
[5.348s] -- Build files have been written to: /home/thisum/my_ws/build/moveit_core
[5.391s] Invoked command in '/home/thisum/my_ws/build/moveit_core' returned '0': CMAKE_PREFIX_PATH=/home/thisum/my_ws/install/moveit_resources_panda_moveit_config:/home/thisum/my_ws/install/srdfdom:/home/thisum/my_ws/install/moveit_resources_pr2_description:/home/thisum/my_ws/install/moveit_resources_panda_description:/home/thisum/my_ws/install/moveit_common:/home/thisum/my_ws/install/pilz_industrial_motion_planner_testutils:/home/thisum/my_ws/install/narm_config:/home/thisum/my_ws/install/moveit_runtime:/home/thisum/my_ws/install/moveit2_tutorials:/home/thisum/my_ws/install/moveit:/home/thisum/my_ws/install/arm_config:/home/thisum/my_ws/install/moveit_planners:/home/thisum/my_ws/install/pilz_industrial_motion_planner:/home/thisum/my_ws/install/moveit_visual_tools:/home/thisum/my_ws/install/moveit_task_constructor_visualization:/home/thisum/my_ws/install/moveit_task_constructor_demo:/home/thisum/my_ws/install/moveit_task_constructor_capabilities:/home/thisum/my_ws/install/moveit_task_constructor_core:/home/thisum/my_ws/install/moveit_ros_control_interface:/home/thisum/my_ws/install/moveit_plugins:/home/thisum/my_ws/install/moveit_simple_controller_manager:/home/thisum/my_ws/install/moveit_setup_assistant:/home/thisum/my_ws/install/moveit_setup_srdf_plugins:/home/thisum/my_ws/install/moveit_setup_core_plugins:/home/thisum/my_ws/install/moveit_setup_controllers:/home/thisum/my_ws/install/moveit_setup_app_plugins:/home/thisum/my_ws/install/moveit_setup_framework:/home/thisum/my_ws/install/moveit_servo:/home/thisum/my_ws/install/moveit_ros:/home/thisum/my_ws/install/moveit_ros_visualization:/home/thisum/my_ws/install/moveit_hybrid_planning:/home/thisum/my_ws/install/moveit_ros_planning_interface:/home/thisum/my_ws/install/moveit_ros_benchmarks:/home/thisum/my_ws/install/moveit_ros_warehouse:/home/thisum/my_ws/install/moveit_ros_robot_interaction:/home/thisum/my_ws/install/moveit_ros_perception:/home/thisum/my_ws/install/moveit_resources_prbt_pg70_support:/home/thisum/my_ws/install/moveit_resources_prbt_moveit_config:/home/thisum/my_ws/install/moveit_ros_move_group:/home/thisum/my_ws/install/moveit_planners_ompl:/home/thisum/my_ws/install/moveit_ros_planning:/home/thisum/my_ws/install/moveit_ros_occupancy_map_monitor:/home/thisum/my_ws/install/moveit_resources_prbt_ikfast_manipulator_plugin:/home/thisum/my_ws/install/moveit_planners_chomp:/home/thisum/my_ws/install/moveit_kinematics:/home/thisum/my_ws/install/moveit_chomp_optimizer_adapter:/home/thisum/my_ws/install/chomp_motion_planner:/home/thisum/my_ws/install/moveit_core:/home/thisum/my_ws/install/rviz_marker_tools:/home/thisum/my_ws/install/rosparam_shortcuts:/home/thisum/my_ws/install/new_full_arm:/home/thisum/my_ws/install/moveit_task_constructor_msgs:/home/thisum/my_ws/install/moveit_resources_prbt_support:/home/thisum/my_ws/install/moveit_resources:/home/thisum/my_ws/install/moveit_resources_fanuc_moveit_config:/home/thisum/my_ws/install/moveit_resources_fanuc_description:/home/thisum/my_ws/install/moveit_configs_utils:/home/thisum/my_ws/install/launch_param_builder:/opt/ros/humble LD_LIBRARY_PATH=/home/thisum/my_ws/install/srdfdom/lib:/home/thisum/my_ws/install/pilz_industrial_motion_planner_testutils/lib:/home/thisum/my_ws/install/pilz_industrial_motion_planner/lib:/home/thisum/my_ws/install/moveit_visual_tools/lib:/home/thisum/my_ws/install/moveit_task_constructor_visualization/lib:/home/thisum/my_ws/install/moveit_task_constructor_demo/lib:/home/thisum/my_ws/install/moveit_task_constructor_capabilities/lib:/home/thisum/my_ws/install/moveit_task_constructor_core/lib:/home/thisum/my_ws/install/moveit_ros_control_interface/lib:/home/thisum/my_ws/install/moveit_simple_controller_manager/lib:/home/thisum/my_ws/install/moveit_setup_assistant/lib:/home/thisum/my_ws/install/moveit_setup_srdf_plugins/lib:/home/thisum/my_ws/install/moveit_setup_core_plugins/lib:/home/thisum/my_ws/install/moveit_setup_controllers/lib:/home/thisum/my_ws/install/moveit_setup_app_plugins/lib:/home/thisum/my_ws/install/moveit_setup_framework/lib:/home/thisum/my_ws/install/moveit_servo/lib:/home/thisum/my_ws/install/moveit_ros_visualization/lib:/home/thisum/my_ws/install/moveit_hybrid_planning/lib:/home/thisum/my_ws/install/moveit_ros_planning_interface/lib:/home/thisum/my_ws/install/moveit_ros_benchmarks/lib:/home/thisum/my_ws/install/moveit_ros_warehouse/lib:/home/thisum/my_ws/install/moveit_ros_robot_interaction/lib:/home/thisum/my_ws/install/moveit_ros_perception/lib:/home/thisum/my_ws/install/moveit_ros_move_group/lib:/home/thisum/my_ws/install/moveit_planners_ompl/lib:/home/thisum/my_ws/install/moveit_ros_planning/lib:/home/thisum/my_ws/install/moveit_ros_occupancy_map_monitor/lib:/home/thisum/my_ws/install/moveit_resources_prbt_ikfast_manipulator_plugin/lib:/home/thisum/my_ws/install/moveit_planners_chomp/lib:/home/thisum/my_ws/install/moveit_kinematics/lib:/home/thisum/my_ws/install/moveit_chomp_optimizer_adapter/lib:/home/thisum/my_ws/install/chomp_motion_planner/lib:/home/thisum/my_ws/install/moveit_core/lib:/home/thisum/my_ws/install/rviz_marker_tools/lib:/home/thisum/my_ws/install/rosparam_shortcuts/lib:/home/thisum/my_ws/install/moveit_task_constructor_msgs/lib:/usr/lib/x86_64-linux-gnu/gazebo-11/plugins:/opt/ros/humble/opt/rviz_ogre_vendor/lib:/opt/ros/humble/lib/x86_64-linux-gnu:/opt/ros/humble/lib /usr/bin/cmake /home/thisum/my_ws/src/moveit2/moveit_core -DCMAKE_INSTALL_PREFIX=/home/thisum/my_ws/install/moveit_core
[5.395s] Invoking command in '/home/thisum/my_ws/build/moveit_core': CMAKE_PREFIX_PATH=/home/thisum/my_ws/install/moveit_resources_panda_moveit_config:/home/thisum/my_ws/install/srdfdom:/home/thisum/my_ws/install/moveit_resources_pr2_description:/home/thisum/my_ws/install/moveit_resources_panda_description:/home/thisum/my_ws/install/moveit_common:/home/thisum/my_ws/install/pilz_industrial_motion_planner_testutils:/home/thisum/my_ws/install/narm_config:/home/thisum/my_ws/install/moveit_runtime:/home/thisum/my_ws/install/moveit2_tutorials:/home/thisum/my_ws/install/moveit:/home/thisum/my_ws/install/arm_config:/home/thisum/my_ws/install/moveit_planners:/home/thisum/my_ws/install/pilz_industrial_motion_planner:/home/thisum/my_ws/install/moveit_visual_tools:/home/thisum/my_ws/install/moveit_task_constructor_visualization:/home/thisum/my_ws/install/moveit_task_constructor_demo:/home/thisum/my_ws/install/moveit_task_constructor_capabilities:/home/thisum/my_ws/install/moveit_task_constructor_core:/home/thisum/my_ws/install/moveit_ros_control_interface:/home/thisum/my_ws/install/moveit_plugins:/home/thisum/my_ws/install/moveit_simple_controller_manager:/home/thisum/my_ws/install/moveit_setup_assistant:/home/thisum/my_ws/install/moveit_setup_srdf_plugins:/home/thisum/my_ws/install/moveit_setup_core_plugins:/home/thisum/my_ws/install/moveit_setup_controllers:/home/thisum/my_ws/install/moveit_setup_app_plugins:/home/thisum/my_ws/install/moveit_setup_framework:/home/thisum/my_ws/install/moveit_servo:/home/thisum/my_ws/install/moveit_ros:/home/thisum/my_ws/install/moveit_ros_visualization:/home/thisum/my_ws/install/moveit_hybrid_planning:/home/thisum/my_ws/install/moveit_ros_planning_interface:/home/thisum/my_ws/install/moveit_ros_benchmarks:/home/thisum/my_ws/install/moveit_ros_warehouse:/home/thisum/my_ws/install/moveit_ros_robot_interaction:/home/thisum/my_ws/install/moveit_ros_perception:/home/thisum/my_ws/install/moveit_resources_prbt_pg70_support:/home/thisum/my_ws/install/moveit_resources_prbt_moveit_config:/home/thisum/my_ws/install/moveit_ros_move_group:/home/thisum/my_ws/install/moveit_planners_ompl:/home/thisum/my_ws/install/moveit_ros_planning:/home/thisum/my_ws/install/moveit_ros_occupancy_map_monitor:/home/thisum/my_ws/install/moveit_resources_prbt_ikfast_manipulator_plugin:/home/thisum/my_ws/install/moveit_planners_chomp:/home/thisum/my_ws/install/moveit_kinematics:/home/thisum/my_ws/install/moveit_chomp_optimizer_adapter:/home/thisum/my_ws/install/chomp_motion_planner:/home/thisum/my_ws/install/moveit_core:/home/thisum/my_ws/install/rviz_marker_tools:/home/thisum/my_ws/install/rosparam_shortcuts:/home/thisum/my_ws/install/new_full_arm:/home/thisum/my_ws/install/moveit_task_constructor_msgs:/home/thisum/my_ws/install/moveit_resources_prbt_support:/home/thisum/my_ws/install/moveit_resources:/home/thisum/my_ws/install/moveit_resources_fanuc_moveit_config:/home/thisum/my_ws/install/moveit_resources_fanuc_description:/home/thisum/my_ws/install/moveit_configs_utils:/home/thisum/my_ws/install/launch_param_builder:/opt/ros/humble LD_LIBRARY_PATH=/home/thisum/my_ws/install/srdfdom/lib:/home/thisum/my_ws/install/pilz_industrial_motion_planner_testutils/lib:/home/thisum/my_ws/install/pilz_industrial_motion_planner/lib:/home/thisum/my_ws/install/moveit_visual_tools/lib:/home/thisum/my_ws/install/moveit_task_constructor_visualization/lib:/home/thisum/my_ws/install/moveit_task_constructor_demo/lib:/home/thisum/my_ws/install/moveit_task_constructor_capabilities/lib:/home/thisum/my_ws/install/moveit_task_constructor_core/lib:/home/thisum/my_ws/install/moveit_ros_control_interface/lib:/home/thisum/my_ws/install/moveit_simple_controller_manager/lib:/home/thisum/my_ws/install/moveit_setup_assistant/lib:/home/thisum/my_ws/install/moveit_setup_srdf_plugins/lib:/home/thisum/my_ws/install/moveit_setup_core_plugins/lib:/home/thisum/my_ws/install/moveit_setup_controllers/lib:/home/thisum/my_ws/install/moveit_setup_app_plugins/lib:/home/thisum/my_ws/install/moveit_setup_framework/lib:/home/thisum/my_ws/install/moveit_servo/lib:/home/thisum/my_ws/install/moveit_ros_visualization/lib:/home/thisum/my_ws/install/moveit_hybrid_planning/lib:/home/thisum/my_ws/install/moveit_ros_planning_interface/lib:/home/thisum/my_ws/install/moveit_ros_benchmarks/lib:/home/thisum/my_ws/install/moveit_ros_warehouse/lib:/home/thisum/my_ws/install/moveit_ros_robot_interaction/lib:/home/thisum/my_ws/install/moveit_ros_perception/lib:/home/thisum/my_ws/install/moveit_ros_move_group/lib:/home/thisum/my_ws/install/moveit_planners_ompl/lib:/home/thisum/my_ws/install/moveit_ros_planning/lib:/home/thisum/my_ws/install/moveit_ros_occupancy_map_monitor/lib:/home/thisum/my_ws/install/moveit_resources_prbt_ikfast_manipulator_plugin/lib:/home/thisum/my_ws/install/moveit_planners_chomp/lib:/home/thisum/my_ws/install/moveit_kinematics/lib:/home/thisum/my_ws/install/moveit_chomp_optimizer_adapter/lib:/home/thisum/my_ws/install/chomp_motion_planner/lib:/home/thisum/my_ws/install/moveit_core/lib:/home/thisum/my_ws/install/rviz_marker_tools/lib:/home/thisum/my_ws/install/rosparam_shortcuts/lib:/home/thisum/my_ws/install/moveit_task_constructor_msgs/lib:/usr/lib/x86_64-linux-gnu/gazebo-11/plugins:/opt/ros/humble/opt/rviz_ogre_vendor/lib:/opt/ros/humble/lib/x86_64-linux-gnu:/opt/ros/humble/lib /usr/bin/cmake --build /home/thisum/my_ws/build/moveit_core -- -j6 -l6
[5.502s] [35m[1mConsolidate compiler generated dependencies of target moveit_exceptions[0m
[5.504s] [35m[1mConsolidate compiler generated dependencies of target moveit_kinematics_base[0m
[5.505s] [35m[1mConsolidate compiler generated dependencies of target moveit_transforms[0m
[5.514s] [35m[1mConsolidate compiler generated dependencies of target moveit_utils[0m
[5.517s] [35m[1mConsolidate compiler generated dependencies of target gtest[0m
[5.519s] [35m[1mConsolidate compiler generated dependencies of target moveit_distance_field[0m
[5.563s] [  1%] Built target moveit_exceptions
[5.576s] [  3%] Built target moveit_utils
[5.580s] [  4%] Built target moveit_transforms
[5.581s] [  5%] Built target gtest
[5.606s] [  6%] Built target moveit_kinematics_base
[5.612s] [35m[1mConsolidate compiler generated dependencies of target moveit_smoothing_base[0m
[5.613s] [35m[1mConsolidate compiler generated dependencies of target gtest_main[0m
[5.617s] [35m[1mConsolidate compiler generated dependencies of target gmock[0m
[5.637s] [35m[1mConsolidate compiler generated dependencies of target gmock_main[0m
[5.668s] [  8%] Built target moveit_distance_field
[5.673s] [  9%] Built target moveit_smoothing_base
[5.673s] [ 10%] Built target moveit_butterworth_parameters
[5.679s] [ 11%] Built target gtest_main
[5.696s] [ 13%] Built target gmock
[5.724s] [35m[1mConsolidate compiler generated dependencies of target moveit_version[0m
[5.756s] [35m[1mConsolidate compiler generated dependencies of target test_voxel_grid[0m
[5.769s] [35m[1mConsolidate compiler generated dependencies of target test_distance_field[0m
[5.773s] [ 14%] Built target gmock_main
[5.777s] [35m[1mConsolidate compiler generated dependencies of target test_transforms[0m
[5.783s] [ 16%] Built target moveit_version
[5.795s] [35m[1mConsolidate compiler generated dependencies of target moveit_robot_model[0m
[5.834s] [ 17%] Built target test_transforms
[5.836s] [ 18%] Built target test_distance_field
[5.854s] [ 19%] Built target test_voxel_grid
[5.896s] [ 26%] Built target moveit_robot_model
[5.935s] [35m[1mConsolidate compiler generated dependencies of target moveit_butterworth_filter[0m
[5.939s] [35m[1mConsolidate compiler generated dependencies of target moveit_test_utils[0m
[5.945s] [35m[1mConsolidate compiler generated dependencies of target moveit_robot_state[0m
[6.008s] [ 27%] Built target moveit_butterworth_filter
[6.022s] [ 28%] Built target moveit_test_utils
[6.024s] [ 31%] Built target moveit_robot_state
[6.045s] [35m[1mConsolidate compiler generated dependencies of target test_butterworth_filter[0m
[6.061s] [35m[1mConsolidate compiler generated dependencies of target test_robot_model[0m
[6.076s] [35m[1mConsolidate compiler generated dependencies of target moveit_dynamics_solver[0m
[6.078s] [35m[1mConsolidate compiler generated dependencies of target moveit_kinematics_metrics[0m
[6.088s] [35m[1mConsolidate compiler generated dependencies of target moveit_robot_trajectory[0m
[6.109s] [35m[1mConsolidate compiler generated dependencies of target moveit_collision_detection[0m
[6.111s] [ 33%] Built target test_butterworth_filter
[6.111s] [ 33%] Built target test_robot_model
[6.141s] [ 34%] Built target moveit_robot_trajectory
[6.141s] [ 36%] Built target moveit_dynamics_solver
[6.145s] [ 37%] Built target moveit_kinematics_metrics
[6.160s] [35m[1mConsolidate compiler generated dependencies of target test_robot_state_benchmark[0m
[6.172s] [35m[1mConsolidate compiler generated dependencies of target test_robot_state[0m
[6.185s] [35m[1mConsolidate compiler generated dependencies of target test_robot_state_complex[0m
[6.185s] [35m[1mConsolidate compiler generated dependencies of target test_aabb[0m
[6.211s] [35m[1mConsolidate compiler generated dependencies of target test_cartesian_interpolator[0m
[6.216s] [ 44%] Built target moveit_collision_detection
[6.216s] [ 44%] Built target test_robot_state_benchmark
[6.250s] [ 48%] Built target test_robot_state_complex
[6.250s] [ 48%] Built target test_robot_state
[6.251s] [ 48%] Built target test_aabb
[6.252s] [35m[1mConsolidate compiler generated dependencies of target test_world[0m
[6.265s] [35m[1mConsolidate compiler generated dependencies of target test_robot_trajectory[0m
[6.287s] [ 49%] Built target test_cartesian_interpolator
[6.298s] [ 50%] Built target test_world
[6.308s] [35m[1mConsolidate compiler generated dependencies of target test_all_valid[0m
[6.316s] [35m[1mConsolidate compiler generated dependencies of target test_world_diff[0m
[6.329s] [35m[1mConsolidate compiler generated dependencies of target moveit_collision_detection_bullet[0m
[6.335s] [35m[1mConsolidate compiler generated dependencies of target moveit_collision_detection_fcl[0m
[6.347s] [ 51%] Built target test_robot_trajectory
[6.371s] [35m[1mConsolidate compiler generated dependencies of target moveit_trajectory_processing[0m
[6.384s] [ 53%] Built target test_world_diff
[6.387s] [ 54%] Built target test_all_valid
[6.390s] [35m[1mConsolidate compiler generated dependencies of target moveit_planning_interface[0m
[6.456s] [ 59%] Built target moveit_collision_detection_bullet
[6.461s] [ 62%] Built target moveit_planning_interface
[6.461s] [ 63%] Built target moveit_collision_detection_fcl
[6.474s] [ 67%] Built target moveit_trajectory_processing
[6.493s] [35m[1mConsolidate compiler generated dependencies of target test_bullet_collision_detection[0m
[6.493s] [35m[1mConsolidate compiler generated dependencies of target test_bullet_continuous_collision_checking[0m
[6.494s] [35m[1mConsolidate compiler generated dependencies of target test_bullet_collision_detection_panda[0m
[6.514s] [35m[1mConsolidate compiler generated dependencies of target test_fcl_collision_env[0m
[6.514s] [35m[1mConsolidate compiler generated dependencies of target test_fcl_collision_detection[0m
[6.521s] [35m[1mConsolidate compiler generated dependencies of target moveit_kinematic_constraints[0m
[6.566s] [ 68%] Built target test_bullet_collision_detection_panda
[6.571s] [ 69%] Built target test_bullet_collision_detection
[6.592s] [ 71%] Built target test_bullet_continuous_collision_checking
[6.593s] [ 72%] Built target test_fcl_collision_detection
[6.597s] [ 74%] Built target test_fcl_collision_env
[6.600s] [ 76%] Built target moveit_kinematic_constraints
[6.612s] [35m[1mConsolidate compiler generated dependencies of target test_time_parameterization[0m
[6.622s] [35m[1mConsolidate compiler generated dependencies of target test_fcl_collision_detection_panda[0m
[6.632s] [35m[1mConsolidate compiler generated dependencies of target test_time_optimal_trajectory_generation[0m
[6.635s] [35m[1mConsolidate compiler generated dependencies of target moveit_planning_scene[0m
[6.638s] [35m[1mConsolidate compiler generated dependencies of target test_constraints[0m
[6.655s] [35m[1mConsolidate compiler generated dependencies of target test_ruckig_traj_smoothing[0m
[6.674s] [ 77%] Built target test_time_parameterization
[6.706s] [ 79%] Built target test_time_optimal_trajectory_generation
[6.711s] [ 80%] Built target moveit_planning_scene
[6.717s] [ 81%] Built target test_ruckig_traj_smoothing
[6.720s] [ 82%] Built target test_constraints
[6.721s] [35m[1mConsolidate compiler generated dependencies of target test_orientation_constraints[0m
[6.723s] [ 83%] Built target test_fcl_collision_detection_panda
[6.770s] [35m[1mConsolidate compiler generated dependencies of target test_planning_scene[0m
[6.771s] [35m[1mConsolidate compiler generated dependencies of target moveit_planning_request_adapter[0m
[6.776s] [35m[1mConsolidate compiler generated dependencies of target test_collision_objects[0m
[6.789s] [35m[1mConsolidate compiler generated dependencies of target moveit_collision_distance_field[0m
[6.793s] [ 84%] Built target test_orientation_constraints
[6.797s] [35m[1mConsolidate compiler generated dependencies of target moveit_constraint_samplers[0m
[6.829s] [ 85%] Built target test_collision_objects
[6.831s] [35m[1mConsolidate compiler generated dependencies of target test_multi_threaded[0m
[6.832s] [ 86%] Built target test_planning_scene
[6.853s] [ 87%] Built target moveit_planning_request_adapter
[6.863s] [35m[1mConsolidate compiler generated dependencies of target collision_detector_bullet_plugin[0m
[6.890s] [ 90%] Built target moveit_constraint_samplers
[6.898s] [ 93%] Built target moveit_collision_distance_field
[6.905s] [35m[1mConsolidate compiler generated dependencies of target collision_detector_fcl_plugin[0m
[6.921s] [ 94%] Built target test_multi_threaded
[6.936s] [ 95%] Built target collision_detector_bullet_plugin
[6.946s] [35m[1mConsolidate compiler generated dependencies of target test_constraint_samplers[0m
[6.964s] [35m[1mConsolidate compiler generated dependencies of target test_collision_distance_field[0m
[6.985s] [ 96%] Built target collision_detector_fcl_plugin
[7.021s] [ 97%] Built target test_collision_distance_field
[7.025s] [100%] Built target test_constraint_samplers
[7.050s] Invoked command in '/home/thisum/my_ws/build/moveit_core' returned '0': CMAKE_PREFIX_PATH=/home/thisum/my_ws/install/moveit_resources_panda_moveit_config:/home/thisum/my_ws/install/srdfdom:/home/thisum/my_ws/install/moveit_resources_pr2_description:/home/thisum/my_ws/install/moveit_resources_panda_description:/home/thisum/my_ws/install/moveit_common:/home/thisum/my_ws/install/pilz_industrial_motion_planner_testutils:/home/thisum/my_ws/install/narm_config:/home/thisum/my_ws/install/moveit_runtime:/home/thisum/my_ws/install/moveit2_tutorials:/home/thisum/my_ws/install/moveit:/home/thisum/my_ws/install/arm_config:/home/thisum/my_ws/install/moveit_planners:/home/thisum/my_ws/install/pilz_industrial_motion_planner:/home/thisum/my_ws/install/moveit_visual_tools:/home/thisum/my_ws/install/moveit_task_constructor_visualization:/home/thisum/my_ws/install/moveit_task_constructor_demo:/home/thisum/my_ws/install/moveit_task_constructor_capabilities:/home/thisum/my_ws/install/moveit_task_constructor_core:/home/thisum/my_ws/install/moveit_ros_control_interface:/home/thisum/my_ws/install/moveit_plugins:/home/thisum/my_ws/install/moveit_simple_controller_manager:/home/thisum/my_ws/install/moveit_setup_assistant:/home/thisum/my_ws/install/moveit_setup_srdf_plugins:/home/thisum/my_ws/install/moveit_setup_core_plugins:/home/thisum/my_ws/install/moveit_setup_controllers:/home/thisum/my_ws/install/moveit_setup_app_plugins:/home/thisum/my_ws/install/moveit_setup_framework:/home/thisum/my_ws/install/moveit_servo:/home/thisum/my_ws/install/moveit_ros:/home/thisum/my_ws/install/moveit_ros_visualization:/home/thisum/my_ws/install/moveit_hybrid_planning:/home/thisum/my_ws/install/moveit_ros_planning_interface:/home/thisum/my_ws/install/moveit_ros_benchmarks:/home/thisum/my_ws/install/moveit_ros_warehouse:/home/thisum/my_ws/install/moveit_ros_robot_interaction:/home/thisum/my_ws/install/moveit_ros_perception:/home/thisum/my_ws/install/moveit_resources_prbt_pg70_support:/home/thisum/my_ws/install/moveit_resources_prbt_moveit_config:/home/thisum/my_ws/install/moveit_ros_move_group:/home/thisum/my_ws/install/moveit_planners_ompl:/home/thisum/my_ws/install/moveit_ros_planning:/home/thisum/my_ws/install/moveit_ros_occupancy_map_monitor:/home/thisum/my_ws/install/moveit_resources_prbt_ikfast_manipulator_plugin:/home/thisum/my_ws/install/moveit_planners_chomp:/home/thisum/my_ws/install/moveit_kinematics:/home/thisum/my_ws/install/moveit_chomp_optimizer_adapter:/home/thisum/my_ws/install/chomp_motion_planner:/home/thisum/my_ws/install/moveit_core:/home/thisum/my_ws/install/rviz_marker_tools:/home/thisum/my_ws/install/rosparam_shortcuts:/home/thisum/my_ws/install/new_full_arm:/home/thisum/my_ws/install/moveit_task_constructor_msgs:/home/thisum/my_ws/install/moveit_resources_prbt_support:/home/thisum/my_ws/install/moveit_resources:/home/thisum/my_ws/install/moveit_resources_fanuc_moveit_config:/home/thisum/my_ws/install/moveit_resources_fanuc_description:/home/thisum/my_ws/install/moveit_configs_utils:/home/thisum/my_ws/install/launch_param_builder:/opt/ros/humble LD_LIBRARY_PATH=/home/thisum/my_ws/install/srdfdom/lib:/home/thisum/my_ws/install/pilz_industrial_motion_planner_testutils/lib:/home/thisum/my_ws/install/pilz_industrial_motion_planner/lib:/home/thisum/my_ws/install/moveit_visual_tools/lib:/home/thisum/my_ws/install/moveit_task_constructor_visualization/lib:/home/thisum/my_ws/install/moveit_task_constructor_demo/lib:/home/thisum/my_ws/install/moveit_task_constructor_capabilities/lib:/home/thisum/my_ws/install/moveit_task_constructor_core/lib:/home/thisum/my_ws/install/moveit_ros_control_interface/lib:/home/thisum/my_ws/install/moveit_simple_controller_manager/lib:/home/thisum/my_ws/install/moveit_setup_assistant/lib:/home/thisum/my_ws/install/moveit_setup_srdf_plugins/lib:/home/thisum/my_ws/install/moveit_setup_core_plugins/lib:/home/thisum/my_ws/install/moveit_setup_controllers/lib:/home/thisum/my_ws/install/moveit_setup_app_plugins/lib:/home/thisum/my_ws/install/moveit_setup_framework/lib:/home/thisum/my_ws/install/moveit_servo/lib:/home/thisum/my_ws/install/moveit_ros_visualization/lib:/home/thisum/my_ws/install/moveit_hybrid_planning/lib:/home/thisum/my_ws/install/moveit_ros_planning_interface/lib:/home/thisum/my_ws/install/moveit_ros_benchmarks/lib:/home/thisum/my_ws/install/moveit_ros_warehouse/lib:/home/thisum/my_ws/install/moveit_ros_robot_interaction/lib:/home/thisum/my_ws/install/moveit_ros_perception/lib:/home/thisum/my_ws/install/moveit_ros_move_group/lib:/home/thisum/my_ws/install/moveit_planners_ompl/lib:/home/thisum/my_ws/install/moveit_ros_planning/lib:/home/thisum/my_ws/install/moveit_ros_occupancy_map_monitor/lib:/home/thisum/my_ws/install/moveit_resources_prbt_ikfast_manipulator_plugin/lib:/home/thisum/my_ws/install/moveit_planners_chomp/lib:/home/thisum/my_ws/install/moveit_kinematics/lib:/home/thisum/my_ws/install/moveit_chomp_optimizer_adapter/lib:/home/thisum/my_ws/install/chomp_motion_planner/lib:/home/thisum/my_ws/install/moveit_core/lib:/home/thisum/my_ws/install/rviz_marker_tools/lib:/home/thisum/my_ws/install/rosparam_shortcuts/lib:/home/thisum/my_ws/install/moveit_task_constructor_msgs/lib:/usr/lib/x86_64-linux-gnu/gazebo-11/plugins:/opt/ros/humble/opt/rviz_ogre_vendor/lib:/opt/ros/humble/lib/x86_64-linux-gnu:/opt/ros/humble/lib /usr/bin/cmake --build /home/thisum/my_ws/build/moveit_core -- -j6 -l6
[7.338s] Invoking command in '/home/thisum/my_ws/build/moveit_core': CMAKE_PREFIX_PATH=/home/thisum/my_ws/install/moveit_resources_panda_moveit_config:/home/thisum/my_ws/install/srdfdom:/home/thisum/my_ws/install/moveit_resources_pr2_description:/home/thisum/my_ws/install/moveit_resources_panda_description:/home/thisum/my_ws/install/moveit_common:/home/thisum/my_ws/install/pilz_industrial_motion_planner_testutils:/home/thisum/my_ws/install/narm_config:/home/thisum/my_ws/install/moveit_runtime:/home/thisum/my_ws/install/moveit2_tutorials:/home/thisum/my_ws/install/moveit:/home/thisum/my_ws/install/arm_config:/home/thisum/my_ws/install/moveit_planners:/home/thisum/my_ws/install/pilz_industrial_motion_planner:/home/thisum/my_ws/install/moveit_visual_tools:/home/thisum/my_ws/install/moveit_task_constructor_visualization:/home/thisum/my_ws/install/moveit_task_constructor_demo:/home/thisum/my_ws/install/moveit_task_constructor_capabilities:/home/thisum/my_ws/install/moveit_task_constructor_core:/home/thisum/my_ws/install/moveit_ros_control_interface:/home/thisum/my_ws/install/moveit_plugins:/home/thisum/my_ws/install/moveit_simple_controller_manager:/home/thisum/my_ws/install/moveit_setup_assistant:/home/thisum/my_ws/install/moveit_setup_srdf_plugins:/home/thisum/my_ws/install/moveit_setup_core_plugins:/home/thisum/my_ws/install/moveit_setup_controllers:/home/thisum/my_ws/install/moveit_setup_app_plugins:/home/thisum/my_ws/install/moveit_setup_framework:/home/thisum/my_ws/install/moveit_servo:/home/thisum/my_ws/install/moveit_ros:/home/thisum/my_ws/install/moveit_ros_visualization:/home/thisum/my_ws/install/moveit_hybrid_planning:/home/thisum/my_ws/install/moveit_ros_planning_interface:/home/thisum/my_ws/install/moveit_ros_benchmarks:/home/thisum/my_ws/install/moveit_ros_warehouse:/home/thisum/my_ws/install/moveit_ros_robot_interaction:/home/thisum/my_ws/install/moveit_ros_perception:/home/thisum/my_ws/install/moveit_resources_prbt_pg70_support:/home/thisum/my_ws/install/moveit_resources_prbt_moveit_config:/home/thisum/my_ws/install/moveit_ros_move_group:/home/thisum/my_ws/install/moveit_planners_ompl:/home/thisum/my_ws/install/moveit_ros_planning:/home/thisum/my_ws/install/moveit_ros_occupancy_map_monitor:/home/thisum/my_ws/install/moveit_resources_prbt_ikfast_manipulator_plugin:/home/thisum/my_ws/install/moveit_planners_chomp:/home/thisum/my_ws/install/moveit_kinematics:/home/thisum/my_ws/install/moveit_chomp_optimizer_adapter:/home/thisum/my_ws/install/chomp_motion_planner:/home/thisum/my_ws/install/moveit_core:/home/thisum/my_ws/install/rviz_marker_tools:/home/thisum/my_ws/install/rosparam_shortcuts:/home/thisum/my_ws/install/new_full_arm:/home/thisum/my_ws/install/moveit_task_constructor_msgs:/home/thisum/my_ws/install/moveit_resources_prbt_support:/home/thisum/my_ws/install/moveit_resources:/home/thisum/my_ws/install/moveit_resources_fanuc_moveit_config:/home/thisum/my_ws/install/moveit_resources_fanuc_description:/home/thisum/my_ws/install/moveit_configs_utils:/home/thisum/my_ws/install/launch_param_builder:/opt/ros/humble LD_LIBRARY_PATH=/home/thisum/my_ws/install/srdfdom/lib:/home/thisum/my_ws/install/pilz_industrial_motion_planner_testutils/lib:/home/thisum/my_ws/install/pilz_industrial_motion_planner/lib:/home/thisum/my_ws/install/moveit_visual_tools/lib:/home/thisum/my_ws/install/moveit_task_constructor_visualization/lib:/home/thisum/my_ws/install/moveit_task_constructor_demo/lib:/home/thisum/my_ws/install/moveit_task_constructor_capabilities/lib:/home/thisum/my_ws/install/moveit_task_constructor_core/lib:/home/thisum/my_ws/install/moveit_ros_control_interface/lib:/home/thisum/my_ws/install/moveit_simple_controller_manager/lib:/home/thisum/my_ws/install/moveit_setup_assistant/lib:/home/thisum/my_ws/install/moveit_setup_srdf_plugins/lib:/home/thisum/my_ws/install/moveit_setup_core_plugins/lib:/home/thisum/my_ws/install/moveit_setup_controllers/lib:/home/thisum/my_ws/install/moveit_setup_app_plugins/lib:/home/thisum/my_ws/install/moveit_setup_framework/lib:/home/thisum/my_ws/install/moveit_servo/lib:/home/thisum/my_ws/install/moveit_ros_visualization/lib:/home/thisum/my_ws/install/moveit_hybrid_planning/lib:/home/thisum/my_ws/install/moveit_ros_planning_interface/lib:/home/thisum/my_ws/install/moveit_ros_benchmarks/lib:/home/thisum/my_ws/install/moveit_ros_warehouse/lib:/home/thisum/my_ws/install/moveit_ros_robot_interaction/lib:/home/thisum/my_ws/install/moveit_ros_perception/lib:/home/thisum/my_ws/install/moveit_ros_move_group/lib:/home/thisum/my_ws/install/moveit_planners_ompl/lib:/home/thisum/my_ws/install/moveit_ros_planning/lib:/home/thisum/my_ws/install/moveit_ros_occupancy_map_monitor/lib:/home/thisum/my_ws/install/moveit_resources_prbt_ikfast_manipulator_plugin/lib:/home/thisum/my_ws/install/moveit_planners_chomp/lib:/home/thisum/my_ws/install/moveit_kinematics/lib:/home/thisum/my_ws/install/moveit_chomp_optimizer_adapter/lib:/home/thisum/my_ws/install/chomp_motion_planner/lib:/home/thisum/my_ws/install/moveit_core/lib:/home/thisum/my_ws/install/rviz_marker_tools/lib:/home/thisum/my_ws/install/rosparam_shortcuts/lib:/home/thisum/my_ws/install/moveit_task_constructor_msgs/lib:/usr/lib/x86_64-linux-gnu/gazebo-11/plugins:/opt/ros/humble/opt/rviz_ogre_vendor/lib:/opt/ros/humble/lib/x86_64-linux-gnu:/opt/ros/humble/lib /usr/bin/cmake --install /home/thisum/my_ws/build/moveit_core
[7.354s] -- Install configuration: "Release"
[7.360s] -- Up-to-date: /home/thisum/my_ws/install/moveit_core/include/moveit/version.h
[7.360s] -- Up-to-date: /home/thisum/my_ws/install/moveit_core/include
[7.361s] -- Up-to-date: /home/thisum/my_ws/install/moveit_core/include/moveit
[7.361s] -- Up-to-date: /home/thisum/my_ws/install/moveit_core/include/moveit/collision_distance_field
[7.361s] -- Up-to-date: /home/thisum/my_ws/install/moveit_core/include/moveit/collision_distance_field/collision_detector_allocator_distance_field.h
[7.361s] -- Up-to-date: /home/thisum/my_ws/install/moveit_core/include/moveit/collision_distance_field/collision_env_hybrid.h
[7.361s] -- Up-to-date: /home/thisum/my_ws/install/moveit_core/include/moveit/collision_distance_field/collision_common_distance_field.h
[7.362s] -- Up-to-date: /home/thisum/my_ws/install/moveit_core/include/moveit/collision_distance_field/collision_env_distance_field.h
[7.362s] -- Up-to-date: /home/thisum/my_ws/install/moveit_core/include/moveit/collision_distance_field/collision_distance_field_types.h
[7.362s] -- Up-to-date: /home/thisum/my_ws/install/moveit_core/include/moveit/collision_distance_field/collision_detector_allocator_hybrid.h
[7.362s] -- Up-to-date: /home/thisum/my_ws/install/moveit_core/include/moveit_collision_distance_field_export.h
[7.363s] -- Up-to-date: /home/thisum/my_ws/install/moveit_core/include
[7.363s] -- Up-to-date: /home/thisum/my_ws/install/moveit_core/include/moveit
[7.363s] -- Up-to-date: /home/thisum/my_ws/install/moveit_core/include/moveit/constraint_samplers
[7.365s] -- Up-to-date: /home/thisum/my_ws/install/moveit_core/include/moveit/constraint_samplers/constraint_sampler_manager.h
[7.365s] -- Up-to-date: /home/thisum/my_ws/install/moveit_core/include/moveit/constraint_samplers/constraint_sampler_allocator.h
[7.365s] -- Up-to-date: /home/thisum/my_ws/install/moveit_core/include/moveit/constraint_samplers/default_constraint_samplers.h
[7.366s] -- Up-to-date: /home/thisum/my_ws/install/moveit_core/include/moveit/constraint_samplers/constraint_sampler.h
[7.367s] -- Up-to-date: /home/thisum/my_ws/install/moveit_core/include/moveit/constraint_samplers/union_constraint_sampler.h
[7.367s] -- Up-to-date: /home/thisum/my_ws/install/moveit_core/include/moveit/constraint_samplers/constraint_sampler_tools.h
[7.367s] -- Up-to-date: /home/thisum/my_ws/install/moveit_core/include
[7.367s] -- Up-to-date: /home/thisum/my_ws/install/moveit_core/include/moveit
[7.367s] -- Up-to-date: /home/thisum/my_ws/install/moveit_core/include/moveit/controller_manager
[7.368s] -- Up-to-date: /home/thisum/my_ws/install/moveit_core/include/moveit/controller_manager/controller_manager.h
[7.368s] -- Up-to-date: /home/thisum/my_ws/install/moveit_core/include
[7.368s] -- Up-to-date: /home/thisum/my_ws/install/moveit_core/include/moveit
[7.368s] -- Up-to-date: /home/thisum/my_ws/install/moveit_core/include/moveit/distance_field
[7.393s] -- Up-to-date: /home/thisum/my_ws/install/moveit_core/include/moveit/distance_field/propagation_distance_field.h
[7.393s] -- Up-to-date: /home/thisum/my_ws/install/moveit_core/include/moveit/distance_field/voxel_grid.h
[7.393s] -- Up-to-date: /home/thisum/my_ws/install/moveit_core/include/moveit/distance_field/distance_field.h
[7.393s] -- Up-to-date: /home/thisum/my_ws/install/moveit_core/include/moveit/distance_field/find_internal_points.h
[7.393s] -- Up-to-date: /home/thisum/my_ws/install/moveit_core/include
[7.393s] -- Up-to-date: /home/thisum/my_ws/install/moveit_core/include/moveit
[7.393s] -- Up-to-date: /home/thisum/my_ws/install/moveit_core/include/moveit/dynamics_solver
[7.393s] -- Up-to-date: /home/thisum/my_ws/install/moveit_core/include/moveit/dynamics_solver/dynamics_solver.h
[7.393s] -- Up-to-date: /home/thisum/my_ws/install/moveit_core/include
[7.394s] -- Up-to-date: /home/thisum/my_ws/install/moveit_core/include/moveit
[7.394s] -- Up-to-date: /home/thisum/my_ws/install/moveit_core/include/moveit/exceptions
[7.394s] -- Up-to-date: /home/thisum/my_ws/install/moveit_core/include/moveit/exceptions/exceptions.h
[7.394s] -- Up-to-date: /home/thisum/my_ws/install/moveit_core/include
[7.394s] -- Up-to-date: /home/thisum/my_ws/install/moveit_core/include/moveit
[7.394s] -- Up-to-date: /home/thisum/my_ws/install/moveit_core/include/moveit/kinematics_base
[7.394s] -- Up-to-date: /home/thisum/my_ws/install/moveit_core/include/moveit/kinematics_base/kinematics_base.h
[7.394s] -- Up-to-date: /home/thisum/my_ws/install/moveit_core/include/moveit_kinematics_base_export.h
[7.394s] -- Up-to-date: /home/thisum/my_ws/install/moveit_core/include
[7.394s] -- Up-to-date: /home/thisum/my_ws/install/moveit_core/include/moveit
[7.394s] -- Up-to-date: /home/thisum/my_ws/install/moveit_core/include/moveit/kinematic_constraints
[7.394s] -- Up-to-date: /home/thisum/my_ws/install/moveit_core/include/moveit/kinematic_constraints/kinematic_constraint.h
[7.394s] -- Up-to-date: /home/thisum/my_ws/install/moveit_core/include/moveit/kinematic_constraints/utils.h
[7.394s] -- Up-to-date: /home/thisum/my_ws/install/moveit_core/include
[7.394s] -- Up-to-date: /home/thisum/my_ws/install/moveit_core/include/moveit
[7.394s] -- Up-to-date: /home/thisum/my_ws/install/moveit_core/include/moveit/kinematics_metrics
[7.394s] -- Up-to-date: /home/thisum/my_ws/install/moveit_core/include/moveit/kinematics_metrics/kinematics_metrics.h
[7.394s] -- Up-to-date: /home/thisum/my_ws/install/moveit_core/include
[7.396s] -- Up-to-date: /home/thisum/my_ws/install/moveit_core/include/moveit
[7.396s] -- Up-to-date: /home/thisum/my_ws/install/moveit_core/include/moveit/macros
[7.396s] -- Up-to-date: /home/thisum/my_ws/install/moveit_core/include/moveit/macros/console_colors.h
[7.396s] -- Up-to-date: /home/thisum/my_ws/install/moveit_core/include/moveit/macros/declare_ptr.h
[7.396s] -- Up-to-date: /home/thisum/my_ws/install/moveit_core/include/moveit/macros/deprecation.h
[7.396s] -- Up-to-date: /home/thisum/my_ws/install/moveit_core/include/moveit/macros/class_forward.h
[7.396s] -- Up-to-date: /home/thisum/my_ws/install/moveit_core/include/moveit_butterworth_parameters
[7.396s] -- Up-to-date: /home/thisum/my_ws/install/moveit_core/include/moveit_butterworth_parameters/moveit_butterworth_parameters.hpp
[7.396s] -- Up-to-date: /home/thisum/my_ws/install/moveit_core/include
[7.396s] -- Up-to-date: /home/thisum/my_ws/install/moveit_core/include/moveit
[7.396s] -- Up-to-date: /home/thisum/my_ws/install/moveit_core/include/moveit/online_signal_smoothing
[7.396s] -- Up-to-date: /home/thisum/my_ws/install/moveit_core/include/moveit/online_signal_smoothing/smoothing_base_class.h
[7.396s] -- Up-to-date: /home/thisum/my_ws/install/moveit_core/include/moveit/online_signal_smoothing/butterworth_filter.h
[7.396s] -- Up-to-date: /home/thisum/my_ws/install/moveit_core/include/moveit_smoothing_base_export.h
[7.396s] -- Up-to-date: /home/thisum/my_ws/install/moveit_core/include/moveit_butterworth_filter_export.h
[7.396s] -- Up-to-date: /home/thisum/my_ws/install/moveit_core/include
[7.397s] -- Up-to-date: /home/thisum/my_ws/install/moveit_core/include/moveit
[7.397s] -- Up-to-date: /home/thisum/my_ws/install/moveit_core/include/moveit/planning_interface
[7.397s] -- Up-to-date: /home/thisum/my_ws/install/moveit_core/include/moveit/planning_interface/planning_interface.h
[7.397s] -- Up-to-date: /home/thisum/my_ws/install/moveit_core/include/moveit/planning_interface/planning_request.h
[7.397s] -- Up-to-date: /home/thisum/my_ws/install/moveit_core/include/moveit/planning_interface/planning_response.h
[7.397s] -- Up-to-date: /home/thisum/my_ws/install/moveit_core/include
[7.397s] -- Up-to-date: /home/thisum/my_ws/install/moveit_core/include/moveit
[7.397s] -- Up-to-date: /home/thisum/my_ws/install/moveit_core/include/moveit/planning_request_adapter
[7.397s] -- Up-to-date: /home/thisum/my_ws/install/moveit_core/include/moveit/planning_request_adapter/planning_request_adapter.h
[7.397s] -- Up-to-date: /home/thisum/my_ws/install/moveit_core/include
[7.397s] -- Up-to-date: /home/thisum/my_ws/install/moveit_core/include/moveit
[7.397s] -- Up-to-date: /home/thisum/my_ws/install/moveit_core/include/moveit/planning_scene
[7.397s] -- Up-to-date: /home/thisum/my_ws/install/moveit_core/include/moveit/planning_scene/planning_scene.h
[7.400s] -- Up-to-date: /home/thisum/my_ws/install/moveit_core/include/moveit_planning_scene_export.h
[7.401s] -- Up-to-date: /home/thisum/my_ws/install/moveit_core/include
[7.401s] -- Up-to-date: /home/thisum/my_ws/install/moveit_core/include/moveit
[7.401s] -- Up-to-date: /home/thisum/my_ws/install/moveit_core/include/moveit/robot_model
[7.401s] -- Up-to-date: /home/thisum/my_ws/install/moveit_core/include/moveit/robot_model/robot_model.h
[7.402s] -- Up-to-date: /home/thisum/my_ws/install/moveit_core/include/moveit/robot_model/floating_joint_model.h
[7.402s] -- Up-to-date: /home/thisum/my_ws/install/moveit_core/include/moveit/robot_model/joint_model.h
[7.402s] -- Up-to-date: /home/thisum/my_ws/install/moveit_core/include/moveit/robot_model/joint_model_group.h
[7.402s] -- Up-to-date: /home/thisum/my_ws/install/moveit_core/include/moveit/robot_model/revolute_joint_model.h
[7.402s] -- Up-to-date: /home/thisum/my_ws/install/moveit_core/include/moveit/robot_model/prismatic_joint_model.h
[7.402s] -- Up-to-date: /home/thisum/my_ws/install/moveit_core/include/moveit/robot_model/fixed_joint_model.h
[7.402s] -- Up-to-date: /home/thisum/my_ws/install/moveit_core/include/moveit/robot_model/planar_joint_model.h
[7.402s] -- Up-to-date: /home/thisum/my_ws/install/moveit_core/include/moveit/robot_model/aabb.h
[7.403s] -- Up-to-date: /home/thisum/my_ws/install/moveit_core/include/moveit/robot_model/link_model.h
[7.403s] -- Up-to-date: /home/thisum/my_ws/install/moveit_core/include
[7.403s] -- Up-to-date: /home/thisum/my_ws/install/moveit_core/include/moveit
[7.403s] -- Up-to-date: /home/thisum/my_ws/install/moveit_core/include/moveit/robot_state
[7.403s] -- Up-to-date: /home/thisum/my_ws/install/moveit_core/include/moveit/robot_state/robot_state.h
[7.403s] -- Up-to-date: /home/thisum/my_ws/install/moveit_core/include/moveit/robot_state/conversions.h
[7.403s] -- Up-to-date: /home/thisum/my_ws/install/moveit_core/include/moveit/robot_state/attached_body.h
[7.403s] -- Up-to-date: /home/thisum/my_ws/install/moveit_core/include/moveit/robot_state/cartesian_interpolator.h
[7.403s] -- Up-to-date: /home/thisum/my_ws/install/moveit_core/include
[7.403s] -- Up-to-date: /home/thisum/my_ws/install/moveit_core/include/moveit
[7.403s] -- Up-to-date: /home/thisum/my_ws/install/moveit_core/include/moveit/robot_trajectory
[7.404s] -- Up-to-date: /home/thisum/my_ws/install/moveit_core/include/moveit/robot_trajectory/robot_trajectory.h
[7.404s] -- Up-to-date: /home/thisum/my_ws/install/moveit_core/include
[7.404s] -- Up-to-date: /home/thisum/my_ws/install/moveit_core/include/moveit
[7.405s] -- Up-to-date: /home/thisum/my_ws/install/moveit_core/include/moveit/sensor_manager
[7.406s] -- Up-to-date: /home/thisum/my_ws/install/moveit_core/include/moveit/sensor_manager/sensor_manager.h
[7.406s] -- Up-to-date: /home/thisum/my_ws/install/moveit_core/include
[7.406s] -- Up-to-date: /home/thisum/my_ws/install/moveit_core/include/moveit
[7.406s] -- Up-to-date: /home/thisum/my_ws/install/moveit_core/include/moveit/trajectory_processing
[7.407s] -- Up-to-date: /home/thisum/my_ws/install/moveit_core/include/moveit/trajectory_processing/iterative_time_parameterization.h
[7.407s] -- Up-to-date: /home/thisum/my_ws/install/moveit_core/include/moveit/trajectory_processing/time_parameterization.h
[7.407s] -- Up-to-date: /home/thisum/my_ws/install/moveit_core/include/moveit/trajectory_processing/time_optimal_trajectory_generation.h
[7.407s] -- Up-to-date: /home/thisum/my_ws/install/moveit_core/include/moveit/trajectory_processing/ruckig_traj_smoothing.h
[7.407s] -- Up-to-date: /home/thisum/my_ws/install/moveit_core/include/moveit/trajectory_processing/trajectory_tools.h
[7.407s] -- Up-to-date: /home/thisum/my_ws/install/moveit_core/include/moveit/trajectory_processing/iterative_spline_parameterization.h
[7.407s] -- Up-to-date: /home/thisum/my_ws/install/moveit_core/include
[7.407s] -- Up-to-date: /home/thisum/my_ws/install/moveit_core/include/moveit
[7.408s] -- Up-to-date: /home/thisum/my_ws/install/moveit_core/include/moveit/transforms
[7.408s] -- Up-to-date: /home/thisum/my_ws/install/moveit_core/include/moveit/transforms/transforms.h
[7.408s] -- Up-to-date: /home/thisum/my_ws/install/moveit_core/include
[7.408s] -- Up-to-date: /home/thisum/my_ws/install/moveit_core/include/moveit
[7.408s] -- Up-to-date: /home/thisum/my_ws/install/moveit_core/include/moveit/utils
[7.410s] -- Up-to-date: /home/thisum/my_ws/install/moveit_core/include/moveit/utils/robot_model_test_utils.h
[7.410s] -- Up-to-date: /home/thisum/my_ws/install/moveit_core/include/moveit/utils/lexical_casts.h
[7.410s] -- Up-to-date: /home/thisum/my_ws/install/moveit_core/include/moveit/utils/message_checks.h
[7.410s] -- Up-to-date: /home/thisum/my_ws/install/moveit_core/include/moveit/utils/rclcpp_utils.h
[7.410s] -- Up-to-date: /home/thisum/my_ws/install/moveit_core/include/moveit/utils/moveit_error_code.h
[7.411s] -- Up-to-date: /home/thisum/my_ws/install/moveit_core/bin/moveit_version
[7.412s] -- Up-to-date: /home/thisum/my_ws/install/moveit_core/include
[7.412s] -- Up-to-date: /home/thisum/my_ws/install/moveit_core/include/moveit
[7.412s] -- Up-to-date: /home/thisum/my_ws/install/moveit_core/include/moveit/collision_detection
[7.412s] -- Up-to-date: /home/thisum/my_ws/install/moveit_core/include/moveit/collision_detection/test_collision_common_panda.h
[7.412s] -- Up-to-date: /home/thisum/my_ws/install/moveit_core/include/moveit/collision_detection/world_diff.h
[7.412s] -- Up-to-date: /home/thisum/my_ws/install/moveit_core/include/moveit/collision_detection/collision_env.h
[7.412s] -- Up-to-date: /home/thisum/my_ws/install/moveit_core/include/moveit/collision_detection/allvalid
[7.414s] -- Up-to-date: /home/thisum/my_ws/install/moveit_core/include/moveit/collision_detection/allvalid/collision_env_allvalid.h
[7.414s] -- Up-to-date: /home/thisum/my_ws/install/moveit_core/include/moveit/collision_detection/allvalid/collision_detector_allocator_allvalid.h
[7.414s] -- Up-to-date: /home/thisum/my_ws/install/moveit_core/include/moveit/collision_detection/collision_matrix.h
[7.414s] -- Up-to-date: /home/thisum/my_ws/install/moveit_core/include/moveit/collision_detection/collision_common.h
[7.414s] -- Up-to-date: /home/thisum/my_ws/install/moveit_core/include/moveit/collision_detection/world.h
[7.414s] -- Up-to-date: /home/thisum/my_ws/install/moveit_core/include/moveit/collision_detection/collision_plugin_cache.h
[7.414s] -- Up-to-date: /home/thisum/my_ws/install/moveit_core/include/moveit/collision_detection/collision_tools.h
[7.414s] -- Up-to-date: /home/thisum/my_ws/install/moveit_core/include/moveit/collision_detection/occupancy_map.h
[7.414s] -- Up-to-date: /home/thisum/my_ws/install/moveit_core/include/moveit/collision_detection/test_collision_common_pr2.h
[7.414s] -- Up-to-date: /home/thisum/my_ws/install/moveit_core/include/moveit/collision_detection/collision_detector_allocator.h
[7.414s] -- Up-to-date: /home/thisum/my_ws/install/moveit_core/include/moveit/collision_detection/collision_octomap_filter.h
[7.415s] -- Up-to-date: /home/thisum/my_ws/install/moveit_core/include/moveit/collision_detection/collision_plugin.h
[7.415s] -- Up-to-date: /home/thisum/my_ws/install/moveit_core/include/moveit_collision_detection_export.h
[7.415s] -- Up-to-date: /home/thisum/my_ws/install/moveit_core/include
[7.415s] -- Up-to-date: /home/thisum/my_ws/install/moveit_core/include/moveit
[7.415s] -- Up-to-date: /home/thisum/my_ws/install/moveit_core/include/moveit/collision_detection_bullet
[7.415s] -- Up-to-date: /home/thisum/my_ws/install/moveit_core/include/moveit/collision_detection_bullet/collision_detector_allocator_bullet.h
[7.415s] -- Up-to-date: /home/thisum/my_ws/install/moveit_core/include/moveit/collision_detection_bullet/collision_env_bullet.h
[7.415s] -- Up-to-date: /home/thisum/my_ws/install/moveit_core/include/moveit/collision_detection_bullet/bullet_integration
[7.415s] -- Up-to-date: /home/thisum/my_ws/install/moveit_core/include/moveit/collision_detection_bullet/bullet_integration/bullet_bvh_manager.h
[7.416s] -- Up-to-date: /home/thisum/my_ws/install/moveit_core/include/moveit/collision_detection_bullet/bullet_integration/basic_types.h
[7.416s] -- Up-to-date: /home/thisum/my_ws/install/moveit_core/include/moveit/collision_detection_bullet/bullet_integration/contact_checker_common.h
[7.416s] -- Up-to-date: /home/thisum/my_ws/install/moveit_core/include/moveit/collision_detection_bullet/bullet_integration/ros_bullet_utils.h
[7.416s] -- Up-to-date: /home/thisum/my_ws/install/moveit_core/include/moveit/collision_detection_bullet/bullet_integration/bullet_discrete_bvh_manager.h
[7.416s] -- Up-to-date: /home/thisum/my_ws/install/moveit_core/include/moveit/collision_detection_bullet/bullet_integration/bullet_utils.h
[7.416s] -- Up-to-date: /home/thisum/my_ws/install/moveit_core/include/moveit/collision_detection_bullet/bullet_integration/bullet_cast_bvh_manager.h
[7.416s] -- Up-to-date: /home/thisum/my_ws/install/moveit_core/include/moveit/collision_detection_bullet/collision_detector_bullet_plugin_loader.h
[7.416s] -- Up-to-date: /home/thisum/my_ws/install/moveit_core/include/moveit_collision_detection_bullet_export.h
[7.416s] -- Up-to-date: /home/thisum/my_ws/install/moveit_core/include
[7.416s] -- Up-to-date: /home/thisum/my_ws/install/moveit_core/include/moveit
[7.416s] -- Up-to-date: /home/thisum/my_ws/install/moveit_core/include/moveit/collision_detection_fcl
[7.417s] -- Up-to-date: /home/thisum/my_ws/install/moveit_core/include/moveit/collision_detection_fcl/fcl_compat.h
[7.417s] -- Up-to-date: /home/thisum/my_ws/install/moveit_core/include/moveit/collision_detection_fcl/collision_detector_allocator_fcl.h
[7.417s] -- Up-to-date: /home/thisum/my_ws/install/moveit_core/include/moveit/collision_detection_fcl/collision_common.h
[7.417s] -- Up-to-date: /home/thisum/my_ws/install/moveit_core/include/moveit/collision_detection_fcl/collision_detector_fcl_plugin_loader.h
[7.417s] -- Up-to-date: /home/thisum/my_ws/install/moveit_core/include/moveit/collision_detection_fcl/collision_env_fcl.h
[7.417s] -- Up-to-date: /home/thisum/my_ws/install/moveit_core/include/moveit_collision_detection_fcl_export.h
[7.420s] -- Up-to-date: /home/thisum/my_ws/install/moveit_core/lib/libcollision_detector_bullet_plugin.so.2.5.5
[7.420s] -- Up-to-date: /home/thisum/my_ws/install/moveit_core/lib/libcollision_detector_bullet_plugin.so
[7.422s] -- Up-to-date: /home/thisum/my_ws/install/moveit_core/lib/libmoveit_butterworth_filter.so.2.5.5
[7.423s] -- Up-to-date: /home/thisum/my_ws/install/moveit_core/lib/libmoveit_butterworth_filter.so
[7.425s] -- Up-to-date: /home/thisum/my_ws/install/moveit_core/lib/libmoveit_collision_distance_field.so.2.5.5
[7.426s] -- Up-to-date: /home/thisum/my_ws/install/moveit_core/lib/libmoveit_collision_distance_field.so
[7.426s] -- Up-to-date: /home/thisum/my_ws/install/moveit_core/lib/libmoveit_collision_detection.so.2.5.5
[7.427s] -- Up-to-date: /home/thisum/my_ws/install/moveit_core/lib/libmoveit_collision_detection.so
[7.427s] -- Up-to-date: /home/thisum/my_ws/install/moveit_core/lib/libmoveit_collision_detection_fcl.so.2.5.5
[7.427s] -- Up-to-date: /home/thisum/my_ws/install/moveit_core/lib/libmoveit_collision_detection_fcl.so
[7.429s] -- Up-to-date: /home/thisum/my_ws/install/moveit_core/lib/libmoveit_collision_detection_bullet.so.2.5.5
[7.430s] -- Up-to-date: /home/thisum/my_ws/install/moveit_core/lib/libmoveit_collision_detection_bullet.so
[7.430s] -- Up-to-date: /home/thisum/my_ws/install/moveit_core/lib/libmoveit_dynamics_solver.so.2.5.5
[7.430s] -- Up-to-date: /home/thisum/my_ws/install/moveit_core/lib/libmoveit_dynamics_solver.so
[7.432s] -- Up-to-date: /home/thisum/my_ws/install/moveit_core/lib/libmoveit_constraint_samplers.so.2.5.5
[7.432s] -- Up-to-date: /home/thisum/my_ws/install/moveit_core/lib/libmoveit_constraint_samplers.so
[7.434s] -- Up-to-date: /home/thisum/my_ws/install/moveit_core/lib/libmoveit_distance_field.so.2.5.5
[7.435s] -- Up-to-date: /home/thisum/my_ws/install/moveit_core/lib/libmoveit_distance_field.so
[7.435s] -- Up-to-date: /home/thisum/my_ws/install/moveit_core/lib/libmoveit_exceptions.so.2.5.5
[7.435s] -- Up-to-date: /home/thisum/my_ws/install/moveit_core/lib/libmoveit_exceptions.so
[7.435s] -- Up-to-date: /home/thisum/my_ws/install/moveit_core/lib/libmoveit_kinematics_base.so
[7.436s] -- Up-to-date: /home/thisum/my_ws/install/moveit_core/lib/libmoveit_kinematic_constraints.so.2.5.5
[7.436s] -- Up-to-date: /home/thisum/my_ws/install/moveit_core/lib/libmoveit_kinematic_constraints.so
[7.436s] -- Up-to-date: /home/thisum/my_ws/install/moveit_core/lib/libmoveit_kinematics_metrics.so.2.5.5
[7.436s] -- Up-to-date: /home/thisum/my_ws/install/moveit_core/lib/libmoveit_kinematics_metrics.so
[7.436s] -- Up-to-date: /home/thisum/my_ws/install/moveit_core/lib/libmoveit_planning_interface.so.2.5.5
[7.437s] -- Up-to-date: /home/thisum/my_ws/install/moveit_core/lib/libmoveit_planning_interface.so
[7.438s] -- Up-to-date: /home/thisum/my_ws/install/moveit_core/lib/libmoveit_planning_scene.so.2.5.5
[7.439s] -- Up-to-date: /home/thisum/my_ws/install/moveit_core/lib/libmoveit_planning_scene.so
[7.439s] -- Up-to-date: /home/thisum/my_ws/install/moveit_core/lib/libmoveit_planning_request_adapter.so.2.5.5
[7.444s] -- Up-to-date: /home/thisum/my_ws/install/moveit_core/lib/libmoveit_planning_request_adapter.so
[7.444s] -- Up-to-date: /home/thisum/my_ws/install/moveit_core/lib/libmoveit_robot_model.so.2.5.5
[7.444s] -- Up-to-date: /home/thisum/my_ws/install/moveit_core/lib/libmoveit_robot_model.so
[7.444s] -- Up-to-date: /home/thisum/my_ws/install/moveit_core/lib/libmoveit_robot_state.so.2.5.5
[7.444s] -- Up-to-date: /home/thisum/my_ws/install/moveit_core/lib/libmoveit_robot_state.so
[7.444s] -- Up-to-date: /home/thisum/my_ws/install/moveit_core/lib/libmoveit_robot_trajectory.so.2.5.5
[7.444s] -- Up-to-date: /home/thisum/my_ws/install/moveit_core/lib/libmoveit_robot_trajectory.so
[7.444s] -- Up-to-date: /home/thisum/my_ws/install/moveit_core/lib/libmoveit_smoothing_base.so.2.5.5
[7.444s] -- Up-to-date: /home/thisum/my_ws/install/moveit_core/lib/libmoveit_smoothing_base.so
[7.447s] -- Up-to-date: /home/thisum/my_ws/install/moveit_core/lib/libmoveit_test_utils.so.2.5.5
[7.447s] -- Up-to-date: /home/thisum/my_ws/install/moveit_core/lib/libmoveit_test_utils.so
[7.448s] -- Up-to-date: /home/thisum/my_ws/install/moveit_core/lib/libmoveit_trajectory_processing.so.2.5.5
[7.448s] -- Up-to-date: /home/thisum/my_ws/install/moveit_core/lib/libmoveit_trajectory_processing.so
[7.448s] -- Up-to-date: /home/thisum/my_ws/install/moveit_core/lib/libmoveit_transforms.so.2.5.5
[7.448s] -- Up-to-date: /home/thisum/my_ws/install/moveit_core/lib/libmoveit_transforms.so
[7.448s] -- Up-to-date: /home/thisum/my_ws/install/moveit_core/lib/libmoveit_utils.so.2.5.5
[7.448s] -- Up-to-date: /home/thisum/my_ws/install/moveit_core/lib/libmoveit_utils.so
[7.448s] -- Up-to-date: /home/thisum/my_ws/install/moveit_core/share/moveit_core/environment/library_path.sh
[7.448s] -- Installing: /home/thisum/my_ws/install/moveit_core/share/moveit_core/environment/library_path.dsv
[7.448s] -- Up-to-date: /home/thisum/my_ws/install/moveit_core/share/moveit_core/collision_detector_fcl_description.xml
[7.448s] -- Up-to-date: /home/thisum/my_ws/install/moveit_core/share/moveit_core/collision_detector_bullet_description.xml
[7.448s] -- Up-to-date: /home/thisum/my_ws/install/moveit_core/share/moveit_core/filter_plugin_butterworth.xml
[7.448s] -- Up-to-date: /home/thisum/my_ws/install/moveit_core/share/ament_index/resource_index/package_run_dependencies/moveit_core
[7.448s] -- Installing: /home/thisum/my_ws/install/moveit_core/share/ament_index/resource_index/parent_prefix_path/moveit_core
[7.449s] -- Up-to-date: /home/thisum/my_ws/install/moveit_core/share/moveit_core/environment/ament_prefix_path.sh
[7.449s] -- Installing: /home/thisum/my_ws/install/moveit_core/share/moveit_core/environment/ament_prefix_path.dsv
[7.450s] -- Up-to-date: /home/thisum/my_ws/install/moveit_core/share/moveit_core/environment/path.sh
[7.450s] -- Installing: /home/thisum/my_ws/install/moveit_core/share/moveit_core/environment/path.dsv
[7.451s] -- Up-to-date: /home/thisum/my_ws/install/moveit_core/share/moveit_core/local_setup.bash
[7.451s] -- Up-to-date: /home/thisum/my_ws/install/moveit_core/share/moveit_core/local_setup.sh
[7.451s] -- Up-to-date: /home/thisum/my_ws/install/moveit_core/share/moveit_core/local_setup.zsh
[7.451s] -- Installing: /home/thisum/my_ws/install/moveit_core/share/moveit_core/local_setup.dsv
[7.452s] -- Installing: /home/thisum/my_ws/install/moveit_core/share/moveit_core/package.dsv
[7.452s] -- Up-to-date: /home/thisum/my_ws/install/moveit_core/share/ament_index/resource_index/packages/moveit_core
[7.455s] -- Up-to-date: /home/thisum/my_ws/install/moveit_core/share/ament_index/resource_index/moveit_core__pluginlib__plugin/moveit_core
[7.457s] -- Up-to-date: /home/thisum/my_ws/install/moveit_core/share/moveit_core/cmake/export_moveit_coreExport.cmake
[7.457s] -- Up-to-date: /home/thisum/my_ws/install/moveit_core/share/moveit_core/cmake/export_moveit_coreExport-release.cmake
[7.458s] -- Up-to-date: /home/thisum/my_ws/install/moveit_core/share/moveit_core/cmake/ConfigExtras.cmake
[7.458s] -- Up-to-date: /home/thisum/my_ws/install/moveit_core/share/moveit_core/cmake/ament_cmake_export_targets-extras.cmake
[7.458s] -- Up-to-date: /home/thisum/my_ws/install/moveit_core/share/moveit_core/cmake/ament_cmake_export_dependencies-extras.cmake
[7.458s] -- Up-to-date: /home/thisum/my_ws/install/moveit_core/share/moveit_core/cmake/moveit_coreConfig.cmake
[7.458s] -- Up-to-date: /home/thisum/my_ws/install/moveit_core/share/moveit_core/cmake/moveit_coreConfig-version.cmake
[7.458s] -- Up-to-date: /home/thisum/my_ws/install/moveit_core/share/moveit_core/package.xml
[7.465s] Invoked command in '/home/thisum/my_ws/build/moveit_core' returned '0': CMAKE_PREFIX_PATH=/home/thisum/my_ws/install/moveit_resources_panda_moveit_config:/home/thisum/my_ws/install/srdfdom:/home/thisum/my_ws/install/moveit_resources_pr2_description:/home/thisum/my_ws/install/moveit_resources_panda_description:/home/thisum/my_ws/install/moveit_common:/home/thisum/my_ws/install/pilz_industrial_motion_planner_testutils:/home/thisum/my_ws/install/narm_config:/home/thisum/my_ws/install/moveit_runtime:/home/thisum/my_ws/install/moveit2_tutorials:/home/thisum/my_ws/install/moveit:/home/thisum/my_ws/install/arm_config:/home/thisum/my_ws/install/moveit_planners:/home/thisum/my_ws/install/pilz_industrial_motion_planner:/home/thisum/my_ws/install/moveit_visual_tools:/home/thisum/my_ws/install/moveit_task_constructor_visualization:/home/thisum/my_ws/install/moveit_task_constructor_demo:/home/thisum/my_ws/install/moveit_task_constructor_capabilities:/home/thisum/my_ws/install/moveit_task_constructor_core:/home/thisum/my_ws/install/moveit_ros_control_interface:/home/thisum/my_ws/install/moveit_plugins:/home/thisum/my_ws/install/moveit_simple_controller_manager:/home/thisum/my_ws/install/moveit_setup_assistant:/home/thisum/my_ws/install/moveit_setup_srdf_plugins:/home/thisum/my_ws/install/moveit_setup_core_plugins:/home/thisum/my_ws/install/moveit_setup_controllers:/home/thisum/my_ws/install/moveit_setup_app_plugins:/home/thisum/my_ws/install/moveit_setup_framework:/home/thisum/my_ws/install/moveit_servo:/home/thisum/my_ws/install/moveit_ros:/home/thisum/my_ws/install/moveit_ros_visualization:/home/thisum/my_ws/install/moveit_hybrid_planning:/home/thisum/my_ws/install/moveit_ros_planning_interface:/home/thisum/my_ws/install/moveit_ros_benchmarks:/home/thisum/my_ws/install/moveit_ros_warehouse:/home/thisum/my_ws/install/moveit_ros_robot_interaction:/home/thisum/my_ws/install/moveit_ros_perception:/home/thisum/my_ws/install/moveit_resources_prbt_pg70_support:/home/thisum/my_ws/install/moveit_resources_prbt_moveit_config:/home/thisum/my_ws/install/moveit_ros_move_group:/home/thisum/my_ws/install/moveit_planners_ompl:/home/thisum/my_ws/install/moveit_ros_planning:/home/thisum/my_ws/install/moveit_ros_occupancy_map_monitor:/home/thisum/my_ws/install/moveit_resources_prbt_ikfast_manipulator_plugin:/home/thisum/my_ws/install/moveit_planners_chomp:/home/thisum/my_ws/install/moveit_kinematics:/home/thisum/my_ws/install/moveit_chomp_optimizer_adapter:/home/thisum/my_ws/install/chomp_motion_planner:/home/thisum/my_ws/install/moveit_core:/home/thisum/my_ws/install/rviz_marker_tools:/home/thisum/my_ws/install/rosparam_shortcuts:/home/thisum/my_ws/install/new_full_arm:/home/thisum/my_ws/install/moveit_task_constructor_msgs:/home/thisum/my_ws/install/moveit_resources_prbt_support:/home/thisum/my_ws/install/moveit_resources:/home/thisum/my_ws/install/moveit_resources_fanuc_moveit_config:/home/thisum/my_ws/install/moveit_resources_fanuc_description:/home/thisum/my_ws/install/moveit_configs_utils:/home/thisum/my_ws/install/launch_param_builder:/opt/ros/humble LD_LIBRARY_PATH=/home/thisum/my_ws/install/srdfdom/lib:/home/thisum/my_ws/install/pilz_industrial_motion_planner_testutils/lib:/home/thisum/my_ws/install/pilz_industrial_motion_planner/lib:/home/thisum/my_ws/install/moveit_visual_tools/lib:/home/thisum/my_ws/install/moveit_task_constructor_visualization/lib:/home/thisum/my_ws/install/moveit_task_constructor_demo/lib:/home/thisum/my_ws/install/moveit_task_constructor_capabilities/lib:/home/thisum/my_ws/install/moveit_task_constructor_core/lib:/home/thisum/my_ws/install/moveit_ros_control_interface/lib:/home/thisum/my_ws/install/moveit_simple_controller_manager/lib:/home/thisum/my_ws/install/moveit_setup_assistant/lib:/home/thisum/my_ws/install/moveit_setup_srdf_plugins/lib:/home/thisum/my_ws/install/moveit_setup_core_plugins/lib:/home/thisum/my_ws/install/moveit_setup_controllers/lib:/home/thisum/my_ws/install/moveit_setup_app_plugins/lib:/home/thisum/my_ws/install/moveit_setup_framework/lib:/home/thisum/my_ws/install/moveit_servo/lib:/home/thisum/my_ws/install/moveit_ros_visualization/lib:/home/thisum/my_ws/install/moveit_hybrid_planning/lib:/home/thisum/my_ws/install/moveit_ros_planning_interface/lib:/home/thisum/my_ws/install/moveit_ros_benchmarks/lib:/home/thisum/my_ws/install/moveit_ros_warehouse/lib:/home/thisum/my_ws/install/moveit_ros_robot_interaction/lib:/home/thisum/my_ws/install/moveit_ros_perception/lib:/home/thisum/my_ws/install/moveit_ros_move_group/lib:/home/thisum/my_ws/install/moveit_planners_ompl/lib:/home/thisum/my_ws/install/moveit_ros_planning/lib:/home/thisum/my_ws/install/moveit_ros_occupancy_map_monitor/lib:/home/thisum/my_ws/install/moveit_resources_prbt_ikfast_manipulator_plugin/lib:/home/thisum/my_ws/install/moveit_planners_chomp/lib:/home/thisum/my_ws/install/moveit_kinematics/lib:/home/thisum/my_ws/install/moveit_chomp_optimizer_adapter/lib:/home/thisum/my_ws/install/chomp_motion_planner/lib:/home/thisum/my_ws/install/moveit_core/lib:/home/thisum/my_ws/install/rviz_marker_tools/lib:/home/thisum/my_ws/install/rosparam_shortcuts/lib:/home/thisum/my_ws/install/moveit_task_constructor_msgs/lib:/usr/lib/x86_64-linux-gnu/gazebo-11/plugins:/opt/ros/humble/opt/rviz_ogre_vendor/lib:/opt/ros/humble/lib/x86_64-linux-gnu:/opt/ros/humble/lib /usr/bin/cmake --install /home/thisum/my_ws/build/moveit_core
