[0.071s] Invoking command in '/home/thisum/my_ws/build/moveit_servo': AMENT_PREFIX_PATH=/home/thisum/my_ws/install/moveit_ros_planning_interface:/home/thisum/my_ws/install/moveit_ros_move_group:/home/thisum/my_ws/install/moveit_ros_warehouse:/home/thisum/my_ws/install/moveit_planners_ompl:/home/thisum/my_ws/install/moveit_kinematics:/home/thisum/my_ws/install/moveit_ros_planning:/home/thisum/my_ws/install/moveit_simple_controller_manager:/home/thisum/my_ws/install/moveit_ros_occupancy_map_monitor:/home/thisum/my_ws/install/moveit_core:/home/thisum/my_ws/install/moveit_resources_panda_moveit_config:/home/thisum/my_ws/install/moveit_resources_fanuc_moveit_config:/home/thisum/my_ws/install/moveit_configs_utils:/home/thisum/my_ws/install/srdfdom:/home/thisum/my_ws/install/moveit_resources_pr2_description:/home/thisum/my_ws/install/moveit_resources_panda_description:/home/thisum/my_ws/install/moveit_resources_fanuc_description:/home/thisum/my_ws/install/moveit_common:/home/thisum/my_ws/install/launch_param_builder:${AMENT_PREFIX_PATH} CMAKE_PREFIX_PATH=/home/thisum/my_ws/install/moveit_ros_planning_interface:/home/thisum/my_ws/install/moveit_ros_move_group:/home/thisum/my_ws/install/moveit_ros_warehouse:/home/thisum/my_ws/install/moveit_planners_ompl:/home/thisum/my_ws/install/moveit_kinematics:/home/thisum/my_ws/install/moveit_ros_planning:/home/thisum/my_ws/install/moveit_simple_controller_manager:/home/thisum/my_ws/install/moveit_ros_occupancy_map_monitor:/home/thisum/my_ws/install/moveit_core:/home/thisum/my_ws/install/moveit_resources_panda_moveit_config:/home/thisum/my_ws/install/moveit_resources_fanuc_moveit_config:/home/thisum/my_ws/install/srdfdom:/home/thisum/my_ws/install/moveit_resources_pr2_description:/home/thisum/my_ws/install/moveit_resources_panda_description:/home/thisum/my_ws/install/moveit_resources_fanuc_description:/home/thisum/my_ws/install/moveit_common:/opt/ros/humble LD_LIBRARY_PATH=/home/thisum/my_ws/install/moveit_ros_planning_interface/lib:/home/thisum/my_ws/install/moveit_ros_move_group/lib:/home/thisum/my_ws/install/moveit_ros_warehouse/lib:/home/thisum/my_ws/install/moveit_planners_ompl/lib:/home/thisum/my_ws/install/moveit_kinematics/lib:/home/thisum/my_ws/install/moveit_ros_planning/lib:/home/thisum/my_ws/install/moveit_simple_controller_manager/lib:/home/thisum/my_ws/install/moveit_ros_occupancy_map_monitor/lib:/home/thisum/my_ws/install/moveit_core/lib:/home/thisum/my_ws/install/srdfdom/lib:${LD_LIBRARY_PATH} PATH=/home/thisum/my_ws/install/moveit_core/bin:${PATH} PYTHONPATH=/home/thisum/my_ws/install/moveit_configs_utils/lib/python3.10/site-packages:/home/thisum/my_ws/install/srdfdom/local/lib/python3.10/dist-packages:/home/thisum/my_ws/install/launch_param_builder/lib/python3.10/site-packages:${PYTHONPATH} /usr/bin/cmake --build /home/thisum/my_ws/build/moveit_servo -- -j6 -l6
[0.174s] [  6%] Built target gtest_main
[0.175s] [ 12%] Built target gtest
[0.175s] [ 18%] Built target fake_command_publisher
[0.179s] [ 24%] Built target servo_controller_input
[0.187s] [ 33%] Built target moveit_servo_lib_parameters
[0.246s] [ 39%] Built target test_servo_integration
[0.258s] [ 45%] Built target test_servo_collision
[0.261s] [ 63%] Built target moveit_servo_lib
[0.321s] [ 69%] Built target pose_tracking
[0.324s] [ 78%] Built target servo_node
[0.325s] [ 81%] Built target servo_calcs_unit_tests
[0.386s] [ 93%] Built target servo_node_main
[0.386s] [ 93%] Built target servo_pose_tracking_demo
[0.387s] [100%] Built target test_servo_pose_tracking
[0.406s] Invoked command in '/home/thisum/my_ws/build/moveit_servo' returned '0': AMENT_PREFIX_PATH=/home/thisum/my_ws/install/moveit_ros_planning_interface:/home/thisum/my_ws/install/moveit_ros_move_group:/home/thisum/my_ws/install/moveit_ros_warehouse:/home/thisum/my_ws/install/moveit_planners_ompl:/home/thisum/my_ws/install/moveit_kinematics:/home/thisum/my_ws/install/moveit_ros_planning:/home/thisum/my_ws/install/moveit_simple_controller_manager:/home/thisum/my_ws/install/moveit_ros_occupancy_map_monitor:/home/thisum/my_ws/install/moveit_core:/home/thisum/my_ws/install/moveit_resources_panda_moveit_config:/home/thisum/my_ws/install/moveit_resources_fanuc_moveit_config:/home/thisum/my_ws/install/moveit_configs_utils:/home/thisum/my_ws/install/srdfdom:/home/thisum/my_ws/install/moveit_resources_pr2_description:/home/thisum/my_ws/install/moveit_resources_panda_description:/home/thisum/my_ws/install/moveit_resources_fanuc_description:/home/thisum/my_ws/install/moveit_common:/home/thisum/my_ws/install/launch_param_builder:${AMENT_PREFIX_PATH} CMAKE_PREFIX_PATH=/home/thisum/my_ws/install/moveit_ros_planning_interface:/home/thisum/my_ws/install/moveit_ros_move_group:/home/thisum/my_ws/install/moveit_ros_warehouse:/home/thisum/my_ws/install/moveit_planners_ompl:/home/thisum/my_ws/install/moveit_kinematics:/home/thisum/my_ws/install/moveit_ros_planning:/home/thisum/my_ws/install/moveit_simple_controller_manager:/home/thisum/my_ws/install/moveit_ros_occupancy_map_monitor:/home/thisum/my_ws/install/moveit_core:/home/thisum/my_ws/install/moveit_resources_panda_moveit_config:/home/thisum/my_ws/install/moveit_resources_fanuc_moveit_config:/home/thisum/my_ws/install/srdfdom:/home/thisum/my_ws/install/moveit_resources_pr2_description:/home/thisum/my_ws/install/moveit_resources_panda_description:/home/thisum/my_ws/install/moveit_resources_fanuc_description:/home/thisum/my_ws/install/moveit_common:/opt/ros/humble LD_LIBRARY_PATH=/home/thisum/my_ws/install/moveit_ros_planning_interface/lib:/home/thisum/my_ws/install/moveit_ros_move_group/lib:/home/thisum/my_ws/install/moveit_ros_warehouse/lib:/home/thisum/my_ws/install/moveit_planners_ompl/lib:/home/thisum/my_ws/install/moveit_kinematics/lib:/home/thisum/my_ws/install/moveit_ros_planning/lib:/home/thisum/my_ws/install/moveit_simple_controller_manager/lib:/home/thisum/my_ws/install/moveit_ros_occupancy_map_monitor/lib:/home/thisum/my_ws/install/moveit_core/lib:/home/thisum/my_ws/install/srdfdom/lib:${LD_LIBRARY_PATH} PATH=/home/thisum/my_ws/install/moveit_core/bin:${PATH} PYTHONPATH=/home/thisum/my_ws/install/moveit_configs_utils/lib/python3.10/site-packages:/home/thisum/my_ws/install/srdfdom/local/lib/python3.10/dist-packages:/home/thisum/my_ws/install/launch_param_builder/lib/python3.10/site-packages:${PYTHONPATH} /usr/bin/cmake --build /home/thisum/my_ws/build/moveit_servo -- -j6 -l6
[0.596s] Invoking command in '/home/thisum/my_ws/build/moveit_servo': AMENT_PREFIX_PATH=/home/thisum/my_ws/install/moveit_ros_planning_interface:/home/thisum/my_ws/install/moveit_ros_move_group:/home/thisum/my_ws/install/moveit_ros_warehouse:/home/thisum/my_ws/install/moveit_planners_ompl:/home/thisum/my_ws/install/moveit_kinematics:/home/thisum/my_ws/install/moveit_ros_planning:/home/thisum/my_ws/install/moveit_simple_controller_manager:/home/thisum/my_ws/install/moveit_ros_occupancy_map_monitor:/home/thisum/my_ws/install/moveit_core:/home/thisum/my_ws/install/moveit_resources_panda_moveit_config:/home/thisum/my_ws/install/moveit_resources_fanuc_moveit_config:/home/thisum/my_ws/install/moveit_configs_utils:/home/thisum/my_ws/install/srdfdom:/home/thisum/my_ws/install/moveit_resources_pr2_description:/home/thisum/my_ws/install/moveit_resources_panda_description:/home/thisum/my_ws/install/moveit_resources_fanuc_description:/home/thisum/my_ws/install/moveit_common:/home/thisum/my_ws/install/launch_param_builder:${AMENT_PREFIX_PATH} CMAKE_PREFIX_PATH=/home/thisum/my_ws/install/moveit_ros_planning_interface:/home/thisum/my_ws/install/moveit_ros_move_group:/home/thisum/my_ws/install/moveit_ros_warehouse:/home/thisum/my_ws/install/moveit_planners_ompl:/home/thisum/my_ws/install/moveit_kinematics:/home/thisum/my_ws/install/moveit_ros_planning:/home/thisum/my_ws/install/moveit_simple_controller_manager:/home/thisum/my_ws/install/moveit_ros_occupancy_map_monitor:/home/thisum/my_ws/install/moveit_core:/home/thisum/my_ws/install/moveit_resources_panda_moveit_config:/home/thisum/my_ws/install/moveit_resources_fanuc_moveit_config:/home/thisum/my_ws/install/srdfdom:/home/thisum/my_ws/install/moveit_resources_pr2_description:/home/thisum/my_ws/install/moveit_resources_panda_description:/home/thisum/my_ws/install/moveit_resources_fanuc_description:/home/thisum/my_ws/install/moveit_common:/opt/ros/humble LD_LIBRARY_PATH=/home/thisum/my_ws/install/moveit_ros_planning_interface/lib:/home/thisum/my_ws/install/moveit_ros_move_group/lib:/home/thisum/my_ws/install/moveit_ros_warehouse/lib:/home/thisum/my_ws/install/moveit_planners_ompl/lib:/home/thisum/my_ws/install/moveit_kinematics/lib:/home/thisum/my_ws/install/moveit_ros_planning/lib:/home/thisum/my_ws/install/moveit_simple_controller_manager/lib:/home/thisum/my_ws/install/moveit_ros_occupancy_map_monitor/lib:/home/thisum/my_ws/install/moveit_core/lib:/home/thisum/my_ws/install/srdfdom/lib:${LD_LIBRARY_PATH} PATH=/home/thisum/my_ws/install/moveit_core/bin:${PATH} PYTHONPATH=/home/thisum/my_ws/install/moveit_configs_utils/lib/python3.10/site-packages:/home/thisum/my_ws/install/srdfdom/local/lib/python3.10/dist-packages:/home/thisum/my_ws/install/launch_param_builder/lib/python3.10/site-packages:${PYTHONPATH} /usr/bin/cmake --install /home/thisum/my_ws/build/moveit_servo
[0.606s] -- Install configuration: "Release"
[0.607s] -- Up-to-date: /home/thisum/my_ws/install/moveit_servo/lib/libmoveit_servo_lib.so.2.5.5
[0.607s] -- Up-to-date: /home/thisum/my_ws/install/moveit_servo/lib/libmoveit_servo_lib.so
[0.607s] -- Up-to-date: /home/thisum/my_ws/install/moveit_servo/lib/libmoveit_servo_lib_parameters.so.2.5.5
[0.607s] -- Up-to-date: /home/thisum/my_ws/install/moveit_servo/lib/libmoveit_servo_lib_parameters.so
[0.608s] -- Up-to-date: /home/thisum/my_ws/install/moveit_servo/lib/libpose_tracking.so
[0.608s] -- Up-to-date: /home/thisum/my_ws/install/moveit_servo/lib/libservo_node.so
[0.609s] -- Up-to-date: /home/thisum/my_ws/install/moveit_servo/lib/libservo_controller_input.so
[0.609s] -- Up-to-date: /home/thisum/my_ws/install/moveit_servo/lib/moveit_servo/servo_node_main
[0.609s] -- Up-to-date: /home/thisum/my_ws/install/moveit_servo/lib/moveit_servo/servo_pose_tracking_demo
[0.610s] -- Up-to-date: /home/thisum/my_ws/install/moveit_servo/lib/moveit_servo/fake_command_publisher
[0.610s] -- Up-to-date: /home/thisum/my_ws/install/moveit_servo/include
[0.610s] -- Up-to-date: /home/thisum/my_ws/install/moveit_servo/include/moveit_servo
[0.610s] -- Up-to-date: /home/thisum/my_ws/install/moveit_servo/include/moveit_servo/servo_parameters.h
[0.611s] -- Up-to-date: /home/thisum/my_ws/install/moveit_servo/include/moveit_servo/enforce_limits.hpp
[0.611s] -- Up-to-date: /home/thisum/my_ws/install/moveit_servo/include/moveit_servo/utilities.h
[0.611s] -- Up-to-date: /home/thisum/my_ws/install/moveit_servo/include/moveit_servo/servo_server.h
[0.611s] -- Up-to-date: /home/thisum/my_ws/install/moveit_servo/include/moveit_servo/pose_tracking.h
[0.611s] -- Up-to-date: /home/thisum/my_ws/install/moveit_servo/include/moveit_servo/servo_calcs.h
[0.611s] -- Up-to-date: /home/thisum/my_ws/install/moveit_servo/include/moveit_servo/status_codes.h
[0.612s] -- Up-to-date: /home/thisum/my_ws/install/moveit_servo/include/moveit_servo/make_shared_from_pool.h
[0.612s] -- Up-to-date: /home/thisum/my_ws/install/moveit_servo/include/moveit_servo/collision_check.h
[0.612s] -- Up-to-date: /home/thisum/my_ws/install/moveit_servo/include/moveit_servo/servo.h
[0.612s] -- Up-to-date: /home/thisum/my_ws/install/moveit_servo/include/moveit_servo/servo_node.h
[0.612s] -- Up-to-date: /home/thisum/my_ws/install/moveit_servo/include/moveit_servo/parameter_descriptor_builder.hpp
[0.612s] -- Up-to-date: /home/thisum/my_ws/install/moveit_servo/share/moveit_servo/launch
[0.612s] -- Up-to-date: /home/thisum/my_ws/install/moveit_servo/share/moveit_servo/launch/pose_tracking_example.launch.py
[0.612s] -- Up-to-date: /home/thisum/my_ws/install/moveit_servo/share/moveit_servo/launch/servo_example.launch.py
[0.612s] -- Up-to-date: /home/thisum/my_ws/install/moveit_servo/share/moveit_servo/config
[0.612s] -- Up-to-date: /home/thisum/my_ws/install/moveit_servo/share/moveit_servo/config/pose_tracking_settings.yaml
[0.612s] -- Up-to-date: /home/thisum/my_ws/install/moveit_servo/share/moveit_servo/config/panda_simulated_config.yaml
[0.613s] -- Up-to-date: /home/thisum/my_ws/install/moveit_servo/share/moveit_servo/config/demo_rviz_pose_tracking.rviz
[0.613s] -- Up-to-date: /home/thisum/my_ws/install/moveit_servo/share/moveit_servo/config/panda_simulated_config_pose_tracking.yaml
[0.613s] -- Up-to-date: /home/thisum/my_ws/install/moveit_servo/share/moveit_servo/config/demo_rviz_config.rviz
[0.613s] -- Up-to-date: /home/thisum/my_ws/install/moveit_servo/share/moveit_servo/environment/library_path.sh
[0.613s] -- Up-to-date: /home/thisum/my_ws/install/moveit_servo/share/moveit_servo/environment/library_path.dsv
[0.613s] -- Up-to-date: /home/thisum/my_ws/install/moveit_servo/share/ament_index/resource_index/package_run_dependencies/moveit_servo
[0.613s] -- Up-to-date: /home/thisum/my_ws/install/moveit_servo/share/ament_index/resource_index/parent_prefix_path/moveit_servo
[0.613s] -- Up-to-date: /home/thisum/my_ws/install/moveit_servo/share/moveit_servo/environment/ament_prefix_path.sh
[0.613s] -- Up-to-date: /home/thisum/my_ws/install/moveit_servo/share/moveit_servo/environment/ament_prefix_path.dsv
[0.613s] -- Up-to-date: /home/thisum/my_ws/install/moveit_servo/share/moveit_servo/environment/path.sh
[0.613s] -- Up-to-date: /home/thisum/my_ws/install/moveit_servo/share/moveit_servo/environment/path.dsv
[0.614s] -- Up-to-date: /home/thisum/my_ws/install/moveit_servo/share/moveit_servo/local_setup.bash
[0.614s] -- Up-to-date: /home/thisum/my_ws/install/moveit_servo/share/moveit_servo/local_setup.sh
[0.614s] -- Up-to-date: /home/thisum/my_ws/install/moveit_servo/share/moveit_servo/local_setup.zsh
[0.614s] -- Up-to-date: /home/thisum/my_ws/install/moveit_servo/share/moveit_servo/local_setup.dsv
[0.614s] -- Installing: /home/thisum/my_ws/install/moveit_servo/share/moveit_servo/package.dsv
[0.614s] -- Up-to-date: /home/thisum/my_ws/install/moveit_servo/share/ament_index/resource_index/packages/moveit_servo
[0.614s] -- Up-to-date: /home/thisum/my_ws/install/moveit_servo/share/ament_index/resource_index/rclcpp_components/moveit_servo
[0.614s] -- Up-to-date: /home/thisum/my_ws/install/moveit_servo/share/moveit_servo/cmake/export_moveit_servoExport.cmake
[0.614s] -- Up-to-date: /home/thisum/my_ws/install/moveit_servo/share/moveit_servo/cmake/export_moveit_servoExport-release.cmake
[0.614s] -- Up-to-date: /home/thisum/my_ws/install/moveit_servo/share/moveit_servo/cmake/ament_cmake_export_targets-extras.cmake
[0.615s] -- Up-to-date: /home/thisum/my_ws/install/moveit_servo/share/moveit_servo/cmake/ament_cmake_export_dependencies-extras.cmake
[0.615s] -- Up-to-date: /home/thisum/my_ws/install/moveit_servo/share/moveit_servo/cmake/moveit_servoConfig.cmake
[0.615s] -- Up-to-date: /home/thisum/my_ws/install/moveit_servo/share/moveit_servo/cmake/moveit_servoConfig-version.cmake
[0.615s] -- Up-to-date: /home/thisum/my_ws/install/moveit_servo/share/moveit_servo/package.xml
[0.618s] Invoked command in '/home/thisum/my_ws/build/moveit_servo' returned '0': AMENT_PREFIX_PATH=/home/thisum/my_ws/install/moveit_ros_planning_interface:/home/thisum/my_ws/install/moveit_ros_move_group:/home/thisum/my_ws/install/moveit_ros_warehouse:/home/thisum/my_ws/install/moveit_planners_ompl:/home/thisum/my_ws/install/moveit_kinematics:/home/thisum/my_ws/install/moveit_ros_planning:/home/thisum/my_ws/install/moveit_simple_controller_manager:/home/thisum/my_ws/install/moveit_ros_occupancy_map_monitor:/home/thisum/my_ws/install/moveit_core:/home/thisum/my_ws/install/moveit_resources_panda_moveit_config:/home/thisum/my_ws/install/moveit_resources_fanuc_moveit_config:/home/thisum/my_ws/install/moveit_configs_utils:/home/thisum/my_ws/install/srdfdom:/home/thisum/my_ws/install/moveit_resources_pr2_description:/home/thisum/my_ws/install/moveit_resources_panda_description:/home/thisum/my_ws/install/moveit_resources_fanuc_description:/home/thisum/my_ws/install/moveit_common:/home/thisum/my_ws/install/launch_param_builder:${AMENT_PREFIX_PATH} CMAKE_PREFIX_PATH=/home/thisum/my_ws/install/moveit_ros_planning_interface:/home/thisum/my_ws/install/moveit_ros_move_group:/home/thisum/my_ws/install/moveit_ros_warehouse:/home/thisum/my_ws/install/moveit_planners_ompl:/home/thisum/my_ws/install/moveit_kinematics:/home/thisum/my_ws/install/moveit_ros_planning:/home/thisum/my_ws/install/moveit_simple_controller_manager:/home/thisum/my_ws/install/moveit_ros_occupancy_map_monitor:/home/thisum/my_ws/install/moveit_core:/home/thisum/my_ws/install/moveit_resources_panda_moveit_config:/home/thisum/my_ws/install/moveit_resources_fanuc_moveit_config:/home/thisum/my_ws/install/srdfdom:/home/thisum/my_ws/install/moveit_resources_pr2_description:/home/thisum/my_ws/install/moveit_resources_panda_description:/home/thisum/my_ws/install/moveit_resources_fanuc_description:/home/thisum/my_ws/install/moveit_common:/opt/ros/humble LD_LIBRARY_PATH=/home/thisum/my_ws/install/moveit_ros_planning_interface/lib:/home/thisum/my_ws/install/moveit_ros_move_group/lib:/home/thisum/my_ws/install/moveit_ros_warehouse/lib:/home/thisum/my_ws/install/moveit_planners_ompl/lib:/home/thisum/my_ws/install/moveit_kinematics/lib:/home/thisum/my_ws/install/moveit_ros_planning/lib:/home/thisum/my_ws/install/moveit_simple_controller_manager/lib:/home/thisum/my_ws/install/moveit_ros_occupancy_map_monitor/lib:/home/thisum/my_ws/install/moveit_core/lib:/home/thisum/my_ws/install/srdfdom/lib:${LD_LIBRARY_PATH} PATH=/home/thisum/my_ws/install/moveit_core/bin:${PATH} PYTHONPATH=/home/thisum/my_ws/install/moveit_configs_utils/lib/python3.10/site-packages:/home/thisum/my_ws/install/srdfdom/local/lib/python3.10/dist-packages:/home/thisum/my_ws/install/launch_param_builder/lib/python3.10/site-packages:${PYTHONPATH} /usr/bin/cmake --install /home/thisum/my_ws/build/moveit_servo
