[0.083s] Invoking command in '/home/thisum/my_ws/build/moveit_ros_visualization': AMENT_PREFIX_PATH=/home/thisum/my_ws/install/moveit_ros_planning_interface:/home/thisum/my_ws/install/moveit_ros_move_group:/home/thisum/my_ws/install/moveit_ros_warehouse:/home/thisum/my_ws/install/moveit_ros_robot_interaction:/home/thisum/my_ws/install/moveit_planners_ompl:/home/thisum/my_ws/install/moveit_kinematics:/home/thisum/my_ws/install/moveit_ros_planning:/home/thisum/my_ws/install/moveit_simple_controller_manager:/home/thisum/my_ws/install/moveit_ros_occupancy_map_monitor:/home/thisum/my_ws/install/moveit_core:/home/thisum/my_ws/install/moveit_resources_panda_moveit_config:/home/thisum/my_ws/install/moveit_resources_fanuc_moveit_config:/home/thisum/my_ws/install/moveit_configs_utils:/home/thisum/my_ws/install/srdfdom:/home/thisum/my_ws/install/moveit_resources_pr2_description:/home/thisum/my_ws/install/moveit_resources_panda_description:/home/thisum/my_ws/install/moveit_resources_fanuc_description:/home/thisum/my_ws/install/moveit_common:/home/thisum/my_ws/install/launch_param_builder:${AMENT_PREFIX_PATH} CMAKE_PREFIX_PATH=/home/thisum/my_ws/install/moveit_ros_planning_interface:/home/thisum/my_ws/install/moveit_ros_move_group:/home/thisum/my_ws/install/moveit_ros_warehouse:/home/thisum/my_ws/install/moveit_ros_robot_interaction:/home/thisum/my_ws/install/moveit_planners_ompl:/home/thisum/my_ws/install/moveit_kinematics:/home/thisum/my_ws/install/moveit_ros_planning:/home/thisum/my_ws/install/moveit_simple_controller_manager:/home/thisum/my_ws/install/moveit_ros_occupancy_map_monitor:/home/thisum/my_ws/install/moveit_core:/home/thisum/my_ws/install/moveit_resources_panda_moveit_config:/home/thisum/my_ws/install/moveit_resources_fanuc_moveit_config:/home/thisum/my_ws/install/srdfdom:/home/thisum/my_ws/install/moveit_resources_pr2_description:/home/thisum/my_ws/install/moveit_resources_panda_description:/home/thisum/my_ws/install/moveit_resources_fanuc_description:/home/thisum/my_ws/install/moveit_common:/opt/ros/humble LD_LIBRARY_PATH=/home/thisum/my_ws/install/moveit_ros_planning_interface/lib:/home/thisum/my_ws/install/moveit_ros_move_group/lib:/home/thisum/my_ws/install/moveit_ros_warehouse/lib:/home/thisum/my_ws/install/moveit_ros_robot_interaction/lib:/home/thisum/my_ws/install/moveit_planners_ompl/lib:/home/thisum/my_ws/install/moveit_kinematics/lib:/home/thisum/my_ws/install/moveit_ros_planning/lib:/home/thisum/my_ws/install/moveit_simple_controller_manager/lib:/home/thisum/my_ws/install/moveit_ros_occupancy_map_monitor/lib:/home/thisum/my_ws/install/moveit_core/lib:/home/thisum/my_ws/install/srdfdom/lib:${LD_LIBRARY_PATH} PATH=/home/thisum/my_ws/install/moveit_core/bin:${PATH} PYTHONPATH=/home/thisum/my_ws/install/moveit_configs_utils/lib/python3.10/site-packages:/home/thisum/my_ws/install/srdfdom/local/lib/python3.10/dist-packages:/home/thisum/my_ws/install/launch_param_builder/lib/python3.10/site-packages:${PYTHONPATH} /usr/bin/cmake --build /home/thisum/my_ws/build/moveit_ros_visualization -- -j6 -l6
[0.173s] [  1%] [34m[1mAutomatic MOC for target moveit_rviz_plugin_render_tools[0m
[0.208s] [  1%] Built target moveit_rviz_plugin_render_tools_autogen
[0.282s] [ 18%] Built target moveit_rviz_plugin_render_tools
[0.315s] [ 22%] [34m[1mAutomatic MOC for target moveit_planning_scene_rviz_plugin_core[0m
[0.315s] [ 22%] [34m[1mAutomatic MOC for target moveit_robot_state_rviz_plugin_core[0m
[0.358s] [ 22%] Built target moveit_planning_scene_rviz_plugin_core_autogen
[0.366s] [ 22%] Built target moveit_robot_state_rviz_plugin_core_autogen
[0.422s] [ 27%] Built target moveit_robot_state_rviz_plugin_core
[0.434s] [ 34%] Built target moveit_planning_scene_rviz_plugin_core
[0.464s] [ 36%] [34m[1mAutomatic MOC for target moveit_planning_scene_rviz_plugin[0m
[0.465s] [ 37%] [34m[1mAutomatic MOC for target moveit_trajectory_rviz_plugin_core[0m
[0.471s] [ 39%] [34m[1mAutomatic MOC for target moveit_robot_state_rviz_plugin[0m
[0.498s] [ 39%] Built target moveit_planning_scene_rviz_plugin_autogen
[0.499s] [ 39%] Built target moveit_trajectory_rviz_plugin_core_autogen
[0.505s] [ 39%] Built target moveit_robot_state_rviz_plugin_autogen
[0.572s] [ 55%] Built target moveit_robot_state_rviz_plugin
[0.573s] [ 55%] Built target moveit_trajectory_rviz_plugin_core
[0.573s] [ 55%] Built target moveit_planning_scene_rviz_plugin
[0.609s] [ 56%] [34m[1mAutomatic MOC for target moveit_trajectory_rviz_plugin[0m
[0.610s] [ 58%] [34m[1mAutomatic MOC for target moveit_motion_planning_rviz_plugin_core[0m
[0.655s] [ 58%] Built target moveit_trajectory_rviz_plugin_autogen
[0.669s] [ 58%] Built target moveit_motion_planning_rviz_plugin_core_autogen
[0.705s] [ 63%] Built target moveit_trajectory_rviz_plugin
[0.769s] [ 93%] Built target moveit_motion_planning_rviz_plugin_core
[0.803s] [ 94%] [34m[1mAutomatic MOC for target moveit_motion_planning_rviz_plugin[0m
[0.839s] [ 94%] Built target moveit_motion_planning_rviz_plugin_autogen
[0.897s] [100%] Built target moveit_motion_planning_rviz_plugin
[0.914s] Invoked command in '/home/thisum/my_ws/build/moveit_ros_visualization' returned '0': AMENT_PREFIX_PATH=/home/thisum/my_ws/install/moveit_ros_planning_interface:/home/thisum/my_ws/install/moveit_ros_move_group:/home/thisum/my_ws/install/moveit_ros_warehouse:/home/thisum/my_ws/install/moveit_ros_robot_interaction:/home/thisum/my_ws/install/moveit_planners_ompl:/home/thisum/my_ws/install/moveit_kinematics:/home/thisum/my_ws/install/moveit_ros_planning:/home/thisum/my_ws/install/moveit_simple_controller_manager:/home/thisum/my_ws/install/moveit_ros_occupancy_map_monitor:/home/thisum/my_ws/install/moveit_core:/home/thisum/my_ws/install/moveit_resources_panda_moveit_config:/home/thisum/my_ws/install/moveit_resources_fanuc_moveit_config:/home/thisum/my_ws/install/moveit_configs_utils:/home/thisum/my_ws/install/srdfdom:/home/thisum/my_ws/install/moveit_resources_pr2_description:/home/thisum/my_ws/install/moveit_resources_panda_description:/home/thisum/my_ws/install/moveit_resources_fanuc_description:/home/thisum/my_ws/install/moveit_common:/home/thisum/my_ws/install/launch_param_builder:${AMENT_PREFIX_PATH} CMAKE_PREFIX_PATH=/home/thisum/my_ws/install/moveit_ros_planning_interface:/home/thisum/my_ws/install/moveit_ros_move_group:/home/thisum/my_ws/install/moveit_ros_warehouse:/home/thisum/my_ws/install/moveit_ros_robot_interaction:/home/thisum/my_ws/install/moveit_planners_ompl:/home/thisum/my_ws/install/moveit_kinematics:/home/thisum/my_ws/install/moveit_ros_planning:/home/thisum/my_ws/install/moveit_simple_controller_manager:/home/thisum/my_ws/install/moveit_ros_occupancy_map_monitor:/home/thisum/my_ws/install/moveit_core:/home/thisum/my_ws/install/moveit_resources_panda_moveit_config:/home/thisum/my_ws/install/moveit_resources_fanuc_moveit_config:/home/thisum/my_ws/install/srdfdom:/home/thisum/my_ws/install/moveit_resources_pr2_description:/home/thisum/my_ws/install/moveit_resources_panda_description:/home/thisum/my_ws/install/moveit_resources_fanuc_description:/home/thisum/my_ws/install/moveit_common:/opt/ros/humble LD_LIBRARY_PATH=/home/thisum/my_ws/install/moveit_ros_planning_interface/lib:/home/thisum/my_ws/install/moveit_ros_move_group/lib:/home/thisum/my_ws/install/moveit_ros_warehouse/lib:/home/thisum/my_ws/install/moveit_ros_robot_interaction/lib:/home/thisum/my_ws/install/moveit_planners_ompl/lib:/home/thisum/my_ws/install/moveit_kinematics/lib:/home/thisum/my_ws/install/moveit_ros_planning/lib:/home/thisum/my_ws/install/moveit_simple_controller_manager/lib:/home/thisum/my_ws/install/moveit_ros_occupancy_map_monitor/lib:/home/thisum/my_ws/install/moveit_core/lib:/home/thisum/my_ws/install/srdfdom/lib:${LD_LIBRARY_PATH} PATH=/home/thisum/my_ws/install/moveit_core/bin:${PATH} PYTHONPATH=/home/thisum/my_ws/install/moveit_configs_utils/lib/python3.10/site-packages:/home/thisum/my_ws/install/srdfdom/local/lib/python3.10/dist-packages:/home/thisum/my_ws/install/launch_param_builder/lib/python3.10/site-packages:${PYTHONPATH} /usr/bin/cmake --build /home/thisum/my_ws/build/moveit_ros_visualization -- -j6 -l6
[0.997s] Invoking command in '/home/thisum/my_ws/build/moveit_ros_visualization': AMENT_PREFIX_PATH=/home/thisum/my_ws/install/moveit_ros_planning_interface:/home/thisum/my_ws/install/moveit_ros_move_group:/home/thisum/my_ws/install/moveit_ros_warehouse:/home/thisum/my_ws/install/moveit_ros_robot_interaction:/home/thisum/my_ws/install/moveit_planners_ompl:/home/thisum/my_ws/install/moveit_kinematics:/home/thisum/my_ws/install/moveit_ros_planning:/home/thisum/my_ws/install/moveit_simple_controller_manager:/home/thisum/my_ws/install/moveit_ros_occupancy_map_monitor:/home/thisum/my_ws/install/moveit_core:/home/thisum/my_ws/install/moveit_resources_panda_moveit_config:/home/thisum/my_ws/install/moveit_resources_fanuc_moveit_config:/home/thisum/my_ws/install/moveit_configs_utils:/home/thisum/my_ws/install/srdfdom:/home/thisum/my_ws/install/moveit_resources_pr2_description:/home/thisum/my_ws/install/moveit_resources_panda_description:/home/thisum/my_ws/install/moveit_resources_fanuc_description:/home/thisum/my_ws/install/moveit_common:/home/thisum/my_ws/install/launch_param_builder:${AMENT_PREFIX_PATH} CMAKE_PREFIX_PATH=/home/thisum/my_ws/install/moveit_ros_planning_interface:/home/thisum/my_ws/install/moveit_ros_move_group:/home/thisum/my_ws/install/moveit_ros_warehouse:/home/thisum/my_ws/install/moveit_ros_robot_interaction:/home/thisum/my_ws/install/moveit_planners_ompl:/home/thisum/my_ws/install/moveit_kinematics:/home/thisum/my_ws/install/moveit_ros_planning:/home/thisum/my_ws/install/moveit_simple_controller_manager:/home/thisum/my_ws/install/moveit_ros_occupancy_map_monitor:/home/thisum/my_ws/install/moveit_core:/home/thisum/my_ws/install/moveit_resources_panda_moveit_config:/home/thisum/my_ws/install/moveit_resources_fanuc_moveit_config:/home/thisum/my_ws/install/srdfdom:/home/thisum/my_ws/install/moveit_resources_pr2_description:/home/thisum/my_ws/install/moveit_resources_panda_description:/home/thisum/my_ws/install/moveit_resources_fanuc_description:/home/thisum/my_ws/install/moveit_common:/opt/ros/humble LD_LIBRARY_PATH=/home/thisum/my_ws/install/moveit_ros_planning_interface/lib:/home/thisum/my_ws/install/moveit_ros_move_group/lib:/home/thisum/my_ws/install/moveit_ros_warehouse/lib:/home/thisum/my_ws/install/moveit_ros_robot_interaction/lib:/home/thisum/my_ws/install/moveit_planners_ompl/lib:/home/thisum/my_ws/install/moveit_kinematics/lib:/home/thisum/my_ws/install/moveit_ros_planning/lib:/home/thisum/my_ws/install/moveit_simple_controller_manager/lib:/home/thisum/my_ws/install/moveit_ros_occupancy_map_monitor/lib:/home/thisum/my_ws/install/moveit_core/lib:/home/thisum/my_ws/install/srdfdom/lib:${LD_LIBRARY_PATH} PATH=/home/thisum/my_ws/install/moveit_core/bin:${PATH} PYTHONPATH=/home/thisum/my_ws/install/moveit_configs_utils/lib/python3.10/site-packages:/home/thisum/my_ws/install/srdfdom/local/lib/python3.10/dist-packages:/home/thisum/my_ws/install/launch_param_builder/lib/python3.10/site-packages:${PYTHONPATH} /usr/bin/cmake --install /home/thisum/my_ws/build/moveit_ros_visualization
[1.007s] -- Install configuration: "Release"
[1.007s] -- Up-to-date: /home/thisum/my_ws/install/moveit_ros_visualization/include
[1.007s] -- Up-to-date: /home/thisum/my_ws/install/moveit_ros_visualization/include/moveit
[1.008s] -- Up-to-date: /home/thisum/my_ws/install/moveit_ros_visualization/include/moveit/rviz_plugin_render_tools
[1.008s] -- Up-to-date: /home/thisum/my_ws/install/moveit_ros_visualization/include/moveit/rviz_plugin_render_tools/planning_link_updater.h
[1.008s] -- Up-to-date: /home/thisum/my_ws/install/moveit_ros_visualization/include/moveit/rviz_plugin_render_tools/render_shapes.h
[1.008s] -- Up-to-date: /home/thisum/my_ws/install/moveit_ros_visualization/include/moveit/rviz_plugin_render_tools/trajectory_visualization.h
[1.008s] -- Up-to-date: /home/thisum/my_ws/install/moveit_ros_visualization/include/moveit/rviz_plugin_render_tools/robot_state_visualization.h
[1.008s] -- Up-to-date: /home/thisum/my_ws/install/moveit_ros_visualization/include/moveit/rviz_plugin_render_tools/octomap_render.h
[1.008s] -- Up-to-date: /home/thisum/my_ws/install/moveit_ros_visualization/include/moveit/rviz_plugin_render_tools/trajectory_panel.h
[1.008s] -- Up-to-date: /home/thisum/my_ws/install/moveit_ros_visualization/include/moveit/rviz_plugin_render_tools/planning_scene_render.h
[1.008s] -- Up-to-date: /home/thisum/my_ws/install/moveit_ros_visualization/include/ogre_helpers
[1.008s] -- Up-to-date: /home/thisum/my_ws/install/moveit_ros_visualization/include/ogre_helpers/mesh_shape.hpp
[1.009s] -- Up-to-date: /home/thisum/my_ws/install/moveit_ros_visualization/include
[1.009s] -- Up-to-date: /home/thisum/my_ws/install/moveit_ros_visualization/include/moveit
[1.009s] -- Up-to-date: /home/thisum/my_ws/install/moveit_ros_visualization/include/moveit/robot_state_rviz_plugin
[1.010s] -- Up-to-date: /home/thisum/my_ws/install/moveit_ros_visualization/include/moveit/robot_state_rviz_plugin/robot_state_display.h
[1.010s] -- Up-to-date: /home/thisum/my_ws/install/moveit_ros_visualization/include
[1.010s] -- Up-to-date: /home/thisum/my_ws/install/moveit_ros_visualization/include/moveit
[1.010s] -- Up-to-date: /home/thisum/my_ws/install/moveit_ros_visualization/include/moveit/planning_scene_rviz_plugin
[1.010s] -- Up-to-date: /home/thisum/my_ws/install/moveit_ros_visualization/include/moveit/planning_scene_rviz_plugin/background_processing.hpp
[1.010s] -- Up-to-date: /home/thisum/my_ws/install/moveit_ros_visualization/include/moveit/planning_scene_rviz_plugin/planning_scene_display.h
[1.010s] -- Up-to-date: /home/thisum/my_ws/install/moveit_ros_visualization/include/moveit_planning_scene_rviz_plugin_core_export.h
[1.010s] -- Up-to-date: /home/thisum/my_ws/install/moveit_ros_visualization/include
[1.010s] -- Up-to-date: /home/thisum/my_ws/install/moveit_ros_visualization/include/moveit
[1.010s] -- Up-to-date: /home/thisum/my_ws/install/moveit_ros_visualization/include/moveit/motion_planning_rviz_plugin
[1.011s] -- Up-to-date: /home/thisum/my_ws/install/moveit_ros_visualization/include/moveit/motion_planning_rviz_plugin/interactive_marker_display.h
[1.011s] -- Up-to-date: /home/thisum/my_ws/install/moveit_ros_visualization/include/moveit/motion_planning_rviz_plugin/motion_planning_frame_joints_widget.h
[1.011s] -- Up-to-date: /home/thisum/my_ws/install/moveit_ros_visualization/include/moveit/motion_planning_rviz_plugin/motion_planning_display.h
[1.011s] -- Up-to-date: /home/thisum/my_ws/install/moveit_ros_visualization/include/moveit/motion_planning_rviz_plugin/motion_planning_frame.h
[1.011s] -- Up-to-date: /home/thisum/my_ws/install/moveit_ros_visualization/include/moveit/motion_planning_rviz_plugin/motion_planning_param_widget.h
[1.011s] -- Up-to-date: /home/thisum/my_ws/install/moveit_ros_visualization/include
[1.011s] -- Up-to-date: /home/thisum/my_ws/install/moveit_ros_visualization/include/moveit
[1.011s] -- Up-to-date: /home/thisum/my_ws/install/moveit_ros_visualization/include/moveit/trajectory_rviz_plugin
[1.011s] -- Up-to-date: /home/thisum/my_ws/install/moveit_ros_visualization/include/moveit/trajectory_rviz_plugin/trajectory_display.h
[1.012s] -- Up-to-date: /home/thisum/my_ws/install/moveit_ros_visualization/share/moveit_ros_visualization/icons
[1.012s] -- Up-to-date: /home/thisum/my_ws/install/moveit_ros_visualization/share/moveit_ros_visualization/icons/classes
[1.012s] -- Up-to-date: /home/thisum/my_ws/install/moveit_ros_visualization/share/moveit_ros_visualization/icons/classes/Trajectory.png
[1.012s] -- Up-to-date: /home/thisum/my_ws/install/moveit_ros_visualization/share/moveit_ros_visualization/icons/classes/RobotState.png
[1.012s] -- Up-to-date: /home/thisum/my_ws/install/moveit_ros_visualization/share/moveit_ros_visualization/icons/classes/PlanningScene.png
[1.013s] -- Up-to-date: /home/thisum/my_ws/install/moveit_ros_visualization/share/moveit_ros_visualization/icons/classes/MotionPlanning.png
[1.013s] -- Up-to-date: /home/thisum/my_ws/install/moveit_ros_visualization/share/moveit_ros_visualization/motion_planning_rviz_plugin_description.xml
[1.013s] -- Up-to-date: /home/thisum/my_ws/install/moveit_ros_visualization/share/moveit_ros_visualization/trajectory_rviz_plugin_description.xml
[1.013s] -- Up-to-date: /home/thisum/my_ws/install/moveit_ros_visualization/share/moveit_ros_visualization/planning_scene_rviz_plugin_description.xml
[1.013s] -- Up-to-date: /home/thisum/my_ws/install/moveit_ros_visualization/share/moveit_ros_visualization/robot_state_rviz_plugin_description.xml
[1.013s] -- Up-to-date: /home/thisum/my_ws/install/moveit_ros_visualization/lib/libmoveit_motion_planning_rviz_plugin.so.2.5.5
[1.014s] -- Up-to-date: /home/thisum/my_ws/install/moveit_ros_visualization/lib/libmoveit_motion_planning_rviz_plugin.so
[1.014s] -- Up-to-date: /home/thisum/my_ws/install/moveit_ros_visualization/lib/libmoveit_motion_planning_rviz_plugin_core.so.2.5.5
[1.014s] -- Up-to-date: /home/thisum/my_ws/install/moveit_ros_visualization/lib/libmoveit_motion_planning_rviz_plugin_core.so
[1.014s] -- Up-to-date: /home/thisum/my_ws/install/moveit_ros_visualization/lib/libmoveit_planning_scene_rviz_plugin.so.2.5.5
[1.014s] -- Up-to-date: /home/thisum/my_ws/install/moveit_ros_visualization/lib/libmoveit_planning_scene_rviz_plugin.so
[1.014s] -- Up-to-date: /home/thisum/my_ws/install/moveit_ros_visualization/lib/libmoveit_planning_scene_rviz_plugin_core.so.2.5.5
[1.014s] -- Up-to-date: /home/thisum/my_ws/install/moveit_ros_visualization/lib/libmoveit_planning_scene_rviz_plugin_core.so
[1.015s] -- Up-to-date: /home/thisum/my_ws/install/moveit_ros_visualization/lib/libmoveit_robot_state_rviz_plugin.so.2.5.5
[1.015s] -- Up-to-date: /home/thisum/my_ws/install/moveit_ros_visualization/lib/libmoveit_robot_state_rviz_plugin.so
[1.015s] -- Up-to-date: /home/thisum/my_ws/install/moveit_ros_visualization/lib/libmoveit_robot_state_rviz_plugin_core.so.2.5.5
[1.015s] -- Up-to-date: /home/thisum/my_ws/install/moveit_ros_visualization/lib/libmoveit_robot_state_rviz_plugin_core.so
[1.016s] -- Up-to-date: /home/thisum/my_ws/install/moveit_ros_visualization/lib/libmoveit_rviz_plugin_render_tools.so.2.5.5
[1.016s] -- Up-to-date: /home/thisum/my_ws/install/moveit_ros_visualization/lib/libmoveit_rviz_plugin_render_tools.so
[1.016s] -- Up-to-date: /home/thisum/my_ws/install/moveit_ros_visualization/lib/libmoveit_trajectory_rviz_plugin.so.2.5.5
[1.017s] -- Up-to-date: /home/thisum/my_ws/install/moveit_ros_visualization/lib/libmoveit_trajectory_rviz_plugin.so
[1.017s] -- Up-to-date: /home/thisum/my_ws/install/moveit_ros_visualization/lib/libmoveit_trajectory_rviz_plugin_core.so.2.5.5
[1.017s] -- Up-to-date: /home/thisum/my_ws/install/moveit_ros_visualization/lib/libmoveit_trajectory_rviz_plugin_core.so
[1.017s] -- Up-to-date: /home/thisum/my_ws/install/moveit_ros_visualization/share/moveit_ros_visualization/environment/library_path.sh
[1.018s] -- Up-to-date: /home/thisum/my_ws/install/moveit_ros_visualization/share/moveit_ros_visualization/environment/library_path.dsv
[1.018s] -- Up-to-date: /home/thisum/my_ws/install/moveit_ros_visualization/share/ament_index/resource_index/package_run_dependencies/moveit_ros_visualization
[1.018s] -- Up-to-date: /home/thisum/my_ws/install/moveit_ros_visualization/share/ament_index/resource_index/parent_prefix_path/moveit_ros_visualization
[1.018s] -- Up-to-date: /home/thisum/my_ws/install/moveit_ros_visualization/share/moveit_ros_visualization/environment/ament_prefix_path.sh
[1.018s] -- Up-to-date: /home/thisum/my_ws/install/moveit_ros_visualization/share/moveit_ros_visualization/environment/ament_prefix_path.dsv
[1.018s] -- Up-to-date: /home/thisum/my_ws/install/moveit_ros_visualization/share/moveit_ros_visualization/environment/path.sh
[1.019s] -- Up-to-date: /home/thisum/my_ws/install/moveit_ros_visualization/share/moveit_ros_visualization/environment/path.dsv
[1.019s] -- Up-to-date: /home/thisum/my_ws/install/moveit_ros_visualization/share/moveit_ros_visualization/local_setup.bash
[1.019s] -- Up-to-date: /home/thisum/my_ws/install/moveit_ros_visualization/share/moveit_ros_visualization/local_setup.sh
[1.019s] -- Up-to-date: /home/thisum/my_ws/install/moveit_ros_visualization/share/moveit_ros_visualization/local_setup.zsh
[1.020s] -- Up-to-date: /home/thisum/my_ws/install/moveit_ros_visualization/share/moveit_ros_visualization/local_setup.dsv
[1.020s] -- Installing: /home/thisum/my_ws/install/moveit_ros_visualization/share/moveit_ros_visualization/package.dsv
[1.020s] -- Up-to-date: /home/thisum/my_ws/install/moveit_ros_visualization/share/ament_index/resource_index/packages/moveit_ros_visualization
[1.021s] -- Up-to-date: /home/thisum/my_ws/install/moveit_ros_visualization/share/ament_index/resource_index/rviz_common__pluginlib__plugin/moveit_ros_visualization
[1.021s] -- Up-to-date: /home/thisum/my_ws/install/moveit_ros_visualization/share/moveit_ros_visualization/cmake/export_moveit_ros_visualizationExport.cmake
[1.021s] -- Up-to-date: /home/thisum/my_ws/install/moveit_ros_visualization/share/moveit_ros_visualization/cmake/export_moveit_ros_visualizationExport-release.cmake
[1.021s] -- Up-to-date: /home/thisum/my_ws/install/moveit_ros_visualization/share/moveit_ros_visualization/cmake/ConfigExtras.cmake
[1.021s] -- Up-to-date: /home/thisum/my_ws/install/moveit_ros_visualization/share/moveit_ros_visualization/cmake/ament_cmake_export_targets-extras.cmake
[1.021s] -- Up-to-date: /home/thisum/my_ws/install/moveit_ros_visualization/share/moveit_ros_visualization/cmake/ament_cmake_export_dependencies-extras.cmake
[1.021s] -- Up-to-date: /home/thisum/my_ws/install/moveit_ros_visualization/share/moveit_ros_visualization/cmake/moveit_ros_visualizationConfig.cmake
[1.021s] -- Up-to-date: /home/thisum/my_ws/install/moveit_ros_visualization/share/moveit_ros_visualization/cmake/moveit_ros_visualizationConfig-version.cmake
[1.021s] -- Up-to-date: /home/thisum/my_ws/install/moveit_ros_visualization/share/moveit_ros_visualization/package.xml
[1.024s] Invoked command in '/home/thisum/my_ws/build/moveit_ros_visualization' returned '0': AMENT_PREFIX_PATH=/home/thisum/my_ws/install/moveit_ros_planning_interface:/home/thisum/my_ws/install/moveit_ros_move_group:/home/thisum/my_ws/install/moveit_ros_warehouse:/home/thisum/my_ws/install/moveit_ros_robot_interaction:/home/thisum/my_ws/install/moveit_planners_ompl:/home/thisum/my_ws/install/moveit_kinematics:/home/thisum/my_ws/install/moveit_ros_planning:/home/thisum/my_ws/install/moveit_simple_controller_manager:/home/thisum/my_ws/install/moveit_ros_occupancy_map_monitor:/home/thisum/my_ws/install/moveit_core:/home/thisum/my_ws/install/moveit_resources_panda_moveit_config:/home/thisum/my_ws/install/moveit_resources_fanuc_moveit_config:/home/thisum/my_ws/install/moveit_configs_utils:/home/thisum/my_ws/install/srdfdom:/home/thisum/my_ws/install/moveit_resources_pr2_description:/home/thisum/my_ws/install/moveit_resources_panda_description:/home/thisum/my_ws/install/moveit_resources_fanuc_description:/home/thisum/my_ws/install/moveit_common:/home/thisum/my_ws/install/launch_param_builder:${AMENT_PREFIX_PATH} CMAKE_PREFIX_PATH=/home/thisum/my_ws/install/moveit_ros_planning_interface:/home/thisum/my_ws/install/moveit_ros_move_group:/home/thisum/my_ws/install/moveit_ros_warehouse:/home/thisum/my_ws/install/moveit_ros_robot_interaction:/home/thisum/my_ws/install/moveit_planners_ompl:/home/thisum/my_ws/install/moveit_kinematics:/home/thisum/my_ws/install/moveit_ros_planning:/home/thisum/my_ws/install/moveit_simple_controller_manager:/home/thisum/my_ws/install/moveit_ros_occupancy_map_monitor:/home/thisum/my_ws/install/moveit_core:/home/thisum/my_ws/install/moveit_resources_panda_moveit_config:/home/thisum/my_ws/install/moveit_resources_fanuc_moveit_config:/home/thisum/my_ws/install/srdfdom:/home/thisum/my_ws/install/moveit_resources_pr2_description:/home/thisum/my_ws/install/moveit_resources_panda_description:/home/thisum/my_ws/install/moveit_resources_fanuc_description:/home/thisum/my_ws/install/moveit_common:/opt/ros/humble LD_LIBRARY_PATH=/home/thisum/my_ws/install/moveit_ros_planning_interface/lib:/home/thisum/my_ws/install/moveit_ros_move_group/lib:/home/thisum/my_ws/install/moveit_ros_warehouse/lib:/home/thisum/my_ws/install/moveit_ros_robot_interaction/lib:/home/thisum/my_ws/install/moveit_planners_ompl/lib:/home/thisum/my_ws/install/moveit_kinematics/lib:/home/thisum/my_ws/install/moveit_ros_planning/lib:/home/thisum/my_ws/install/moveit_simple_controller_manager/lib:/home/thisum/my_ws/install/moveit_ros_occupancy_map_monitor/lib:/home/thisum/my_ws/install/moveit_core/lib:/home/thisum/my_ws/install/srdfdom/lib:${LD_LIBRARY_PATH} PATH=/home/thisum/my_ws/install/moveit_core/bin:${PATH} PYTHONPATH=/home/thisum/my_ws/install/moveit_configs_utils/lib/python3.10/site-packages:/home/thisum/my_ws/install/srdfdom/local/lib/python3.10/dist-packages:/home/thisum/my_ws/install/launch_param_builder/lib/python3.10/site-packages:${PYTHONPATH} /usr/bin/cmake --install /home/thisum/my_ws/build/moveit_ros_visualization
