[0.000000] (-) TimerEvent: {}
[0.000454] (-) JobUnselected: {'identifier': 'arm_config'}
[0.000548] (-) JobUnselected: {'identifier': 'chomp_motion_planner'}
[0.000571] (-) JobUnselected: {'identifier': 'launch_param_builder'}
[0.000928] (-) JobUnselected: {'identifier': 'moveit'}
[0.000962] (-) JobUnselected: {'identifier': 'moveit2_tutorials'}
[0.000985] (-) JobUnselected: {'identifier': 'moveit_chomp_optimizer_adapter'}
[0.001005] (-) JobUnselected: {'identifier': 'moveit_common'}
[0.001024] (-) JobUnselected: {'identifier': 'moveit_configs_utils'}
[0.001041] (-) JobUnselected: {'identifier': 'moveit_core'}
[0.001057] (-) JobUnselected: {'identifier': 'moveit_hybrid_planning'}
[0.001073] (-) JobUnselected: {'identifier': 'moveit_kinematics'}
[0.001089] (-) JobUnselected: {'identifier': 'moveit_planners'}
[0.001104] (-) JobUnselected: {'identifier': 'moveit_planners_chomp'}
[0.001120] (-) JobUnselected: {'identifier': 'moveit_planners_ompl'}
[0.001135] (-) JobUnselected: {'identifier': 'moveit_plugins'}
[0.001180] (-) JobUnselected: {'identifier': 'moveit_resources'}
[0.001207] (-) JobUnselected: {'identifier': 'moveit_resources_fanuc_description'}
[0.001228] (-) JobUnselected: {'identifier': 'moveit_resources_fanuc_moveit_config'}
[0.001246] (-) JobUnselected: {'identifier': 'moveit_resources_panda_description'}
[0.001263] (-) JobUnselected: {'identifier': 'moveit_resources_panda_moveit_config'}
[0.001278] (-) JobUnselected: {'identifier': 'moveit_resources_pr2_description'}
[0.001294] (-) JobUnselected: {'identifier': 'moveit_resources_prbt_ikfast_manipulator_plugin'}
[0.001309] (-) JobUnselected: {'identifier': 'moveit_resources_prbt_moveit_config'}
[0.001324] (-) JobUnselected: {'identifier': 'moveit_resources_prbt_pg70_support'}
[0.001339] (-) JobUnselected: {'identifier': 'moveit_resources_prbt_support'}
[0.001355] (-) JobUnselected: {'identifier': 'moveit_ros'}
[0.001370] (-) JobUnselected: {'identifier': 'moveit_ros_benchmarks'}
[0.001385] (-) JobUnselected: {'identifier': 'moveit_ros_control_interface'}
[0.001400] (-) JobUnselected: {'identifier': 'moveit_ros_move_group'}
[0.001415] (-) JobUnselected: {'identifier': 'moveit_ros_occupancy_map_monitor'}
[0.001429] (-) JobUnselected: {'identifier': 'moveit_ros_perception'}
[0.001444] (-) JobUnselected: {'identifier': 'moveit_ros_planning'}
[0.001459] (-) JobUnselected: {'identifier': 'moveit_ros_planning_interface'}
[0.001474] (-) JobUnselected: {'identifier': 'moveit_ros_robot_interaction'}
[0.001489] (-) JobUnselected: {'identifier': 'moveit_ros_visualization'}
[0.001503] (-) JobUnselected: {'identifier': 'moveit_ros_warehouse'}
[0.001518] (-) JobUnselected: {'identifier': 'moveit_runtime'}
[0.001533] (-) JobUnselected: {'identifier': 'moveit_servo'}
[0.001548] (-) JobUnselected: {'identifier': 'moveit_setup_app_plugins'}
[0.001563] (-) JobUnselected: {'identifier': 'moveit_setup_assistant'}
[0.001578] (-) JobUnselected: {'identifier': 'moveit_setup_controllers'}
[0.001592] (-) JobUnselected: {'identifier': 'moveit_setup_core_plugins'}
[0.001607] (-) JobUnselected: {'identifier': 'moveit_setup_framework'}
[0.001623] (-) JobUnselected: {'identifier': 'moveit_setup_srdf_plugins'}
[0.001640] (-) JobUnselected: {'identifier': 'moveit_simple_controller_manager'}
[0.001656] (-) JobUnselected: {'identifier': 'moveit_task_constructor_capabilities'}
[0.001672] (-) JobUnselected: {'identifier': 'moveit_task_constructor_core'}
[0.001687] (-) JobUnselected: {'identifier': 'moveit_task_constructor_demo'}
[0.001702] (-) JobUnselected: {'identifier': 'moveit_task_constructor_msgs'}
[0.001716] (-) JobUnselected: {'identifier': 'moveit_task_constructor_visualization'}
[0.001731] (-) JobUnselected: {'identifier': 'moveit_visual_tools'}
[0.001746] (-) JobUnselected: {'identifier': 'narm_config'}
[0.001761] (-) JobUnselected: {'identifier': 'new_full_arm'}
[0.001775] (-) JobUnselected: {'identifier': 'pilz_industrial_motion_planner'}
[0.001787] (-) JobUnselected: {'identifier': 'pilz_industrial_motion_planner_testutils'}
[0.001799] (-) JobUnselected: {'identifier': 'rosparam_shortcuts'}
[0.001823] (-) JobUnselected: {'identifier': 'rviz_marker_tools'}
[0.001837] (-) JobUnselected: {'identifier': 'srdfdom'}
[0.001851] (-) EventReactorShutdown: {}
