[0.054s] Invoking command in '/home/thisum/my_ws/build/moveit_kinematics': AMENT_PREFIX_PATH=/home/thisum/my_ws/install/moveit_ros_planning:/home/thisum/my_ws/install/moveit_ros_occupancy_map_monitor:/home/thisum/my_ws/install/moveit_core:/home/thisum/my_ws/install/moveit_resources_panda_moveit_config:/home/thisum/my_ws/install/moveit_resources_fanuc_moveit_config:/home/thisum/my_ws/install/moveit_configs_utils:/home/thisum/my_ws/install/srdfdom:/home/thisum/my_ws/install/moveit_resources_pr2_description:/home/thisum/my_ws/install/moveit_resources_panda_description:/home/thisum/my_ws/install/moveit_resources_fanuc_description:/home/thisum/my_ws/install/moveit_common:/home/thisum/my_ws/install/launch_param_builder:${AMENT_PREFIX_PATH} CMAKE_PREFIX_PATH=/home/thisum/my_ws/install/moveit_ros_planning:/home/thisum/my_ws/install/moveit_ros_occupancy_map_monitor:/home/thisum/my_ws/install/moveit_core:/home/thisum/my_ws/install/moveit_resources_panda_moveit_config:/home/thisum/my_ws/install/moveit_resources_fanuc_moveit_config:/home/thisum/my_ws/install/srdfdom:/home/thisum/my_ws/install/moveit_resources_pr2_description:/home/thisum/my_ws/install/moveit_resources_panda_description:/home/thisum/my_ws/install/moveit_resources_fanuc_description:/home/thisum/my_ws/install/moveit_common:/opt/ros/humble LD_LIBRARY_PATH=/home/thisum/my_ws/install/moveit_ros_planning/lib:/home/thisum/my_ws/install/moveit_ros_occupancy_map_monitor/lib:/home/thisum/my_ws/install/moveit_core/lib:/home/thisum/my_ws/install/srdfdom/lib:${LD_LIBRARY_PATH} PATH=/home/thisum/my_ws/install/moveit_core/bin:${PATH} PYTHONPATH=/home/thisum/my_ws/install/moveit_configs_utils/lib/python3.10/site-packages:/home/thisum/my_ws/install/srdfdom/local/lib/python3.10/dist-packages:/home/thisum/my_ws/install/launch_param_builder/lib/python3.10/site-packages:${PYTHONPATH} /usr/bin/cmake --build /home/thisum/my_ws/build/moveit_kinematics -- -j6 -l6
[0.171s] [35m[1mConsolidate compiler generated dependencies of target gtest_main[0m
[0.173s] [35m[1mConsolidate compiler generated dependencies of target moveit_srv_kinematics_plugin[0m
[0.173s] [35m[1mConsolidate compiler generated dependencies of target moveit_cached_ik_kinematics_base[0m
[0.176s] [35m[1mConsolidate compiler generated dependencies of target moveit_kdl_kinematics_plugin[0m
[0.178s] [35m[1mConsolidate compiler generated dependencies of target moveit_lma_kinematics_plugin[0m
[0.206s] [35m[1mConsolidate compiler generated dependencies of target gtest[0m
[0.206s] [ 10%] Built target gtest_main
[0.237s] [ 21%] Built target gtest
[0.240s] [ 31%] Built target moveit_srv_kinematics_plugin
[0.245s] [35m[1mConsolidate compiler generated dependencies of target benchmark_ik[0m
[0.245s] [ 57%] Built target moveit_kdl_kinematics_plugin
[0.245s] [ 52%] Built target moveit_cached_ik_kinematics_base
[0.248s] [ 68%] Built target moveit_lma_kinematics_plugin
[0.276s] [35m[1mConsolidate compiler generated dependencies of target test_kinematics_plugin[0m
[0.277s] [35m[1mConsolidate compiler generated dependencies of target moveit_cached_ik_kinematics_plugin[0m
[0.309s] [ 78%] Built target benchmark_ik
[0.317s] [ 89%] Built target test_kinematics_plugin
[0.335s] [100%] Built target moveit_cached_ik_kinematics_plugin
[0.354s] Invoked command in '/home/thisum/my_ws/build/moveit_kinematics' returned '0': AMENT_PREFIX_PATH=/home/thisum/my_ws/install/moveit_ros_planning:/home/thisum/my_ws/install/moveit_ros_occupancy_map_monitor:/home/thisum/my_ws/install/moveit_core:/home/thisum/my_ws/install/moveit_resources_panda_moveit_config:/home/thisum/my_ws/install/moveit_resources_fanuc_moveit_config:/home/thisum/my_ws/install/moveit_configs_utils:/home/thisum/my_ws/install/srdfdom:/home/thisum/my_ws/install/moveit_resources_pr2_description:/home/thisum/my_ws/install/moveit_resources_panda_description:/home/thisum/my_ws/install/moveit_resources_fanuc_description:/home/thisum/my_ws/install/moveit_common:/home/thisum/my_ws/install/launch_param_builder:${AMENT_PREFIX_PATH} CMAKE_PREFIX_PATH=/home/thisum/my_ws/install/moveit_ros_planning:/home/thisum/my_ws/install/moveit_ros_occupancy_map_monitor:/home/thisum/my_ws/install/moveit_core:/home/thisum/my_ws/install/moveit_resources_panda_moveit_config:/home/thisum/my_ws/install/moveit_resources_fanuc_moveit_config:/home/thisum/my_ws/install/srdfdom:/home/thisum/my_ws/install/moveit_resources_pr2_description:/home/thisum/my_ws/install/moveit_resources_panda_description:/home/thisum/my_ws/install/moveit_resources_fanuc_description:/home/thisum/my_ws/install/moveit_common:/opt/ros/humble LD_LIBRARY_PATH=/home/thisum/my_ws/install/moveit_ros_planning/lib:/home/thisum/my_ws/install/moveit_ros_occupancy_map_monitor/lib:/home/thisum/my_ws/install/moveit_core/lib:/home/thisum/my_ws/install/srdfdom/lib:${LD_LIBRARY_PATH} PATH=/home/thisum/my_ws/install/moveit_core/bin:${PATH} PYTHONPATH=/home/thisum/my_ws/install/moveit_configs_utils/lib/python3.10/site-packages:/home/thisum/my_ws/install/srdfdom/local/lib/python3.10/dist-packages:/home/thisum/my_ws/install/launch_param_builder/lib/python3.10/site-packages:${PYTHONPATH} /usr/bin/cmake --build /home/thisum/my_ws/build/moveit_kinematics -- -j6 -l6
[0.410s] Invoking command in '/home/thisum/my_ws/build/moveit_kinematics': AMENT_PREFIX_PATH=/home/thisum/my_ws/install/moveit_ros_planning:/home/thisum/my_ws/install/moveit_ros_occupancy_map_monitor:/home/thisum/my_ws/install/moveit_core:/home/thisum/my_ws/install/moveit_resources_panda_moveit_config:/home/thisum/my_ws/install/moveit_resources_fanuc_moveit_config:/home/thisum/my_ws/install/moveit_configs_utils:/home/thisum/my_ws/install/srdfdom:/home/thisum/my_ws/install/moveit_resources_pr2_description:/home/thisum/my_ws/install/moveit_resources_panda_description:/home/thisum/my_ws/install/moveit_resources_fanuc_description:/home/thisum/my_ws/install/moveit_common:/home/thisum/my_ws/install/launch_param_builder:${AMENT_PREFIX_PATH} CMAKE_PREFIX_PATH=/home/thisum/my_ws/install/moveit_ros_planning:/home/thisum/my_ws/install/moveit_ros_occupancy_map_monitor:/home/thisum/my_ws/install/moveit_core:/home/thisum/my_ws/install/moveit_resources_panda_moveit_config:/home/thisum/my_ws/install/moveit_resources_fanuc_moveit_config:/home/thisum/my_ws/install/srdfdom:/home/thisum/my_ws/install/moveit_resources_pr2_description:/home/thisum/my_ws/install/moveit_resources_panda_description:/home/thisum/my_ws/install/moveit_resources_fanuc_description:/home/thisum/my_ws/install/moveit_common:/opt/ros/humble LD_LIBRARY_PATH=/home/thisum/my_ws/install/moveit_ros_planning/lib:/home/thisum/my_ws/install/moveit_ros_occupancy_map_monitor/lib:/home/thisum/my_ws/install/moveit_core/lib:/home/thisum/my_ws/install/srdfdom/lib:${LD_LIBRARY_PATH} PATH=/home/thisum/my_ws/install/moveit_core/bin:${PATH} PYTHONPATH=/home/thisum/my_ws/install/moveit_configs_utils/lib/python3.10/site-packages:/home/thisum/my_ws/install/srdfdom/local/lib/python3.10/dist-packages:/home/thisum/my_ws/install/launch_param_builder/lib/python3.10/site-packages:${PYTHONPATH} /usr/bin/cmake --install /home/thisum/my_ws/build/moveit_kinematics
[0.424s] -- Install configuration: "Release"
[0.424s] -- Up-to-date: /home/thisum/my_ws/install/moveit_kinematics/share/moveit_kinematics/kdl_kinematics_plugin_description.xml
[0.424s] -- Up-to-date: /home/thisum/my_ws/install/moveit_kinematics/share/moveit_kinematics/lma_kinematics_plugin_description.xml
[0.424s] -- Up-to-date: /home/thisum/my_ws/install/moveit_kinematics/share/moveit_kinematics/srv_kinematics_plugin_description.xml
[0.425s] -- Up-to-date: /home/thisum/my_ws/install/moveit_kinematics/share/moveit_kinematics/cached_ik_kinematics_plugin_description.xml
[0.425s] -- Up-to-date: /home/thisum/my_ws/install/moveit_kinematics/include
[0.426s] -- Up-to-date: /home/thisum/my_ws/install/moveit_kinematics/include/moveit
[0.426s] -- Up-to-date: /home/thisum/my_ws/install/moveit_kinematics/include/moveit/cached_ik_kinematics_plugin
[0.427s] -- Up-to-date: /home/thisum/my_ws/install/moveit_kinematics/include/moveit/cached_ik_kinematics_plugin/cached_ik_kinematics_plugin-inl.h
[0.427s] -- Up-to-date: /home/thisum/my_ws/install/moveit_kinematics/include/moveit/cached_ik_kinematics_plugin/detail
[0.427s] -- Up-to-date: /home/thisum/my_ws/install/moveit_kinematics/include/moveit/cached_ik_kinematics_plugin/detail/GreedyKCenters.h
[0.427s] -- Up-to-date: /home/thisum/my_ws/install/moveit_kinematics/include/moveit/cached_ik_kinematics_plugin/detail/NearestNeighborsGNAT.h
[0.428s] -- Up-to-date: /home/thisum/my_ws/install/moveit_kinematics/include/moveit/cached_ik_kinematics_plugin/detail/NearestNeighbors.h
[0.428s] -- Up-to-date: /home/thisum/my_ws/install/moveit_kinematics/include/moveit/cached_ik_kinematics_plugin/cached_ik_kinematics_plugin.h
[0.428s] -- Up-to-date: /home/thisum/my_ws/install/moveit_kinematics/share/moveit_kinematics/launch
[0.429s] -- Up-to-date: /home/thisum/my_ws/install/moveit_kinematics/share/moveit_kinematics/launch/measure_ik_call_cost.launch
[0.431s] -- Up-to-date: /home/thisum/my_ws/install/moveit_kinematics/lib/moveit_kinematics/auto_create_ikfast_moveit_plugin.sh
[0.431s] -- Up-to-date: /home/thisum/my_ws/install/moveit_kinematics/lib/moveit_kinematics/create_ikfast_moveit_plugin.py
[0.431s] -- Up-to-date: /home/thisum/my_ws/install/moveit_kinematics/lib/moveit_kinematics/round_collada_numbers.py
[0.433s] -- Up-to-date: /home/thisum/my_ws/install/moveit_kinematics/share/moveit_kinematics/ikfast_kinematics_plugin/templates
[0.433s] -- Up-to-date: /home/thisum/my_ws/install/moveit_kinematics/share/moveit_kinematics/ikfast_kinematics_plugin/templates/CMakeLists.txt
[0.433s] -- Up-to-date: /home/thisum/my_ws/install/moveit_kinematics/share/moveit_kinematics/ikfast_kinematics_plugin/templates/ikfast.h
[0.433s] -- Up-to-date: /home/thisum/my_ws/install/moveit_kinematics/share/moveit_kinematics/ikfast_kinematics_plugin/templates/ikfast61_moveit_plugin_template.cpp
[0.434s] -- Up-to-date: /home/thisum/my_ws/install/moveit_kinematics/include
[0.435s] -- Up-to-date: /home/thisum/my_ws/install/moveit_kinematics/include/moveit
[0.435s] -- Up-to-date: /home/thisum/my_ws/install/moveit_kinematics/include/moveit/kdl_kinematics_plugin
[0.435s] -- Up-to-date: /home/thisum/my_ws/install/moveit_kinematics/include/moveit/kdl_kinematics_plugin/kdl_kinematics_plugin.h
[0.435s] -- Up-to-date: /home/thisum/my_ws/install/moveit_kinematics/include/moveit/kdl_kinematics_plugin/joint_mimic.hpp
[0.435s] -- Up-to-date: /home/thisum/my_ws/install/moveit_kinematics/include/moveit/kdl_kinematics_plugin/chainiksolver_vel_mimic_svd.hpp
[0.436s] -- Up-to-date: /home/thisum/my_ws/install/moveit_kinematics/include
[0.436s] -- Up-to-date: /home/thisum/my_ws/install/moveit_kinematics/include/moveit
[0.436s] -- Up-to-date: /home/thisum/my_ws/install/moveit_kinematics/include/moveit/lma_kinematics_plugin
[0.437s] -- Up-to-date: /home/thisum/my_ws/install/moveit_kinematics/include/moveit/lma_kinematics_plugin/lma_kinematics_plugin.h
[0.438s] -- Up-to-date: /home/thisum/my_ws/install/moveit_kinematics/include
[0.438s] -- Up-to-date: /home/thisum/my_ws/install/moveit_kinematics/include/moveit
[0.438s] -- Up-to-date: /home/thisum/my_ws/install/moveit_kinematics/include/moveit/srv_kinematics_plugin
[0.438s] -- Up-to-date: /home/thisum/my_ws/install/moveit_kinematics/include/moveit/srv_kinematics_plugin/srv_kinematics_plugin.h
[0.440s] -- Up-to-date: /home/thisum/my_ws/install/moveit_kinematics/share/moveit_kinematics/config
[0.441s] -- Up-to-date: /home/thisum/my_ws/install/moveit_kinematics/share/moveit_kinematics/config/fanuc-lma-test.yaml
[0.442s] -- Up-to-date: /home/thisum/my_ws/install/moveit_kinematics/share/moveit_kinematics/config/fanuc-kdl-singular-test.yaml
[0.442s] -- Up-to-date: /home/thisum/my_ws/install/moveit_kinematics/share/moveit_kinematics/config/fanuc-lma-singular-test.yaml
[0.442s] -- Up-to-date: /home/thisum/my_ws/install/moveit_kinematics/share/moveit_kinematics/config/panda-kdl-singular-test.yaml
[0.442s] -- Up-to-date: /home/thisum/my_ws/install/moveit_kinematics/share/moveit_kinematics/config/panda-lma-singular-test.yaml
[0.442s] -- Up-to-date: /home/thisum/my_ws/install/moveit_kinematics/share/moveit_kinematics/config/fanuc-kdl-test.yaml
[0.442s] -- Up-to-date: /home/thisum/my_ws/install/moveit_kinematics/share/moveit_kinematics/config/panda-kdl-test.yaml
[0.442s] -- Up-to-date: /home/thisum/my_ws/install/moveit_kinematics/share/moveit_kinematics/config/panda-lma-test.yaml
[0.442s] -- Up-to-date: /home/thisum/my_ws/install/moveit_kinematics/share/moveit_kinematics/launch
[0.442s] -- Up-to-date: /home/thisum/my_ws/install/moveit_kinematics/share/moveit_kinematics/launch/fanuc-kdl.test.py
[0.443s] -- Up-to-date: /home/thisum/my_ws/install/moveit_kinematics/share/moveit_kinematics/launch/panda-lma-singular.test.py
[0.443s] -- Up-to-date: /home/thisum/my_ws/install/moveit_kinematics/share/moveit_kinematics/launch/fanuc-lma-singular.test.py
[0.443s] -- Up-to-date: /home/thisum/my_ws/install/moveit_kinematics/share/moveit_kinematics/launch/panda-kdl-singular.test.py
[0.443s] -- Up-to-date: /home/thisum/my_ws/install/moveit_kinematics/share/moveit_kinematics/launch/panda-kdl.test.py
[0.443s] -- Up-to-date: /home/thisum/my_ws/install/moveit_kinematics/share/moveit_kinematics/launch/fanuc-lma.test.py
[0.443s] -- Up-to-date: /home/thisum/my_ws/install/moveit_kinematics/share/moveit_kinematics/launch/panda-lma.test.py
[0.443s] -- Up-to-date: /home/thisum/my_ws/install/moveit_kinematics/share/moveit_kinematics/launch/fanuc-kdl-singular.test.py
[0.445s] -- Up-to-date: /home/thisum/my_ws/install/moveit_kinematics/lib/moveit_kinematics/benchmark_ik
[0.448s] -- Up-to-date: /home/thisum/my_ws/install/moveit_kinematics/lib/moveit_kinematics/test_kinematics_plugin
[0.450s] -- Up-to-date: /home/thisum/my_ws/install/moveit_kinematics/lib/libmoveit_cached_ik_kinematics_base.so.2.5.5
[0.451s] -- Up-to-date: /home/thisum/my_ws/install/moveit_kinematics/lib/libmoveit_cached_ik_kinematics_base.so
[0.453s] -- Up-to-date: /home/thisum/my_ws/install/moveit_kinematics/lib/libmoveit_cached_ik_kinematics_plugin.so.2.5.5
[0.453s] -- Up-to-date: /home/thisum/my_ws/install/moveit_kinematics/lib/libmoveit_cached_ik_kinematics_plugin.so
[0.455s] -- Up-to-date: /home/thisum/my_ws/install/moveit_kinematics/lib/libmoveit_kdl_kinematics_plugin.so
[0.456s] -- Up-to-date: /home/thisum/my_ws/install/moveit_kinematics/lib/libmoveit_lma_kinematics_plugin.so.2.5.5
[0.457s] -- Up-to-date: /home/thisum/my_ws/install/moveit_kinematics/lib/libmoveit_lma_kinematics_plugin.so
[0.459s] -- Up-to-date: /home/thisum/my_ws/install/moveit_kinematics/lib/libmoveit_srv_kinematics_plugin.so.2.5.5
[0.461s] -- Up-to-date: /home/thisum/my_ws/install/moveit_kinematics/lib/libmoveit_srv_kinematics_plugin.so
[0.461s] -- Up-to-date: /home/thisum/my_ws/install/moveit_kinematics/share/moveit_kinematics/environment/library_path.sh
[0.461s] -- Up-to-date: /home/thisum/my_ws/install/moveit_kinematics/share/moveit_kinematics/environment/library_path.dsv
[0.461s] -- Up-to-date: /home/thisum/my_ws/install/moveit_kinematics/share/ament_index/resource_index/package_run_dependencies/moveit_kinematics
[0.462s] -- Up-to-date: /home/thisum/my_ws/install/moveit_kinematics/share/ament_index/resource_index/parent_prefix_path/moveit_kinematics
[0.462s] -- Up-to-date: /home/thisum/my_ws/install/moveit_kinematics/share/moveit_kinematics/environment/ament_prefix_path.sh
[0.462s] -- Up-to-date: /home/thisum/my_ws/install/moveit_kinematics/share/moveit_kinematics/environment/ament_prefix_path.dsv
[0.462s] -- Up-to-date: /home/thisum/my_ws/install/moveit_kinematics/share/moveit_kinematics/environment/path.sh
[0.462s] -- Up-to-date: /home/thisum/my_ws/install/moveit_kinematics/share/moveit_kinematics/environment/path.dsv
[0.462s] -- Up-to-date: /home/thisum/my_ws/install/moveit_kinematics/share/moveit_kinematics/local_setup.bash
[0.462s] -- Up-to-date: /home/thisum/my_ws/install/moveit_kinematics/share/moveit_kinematics/local_setup.sh
[0.462s] -- Up-to-date: /home/thisum/my_ws/install/moveit_kinematics/share/moveit_kinematics/local_setup.zsh
[0.462s] -- Up-to-date: /home/thisum/my_ws/install/moveit_kinematics/share/moveit_kinematics/local_setup.dsv
[0.462s] -- Installing: /home/thisum/my_ws/install/moveit_kinematics/share/moveit_kinematics/package.dsv
[0.464s] -- Up-to-date: /home/thisum/my_ws/install/moveit_kinematics/share/ament_index/resource_index/packages/moveit_kinematics
[0.464s] -- Up-to-date: /home/thisum/my_ws/install/moveit_kinematics/share/ament_index/resource_index/moveit_core__pluginlib__plugin/moveit_kinematics
[0.468s] -- Up-to-date: /home/thisum/my_ws/install/moveit_kinematics/share/moveit_kinematics/cmake/export_moveit_kinematicsExport.cmake
[0.468s] -- Up-to-date: /home/thisum/my_ws/install/moveit_kinematics/share/moveit_kinematics/cmake/export_moveit_kinematicsExport-release.cmake
[0.468s] -- Up-to-date: /home/thisum/my_ws/install/moveit_kinematics/share/moveit_kinematics/cmake/ConfigExtras.cmake
[0.468s] -- Up-to-date: /home/thisum/my_ws/install/moveit_kinematics/share/moveit_kinematics/cmake/ament_cmake_export_targets-extras.cmake
[0.468s] -- Up-to-date: /home/thisum/my_ws/install/moveit_kinematics/share/moveit_kinematics/cmake/ament_cmake_export_dependencies-extras.cmake
[0.469s] -- Up-to-date: /home/thisum/my_ws/install/moveit_kinematics/share/moveit_kinematics/cmake/moveit_kinematicsConfig.cmake
[0.469s] -- Up-to-date: /home/thisum/my_ws/install/moveit_kinematics/share/moveit_kinematics/cmake/moveit_kinematicsConfig-version.cmake
[0.469s] -- Up-to-date: /home/thisum/my_ws/install/moveit_kinematics/share/moveit_kinematics/package.xml
[0.474s] Invoked command in '/home/thisum/my_ws/build/moveit_kinematics' returned '0': AMENT_PREFIX_PATH=/home/thisum/my_ws/install/moveit_ros_planning:/home/thisum/my_ws/install/moveit_ros_occupancy_map_monitor:/home/thisum/my_ws/install/moveit_core:/home/thisum/my_ws/install/moveit_resources_panda_moveit_config:/home/thisum/my_ws/install/moveit_resources_fanuc_moveit_config:/home/thisum/my_ws/install/moveit_configs_utils:/home/thisum/my_ws/install/srdfdom:/home/thisum/my_ws/install/moveit_resources_pr2_description:/home/thisum/my_ws/install/moveit_resources_panda_description:/home/thisum/my_ws/install/moveit_resources_fanuc_description:/home/thisum/my_ws/install/moveit_common:/home/thisum/my_ws/install/launch_param_builder:${AMENT_PREFIX_PATH} CMAKE_PREFIX_PATH=/home/thisum/my_ws/install/moveit_ros_planning:/home/thisum/my_ws/install/moveit_ros_occupancy_map_monitor:/home/thisum/my_ws/install/moveit_core:/home/thisum/my_ws/install/moveit_resources_panda_moveit_config:/home/thisum/my_ws/install/moveit_resources_fanuc_moveit_config:/home/thisum/my_ws/install/srdfdom:/home/thisum/my_ws/install/moveit_resources_pr2_description:/home/thisum/my_ws/install/moveit_resources_panda_description:/home/thisum/my_ws/install/moveit_resources_fanuc_description:/home/thisum/my_ws/install/moveit_common:/opt/ros/humble LD_LIBRARY_PATH=/home/thisum/my_ws/install/moveit_ros_planning/lib:/home/thisum/my_ws/install/moveit_ros_occupancy_map_monitor/lib:/home/thisum/my_ws/install/moveit_core/lib:/home/thisum/my_ws/install/srdfdom/lib:${LD_LIBRARY_PATH} PATH=/home/thisum/my_ws/install/moveit_core/bin:${PATH} PYTHONPATH=/home/thisum/my_ws/install/moveit_configs_utils/lib/python3.10/site-packages:/home/thisum/my_ws/install/srdfdom/local/lib/python3.10/dist-packages:/home/thisum/my_ws/install/launch_param_builder/lib/python3.10/site-packages:${PYTHONPATH} /usr/bin/cmake --install /home/thisum/my_ws/build/moveit_kinematics
