[0.696s] Invoking command in '/home/thisum/my_ws/src/launch_param_builder': PYTHONPATH=/home/thisum/my_ws/src/build/launch_param_builder/prefix_override:/usr/lib/python3/dist-packages/colcon_core/task/python/colcon_distutils_commands:/home/thisum/my_ws/src/install/launch_param_builder/lib/python3.10/site-packages:${PYTHONPATH} /usr/bin/python3 -W ignore:setup.py install is deprecated setup.py egg_info --egg-base ../build/launch_param_builder build --build-base /home/thisum/my_ws/src/build/launch_param_builder/build install --record /home/thisum/my_ws/src/build/launch_param_builder/install.log --single-version-externally-managed install_data
[0.947s] running egg_info
[0.947s] creating ../build/launch_param_builder/launch_param_builder.egg-info
[0.948s] writing ../build/launch_param_builder/launch_param_builder.egg-info/PKG-INFO
[0.948s] writing dependency_links to ../build/launch_param_builder/launch_param_builder.egg-info/dependency_links.txt
[0.948s] writing entry points to ../build/launch_param_builder/launch_param_builder.egg-info/entry_points.txt
[0.948s] writing requirements to ../build/launch_param_builder/launch_param_builder.egg-info/requires.txt
[0.948s] writing top-level names to ../build/launch_param_builder/launch_param_builder.egg-info/top_level.txt
[0.949s] writing manifest file '../build/launch_param_builder/launch_param_builder.egg-info/SOURCES.txt'
[0.952s] reading manifest file '../build/launch_param_builder/launch_param_builder.egg-info/SOURCES.txt'
[0.952s] adding license file 'LICENSE'
[0.953s] writing manifest file '../build/launch_param_builder/launch_param_builder.egg-info/SOURCES.txt'
[0.954s] running build
[0.954s] running build_py
[0.954s] creating /home/thisum/my_ws/src/build/launch_param_builder/build
[0.954s] creating /home/thisum/my_ws/src/build/launch_param_builder/build/lib
[0.954s] creating /home/thisum/my_ws/src/build/launch_param_builder/build/lib/launch_param_builder
[0.954s] copying launch_param_builder/utils.py -> /home/thisum/my_ws/src/build/launch_param_builder/build/lib/launch_param_builder
[0.955s] copying launch_param_builder/launch_param_builder.py -> /home/thisum/my_ws/src/build/launch_param_builder/build/lib/launch_param_builder
[0.956s] copying launch_param_builder/__init__.py -> /home/thisum/my_ws/src/build/launch_param_builder/build/lib/launch_param_builder
[0.957s] running install
[0.957s] running install_lib
[0.958s] creating /home/thisum/my_ws/src/install/launch_param_builder/lib/python3.10/site-packages/launch_param_builder
[0.958s] copying /home/thisum/my_ws/src/build/launch_param_builder/build/lib/launch_param_builder/utils.py -> /home/thisum/my_ws/src/install/launch_param_builder/lib/python3.10/site-packages/launch_param_builder
[0.958s] copying /home/thisum/my_ws/src/build/launch_param_builder/build/lib/launch_param_builder/launch_param_builder.py -> /home/thisum/my_ws/src/install/launch_param_builder/lib/python3.10/site-packages/launch_param_builder
[0.959s] copying /home/thisum/my_ws/src/build/launch_param_builder/build/lib/launch_param_builder/__init__.py -> /home/thisum/my_ws/src/install/launch_param_builder/lib/python3.10/site-packages/launch_param_builder
[0.959s] byte-compiling /home/thisum/my_ws/src/install/launch_param_builder/lib/python3.10/site-packages/launch_param_builder/utils.py to utils.cpython-310.pyc
[0.960s] byte-compiling /home/thisum/my_ws/src/install/launch_param_builder/lib/python3.10/site-packages/launch_param_builder/launch_param_builder.py to launch_param_builder.cpython-310.pyc
[0.960s] byte-compiling /home/thisum/my_ws/src/install/launch_param_builder/lib/python3.10/site-packages/launch_param_builder/__init__.py to __init__.cpython-310.pyc
[0.960s] running install_data
[0.961s] creating /home/thisum/my_ws/src/install/launch_param_builder/share/ament_index
[0.961s] creating /home/thisum/my_ws/src/install/launch_param_builder/share/ament_index/resource_index
[0.961s] creating /home/thisum/my_ws/src/install/launch_param_builder/share/ament_index/resource_index/packages
[0.961s] copying resource/launch_param_builder -> /home/thisum/my_ws/src/install/launch_param_builder/share/ament_index/resource_index/packages
[0.961s] creating /home/thisum/my_ws/src/install/launch_param_builder/share/launch_param_builder/launch
[0.961s] copying example/launch_param_builder_example.launch.py -> /home/thisum/my_ws/src/install/launch_param_builder/share/launch_param_builder/launch
[0.962s] creating /home/thisum/my_ws/src/install/launch_param_builder/share/launch_param_builder/config
[0.962s] copying test/data/param_file_to_inject.yaml -> /home/thisum/my_ws/src/install/launch_param_builder/share/launch_param_builder/config
[0.963s] copying test/data/parameter_file -> /home/thisum/my_ws/src/install/launch_param_builder/share/launch_param_builder/config
[0.964s] copying test/data/parameter.xacro -> /home/thisum/my_ws/src/install/launch_param_builder/share/launch_param_builder/config
[0.964s] copying test/data/parameters_injection.yaml -> /home/thisum/my_ws/src/install/launch_param_builder/share/launch_param_builder/config
[0.965s] copying test/data/parameters.yaml -> /home/thisum/my_ws/src/install/launch_param_builder/share/launch_param_builder/config
[0.966s] copying package.xml -> /home/thisum/my_ws/src/install/launch_param_builder/share/launch_param_builder
[0.966s] creating /home/thisum/my_ws/src/install/launch_param_builder/lib/launch_param_builder
[0.966s] copying example/example_node.py -> /home/thisum/my_ws/src/install/launch_param_builder/lib/launch_param_builder
[0.967s] running install_egg_info
[0.969s] Copying ../build/launch_param_builder/launch_param_builder.egg-info to /home/thisum/my_ws/src/install/launch_param_builder/lib/python3.10/site-packages/launch_param_builder-0.1.1-py3.10.egg-info
[0.970s] running install_scripts
[0.989s] writing list of installed files to '/home/thisum/my_ws/src/build/launch_param_builder/install.log'
[1.011s] Invoked command in '/home/thisum/my_ws/src/launch_param_builder' returned '0': PYTHONPATH=/home/thisum/my_ws/src/build/launch_param_builder/prefix_override:/usr/lib/python3/dist-packages/colcon_core/task/python/colcon_distutils_commands:/home/thisum/my_ws/src/install/launch_param_builder/lib/python3.10/site-packages:${PYTHONPATH} /usr/bin/python3 -W ignore:setup.py install is deprecated setup.py egg_info --egg-base ../build/launch_param_builder build --build-base /home/thisum/my_ws/src/build/launch_param_builder/build install --record /home/thisum/my_ws/src/build/launch_param_builder/install.log --single-version-externally-managed install_data
