[0.036s] Invoking command in '/home/thisum/my_ws/build/moveit_ros_control_interface': AMENT_PREFIX_PATH=/home/thisum/my_ws/install/moveit_simple_controller_manager:/home/thisum/my_ws/install/moveit_core:/home/thisum/my_ws/install/moveit_resources_panda_moveit_config:/home/thisum/my_ws/install/srdfdom:/home/thisum/my_ws/install/moveit_resources_pr2_description:/home/thisum/my_ws/install/moveit_resources_panda_description:/home/thisum/my_ws/install/moveit_common:${AMENT_PREFIX_PATH} CMAKE_PREFIX_PATH=/home/thisum/my_ws/install/moveit_simple_controller_manager:/home/thisum/my_ws/install/moveit_core:/home/thisum/my_ws/install/moveit_resources_panda_moveit_config:/home/thisum/my_ws/install/srdfdom:/home/thisum/my_ws/install/moveit_resources_pr2_description:/home/thisum/my_ws/install/moveit_resources_panda_description:/home/thisum/my_ws/install/moveit_common:/opt/ros/humble LD_LIBRARY_PATH=/home/thisum/my_ws/install/moveit_simple_controller_manager/lib:/home/thisum/my_ws/install/moveit_core/lib:/home/thisum/my_ws/install/srdfdom/lib:${LD_LIBRARY_PATH} PATH=/home/thisum/my_ws/install/moveit_core/bin:${PATH} PYTHONPATH=/home/thisum/my_ws/install/srdfdom/local/lib/python3.10/dist-packages:${PYTHONPATH} /usr/bin/cmake --build /home/thisum/my_ws/build/moveit_ros_control_interface -- -j6 -l6
[0.132s] [35m[1mConsolidate compiler generated dependencies of target moveit_ros_control_interface_trajectory_plugin[0m
[0.132s] [35m[1mConsolidate compiler generated dependencies of target moveit_ros_control_interface_empty_plugin[0m
[0.132s] [35m[1mConsolidate compiler generated dependencies of target moveit_ros_control_interface_plugin[0m
[0.132s] [35m[1mConsolidate compiler generated dependencies of target moveit_ros_control_interface_gripper_plugin[0m
[0.177s] [ 25%] Built target moveit_ros_control_interface_trajectory_plugin
[0.177s] [ 50%] Built target moveit_ros_control_interface_gripper_plugin
[0.183s] [ 75%] Built target moveit_ros_control_interface_empty_plugin
[0.200s] [100%] Built target moveit_ros_control_interface_plugin
[0.216s] Invoked command in '/home/thisum/my_ws/build/moveit_ros_control_interface' returned '0': AMENT_PREFIX_PATH=/home/thisum/my_ws/install/moveit_simple_controller_manager:/home/thisum/my_ws/install/moveit_core:/home/thisum/my_ws/install/moveit_resources_panda_moveit_config:/home/thisum/my_ws/install/srdfdom:/home/thisum/my_ws/install/moveit_resources_pr2_description:/home/thisum/my_ws/install/moveit_resources_panda_description:/home/thisum/my_ws/install/moveit_common:${AMENT_PREFIX_PATH} CMAKE_PREFIX_PATH=/home/thisum/my_ws/install/moveit_simple_controller_manager:/home/thisum/my_ws/install/moveit_core:/home/thisum/my_ws/install/moveit_resources_panda_moveit_config:/home/thisum/my_ws/install/srdfdom:/home/thisum/my_ws/install/moveit_resources_pr2_description:/home/thisum/my_ws/install/moveit_resources_panda_description:/home/thisum/my_ws/install/moveit_common:/opt/ros/humble LD_LIBRARY_PATH=/home/thisum/my_ws/install/moveit_simple_controller_manager/lib:/home/thisum/my_ws/install/moveit_core/lib:/home/thisum/my_ws/install/srdfdom/lib:${LD_LIBRARY_PATH} PATH=/home/thisum/my_ws/install/moveit_core/bin:${PATH} PYTHONPATH=/home/thisum/my_ws/install/srdfdom/local/lib/python3.10/dist-packages:${PYTHONPATH} /usr/bin/cmake --build /home/thisum/my_ws/build/moveit_ros_control_interface -- -j6 -l6
[0.282s] Invoking command in '/home/thisum/my_ws/build/moveit_ros_control_interface': AMENT_PREFIX_PATH=/home/thisum/my_ws/install/moveit_simple_controller_manager:/home/thisum/my_ws/install/moveit_core:/home/thisum/my_ws/install/moveit_resources_panda_moveit_config:/home/thisum/my_ws/install/srdfdom:/home/thisum/my_ws/install/moveit_resources_pr2_description:/home/thisum/my_ws/install/moveit_resources_panda_description:/home/thisum/my_ws/install/moveit_common:${AMENT_PREFIX_PATH} CMAKE_PREFIX_PATH=/home/thisum/my_ws/install/moveit_simple_controller_manager:/home/thisum/my_ws/install/moveit_core:/home/thisum/my_ws/install/moveit_resources_panda_moveit_config:/home/thisum/my_ws/install/srdfdom:/home/thisum/my_ws/install/moveit_resources_pr2_description:/home/thisum/my_ws/install/moveit_resources_panda_description:/home/thisum/my_ws/install/moveit_common:/opt/ros/humble LD_LIBRARY_PATH=/home/thisum/my_ws/install/moveit_simple_controller_manager/lib:/home/thisum/my_ws/install/moveit_core/lib:/home/thisum/my_ws/install/srdfdom/lib:${LD_LIBRARY_PATH} PATH=/home/thisum/my_ws/install/moveit_core/bin:${PATH} PYTHONPATH=/home/thisum/my_ws/install/srdfdom/local/lib/python3.10/dist-packages:${PYTHONPATH} /usr/bin/cmake --install /home/thisum/my_ws/build/moveit_ros_control_interface
[0.296s] -- Install configuration: "Release"
[0.299s] -- Up-to-date: /home/thisum/my_ws/install/moveit_ros_control_interface/lib/libmoveit_ros_control_interface_plugin.so.2.5.5
[0.299s] -- Up-to-date: /home/thisum/my_ws/install/moveit_ros_control_interface/lib/libmoveit_ros_control_interface_plugin.so
[0.301s] -- Up-to-date: /home/thisum/my_ws/install/moveit_ros_control_interface/lib/libmoveit_ros_control_interface_trajectory_plugin.so.2.5.5
[0.302s] -- Up-to-date: /home/thisum/my_ws/install/moveit_ros_control_interface/lib/libmoveit_ros_control_interface_trajectory_plugin.so
[0.304s] -- Up-to-date: /home/thisum/my_ws/install/moveit_ros_control_interface/lib/libmoveit_ros_control_interface_gripper_plugin.so.2.5.5
[0.304s] -- Up-to-date: /home/thisum/my_ws/install/moveit_ros_control_interface/lib/libmoveit_ros_control_interface_gripper_plugin.so
[0.306s] -- Up-to-date: /home/thisum/my_ws/install/moveit_ros_control_interface/lib/libmoveit_ros_control_interface_empty_plugin.so.2.5.5
[0.307s] -- Up-to-date: /home/thisum/my_ws/install/moveit_ros_control_interface/lib/libmoveit_ros_control_interface_empty_plugin.so
[0.307s] -- Up-to-date: /home/thisum/my_ws/install/moveit_ros_control_interface/include
[0.308s] -- Up-to-date: /home/thisum/my_ws/install/moveit_ros_control_interface/include/moveit_ros_control_interface
[0.309s] -- Up-to-date: /home/thisum/my_ws/install/moveit_ros_control_interface/include/moveit_ros_control_interface/ControllerHandle.h
[0.310s] -- Up-to-date: /home/thisum/my_ws/install/moveit_ros_control_interface/share/moveit_ros_control_interface/moveit_core_plugins.xml
[0.310s] -- Up-to-date: /home/thisum/my_ws/install/moveit_ros_control_interface/share/moveit_ros_control_interface/moveit_ros_control_interface_plugins.xml
[0.311s] -- Up-to-date: /home/thisum/my_ws/install/moveit_ros_control_interface/share/moveit_ros_control_interface/environment/library_path.sh
[0.311s] -- Up-to-date: /home/thisum/my_ws/install/moveit_ros_control_interface/share/moveit_ros_control_interface/environment/library_path.dsv
[0.313s] -- Up-to-date: /home/thisum/my_ws/install/moveit_ros_control_interface/share/ament_index/resource_index/package_run_dependencies/moveit_ros_control_interface
[0.313s] -- Up-to-date: /home/thisum/my_ws/install/moveit_ros_control_interface/share/ament_index/resource_index/parent_prefix_path/moveit_ros_control_interface
[0.313s] -- Up-to-date: /home/thisum/my_ws/install/moveit_ros_control_interface/share/moveit_ros_control_interface/environment/ament_prefix_path.sh
[0.313s] -- Up-to-date: /home/thisum/my_ws/install/moveit_ros_control_interface/share/moveit_ros_control_interface/environment/ament_prefix_path.dsv
[0.313s] -- Up-to-date: /home/thisum/my_ws/install/moveit_ros_control_interface/share/moveit_ros_control_interface/environment/path.sh
[0.313s] -- Up-to-date: /home/thisum/my_ws/install/moveit_ros_control_interface/share/moveit_ros_control_interface/environment/path.dsv
[0.314s] -- Up-to-date: /home/thisum/my_ws/install/moveit_ros_control_interface/share/moveit_ros_control_interface/local_setup.bash
[0.314s] -- Up-to-date: /home/thisum/my_ws/install/moveit_ros_control_interface/share/moveit_ros_control_interface/local_setup.sh
[0.314s] -- Up-to-date: /home/thisum/my_ws/install/moveit_ros_control_interface/share/moveit_ros_control_interface/local_setup.zsh
[0.314s] -- Up-to-date: /home/thisum/my_ws/install/moveit_ros_control_interface/share/moveit_ros_control_interface/local_setup.dsv
[0.314s] -- Installing: /home/thisum/my_ws/install/moveit_ros_control_interface/share/moveit_ros_control_interface/package.dsv
[0.316s] -- Up-to-date: /home/thisum/my_ws/install/moveit_ros_control_interface/share/ament_index/resource_index/packages/moveit_ros_control_interface
[0.317s] -- Up-to-date: /home/thisum/my_ws/install/moveit_ros_control_interface/share/ament_index/resource_index/moveit_core__pluginlib__plugin/moveit_ros_control_interface
[0.317s] -- Up-to-date: /home/thisum/my_ws/install/moveit_ros_control_interface/share/ament_index/resource_index/moveit_ros_control_interface__pluginlib__plugin/moveit_ros_control_interface
[0.322s] -- Up-to-date: /home/thisum/my_ws/install/moveit_ros_control_interface/share/moveit_ros_control_interface/cmake/export_moveit_ros_control_interfaceExport.cmake
[0.322s] -- Up-to-date: /home/thisum/my_ws/install/moveit_ros_control_interface/share/moveit_ros_control_interface/cmake/export_moveit_ros_control_interfaceExport-release.cmake
[0.322s] -- Up-to-date: /home/thisum/my_ws/install/moveit_ros_control_interface/share/moveit_ros_control_interface/cmake/ConfigExtras.cmake
[0.322s] -- Up-to-date: /home/thisum/my_ws/install/moveit_ros_control_interface/share/moveit_ros_control_interface/cmake/ament_cmake_export_targets-extras.cmake
[0.323s] -- Up-to-date: /home/thisum/my_ws/install/moveit_ros_control_interface/share/moveit_ros_control_interface/cmake/ament_cmake_export_dependencies-extras.cmake
[0.323s] -- Up-to-date: /home/thisum/my_ws/install/moveit_ros_control_interface/share/moveit_ros_control_interface/cmake/moveit_ros_control_interfaceConfig.cmake
[0.323s] -- Up-to-date: /home/thisum/my_ws/install/moveit_ros_control_interface/share/moveit_ros_control_interface/cmake/moveit_ros_control_interfaceConfig-version.cmake
[0.323s] -- Up-to-date: /home/thisum/my_ws/install/moveit_ros_control_interface/share/moveit_ros_control_interface/package.xml
[0.326s] Invoked command in '/home/thisum/my_ws/build/moveit_ros_control_interface' returned '0': AMENT_PREFIX_PATH=/home/thisum/my_ws/install/moveit_simple_controller_manager:/home/thisum/my_ws/install/moveit_core:/home/thisum/my_ws/install/moveit_resources_panda_moveit_config:/home/thisum/my_ws/install/srdfdom:/home/thisum/my_ws/install/moveit_resources_pr2_description:/home/thisum/my_ws/install/moveit_resources_panda_description:/home/thisum/my_ws/install/moveit_common:${AMENT_PREFIX_PATH} CMAKE_PREFIX_PATH=/home/thisum/my_ws/install/moveit_simple_controller_manager:/home/thisum/my_ws/install/moveit_core:/home/thisum/my_ws/install/moveit_resources_panda_moveit_config:/home/thisum/my_ws/install/srdfdom:/home/thisum/my_ws/install/moveit_resources_pr2_description:/home/thisum/my_ws/install/moveit_resources_panda_description:/home/thisum/my_ws/install/moveit_common:/opt/ros/humble LD_LIBRARY_PATH=/home/thisum/my_ws/install/moveit_simple_controller_manager/lib:/home/thisum/my_ws/install/moveit_core/lib:/home/thisum/my_ws/install/srdfdom/lib:${LD_LIBRARY_PATH} PATH=/home/thisum/my_ws/install/moveit_core/bin:${PATH} PYTHONPATH=/home/thisum/my_ws/install/srdfdom/local/lib/python3.10/dist-packages:${PYTHONPATH} /usr/bin/cmake --install /home/thisum/my_ws/build/moveit_ros_control_interface
