[0.210s] Invoking command in '/home/thisum/my_ws/build/moveit_servo': AMENT_PREFIX_PATH=/home/thisum/my_ws/install/moveit_ros_planning_interface:/home/thisum/my_ws/install/moveit_ros_move_group:/home/thisum/my_ws/install/moveit_ros_warehouse:/home/thisum/my_ws/install/moveit_planners_ompl:/home/thisum/my_ws/install/moveit_kinematics:/home/thisum/my_ws/install/moveit_ros_planning:/home/thisum/my_ws/install/moveit_simple_controller_manager:/home/thisum/my_ws/install/moveit_ros_occupancy_map_monitor:/home/thisum/my_ws/install/moveit_core:/home/thisum/my_ws/install/moveit_resources_panda_moveit_config:/home/thisum/my_ws/install/moveit_resources_fanuc_moveit_config:/home/thisum/my_ws/install/moveit_configs_utils:/home/thisum/my_ws/install/srdfdom:/home/thisum/my_ws/install/moveit_resources_pr2_description:/home/thisum/my_ws/install/moveit_resources_panda_description:/home/thisum/my_ws/install/moveit_resources_fanuc_description:/home/thisum/my_ws/install/moveit_common:/home/thisum/my_ws/install/launch_param_builder:${AMENT_PREFIX_PATH} CMAKE_PREFIX_PATH=/home/thisum/my_ws/install/moveit_ros_planning_interface:/home/thisum/my_ws/install/moveit_ros_move_group:/home/thisum/my_ws/install/moveit_ros_warehouse:/home/thisum/my_ws/install/moveit_planners_ompl:/home/thisum/my_ws/install/moveit_kinematics:/home/thisum/my_ws/install/moveit_ros_planning:/home/thisum/my_ws/install/moveit_simple_controller_manager:/home/thisum/my_ws/install/moveit_ros_occupancy_map_monitor:/home/thisum/my_ws/install/moveit_core:/home/thisum/my_ws/install/moveit_resources_panda_moveit_config:/home/thisum/my_ws/install/moveit_resources_fanuc_moveit_config:/home/thisum/my_ws/install/srdfdom:/home/thisum/my_ws/install/moveit_resources_pr2_description:/home/thisum/my_ws/install/moveit_resources_panda_description:/home/thisum/my_ws/install/moveit_resources_fanuc_description:/home/thisum/my_ws/install/moveit_common:/opt/ros/humble LD_LIBRARY_PATH=/home/thisum/my_ws/install/moveit_ros_planning_interface/lib:/home/thisum/my_ws/install/moveit_ros_move_group/lib:/home/thisum/my_ws/install/moveit_ros_warehouse/lib:/home/thisum/my_ws/install/moveit_planners_ompl/lib:/home/thisum/my_ws/install/moveit_kinematics/lib:/home/thisum/my_ws/install/moveit_ros_planning/lib:/home/thisum/my_ws/install/moveit_simple_controller_manager/lib:/home/thisum/my_ws/install/moveit_ros_occupancy_map_monitor/lib:/home/thisum/my_ws/install/moveit_core/lib:/home/thisum/my_ws/install/srdfdom/lib:${LD_LIBRARY_PATH} PATH=/home/thisum/my_ws/install/moveit_core/bin:${PATH} PYTHONPATH=/home/thisum/my_ws/install/moveit_configs_utils/lib/python3.10/site-packages:/home/thisum/my_ws/install/srdfdom/local/lib/python3.10/dist-packages:/home/thisum/my_ws/install/launch_param_builder/lib/python3.10/site-packages:${PYTHONPATH} /usr/bin/cmake /home/thisum/my_ws/src/moveit2/moveit_ros/moveit_servo -DCMAKE_BUILD_TYPE=Release -DCMAKE_INSTALL_PREFIX=/home/thisum/my_ws/install/moveit_servo
[0.380s] -- The C compiler identification is GNU 11.4.0
[0.459s] -- The CXX compiler identification is GNU 11.4.0
[0.495s] -- Detecting C compiler ABI info
[0.604s] -- Detecting C compiler ABI info - done
[0.610s] -- Check for working C compiler: /usr/bin/cc - skipped
[0.612s] -- Detecting C compile features
[0.613s] -- Detecting C compile features - done
[0.634s] -- Detecting CXX compiler ABI info
[0.759s] -- Detecting CXX compiler ABI info - done
[0.765s] -- Check for working CXX compiler: /usr/bin/c++ - skipped
[0.766s] -- Detecting CXX compile features
[0.766s] -- Detecting CXX compile features - done
[0.773s] -- Found moveit_common: 2.5.5 (/home/thisum/my_ws/install/moveit_common/share/moveit_common/cmake)
[0.832s] -- Found ament_cmake: 1.3.9 (/opt/ros/humble/share/ament_cmake/cmake)
[1.106s] -- Found Python3: /usr/bin/python3 (found version "3.10.12") found components: Interpreter 
[1.492s] -- Found libdw: /usr/lib/x86_64-linux-gnu/libdw.so  
[1.507s] -- Could NOT find libbfd (missing: LIBBFD_LIBRARY LIBBFD_INCLUDE_DIR) 
[1.507s] -- BACKWARD_HAS_UNWIND=1
[1.507s] -- BACKWARD_HAS_BACKTRACE=0
[1.507s] -- BACKWARD_HAS_BACKTRACE_SYMBOL=0
[1.507s] -- BACKWARD_HAS_DW=1
[1.508s] -- BACKWARD_HAS_BFD=0
[1.508s] -- Found Backward: /opt/ros/humble/share/backward_ros/cmake  
[1.518s] -- Found eigen3_cmake_module: 0.1.1 (/opt/ros/humble/share/eigen3_cmake_module/cmake)
[1.536s] -- Found Eigen3: TRUE (found version "3.4.0") 
[1.542s] -- Found control_msgs: 4.6.0 (/opt/ros/humble/share/control_msgs/cmake)
[1.669s] -- Found rosidl_generator_c: 3.1.5 (/opt/ros/humble/share/rosidl_generator_c/cmake)
[1.698s] -- Found rosidl_adapter: 3.1.5 (/opt/ros/humble/share/rosidl_adapter/cmake)
[1.725s] -- Found rosidl_generator_cpp: 3.1.5 (/opt/ros/humble/share/rosidl_generator_cpp/cmake)
[1.782s] -- Using all available rosidl_typesupport_c: rosidl_typesupport_fastrtps_c;rosidl_typesupport_introspection_c
[1.859s] -- Using all available rosidl_typesupport_cpp: rosidl_typesupport_fastrtps_cpp;rosidl_typesupport_introspection_cpp
[2.560s] -- Found control_toolbox: 3.2.0 (/opt/ros/humble/share/control_toolbox/cmake)
[2.755s] -- Found rmw_implementation_cmake: 6.1.2 (/opt/ros/humble/share/rmw_implementation_cmake/cmake)
[2.767s] -- Found rmw_fastrtps_cpp: 6.2.6 (/opt/ros/humble/share/rmw_fastrtps_cpp/cmake)
[2.993s] -- Found OpenSSL: /usr/lib/x86_64-linux-gnu/libcrypto.so (found version "3.0.2")  
[3.028s] -- Found FastRTPS: /opt/ros/humble/include  
[3.097s] -- Using RMW implementation 'rmw_fastrtps_cpp' as default
[3.142s] -- Looking for pthread.h
[3.289s] -- Looking for pthread.h - found
[3.290s] -- Performing Test CMAKE_HAVE_LIBC_PTHREAD
[3.430s] -- Performing Test CMAKE_HAVE_LIBC_PTHREAD - Success
[3.432s] -- Found Threads: TRUE  
[3.742s] -- Found parameter_traits: 0.3.8 (/opt/ros/humble/share/parameter_traits/cmake)
[3.786s] -- Found rclcpp_lifecycle: 16.0.9 (/opt/ros/humble/share/rclcpp_lifecycle/cmake)
[3.934s] -- Found moveit_core: 2.5.5 (/home/thisum/my_ws/install/moveit_core/share/moveit_core/cmake)
[4.068s] -- Found Boost: /usr/lib/x86_64-linux-gnu/cmake/Boost-1.74.0/BoostConfig.cmake (found version "1.74.0") found components: chrono date_time filesystem iostreams program_options regex serialization system thread 
[4.156s] -- Found Boost: /usr/lib/x86_64-linux-gnu/cmake/Boost-1.74.0/BoostConfig.cmake (found version "1.74.0") found components: filesystem 
[4.351s] -- library: /usr/lib/x86_64-linux-gnu/libcurl.so
[4.639s] -- Ensuring Eigen3 include directory is part of orocos-kdl CMake target
[5.835s] -- Found moveit_ros_planning: 2.5.5 (/home/thisum/my_ws/install/moveit_ros_planning/share/moveit_ros_planning/cmake)
[5.842s] -- Found Boost: /usr/lib/x86_64-linux-gnu/cmake/Boost-1.74.0/BoostConfig.cmake (found version "1.74.0") found components: system filesystem date_time program_options thread chrono 
[6.279s] -- Found std_srvs: 4.2.4 (/opt/ros/humble/share/std_srvs/cmake)
[6.408s] -- Found ament_lint_auto: 0.12.11 (/opt/ros/humble/share/ament_lint_auto/cmake)
[6.416s] -- Found ament_cmake_gtest: 1.3.9 (/opt/ros/humble/share/ament_cmake_gtest/cmake)
[6.439s] -- Found ros_testing: 0.4.0 (/opt/ros/humble/share/ros_testing/cmake)
[6.446s] -- Found launch_testing_ament_cmake: 1.0.6 (/opt/ros/humble/share/launch_testing_ament_cmake/cmake)
[6.454s] -- Found python_cmake_module: 0.10.0 (/opt/ros/humble/share/python_cmake_module/cmake)
[6.482s] -- Found PythonInterp: /usr/bin/python3 (found suitable version "3.10.12", minimum required is "3.6") 
[6.496s] -- Found PythonLibs: /usr/lib/x86_64-linux-gnu/libpython3.10.so (found suitable version "3.10.12", minimum required is "3.5") 
[6.496s] -- Using PYTHON_EXECUTABLE: /usr/bin/python3
[6.496s] -- Using PYTHON_INCLUDE_DIRS: /usr/include/python3.10
[6.496s] -- Using PYTHON_LIBRARIES: /usr/lib/x86_64-linux-gnu/libpython3.10.so
[6.521s] -- Found PythonExtra: .so  
[6.537s] -- Found Boost: /usr/lib/x86_64-linux-gnu/cmake/Boost-1.74.0/BoostConfig.cmake (found version "1.74.0") found components: filesystem 
[7.176s] -- Found gtest sources under '/opt/ros/humble/src/gtest_vendor': C++ tests using 'Google Test' will be built
[7.256s] -- Added test 'cppcheck' to perform static code analysis on C / C++ code
[7.257s] -- Configured cppcheck include dirs: /home/thisum/my_ws/src/moveit2/moveit_ros/moveit_servo/include
[7.257s] -- Configured cppcheck exclude dirs and/or files: 
[7.259s] -- Added test 'lint_cmake' to check CMake code style
[7.261s] -- Added test 'pep257' to check Python code against some of the docstring style conventions in PEP 257
[7.263s] -- Added test 'xmllint' to check XML markup files
[7.268s] -- Configuring done
[7.515s] -- Generating done
[7.520s] -- Build files have been written to: /home/thisum/my_ws/build/moveit_servo
[7.543s] Invoked command in '/home/thisum/my_ws/build/moveit_servo' returned '0': AMENT_PREFIX_PATH=/home/thisum/my_ws/install/moveit_ros_planning_interface:/home/thisum/my_ws/install/moveit_ros_move_group:/home/thisum/my_ws/install/moveit_ros_warehouse:/home/thisum/my_ws/install/moveit_planners_ompl:/home/thisum/my_ws/install/moveit_kinematics:/home/thisum/my_ws/install/moveit_ros_planning:/home/thisum/my_ws/install/moveit_simple_controller_manager:/home/thisum/my_ws/install/moveit_ros_occupancy_map_monitor:/home/thisum/my_ws/install/moveit_core:/home/thisum/my_ws/install/moveit_resources_panda_moveit_config:/home/thisum/my_ws/install/moveit_resources_fanuc_moveit_config:/home/thisum/my_ws/install/moveit_configs_utils:/home/thisum/my_ws/install/srdfdom:/home/thisum/my_ws/install/moveit_resources_pr2_description:/home/thisum/my_ws/install/moveit_resources_panda_description:/home/thisum/my_ws/install/moveit_resources_fanuc_description:/home/thisum/my_ws/install/moveit_common:/home/thisum/my_ws/install/launch_param_builder:${AMENT_PREFIX_PATH} CMAKE_PREFIX_PATH=/home/thisum/my_ws/install/moveit_ros_planning_interface:/home/thisum/my_ws/install/moveit_ros_move_group:/home/thisum/my_ws/install/moveit_ros_warehouse:/home/thisum/my_ws/install/moveit_planners_ompl:/home/thisum/my_ws/install/moveit_kinematics:/home/thisum/my_ws/install/moveit_ros_planning:/home/thisum/my_ws/install/moveit_simple_controller_manager:/home/thisum/my_ws/install/moveit_ros_occupancy_map_monitor:/home/thisum/my_ws/install/moveit_core:/home/thisum/my_ws/install/moveit_resources_panda_moveit_config:/home/thisum/my_ws/install/moveit_resources_fanuc_moveit_config:/home/thisum/my_ws/install/srdfdom:/home/thisum/my_ws/install/moveit_resources_pr2_description:/home/thisum/my_ws/install/moveit_resources_panda_description:/home/thisum/my_ws/install/moveit_resources_fanuc_description:/home/thisum/my_ws/install/moveit_common:/opt/ros/humble LD_LIBRARY_PATH=/home/thisum/my_ws/install/moveit_ros_planning_interface/lib:/home/thisum/my_ws/install/moveit_ros_move_group/lib:/home/thisum/my_ws/install/moveit_ros_warehouse/lib:/home/thisum/my_ws/install/moveit_planners_ompl/lib:/home/thisum/my_ws/install/moveit_kinematics/lib:/home/thisum/my_ws/install/moveit_ros_planning/lib:/home/thisum/my_ws/install/moveit_simple_controller_manager/lib:/home/thisum/my_ws/install/moveit_ros_occupancy_map_monitor/lib:/home/thisum/my_ws/install/moveit_core/lib:/home/thisum/my_ws/install/srdfdom/lib:${LD_LIBRARY_PATH} PATH=/home/thisum/my_ws/install/moveit_core/bin:${PATH} PYTHONPATH=/home/thisum/my_ws/install/moveit_configs_utils/lib/python3.10/site-packages:/home/thisum/my_ws/install/srdfdom/local/lib/python3.10/dist-packages:/home/thisum/my_ws/install/launch_param_builder/lib/python3.10/site-packages:${PYTHONPATH} /usr/bin/cmake /home/thisum/my_ws/src/moveit2/moveit_ros/moveit_servo -DCMAKE_BUILD_TYPE=Release -DCMAKE_INSTALL_PREFIX=/home/thisum/my_ws/install/moveit_servo
[7.549s] Invoking command in '/home/thisum/my_ws/build/moveit_servo': AMENT_PREFIX_PATH=/home/thisum/my_ws/install/moveit_ros_planning_interface:/home/thisum/my_ws/install/moveit_ros_move_group:/home/thisum/my_ws/install/moveit_ros_warehouse:/home/thisum/my_ws/install/moveit_planners_ompl:/home/thisum/my_ws/install/moveit_kinematics:/home/thisum/my_ws/install/moveit_ros_planning:/home/thisum/my_ws/install/moveit_simple_controller_manager:/home/thisum/my_ws/install/moveit_ros_occupancy_map_monitor:/home/thisum/my_ws/install/moveit_core:/home/thisum/my_ws/install/moveit_resources_panda_moveit_config:/home/thisum/my_ws/install/moveit_resources_fanuc_moveit_config:/home/thisum/my_ws/install/moveit_configs_utils:/home/thisum/my_ws/install/srdfdom:/home/thisum/my_ws/install/moveit_resources_pr2_description:/home/thisum/my_ws/install/moveit_resources_panda_description:/home/thisum/my_ws/install/moveit_resources_fanuc_description:/home/thisum/my_ws/install/moveit_common:/home/thisum/my_ws/install/launch_param_builder:${AMENT_PREFIX_PATH} CMAKE_PREFIX_PATH=/home/thisum/my_ws/install/moveit_ros_planning_interface:/home/thisum/my_ws/install/moveit_ros_move_group:/home/thisum/my_ws/install/moveit_ros_warehouse:/home/thisum/my_ws/install/moveit_planners_ompl:/home/thisum/my_ws/install/moveit_kinematics:/home/thisum/my_ws/install/moveit_ros_planning:/home/thisum/my_ws/install/moveit_simple_controller_manager:/home/thisum/my_ws/install/moveit_ros_occupancy_map_monitor:/home/thisum/my_ws/install/moveit_core:/home/thisum/my_ws/install/moveit_resources_panda_moveit_config:/home/thisum/my_ws/install/moveit_resources_fanuc_moveit_config:/home/thisum/my_ws/install/srdfdom:/home/thisum/my_ws/install/moveit_resources_pr2_description:/home/thisum/my_ws/install/moveit_resources_panda_description:/home/thisum/my_ws/install/moveit_resources_fanuc_description:/home/thisum/my_ws/install/moveit_common:/opt/ros/humble LD_LIBRARY_PATH=/home/thisum/my_ws/install/moveit_ros_planning_interface/lib:/home/thisum/my_ws/install/moveit_ros_move_group/lib:/home/thisum/my_ws/install/moveit_ros_warehouse/lib:/home/thisum/my_ws/install/moveit_planners_ompl/lib:/home/thisum/my_ws/install/moveit_kinematics/lib:/home/thisum/my_ws/install/moveit_ros_planning/lib:/home/thisum/my_ws/install/moveit_simple_controller_manager/lib:/home/thisum/my_ws/install/moveit_ros_occupancy_map_monitor/lib:/home/thisum/my_ws/install/moveit_core/lib:/home/thisum/my_ws/install/srdfdom/lib:${LD_LIBRARY_PATH} PATH=/home/thisum/my_ws/install/moveit_core/bin:${PATH} PYTHONPATH=/home/thisum/my_ws/install/moveit_configs_utils/lib/python3.10/site-packages:/home/thisum/my_ws/install/srdfdom/local/lib/python3.10/dist-packages:/home/thisum/my_ws/install/launch_param_builder/lib/python3.10/site-packages:${PYTHONPATH} /usr/bin/cmake --build /home/thisum/my_ws/build/moveit_servo -- -j6 -l6
[7.636s] [  3%] [32mBuilding CXX object CMakeFiles/fake_command_publisher.dir/test/publish_fake_jog_commands.cpp.o[0m
[7.636s] [  6%] [32mBuilding CXX object CMakeFiles/moveit_servo_lib_parameters.dir/src/servo_parameters.cpp.o[0m
[7.651s] [  9%] [32mBuilding CXX object gtest/CMakeFiles/gtest.dir/src/gtest-all.cc.o[0m
[7.652s] [ 12%] [32mBuilding CXX object CMakeFiles/moveit_servo_lib_parameters.dir/src/parameter_descriptor_builder.cpp.o[0m
[7.652s] [ 15%] [32mBuilding CXX object gtest/CMakeFiles/gtest_main.dir/src/gtest_main.cc.o[0m
[7.652s] [ 18%] [32mBuilding CXX object CMakeFiles/servo_controller_input.dir/src/teleop_demo/joystick_servo_example.cpp.o[0m
[8.818s] [ 21%] [32m[1mLinking CXX static library libgtest_main.a[0m
[9.079s] [ 21%] Built target gtest_main
[12.847s] [ 24%] [32m[1mLinking CXX executable fake_command_publisher[0m
[13.030s] [ 24%] Built target fake_command_publisher
[14.934s] [ 27%] [32m[1mLinking CXX static library libgtest.a[0m
[15.035s] [ 27%] Built target gtest
[18.668s] [ 30%] [32m[1mLinking CXX shared library libmoveit_servo_lib_parameters.so[0m
[18.984s] [ 30%] Built target moveit_servo_lib_parameters
[19.019s] [ 42%] [32mBuilding CXX object CMakeFiles/moveit_servo_lib.dir/src/servo.cpp.o[0m
[19.019s] [ 42%] [32mBuilding CXX object CMakeFiles/moveit_servo_lib.dir/src/enforce_limits.cpp.o[0m
[19.019s] [ 45%] [32mBuilding CXX object CMakeFiles/test_servo_integration.dir/test/test_servo_interface.cpp.o[0m
[19.019s] [ 45%] [32mBuilding CXX object CMakeFiles/test_servo_collision.dir/test/test_servo_collision.cpp.o[0m
[19.019s] [ 42%] [32mBuilding CXX object CMakeFiles/moveit_servo_lib.dir/src/collision_check.cpp.o[0m
[21.462s] [ 48%] [32m[1mLinking CXX shared library libservo_controller_input.so[0m
[21.990s] [ 48%] Built target servo_controller_input
[22.006s] [ 51%] [32mBuilding CXX object CMakeFiles/moveit_servo_lib.dir/src/servo_calcs.cpp.o[0m
[24.449s] [ 54%] [32mBuilding CXX object CMakeFiles/moveit_servo_lib.dir/src/utilities.cpp.o[0m
[49.641s] [ 57%] [32m[1mLinking CXX executable test_servo_collision[0m
[50.142s] [ 57%] Built target test_servo_collision
[51.929s] [ 60%] [32m[1mLinking CXX executable test_servo_integration[0m
[52.372s] [ 60%] Built target test_servo_integration
[69.237s] [ 63%] [32m[1mLinking CXX shared library libmoveit_servo_lib.so[0m
[69.712s] [ 63%] Built target moveit_servo_lib
[69.753s] [ 69%] [32mBuilding CXX object CMakeFiles/pose_tracking.dir/src/pose_tracking.cpp.o[0m
[69.753s] [ 69%] [32mBuilding CXX object CMakeFiles/servo_node.dir/src/servo_node.cpp.o[0m
[69.762s] [ 72%] [32mBuilding CXX object CMakeFiles/servo_calcs_unit_tests.dir/test/servo_calcs_unit_tests.cpp.o[0m
[82.063s] [ 75%] [32m[1mLinking CXX shared library libservo_node.so[0m
[82.365s] [ 75%] Built target servo_node
[82.421s] [ 78%] [32mBuilding CXX object CMakeFiles/servo_node_main.dir/src/servo_node_main.cpp.o[0m
[89.774s] [ 81%] [32m[1mLinking CXX shared library libpose_tracking.so[0m
[90.121s] [ 81%] Built target pose_tracking
[90.156s] [ 87%] [32mBuilding CXX object CMakeFiles/servo_pose_tracking_demo.dir/src/cpp_interface_demo/pose_tracking_demo.cpp.o[0m
[90.156s] [ 87%] [32mBuilding CXX object CMakeFiles/test_servo_pose_tracking.dir/test/pose_tracking_test.cpp.o[0m
[92.707s] [ 90%] [32m[1mLinking CXX executable servo_calcs_unit_tests[0m
[93.248s] [ 90%] Built target servo_calcs_unit_tests
[93.446s] [ 93%] [32m[1mLinking CXX executable servo_node_main[0m
[93.825s] [ 93%] Built target servo_node_main
[108.303s] [ 96%] [32m[1mLinking CXX executable servo_pose_tracking_demo[0m
[109.075s] [ 96%] Built target servo_pose_tracking_demo
[110.289s] [100%] [32m[1mLinking CXX executable test_servo_pose_tracking[0m
[110.876s] [100%] Built target test_servo_pose_tracking
[110.895s] Invoked command in '/home/thisum/my_ws/build/moveit_servo' returned '0': AMENT_PREFIX_PATH=/home/thisum/my_ws/install/moveit_ros_planning_interface:/home/thisum/my_ws/install/moveit_ros_move_group:/home/thisum/my_ws/install/moveit_ros_warehouse:/home/thisum/my_ws/install/moveit_planners_ompl:/home/thisum/my_ws/install/moveit_kinematics:/home/thisum/my_ws/install/moveit_ros_planning:/home/thisum/my_ws/install/moveit_simple_controller_manager:/home/thisum/my_ws/install/moveit_ros_occupancy_map_monitor:/home/thisum/my_ws/install/moveit_core:/home/thisum/my_ws/install/moveit_resources_panda_moveit_config:/home/thisum/my_ws/install/moveit_resources_fanuc_moveit_config:/home/thisum/my_ws/install/moveit_configs_utils:/home/thisum/my_ws/install/srdfdom:/home/thisum/my_ws/install/moveit_resources_pr2_description:/home/thisum/my_ws/install/moveit_resources_panda_description:/home/thisum/my_ws/install/moveit_resources_fanuc_description:/home/thisum/my_ws/install/moveit_common:/home/thisum/my_ws/install/launch_param_builder:${AMENT_PREFIX_PATH} CMAKE_PREFIX_PATH=/home/thisum/my_ws/install/moveit_ros_planning_interface:/home/thisum/my_ws/install/moveit_ros_move_group:/home/thisum/my_ws/install/moveit_ros_warehouse:/home/thisum/my_ws/install/moveit_planners_ompl:/home/thisum/my_ws/install/moveit_kinematics:/home/thisum/my_ws/install/moveit_ros_planning:/home/thisum/my_ws/install/moveit_simple_controller_manager:/home/thisum/my_ws/install/moveit_ros_occupancy_map_monitor:/home/thisum/my_ws/install/moveit_core:/home/thisum/my_ws/install/moveit_resources_panda_moveit_config:/home/thisum/my_ws/install/moveit_resources_fanuc_moveit_config:/home/thisum/my_ws/install/srdfdom:/home/thisum/my_ws/install/moveit_resources_pr2_description:/home/thisum/my_ws/install/moveit_resources_panda_description:/home/thisum/my_ws/install/moveit_resources_fanuc_description:/home/thisum/my_ws/install/moveit_common:/opt/ros/humble LD_LIBRARY_PATH=/home/thisum/my_ws/install/moveit_ros_planning_interface/lib:/home/thisum/my_ws/install/moveit_ros_move_group/lib:/home/thisum/my_ws/install/moveit_ros_warehouse/lib:/home/thisum/my_ws/install/moveit_planners_ompl/lib:/home/thisum/my_ws/install/moveit_kinematics/lib:/home/thisum/my_ws/install/moveit_ros_planning/lib:/home/thisum/my_ws/install/moveit_simple_controller_manager/lib:/home/thisum/my_ws/install/moveit_ros_occupancy_map_monitor/lib:/home/thisum/my_ws/install/moveit_core/lib:/home/thisum/my_ws/install/srdfdom/lib:${LD_LIBRARY_PATH} PATH=/home/thisum/my_ws/install/moveit_core/bin:${PATH} PYTHONPATH=/home/thisum/my_ws/install/moveit_configs_utils/lib/python3.10/site-packages:/home/thisum/my_ws/install/srdfdom/local/lib/python3.10/dist-packages:/home/thisum/my_ws/install/launch_param_builder/lib/python3.10/site-packages:${PYTHONPATH} /usr/bin/cmake --build /home/thisum/my_ws/build/moveit_servo -- -j6 -l6
[111.059s] Invoking command in '/home/thisum/my_ws/build/moveit_servo': AMENT_PREFIX_PATH=/home/thisum/my_ws/install/moveit_ros_planning_interface:/home/thisum/my_ws/install/moveit_ros_move_group:/home/thisum/my_ws/install/moveit_ros_warehouse:/home/thisum/my_ws/install/moveit_planners_ompl:/home/thisum/my_ws/install/moveit_kinematics:/home/thisum/my_ws/install/moveit_ros_planning:/home/thisum/my_ws/install/moveit_simple_controller_manager:/home/thisum/my_ws/install/moveit_ros_occupancy_map_monitor:/home/thisum/my_ws/install/moveit_core:/home/thisum/my_ws/install/moveit_resources_panda_moveit_config:/home/thisum/my_ws/install/moveit_resources_fanuc_moveit_config:/home/thisum/my_ws/install/moveit_configs_utils:/home/thisum/my_ws/install/srdfdom:/home/thisum/my_ws/install/moveit_resources_pr2_description:/home/thisum/my_ws/install/moveit_resources_panda_description:/home/thisum/my_ws/install/moveit_resources_fanuc_description:/home/thisum/my_ws/install/moveit_common:/home/thisum/my_ws/install/launch_param_builder:${AMENT_PREFIX_PATH} CMAKE_PREFIX_PATH=/home/thisum/my_ws/install/moveit_ros_planning_interface:/home/thisum/my_ws/install/moveit_ros_move_group:/home/thisum/my_ws/install/moveit_ros_warehouse:/home/thisum/my_ws/install/moveit_planners_ompl:/home/thisum/my_ws/install/moveit_kinematics:/home/thisum/my_ws/install/moveit_ros_planning:/home/thisum/my_ws/install/moveit_simple_controller_manager:/home/thisum/my_ws/install/moveit_ros_occupancy_map_monitor:/home/thisum/my_ws/install/moveit_core:/home/thisum/my_ws/install/moveit_resources_panda_moveit_config:/home/thisum/my_ws/install/moveit_resources_fanuc_moveit_config:/home/thisum/my_ws/install/srdfdom:/home/thisum/my_ws/install/moveit_resources_pr2_description:/home/thisum/my_ws/install/moveit_resources_panda_description:/home/thisum/my_ws/install/moveit_resources_fanuc_description:/home/thisum/my_ws/install/moveit_common:/opt/ros/humble LD_LIBRARY_PATH=/home/thisum/my_ws/install/moveit_ros_planning_interface/lib:/home/thisum/my_ws/install/moveit_ros_move_group/lib:/home/thisum/my_ws/install/moveit_ros_warehouse/lib:/home/thisum/my_ws/install/moveit_planners_ompl/lib:/home/thisum/my_ws/install/moveit_kinematics/lib:/home/thisum/my_ws/install/moveit_ros_planning/lib:/home/thisum/my_ws/install/moveit_simple_controller_manager/lib:/home/thisum/my_ws/install/moveit_ros_occupancy_map_monitor/lib:/home/thisum/my_ws/install/moveit_core/lib:/home/thisum/my_ws/install/srdfdom/lib:${LD_LIBRARY_PATH} PATH=/home/thisum/my_ws/install/moveit_core/bin:${PATH} PYTHONPATH=/home/thisum/my_ws/install/moveit_configs_utils/lib/python3.10/site-packages:/home/thisum/my_ws/install/srdfdom/local/lib/python3.10/dist-packages:/home/thisum/my_ws/install/launch_param_builder/lib/python3.10/site-packages:${PYTHONPATH} /usr/bin/cmake --install /home/thisum/my_ws/build/moveit_servo
[111.071s] -- Install configuration: "Release"
[111.072s] -- Installing: /home/thisum/my_ws/install/moveit_servo/lib/libmoveit_servo_lib.so.2.5.5
[111.079s] -- Set runtime path of "/home/thisum/my_ws/install/moveit_servo/lib/libmoveit_servo_lib.so.2.5.5" to ""
[111.079s] -- Installing: /home/thisum/my_ws/install/moveit_servo/lib/libmoveit_servo_lib.so
[111.079s] -- Installing: /home/thisum/my_ws/install/moveit_servo/lib/libmoveit_servo_lib_parameters.so.2.5.5
[111.080s] -- Set runtime path of "/home/thisum/my_ws/install/moveit_servo/lib/libmoveit_servo_lib_parameters.so.2.5.5" to ""
[111.080s] -- Installing: /home/thisum/my_ws/install/moveit_servo/lib/libmoveit_servo_lib_parameters.so
[111.081s] -- Installing: /home/thisum/my_ws/install/moveit_servo/lib/libpose_tracking.so
[111.084s] -- Set runtime path of "/home/thisum/my_ws/install/moveit_servo/lib/libpose_tracking.so" to ""
[111.084s] -- Installing: /home/thisum/my_ws/install/moveit_servo/lib/libservo_node.so
[111.085s] -- Set runtime path of "/home/thisum/my_ws/install/moveit_servo/lib/libservo_node.so" to ""
[111.085s] -- Installing: /home/thisum/my_ws/install/moveit_servo/lib/libservo_controller_input.so
[111.088s] -- Set runtime path of "/home/thisum/my_ws/install/moveit_servo/lib/libservo_controller_input.so" to ""
[111.088s] -- Installing: /home/thisum/my_ws/install/moveit_servo/lib/moveit_servo/servo_node_main
[111.088s] -- Set runtime path of "/home/thisum/my_ws/install/moveit_servo/lib/moveit_servo/servo_node_main" to ""
[111.088s] -- Installing: /home/thisum/my_ws/install/moveit_servo/lib/moveit_servo/servo_pose_tracking_demo
[111.092s] -- Set runtime path of "/home/thisum/my_ws/install/moveit_servo/lib/moveit_servo/servo_pose_tracking_demo" to ""
[111.093s] -- Installing: /home/thisum/my_ws/install/moveit_servo/lib/moveit_servo/fake_command_publisher
[111.095s] -- Set runtime path of "/home/thisum/my_ws/install/moveit_servo/lib/moveit_servo/fake_command_publisher" to ""
[111.095s] -- Installing: /home/thisum/my_ws/install/moveit_servo/include
[111.095s] -- Installing: /home/thisum/my_ws/install/moveit_servo/include/moveit_servo
[111.095s] -- Installing: /home/thisum/my_ws/install/moveit_servo/include/moveit_servo/servo_parameters.h
[111.095s] -- Installing: /home/thisum/my_ws/install/moveit_servo/include/moveit_servo/enforce_limits.hpp
[111.096s] -- Installing: /home/thisum/my_ws/install/moveit_servo/include/moveit_servo/utilities.h
[111.096s] -- Installing: /home/thisum/my_ws/install/moveit_servo/include/moveit_servo/servo_server.h
[111.104s] -- Installing: /home/thisum/my_ws/install/moveit_servo/include/moveit_servo/pose_tracking.h
[111.104s] -- Installing: /home/thisum/my_ws/install/moveit_servo/include/moveit_servo/servo_calcs.h
[111.104s] -- Installing: /home/thisum/my_ws/install/moveit_servo/include/moveit_servo/status_codes.h
[111.105s] -- Installing: /home/thisum/my_ws/install/moveit_servo/include/moveit_servo/make_shared_from_pool.h
[111.105s] -- Installing: /home/thisum/my_ws/install/moveit_servo/include/moveit_servo/collision_check.h
[111.105s] -- Installing: /home/thisum/my_ws/install/moveit_servo/include/moveit_servo/servo.h
[111.105s] -- Installing: /home/thisum/my_ws/install/moveit_servo/include/moveit_servo/servo_node.h
[111.106s] -- Installing: /home/thisum/my_ws/install/moveit_servo/include/moveit_servo/parameter_descriptor_builder.hpp
[111.106s] -- Installing: /home/thisum/my_ws/install/moveit_servo/share/moveit_servo/launch
[111.107s] -- Installing: /home/thisum/my_ws/install/moveit_servo/share/moveit_servo/launch/pose_tracking_example.launch.py
[111.107s] -- Installing: /home/thisum/my_ws/install/moveit_servo/share/moveit_servo/launch/servo_example.launch.py
[111.108s] -- Installing: /home/thisum/my_ws/install/moveit_servo/share/moveit_servo/config
[111.108s] -- Installing: /home/thisum/my_ws/install/moveit_servo/share/moveit_servo/config/pose_tracking_settings.yaml
[111.109s] -- Installing: /home/thisum/my_ws/install/moveit_servo/share/moveit_servo/config/panda_simulated_config.yaml
[111.112s] -- Installing: /home/thisum/my_ws/install/moveit_servo/share/moveit_servo/config/demo_rviz_pose_tracking.rviz
[111.113s] -- Installing: /home/thisum/my_ws/install/moveit_servo/share/moveit_servo/config/panda_simulated_config_pose_tracking.yaml
[111.113s] -- Installing: /home/thisum/my_ws/install/moveit_servo/share/moveit_servo/config/demo_rviz_config.rviz
[111.114s] -- Installing: /home/thisum/my_ws/install/moveit_servo/share/moveit_servo/environment/library_path.sh
[111.115s] -- Installing: /home/thisum/my_ws/install/moveit_servo/share/moveit_servo/environment/library_path.dsv
[111.115s] -- Installing: /home/thisum/my_ws/install/moveit_servo/share/ament_index/resource_index/package_run_dependencies/moveit_servo
[111.118s] -- Installing: /home/thisum/my_ws/install/moveit_servo/share/ament_index/resource_index/parent_prefix_path/moveit_servo
[111.118s] -- Installing: /home/thisum/my_ws/install/moveit_servo/share/moveit_servo/environment/ament_prefix_path.sh
[111.118s] -- Installing: /home/thisum/my_ws/install/moveit_servo/share/moveit_servo/environment/ament_prefix_path.dsv
[111.120s] -- Installing: /home/thisum/my_ws/install/moveit_servo/share/moveit_servo/environment/path.sh
[111.120s] -- Installing: /home/thisum/my_ws/install/moveit_servo/share/moveit_servo/environment/path.dsv
[111.120s] -- Installing: /home/thisum/my_ws/install/moveit_servo/share/moveit_servo/local_setup.bash
[111.120s] -- Installing: /home/thisum/my_ws/install/moveit_servo/share/moveit_servo/local_setup.sh
[111.121s] -- Installing: /home/thisum/my_ws/install/moveit_servo/share/moveit_servo/local_setup.zsh
[111.121s] -- Installing: /home/thisum/my_ws/install/moveit_servo/share/moveit_servo/local_setup.dsv
[111.121s] -- Installing: /home/thisum/my_ws/install/moveit_servo/share/moveit_servo/package.dsv
[111.121s] -- Installing: /home/thisum/my_ws/install/moveit_servo/share/ament_index/resource_index/packages/moveit_servo
[111.122s] -- Installing: /home/thisum/my_ws/install/moveit_servo/share/ament_index/resource_index/rclcpp_components/moveit_servo
[111.122s] -- Installing: /home/thisum/my_ws/install/moveit_servo/share/moveit_servo/cmake/export_moveit_servoExport.cmake
[111.122s] -- Installing: /home/thisum/my_ws/install/moveit_servo/share/moveit_servo/cmake/export_moveit_servoExport-release.cmake
[111.123s] -- Installing: /home/thisum/my_ws/install/moveit_servo/share/moveit_servo/cmake/ament_cmake_export_targets-extras.cmake
[111.123s] -- Installing: /home/thisum/my_ws/install/moveit_servo/share/moveit_servo/cmake/ament_cmake_export_dependencies-extras.cmake
[111.123s] -- Installing: /home/thisum/my_ws/install/moveit_servo/share/moveit_servo/cmake/moveit_servoConfig.cmake
[111.123s] -- Installing: /home/thisum/my_ws/install/moveit_servo/share/moveit_servo/cmake/moveit_servoConfig-version.cmake
[111.124s] -- Installing: /home/thisum/my_ws/install/moveit_servo/share/moveit_servo/package.xml
[111.128s] Invoked command in '/home/thisum/my_ws/build/moveit_servo' returned '0': AMENT_PREFIX_PATH=/home/thisum/my_ws/install/moveit_ros_planning_interface:/home/thisum/my_ws/install/moveit_ros_move_group:/home/thisum/my_ws/install/moveit_ros_warehouse:/home/thisum/my_ws/install/moveit_planners_ompl:/home/thisum/my_ws/install/moveit_kinematics:/home/thisum/my_ws/install/moveit_ros_planning:/home/thisum/my_ws/install/moveit_simple_controller_manager:/home/thisum/my_ws/install/moveit_ros_occupancy_map_monitor:/home/thisum/my_ws/install/moveit_core:/home/thisum/my_ws/install/moveit_resources_panda_moveit_config:/home/thisum/my_ws/install/moveit_resources_fanuc_moveit_config:/home/thisum/my_ws/install/moveit_configs_utils:/home/thisum/my_ws/install/srdfdom:/home/thisum/my_ws/install/moveit_resources_pr2_description:/home/thisum/my_ws/install/moveit_resources_panda_description:/home/thisum/my_ws/install/moveit_resources_fanuc_description:/home/thisum/my_ws/install/moveit_common:/home/thisum/my_ws/install/launch_param_builder:${AMENT_PREFIX_PATH} CMAKE_PREFIX_PATH=/home/thisum/my_ws/install/moveit_ros_planning_interface:/home/thisum/my_ws/install/moveit_ros_move_group:/home/thisum/my_ws/install/moveit_ros_warehouse:/home/thisum/my_ws/install/moveit_planners_ompl:/home/thisum/my_ws/install/moveit_kinematics:/home/thisum/my_ws/install/moveit_ros_planning:/home/thisum/my_ws/install/moveit_simple_controller_manager:/home/thisum/my_ws/install/moveit_ros_occupancy_map_monitor:/home/thisum/my_ws/install/moveit_core:/home/thisum/my_ws/install/moveit_resources_panda_moveit_config:/home/thisum/my_ws/install/moveit_resources_fanuc_moveit_config:/home/thisum/my_ws/install/srdfdom:/home/thisum/my_ws/install/moveit_resources_pr2_description:/home/thisum/my_ws/install/moveit_resources_panda_description:/home/thisum/my_ws/install/moveit_resources_fanuc_description:/home/thisum/my_ws/install/moveit_common:/opt/ros/humble LD_LIBRARY_PATH=/home/thisum/my_ws/install/moveit_ros_planning_interface/lib:/home/thisum/my_ws/install/moveit_ros_move_group/lib:/home/thisum/my_ws/install/moveit_ros_warehouse/lib:/home/thisum/my_ws/install/moveit_planners_ompl/lib:/home/thisum/my_ws/install/moveit_kinematics/lib:/home/thisum/my_ws/install/moveit_ros_planning/lib:/home/thisum/my_ws/install/moveit_simple_controller_manager/lib:/home/thisum/my_ws/install/moveit_ros_occupancy_map_monitor/lib:/home/thisum/my_ws/install/moveit_core/lib:/home/thisum/my_ws/install/srdfdom/lib:${LD_LIBRARY_PATH} PATH=/home/thisum/my_ws/install/moveit_core/bin:${PATH} PYTHONPATH=/home/thisum/my_ws/install/moveit_configs_utils/lib/python3.10/site-packages:/home/thisum/my_ws/install/srdfdom/local/lib/python3.10/dist-packages:/home/thisum/my_ws/install/launch_param_builder/lib/python3.10/site-packages:${PYTHONPATH} /usr/bin/cmake --install /home/thisum/my_ws/build/moveit_servo
