[0.821s] Invoking command in '/home/thisum/my_ws/src/moveit2/moveit_configs_utils': AMENT_PREFIX_PATH=/home/thisum/my_ws/install/srdfdom:/home/thisum/my_ws/install/launch_param_builder:${AMENT_PREFIX_PATH} CMAKE_PREFIX_PATH=/home/thisum/my_ws/install/srdfdom LD_LIBRARY_PATH=/home/thisum/my_ws/install/srdfdom/lib:${LD_LIBRARY_PATH} PYTHONPATH=/home/thisum/my_ws/build/moveit_configs_utils/prefix_override:/usr/lib/python3/dist-packages/colcon_core/task/python/colcon_distutils_commands:/home/thisum/my_ws/install/moveit_configs_utils/lib/python3.10/site-packages:/home/thisum/my_ws/install/srdfdom/local/lib/python3.10/dist-packages:/home/thisum/my_ws/install/launch_param_builder/lib/python3.10/site-packages:${PYTHONPATH} /usr/bin/python3 -W ignore:setup.py install is deprecated setup.py egg_info --egg-base ../../../build/moveit_configs_utils build --build-base /home/thisum/my_ws/build/moveit_configs_utils/build install --record /home/thisum/my_ws/build/moveit_configs_utils/install.log --single-version-externally-managed install_data
[1.120s] running egg_info
[1.121s] creating ../../../build/moveit_configs_utils/moveit_configs_utils.egg-info
[1.121s] writing ../../../build/moveit_configs_utils/moveit_configs_utils.egg-info/PKG-INFO
[1.122s] writing dependency_links to ../../../build/moveit_configs_utils/moveit_configs_utils.egg-info/dependency_links.txt
[1.122s] writing entry points to ../../../build/moveit_configs_utils/moveit_configs_utils.egg-info/entry_points.txt
[1.122s] writing requirements to ../../../build/moveit_configs_utils/moveit_configs_utils.egg-info/requires.txt
[1.123s] writing top-level names to ../../../build/moveit_configs_utils/moveit_configs_utils.egg-info/top_level.txt
[1.123s] writing manifest file '../../../build/moveit_configs_utils/moveit_configs_utils.egg-info/SOURCES.txt'
[1.125s] reading manifest file '../../../build/moveit_configs_utils/moveit_configs_utils.egg-info/SOURCES.txt'
[1.126s] writing manifest file '../../../build/moveit_configs_utils/moveit_configs_utils.egg-info/SOURCES.txt'
[1.126s] running build
[1.127s] running build_py
[1.127s] creating /home/thisum/my_ws/build/moveit_configs_utils/build
[1.127s] creating /home/thisum/my_ws/build/moveit_configs_utils/build/lib
[1.127s] creating /home/thisum/my_ws/build/moveit_configs_utils/build/lib/moveit_configs_utils
[1.127s] copying moveit_configs_utils/launch_utils.py -> /home/thisum/my_ws/build/moveit_configs_utils/build/lib/moveit_configs_utils
[1.128s] copying moveit_configs_utils/__init__.py -> /home/thisum/my_ws/build/moveit_configs_utils/build/lib/moveit_configs_utils
[1.128s] copying moveit_configs_utils/launches.py -> /home/thisum/my_ws/build/moveit_configs_utils/build/lib/moveit_configs_utils
[1.128s] copying moveit_configs_utils/moveit_configs_builder.py -> /home/thisum/my_ws/build/moveit_configs_utils/build/lib/moveit_configs_utils
[1.129s] creating /home/thisum/my_ws/build/moveit_configs_utils/build/lib/moveit_configs_utils/substitutions
[1.129s] copying moveit_configs_utils/substitutions/__init__.py -> /home/thisum/my_ws/build/moveit_configs_utils/build/lib/moveit_configs_utils/substitutions
[1.129s] copying moveit_configs_utils/substitutions/xacro.py -> /home/thisum/my_ws/build/moveit_configs_utils/build/lib/moveit_configs_utils/substitutions
[1.129s] running install
[1.130s] running install_lib
[1.131s] creating /home/thisum/my_ws/install/moveit_configs_utils/lib/python3.10/site-packages/moveit_configs_utils
[1.131s] creating /home/thisum/my_ws/install/moveit_configs_utils/lib/python3.10/site-packages/moveit_configs_utils/substitutions
[1.131s] copying /home/thisum/my_ws/build/moveit_configs_utils/build/lib/moveit_configs_utils/substitutions/__init__.py -> /home/thisum/my_ws/install/moveit_configs_utils/lib/python3.10/site-packages/moveit_configs_utils/substitutions
[1.131s] copying /home/thisum/my_ws/build/moveit_configs_utils/build/lib/moveit_configs_utils/substitutions/xacro.py -> /home/thisum/my_ws/install/moveit_configs_utils/lib/python3.10/site-packages/moveit_configs_utils/substitutions
[1.132s] copying /home/thisum/my_ws/build/moveit_configs_utils/build/lib/moveit_configs_utils/launch_utils.py -> /home/thisum/my_ws/install/moveit_configs_utils/lib/python3.10/site-packages/moveit_configs_utils
[1.132s] copying /home/thisum/my_ws/build/moveit_configs_utils/build/lib/moveit_configs_utils/__init__.py -> /home/thisum/my_ws/install/moveit_configs_utils/lib/python3.10/site-packages/moveit_configs_utils
[1.133s] copying /home/thisum/my_ws/build/moveit_configs_utils/build/lib/moveit_configs_utils/launches.py -> /home/thisum/my_ws/install/moveit_configs_utils/lib/python3.10/site-packages/moveit_configs_utils
[1.133s] copying /home/thisum/my_ws/build/moveit_configs_utils/build/lib/moveit_configs_utils/moveit_configs_builder.py -> /home/thisum/my_ws/install/moveit_configs_utils/lib/python3.10/site-packages/moveit_configs_utils
[1.134s] byte-compiling /home/thisum/my_ws/install/moveit_configs_utils/lib/python3.10/site-packages/moveit_configs_utils/substitutions/__init__.py to __init__.cpython-310.pyc
[1.134s] byte-compiling /home/thisum/my_ws/install/moveit_configs_utils/lib/python3.10/site-packages/moveit_configs_utils/substitutions/xacro.py to xacro.cpython-310.pyc
[1.136s] byte-compiling /home/thisum/my_ws/install/moveit_configs_utils/lib/python3.10/site-packages/moveit_configs_utils/launch_utils.py to launch_utils.cpython-310.pyc
[1.137s] byte-compiling /home/thisum/my_ws/install/moveit_configs_utils/lib/python3.10/site-packages/moveit_configs_utils/__init__.py to __init__.cpython-310.pyc
[1.137s] byte-compiling /home/thisum/my_ws/install/moveit_configs_utils/lib/python3.10/site-packages/moveit_configs_utils/launches.py to launches.cpython-310.pyc
[1.138s] byte-compiling /home/thisum/my_ws/install/moveit_configs_utils/lib/python3.10/site-packages/moveit_configs_utils/moveit_configs_builder.py to moveit_configs_builder.cpython-310.pyc
[1.141s] running install_data
[1.141s] creating /home/thisum/my_ws/install/moveit_configs_utils/share/ament_index
[1.141s] creating /home/thisum/my_ws/install/moveit_configs_utils/share/ament_index/resource_index
[1.141s] creating /home/thisum/my_ws/install/moveit_configs_utils/share/ament_index/resource_index/packages
[1.141s] copying resource/moveit_configs_utils -> /home/thisum/my_ws/install/moveit_configs_utils/share/ament_index/resource_index/packages
[1.141s] copying package.xml -> /home/thisum/my_ws/install/moveit_configs_utils/share/moveit_configs_utils
[1.141s] creating /home/thisum/my_ws/install/moveit_configs_utils/share/moveit_configs_utils/default_configs
[1.142s] copying default_configs/ompl_planning.yaml -> /home/thisum/my_ws/install/moveit_configs_utils/share/moveit_configs_utils/default_configs
[1.142s] copying default_configs/chomp_planning.yaml -> /home/thisum/my_ws/install/moveit_configs_utils/share/moveit_configs_utils/default_configs
[1.142s] copying default_configs/ompl_defaults.yaml -> /home/thisum/my_ws/install/moveit_configs_utils/share/moveit_configs_utils/default_configs
[1.143s] copying default_configs/pilz_industrial_motion_planner_planning.yaml -> /home/thisum/my_ws/install/moveit_configs_utils/share/moveit_configs_utils/default_configs
[1.143s] running install_egg_info
[1.160s] Copying ../../../build/moveit_configs_utils/moveit_configs_utils.egg-info to /home/thisum/my_ws/install/moveit_configs_utils/lib/python3.10/site-packages/moveit_configs_utils-2.5.5-py3.10.egg-info
[1.160s] running install_scripts
[1.173s] writing list of installed files to '/home/thisum/my_ws/build/moveit_configs_utils/install.log'
[1.202s] Invoked command in '/home/thisum/my_ws/src/moveit2/moveit_configs_utils' returned '0': AMENT_PREFIX_PATH=/home/thisum/my_ws/install/srdfdom:/home/thisum/my_ws/install/launch_param_builder:${AMENT_PREFIX_PATH} CMAKE_PREFIX_PATH=/home/thisum/my_ws/install/srdfdom LD_LIBRARY_PATH=/home/thisum/my_ws/install/srdfdom/lib:${LD_LIBRARY_PATH} PYTHONPATH=/home/thisum/my_ws/build/moveit_configs_utils/prefix_override:/usr/lib/python3/dist-packages/colcon_core/task/python/colcon_distutils_commands:/home/thisum/my_ws/install/moveit_configs_utils/lib/python3.10/site-packages:/home/thisum/my_ws/install/srdfdom/local/lib/python3.10/dist-packages:/home/thisum/my_ws/install/launch_param_builder/lib/python3.10/site-packages:${PYTHONPATH} /usr/bin/python3 -W ignore:setup.py install is deprecated setup.py egg_info --egg-base ../../../build/moveit_configs_utils build --build-base /home/thisum/my_ws/build/moveit_configs_utils/build install --record /home/thisum/my_ws/build/moveit_configs_utils/install.log --single-version-externally-managed install_data
