[0.106s] Invoking command in '/home/thisum/my_ws/build/moveit_setup_srdf_plugins': AMENT_PREFIX_PATH=/home/thisum/my_ws/install/moveit_setup_framework:/home/thisum/my_ws/install/moveit_ros_visualization:/home/thisum/my_ws/install/moveit_ros_planning_interface:/home/thisum/my_ws/install/moveit_ros_move_group:/home/thisum/my_ws/install/moveit_ros_warehouse:/home/thisum/my_ws/install/moveit_ros_robot_interaction:/home/thisum/my_ws/install/moveit_planners_ompl:/home/thisum/my_ws/install/moveit_kinematics:/home/thisum/my_ws/install/moveit_ros_planning:/home/thisum/my_ws/install/moveit_simple_controller_manager:/home/thisum/my_ws/install/moveit_ros_occupancy_map_monitor:/home/thisum/my_ws/install/moveit_core:/home/thisum/my_ws/install/moveit_resources_panda_moveit_config:/home/thisum/my_ws/install/moveit_resources_fanuc_moveit_config:/home/thisum/my_ws/install/moveit_configs_utils:/home/thisum/my_ws/install/srdfdom:/home/thisum/my_ws/install/moveit_resources_pr2_description:/home/thisum/my_ws/install/moveit_resources_panda_description:/home/thisum/my_ws/install/moveit_resources_fanuc_description:/home/thisum/my_ws/install/moveit_common:/home/thisum/my_ws/install/launch_param_builder:${AMENT_PREFIX_PATH} CMAKE_PREFIX_PATH=/home/thisum/my_ws/install/moveit_setup_framework:/home/thisum/my_ws/install/moveit_ros_visualization:/home/thisum/my_ws/install/moveit_ros_planning_interface:/home/thisum/my_ws/install/moveit_ros_move_group:/home/thisum/my_ws/install/moveit_ros_warehouse:/home/thisum/my_ws/install/moveit_ros_robot_interaction:/home/thisum/my_ws/install/moveit_planners_ompl:/home/thisum/my_ws/install/moveit_kinematics:/home/thisum/my_ws/install/moveit_ros_planning:/home/thisum/my_ws/install/moveit_simple_controller_manager:/home/thisum/my_ws/install/moveit_ros_occupancy_map_monitor:/home/thisum/my_ws/install/moveit_core:/home/thisum/my_ws/install/moveit_resources_panda_moveit_config:/home/thisum/my_ws/install/moveit_resources_fanuc_moveit_config:/home/thisum/my_ws/install/srdfdom:/home/thisum/my_ws/install/moveit_resources_pr2_description:/home/thisum/my_ws/install/moveit_resources_panda_description:/home/thisum/my_ws/install/moveit_resources_fanuc_description:/home/thisum/my_ws/install/moveit_common:/opt/ros/humble LD_LIBRARY_PATH=/home/thisum/my_ws/install/moveit_setup_framework/lib:/home/thisum/my_ws/install/moveit_ros_visualization/lib:/home/thisum/my_ws/install/moveit_ros_planning_interface/lib:/home/thisum/my_ws/install/moveit_ros_move_group/lib:/home/thisum/my_ws/install/moveit_ros_warehouse/lib:/home/thisum/my_ws/install/moveit_ros_robot_interaction/lib:/home/thisum/my_ws/install/moveit_planners_ompl/lib:/home/thisum/my_ws/install/moveit_kinematics/lib:/home/thisum/my_ws/install/moveit_ros_planning/lib:/home/thisum/my_ws/install/moveit_simple_controller_manager/lib:/home/thisum/my_ws/install/moveit_ros_occupancy_map_monitor/lib:/home/thisum/my_ws/install/moveit_core/lib:/home/thisum/my_ws/install/srdfdom/lib:${LD_LIBRARY_PATH} PATH=/home/thisum/my_ws/install/moveit_core/bin:${PATH} PYTHONPATH=/home/thisum/my_ws/install/moveit_configs_utils/lib/python3.10/site-packages:/home/thisum/my_ws/install/srdfdom/local/lib/python3.10/dist-packages:/home/thisum/my_ws/install/launch_param_builder/lib/python3.10/site-packages:${PYTHONPATH} /usr/bin/cmake /home/thisum/my_ws/src/moveit2/moveit_setup_assistant/moveit_setup_srdf_plugins -DCMAKE_BUILD_TYPE=Release -DCMAKE_INSTALL_PREFIX=/home/thisum/my_ws/install/moveit_setup_srdf_plugins
[0.190s] -- The C compiler identification is GNU 11.4.0
[0.258s] -- The CXX compiler identification is GNU 11.4.0
[0.266s] -- Detecting C compiler ABI info
[0.376s] -- Detecting C compiler ABI info - done
[0.381s] -- Check for working C compiler: /usr/bin/cc - skipped
[0.382s] -- Detecting C compile features
[0.382s] -- Detecting C compile features - done
[0.386s] -- Detecting CXX compiler ABI info
[0.500s] -- Detecting CXX compiler ABI info - done
[0.507s] -- Check for working CXX compiler: /usr/bin/c++ - skipped
[0.507s] -- Detecting CXX compile features
[0.508s] -- Detecting CXX compile features - done
[0.511s] -- Found moveit_common: 2.5.5 (/home/thisum/my_ws/install/moveit_common/share/moveit_common/cmake)
[0.516s] -- Found ament_cmake: 1.3.9 (/opt/ros/humble/share/ament_cmake/cmake)
[0.687s] -- Found Python3: /usr/bin/python3 (found version "3.10.12") found components: Interpreter 
[0.881s] -- Found libdw: /usr/lib/x86_64-linux-gnu/libdw.so  
[0.887s] -- Could NOT find libbfd (missing: LIBBFD_LIBRARY LIBBFD_INCLUDE_DIR) 
[0.887s] -- BACKWARD_HAS_UNWIND=1
[0.887s] -- BACKWARD_HAS_BACKTRACE=0
[0.887s] -- BACKWARD_HAS_BACKTRACE_SYMBOL=0
[0.887s] -- BACKWARD_HAS_DW=1
[0.887s] -- BACKWARD_HAS_BFD=0
[0.888s] -- Found Backward: /opt/ros/humble/share/backward_ros/cmake  
[0.892s] -- Found ament_cmake_ros: 0.10.0 (/opt/ros/humble/share/ament_cmake_ros/cmake)
[0.909s] -- Found moveit_setup_framework: 2.5.5 (/home/thisum/my_ws/install/moveit_setup_framework/share/moveit_setup_framework/cmake)
[0.977s] -- Found rosidl_generator_c: 3.1.5 (/opt/ros/humble/share/rosidl_generator_c/cmake)
[0.986s] -- Found rosidl_adapter: 3.1.5 (/opt/ros/humble/share/rosidl_adapter/cmake)
[0.999s] -- Found rosidl_generator_cpp: 3.1.5 (/opt/ros/humble/share/rosidl_generator_cpp/cmake)
[1.019s] -- Using all available rosidl_typesupport_c: rosidl_typesupport_fastrtps_c;rosidl_typesupport_introspection_c
[1.045s] -- Using all available rosidl_typesupport_cpp: rosidl_typesupport_fastrtps_cpp;rosidl_typesupport_introspection_cpp
[1.140s] -- Found rmw_implementation_cmake: 6.1.2 (/opt/ros/humble/share/rmw_implementation_cmake/cmake)
[1.146s] -- Found rmw_fastrtps_cpp: 6.2.6 (/opt/ros/humble/share/rmw_fastrtps_cpp/cmake)
[1.296s] -- Found OpenSSL: /usr/lib/x86_64-linux-gnu/libcrypto.so (found version "3.0.2")  
[1.329s] -- Found FastRTPS: /opt/ros/humble/include  
[1.385s] -- Using RMW implementation 'rmw_fastrtps_cpp' as default
[1.411s] -- Looking for pthread.h
[1.538s] -- Looking for pthread.h - found
[1.538s] -- Performing Test CMAKE_HAVE_LIBC_PTHREAD
[1.671s] -- Performing Test CMAKE_HAVE_LIBC_PTHREAD - Success
[1.672s] -- Found Threads: TRUE  
[1.924s] -- Found Boost: /usr/lib/x86_64-linux-gnu/cmake/Boost-1.74.0/BoostConfig.cmake (found version "1.74.0") found components: chrono date_time filesystem iostreams program_options regex serialization system thread 
[1.987s] -- Found parameter_traits: 0.3.8 (/opt/ros/humble/share/parameter_traits/cmake)
[2.010s] -- Found Eigen3: TRUE (found version "3.4.0") 
[2.015s] -- Found rclcpp_lifecycle: 16.0.9 (/opt/ros/humble/share/rclcpp_lifecycle/cmake)
[2.075s] -- Found Boost: /usr/lib/x86_64-linux-gnu/cmake/Boost-1.74.0/BoostConfig.cmake (found version "1.74.0") found components: filesystem 
[2.279s] -- library: /usr/lib/x86_64-linux-gnu/libcurl.so
[2.581s] -- Ensuring Eigen3 include directory is part of orocos-kdl CMake target
[3.771s] -- Found Boost: /usr/lib/x86_64-linux-gnu/cmake/Boost-1.74.0/BoostConfig.cmake (found version "1.74.0") found components: system filesystem date_time program_options thread chrono 
[4.270s] -- Found Boost: /usr/lib/x86_64-linux-gnu/cmake/Boost-1.74.0/BoostConfig.cmake (found version "1.74.0") found components: thread date_time system filesystem 
[4.353s] -- Found Boost: /usr/lib/x86_64-linux-gnu/cmake/Boost-1.74.0/BoostConfig.cmake (found version "1.74.0") found components: date_time filesystem program_options system thread 
[4.530s] -- Found Boost: /usr/lib/x86_64-linux-gnu/cmake/Boost-1.74.0/BoostConfig.cmake (found version "1.74.0") found components: thread system filesystem regex date_time program_options 
[4.767s] -- Found Boost: /usr/lib/x86_64-linux-gnu/cmake/Boost-1.74.0/BoostConfig.cmake (found version "1.74.0") found components: system filesystem date_time program_options thread 
[5.851s] -- Setting OGRE_DIR to: '/opt/ros/humble/share/rviz_ogre_vendor/cmake/../../../opt/rviz_ogre_vendor/lib/OGRE/cmake'
[5.852s] -- Found OGRE
[5.852s] --   static     : OFF
[5.852s] --   components : HLMS;MeshLodGenerator;Overlay;Paging;Property;RTShaderSystem;Terrain;Volume
[5.852s] --   plugins    : Plugin_BSPSceneManager;Plugin_OctreeSceneManager;Plugin_PCZSceneManager;Plugin_ParticleFX;RenderSystem_GL;RenderSystem_GL3Plus;Codec_STBI
[5.852s] --   media      : /opt/ros/humble/opt/rviz_ogre_vendor/share/OGRE/Media
[5.852s] -- OGRE_LIBRARIES: OgreHLMS;OgreMeshLodGenerator;OgreOverlay;OgrePaging;OgreProperty;OgreRTShaderSystem;OgreTerrain;OgreVolume;OgreMain
[5.852s] -- OGRE_LIBRARY_DIRS: /opt/ros/humble/opt/rviz_ogre_vendor/lib
[5.852s] -- OGRE_PLUGINS: Plugin_BSPSceneManager;Plugin_OctreeSceneManager;Plugin_PCZSceneManager;Plugin_ParticleFX;RenderSystem_GL;RenderSystem_GL3Plus;Codec_STBI
[5.852s] -- OGRE_PLUGIN_DIR: /opt/ros/humble/opt/rviz_ogre_vendor/lib/OGRE
[5.852s] -- rviz_ogre_vendor::OgreOverlay for IMPORTED_LOCATION_RELEASE: /opt/ros/humble/opt/rviz_ogre_vendor/lib/libOgreOverlay.so
[5.852s] -- rviz_ogre_vendor::OgreOverlay for IMPORTED_LOCATION_DEBUG: /opt/ros/humble/opt/rviz_ogre_vendor/lib/libOgreOverlay.so
[5.852s] -- rviz_ogre_vendor::OgreMain for IMPORTED_LOCATION_RELEASE: /opt/ros/humble/opt/rviz_ogre_vendor/lib/libOgreMain.so
[5.852s] -- rviz_ogre_vendor::OgreMain for IMPORTED_LOCATION_DEBUG: /opt/ros/humble/opt/rviz_ogre_vendor/lib/libOgreMain.so
[5.872s] -- Found ZLIB: /usr/lib/x86_64-linux-gnu/libz.so (found version "1.2.11") 
[5.879s] -- Found OpenGL: /usr/lib/x86_64-linux-gnu/libOpenGL.so   
[6.040s] -- Found X11: /usr/include   
[6.040s] -- Looking for XOpenDisplay in /usr/lib/x86_64-linux-gnu/libX11.so;/usr/lib/x86_64-linux-gnu/libXext.so
[6.184s] -- Looking for XOpenDisplay in /usr/lib/x86_64-linux-gnu/libX11.so;/usr/lib/x86_64-linux-gnu/libXext.so - found
[6.184s] -- Looking for gethostbyname
[6.312s] -- Looking for gethostbyname - found
[6.313s] -- Looking for connect
[6.444s] -- Looking for connect - found
[6.444s] -- Looking for remove
[6.578s] -- Looking for remove - found
[6.578s] -- Looking for shmat
[6.716s] -- Looking for shmat - found
[6.716s] -- Looking for IceConnectionNumber in ICE
[6.842s] -- Looking for IceConnectionNumber in ICE - found
[6.845s] -- rviz_ogre_vendor::RenderSystem_GL for IMPORTED_LOCATION_RELEASE: _render_system_gl_static_library_abs-NOTFOUND
[6.845s] -- rviz_ogre_vendor::RenderSystem_GL for IMPORTED_LOCATION_DEBUG: _render_system_gl_static_library_abs-NOTFOUND
[7.544s] -- Found ament_lint_auto: 0.12.11 (/opt/ros/humble/share/ament_lint_auto/cmake)
[7.583s] -- Found gtest sources under '/opt/ros/humble/src/gtest_vendor': C++ tests using 'Google Test' will be built
[7.596s] -- Added test 'lint_cmake' to check CMake code style
[7.597s] -- Added test 'xmllint' to check XML markup files
[7.600s] -- Configuring done
[7.695s] -- Generating done
[7.699s] -- Build files have been written to: /home/thisum/my_ws/build/moveit_setup_srdf_plugins
[7.716s] Invoked command in '/home/thisum/my_ws/build/moveit_setup_srdf_plugins' returned '0': AMENT_PREFIX_PATH=/home/thisum/my_ws/install/moveit_setup_framework:/home/thisum/my_ws/install/moveit_ros_visualization:/home/thisum/my_ws/install/moveit_ros_planning_interface:/home/thisum/my_ws/install/moveit_ros_move_group:/home/thisum/my_ws/install/moveit_ros_warehouse:/home/thisum/my_ws/install/moveit_ros_robot_interaction:/home/thisum/my_ws/install/moveit_planners_ompl:/home/thisum/my_ws/install/moveit_kinematics:/home/thisum/my_ws/install/moveit_ros_planning:/home/thisum/my_ws/install/moveit_simple_controller_manager:/home/thisum/my_ws/install/moveit_ros_occupancy_map_monitor:/home/thisum/my_ws/install/moveit_core:/home/thisum/my_ws/install/moveit_resources_panda_moveit_config:/home/thisum/my_ws/install/moveit_resources_fanuc_moveit_config:/home/thisum/my_ws/install/moveit_configs_utils:/home/thisum/my_ws/install/srdfdom:/home/thisum/my_ws/install/moveit_resources_pr2_description:/home/thisum/my_ws/install/moveit_resources_panda_description:/home/thisum/my_ws/install/moveit_resources_fanuc_description:/home/thisum/my_ws/install/moveit_common:/home/thisum/my_ws/install/launch_param_builder:${AMENT_PREFIX_PATH} CMAKE_PREFIX_PATH=/home/thisum/my_ws/install/moveit_setup_framework:/home/thisum/my_ws/install/moveit_ros_visualization:/home/thisum/my_ws/install/moveit_ros_planning_interface:/home/thisum/my_ws/install/moveit_ros_move_group:/home/thisum/my_ws/install/moveit_ros_warehouse:/home/thisum/my_ws/install/moveit_ros_robot_interaction:/home/thisum/my_ws/install/moveit_planners_ompl:/home/thisum/my_ws/install/moveit_kinematics:/home/thisum/my_ws/install/moveit_ros_planning:/home/thisum/my_ws/install/moveit_simple_controller_manager:/home/thisum/my_ws/install/moveit_ros_occupancy_map_monitor:/home/thisum/my_ws/install/moveit_core:/home/thisum/my_ws/install/moveit_resources_panda_moveit_config:/home/thisum/my_ws/install/moveit_resources_fanuc_moveit_config:/home/thisum/my_ws/install/srdfdom:/home/thisum/my_ws/install/moveit_resources_pr2_description:/home/thisum/my_ws/install/moveit_resources_panda_description:/home/thisum/my_ws/install/moveit_resources_fanuc_description:/home/thisum/my_ws/install/moveit_common:/opt/ros/humble LD_LIBRARY_PATH=/home/thisum/my_ws/install/moveit_setup_framework/lib:/home/thisum/my_ws/install/moveit_ros_visualization/lib:/home/thisum/my_ws/install/moveit_ros_planning_interface/lib:/home/thisum/my_ws/install/moveit_ros_move_group/lib:/home/thisum/my_ws/install/moveit_ros_warehouse/lib:/home/thisum/my_ws/install/moveit_ros_robot_interaction/lib:/home/thisum/my_ws/install/moveit_planners_ompl/lib:/home/thisum/my_ws/install/moveit_kinematics/lib:/home/thisum/my_ws/install/moveit_ros_planning/lib:/home/thisum/my_ws/install/moveit_simple_controller_manager/lib:/home/thisum/my_ws/install/moveit_ros_occupancy_map_monitor/lib:/home/thisum/my_ws/install/moveit_core/lib:/home/thisum/my_ws/install/srdfdom/lib:${LD_LIBRARY_PATH} PATH=/home/thisum/my_ws/install/moveit_core/bin:${PATH} PYTHONPATH=/home/thisum/my_ws/install/moveit_configs_utils/lib/python3.10/site-packages:/home/thisum/my_ws/install/srdfdom/local/lib/python3.10/dist-packages:/home/thisum/my_ws/install/launch_param_builder/lib/python3.10/site-packages:${PYTHONPATH} /usr/bin/cmake /home/thisum/my_ws/src/moveit2/moveit_setup_assistant/moveit_setup_srdf_plugins -DCMAKE_BUILD_TYPE=Release -DCMAKE_INSTALL_PREFIX=/home/thisum/my_ws/install/moveit_setup_srdf_plugins
[7.719s] Invoking command in '/home/thisum/my_ws/build/moveit_setup_srdf_plugins': AMENT_PREFIX_PATH=/home/thisum/my_ws/install/moveit_setup_framework:/home/thisum/my_ws/install/moveit_ros_visualization:/home/thisum/my_ws/install/moveit_ros_planning_interface:/home/thisum/my_ws/install/moveit_ros_move_group:/home/thisum/my_ws/install/moveit_ros_warehouse:/home/thisum/my_ws/install/moveit_ros_robot_interaction:/home/thisum/my_ws/install/moveit_planners_ompl:/home/thisum/my_ws/install/moveit_kinematics:/home/thisum/my_ws/install/moveit_ros_planning:/home/thisum/my_ws/install/moveit_simple_controller_manager:/home/thisum/my_ws/install/moveit_ros_occupancy_map_monitor:/home/thisum/my_ws/install/moveit_core:/home/thisum/my_ws/install/moveit_resources_panda_moveit_config:/home/thisum/my_ws/install/moveit_resources_fanuc_moveit_config:/home/thisum/my_ws/install/moveit_configs_utils:/home/thisum/my_ws/install/srdfdom:/home/thisum/my_ws/install/moveit_resources_pr2_description:/home/thisum/my_ws/install/moveit_resources_panda_description:/home/thisum/my_ws/install/moveit_resources_fanuc_description:/home/thisum/my_ws/install/moveit_common:/home/thisum/my_ws/install/launch_param_builder:${AMENT_PREFIX_PATH} CMAKE_PREFIX_PATH=/home/thisum/my_ws/install/moveit_setup_framework:/home/thisum/my_ws/install/moveit_ros_visualization:/home/thisum/my_ws/install/moveit_ros_planning_interface:/home/thisum/my_ws/install/moveit_ros_move_group:/home/thisum/my_ws/install/moveit_ros_warehouse:/home/thisum/my_ws/install/moveit_ros_robot_interaction:/home/thisum/my_ws/install/moveit_planners_ompl:/home/thisum/my_ws/install/moveit_kinematics:/home/thisum/my_ws/install/moveit_ros_planning:/home/thisum/my_ws/install/moveit_simple_controller_manager:/home/thisum/my_ws/install/moveit_ros_occupancy_map_monitor:/home/thisum/my_ws/install/moveit_core:/home/thisum/my_ws/install/moveit_resources_panda_moveit_config:/home/thisum/my_ws/install/moveit_resources_fanuc_moveit_config:/home/thisum/my_ws/install/srdfdom:/home/thisum/my_ws/install/moveit_resources_pr2_description:/home/thisum/my_ws/install/moveit_resources_panda_description:/home/thisum/my_ws/install/moveit_resources_fanuc_description:/home/thisum/my_ws/install/moveit_common:/opt/ros/humble LD_LIBRARY_PATH=/home/thisum/my_ws/install/moveit_setup_framework/lib:/home/thisum/my_ws/install/moveit_ros_visualization/lib:/home/thisum/my_ws/install/moveit_ros_planning_interface/lib:/home/thisum/my_ws/install/moveit_ros_move_group/lib:/home/thisum/my_ws/install/moveit_ros_warehouse/lib:/home/thisum/my_ws/install/moveit_ros_robot_interaction/lib:/home/thisum/my_ws/install/moveit_planners_ompl/lib:/home/thisum/my_ws/install/moveit_kinematics/lib:/home/thisum/my_ws/install/moveit_ros_planning/lib:/home/thisum/my_ws/install/moveit_simple_controller_manager/lib:/home/thisum/my_ws/install/moveit_ros_occupancy_map_monitor/lib:/home/thisum/my_ws/install/moveit_core/lib:/home/thisum/my_ws/install/srdfdom/lib:${LD_LIBRARY_PATH} PATH=/home/thisum/my_ws/install/moveit_core/bin:${PATH} PYTHONPATH=/home/thisum/my_ws/install/moveit_configs_utils/lib/python3.10/site-packages:/home/thisum/my_ws/install/srdfdom/local/lib/python3.10/dist-packages:/home/thisum/my_ws/install/launch_param_builder/lib/python3.10/site-packages:${PYTHONPATH} /usr/bin/cmake --build /home/thisum/my_ws/build/moveit_setup_srdf_plugins -- -j6 -l6
[7.803s] [  2%] [34m[1mGenerating include/moveit_setup_srdf_plugins/moc_virtual_joints_widget.cpp[0m
[7.804s] [  4%] [34m[1mGenerating include/moveit_setup_srdf_plugins/moc_default_collisions_widget.cpp[0m
[7.804s] [  6%] [34m[1mGenerating include/moveit_setup_srdf_plugins/moc_collision_linear_model.cpp[0m
[7.809s] [  8%] [34m[1mGenerating include/moveit_setup_srdf_plugins/moc_collision_matrix_model.cpp[0m
[7.839s] [ 12%] [34m[1mGenerating include/moveit_setup_srdf_plugins/moc_end_effectors_widget.cpp[0m
[7.839s] [ 10%] [32mBuilding CXX object gtest/CMakeFiles/gtest_main.dir/src/gtest_main.cc.o[0m
[7.840s] [ 14%] [32mBuilding CXX object gtest/CMakeFiles/gtest.dir/src/gtest-all.cc.o[0m
[7.842s] [ 16%] [34m[1mGenerating include/moveit_setup_srdf_plugins/moc_group_edit_widget.cpp[0m
[7.843s] [ 18%] [34m[1mGenerating include/moveit_setup_srdf_plugins/moc_kinematic_chain_widget.cpp[0m
[7.858s] [ 20%] [34m[1mGenerating include/moveit_setup_srdf_plugins/moc_passive_joints_widget.cpp[0m
[7.874s] [ 22%] [34m[1mGenerating include/moveit_setup_srdf_plugins/moc_robot_poses_widget.cpp[0m
[7.892s] [ 25%] [34m[1mGenerating include/moveit_setup_srdf_plugins/moc_planning_groups_widget.cpp[0m
[7.911s] [ 27%] [34m[1mGenerating include/moveit_setup_srdf_plugins/moc_rotated_header_view.cpp[0m
[7.922s] /home/thisum/my_ws/src/moveit2/moveit_setup_assistant/moveit_setup_srdf_plugins/include/moveit_setup_srdf_plugins/rotated_header_view.hpp:0: Note: No relevant classes found. No output generated.
[7.958s] [ 31%] [32mBuilding CXX object CMakeFiles/moveit_setup_srdf_plugins.dir/src/collision_linear_model.cpp.o[0m
[7.958s] [ 31%] [32mBuilding CXX object CMakeFiles/moveit_setup_srdf_plugins.dir/src/default_collisions.cpp.o[0m
[7.964s] [ 35%] [32mBuilding CXX object CMakeFiles/moveit_setup_srdf_plugins.dir/src/collision_matrix_model.cpp.o[0m
[7.964s] [ 35%] [32mBuilding CXX object CMakeFiles/moveit_setup_srdf_plugins.dir/src/compute_default_collisions.cpp.o[0m
[8.942s] [ 37%] [32m[1mLinking CXX static library libgtest_main.a[0m
[9.046s] [ 37%] Built target gtest_main
[9.146s] [ 39%] [32mBuilding CXX object CMakeFiles/moveit_setup_srdf_plugins.dir/src/default_collisions_widget.cpp.o[0m
[9.994s] [ 41%] [32mBuilding CXX object CMakeFiles/moveit_setup_srdf_plugins.dir/src/end_effectors.cpp.o[0m
[11.696s] [ 43%] [32mBuilding CXX object CMakeFiles/moveit_setup_srdf_plugins.dir/src/end_effectors_widget.cpp.o[0m
[16.900s] [ 45%] [32m[1mLinking CXX static library libgtest.a[0m
[17.026s] [ 45%] Built target gtest
[17.086s] [ 47%] [32mBuilding CXX object CMakeFiles/moveit_setup_srdf_plugins.dir/src/group_edit_widget.cpp.o[0m
[20.794s] [ 50%] [32mBuilding CXX object CMakeFiles/moveit_setup_srdf_plugins.dir/src/group_meta_config.cpp.o[0m
[21.145s] [ 52%] [32mBuilding CXX object CMakeFiles/moveit_setup_srdf_plugins.dir/src/kinematic_chain_widget.cpp.o[0m
[24.076s] [ 54%] [32mBuilding CXX object CMakeFiles/moveit_setup_srdf_plugins.dir/src/passive_joints.cpp.o[0m
[25.848s] [ 56%] [32mBuilding CXX object CMakeFiles/moveit_setup_srdf_plugins.dir/src/passive_joints_widget.cpp.o[0m
[27.716s] [ 58%] [32mBuilding CXX object CMakeFiles/moveit_setup_srdf_plugins.dir/src/planning_groups.cpp.o[0m
[28.789s] [ 60%] [32mBuilding CXX object CMakeFiles/moveit_setup_srdf_plugins.dir/src/planning_groups_widget.cpp.o[0m
[30.925s] [ 62%] [32mBuilding CXX object CMakeFiles/moveit_setup_srdf_plugins.dir/src/robot_poses.cpp.o[0m
[45.653s] [ 64%] [32mBuilding CXX object CMakeFiles/moveit_setup_srdf_plugins.dir/include/moveit_setup_srdf_plugins/moc_collision_linear_model.cpp.o[0m
[46.800s] [ 66%] [32mBuilding CXX object CMakeFiles/moveit_setup_srdf_plugins.dir/include/moveit_setup_srdf_plugins/moc_collision_matrix_model.cpp.o[0m
[47.809s] [ 68%] [32mBuilding CXX object CMakeFiles/moveit_setup_srdf_plugins.dir/include/moveit_setup_srdf_plugins/moc_default_collisions_widget.cpp.o[0m
[54.845s] [ 72%] [32mBuilding CXX object CMakeFiles/moveit_setup_srdf_plugins.dir/src/virtual_joints_widget.cpp.o[0m
[54.845s] [ 72%] [32mBuilding CXX object CMakeFiles/moveit_setup_srdf_plugins.dir/include/moveit_setup_srdf_plugins/moc_end_effectors_widget.cpp.o[0m
[55.921s] [ 75%] [32mBuilding CXX object CMakeFiles/moveit_setup_srdf_plugins.dir/src/virtual_joints.cpp.o[0m
[56.977s] [ 77%] [32mBuilding CXX object CMakeFiles/moveit_setup_srdf_plugins.dir/src/robot_poses_widget.cpp.o[0m
[56.996s] [ 79%] [32mBuilding CXX object CMakeFiles/moveit_setup_srdf_plugins.dir/src/rotated_header_view.cpp.o[0m
[58.619s] [ 81%] [32mBuilding CXX object CMakeFiles/moveit_setup_srdf_plugins.dir/include/moveit_setup_srdf_plugins/moc_group_edit_widget.cpp.o[0m
[62.993s] [ 83%] [32mBuilding CXX object CMakeFiles/moveit_setup_srdf_plugins.dir/include/moveit_setup_srdf_plugins/moc_kinematic_chain_widget.cpp.o[0m
[66.689s] [ 85%] [32mBuilding CXX object CMakeFiles/moveit_setup_srdf_plugins.dir/include/moveit_setup_srdf_plugins/moc_passive_joints_widget.cpp.o[0m
[78.614s] [ 89%] [32mBuilding CXX object CMakeFiles/moveit_setup_srdf_plugins.dir/include/moveit_setup_srdf_plugins/moc_virtual_joints_widget.cpp.o[0m
[78.614s] [ 89%] [32mBuilding CXX object CMakeFiles/moveit_setup_srdf_plugins.dir/include/moveit_setup_srdf_plugins/moc_rotated_header_view.cpp.o[0m
[78.668s] [ 91%] [32mBuilding CXX object CMakeFiles/moveit_setup_srdf_plugins.dir/include/moveit_setup_srdf_plugins/moc_robot_poses_widget.cpp.o[0m
[81.522s] [ 93%] [32mBuilding CXX object CMakeFiles/moveit_setup_srdf_plugins.dir/include/moveit_setup_srdf_plugins/moc_planning_groups_widget.cpp.o[0m
[94.392s] [ 95%] [32m[1mLinking CXX shared library libmoveit_setup_srdf_plugins.so[0m
[95.165s] [ 95%] Built target moveit_setup_srdf_plugins
[95.199s] [ 97%] [32mBuilding CXX object CMakeFiles/test_srdf.dir/test/test_srdf.cpp.o[0m
[109.781s] [100%] [32m[1mLinking CXX executable test_srdf[0m
[110.569s] [100%] Built target test_srdf
[110.587s] Invoked command in '/home/thisum/my_ws/build/moveit_setup_srdf_plugins' returned '0': AMENT_PREFIX_PATH=/home/thisum/my_ws/install/moveit_setup_framework:/home/thisum/my_ws/install/moveit_ros_visualization:/home/thisum/my_ws/install/moveit_ros_planning_interface:/home/thisum/my_ws/install/moveit_ros_move_group:/home/thisum/my_ws/install/moveit_ros_warehouse:/home/thisum/my_ws/install/moveit_ros_robot_interaction:/home/thisum/my_ws/install/moveit_planners_ompl:/home/thisum/my_ws/install/moveit_kinematics:/home/thisum/my_ws/install/moveit_ros_planning:/home/thisum/my_ws/install/moveit_simple_controller_manager:/home/thisum/my_ws/install/moveit_ros_occupancy_map_monitor:/home/thisum/my_ws/install/moveit_core:/home/thisum/my_ws/install/moveit_resources_panda_moveit_config:/home/thisum/my_ws/install/moveit_resources_fanuc_moveit_config:/home/thisum/my_ws/install/moveit_configs_utils:/home/thisum/my_ws/install/srdfdom:/home/thisum/my_ws/install/moveit_resources_pr2_description:/home/thisum/my_ws/install/moveit_resources_panda_description:/home/thisum/my_ws/install/moveit_resources_fanuc_description:/home/thisum/my_ws/install/moveit_common:/home/thisum/my_ws/install/launch_param_builder:${AMENT_PREFIX_PATH} CMAKE_PREFIX_PATH=/home/thisum/my_ws/install/moveit_setup_framework:/home/thisum/my_ws/install/moveit_ros_visualization:/home/thisum/my_ws/install/moveit_ros_planning_interface:/home/thisum/my_ws/install/moveit_ros_move_group:/home/thisum/my_ws/install/moveit_ros_warehouse:/home/thisum/my_ws/install/moveit_ros_robot_interaction:/home/thisum/my_ws/install/moveit_planners_ompl:/home/thisum/my_ws/install/moveit_kinematics:/home/thisum/my_ws/install/moveit_ros_planning:/home/thisum/my_ws/install/moveit_simple_controller_manager:/home/thisum/my_ws/install/moveit_ros_occupancy_map_monitor:/home/thisum/my_ws/install/moveit_core:/home/thisum/my_ws/install/moveit_resources_panda_moveit_config:/home/thisum/my_ws/install/moveit_resources_fanuc_moveit_config:/home/thisum/my_ws/install/srdfdom:/home/thisum/my_ws/install/moveit_resources_pr2_description:/home/thisum/my_ws/install/moveit_resources_panda_description:/home/thisum/my_ws/install/moveit_resources_fanuc_description:/home/thisum/my_ws/install/moveit_common:/opt/ros/humble LD_LIBRARY_PATH=/home/thisum/my_ws/install/moveit_setup_framework/lib:/home/thisum/my_ws/install/moveit_ros_visualization/lib:/home/thisum/my_ws/install/moveit_ros_planning_interface/lib:/home/thisum/my_ws/install/moveit_ros_move_group/lib:/home/thisum/my_ws/install/moveit_ros_warehouse/lib:/home/thisum/my_ws/install/moveit_ros_robot_interaction/lib:/home/thisum/my_ws/install/moveit_planners_ompl/lib:/home/thisum/my_ws/install/moveit_kinematics/lib:/home/thisum/my_ws/install/moveit_ros_planning/lib:/home/thisum/my_ws/install/moveit_simple_controller_manager/lib:/home/thisum/my_ws/install/moveit_ros_occupancy_map_monitor/lib:/home/thisum/my_ws/install/moveit_core/lib:/home/thisum/my_ws/install/srdfdom/lib:${LD_LIBRARY_PATH} PATH=/home/thisum/my_ws/install/moveit_core/bin:${PATH} PYTHONPATH=/home/thisum/my_ws/install/moveit_configs_utils/lib/python3.10/site-packages:/home/thisum/my_ws/install/srdfdom/local/lib/python3.10/dist-packages:/home/thisum/my_ws/install/launch_param_builder/lib/python3.10/site-packages:${PYTHONPATH} /usr/bin/cmake --build /home/thisum/my_ws/build/moveit_setup_srdf_plugins -- -j6 -l6
[110.847s] Invoking command in '/home/thisum/my_ws/build/moveit_setup_srdf_plugins': AMENT_PREFIX_PATH=/home/thisum/my_ws/install/moveit_setup_framework:/home/thisum/my_ws/install/moveit_ros_visualization:/home/thisum/my_ws/install/moveit_ros_planning_interface:/home/thisum/my_ws/install/moveit_ros_move_group:/home/thisum/my_ws/install/moveit_ros_warehouse:/home/thisum/my_ws/install/moveit_ros_robot_interaction:/home/thisum/my_ws/install/moveit_planners_ompl:/home/thisum/my_ws/install/moveit_kinematics:/home/thisum/my_ws/install/moveit_ros_planning:/home/thisum/my_ws/install/moveit_simple_controller_manager:/home/thisum/my_ws/install/moveit_ros_occupancy_map_monitor:/home/thisum/my_ws/install/moveit_core:/home/thisum/my_ws/install/moveit_resources_panda_moveit_config:/home/thisum/my_ws/install/moveit_resources_fanuc_moveit_config:/home/thisum/my_ws/install/moveit_configs_utils:/home/thisum/my_ws/install/srdfdom:/home/thisum/my_ws/install/moveit_resources_pr2_description:/home/thisum/my_ws/install/moveit_resources_panda_description:/home/thisum/my_ws/install/moveit_resources_fanuc_description:/home/thisum/my_ws/install/moveit_common:/home/thisum/my_ws/install/launch_param_builder:${AMENT_PREFIX_PATH} CMAKE_PREFIX_PATH=/home/thisum/my_ws/install/moveit_setup_framework:/home/thisum/my_ws/install/moveit_ros_visualization:/home/thisum/my_ws/install/moveit_ros_planning_interface:/home/thisum/my_ws/install/moveit_ros_move_group:/home/thisum/my_ws/install/moveit_ros_warehouse:/home/thisum/my_ws/install/moveit_ros_robot_interaction:/home/thisum/my_ws/install/moveit_planners_ompl:/home/thisum/my_ws/install/moveit_kinematics:/home/thisum/my_ws/install/moveit_ros_planning:/home/thisum/my_ws/install/moveit_simple_controller_manager:/home/thisum/my_ws/install/moveit_ros_occupancy_map_monitor:/home/thisum/my_ws/install/moveit_core:/home/thisum/my_ws/install/moveit_resources_panda_moveit_config:/home/thisum/my_ws/install/moveit_resources_fanuc_moveit_config:/home/thisum/my_ws/install/srdfdom:/home/thisum/my_ws/install/moveit_resources_pr2_description:/home/thisum/my_ws/install/moveit_resources_panda_description:/home/thisum/my_ws/install/moveit_resources_fanuc_description:/home/thisum/my_ws/install/moveit_common:/opt/ros/humble LD_LIBRARY_PATH=/home/thisum/my_ws/install/moveit_setup_framework/lib:/home/thisum/my_ws/install/moveit_ros_visualization/lib:/home/thisum/my_ws/install/moveit_ros_planning_interface/lib:/home/thisum/my_ws/install/moveit_ros_move_group/lib:/home/thisum/my_ws/install/moveit_ros_warehouse/lib:/home/thisum/my_ws/install/moveit_ros_robot_interaction/lib:/home/thisum/my_ws/install/moveit_planners_ompl/lib:/home/thisum/my_ws/install/moveit_kinematics/lib:/home/thisum/my_ws/install/moveit_ros_planning/lib:/home/thisum/my_ws/install/moveit_simple_controller_manager/lib:/home/thisum/my_ws/install/moveit_ros_occupancy_map_monitor/lib:/home/thisum/my_ws/install/moveit_core/lib:/home/thisum/my_ws/install/srdfdom/lib:${LD_LIBRARY_PATH} PATH=/home/thisum/my_ws/install/moveit_core/bin:${PATH} PYTHONPATH=/home/thisum/my_ws/install/moveit_configs_utils/lib/python3.10/site-packages:/home/thisum/my_ws/install/srdfdom/local/lib/python3.10/dist-packages:/home/thisum/my_ws/install/launch_param_builder/lib/python3.10/site-packages:${PYTHONPATH} /usr/bin/cmake --install /home/thisum/my_ws/build/moveit_setup_srdf_plugins
[110.848s] -- Install configuration: "Release"
[110.848s] -- Installing: /home/thisum/my_ws/install/moveit_setup_srdf_plugins/lib/libmoveit_setup_srdf_plugins.so
[110.853s] -- Set runtime path of "/home/thisum/my_ws/install/moveit_setup_srdf_plugins/lib/libmoveit_setup_srdf_plugins.so" to ""
[110.853s] -- Installing: /home/thisum/my_ws/install/moveit_setup_srdf_plugins/share/moveit_setup_srdf_plugins/moveit_setup_framework_plugins.xml
[110.854s] -- Installing: /home/thisum/my_ws/install/moveit_setup_srdf_plugins/include
[110.855s] -- Installing: /home/thisum/my_ws/install/moveit_setup_srdf_plugins/include/moveit_setup_srdf_plugins
[110.855s] -- Installing: /home/thisum/my_ws/install/moveit_setup_srdf_plugins/include/moveit_setup_srdf_plugins/collision_linear_model.hpp
[110.855s] -- Installing: /home/thisum/my_ws/install/moveit_setup_srdf_plugins/include/moveit_setup_srdf_plugins/robot_poses.hpp
[110.855s] -- Installing: /home/thisum/my_ws/install/moveit_setup_srdf_plugins/include/moveit_setup_srdf_plugins/planning_groups_widget.hpp
[110.856s] -- Installing: /home/thisum/my_ws/install/moveit_setup_srdf_plugins/include/moveit_setup_srdf_plugins/rotated_header_view.hpp
[110.856s] -- Installing: /home/thisum/my_ws/install/moveit_setup_srdf_plugins/include/moveit_setup_srdf_plugins/end_effectors.hpp
[110.856s] -- Installing: /home/thisum/my_ws/install/moveit_setup_srdf_plugins/include/moveit_setup_srdf_plugins/group_meta_config.hpp
[110.857s] -- Installing: /home/thisum/my_ws/install/moveit_setup_srdf_plugins/include/moveit_setup_srdf_plugins/group_edit_widget.hpp
[110.857s] -- Installing: /home/thisum/my_ws/install/moveit_setup_srdf_plugins/include/moveit_setup_srdf_plugins/srdf_step.hpp
[110.857s] -- Installing: /home/thisum/my_ws/install/moveit_setup_srdf_plugins/include/moveit_setup_srdf_plugins/default_collisions.hpp
[110.857s] -- Installing: /home/thisum/my_ws/install/moveit_setup_srdf_plugins/include/moveit_setup_srdf_plugins/planning_groups.hpp
[110.857s] -- Installing: /home/thisum/my_ws/install/moveit_setup_srdf_plugins/include/moveit_setup_srdf_plugins/passive_joints.hpp
[110.858s] -- Installing: /home/thisum/my_ws/install/moveit_setup_srdf_plugins/include/moveit_setup_srdf_plugins/collision_matrix_model.hpp
[110.858s] -- Installing: /home/thisum/my_ws/install/moveit_setup_srdf_plugins/include/moveit_setup_srdf_plugins/passive_joints_widget.hpp
[110.858s] -- Installing: /home/thisum/my_ws/install/moveit_setup_srdf_plugins/include/moveit_setup_srdf_plugins/default_collisions_widget.hpp
[110.858s] -- Installing: /home/thisum/my_ws/install/moveit_setup_srdf_plugins/include/moveit_setup_srdf_plugins/robot_poses_widget.hpp
[110.858s] -- Installing: /home/thisum/my_ws/install/moveit_setup_srdf_plugins/include/moveit_setup_srdf_plugins/end_effectors_widget.hpp
[110.859s] -- Installing: /home/thisum/my_ws/install/moveit_setup_srdf_plugins/include/moveit_setup_srdf_plugins/compute_default_collisions.hpp
[110.859s] -- Installing: /home/thisum/my_ws/install/moveit_setup_srdf_plugins/include/moveit_setup_srdf_plugins/virtual_joints_widget.hpp
[110.859s] -- Installing: /home/thisum/my_ws/install/moveit_setup_srdf_plugins/include/moveit_setup_srdf_plugins/kinematic_chain_widget.hpp
[110.860s] -- Installing: /home/thisum/my_ws/install/moveit_setup_srdf_plugins/include/moveit_setup_srdf_plugins/virtual_joints.hpp
[110.863s] -- Installing: /home/thisum/my_ws/install/moveit_setup_srdf_plugins/share/moveit_setup_srdf_plugins/environment/library_path.sh
[110.867s] -- Installing: /home/thisum/my_ws/install/moveit_setup_srdf_plugins/share/moveit_setup_srdf_plugins/environment/library_path.dsv
[110.867s] -- Up-to-date: /home/thisum/my_ws/install/moveit_setup_srdf_plugins/share/moveit_setup_srdf_plugins/moveit_setup_framework_plugins.xml
[110.867s] -- Installing: /home/thisum/my_ws/install/moveit_setup_srdf_plugins/share/ament_index/resource_index/package_run_dependencies/moveit_setup_srdf_plugins
[110.868s] -- Installing: /home/thisum/my_ws/install/moveit_setup_srdf_plugins/share/ament_index/resource_index/parent_prefix_path/moveit_setup_srdf_plugins
[110.868s] -- Installing: /home/thisum/my_ws/install/moveit_setup_srdf_plugins/share/moveit_setup_srdf_plugins/environment/ament_prefix_path.sh
[110.868s] -- Installing: /home/thisum/my_ws/install/moveit_setup_srdf_plugins/share/moveit_setup_srdf_plugins/environment/ament_prefix_path.dsv
[110.868s] -- Installing: /home/thisum/my_ws/install/moveit_setup_srdf_plugins/share/moveit_setup_srdf_plugins/environment/path.sh
[110.870s] -- Installing: /home/thisum/my_ws/install/moveit_setup_srdf_plugins/share/moveit_setup_srdf_plugins/environment/path.dsv
[110.870s] -- Installing: /home/thisum/my_ws/install/moveit_setup_srdf_plugins/share/moveit_setup_srdf_plugins/local_setup.bash
[110.870s] -- Installing: /home/thisum/my_ws/install/moveit_setup_srdf_plugins/share/moveit_setup_srdf_plugins/local_setup.sh
[110.871s] -- Installing: /home/thisum/my_ws/install/moveit_setup_srdf_plugins/share/moveit_setup_srdf_plugins/local_setup.zsh
[110.871s] -- Installing: /home/thisum/my_ws/install/moveit_setup_srdf_plugins/share/moveit_setup_srdf_plugins/local_setup.dsv
[110.871s] -- Installing: /home/thisum/my_ws/install/moveit_setup_srdf_plugins/share/moveit_setup_srdf_plugins/package.dsv
[110.871s] -- Installing: /home/thisum/my_ws/install/moveit_setup_srdf_plugins/share/ament_index/resource_index/packages/moveit_setup_srdf_plugins
[110.872s] -- Installing: /home/thisum/my_ws/install/moveit_setup_srdf_plugins/share/ament_index/resource_index/moveit_setup_framework__pluginlib__plugin/moveit_setup_srdf_plugins
[110.874s] -- Installing: /home/thisum/my_ws/install/moveit_setup_srdf_plugins/share/moveit_setup_srdf_plugins/cmake/export_moveit_setup_srdf_pluginsExport.cmake
[110.874s] -- Installing: /home/thisum/my_ws/install/moveit_setup_srdf_plugins/share/moveit_setup_srdf_plugins/cmake/export_moveit_setup_srdf_pluginsExport-release.cmake
[110.875s] -- Installing: /home/thisum/my_ws/install/moveit_setup_srdf_plugins/share/moveit_setup_srdf_plugins/cmake/ament_cmake_export_include_directories-extras.cmake
[110.875s] -- Installing: /home/thisum/my_ws/install/moveit_setup_srdf_plugins/share/moveit_setup_srdf_plugins/cmake/ament_cmake_export_libraries-extras.cmake
[110.875s] -- Installing: /home/thisum/my_ws/install/moveit_setup_srdf_plugins/share/moveit_setup_srdf_plugins/cmake/ament_cmake_export_targets-extras.cmake
[110.875s] -- Installing: /home/thisum/my_ws/install/moveit_setup_srdf_plugins/share/moveit_setup_srdf_plugins/cmake/moveit_setup_srdf_pluginsConfig.cmake
[110.875s] -- Installing: /home/thisum/my_ws/install/moveit_setup_srdf_plugins/share/moveit_setup_srdf_plugins/cmake/moveit_setup_srdf_pluginsConfig-version.cmake
[110.876s] -- Installing: /home/thisum/my_ws/install/moveit_setup_srdf_plugins/share/moveit_setup_srdf_plugins/package.xml
[110.882s] Invoked command in '/home/thisum/my_ws/build/moveit_setup_srdf_plugins' returned '0': AMENT_PREFIX_PATH=/home/thisum/my_ws/install/moveit_setup_framework:/home/thisum/my_ws/install/moveit_ros_visualization:/home/thisum/my_ws/install/moveit_ros_planning_interface:/home/thisum/my_ws/install/moveit_ros_move_group:/home/thisum/my_ws/install/moveit_ros_warehouse:/home/thisum/my_ws/install/moveit_ros_robot_interaction:/home/thisum/my_ws/install/moveit_planners_ompl:/home/thisum/my_ws/install/moveit_kinematics:/home/thisum/my_ws/install/moveit_ros_planning:/home/thisum/my_ws/install/moveit_simple_controller_manager:/home/thisum/my_ws/install/moveit_ros_occupancy_map_monitor:/home/thisum/my_ws/install/moveit_core:/home/thisum/my_ws/install/moveit_resources_panda_moveit_config:/home/thisum/my_ws/install/moveit_resources_fanuc_moveit_config:/home/thisum/my_ws/install/moveit_configs_utils:/home/thisum/my_ws/install/srdfdom:/home/thisum/my_ws/install/moveit_resources_pr2_description:/home/thisum/my_ws/install/moveit_resources_panda_description:/home/thisum/my_ws/install/moveit_resources_fanuc_description:/home/thisum/my_ws/install/moveit_common:/home/thisum/my_ws/install/launch_param_builder:${AMENT_PREFIX_PATH} CMAKE_PREFIX_PATH=/home/thisum/my_ws/install/moveit_setup_framework:/home/thisum/my_ws/install/moveit_ros_visualization:/home/thisum/my_ws/install/moveit_ros_planning_interface:/home/thisum/my_ws/install/moveit_ros_move_group:/home/thisum/my_ws/install/moveit_ros_warehouse:/home/thisum/my_ws/install/moveit_ros_robot_interaction:/home/thisum/my_ws/install/moveit_planners_ompl:/home/thisum/my_ws/install/moveit_kinematics:/home/thisum/my_ws/install/moveit_ros_planning:/home/thisum/my_ws/install/moveit_simple_controller_manager:/home/thisum/my_ws/install/moveit_ros_occupancy_map_monitor:/home/thisum/my_ws/install/moveit_core:/home/thisum/my_ws/install/moveit_resources_panda_moveit_config:/home/thisum/my_ws/install/moveit_resources_fanuc_moveit_config:/home/thisum/my_ws/install/srdfdom:/home/thisum/my_ws/install/moveit_resources_pr2_description:/home/thisum/my_ws/install/moveit_resources_panda_description:/home/thisum/my_ws/install/moveit_resources_fanuc_description:/home/thisum/my_ws/install/moveit_common:/opt/ros/humble LD_LIBRARY_PATH=/home/thisum/my_ws/install/moveit_setup_framework/lib:/home/thisum/my_ws/install/moveit_ros_visualization/lib:/home/thisum/my_ws/install/moveit_ros_planning_interface/lib:/home/thisum/my_ws/install/moveit_ros_move_group/lib:/home/thisum/my_ws/install/moveit_ros_warehouse/lib:/home/thisum/my_ws/install/moveit_ros_robot_interaction/lib:/home/thisum/my_ws/install/moveit_planners_ompl/lib:/home/thisum/my_ws/install/moveit_kinematics/lib:/home/thisum/my_ws/install/moveit_ros_planning/lib:/home/thisum/my_ws/install/moveit_simple_controller_manager/lib:/home/thisum/my_ws/install/moveit_ros_occupancy_map_monitor/lib:/home/thisum/my_ws/install/moveit_core/lib:/home/thisum/my_ws/install/srdfdom/lib:${LD_LIBRARY_PATH} PATH=/home/thisum/my_ws/install/moveit_core/bin:${PATH} PYTHONPATH=/home/thisum/my_ws/install/moveit_configs_utils/lib/python3.10/site-packages:/home/thisum/my_ws/install/srdfdom/local/lib/python3.10/dist-packages:/home/thisum/my_ws/install/launch_param_builder/lib/python3.10/site-packages:${PYTHONPATH} /usr/bin/cmake --install /home/thisum/my_ws/build/moveit_setup_srdf_plugins
