[0.000000] (-) TimerEvent: {}
[0.000375] (-) JobUnselected: {'identifier': 'arm_config'}
[0.002342] (-) JobUnselected: {'identifier': 'chomp_motion_planner'}
[0.002403] (-) JobUnselected: {'identifier': 'launch_param_builder'}
[0.002433] (-) JobUnselected: {'identifier': 'moveit'}
[0.002461] (-) JobUnselected: {'identifier': 'moveit2_tutorials'}
[0.002490] (-) JobUnselected: {'identifier': 'moveit_chomp_optimizer_adapter'}
[0.002516] (-) JobUnselected: {'identifier': 'moveit_common'}
[0.002540] (-) JobUnselected: {'identifier': 'moveit_configs_utils'}
[0.002563] (-) JobUnselected: {'identifier': 'moveit_core'}
[0.002588] (-) JobUnselected: {'identifier': 'moveit_hybrid_planning'}
[0.002614] (-) JobUnselected: {'identifier': 'moveit_kinematics'}
[0.002639] (-) JobUnselected: {'identifier': 'moveit_planners'}
[0.002664] (-) JobUnselected: {'identifier': 'moveit_planners_chomp'}
[0.002688] (-) JobUnselected: {'identifier': 'moveit_planners_ompl'}
[0.002713] (-) JobUnselected: {'identifier': 'moveit_plugins'}
[0.002738] (-) JobUnselected: {'identifier': 'moveit_resources'}
[0.002762] (-) JobUnselected: {'identifier': 'moveit_resources_fanuc_description'}
[0.002786] (-) JobUnselected: {'identifier': 'moveit_resources_fanuc_moveit_config'}
[0.002811] (-) JobUnselected: {'identifier': 'moveit_resources_panda_description'}
[0.002837] (-) JobUnselected: {'identifier': 'moveit_resources_panda_moveit_config'}
[0.002861] (-) JobUnselected: {'identifier': 'moveit_resources_pr2_description'}
[0.002886] (-) JobUnselected: {'identifier': 'moveit_resources_prbt_ikfast_manipulator_plugin'}
[0.002909] (-) JobUnselected: {'identifier': 'moveit_resources_prbt_moveit_config'}
[0.002931] (-) JobUnselected: {'identifier': 'moveit_resources_prbt_pg70_support'}
[0.002956] (-) JobUnselected: {'identifier': 'moveit_resources_prbt_support'}
[0.002980] (-) JobUnselected: {'identifier': 'moveit_ros'}
[0.003004] (-) JobUnselected: {'identifier': 'moveit_ros_benchmarks'}
[0.003028] (-) JobUnselected: {'identifier': 'moveit_ros_control_interface'}
[0.003053] (-) JobUnselected: {'identifier': 'moveit_ros_move_group'}
[0.003077] (-) JobUnselected: {'identifier': 'moveit_ros_occupancy_map_monitor'}
[0.003102] (-) JobUnselected: {'identifier': 'moveit_ros_perception'}
[0.003150] (-) JobUnselected: {'identifier': 'moveit_ros_planning'}
[0.003190] (-) JobUnselected: {'identifier': 'moveit_ros_planning_interface'}
[0.003213] (-) JobUnselected: {'identifier': 'moveit_ros_robot_interaction'}
[0.003232] (-) JobUnselected: {'identifier': 'moveit_ros_visualization'}
[0.003248] (-) JobUnselected: {'identifier': 'moveit_ros_warehouse'}
[0.003264] (-) JobUnselected: {'identifier': 'moveit_runtime'}
[0.003280] (-) JobUnselected: {'identifier': 'moveit_servo'}
[0.003295] (-) JobUnselected: {'identifier': 'moveit_setup_app_plugins'}
[0.003310] (-) JobUnselected: {'identifier': 'moveit_setup_assistant'}
[0.003325] (-) JobUnselected: {'identifier': 'moveit_setup_controllers'}
[0.003341] (-) JobUnselected: {'identifier': 'moveit_setup_core_plugins'}
[0.003356] (-) JobUnselected: {'identifier': 'moveit_setup_framework'}
[0.003372] (-) JobUnselected: {'identifier': 'moveit_setup_srdf_plugins'}
[0.003388] (-) JobUnselected: {'identifier': 'moveit_simple_controller_manager'}
[0.003404] (-) JobUnselected: {'identifier': 'moveit_task_constructor_capabilities'}
[0.003419] (-) JobUnselected: {'identifier': 'moveit_task_constructor_core'}
[0.003434] (-) JobUnselected: {'identifier': 'moveit_task_constructor_demo'}
[0.003450] (-) JobUnselected: {'identifier': 'moveit_task_constructor_msgs'}
[0.003465] (-) JobUnselected: {'identifier': 'moveit_task_constructor_visualization'}
[0.003480] (-) JobUnselected: {'identifier': 'moveit_visual_tools'}
[0.003495] (-) JobUnselected: {'identifier': 'narm_config'}
[0.003510] (-) JobUnselected: {'identifier': 'new_full_arm'}
[0.003524] (-) JobUnselected: {'identifier': 'pilz_industrial_motion_planner'}
[0.003540] (-) JobUnselected: {'identifier': 'pilz_industrial_motion_planner_testutils'}
[0.003555] (-) JobUnselected: {'identifier': 'rosparam_shortcuts'}
[0.003592] (-) JobUnselected: {'identifier': 'rviz_marker_tools'}
[0.003608] (-) JobUnselected: {'identifier': 'srdfdom'}
[0.003625] (-) EventReactorShutdown: {}
