[0.000000] (-) TimerEvent: {}
[0.000330] (-) JobUnselected: {'identifier': 'arm_config'}
[0.001140] (-) JobUnselected: {'identifier': 'chomp_motion_planner'}
[0.001179] (-) JobUnselected: {'identifier': 'final_config'}
[0.001228] (-) JobUnselected: {'identifier': 'gzb'}
[0.001251] (-) JobUnselected: {'identifier': 'launch_param_builder'}
[0.001274] (-) JobUnselected: {'identifier': 'moveit'}
[0.001295] (-) JobUnselected: {'identifier': 'moveit2_tutorials'}
[0.001315] (-) JobUnselected: {'identifier': 'moveit_chomp_optimizer_adapter'}
[0.001334] (-) JobUnselected: {'identifier': 'moveit_common'}
[0.001353] (-) JobUnselected: {'identifier': 'moveit_configs_utils'}
[0.001371] (-) JobUnselected: {'identifier': 'moveit_core'}
[0.001390] (-) JobUnselected: {'identifier': 'moveit_hybrid_planning'}
[0.001408] (-) JobUnselected: {'identifier': 'moveit_kinematics'}
[0.001426] (-) JobUnselected: {'identifier': 'moveit_planners'}
[0.001443] (-) JobUnselected: {'identifier': 'moveit_planners_chomp'}
[0.001461] (-) JobUnselected: {'identifier': 'moveit_planners_ompl'}
[0.001478] (-) JobUnselected: {'identifier': 'moveit_plugins'}
[0.001496] (-) JobUnselected: {'identifier': 'moveit_resources'}
[0.001514] (-) JobUnselected: {'identifier': 'moveit_resources_fanuc_description'}
[0.001533] (-) JobUnselected: {'identifier': 'moveit_resources_fanuc_moveit_config'}
[0.001552] (-) JobUnselected: {'identifier': 'moveit_resources_panda_description'}
[0.001570] (-) JobUnselected: {'identifier': 'moveit_resources_panda_moveit_config'}
[0.001633] (-) JobUnselected: {'identifier': 'moveit_resources_pr2_description'}
[0.002213] (-) JobUnselected: {'identifier': 'moveit_resources_prbt_ikfast_manipulator_plugin'}
[0.002265] (-) JobUnselected: {'identifier': 'moveit_resources_prbt_moveit_config'}
[0.002296] (-) JobUnselected: {'identifier': 'moveit_resources_prbt_pg70_support'}
[0.002338] (-) JobUnselected: {'identifier': 'moveit_resources_prbt_support'}
[0.002365] (-) JobUnselected: {'identifier': 'moveit_ros'}
[0.002391] (-) JobUnselected: {'identifier': 'moveit_ros_benchmarks'}
[0.002413] (-) JobUnselected: {'identifier': 'moveit_ros_control_interface'}
[0.002434] (-) JobUnselected: {'identifier': 'moveit_ros_move_group'}
[0.002455] (-) JobUnselected: {'identifier': 'moveit_ros_occupancy_map_monitor'}
[0.002474] (-) JobUnselected: {'identifier': 'moveit_ros_perception'}
[0.002493] (-) JobUnselected: {'identifier': 'moveit_ros_planning'}
[0.002512] (-) JobUnselected: {'identifier': 'moveit_ros_planning_interface'}
[0.002530] (-) JobUnselected: {'identifier': 'moveit_ros_robot_interaction'}
[0.002548] (-) JobUnselected: {'identifier': 'moveit_ros_visualization'}
[0.002566] (-) JobUnselected: {'identifier': 'moveit_ros_warehouse'}
[0.002584] (-) JobUnselected: {'identifier': 'moveit_runtime'}
[0.002602] (-) JobUnselected: {'identifier': 'moveit_servo'}
[0.002619] (-) JobUnselected: {'identifier': 'moveit_setup_app_plugins'}
[0.002637] (-) JobUnselected: {'identifier': 'moveit_setup_assistant'}
[0.002654] (-) JobUnselected: {'identifier': 'moveit_setup_controllers'}
[0.002705] (-) JobUnselected: {'identifier': 'moveit_setup_core_plugins'}
[0.002731] (-) JobUnselected: {'identifier': 'moveit_setup_framework'}
[0.002753] (-) JobUnselected: {'identifier': 'moveit_setup_srdf_plugins'}
[0.002773] (-) JobUnselected: {'identifier': 'moveit_simple_controller_manager'}
[0.002792] (-) JobUnselected: {'identifier': 'moveit_task_constructor_capabilities'}
[0.002811] (-) JobUnselected: {'identifier': 'moveit_task_constructor_core'}
[0.002828] (-) JobUnselected: {'identifier': 'moveit_task_constructor_demo'}
[0.002846] (-) JobUnselected: {'identifier': 'moveit_task_constructor_msgs'}
[0.002863] (-) JobUnselected: {'identifier': 'moveit_task_constructor_visualization'}
[0.002881] (-) JobUnselected: {'identifier': 'moveit_visual_tools'}
[0.002898] (-) JobUnselected: {'identifier': 'narm_config'}
[0.002916] (-) JobUnselected: {'identifier': 'new_full_arm'}
[0.002934] (-) JobUnselected: {'identifier': 'pilz_industrial_motion_planner'}
[0.002951] (-) JobUnselected: {'identifier': 'pilz_industrial_motion_planner_testutils'}
[0.002986] (-) JobUnselected: {'identifier': 'rosparam_shortcuts'}
[0.003006] (-) JobUnselected: {'identifier': 'rviz_marker_tools'}
[0.003024] (-) JobUnselected: {'identifier': 'srdfdom'}
[0.003043] (-) EventReactorShutdown: {}
