[0.009s] Invoking command in '/home/thisum/my_ws/build/rosparam_shortcuts': CMAKE_PREFIX_PATH=/opt/ros/humble /usr/bin/cmake --build /home/thisum/my_ws/build/rosparam_shortcuts -- -j6 -l6
[0.110s] [ 15%] Built target gtest_main
[0.112s] [ 30%] Built target gtest
[0.114s] [ 53%] Built target rosparam_shortcuts
[0.158s] [ 84%] Built target rosparam_shortcuts_node_parameters_example
[0.158s] [100%] Built target test_node_parameters
[0.158s] [ 84%] Built target rosparam_shortcuts_example
[0.176s] Invoked command in '/home/thisum/my_ws/build/rosparam_shortcuts' returned '0': CMAKE_PREFIX_PATH=/opt/ros/humble /usr/bin/cmake --build /home/thisum/my_ws/build/rosparam_shortcuts -- -j6 -l6
[0.253s] Invoking command in '/home/thisum/my_ws/build/rosparam_shortcuts': CMAKE_PREFIX_PATH=/opt/ros/humble /usr/bin/cmake --install /home/thisum/my_ws/build/rosparam_shortcuts
[0.258s] -- Install configuration: "Release"
[0.259s] -- Up-to-date: /home/thisum/my_ws/install/rosparam_shortcuts/lib/librosparam_shortcuts.so
[0.259s] -- Up-to-date: /home/thisum/my_ws/install/rosparam_shortcuts/lib/rosparam_shortcuts/example
[0.259s] -- Up-to-date: /home/thisum/my_ws/install/rosparam_shortcuts/lib/rosparam_shortcuts/node_parameters_example
[0.260s] -- Up-to-date: /home/thisum/my_ws/install/rosparam_shortcuts/include
[0.260s] -- Up-to-date: /home/thisum/my_ws/install/rosparam_shortcuts/include/rosparam_shortcuts
[0.260s] -- Up-to-date: /home/thisum/my_ws/install/rosparam_shortcuts/include/rosparam_shortcuts/node_parameters.h
[0.260s] -- Up-to-date: /home/thisum/my_ws/install/rosparam_shortcuts/include/rosparam_shortcuts/rosparam_shortcuts.h
[0.260s] -- Up-to-date: /home/thisum/my_ws/install/rosparam_shortcuts/share/rosparam_shortcuts/launch
[0.260s] -- Up-to-date: /home/thisum/my_ws/install/rosparam_shortcuts/share/rosparam_shortcuts/launch/example.launch.py
[0.260s] -- Up-to-date: /home/thisum/my_ws/install/rosparam_shortcuts/share/rosparam_shortcuts/config
[0.261s] -- Up-to-date: /home/thisum/my_ws/install/rosparam_shortcuts/share/rosparam_shortcuts/config/example.yaml
[0.261s] -- Up-to-date: /home/thisum/my_ws/install/rosparam_shortcuts/share/rosparam_shortcuts/environment/library_path.sh
[0.261s] -- Up-to-date: /home/thisum/my_ws/install/rosparam_shortcuts/share/rosparam_shortcuts/environment/library_path.dsv
[0.261s] -- Up-to-date: /home/thisum/my_ws/install/rosparam_shortcuts/share/ament_index/resource_index/package_run_dependencies/rosparam_shortcuts
[0.261s] -- Up-to-date: /home/thisum/my_ws/install/rosparam_shortcuts/share/ament_index/resource_index/parent_prefix_path/rosparam_shortcuts
[0.262s] -- Up-to-date: /home/thisum/my_ws/install/rosparam_shortcuts/share/rosparam_shortcuts/environment/ament_prefix_path.sh
[0.262s] -- Up-to-date: /home/thisum/my_ws/install/rosparam_shortcuts/share/rosparam_shortcuts/environment/ament_prefix_path.dsv
[0.262s] -- Up-to-date: /home/thisum/my_ws/install/rosparam_shortcuts/share/rosparam_shortcuts/environment/path.sh
[0.262s] -- Up-to-date: /home/thisum/my_ws/install/rosparam_shortcuts/share/rosparam_shortcuts/environment/path.dsv
[0.262s] -- Up-to-date: /home/thisum/my_ws/install/rosparam_shortcuts/share/rosparam_shortcuts/local_setup.bash
[0.262s] -- Up-to-date: /home/thisum/my_ws/install/rosparam_shortcuts/share/rosparam_shortcuts/local_setup.sh
[0.262s] -- Up-to-date: /home/thisum/my_ws/install/rosparam_shortcuts/share/rosparam_shortcuts/local_setup.zsh
[0.263s] -- Up-to-date: /home/thisum/my_ws/install/rosparam_shortcuts/share/rosparam_shortcuts/local_setup.dsv
[0.263s] -- Installing: /home/thisum/my_ws/install/rosparam_shortcuts/share/rosparam_shortcuts/package.dsv
[0.263s] -- Up-to-date: /home/thisum/my_ws/install/rosparam_shortcuts/share/ament_index/resource_index/packages/rosparam_shortcuts
[0.263s] -- Up-to-date: /home/thisum/my_ws/install/rosparam_shortcuts/share/rosparam_shortcuts/cmake/export_rosparam_shortcutsExport.cmake
[0.263s] -- Up-to-date: /home/thisum/my_ws/install/rosparam_shortcuts/share/rosparam_shortcuts/cmake/export_rosparam_shortcutsExport-release.cmake
[0.263s] -- Up-to-date: /home/thisum/my_ws/install/rosparam_shortcuts/share/rosparam_shortcuts/cmake/ament_cmake_export_targets-extras.cmake
[0.263s] -- Up-to-date: /home/thisum/my_ws/install/rosparam_shortcuts/share/rosparam_shortcuts/cmake/ament_cmake_export_dependencies-extras.cmake
[0.263s] -- Up-to-date: /home/thisum/my_ws/install/rosparam_shortcuts/share/rosparam_shortcuts/cmake/rosparam_shortcutsConfig.cmake
[0.263s] -- Up-to-date: /home/thisum/my_ws/install/rosparam_shortcuts/share/rosparam_shortcuts/cmake/rosparam_shortcutsConfig-version.cmake
[0.263s] -- Up-to-date: /home/thisum/my_ws/install/rosparam_shortcuts/share/rosparam_shortcuts/package.xml
[0.267s] Invoked command in '/home/thisum/my_ws/build/rosparam_shortcuts' returned '0': CMAKE_PREFIX_PATH=/opt/ros/humble /usr/bin/cmake --install /home/thisum/my_ws/build/rosparam_shortcuts
