[0.013s] Invoking command in '/home/thisum/my_ws/build/moveit_resources_prbt_support': CMAKE_PREFIX_PATH=/opt/ros/humble /usr/bin/cmake --build /home/thisum/my_ws/build/moveit_resources_prbt_support -- -j6 -l6
[0.109s] Invoked command in '/home/thisum/my_ws/build/moveit_resources_prbt_support' returned '0': CMAKE_PREFIX_PATH=/opt/ros/humble /usr/bin/cmake --build /home/thisum/my_ws/build/moveit_resources_prbt_support -- -j6 -l6
[0.153s] Invoking command in '/home/thisum/my_ws/build/moveit_resources_prbt_support': CMAKE_PREFIX_PATH=/opt/ros/humble /usr/bin/cmake --install /home/thisum/my_ws/build/moveit_resources_prbt_support
[0.161s] -- Install configuration: "Release"
[0.161s] -- Up-to-date: /home/thisum/my_ws/install/moveit_resources_prbt_support/share/ament_index/resource_index/package_run_dependencies/moveit_resources_prbt_support
[0.162s] -- Up-to-date: /home/thisum/my_ws/install/moveit_resources_prbt_support/share/ament_index/resource_index/parent_prefix_path/moveit_resources_prbt_support
[0.162s] -- Up-to-date: /home/thisum/my_ws/install/moveit_resources_prbt_support/share/moveit_resources_prbt_support/environment/ament_prefix_path.sh
[0.162s] -- Up-to-date: /home/thisum/my_ws/install/moveit_resources_prbt_support/share/moveit_resources_prbt_support/environment/ament_prefix_path.dsv
[0.163s] -- Up-to-date: /home/thisum/my_ws/install/moveit_resources_prbt_support/share/moveit_resources_prbt_support/environment/path.sh
[0.163s] -- Up-to-date: /home/thisum/my_ws/install/moveit_resources_prbt_support/share/moveit_resources_prbt_support/environment/path.dsv
[0.163s] -- Up-to-date: /home/thisum/my_ws/install/moveit_resources_prbt_support/share/moveit_resources_prbt_support/local_setup.bash
[0.164s] -- Up-to-date: /home/thisum/my_ws/install/moveit_resources_prbt_support/share/moveit_resources_prbt_support/local_setup.sh
[0.164s] -- Up-to-date: /home/thisum/my_ws/install/moveit_resources_prbt_support/share/moveit_resources_prbt_support/local_setup.zsh
[0.164s] -- Up-to-date: /home/thisum/my_ws/install/moveit_resources_prbt_support/share/moveit_resources_prbt_support/local_setup.dsv
[0.164s] -- Installing: /home/thisum/my_ws/install/moveit_resources_prbt_support/share/moveit_resources_prbt_support/package.dsv
[0.166s] -- Up-to-date: /home/thisum/my_ws/install/moveit_resources_prbt_support/share/ament_index/resource_index/packages/moveit_resources_prbt_support
[0.166s] -- Up-to-date: /home/thisum/my_ws/install/moveit_resources_prbt_support/share/moveit_resources_prbt_support/cmake/moveit_resources_prbt_supportConfig.cmake
[0.166s] -- Up-to-date: /home/thisum/my_ws/install/moveit_resources_prbt_support/share/moveit_resources_prbt_support/cmake/moveit_resources_prbt_supportConfig-version.cmake
[0.166s] -- Up-to-date: /home/thisum/my_ws/install/moveit_resources_prbt_support/share/moveit_resources_prbt_support/package.xml
[0.166s] -- Up-to-date: /home/thisum/my_ws/install/moveit_resources_prbt_support/share/moveit_resources_prbt_support/urdf
[0.168s] -- Up-to-date: /home/thisum/my_ws/install/moveit_resources_prbt_support/share/moveit_resources_prbt_support/urdf/simple_gripper_brackets.urdf.xacro
[0.168s] -- Up-to-date: /home/thisum/my_ws/install/moveit_resources_prbt_support/share/moveit_resources_prbt_support/urdf/prbt.xacro
[0.168s] -- Up-to-date: /home/thisum/my_ws/install/moveit_resources_prbt_support/share/moveit_resources_prbt_support/urdf/prbt_macro.xacro
[0.168s] -- Up-to-date: /home/thisum/my_ws/install/moveit_resources_prbt_support/share/moveit_resources_prbt_support/urdf/prbt.ros2_control.xacro
[0.168s] -- Up-to-date: /home/thisum/my_ws/install/moveit_resources_prbt_support/share/moveit_resources_prbt_support/meshes
[0.169s] -- Up-to-date: /home/thisum/my_ws/install/moveit_resources_prbt_support/share/moveit_resources_prbt_support/meshes/link_4.dae
[0.169s] -- Up-to-date: /home/thisum/my_ws/install/moveit_resources_prbt_support/share/moveit_resources_prbt_support/meshes/link_5.stl
[0.170s] -- Up-to-date: /home/thisum/my_ws/install/moveit_resources_prbt_support/share/moveit_resources_prbt_support/meshes/link_2.stl
[0.170s] -- Up-to-date: /home/thisum/my_ws/install/moveit_resources_prbt_support/share/moveit_resources_prbt_support/meshes/foot.dae
[0.170s] -- Up-to-date: /home/thisum/my_ws/install/moveit_resources_prbt_support/share/moveit_resources_prbt_support/meshes/link_5.dae
[0.170s] -- Up-to-date: /home/thisum/my_ws/install/moveit_resources_prbt_support/share/moveit_resources_prbt_support/meshes/link_3.stl
[0.170s] -- Up-to-date: /home/thisum/my_ws/install/moveit_resources_prbt_support/share/moveit_resources_prbt_support/meshes/link_1.dae
[0.170s] -- Up-to-date: /home/thisum/my_ws/install/moveit_resources_prbt_support/share/moveit_resources_prbt_support/meshes/flange.stl
[0.171s] -- Up-to-date: /home/thisum/my_ws/install/moveit_resources_prbt_support/share/moveit_resources_prbt_support/meshes/link_3.dae
[0.171s] -- Up-to-date: /home/thisum/my_ws/install/moveit_resources_prbt_support/share/moveit_resources_prbt_support/meshes/foot.stl
[0.171s] -- Up-to-date: /home/thisum/my_ws/install/moveit_resources_prbt_support/share/moveit_resources_prbt_support/meshes/flange.dae
[0.171s] -- Up-to-date: /home/thisum/my_ws/install/moveit_resources_prbt_support/share/moveit_resources_prbt_support/meshes/link_2.dae
[0.171s] -- Up-to-date: /home/thisum/my_ws/install/moveit_resources_prbt_support/share/moveit_resources_prbt_support/meshes/link_4.stl
[0.171s] -- Up-to-date: /home/thisum/my_ws/install/moveit_resources_prbt_support/share/moveit_resources_prbt_support/meshes/link_1.stl
[0.171s] -- Up-to-date: /home/thisum/my_ws/install/moveit_resources_prbt_support/share/moveit_resources_prbt_support/config
[0.172s] -- Up-to-date: /home/thisum/my_ws/install/moveit_resources_prbt_support/share/moveit_resources_prbt_support/config/manipulator_controller.yaml
[0.172s] -- Up-to-date: /home/thisum/my_ws/install/moveit_resources_prbt_support/share/moveit_resources_prbt_support/config/manipulator_driver.yaml
[0.172s] -- Up-to-date: /home/thisum/my_ws/install/moveit_resources_prbt_support/share/moveit_resources_prbt_support/config/prbt_0_1.dcf
[0.176s] Invoked command in '/home/thisum/my_ws/build/moveit_resources_prbt_support' returned '0': CMAKE_PREFIX_PATH=/opt/ros/humble /usr/bin/cmake --install /home/thisum/my_ws/build/moveit_resources_prbt_support
