[0.065s] Invoking command in '/home/thisum/my_ws/build/moveit_ros_move_group': AMENT_PREFIX_PATH=/home/thisum/my_ws/install/moveit_kinematics:/home/thisum/my_ws/install/moveit_ros_planning:/home/thisum/my_ws/install/moveit_ros_occupancy_map_monitor:/home/thisum/my_ws/install/moveit_core:/home/thisum/my_ws/install/moveit_resources_panda_moveit_config:/home/thisum/my_ws/install/moveit_resources_fanuc_moveit_config:/home/thisum/my_ws/install/moveit_configs_utils:/home/thisum/my_ws/install/srdfdom:/home/thisum/my_ws/install/moveit_resources_pr2_description:/home/thisum/my_ws/install/moveit_resources_panda_description:/home/thisum/my_ws/install/moveit_resources_fanuc_description:/home/thisum/my_ws/install/moveit_common:/home/thisum/my_ws/install/launch_param_builder:${AMENT_PREFIX_PATH} CMAKE_PREFIX_PATH=/home/thisum/my_ws/install/moveit_kinematics:/home/thisum/my_ws/install/moveit_ros_planning:/home/thisum/my_ws/install/moveit_ros_occupancy_map_monitor:/home/thisum/my_ws/install/moveit_core:/home/thisum/my_ws/install/moveit_resources_panda_moveit_config:/home/thisum/my_ws/install/moveit_resources_fanuc_moveit_config:/home/thisum/my_ws/install/srdfdom:/home/thisum/my_ws/install/moveit_resources_pr2_description:/home/thisum/my_ws/install/moveit_resources_panda_description:/home/thisum/my_ws/install/moveit_resources_fanuc_description:/home/thisum/my_ws/install/moveit_common:/opt/ros/humble LD_LIBRARY_PATH=/home/thisum/my_ws/install/moveit_kinematics/lib:/home/thisum/my_ws/install/moveit_ros_planning/lib:/home/thisum/my_ws/install/moveit_ros_occupancy_map_monitor/lib:/home/thisum/my_ws/install/moveit_core/lib:/home/thisum/my_ws/install/srdfdom/lib:${LD_LIBRARY_PATH} PATH=/home/thisum/my_ws/install/moveit_core/bin:${PATH} PYTHONPATH=/home/thisum/my_ws/install/moveit_configs_utils/lib/python3.10/site-packages:/home/thisum/my_ws/install/srdfdom/local/lib/python3.10/dist-packages:/home/thisum/my_ws/install/launch_param_builder/lib/python3.10/site-packages:${PYTHONPATH} /usr/bin/cmake --build /home/thisum/my_ws/build/moveit_ros_move_group -- -j6 -l6
[0.188s] [35m[1mConsolidate compiler generated dependencies of target list_move_group_capabilities[0m
[0.191s] [35m[1mConsolidate compiler generated dependencies of target moveit_move_group_capabilities_base[0m
[0.249s] [ 10%] Built target list_move_group_capabilities
[0.251s] [ 26%] Built target moveit_move_group_capabilities_base
[0.280s] [35m[1mConsolidate compiler generated dependencies of target move_group[0m
[0.333s] [35m[1mConsolidate compiler generated dependencies of target moveit_move_group_default_capabilities[0m
[0.345s] [ 36%] Built target move_group
[0.477s] [100%] Built target moveit_move_group_default_capabilities
[0.493s] Invoked command in '/home/thisum/my_ws/build/moveit_ros_move_group' returned '0': AMENT_PREFIX_PATH=/home/thisum/my_ws/install/moveit_kinematics:/home/thisum/my_ws/install/moveit_ros_planning:/home/thisum/my_ws/install/moveit_ros_occupancy_map_monitor:/home/thisum/my_ws/install/moveit_core:/home/thisum/my_ws/install/moveit_resources_panda_moveit_config:/home/thisum/my_ws/install/moveit_resources_fanuc_moveit_config:/home/thisum/my_ws/install/moveit_configs_utils:/home/thisum/my_ws/install/srdfdom:/home/thisum/my_ws/install/moveit_resources_pr2_description:/home/thisum/my_ws/install/moveit_resources_panda_description:/home/thisum/my_ws/install/moveit_resources_fanuc_description:/home/thisum/my_ws/install/moveit_common:/home/thisum/my_ws/install/launch_param_builder:${AMENT_PREFIX_PATH} CMAKE_PREFIX_PATH=/home/thisum/my_ws/install/moveit_kinematics:/home/thisum/my_ws/install/moveit_ros_planning:/home/thisum/my_ws/install/moveit_ros_occupancy_map_monitor:/home/thisum/my_ws/install/moveit_core:/home/thisum/my_ws/install/moveit_resources_panda_moveit_config:/home/thisum/my_ws/install/moveit_resources_fanuc_moveit_config:/home/thisum/my_ws/install/srdfdom:/home/thisum/my_ws/install/moveit_resources_pr2_description:/home/thisum/my_ws/install/moveit_resources_panda_description:/home/thisum/my_ws/install/moveit_resources_fanuc_description:/home/thisum/my_ws/install/moveit_common:/opt/ros/humble LD_LIBRARY_PATH=/home/thisum/my_ws/install/moveit_kinematics/lib:/home/thisum/my_ws/install/moveit_ros_planning/lib:/home/thisum/my_ws/install/moveit_ros_occupancy_map_monitor/lib:/home/thisum/my_ws/install/moveit_core/lib:/home/thisum/my_ws/install/srdfdom/lib:${LD_LIBRARY_PATH} PATH=/home/thisum/my_ws/install/moveit_core/bin:${PATH} PYTHONPATH=/home/thisum/my_ws/install/moveit_configs_utils/lib/python3.10/site-packages:/home/thisum/my_ws/install/srdfdom/local/lib/python3.10/dist-packages:/home/thisum/my_ws/install/launch_param_builder/lib/python3.10/site-packages:${PYTHONPATH} /usr/bin/cmake --build /home/thisum/my_ws/build/moveit_ros_move_group -- -j6 -l6
[0.633s] Invoking command in '/home/thisum/my_ws/build/moveit_ros_move_group': AMENT_PREFIX_PATH=/home/thisum/my_ws/install/moveit_kinematics:/home/thisum/my_ws/install/moveit_ros_planning:/home/thisum/my_ws/install/moveit_ros_occupancy_map_monitor:/home/thisum/my_ws/install/moveit_core:/home/thisum/my_ws/install/moveit_resources_panda_moveit_config:/home/thisum/my_ws/install/moveit_resources_fanuc_moveit_config:/home/thisum/my_ws/install/moveit_configs_utils:/home/thisum/my_ws/install/srdfdom:/home/thisum/my_ws/install/moveit_resources_pr2_description:/home/thisum/my_ws/install/moveit_resources_panda_description:/home/thisum/my_ws/install/moveit_resources_fanuc_description:/home/thisum/my_ws/install/moveit_common:/home/thisum/my_ws/install/launch_param_builder:${AMENT_PREFIX_PATH} CMAKE_PREFIX_PATH=/home/thisum/my_ws/install/moveit_kinematics:/home/thisum/my_ws/install/moveit_ros_planning:/home/thisum/my_ws/install/moveit_ros_occupancy_map_monitor:/home/thisum/my_ws/install/moveit_core:/home/thisum/my_ws/install/moveit_resources_panda_moveit_config:/home/thisum/my_ws/install/moveit_resources_fanuc_moveit_config:/home/thisum/my_ws/install/srdfdom:/home/thisum/my_ws/install/moveit_resources_pr2_description:/home/thisum/my_ws/install/moveit_resources_panda_description:/home/thisum/my_ws/install/moveit_resources_fanuc_description:/home/thisum/my_ws/install/moveit_common:/opt/ros/humble LD_LIBRARY_PATH=/home/thisum/my_ws/install/moveit_kinematics/lib:/home/thisum/my_ws/install/moveit_ros_planning/lib:/home/thisum/my_ws/install/moveit_ros_occupancy_map_monitor/lib:/home/thisum/my_ws/install/moveit_core/lib:/home/thisum/my_ws/install/srdfdom/lib:${LD_LIBRARY_PATH} PATH=/home/thisum/my_ws/install/moveit_core/bin:${PATH} PYTHONPATH=/home/thisum/my_ws/install/moveit_configs_utils/lib/python3.10/site-packages:/home/thisum/my_ws/install/srdfdom/local/lib/python3.10/dist-packages:/home/thisum/my_ws/install/launch_param_builder/lib/python3.10/site-packages:${PYTHONPATH} /usr/bin/cmake --install /home/thisum/my_ws/build/moveit_ros_move_group
[0.644s] -- Install configuration: "Release"
[0.645s] -- Up-to-date: /home/thisum/my_ws/install/moveit_ros_move_group/lib/moveit_ros_move_group/move_group
[0.647s] -- Up-to-date: /home/thisum/my_ws/install/moveit_ros_move_group/lib/moveit_ros_move_group/list_move_group_capabilities
[0.648s] -- Up-to-date: /home/thisum/my_ws/install/moveit_ros_move_group/lib/libmoveit_move_group_default_capabilities.so.2.5.5
[0.648s] -- Up-to-date: /home/thisum/my_ws/install/moveit_ros_move_group/lib/libmoveit_move_group_default_capabilities.so
[0.648s] -- Up-to-date: /home/thisum/my_ws/install/moveit_ros_move_group/lib/libmoveit_move_group_capabilities_base.so.2.5.5
[0.649s] -- Up-to-date: /home/thisum/my_ws/install/moveit_ros_move_group/lib/libmoveit_move_group_capabilities_base.so
[0.649s] -- Up-to-date: /home/thisum/my_ws/install/moveit_ros_move_group/include
[0.649s] -- Up-to-date: /home/thisum/my_ws/install/moveit_ros_move_group/include/moveit
[0.649s] -- Up-to-date: /home/thisum/my_ws/install/moveit_ros_move_group/include/moveit/move_group
[0.649s] -- Up-to-date: /home/thisum/my_ws/install/moveit_ros_move_group/include/moveit/move_group/capability_names.h
[0.649s] -- Up-to-date: /home/thisum/my_ws/install/moveit_ros_move_group/include/moveit/move_group/move_group_capability.h
[0.649s] -- Up-to-date: /home/thisum/my_ws/install/moveit_ros_move_group/include/moveit/move_group/move_group_context.h
[0.649s] -- Up-to-date: /home/thisum/my_ws/install/moveit_ros_move_group/include/moveit/move_group/node_name.h
[0.650s] -- Up-to-date: /home/thisum/my_ws/install/moveit_ros_move_group/share/moveit_ros_move_group/environment/library_path.sh
[0.650s] -- Up-to-date: /home/thisum/my_ws/install/moveit_ros_move_group/share/moveit_ros_move_group/environment/library_path.dsv
[0.650s] -- Up-to-date: /home/thisum/my_ws/install/moveit_ros_move_group/lib/moveit_ros_move_group/load_map
[0.650s] -- Up-to-date: /home/thisum/my_ws/install/moveit_ros_move_group/lib/moveit_ros_move_group/save_map
[0.651s] -- Up-to-date: /home/thisum/my_ws/install/moveit_ros_move_group/share/moveit_ros_move_group/default_capabilities_plugin_description.xml
[0.651s] -- Up-to-date: /home/thisum/my_ws/install/moveit_ros_move_group/share/ament_index/resource_index/package_run_dependencies/moveit_ros_move_group
[0.651s] -- Up-to-date: /home/thisum/my_ws/install/moveit_ros_move_group/share/ament_index/resource_index/parent_prefix_path/moveit_ros_move_group
[0.652s] -- Up-to-date: /home/thisum/my_ws/install/moveit_ros_move_group/share/moveit_ros_move_group/environment/ament_prefix_path.sh
[0.652s] -- Up-to-date: /home/thisum/my_ws/install/moveit_ros_move_group/share/moveit_ros_move_group/environment/ament_prefix_path.dsv
[0.652s] -- Up-to-date: /home/thisum/my_ws/install/moveit_ros_move_group/share/moveit_ros_move_group/environment/path.sh
[0.652s] -- Up-to-date: /home/thisum/my_ws/install/moveit_ros_move_group/share/moveit_ros_move_group/environment/path.dsv
[0.652s] -- Up-to-date: /home/thisum/my_ws/install/moveit_ros_move_group/share/moveit_ros_move_group/local_setup.bash
[0.652s] -- Up-to-date: /home/thisum/my_ws/install/moveit_ros_move_group/share/moveit_ros_move_group/local_setup.sh
[0.652s] -- Up-to-date: /home/thisum/my_ws/install/moveit_ros_move_group/share/moveit_ros_move_group/local_setup.zsh
[0.652s] -- Up-to-date: /home/thisum/my_ws/install/moveit_ros_move_group/share/moveit_ros_move_group/local_setup.dsv
[0.653s] -- Installing: /home/thisum/my_ws/install/moveit_ros_move_group/share/moveit_ros_move_group/package.dsv
[0.654s] -- Up-to-date: /home/thisum/my_ws/install/moveit_ros_move_group/share/ament_index/resource_index/packages/moveit_ros_move_group
[0.654s] -- Up-to-date: /home/thisum/my_ws/install/moveit_ros_move_group/share/ament_index/resource_index/moveit_ros_move_group__pluginlib__plugin/moveit_ros_move_group
[0.657s] -- Up-to-date: /home/thisum/my_ws/install/moveit_ros_move_group/share/moveit_ros_move_group/cmake/export_moveit_ros_move_groupExport.cmake
[0.657s] -- Up-to-date: /home/thisum/my_ws/install/moveit_ros_move_group/share/moveit_ros_move_group/cmake/export_moveit_ros_move_groupExport-release.cmake
[0.657s] -- Up-to-date: /home/thisum/my_ws/install/moveit_ros_move_group/share/moveit_ros_move_group/cmake/ConfigExtras.cmake
[0.657s] -- Up-to-date: /home/thisum/my_ws/install/moveit_ros_move_group/share/moveit_ros_move_group/cmake/ament_cmake_export_targets-extras.cmake
[0.658s] -- Up-to-date: /home/thisum/my_ws/install/moveit_ros_move_group/share/moveit_ros_move_group/cmake/ament_cmake_export_dependencies-extras.cmake
[0.658s] -- Up-to-date: /home/thisum/my_ws/install/moveit_ros_move_group/share/moveit_ros_move_group/cmake/moveit_ros_move_groupConfig.cmake
[0.658s] -- Up-to-date: /home/thisum/my_ws/install/moveit_ros_move_group/share/moveit_ros_move_group/cmake/moveit_ros_move_groupConfig-version.cmake
[0.658s] -- Up-to-date: /home/thisum/my_ws/install/moveit_ros_move_group/share/moveit_ros_move_group/package.xml
[0.661s] Invoked command in '/home/thisum/my_ws/build/moveit_ros_move_group' returned '0': AMENT_PREFIX_PATH=/home/thisum/my_ws/install/moveit_kinematics:/home/thisum/my_ws/install/moveit_ros_planning:/home/thisum/my_ws/install/moveit_ros_occupancy_map_monitor:/home/thisum/my_ws/install/moveit_core:/home/thisum/my_ws/install/moveit_resources_panda_moveit_config:/home/thisum/my_ws/install/moveit_resources_fanuc_moveit_config:/home/thisum/my_ws/install/moveit_configs_utils:/home/thisum/my_ws/install/srdfdom:/home/thisum/my_ws/install/moveit_resources_pr2_description:/home/thisum/my_ws/install/moveit_resources_panda_description:/home/thisum/my_ws/install/moveit_resources_fanuc_description:/home/thisum/my_ws/install/moveit_common:/home/thisum/my_ws/install/launch_param_builder:${AMENT_PREFIX_PATH} CMAKE_PREFIX_PATH=/home/thisum/my_ws/install/moveit_kinematics:/home/thisum/my_ws/install/moveit_ros_planning:/home/thisum/my_ws/install/moveit_ros_occupancy_map_monitor:/home/thisum/my_ws/install/moveit_core:/home/thisum/my_ws/install/moveit_resources_panda_moveit_config:/home/thisum/my_ws/install/moveit_resources_fanuc_moveit_config:/home/thisum/my_ws/install/srdfdom:/home/thisum/my_ws/install/moveit_resources_pr2_description:/home/thisum/my_ws/install/moveit_resources_panda_description:/home/thisum/my_ws/install/moveit_resources_fanuc_description:/home/thisum/my_ws/install/moveit_common:/opt/ros/humble LD_LIBRARY_PATH=/home/thisum/my_ws/install/moveit_kinematics/lib:/home/thisum/my_ws/install/moveit_ros_planning/lib:/home/thisum/my_ws/install/moveit_ros_occupancy_map_monitor/lib:/home/thisum/my_ws/install/moveit_core/lib:/home/thisum/my_ws/install/srdfdom/lib:${LD_LIBRARY_PATH} PATH=/home/thisum/my_ws/install/moveit_core/bin:${PATH} PYTHONPATH=/home/thisum/my_ws/install/moveit_configs_utils/lib/python3.10/site-packages:/home/thisum/my_ws/install/srdfdom/local/lib/python3.10/dist-packages:/home/thisum/my_ws/install/launch_param_builder/lib/python3.10/site-packages:${PYTHONPATH} /usr/bin/cmake --install /home/thisum/my_ws/build/moveit_ros_move_group
