[0.040s] Invoking command in '/home/thisum/my_ws/build/moveit_core': AMENT_PREFIX_PATH=/home/thisum/my_ws/install/moveit_resources_panda_moveit_config:/home/thisum/my_ws/install/srdfdom:/home/thisum/my_ws/install/moveit_resources_pr2_description:/home/thisum/my_ws/install/moveit_resources_panda_description:/home/thisum/my_ws/install/moveit_common:${AMENT_PREFIX_PATH} CMAKE_PREFIX_PATH=/home/thisum/my_ws/install/moveit_resources_panda_moveit_config:/home/thisum/my_ws/install/srdfdom:/home/thisum/my_ws/install/moveit_resources_pr2_description:/home/thisum/my_ws/install/moveit_resources_panda_description:/home/thisum/my_ws/install/moveit_common:/opt/ros/humble LD_LIBRARY_PATH=/home/thisum/my_ws/install/srdfdom/lib:${LD_LIBRARY_PATH} PYTHONPATH=/home/thisum/my_ws/install/srdfdom/local/lib/python3.10/dist-packages:${PYTHONPATH} /usr/bin/cmake --build /home/thisum/my_ws/build/moveit_core -- -j6 -l6
[0.133s] [  1%] Built target gtest
[0.135s] [  2%] Built target moveit_exceptions
[0.141s] [  5%] Built target moveit_transforms
[0.141s] [  5%] Built target moveit_utils
[0.143s] [  6%] Built target moveit_kinematics_base
[0.173s] [  8%] Built target moveit_distance_field
[0.183s] [  9%] Built target moveit_smoothing_base
[0.192s] [ 10%] Built target moveit_butterworth_parameters
[0.193s] [ 12%] Built target gmock
[0.193s] [ 13%] Built target gtest_main
[0.195s] [ 14%] Built target gmock_main
[0.211s] [ 16%] Built target moveit_version
[0.234s] [ 17%] Built target test_voxel_grid
[0.234s] [ 18%] Built target test_transforms
[0.243s] [ 19%] Built target test_distance_field
[0.246s] [ 26%] Built target moveit_robot_model
[0.304s] [ 28%] Built target moveit_test_utils
[0.304s] [ 28%] Built target moveit_butterworth_filter
[0.305s] [ 31%] Built target moveit_robot_state
[0.347s] [ 34%] Built target test_butterworth_filter
[0.347s] [ 34%] Built target moveit_kinematics_metrics
[0.348s] [ 34%] Built target moveit_robot_trajectory
[0.348s] [ 35%] Built target test_robot_model
[0.355s] [ 37%] Built target moveit_dynamics_solver
[0.370s] [ 43%] Built target moveit_collision_detection
[0.412s] [ 44%] Built target test_aabb
[0.415s] [ 45%] Built target test_robot_state_benchmark
[0.416s] [ 47%] Built target test_robot_state
[0.423s] [ 48%] Built target test_cartesian_interpolator
[0.423s] [ 49%] Built target test_robot_trajectory
[0.428s] [ 50%] Built target test_robot_state_complex
[0.460s] [ 51%] Built target test_all_valid
[0.465s] [ 52%] Built target test_world
[0.466s] [ 54%] Built target test_world_diff
[0.479s] [ 56%] Built target moveit_collision_detection_fcl
[0.498s] [ 61%] Built target moveit_collision_detection_bullet
[0.498s] [ 65%] Built target moveit_trajectory_processing
[0.523s] [ 67%] Built target moveit_planning_interface
[0.538s] [ 69%] Built target test_fcl_collision_detection
[0.538s] [ 70%] Built target test_fcl_collision_env
[0.538s] [ 72%] Built target moveit_kinematic_constraints
[0.544s] [ 73%] Built target test_time_parameterization
[0.553s] [ 74%] Built target test_fcl_collision_detection_panda
[0.589s] [ 76%] Built target test_time_optimal_trajectory_generation
[0.610s] [ 78%] Built target test_ruckig_traj_smoothing
[0.610s] [ 78%] Built target test_bullet_collision_detection_panda
[0.611s] [ 79%] Built target test_bullet_collision_detection
[0.613s] [ 81%] Built target test_bullet_continuous_collision_checking
[0.625s] [ 82%] Built target moveit_planning_scene
[0.658s] [ 83%] Built target test_orientation_constraints
[0.659s] [ 84%] Built target test_constraints
[0.679s] [ 85%] Built target test_planning_scene
[0.687s] [ 88%] Built target moveit_collision_distance_field
[0.687s] [ 89%] Built target moveit_planning_request_adapter
[0.700s] [ 92%] Built target moveit_constraint_samplers
[0.725s] [ 93%] Built target test_collision_objects
[0.729s] [ 94%] Built target test_multi_threaded
[0.742s] [ 95%] Built target collision_detector_bullet_plugin
[0.742s] [ 96%] Built target collision_detector_fcl_plugin
[0.756s] [ 98%] Built target test_collision_distance_field
[0.756s] [100%] Built target test_constraint_samplers
[0.773s] Invoked command in '/home/thisum/my_ws/build/moveit_core' returned '0': AMENT_PREFIX_PATH=/home/thisum/my_ws/install/moveit_resources_panda_moveit_config:/home/thisum/my_ws/install/srdfdom:/home/thisum/my_ws/install/moveit_resources_pr2_description:/home/thisum/my_ws/install/moveit_resources_panda_description:/home/thisum/my_ws/install/moveit_common:${AMENT_PREFIX_PATH} CMAKE_PREFIX_PATH=/home/thisum/my_ws/install/moveit_resources_panda_moveit_config:/home/thisum/my_ws/install/srdfdom:/home/thisum/my_ws/install/moveit_resources_pr2_description:/home/thisum/my_ws/install/moveit_resources_panda_description:/home/thisum/my_ws/install/moveit_common:/opt/ros/humble LD_LIBRARY_PATH=/home/thisum/my_ws/install/srdfdom/lib:${LD_LIBRARY_PATH} PYTHONPATH=/home/thisum/my_ws/install/srdfdom/local/lib/python3.10/dist-packages:${PYTHONPATH} /usr/bin/cmake --build /home/thisum/my_ws/build/moveit_core -- -j6 -l6
[0.932s] Invoking command in '/home/thisum/my_ws/build/moveit_core': AMENT_PREFIX_PATH=/home/thisum/my_ws/install/moveit_resources_panda_moveit_config:/home/thisum/my_ws/install/srdfdom:/home/thisum/my_ws/install/moveit_resources_pr2_description:/home/thisum/my_ws/install/moveit_resources_panda_description:/home/thisum/my_ws/install/moveit_common:${AMENT_PREFIX_PATH} CMAKE_PREFIX_PATH=/home/thisum/my_ws/install/moveit_resources_panda_moveit_config:/home/thisum/my_ws/install/srdfdom:/home/thisum/my_ws/install/moveit_resources_pr2_description:/home/thisum/my_ws/install/moveit_resources_panda_description:/home/thisum/my_ws/install/moveit_common:/opt/ros/humble LD_LIBRARY_PATH=/home/thisum/my_ws/install/srdfdom/lib:${LD_LIBRARY_PATH} PYTHONPATH=/home/thisum/my_ws/install/srdfdom/local/lib/python3.10/dist-packages:${PYTHONPATH} /usr/bin/cmake --install /home/thisum/my_ws/build/moveit_core
[0.943s] -- Install configuration: "Release"
[0.943s] -- Up-to-date: /home/thisum/my_ws/install/moveit_core/include/moveit/version.h
[0.943s] -- Up-to-date: /home/thisum/my_ws/install/moveit_core/include
[0.943s] -- Up-to-date: /home/thisum/my_ws/install/moveit_core/include/moveit
[0.943s] -- Up-to-date: /home/thisum/my_ws/install/moveit_core/include/moveit/collision_distance_field
[0.944s] -- Up-to-date: /home/thisum/my_ws/install/moveit_core/include/moveit/collision_distance_field/collision_detector_allocator_distance_field.h
[0.944s] -- Up-to-date: /home/thisum/my_ws/install/moveit_core/include/moveit/collision_distance_field/collision_env_hybrid.h
[0.944s] -- Up-to-date: /home/thisum/my_ws/install/moveit_core/include/moveit/collision_distance_field/collision_common_distance_field.h
[0.944s] -- Up-to-date: /home/thisum/my_ws/install/moveit_core/include/moveit/collision_distance_field/collision_env_distance_field.h
[0.944s] -- Up-to-date: /home/thisum/my_ws/install/moveit_core/include/moveit/collision_distance_field/collision_distance_field_types.h
[0.945s] -- Up-to-date: /home/thisum/my_ws/install/moveit_core/include/moveit/collision_distance_field/collision_detector_allocator_hybrid.h
[0.945s] -- Up-to-date: /home/thisum/my_ws/install/moveit_core/include/moveit_collision_distance_field_export.h
[0.945s] -- Up-to-date: /home/thisum/my_ws/install/moveit_core/include
[0.945s] -- Up-to-date: /home/thisum/my_ws/install/moveit_core/include/moveit
[0.945s] -- Up-to-date: /home/thisum/my_ws/install/moveit_core/include/moveit/constraint_samplers
[0.946s] -- Up-to-date: /home/thisum/my_ws/install/moveit_core/include/moveit/constraint_samplers/constraint_sampler_manager.h
[0.946s] -- Up-to-date: /home/thisum/my_ws/install/moveit_core/include/moveit/constraint_samplers/constraint_sampler_allocator.h
[0.947s] -- Up-to-date: /home/thisum/my_ws/install/moveit_core/include/moveit/constraint_samplers/default_constraint_samplers.h
[0.947s] -- Up-to-date: /home/thisum/my_ws/install/moveit_core/include/moveit/constraint_samplers/constraint_sampler.h
[0.947s] -- Up-to-date: /home/thisum/my_ws/install/moveit_core/include/moveit/constraint_samplers/union_constraint_sampler.h
[0.947s] -- Up-to-date: /home/thisum/my_ws/install/moveit_core/include/moveit/constraint_samplers/constraint_sampler_tools.h
[0.947s] -- Up-to-date: /home/thisum/my_ws/install/moveit_core/include
[0.948s] -- Up-to-date: /home/thisum/my_ws/install/moveit_core/include/moveit
[0.948s] -- Up-to-date: /home/thisum/my_ws/install/moveit_core/include/moveit/controller_manager
[0.948s] -- Up-to-date: /home/thisum/my_ws/install/moveit_core/include/moveit/controller_manager/controller_manager.h
[0.948s] -- Up-to-date: /home/thisum/my_ws/install/moveit_core/include
[0.948s] -- Up-to-date: /home/thisum/my_ws/install/moveit_core/include/moveit
[0.948s] -- Up-to-date: /home/thisum/my_ws/install/moveit_core/include/moveit/distance_field
[0.948s] -- Up-to-date: /home/thisum/my_ws/install/moveit_core/include/moveit/distance_field/propagation_distance_field.h
[0.949s] -- Up-to-date: /home/thisum/my_ws/install/moveit_core/include/moveit/distance_field/voxel_grid.h
[0.949s] -- Up-to-date: /home/thisum/my_ws/install/moveit_core/include/moveit/distance_field/distance_field.h
[0.949s] -- Up-to-date: /home/thisum/my_ws/install/moveit_core/include/moveit/distance_field/find_internal_points.h
[0.949s] -- Up-to-date: /home/thisum/my_ws/install/moveit_core/include
[0.949s] -- Up-to-date: /home/thisum/my_ws/install/moveit_core/include/moveit
[0.949s] -- Up-to-date: /home/thisum/my_ws/install/moveit_core/include/moveit/dynamics_solver
[0.949s] -- Up-to-date: /home/thisum/my_ws/install/moveit_core/include/moveit/dynamics_solver/dynamics_solver.h
[0.949s] -- Up-to-date: /home/thisum/my_ws/install/moveit_core/include
[0.950s] -- Up-to-date: /home/thisum/my_ws/install/moveit_core/include/moveit
[0.950s] -- Up-to-date: /home/thisum/my_ws/install/moveit_core/include/moveit/exceptions
[0.951s] -- Up-to-date: /home/thisum/my_ws/install/moveit_core/include/moveit/exceptions/exceptions.h
[0.951s] -- Up-to-date: /home/thisum/my_ws/install/moveit_core/include
[0.951s] -- Up-to-date: /home/thisum/my_ws/install/moveit_core/include/moveit
[0.951s] -- Up-to-date: /home/thisum/my_ws/install/moveit_core/include/moveit/kinematics_base
[0.951s] -- Up-to-date: /home/thisum/my_ws/install/moveit_core/include/moveit/kinematics_base/kinematics_base.h
[0.951s] -- Up-to-date: /home/thisum/my_ws/install/moveit_core/include/moveit_kinematics_base_export.h
[0.951s] -- Up-to-date: /home/thisum/my_ws/install/moveit_core/include
[0.951s] -- Up-to-date: /home/thisum/my_ws/install/moveit_core/include/moveit
[0.951s] -- Up-to-date: /home/thisum/my_ws/install/moveit_core/include/moveit/kinematic_constraints
[0.951s] -- Up-to-date: /home/thisum/my_ws/install/moveit_core/include/moveit/kinematic_constraints/kinematic_constraint.h
[0.952s] -- Up-to-date: /home/thisum/my_ws/install/moveit_core/include/moveit/kinematic_constraints/utils.h
[0.952s] -- Up-to-date: /home/thisum/my_ws/install/moveit_core/include
[0.952s] -- Up-to-date: /home/thisum/my_ws/install/moveit_core/include/moveit
[0.952s] -- Up-to-date: /home/thisum/my_ws/install/moveit_core/include/moveit/kinematics_metrics
[0.952s] -- Up-to-date: /home/thisum/my_ws/install/moveit_core/include/moveit/kinematics_metrics/kinematics_metrics.h
[0.953s] -- Up-to-date: /home/thisum/my_ws/install/moveit_core/include
[0.953s] -- Up-to-date: /home/thisum/my_ws/install/moveit_core/include/moveit
[0.953s] -- Up-to-date: /home/thisum/my_ws/install/moveit_core/include/moveit/macros
[0.953s] -- Up-to-date: /home/thisum/my_ws/install/moveit_core/include/moveit/macros/console_colors.h
[0.953s] -- Up-to-date: /home/thisum/my_ws/install/moveit_core/include/moveit/macros/declare_ptr.h
[0.953s] -- Up-to-date: /home/thisum/my_ws/install/moveit_core/include/moveit/macros/deprecation.h
[0.953s] -- Up-to-date: /home/thisum/my_ws/install/moveit_core/include/moveit/macros/class_forward.h
[0.954s] -- Up-to-date: /home/thisum/my_ws/install/moveit_core/include/moveit_butterworth_parameters
[0.954s] -- Up-to-date: /home/thisum/my_ws/install/moveit_core/include/moveit_butterworth_parameters/moveit_butterworth_parameters.hpp
[0.954s] -- Up-to-date: /home/thisum/my_ws/install/moveit_core/include
[0.954s] -- Up-to-date: /home/thisum/my_ws/install/moveit_core/include/moveit
[0.954s] -- Up-to-date: /home/thisum/my_ws/install/moveit_core/include/moveit/online_signal_smoothing
[0.955s] -- Up-to-date: /home/thisum/my_ws/install/moveit_core/include/moveit/online_signal_smoothing/smoothing_base_class.h
[0.955s] -- Up-to-date: /home/thisum/my_ws/install/moveit_core/include/moveit/online_signal_smoothing/butterworth_filter.h
[0.956s] -- Up-to-date: /home/thisum/my_ws/install/moveit_core/include/moveit_smoothing_base_export.h
[0.956s] -- Up-to-date: /home/thisum/my_ws/install/moveit_core/include/moveit_butterworth_filter_export.h
[0.956s] -- Up-to-date: /home/thisum/my_ws/install/moveit_core/include
[0.956s] -- Up-to-date: /home/thisum/my_ws/install/moveit_core/include/moveit
[0.956s] -- Up-to-date: /home/thisum/my_ws/install/moveit_core/include/moveit/planning_interface
[0.956s] -- Up-to-date: /home/thisum/my_ws/install/moveit_core/include/moveit/planning_interface/planning_interface.h
[0.957s] -- Up-to-date: /home/thisum/my_ws/install/moveit_core/include/moveit/planning_interface/planning_request.h
[0.957s] -- Up-to-date: /home/thisum/my_ws/install/moveit_core/include/moveit/planning_interface/planning_response.h
[0.957s] -- Up-to-date: /home/thisum/my_ws/install/moveit_core/include
[0.958s] -- Up-to-date: /home/thisum/my_ws/install/moveit_core/include/moveit
[0.958s] -- Up-to-date: /home/thisum/my_ws/install/moveit_core/include/moveit/planning_request_adapter
[0.958s] -- Up-to-date: /home/thisum/my_ws/install/moveit_core/include/moveit/planning_request_adapter/planning_request_adapter.h
[0.958s] -- Up-to-date: /home/thisum/my_ws/install/moveit_core/include
[0.958s] -- Up-to-date: /home/thisum/my_ws/install/moveit_core/include/moveit
[0.958s] -- Up-to-date: /home/thisum/my_ws/install/moveit_core/include/moveit/planning_scene
[0.958s] -- Up-to-date: /home/thisum/my_ws/install/moveit_core/include/moveit/planning_scene/planning_scene.h
[0.958s] -- Up-to-date: /home/thisum/my_ws/install/moveit_core/include/moveit_planning_scene_export.h
[0.958s] -- Up-to-date: /home/thisum/my_ws/install/moveit_core/include
[0.959s] -- Up-to-date: /home/thisum/my_ws/install/moveit_core/include/moveit
[0.959s] -- Up-to-date: /home/thisum/my_ws/install/moveit_core/include/moveit/robot_model
[0.959s] -- Up-to-date: /home/thisum/my_ws/install/moveit_core/include/moveit/robot_model/robot_model.h
[0.959s] -- Up-to-date: /home/thisum/my_ws/install/moveit_core/include/moveit/robot_model/floating_joint_model.h
[0.959s] -- Up-to-date: /home/thisum/my_ws/install/moveit_core/include/moveit/robot_model/joint_model.h
[0.959s] -- Up-to-date: /home/thisum/my_ws/install/moveit_core/include/moveit/robot_model/joint_model_group.h
[0.959s] -- Up-to-date: /home/thisum/my_ws/install/moveit_core/include/moveit/robot_model/revolute_joint_model.h
[0.959s] -- Up-to-date: /home/thisum/my_ws/install/moveit_core/include/moveit/robot_model/prismatic_joint_model.h
[0.960s] -- Up-to-date: /home/thisum/my_ws/install/moveit_core/include/moveit/robot_model/fixed_joint_model.h
[0.960s] -- Up-to-date: /home/thisum/my_ws/install/moveit_core/include/moveit/robot_model/planar_joint_model.h
[0.960s] -- Up-to-date: /home/thisum/my_ws/install/moveit_core/include/moveit/robot_model/aabb.h
[0.960s] -- Up-to-date: /home/thisum/my_ws/install/moveit_core/include/moveit/robot_model/link_model.h
[0.960s] -- Up-to-date: /home/thisum/my_ws/install/moveit_core/include
[0.960s] -- Up-to-date: /home/thisum/my_ws/install/moveit_core/include/moveit
[0.960s] -- Up-to-date: /home/thisum/my_ws/install/moveit_core/include/moveit/robot_state
[0.960s] -- Up-to-date: /home/thisum/my_ws/install/moveit_core/include/moveit/robot_state/robot_state.h
[0.960s] -- Up-to-date: /home/thisum/my_ws/install/moveit_core/include/moveit/robot_state/conversions.h
[0.960s] -- Up-to-date: /home/thisum/my_ws/install/moveit_core/include/moveit/robot_state/attached_body.h
[0.961s] -- Up-to-date: /home/thisum/my_ws/install/moveit_core/include/moveit/robot_state/cartesian_interpolator.h
[0.961s] -- Up-to-date: /home/thisum/my_ws/install/moveit_core/include
[0.961s] -- Up-to-date: /home/thisum/my_ws/install/moveit_core/include/moveit
[0.961s] -- Up-to-date: /home/thisum/my_ws/install/moveit_core/include/moveit/robot_trajectory
[0.961s] -- Up-to-date: /home/thisum/my_ws/install/moveit_core/include/moveit/robot_trajectory/robot_trajectory.h
[0.961s] -- Up-to-date: /home/thisum/my_ws/install/moveit_core/include
[0.961s] -- Up-to-date: /home/thisum/my_ws/install/moveit_core/include/moveit
[0.961s] -- Up-to-date: /home/thisum/my_ws/install/moveit_core/include/moveit/sensor_manager
[0.961s] -- Up-to-date: /home/thisum/my_ws/install/moveit_core/include/moveit/sensor_manager/sensor_manager.h
[0.961s] -- Up-to-date: /home/thisum/my_ws/install/moveit_core/include
[0.961s] -- Up-to-date: /home/thisum/my_ws/install/moveit_core/include/moveit
[0.961s] -- Up-to-date: /home/thisum/my_ws/install/moveit_core/include/moveit/trajectory_processing
[0.961s] -- Up-to-date: /home/thisum/my_ws/install/moveit_core/include/moveit/trajectory_processing/iterative_time_parameterization.h
[0.962s] -- Up-to-date: /home/thisum/my_ws/install/moveit_core/include/moveit/trajectory_processing/time_parameterization.h
[0.962s] -- Up-to-date: /home/thisum/my_ws/install/moveit_core/include/moveit/trajectory_processing/time_optimal_trajectory_generation.h
[0.962s] -- Up-to-date: /home/thisum/my_ws/install/moveit_core/include/moveit/trajectory_processing/ruckig_traj_smoothing.h
[0.962s] -- Up-to-date: /home/thisum/my_ws/install/moveit_core/include/moveit/trajectory_processing/trajectory_tools.h
[0.962s] -- Up-to-date: /home/thisum/my_ws/install/moveit_core/include/moveit/trajectory_processing/iterative_spline_parameterization.h
[0.962s] -- Up-to-date: /home/thisum/my_ws/install/moveit_core/include
[0.962s] -- Up-to-date: /home/thisum/my_ws/install/moveit_core/include/moveit
[0.963s] -- Up-to-date: /home/thisum/my_ws/install/moveit_core/include/moveit/transforms
[0.963s] -- Up-to-date: /home/thisum/my_ws/install/moveit_core/include/moveit/transforms/transforms.h
[0.963s] -- Up-to-date: /home/thisum/my_ws/install/moveit_core/include
[0.963s] -- Up-to-date: /home/thisum/my_ws/install/moveit_core/include/moveit
[0.963s] -- Up-to-date: /home/thisum/my_ws/install/moveit_core/include/moveit/utils
[0.963s] -- Up-to-date: /home/thisum/my_ws/install/moveit_core/include/moveit/utils/robot_model_test_utils.h
[0.963s] -- Up-to-date: /home/thisum/my_ws/install/moveit_core/include/moveit/utils/lexical_casts.h
[0.963s] -- Up-to-date: /home/thisum/my_ws/install/moveit_core/include/moveit/utils/message_checks.h
[0.964s] -- Up-to-date: /home/thisum/my_ws/install/moveit_core/include/moveit/utils/rclcpp_utils.h
[0.964s] -- Up-to-date: /home/thisum/my_ws/install/moveit_core/include/moveit/utils/moveit_error_code.h
[0.964s] -- Up-to-date: /home/thisum/my_ws/install/moveit_core/bin/moveit_version
[0.964s] -- Up-to-date: /home/thisum/my_ws/install/moveit_core/include
[0.964s] -- Up-to-date: /home/thisum/my_ws/install/moveit_core/include/moveit
[0.965s] -- Up-to-date: /home/thisum/my_ws/install/moveit_core/include/moveit/collision_detection
[0.965s] -- Up-to-date: /home/thisum/my_ws/install/moveit_core/include/moveit/collision_detection/test_collision_common_panda.h
[0.965s] -- Up-to-date: /home/thisum/my_ws/install/moveit_core/include/moveit/collision_detection/world_diff.h
[0.965s] -- Up-to-date: /home/thisum/my_ws/install/moveit_core/include/moveit/collision_detection/collision_env.h
[0.965s] -- Up-to-date: /home/thisum/my_ws/install/moveit_core/include/moveit/collision_detection/allvalid
[0.965s] -- Up-to-date: /home/thisum/my_ws/install/moveit_core/include/moveit/collision_detection/allvalid/collision_env_allvalid.h
[0.965s] -- Up-to-date: /home/thisum/my_ws/install/moveit_core/include/moveit/collision_detection/allvalid/collision_detector_allocator_allvalid.h
[0.965s] -- Up-to-date: /home/thisum/my_ws/install/moveit_core/include/moveit/collision_detection/collision_matrix.h
[0.965s] -- Up-to-date: /home/thisum/my_ws/install/moveit_core/include/moveit/collision_detection/collision_common.h
[0.965s] -- Up-to-date: /home/thisum/my_ws/install/moveit_core/include/moveit/collision_detection/world.h
[0.965s] -- Up-to-date: /home/thisum/my_ws/install/moveit_core/include/moveit/collision_detection/collision_plugin_cache.h
[0.965s] -- Up-to-date: /home/thisum/my_ws/install/moveit_core/include/moveit/collision_detection/collision_tools.h
[0.966s] -- Up-to-date: /home/thisum/my_ws/install/moveit_core/include/moveit/collision_detection/occupancy_map.h
[0.966s] -- Up-to-date: /home/thisum/my_ws/install/moveit_core/include/moveit/collision_detection/test_collision_common_pr2.h
[0.966s] -- Up-to-date: /home/thisum/my_ws/install/moveit_core/include/moveit/collision_detection/collision_detector_allocator.h
[0.966s] -- Up-to-date: /home/thisum/my_ws/install/moveit_core/include/moveit/collision_detection/collision_octomap_filter.h
[0.966s] -- Up-to-date: /home/thisum/my_ws/install/moveit_core/include/moveit/collision_detection/collision_plugin.h
[0.966s] -- Up-to-date: /home/thisum/my_ws/install/moveit_core/include/moveit_collision_detection_export.h
[0.966s] -- Up-to-date: /home/thisum/my_ws/install/moveit_core/include
[0.966s] -- Up-to-date: /home/thisum/my_ws/install/moveit_core/include/moveit
[0.967s] -- Up-to-date: /home/thisum/my_ws/install/moveit_core/include/moveit/collision_detection_bullet
[0.967s] -- Up-to-date: /home/thisum/my_ws/install/moveit_core/include/moveit/collision_detection_bullet/collision_detector_allocator_bullet.h
[0.967s] -- Up-to-date: /home/thisum/my_ws/install/moveit_core/include/moveit/collision_detection_bullet/collision_env_bullet.h
[0.967s] -- Up-to-date: /home/thisum/my_ws/install/moveit_core/include/moveit/collision_detection_bullet/bullet_integration
[0.967s] -- Up-to-date: /home/thisum/my_ws/install/moveit_core/include/moveit/collision_detection_bullet/bullet_integration/bullet_bvh_manager.h
[0.967s] -- Up-to-date: /home/thisum/my_ws/install/moveit_core/include/moveit/collision_detection_bullet/bullet_integration/basic_types.h
[0.967s] -- Up-to-date: /home/thisum/my_ws/install/moveit_core/include/moveit/collision_detection_bullet/bullet_integration/contact_checker_common.h
[0.967s] -- Up-to-date: /home/thisum/my_ws/install/moveit_core/include/moveit/collision_detection_bullet/bullet_integration/ros_bullet_utils.h
[0.968s] -- Up-to-date: /home/thisum/my_ws/install/moveit_core/include/moveit/collision_detection_bullet/bullet_integration/bullet_discrete_bvh_manager.h
[0.968s] -- Up-to-date: /home/thisum/my_ws/install/moveit_core/include/moveit/collision_detection_bullet/bullet_integration/bullet_utils.h
[0.968s] -- Up-to-date: /home/thisum/my_ws/install/moveit_core/include/moveit/collision_detection_bullet/bullet_integration/bullet_cast_bvh_manager.h
[0.968s] -- Up-to-date: /home/thisum/my_ws/install/moveit_core/include/moveit/collision_detection_bullet/collision_detector_bullet_plugin_loader.h
[0.968s] -- Up-to-date: /home/thisum/my_ws/install/moveit_core/include/moveit_collision_detection_bullet_export.h
[0.968s] -- Up-to-date: /home/thisum/my_ws/install/moveit_core/include
[0.968s] -- Up-to-date: /home/thisum/my_ws/install/moveit_core/include/moveit
[0.968s] -- Up-to-date: /home/thisum/my_ws/install/moveit_core/include/moveit/collision_detection_fcl
[0.968s] -- Up-to-date: /home/thisum/my_ws/install/moveit_core/include/moveit/collision_detection_fcl/fcl_compat.h
[0.968s] -- Up-to-date: /home/thisum/my_ws/install/moveit_core/include/moveit/collision_detection_fcl/collision_detector_allocator_fcl.h
[0.969s] -- Up-to-date: /home/thisum/my_ws/install/moveit_core/include/moveit/collision_detection_fcl/collision_common.h
[0.969s] -- Up-to-date: /home/thisum/my_ws/install/moveit_core/include/moveit/collision_detection_fcl/collision_detector_fcl_plugin_loader.h
[0.969s] -- Up-to-date: /home/thisum/my_ws/install/moveit_core/include/moveit/collision_detection_fcl/collision_env_fcl.h
[0.969s] -- Up-to-date: /home/thisum/my_ws/install/moveit_core/include/moveit_collision_detection_fcl_export.h
[0.969s] -- Up-to-date: /home/thisum/my_ws/install/moveit_core/lib/libcollision_detector_bullet_plugin.so.2.5.5
[0.969s] -- Up-to-date: /home/thisum/my_ws/install/moveit_core/lib/libcollision_detector_bullet_plugin.so
[0.969s] -- Up-to-date: /home/thisum/my_ws/install/moveit_core/lib/libmoveit_butterworth_filter.so.2.5.5
[0.969s] -- Up-to-date: /home/thisum/my_ws/install/moveit_core/lib/libmoveit_butterworth_filter.so
[0.969s] -- Up-to-date: /home/thisum/my_ws/install/moveit_core/lib/libmoveit_collision_distance_field.so.2.5.5
[0.970s] -- Up-to-date: /home/thisum/my_ws/install/moveit_core/lib/libmoveit_collision_distance_field.so
[0.970s] -- Up-to-date: /home/thisum/my_ws/install/moveit_core/lib/libmoveit_collision_detection.so.2.5.5
[0.970s] -- Up-to-date: /home/thisum/my_ws/install/moveit_core/lib/libmoveit_collision_detection.so
[0.970s] -- Up-to-date: /home/thisum/my_ws/install/moveit_core/lib/libmoveit_collision_detection_fcl.so.2.5.5
[0.970s] -- Up-to-date: /home/thisum/my_ws/install/moveit_core/lib/libmoveit_collision_detection_fcl.so
[0.970s] -- Up-to-date: /home/thisum/my_ws/install/moveit_core/lib/libmoveit_collision_detection_bullet.so.2.5.5
[0.970s] -- Up-to-date: /home/thisum/my_ws/install/moveit_core/lib/libmoveit_collision_detection_bullet.so
[0.970s] -- Up-to-date: /home/thisum/my_ws/install/moveit_core/lib/libmoveit_dynamics_solver.so.2.5.5
[0.970s] -- Up-to-date: /home/thisum/my_ws/install/moveit_core/lib/libmoveit_dynamics_solver.so
[0.971s] -- Up-to-date: /home/thisum/my_ws/install/moveit_core/lib/libmoveit_constraint_samplers.so.2.5.5
[0.971s] -- Up-to-date: /home/thisum/my_ws/install/moveit_core/lib/libmoveit_constraint_samplers.so
[0.971s] -- Up-to-date: /home/thisum/my_ws/install/moveit_core/lib/libmoveit_distance_field.so.2.5.5
[0.971s] -- Up-to-date: /home/thisum/my_ws/install/moveit_core/lib/libmoveit_distance_field.so
[0.971s] -- Up-to-date: /home/thisum/my_ws/install/moveit_core/lib/libmoveit_exceptions.so.2.5.5
[0.971s] -- Up-to-date: /home/thisum/my_ws/install/moveit_core/lib/libmoveit_exceptions.so
[0.971s] -- Up-to-date: /home/thisum/my_ws/install/moveit_core/lib/libmoveit_kinematics_base.so
[0.971s] -- Up-to-date: /home/thisum/my_ws/install/moveit_core/lib/libmoveit_kinematic_constraints.so.2.5.5
[0.971s] -- Up-to-date: /home/thisum/my_ws/install/moveit_core/lib/libmoveit_kinematic_constraints.so
[0.971s] -- Up-to-date: /home/thisum/my_ws/install/moveit_core/lib/libmoveit_kinematics_metrics.so.2.5.5
[0.971s] -- Up-to-date: /home/thisum/my_ws/install/moveit_core/lib/libmoveit_kinematics_metrics.so
[0.971s] -- Up-to-date: /home/thisum/my_ws/install/moveit_core/lib/libmoveit_planning_interface.so.2.5.5
[0.971s] -- Up-to-date: /home/thisum/my_ws/install/moveit_core/lib/libmoveit_planning_interface.so
[0.971s] -- Up-to-date: /home/thisum/my_ws/install/moveit_core/lib/libmoveit_planning_scene.so.2.5.5
[0.971s] -- Up-to-date: /home/thisum/my_ws/install/moveit_core/lib/libmoveit_planning_scene.so
[0.971s] -- Up-to-date: /home/thisum/my_ws/install/moveit_core/lib/libmoveit_planning_request_adapter.so.2.5.5
[0.972s] -- Up-to-date: /home/thisum/my_ws/install/moveit_core/lib/libmoveit_planning_request_adapter.so
[0.972s] -- Up-to-date: /home/thisum/my_ws/install/moveit_core/lib/libmoveit_robot_model.so.2.5.5
[0.972s] -- Up-to-date: /home/thisum/my_ws/install/moveit_core/lib/libmoveit_robot_model.so
[0.972s] -- Up-to-date: /home/thisum/my_ws/install/moveit_core/lib/libmoveit_robot_state.so.2.5.5
[0.972s] -- Up-to-date: /home/thisum/my_ws/install/moveit_core/lib/libmoveit_robot_state.so
[0.972s] -- Up-to-date: /home/thisum/my_ws/install/moveit_core/lib/libmoveit_robot_trajectory.so.2.5.5
[0.972s] -- Up-to-date: /home/thisum/my_ws/install/moveit_core/lib/libmoveit_robot_trajectory.so
[0.972s] -- Up-to-date: /home/thisum/my_ws/install/moveit_core/lib/libmoveit_smoothing_base.so.2.5.5
[0.975s] -- Up-to-date: /home/thisum/my_ws/install/moveit_core/lib/libmoveit_smoothing_base.so
[0.983s] -- Up-to-date: /home/thisum/my_ws/install/moveit_core/lib/libmoveit_test_utils.so.2.5.5
[0.983s] -- Up-to-date: /home/thisum/my_ws/install/moveit_core/lib/libmoveit_test_utils.so
[0.986s] -- Up-to-date: /home/thisum/my_ws/install/moveit_core/lib/libmoveit_trajectory_processing.so.2.5.5
[0.987s] -- Up-to-date: /home/thisum/my_ws/install/moveit_core/lib/libmoveit_trajectory_processing.so
[0.987s] -- Up-to-date: /home/thisum/my_ws/install/moveit_core/lib/libmoveit_transforms.so.2.5.5
[0.987s] -- Up-to-date: /home/thisum/my_ws/install/moveit_core/lib/libmoveit_transforms.so
[0.987s] -- Up-to-date: /home/thisum/my_ws/install/moveit_core/lib/libmoveit_utils.so.2.5.5
[0.988s] -- Up-to-date: /home/thisum/my_ws/install/moveit_core/lib/libmoveit_utils.so
[0.988s] -- Up-to-date: /home/thisum/my_ws/install/moveit_core/share/moveit_core/environment/library_path.sh
[0.988s] -- Up-to-date: /home/thisum/my_ws/install/moveit_core/share/moveit_core/environment/library_path.dsv
[0.988s] -- Up-to-date: /home/thisum/my_ws/install/moveit_core/share/moveit_core/collision_detector_fcl_description.xml
[0.988s] -- Up-to-date: /home/thisum/my_ws/install/moveit_core/share/moveit_core/collision_detector_bullet_description.xml
[0.988s] -- Up-to-date: /home/thisum/my_ws/install/moveit_core/share/moveit_core/filter_plugin_butterworth.xml
[0.988s] -- Up-to-date: /home/thisum/my_ws/install/moveit_core/share/ament_index/resource_index/package_run_dependencies/moveit_core
[0.989s] -- Up-to-date: /home/thisum/my_ws/install/moveit_core/share/ament_index/resource_index/parent_prefix_path/moveit_core
[0.989s] -- Up-to-date: /home/thisum/my_ws/install/moveit_core/share/moveit_core/environment/ament_prefix_path.sh
[0.989s] -- Up-to-date: /home/thisum/my_ws/install/moveit_core/share/moveit_core/environment/ament_prefix_path.dsv
[0.989s] -- Up-to-date: /home/thisum/my_ws/install/moveit_core/share/moveit_core/environment/path.sh
[0.990s] -- Up-to-date: /home/thisum/my_ws/install/moveit_core/share/moveit_core/environment/path.dsv
[0.990s] -- Up-to-date: /home/thisum/my_ws/install/moveit_core/share/moveit_core/local_setup.bash
[0.991s] -- Up-to-date: /home/thisum/my_ws/install/moveit_core/share/moveit_core/local_setup.sh
[0.991s] -- Up-to-date: /home/thisum/my_ws/install/moveit_core/share/moveit_core/local_setup.zsh
[0.991s] -- Up-to-date: /home/thisum/my_ws/install/moveit_core/share/moveit_core/local_setup.dsv
[0.991s] -- Installing: /home/thisum/my_ws/install/moveit_core/share/moveit_core/package.dsv
[0.991s] -- Up-to-date: /home/thisum/my_ws/install/moveit_core/share/ament_index/resource_index/packages/moveit_core
[0.992s] -- Up-to-date: /home/thisum/my_ws/install/moveit_core/share/ament_index/resource_index/moveit_core__pluginlib__plugin/moveit_core
[0.992s] -- Up-to-date: /home/thisum/my_ws/install/moveit_core/share/moveit_core/cmake/export_moveit_coreExport.cmake
[0.992s] -- Up-to-date: /home/thisum/my_ws/install/moveit_core/share/moveit_core/cmake/export_moveit_coreExport-release.cmake
[0.992s] -- Up-to-date: /home/thisum/my_ws/install/moveit_core/share/moveit_core/cmake/ConfigExtras.cmake
[0.992s] -- Up-to-date: /home/thisum/my_ws/install/moveit_core/share/moveit_core/cmake/ament_cmake_export_targets-extras.cmake
[0.993s] -- Up-to-date: /home/thisum/my_ws/install/moveit_core/share/moveit_core/cmake/ament_cmake_export_dependencies-extras.cmake
[0.993s] -- Up-to-date: /home/thisum/my_ws/install/moveit_core/share/moveit_core/cmake/moveit_coreConfig.cmake
[0.993s] -- Up-to-date: /home/thisum/my_ws/install/moveit_core/share/moveit_core/cmake/moveit_coreConfig-version.cmake
[0.994s] -- Up-to-date: /home/thisum/my_ws/install/moveit_core/share/moveit_core/package.xml
[0.994s] Invoked command in '/home/thisum/my_ws/build/moveit_core' returned '0': AMENT_PREFIX_PATH=/home/thisum/my_ws/install/moveit_resources_panda_moveit_config:/home/thisum/my_ws/install/srdfdom:/home/thisum/my_ws/install/moveit_resources_pr2_description:/home/thisum/my_ws/install/moveit_resources_panda_description:/home/thisum/my_ws/install/moveit_common:${AMENT_PREFIX_PATH} CMAKE_PREFIX_PATH=/home/thisum/my_ws/install/moveit_resources_panda_moveit_config:/home/thisum/my_ws/install/srdfdom:/home/thisum/my_ws/install/moveit_resources_pr2_description:/home/thisum/my_ws/install/moveit_resources_panda_description:/home/thisum/my_ws/install/moveit_common:/opt/ros/humble LD_LIBRARY_PATH=/home/thisum/my_ws/install/srdfdom/lib:${LD_LIBRARY_PATH} PYTHONPATH=/home/thisum/my_ws/install/srdfdom/local/lib/python3.10/dist-packages:${PYTHONPATH} /usr/bin/cmake --install /home/thisum/my_ws/build/moveit_core
