[0.035s] Invoking command in '/home/thisum/my_ws/build/moveit_ros_occupancy_map_monitor': AMENT_PREFIX_PATH=/home/thisum/my_ws/install/moveit_core:/home/thisum/my_ws/install/moveit_resources_panda_moveit_config:/home/thisum/my_ws/install/srdfdom:/home/thisum/my_ws/install/moveit_resources_pr2_description:/home/thisum/my_ws/install/moveit_resources_panda_description:/home/thisum/my_ws/install/moveit_common:${AMENT_PREFIX_PATH} CMAKE_PREFIX_PATH=/home/thisum/my_ws/install/moveit_core:/home/thisum/my_ws/install/moveit_resources_panda_moveit_config:/home/thisum/my_ws/install/srdfdom:/home/thisum/my_ws/install/moveit_resources_pr2_description:/home/thisum/my_ws/install/moveit_resources_panda_description:/home/thisum/my_ws/install/moveit_common:/opt/ros/humble LD_LIBRARY_PATH=/home/thisum/my_ws/install/moveit_core/lib:/home/thisum/my_ws/install/srdfdom/lib:${LD_LIBRARY_PATH} PATH=/home/thisum/my_ws/install/moveit_core/bin:${PATH} PYTHONPATH=/home/thisum/my_ws/install/srdfdom/local/lib/python3.10/dist-packages:${PYTHONPATH} /usr/bin/cmake /home/thisum/my_ws/src/moveit2/moveit_ros/occupancy_map_monitor -DCMAKE_BUILD_TYPE=Release -DCMAKE_INSTALL_PREFIX=/home/thisum/my_ws/install/moveit_ros_occupancy_map_monitor
[0.122s] -- The C compiler identification is GNU 11.4.0
[0.207s] -- The CXX compiler identification is GNU 11.4.0
[0.216s] -- Detecting C compiler ABI info
[0.329s] -- Detecting C compiler ABI info - done
[0.340s] -- Check for working C compiler: /usr/bin/cc - skipped
[0.340s] -- Detecting C compile features
[0.341s] -- Detecting C compile features - done
[0.344s] -- Detecting CXX compiler ABI info
[0.486s] -- Detecting CXX compiler ABI info - done
[0.494s] -- Check for working CXX compiler: /usr/bin/c++ - skipped
[0.495s] -- Detecting CXX compile features
[0.495s] -- Detecting CXX compile features - done
[0.497s] -- Found moveit_common: 2.5.5 (/home/thisum/my_ws/install/moveit_common/share/moveit_common/cmake)
[0.501s] -- Found ament_cmake: 1.3.9 (/opt/ros/humble/share/ament_cmake/cmake)
[0.697s] -- Found Python3: /usr/bin/python3 (found version "3.10.12") found components: Interpreter 
[0.911s] -- Found libdw: /usr/lib/x86_64-linux-gnu/libdw.so  
[0.919s] -- Could NOT find libbfd (missing: LIBBFD_LIBRARY LIBBFD_INCLUDE_DIR) 
[0.919s] -- BACKWARD_HAS_UNWIND=1
[0.919s] -- BACKWARD_HAS_BACKTRACE=0
[0.919s] -- BACKWARD_HAS_BACKTRACE_SYMBOL=0
[0.919s] -- BACKWARD_HAS_DW=1
[0.920s] -- BACKWARD_HAS_BFD=0
[0.920s] -- Found Backward: /opt/ros/humble/share/backward_ros/cmake  
[0.921s] -- Found moveit_core: 2.5.5 (/home/thisum/my_ws/install/moveit_core/share/moveit_core/cmake)
[1.269s] -- Found Boost: /usr/lib/x86_64-linux-gnu/cmake/Boost-1.74.0/BoostConfig.cmake (found version "1.74.0") found components: chrono date_time filesystem iostreams program_options regex serialization system thread 
[1.332s] -- Found parameter_traits: 0.3.8 (/opt/ros/humble/share/parameter_traits/cmake)
[1.387s] -- Found rosidl_generator_c: 3.1.5 (/opt/ros/humble/share/rosidl_generator_c/cmake)
[1.396s] -- Found rosidl_adapter: 3.1.5 (/opt/ros/humble/share/rosidl_adapter/cmake)
[1.408s] -- Found rosidl_generator_cpp: 3.1.5 (/opt/ros/humble/share/rosidl_generator_cpp/cmake)
[1.428s] -- Using all available rosidl_typesupport_c: rosidl_typesupport_fastrtps_c;rosidl_typesupport_introspection_c
[1.455s] -- Using all available rosidl_typesupport_cpp: rosidl_typesupport_fastrtps_cpp;rosidl_typesupport_introspection_cpp
[1.546s] -- Found rmw_implementation_cmake: 6.1.2 (/opt/ros/humble/share/rmw_implementation_cmake/cmake)
[1.550s] -- Found rmw_fastrtps_cpp: 6.2.6 (/opt/ros/humble/share/rmw_fastrtps_cpp/cmake)
[1.716s] -- Found OpenSSL: /usr/lib/x86_64-linux-gnu/libcrypto.so (found version "3.0.2")  
[1.751s] -- Found FastRTPS: /opt/ros/humble/include  
[1.814s] -- Using RMW implementation 'rmw_fastrtps_cpp' as default
[1.829s] -- Found Threads: TRUE  
[2.041s] -- Found Eigen3: TRUE (found version "3.4.0") 
[2.046s] -- Found rclcpp_lifecycle: 16.0.9 (/opt/ros/humble/share/rclcpp_lifecycle/cmake)
[2.104s] -- Found Boost: /usr/lib/x86_64-linux-gnu/cmake/Boost-1.74.0/BoostConfig.cmake (found version "1.74.0") found components: filesystem 
[2.330s] -- library: /usr/lib/x86_64-linux-gnu/libcurl.so
[2.714s] -- Ensuring Eigen3 include directory is part of orocos-kdl CMake target
[4.055s] -- Found ament_lint_auto: 0.12.11 (/opt/ros/humble/share/ament_lint_auto/cmake)
[4.081s] -- Found gmock sources under '/opt/ros/humble/src/gmock_vendor': C++ tests using 'Google Mock' will be built
[4.089s] -- Found ament_cmake_gtest: 1.3.9 (/opt/ros/humble/share/ament_cmake_gtest/cmake)
[4.091s] -- Found gtest sources under '/opt/ros/humble/src/gtest_vendor': C++ tests using 'Google Test' will be built
[4.099s] -- Added test 'cppcheck' to perform static code analysis on C / C++ code
[4.100s] -- Configured cppcheck include dirs: /home/thisum/my_ws/src/moveit2/moveit_ros/occupancy_map_monitor/include
[4.100s] -- Configured cppcheck exclude dirs and/or files: 
[4.101s] -- Added test 'lint_cmake' to check CMake code style
[4.103s] -- Added test 'xmllint' to check XML markup files
[4.106s] -- Configuring done
[4.195s] -- Generating done
[4.200s] -- Build files have been written to: /home/thisum/my_ws/build/moveit_ros_occupancy_map_monitor
[4.217s] Invoked command in '/home/thisum/my_ws/build/moveit_ros_occupancy_map_monitor' returned '0': AMENT_PREFIX_PATH=/home/thisum/my_ws/install/moveit_core:/home/thisum/my_ws/install/moveit_resources_panda_moveit_config:/home/thisum/my_ws/install/srdfdom:/home/thisum/my_ws/install/moveit_resources_pr2_description:/home/thisum/my_ws/install/moveit_resources_panda_description:/home/thisum/my_ws/install/moveit_common:${AMENT_PREFIX_PATH} CMAKE_PREFIX_PATH=/home/thisum/my_ws/install/moveit_core:/home/thisum/my_ws/install/moveit_resources_panda_moveit_config:/home/thisum/my_ws/install/srdfdom:/home/thisum/my_ws/install/moveit_resources_pr2_description:/home/thisum/my_ws/install/moveit_resources_panda_description:/home/thisum/my_ws/install/moveit_common:/opt/ros/humble LD_LIBRARY_PATH=/home/thisum/my_ws/install/moveit_core/lib:/home/thisum/my_ws/install/srdfdom/lib:${LD_LIBRARY_PATH} PATH=/home/thisum/my_ws/install/moveit_core/bin:${PATH} PYTHONPATH=/home/thisum/my_ws/install/srdfdom/local/lib/python3.10/dist-packages:${PYTHONPATH} /usr/bin/cmake /home/thisum/my_ws/src/moveit2/moveit_ros/occupancy_map_monitor -DCMAKE_BUILD_TYPE=Release -DCMAKE_INSTALL_PREFIX=/home/thisum/my_ws/install/moveit_ros_occupancy_map_monitor
[4.221s] Invoking command in '/home/thisum/my_ws/build/moveit_ros_occupancy_map_monitor': AMENT_PREFIX_PATH=/home/thisum/my_ws/install/moveit_core:/home/thisum/my_ws/install/moveit_resources_panda_moveit_config:/home/thisum/my_ws/install/srdfdom:/home/thisum/my_ws/install/moveit_resources_pr2_description:/home/thisum/my_ws/install/moveit_resources_panda_description:/home/thisum/my_ws/install/moveit_common:${AMENT_PREFIX_PATH} CMAKE_PREFIX_PATH=/home/thisum/my_ws/install/moveit_core:/home/thisum/my_ws/install/moveit_resources_panda_moveit_config:/home/thisum/my_ws/install/srdfdom:/home/thisum/my_ws/install/moveit_resources_pr2_description:/home/thisum/my_ws/install/moveit_resources_panda_description:/home/thisum/my_ws/install/moveit_common:/opt/ros/humble LD_LIBRARY_PATH=/home/thisum/my_ws/install/moveit_core/lib:/home/thisum/my_ws/install/srdfdom/lib:${LD_LIBRARY_PATH} PATH=/home/thisum/my_ws/install/moveit_core/bin:${PATH} PYTHONPATH=/home/thisum/my_ws/install/srdfdom/local/lib/python3.10/dist-packages:${PYTHONPATH} /usr/bin/cmake --build /home/thisum/my_ws/build/moveit_ros_occupancy_map_monitor -- -j6 -l6
[4.320s] [ 15%] [32mBuilding CXX object gmock/CMakeFiles/gmock.dir/src/gmock-all.cc.o[0m
[4.320s] [ 23%] [32mBuilding CXX object gmock/CMakeFiles/gmock.dir/opt/ros/humble/src/gtest_vendor/src/gtest-all.cc.o[0m
[4.320s] [ 15%] [32mBuilding CXX object gmock/CMakeFiles/gmock_main.dir/src/gmock_main.cc.o[0m
[4.321s] [ 30%] [32mBuilding CXX object CMakeFiles/moveit_ros_occupancy_map_monitor.dir/src/occupancy_map_monitor.cpp.o[0m
[4.322s] [ 38%] [32mBuilding CXX object CMakeFiles/moveit_ros_occupancy_map_monitor.dir/src/occupancy_map_monitor_middleware_handle.cpp.o[0m
[4.328s] [ 46%] [32mBuilding CXX object CMakeFiles/moveit_ros_occupancy_map_monitor.dir/src/occupancy_map_updater.cpp.o[0m
[5.970s] [ 53%] [32m[1mLinking CXX static library libgmock_main.a[0m
[6.105s] [ 53%] Built target gmock_main
[13.309s] [ 61%] [32m[1mLinking CXX static library libgmock.a[0m
[13.445s] [ 61%] Built target gmock
[17.680s] [ 69%] [32m[1mLinking CXX shared library libmoveit_ros_occupancy_map_monitor.so[0m
[17.997s] [ 69%] Built target moveit_ros_occupancy_map_monitor
[18.038s] [ 84%] [32mBuilding CXX object CMakeFiles/occupancy_map_monitor_tests.dir/test/occupancy_map_monitor_tests.cpp.o[0m
[18.038s] [ 84%] [32mBuilding CXX object CMakeFiles/moveit_ros_occupancy_map_server.dir/src/occupancy_map_server.cpp.o[0m
[27.102s] [ 92%] [32m[1mLinking CXX executable occupancy_map_monitor_tests[0m
[27.452s] [ 92%] Built target occupancy_map_monitor_tests
[33.331s] [100%] [32m[1mLinking CXX executable moveit_ros_occupancy_map_server[0m
[33.648s] [100%] Built target moveit_ros_occupancy_map_server
[33.681s] Invoked command in '/home/thisum/my_ws/build/moveit_ros_occupancy_map_monitor' returned '0': AMENT_PREFIX_PATH=/home/thisum/my_ws/install/moveit_core:/home/thisum/my_ws/install/moveit_resources_panda_moveit_config:/home/thisum/my_ws/install/srdfdom:/home/thisum/my_ws/install/moveit_resources_pr2_description:/home/thisum/my_ws/install/moveit_resources_panda_description:/home/thisum/my_ws/install/moveit_common:${AMENT_PREFIX_PATH} CMAKE_PREFIX_PATH=/home/thisum/my_ws/install/moveit_core:/home/thisum/my_ws/install/moveit_resources_panda_moveit_config:/home/thisum/my_ws/install/srdfdom:/home/thisum/my_ws/install/moveit_resources_pr2_description:/home/thisum/my_ws/install/moveit_resources_panda_description:/home/thisum/my_ws/install/moveit_common:/opt/ros/humble LD_LIBRARY_PATH=/home/thisum/my_ws/install/moveit_core/lib:/home/thisum/my_ws/install/srdfdom/lib:${LD_LIBRARY_PATH} PATH=/home/thisum/my_ws/install/moveit_core/bin:${PATH} PYTHONPATH=/home/thisum/my_ws/install/srdfdom/local/lib/python3.10/dist-packages:${PYTHONPATH} /usr/bin/cmake --build /home/thisum/my_ws/build/moveit_ros_occupancy_map_monitor -- -j6 -l6
[34.498s] Invoking command in '/home/thisum/my_ws/build/moveit_ros_occupancy_map_monitor': AMENT_PREFIX_PATH=/home/thisum/my_ws/install/moveit_core:/home/thisum/my_ws/install/moveit_resources_panda_moveit_config:/home/thisum/my_ws/install/srdfdom:/home/thisum/my_ws/install/moveit_resources_pr2_description:/home/thisum/my_ws/install/moveit_resources_panda_description:/home/thisum/my_ws/install/moveit_common:${AMENT_PREFIX_PATH} CMAKE_PREFIX_PATH=/home/thisum/my_ws/install/moveit_core:/home/thisum/my_ws/install/moveit_resources_panda_moveit_config:/home/thisum/my_ws/install/srdfdom:/home/thisum/my_ws/install/moveit_resources_pr2_description:/home/thisum/my_ws/install/moveit_resources_panda_description:/home/thisum/my_ws/install/moveit_common:/opt/ros/humble LD_LIBRARY_PATH=/home/thisum/my_ws/install/moveit_core/lib:/home/thisum/my_ws/install/srdfdom/lib:${LD_LIBRARY_PATH} PATH=/home/thisum/my_ws/install/moveit_core/bin:${PATH} PYTHONPATH=/home/thisum/my_ws/install/srdfdom/local/lib/python3.10/dist-packages:${PYTHONPATH} /usr/bin/cmake --install /home/thisum/my_ws/build/moveit_ros_occupancy_map_monitor
[34.516s] -- Install configuration: "Release"
[34.517s] -- Installing: /home/thisum/my_ws/install/moveit_ros_occupancy_map_monitor/lib/libmoveit_ros_occupancy_map_monitor.so.2.5.5
[34.523s] -- Set runtime path of "/home/thisum/my_ws/install/moveit_ros_occupancy_map_monitor/lib/libmoveit_ros_occupancy_map_monitor.so.2.5.5" to ""
[34.523s] -- Installing: /home/thisum/my_ws/install/moveit_ros_occupancy_map_monitor/lib/libmoveit_ros_occupancy_map_monitor.so
[34.523s] -- Installing: /home/thisum/my_ws/install/moveit_ros_occupancy_map_monitor/lib/moveit_ros_occupancy_map_monitor/moveit_ros_occupancy_map_server
[34.526s] -- Set runtime path of "/home/thisum/my_ws/install/moveit_ros_occupancy_map_monitor/lib/moveit_ros_occupancy_map_monitor/moveit_ros_occupancy_map_server" to ""
[34.527s] -- Installing: /home/thisum/my_ws/install/moveit_ros_occupancy_map_monitor/include
[34.529s] -- Installing: /home/thisum/my_ws/install/moveit_ros_occupancy_map_monitor/include/moveit
[34.530s] -- Installing: /home/thisum/my_ws/install/moveit_ros_occupancy_map_monitor/include/moveit/occupancy_map_monitor
[34.530s] -- Installing: /home/thisum/my_ws/install/moveit_ros_occupancy_map_monitor/include/moveit/occupancy_map_monitor/occupancy_map_monitor.h
[34.531s] -- Installing: /home/thisum/my_ws/install/moveit_ros_occupancy_map_monitor/include/moveit/occupancy_map_monitor/occupancy_map_updater.h
[34.531s] -- Installing: /home/thisum/my_ws/install/moveit_ros_occupancy_map_monitor/include/moveit/occupancy_map_monitor/occupancy_map_monitor_middleware_handle.hpp
[34.531s] -- Installing: /home/thisum/my_ws/install/moveit_ros_occupancy_map_monitor/share/moveit_ros_occupancy_map_monitor/environment/library_path.sh
[34.532s] -- Installing: /home/thisum/my_ws/install/moveit_ros_occupancy_map_monitor/share/moveit_ros_occupancy_map_monitor/environment/library_path.dsv
[34.539s] -- Installing: /home/thisum/my_ws/install/moveit_ros_occupancy_map_monitor/share/ament_index/resource_index/package_run_dependencies/moveit_ros_occupancy_map_monitor
[34.540s] -- Installing: /home/thisum/my_ws/install/moveit_ros_occupancy_map_monitor/share/ament_index/resource_index/parent_prefix_path/moveit_ros_occupancy_map_monitor
[34.540s] -- Installing: /home/thisum/my_ws/install/moveit_ros_occupancy_map_monitor/share/moveit_ros_occupancy_map_monitor/environment/ament_prefix_path.sh
[34.540s] -- Installing: /home/thisum/my_ws/install/moveit_ros_occupancy_map_monitor/share/moveit_ros_occupancy_map_monitor/environment/ament_prefix_path.dsv
[34.540s] -- Installing: /home/thisum/my_ws/install/moveit_ros_occupancy_map_monitor/share/moveit_ros_occupancy_map_monitor/environment/path.sh
[34.540s] -- Installing: /home/thisum/my_ws/install/moveit_ros_occupancy_map_monitor/share/moveit_ros_occupancy_map_monitor/environment/path.dsv
[34.540s] -- Installing: /home/thisum/my_ws/install/moveit_ros_occupancy_map_monitor/share/moveit_ros_occupancy_map_monitor/local_setup.bash
[34.540s] -- Installing: /home/thisum/my_ws/install/moveit_ros_occupancy_map_monitor/share/moveit_ros_occupancy_map_monitor/local_setup.sh
[34.540s] -- Installing: /home/thisum/my_ws/install/moveit_ros_occupancy_map_monitor/share/moveit_ros_occupancy_map_monitor/local_setup.zsh
[34.540s] -- Installing: /home/thisum/my_ws/install/moveit_ros_occupancy_map_monitor/share/moveit_ros_occupancy_map_monitor/local_setup.dsv
[34.540s] -- Installing: /home/thisum/my_ws/install/moveit_ros_occupancy_map_monitor/share/moveit_ros_occupancy_map_monitor/package.dsv
[34.541s] -- Installing: /home/thisum/my_ws/install/moveit_ros_occupancy_map_monitor/share/ament_index/resource_index/packages/moveit_ros_occupancy_map_monitor
[34.541s] -- Installing: /home/thisum/my_ws/install/moveit_ros_occupancy_map_monitor/share/moveit_ros_occupancy_map_monitor/cmake/export_moveit_ros_occupancy_map_monitorExport.cmake
[34.541s] -- Installing: /home/thisum/my_ws/install/moveit_ros_occupancy_map_monitor/share/moveit_ros_occupancy_map_monitor/cmake/export_moveit_ros_occupancy_map_monitorExport-release.cmake
[34.541s] -- Installing: /home/thisum/my_ws/install/moveit_ros_occupancy_map_monitor/share/moveit_ros_occupancy_map_monitor/cmake/ament_cmake_export_targets-extras.cmake
[34.541s] -- Installing: /home/thisum/my_ws/install/moveit_ros_occupancy_map_monitor/share/moveit_ros_occupancy_map_monitor/cmake/ament_cmake_export_dependencies-extras.cmake
[34.541s] -- Installing: /home/thisum/my_ws/install/moveit_ros_occupancy_map_monitor/share/moveit_ros_occupancy_map_monitor/cmake/moveit_ros_occupancy_map_monitorConfig.cmake
[34.541s] -- Installing: /home/thisum/my_ws/install/moveit_ros_occupancy_map_monitor/share/moveit_ros_occupancy_map_monitor/cmake/moveit_ros_occupancy_map_monitorConfig-version.cmake
[34.541s] -- Installing: /home/thisum/my_ws/install/moveit_ros_occupancy_map_monitor/share/moveit_ros_occupancy_map_monitor/package.xml
[34.548s] Invoked command in '/home/thisum/my_ws/build/moveit_ros_occupancy_map_monitor' returned '0': AMENT_PREFIX_PATH=/home/thisum/my_ws/install/moveit_core:/home/thisum/my_ws/install/moveit_resources_panda_moveit_config:/home/thisum/my_ws/install/srdfdom:/home/thisum/my_ws/install/moveit_resources_pr2_description:/home/thisum/my_ws/install/moveit_resources_panda_description:/home/thisum/my_ws/install/moveit_common:${AMENT_PREFIX_PATH} CMAKE_PREFIX_PATH=/home/thisum/my_ws/install/moveit_core:/home/thisum/my_ws/install/moveit_resources_panda_moveit_config:/home/thisum/my_ws/install/srdfdom:/home/thisum/my_ws/install/moveit_resources_pr2_description:/home/thisum/my_ws/install/moveit_resources_panda_description:/home/thisum/my_ws/install/moveit_common:/opt/ros/humble LD_LIBRARY_PATH=/home/thisum/my_ws/install/moveit_core/lib:/home/thisum/my_ws/install/srdfdom/lib:${LD_LIBRARY_PATH} PATH=/home/thisum/my_ws/install/moveit_core/bin:${PATH} PYTHONPATH=/home/thisum/my_ws/install/srdfdom/local/lib/python3.10/dist-packages:${PYTHONPATH} /usr/bin/cmake --install /home/thisum/my_ws/build/moveit_ros_occupancy_map_monitor
