[0.648s] Invoking command in '/home/thisum/my_ws/src/moveit2/moveit_configs_utils': AMENT_PREFIX_PATH=/home/thisum/my_ws/install/srdfdom:/home/thisum/my_ws/install/launch_param_builder:${AMENT_PREFIX_PATH} CMAKE_PREFIX_PATH=/home/thisum/my_ws/install/srdfdom LD_LIBRARY_PATH=/home/thisum/my_ws/install/srdfdom/lib:${LD_LIBRARY_PATH} PYTHONPATH=/home/thisum/my_ws/build/moveit_configs_utils/prefix_override:/usr/lib/python3/dist-packages/colcon_core/task/python/colcon_distutils_commands:/home/thisum/my_ws/install/moveit_configs_utils/lib/python3.10/site-packages:/home/thisum/my_ws/install/srdfdom/local/lib/python3.10/dist-packages:/home/thisum/my_ws/install/launch_param_builder/lib/python3.10/site-packages:${PYTHONPATH} /usr/bin/python3 -W ignore:setup.py install is deprecated setup.py egg_info --egg-base ../../../build/moveit_configs_utils build --build-base /home/thisum/my_ws/build/moveit_configs_utils/build install --record /home/thisum/my_ws/build/moveit_configs_utils/install.log --single-version-externally-managed install_data
[0.882s] running egg_info
[0.883s] writing ../../../build/moveit_configs_utils/moveit_configs_utils.egg-info/PKG-INFO
[0.883s] writing dependency_links to ../../../build/moveit_configs_utils/moveit_configs_utils.egg-info/dependency_links.txt
[0.884s] writing entry points to ../../../build/moveit_configs_utils/moveit_configs_utils.egg-info/entry_points.txt
[0.884s] writing requirements to ../../../build/moveit_configs_utils/moveit_configs_utils.egg-info/requires.txt
[0.884s] writing top-level names to ../../../build/moveit_configs_utils/moveit_configs_utils.egg-info/top_level.txt
[0.886s] reading manifest file '../../../build/moveit_configs_utils/moveit_configs_utils.egg-info/SOURCES.txt'
[0.886s] writing manifest file '../../../build/moveit_configs_utils/moveit_configs_utils.egg-info/SOURCES.txt'
[0.887s] running build
[0.887s] running build_py
[0.887s] running install
[0.888s] running install_lib
[0.891s] running install_data
[0.891s] running install_egg_info
[0.894s] removing '/home/thisum/my_ws/install/moveit_configs_utils/lib/python3.10/site-packages/moveit_configs_utils-2.5.5-py3.10.egg-info' (and everything under it)
[0.894s] Copying ../../../build/moveit_configs_utils/moveit_configs_utils.egg-info to /home/thisum/my_ws/install/moveit_configs_utils/lib/python3.10/site-packages/moveit_configs_utils-2.5.5-py3.10.egg-info
[0.895s] running install_scripts
[0.915s] writing list of installed files to '/home/thisum/my_ws/build/moveit_configs_utils/install.log'
[0.937s] Invoked command in '/home/thisum/my_ws/src/moveit2/moveit_configs_utils' returned '0': AMENT_PREFIX_PATH=/home/thisum/my_ws/install/srdfdom:/home/thisum/my_ws/install/launch_param_builder:${AMENT_PREFIX_PATH} CMAKE_PREFIX_PATH=/home/thisum/my_ws/install/srdfdom LD_LIBRARY_PATH=/home/thisum/my_ws/install/srdfdom/lib:${LD_LIBRARY_PATH} PYTHONPATH=/home/thisum/my_ws/build/moveit_configs_utils/prefix_override:/usr/lib/python3/dist-packages/colcon_core/task/python/colcon_distutils_commands:/home/thisum/my_ws/install/moveit_configs_utils/lib/python3.10/site-packages:/home/thisum/my_ws/install/srdfdom/local/lib/python3.10/dist-packages:/home/thisum/my_ws/install/launch_param_builder/lib/python3.10/site-packages:${PYTHONPATH} /usr/bin/python3 -W ignore:setup.py install is deprecated setup.py egg_info --egg-base ../../../build/moveit_configs_utils build --build-base /home/thisum/my_ws/build/moveit_configs_utils/build install --record /home/thisum/my_ws/build/moveit_configs_utils/install.log --single-version-externally-managed install_data
