[0.141s] Invoking command in '/home/thisum/my_ws/src/build/moveit_setup_srdf_plugins': AMENT_PREFIX_PATH=/home/thisum/my_ws/src/install/moveit_setup_framework:/home/thisum/my_ws/src/install/moveit_ros_visualization:/home/thisum/my_ws/src/install/moveit_ros_planning_interface:/home/thisum/my_ws/src/install/moveit_ros_move_group:/home/thisum/my_ws/src/install/moveit_ros_warehouse:/home/thisum/my_ws/src/install/moveit_ros_robot_interaction:/home/thisum/my_ws/src/install/moveit_planners_ompl:/home/thisum/my_ws/src/install/moveit_kinematics:/home/thisum/my_ws/src/install/moveit_ros_planning:/home/thisum/my_ws/src/install/moveit_simple_controller_manager:/home/thisum/my_ws/src/install/moveit_ros_occupancy_map_monitor:/home/thisum/my_ws/src/install/moveit_core:/home/thisum/my_ws/src/install/moveit_resources_panda_moveit_config:/home/thisum/my_ws/src/install/moveit_resources_fanuc_moveit_config:/home/thisum/my_ws/src/install/moveit_configs_utils:/home/thisum/my_ws/src/install/srdfdom:/home/thisum/my_ws/src/install/moveit_resources_pr2_description:/home/thisum/my_ws/src/install/moveit_resources_panda_description:/home/thisum/my_ws/src/install/moveit_resources_fanuc_description:/home/thisum/my_ws/src/install/moveit_common:/home/thisum/my_ws/src/install/launch_param_builder:${AMENT_PREFIX_PATH} CMAKE_PREFIX_PATH=/home/thisum/my_ws/src/install/moveit_setup_framework:/home/thisum/my_ws/src/install/moveit_ros_visualization:/home/thisum/my_ws/src/install/moveit_ros_planning_interface:/home/thisum/my_ws/src/install/moveit_ros_move_group:/home/thisum/my_ws/src/install/moveit_ros_warehouse:/home/thisum/my_ws/src/install/moveit_ros_robot_interaction:/home/thisum/my_ws/src/install/moveit_planners_ompl:/home/thisum/my_ws/src/install/moveit_kinematics:/home/thisum/my_ws/src/install/moveit_ros_planning:/home/thisum/my_ws/src/install/moveit_simple_controller_manager:/home/thisum/my_ws/src/install/moveit_ros_occupancy_map_monitor:/home/thisum/my_ws/src/install/moveit_core:/home/thisum/my_ws/src/install/moveit_resources_panda_moveit_config:/home/thisum/my_ws/src/install/moveit_resources_fanuc_moveit_config:/home/thisum/my_ws/src/install/srdfdom:/home/thisum/my_ws/src/install/moveit_resources_pr2_description:/home/thisum/my_ws/src/install/moveit_resources_panda_description:/home/thisum/my_ws/src/install/moveit_resources_fanuc_description:/home/thisum/my_ws/src/install/moveit_common:/home/thisum/my_ws/install/pilz_industrial_motion_planner_testutils:/home/thisum/my_ws/install/moveit_runtime:/home/thisum/my_ws/install/moveit2_tutorials:/home/thisum/my_ws/install/moveit:/home/thisum/my_ws/install/arm_config:/home/thisum/my_ws/install/moveit_planners:/home/thisum/my_ws/install/pilz_industrial_motion_planner:/home/thisum/my_ws/install/moveit_visual_tools:/home/thisum/my_ws/install/moveit_task_constructor_visualization:/home/thisum/my_ws/install/moveit_task_constructor_demo:/home/thisum/my_ws/install/moveit_task_constructor_capabilities:/home/thisum/my_ws/install/moveit_task_constructor_core:/home/thisum/my_ws/install/moveit_ros_control_interface:/home/thisum/my_ws/install/moveit_plugins:/home/thisum/my_ws/install/moveit_simple_controller_manager:/home/thisum/my_ws/install/moveit_setup_assistant:/home/thisum/my_ws/install/moveit_setup_srdf_plugins:/home/thisum/my_ws/install/moveit_setup_core_plugins:/home/thisum/my_ws/install/moveit_setup_controllers:/home/thisum/my_ws/install/moveit_setup_app_plugins:/home/thisum/my_ws/install/moveit_setup_framework:/home/thisum/my_ws/install/moveit_servo:/home/thisum/my_ws/install/moveit_ros:/home/thisum/my_ws/install/moveit_ros_visualization:/home/thisum/my_ws/install/moveit_hybrid_planning:/home/thisum/my_ws/install/moveit_ros_planning_interface:/home/thisum/my_ws/install/moveit_ros_benchmarks:/home/thisum/my_ws/install/moveit_ros_warehouse:/home/thisum/my_ws/install/moveit_ros_robot_interaction:/home/thisum/my_ws/install/moveit_ros_perception:/home/thisum/my_ws/install/moveit_resources_prbt_pg70_support:/home/thisum/my_ws/install/moveit_resources_prbt_moveit_config:/home/thisum/my_ws/install/moveit_ros_move_group:/home/thisum/my_ws/install/moveit_planners_ompl:/home/thisum/my_ws/install/moveit_ros_planning:/home/thisum/my_ws/install/moveit_ros_occupancy_map_monitor:/home/thisum/my_ws/install/moveit_resources_prbt_ikfast_manipulator_plugin:/home/thisum/my_ws/install/moveit_planners_chomp:/home/thisum/my_ws/install/moveit_kinematics:/home/thisum/my_ws/install/moveit_chomp_optimizer_adapter:/home/thisum/my_ws/install/chomp_motion_planner:/home/thisum/my_ws/install/moveit_core:/home/thisum/my_ws/install/srdfdom:/home/thisum/my_ws/install/rviz_marker_tools:/home/thisum/my_ws/install/rosparam_shortcuts:/home/thisum/my_ws/install/new_full_arm:/home/thisum/my_ws/install/moveit_task_constructor_msgs:/home/thisum/my_ws/install/moveit_resources_prbt_support:/home/thisum/my_ws/install/moveit_resources:/home/thisum/my_ws/install/moveit_resources_pr2_description:/home/thisum/my_ws/install/moveit_resources_panda_moveit_config:/home/thisum/my_ws/install/moveit_resources_panda_description:/home/thisum/my_ws/install/moveit_resources_fanuc_moveit_config:/home/thisum/my_ws/install/moveit_resources_fanuc_description:/home/thisum/my_ws/install/moveit_common:/home/thisum/arm_ws/install/x:/home/thisum/arm_ws/install/robotiq_description:/home/thisum/arm_ws/install/robotiq_controllers:/home/thisum/arm_ws/install/arm_config:/home/thisum/my_ws/install/moveit_configs_utils:/home/thisum/my_ws/install/launch_param_builder:/home/thisum/arm_ws/install/moveit_configs_utils:/opt/ros/humble:/home/thisum/arm_ws/install/new_full_arm:/home/thisum/arm_ws/install/moveit_resources_prbt_support:/home/thisum/arm_ws/install/moveit_resources_pr2_description:/home/thisum/arm_ws/install/moveit_resources_panda_description:/home/thisum/arm_ws/install/moveit_resources_fanuc_description:/home/thisum/arm_ws/install/moveit_msgs:/home/thisum/arm_ws/install/moveit_common:/home/thisum/arm_ws/install/kortex_api LD_LIBRARY_PATH=/home/thisum/my_ws/src/install/moveit_setup_framework/lib:/home/thisum/my_ws/src/install/moveit_ros_visualization/lib:/home/thisum/my_ws/src/install/moveit_ros_planning_interface/lib:/home/thisum/my_ws/src/install/moveit_ros_move_group/lib:/home/thisum/my_ws/src/install/moveit_ros_warehouse/lib:/home/thisum/my_ws/src/install/moveit_ros_robot_interaction/lib:/home/thisum/my_ws/src/install/moveit_planners_ompl/lib:/home/thisum/my_ws/src/install/moveit_kinematics/lib:/home/thisum/my_ws/src/install/moveit_ros_planning/lib:/home/thisum/my_ws/src/install/moveit_simple_controller_manager/lib:/home/thisum/my_ws/src/install/moveit_ros_occupancy_map_monitor/lib:/home/thisum/my_ws/src/install/moveit_core/lib:/home/thisum/my_ws/src/install/srdfdom/lib:${LD_LIBRARY_PATH} PATH=/home/thisum/my_ws/src/install/moveit_core/bin:${PATH} PYTHONPATH=/home/thisum/my_ws/src/install/moveit_configs_utils/lib/python3.10/site-packages:/home/thisum/my_ws/src/install/srdfdom/local/lib/python3.10/dist-packages:/home/thisum/my_ws/src/install/launch_param_builder/lib/python3.10/site-packages:${PYTHONPATH} /usr/bin/cmake /home/thisum/my_ws/src/moveit2/moveit_setup_assistant/moveit_setup_srdf_plugins -DCMAKE_BUILD_TYPE=Release -DCMAKE_INSTALL_PREFIX=/home/thisum/my_ws/src/install/moveit_setup_srdf_plugins
[0.257s] -- The C compiler identification is GNU 11.4.0
[0.349s] -- The CXX compiler identification is GNU 11.4.0
[0.359s] -- Detecting C compiler ABI info
[0.507s] -- Detecting C compiler ABI info - done
[0.515s] -- Check for working C compiler: /usr/bin/cc - skipped
[0.515s] -- Detecting C compile features
[0.515s] -- Detecting C compile features - done
[0.518s] -- Detecting CXX compiler ABI info
[0.681s] -- Detecting CXX compiler ABI info - done
[0.687s] -- Check for working CXX compiler: /usr/bin/c++ - skipped
[0.687s] -- Detecting CXX compile features
[0.688s] -- Detecting CXX compile features - done
[0.692s] -- Found moveit_common: 2.5.5 (/home/thisum/my_ws/src/install/moveit_common/share/moveit_common/cmake)
[0.707s] -- Found ament_cmake: 1.3.9 (/opt/ros/humble/share/ament_cmake/cmake)
[0.951s] -- Found Python3: /usr/bin/python3 (found version "3.10.12") found components: Interpreter 
[1.322s] -- Found libdw: /usr/lib/x86_64-linux-gnu/libdw.so  
[1.332s] -- Could NOT find libbfd (missing: LIBBFD_LIBRARY LIBBFD_INCLUDE_DIR) 
[1.333s] -- BACKWARD_HAS_UNWIND=1
[1.333s] -- BACKWARD_HAS_BACKTRACE=0
[1.333s] -- BACKWARD_HAS_BACKTRACE_SYMBOL=0
[1.333s] -- BACKWARD_HAS_DW=1
[1.333s] -- BACKWARD_HAS_BFD=0
[1.333s] -- Found Backward: /opt/ros/humble/share/backward_ros/cmake  
[1.352s] -- Found ament_cmake_ros: 0.10.0 (/opt/ros/humble/share/ament_cmake_ros/cmake)
[1.395s] -- Found moveit_setup_framework: 2.5.5 (/home/thisum/my_ws/src/install/moveit_setup_framework/share/moveit_setup_framework/cmake)
[1.589s] -- Found rosidl_generator_c: 3.1.5 (/opt/ros/humble/share/rosidl_generator_c/cmake)
[1.617s] -- Found rosidl_adapter: 3.1.5 (/opt/ros/humble/share/rosidl_adapter/cmake)
[1.651s] -- Found rosidl_generator_cpp: 3.1.5 (/opt/ros/humble/share/rosidl_generator_cpp/cmake)
[1.691s] -- Using all available rosidl_typesupport_c: rosidl_typesupport_fastrtps_c;rosidl_typesupport_introspection_c
[1.751s] -- Using all available rosidl_typesupport_cpp: rosidl_typesupport_fastrtps_cpp;rosidl_typesupport_introspection_cpp
[1.947s] -- Found rmw_implementation_cmake: 6.1.2 (/opt/ros/humble/share/rmw_implementation_cmake/cmake)
[1.972s] -- Found rmw_fastrtps_cpp: 6.2.6 (/opt/ros/humble/share/rmw_fastrtps_cpp/cmake)
[2.261s] -- Found OpenSSL: /usr/lib/x86_64-linux-gnu/libcrypto.so (found version "3.0.2")  
[2.311s] -- Found FastRTPS: /opt/ros/humble/include  
[2.404s] -- Using RMW implementation 'rmw_fastrtps_cpp' as default
[2.458s] -- Looking for pthread.h
[2.652s] -- Looking for pthread.h - found
[2.652s] -- Performing Test CMAKE_HAVE_LIBC_PTHREAD
[2.850s] -- Performing Test CMAKE_HAVE_LIBC_PTHREAD - Success
[2.850s] -- Found Threads: TRUE  
[3.308s] -- Found Boost: /usr/lib/x86_64-linux-gnu/cmake/Boost-1.74.0/BoostConfig.cmake (found version "1.74.0") found components: chrono date_time filesystem iostreams program_options regex serialization system thread 
[3.486s] -- Found parameter_traits: 0.3.8 (/opt/ros/humble/share/parameter_traits/cmake)
[3.547s] -- Found Eigen3: TRUE (found version "3.4.0") 
[3.566s] -- Found rclcpp_lifecycle: 16.0.9 (/opt/ros/humble/share/rclcpp_lifecycle/cmake)
[3.649s] -- Found Boost: /usr/lib/x86_64-linux-gnu/cmake/Boost-1.74.0/BoostConfig.cmake (found version "1.74.0") found components: filesystem 
[3.996s] -- library: /usr/lib/x86_64-linux-gnu/libcurl.so
[4.394s] -- Ensuring Eigen3 include directory is part of orocos-kdl CMake target
[5.879s] -- Found Boost: /usr/lib/x86_64-linux-gnu/cmake/Boost-1.74.0/BoostConfig.cmake (found version "1.74.0") found components: system filesystem date_time program_options thread chrono 
[6.410s] -- Found Boost: /usr/lib/x86_64-linux-gnu/cmake/Boost-1.74.0/BoostConfig.cmake (found version "1.74.0") found components: thread date_time system filesystem 
[6.500s] -- Found Boost: /usr/lib/x86_64-linux-gnu/cmake/Boost-1.74.0/BoostConfig.cmake (found version "1.74.0") found components: date_time filesystem program_options system thread 
[6.690s] -- Found Boost: /usr/lib/x86_64-linux-gnu/cmake/Boost-1.74.0/BoostConfig.cmake (found version "1.74.0") found components: thread system filesystem regex date_time program_options 
[6.939s] -- Found Boost: /usr/lib/x86_64-linux-gnu/cmake/Boost-1.74.0/BoostConfig.cmake (found version "1.74.0") found components: system filesystem date_time program_options thread 
[8.100s] -- Setting OGRE_DIR to: '/opt/ros/humble/share/rviz_ogre_vendor/cmake/../../../opt/rviz_ogre_vendor/lib/OGRE/cmake'
[8.101s] -- Found OGRE
[8.101s] --   static     : OFF
[8.101s] --   components : HLMS;MeshLodGenerator;Overlay;Paging;Property;RTShaderSystem;Terrain;Volume
[8.102s] --   plugins    : Plugin_BSPSceneManager;Plugin_OctreeSceneManager;Plugin_PCZSceneManager;Plugin_ParticleFX;RenderSystem_GL;RenderSystem_GL3Plus;Codec_STBI
[8.102s] --   media      : /opt/ros/humble/opt/rviz_ogre_vendor/share/OGRE/Media
[8.102s] -- OGRE_LIBRARIES: OgreHLMS;OgreMeshLodGenerator;OgreOverlay;OgrePaging;OgreProperty;OgreRTShaderSystem;OgreTerrain;OgreVolume;OgreMain
[8.102s] -- OGRE_LIBRARY_DIRS: /opt/ros/humble/opt/rviz_ogre_vendor/lib
[8.102s] -- OGRE_PLUGINS: Plugin_BSPSceneManager;Plugin_OctreeSceneManager;Plugin_PCZSceneManager;Plugin_ParticleFX;RenderSystem_GL;RenderSystem_GL3Plus;Codec_STBI
[8.102s] -- OGRE_PLUGIN_DIR: /opt/ros/humble/opt/rviz_ogre_vendor/lib/OGRE
[8.102s] -- rviz_ogre_vendor::OgreOverlay for IMPORTED_LOCATION_RELEASE: /opt/ros/humble/opt/rviz_ogre_vendor/lib/libOgreOverlay.so
[8.102s] -- rviz_ogre_vendor::OgreOverlay for IMPORTED_LOCATION_DEBUG: /opt/ros/humble/opt/rviz_ogre_vendor/lib/libOgreOverlay.so
[8.102s] -- rviz_ogre_vendor::OgreMain for IMPORTED_LOCATION_RELEASE: /opt/ros/humble/opt/rviz_ogre_vendor/lib/libOgreMain.so
[8.102s] -- rviz_ogre_vendor::OgreMain for IMPORTED_LOCATION_DEBUG: /opt/ros/humble/opt/rviz_ogre_vendor/lib/libOgreMain.so
[8.154s] -- Found ZLIB: /usr/lib/x86_64-linux-gnu/libz.so (found version "1.2.11") 
[8.165s] -- Found OpenGL: /usr/lib/x86_64-linux-gnu/libOpenGL.so   
[8.414s] -- Found X11: /usr/include   
[8.415s] -- Looking for XOpenDisplay in /usr/lib/x86_64-linux-gnu/libX11.so;/usr/lib/x86_64-linux-gnu/libXext.so
[8.604s] -- Looking for XOpenDisplay in /usr/lib/x86_64-linux-gnu/libX11.so;/usr/lib/x86_64-linux-gnu/libXext.so - found
[8.604s] -- Looking for gethostbyname
[8.791s] -- Looking for gethostbyname - found
[8.791s] -- Looking for connect
[8.977s] -- Looking for connect - found
[8.977s] -- Looking for remove
[9.153s] -- Looking for remove - found
[9.153s] -- Looking for shmat
[9.353s] -- Looking for shmat - found
[9.353s] -- Looking for IceConnectionNumber in ICE
[9.534s] -- Looking for IceConnectionNumber in ICE - found
[9.539s] -- rviz_ogre_vendor::RenderSystem_GL for IMPORTED_LOCATION_RELEASE: _render_system_gl_static_library_abs-NOTFOUND
[9.540s] -- rviz_ogre_vendor::RenderSystem_GL for IMPORTED_LOCATION_DEBUG: _render_system_gl_static_library_abs-NOTFOUND
[10.434s] -- Found ament_lint_auto: 0.12.11 (/opt/ros/humble/share/ament_lint_auto/cmake)
[10.512s] -- Found gtest sources under '/opt/ros/humble/src/gtest_vendor': C++ tests using 'Google Test' will be built
[10.527s] -- Added test 'lint_cmake' to check CMake code style
[10.529s] -- Added test 'xmllint' to check XML markup files
[10.536s] -- Configuring done
[10.647s] -- Generating done
[10.655s] -- Build files have been written to: /home/thisum/my_ws/src/build/moveit_setup_srdf_plugins
[10.678s] Invoked command in '/home/thisum/my_ws/src/build/moveit_setup_srdf_plugins' returned '0': AMENT_PREFIX_PATH=/home/thisum/my_ws/src/install/moveit_setup_framework:/home/thisum/my_ws/src/install/moveit_ros_visualization:/home/thisum/my_ws/src/install/moveit_ros_planning_interface:/home/thisum/my_ws/src/install/moveit_ros_move_group:/home/thisum/my_ws/src/install/moveit_ros_warehouse:/home/thisum/my_ws/src/install/moveit_ros_robot_interaction:/home/thisum/my_ws/src/install/moveit_planners_ompl:/home/thisum/my_ws/src/install/moveit_kinematics:/home/thisum/my_ws/src/install/moveit_ros_planning:/home/thisum/my_ws/src/install/moveit_simple_controller_manager:/home/thisum/my_ws/src/install/moveit_ros_occupancy_map_monitor:/home/thisum/my_ws/src/install/moveit_core:/home/thisum/my_ws/src/install/moveit_resources_panda_moveit_config:/home/thisum/my_ws/src/install/moveit_resources_fanuc_moveit_config:/home/thisum/my_ws/src/install/moveit_configs_utils:/home/thisum/my_ws/src/install/srdfdom:/home/thisum/my_ws/src/install/moveit_resources_pr2_description:/home/thisum/my_ws/src/install/moveit_resources_panda_description:/home/thisum/my_ws/src/install/moveit_resources_fanuc_description:/home/thisum/my_ws/src/install/moveit_common:/home/thisum/my_ws/src/install/launch_param_builder:${AMENT_PREFIX_PATH} CMAKE_PREFIX_PATH=/home/thisum/my_ws/src/install/moveit_setup_framework:/home/thisum/my_ws/src/install/moveit_ros_visualization:/home/thisum/my_ws/src/install/moveit_ros_planning_interface:/home/thisum/my_ws/src/install/moveit_ros_move_group:/home/thisum/my_ws/src/install/moveit_ros_warehouse:/home/thisum/my_ws/src/install/moveit_ros_robot_interaction:/home/thisum/my_ws/src/install/moveit_planners_ompl:/home/thisum/my_ws/src/install/moveit_kinematics:/home/thisum/my_ws/src/install/moveit_ros_planning:/home/thisum/my_ws/src/install/moveit_simple_controller_manager:/home/thisum/my_ws/src/install/moveit_ros_occupancy_map_monitor:/home/thisum/my_ws/src/install/moveit_core:/home/thisum/my_ws/src/install/moveit_resources_panda_moveit_config:/home/thisum/my_ws/src/install/moveit_resources_fanuc_moveit_config:/home/thisum/my_ws/src/install/srdfdom:/home/thisum/my_ws/src/install/moveit_resources_pr2_description:/home/thisum/my_ws/src/install/moveit_resources_panda_description:/home/thisum/my_ws/src/install/moveit_resources_fanuc_description:/home/thisum/my_ws/src/install/moveit_common:/home/thisum/my_ws/install/pilz_industrial_motion_planner_testutils:/home/thisum/my_ws/install/moveit_runtime:/home/thisum/my_ws/install/moveit2_tutorials:/home/thisum/my_ws/install/moveit:/home/thisum/my_ws/install/arm_config:/home/thisum/my_ws/install/moveit_planners:/home/thisum/my_ws/install/pilz_industrial_motion_planner:/home/thisum/my_ws/install/moveit_visual_tools:/home/thisum/my_ws/install/moveit_task_constructor_visualization:/home/thisum/my_ws/install/moveit_task_constructor_demo:/home/thisum/my_ws/install/moveit_task_constructor_capabilities:/home/thisum/my_ws/install/moveit_task_constructor_core:/home/thisum/my_ws/install/moveit_ros_control_interface:/home/thisum/my_ws/install/moveit_plugins:/home/thisum/my_ws/install/moveit_simple_controller_manager:/home/thisum/my_ws/install/moveit_setup_assistant:/home/thisum/my_ws/install/moveit_setup_srdf_plugins:/home/thisum/my_ws/install/moveit_setup_core_plugins:/home/thisum/my_ws/install/moveit_setup_controllers:/home/thisum/my_ws/install/moveit_setup_app_plugins:/home/thisum/my_ws/install/moveit_setup_framework:/home/thisum/my_ws/install/moveit_servo:/home/thisum/my_ws/install/moveit_ros:/home/thisum/my_ws/install/moveit_ros_visualization:/home/thisum/my_ws/install/moveit_hybrid_planning:/home/thisum/my_ws/install/moveit_ros_planning_interface:/home/thisum/my_ws/install/moveit_ros_benchmarks:/home/thisum/my_ws/install/moveit_ros_warehouse:/home/thisum/my_ws/install/moveit_ros_robot_interaction:/home/thisum/my_ws/install/moveit_ros_perception:/home/thisum/my_ws/install/moveit_resources_prbt_pg70_support:/home/thisum/my_ws/install/moveit_resources_prbt_moveit_config:/home/thisum/my_ws/install/moveit_ros_move_group:/home/thisum/my_ws/install/moveit_planners_ompl:/home/thisum/my_ws/install/moveit_ros_planning:/home/thisum/my_ws/install/moveit_ros_occupancy_map_monitor:/home/thisum/my_ws/install/moveit_resources_prbt_ikfast_manipulator_plugin:/home/thisum/my_ws/install/moveit_planners_chomp:/home/thisum/my_ws/install/moveit_kinematics:/home/thisum/my_ws/install/moveit_chomp_optimizer_adapter:/home/thisum/my_ws/install/chomp_motion_planner:/home/thisum/my_ws/install/moveit_core:/home/thisum/my_ws/install/srdfdom:/home/thisum/my_ws/install/rviz_marker_tools:/home/thisum/my_ws/install/rosparam_shortcuts:/home/thisum/my_ws/install/new_full_arm:/home/thisum/my_ws/install/moveit_task_constructor_msgs:/home/thisum/my_ws/install/moveit_resources_prbt_support:/home/thisum/my_ws/install/moveit_resources:/home/thisum/my_ws/install/moveit_resources_pr2_description:/home/thisum/my_ws/install/moveit_resources_panda_moveit_config:/home/thisum/my_ws/install/moveit_resources_panda_description:/home/thisum/my_ws/install/moveit_resources_fanuc_moveit_config:/home/thisum/my_ws/install/moveit_resources_fanuc_description:/home/thisum/my_ws/install/moveit_common:/home/thisum/arm_ws/install/x:/home/thisum/arm_ws/install/robotiq_description:/home/thisum/arm_ws/install/robotiq_controllers:/home/thisum/arm_ws/install/arm_config:/home/thisum/my_ws/install/moveit_configs_utils:/home/thisum/my_ws/install/launch_param_builder:/home/thisum/arm_ws/install/moveit_configs_utils:/opt/ros/humble:/home/thisum/arm_ws/install/new_full_arm:/home/thisum/arm_ws/install/moveit_resources_prbt_support:/home/thisum/arm_ws/install/moveit_resources_pr2_description:/home/thisum/arm_ws/install/moveit_resources_panda_description:/home/thisum/arm_ws/install/moveit_resources_fanuc_description:/home/thisum/arm_ws/install/moveit_msgs:/home/thisum/arm_ws/install/moveit_common:/home/thisum/arm_ws/install/kortex_api LD_LIBRARY_PATH=/home/thisum/my_ws/src/install/moveit_setup_framework/lib:/home/thisum/my_ws/src/install/moveit_ros_visualization/lib:/home/thisum/my_ws/src/install/moveit_ros_planning_interface/lib:/home/thisum/my_ws/src/install/moveit_ros_move_group/lib:/home/thisum/my_ws/src/install/moveit_ros_warehouse/lib:/home/thisum/my_ws/src/install/moveit_ros_robot_interaction/lib:/home/thisum/my_ws/src/install/moveit_planners_ompl/lib:/home/thisum/my_ws/src/install/moveit_kinematics/lib:/home/thisum/my_ws/src/install/moveit_ros_planning/lib:/home/thisum/my_ws/src/install/moveit_simple_controller_manager/lib:/home/thisum/my_ws/src/install/moveit_ros_occupancy_map_monitor/lib:/home/thisum/my_ws/src/install/moveit_core/lib:/home/thisum/my_ws/src/install/srdfdom/lib:${LD_LIBRARY_PATH} PATH=/home/thisum/my_ws/src/install/moveit_core/bin:${PATH} PYTHONPATH=/home/thisum/my_ws/src/install/moveit_configs_utils/lib/python3.10/site-packages:/home/thisum/my_ws/src/install/srdfdom/local/lib/python3.10/dist-packages:/home/thisum/my_ws/src/install/launch_param_builder/lib/python3.10/site-packages:${PYTHONPATH} /usr/bin/cmake /home/thisum/my_ws/src/moveit2/moveit_setup_assistant/moveit_setup_srdf_plugins -DCMAKE_BUILD_TYPE=Release -DCMAKE_INSTALL_PREFIX=/home/thisum/my_ws/src/install/moveit_setup_srdf_plugins
[10.681s] Invoking command in '/home/thisum/my_ws/src/build/moveit_setup_srdf_plugins': AMENT_PREFIX_PATH=/home/thisum/my_ws/src/install/moveit_setup_framework:/home/thisum/my_ws/src/install/moveit_ros_visualization:/home/thisum/my_ws/src/install/moveit_ros_planning_interface:/home/thisum/my_ws/src/install/moveit_ros_move_group:/home/thisum/my_ws/src/install/moveit_ros_warehouse:/home/thisum/my_ws/src/install/moveit_ros_robot_interaction:/home/thisum/my_ws/src/install/moveit_planners_ompl:/home/thisum/my_ws/src/install/moveit_kinematics:/home/thisum/my_ws/src/install/moveit_ros_planning:/home/thisum/my_ws/src/install/moveit_simple_controller_manager:/home/thisum/my_ws/src/install/moveit_ros_occupancy_map_monitor:/home/thisum/my_ws/src/install/moveit_core:/home/thisum/my_ws/src/install/moveit_resources_panda_moveit_config:/home/thisum/my_ws/src/install/moveit_resources_fanuc_moveit_config:/home/thisum/my_ws/src/install/moveit_configs_utils:/home/thisum/my_ws/src/install/srdfdom:/home/thisum/my_ws/src/install/moveit_resources_pr2_description:/home/thisum/my_ws/src/install/moveit_resources_panda_description:/home/thisum/my_ws/src/install/moveit_resources_fanuc_description:/home/thisum/my_ws/src/install/moveit_common:/home/thisum/my_ws/src/install/launch_param_builder:${AMENT_PREFIX_PATH} CMAKE_PREFIX_PATH=/home/thisum/my_ws/src/install/moveit_setup_framework:/home/thisum/my_ws/src/install/moveit_ros_visualization:/home/thisum/my_ws/src/install/moveit_ros_planning_interface:/home/thisum/my_ws/src/install/moveit_ros_move_group:/home/thisum/my_ws/src/install/moveit_ros_warehouse:/home/thisum/my_ws/src/install/moveit_ros_robot_interaction:/home/thisum/my_ws/src/install/moveit_planners_ompl:/home/thisum/my_ws/src/install/moveit_kinematics:/home/thisum/my_ws/src/install/moveit_ros_planning:/home/thisum/my_ws/src/install/moveit_simple_controller_manager:/home/thisum/my_ws/src/install/moveit_ros_occupancy_map_monitor:/home/thisum/my_ws/src/install/moveit_core:/home/thisum/my_ws/src/install/moveit_resources_panda_moveit_config:/home/thisum/my_ws/src/install/moveit_resources_fanuc_moveit_config:/home/thisum/my_ws/src/install/srdfdom:/home/thisum/my_ws/src/install/moveit_resources_pr2_description:/home/thisum/my_ws/src/install/moveit_resources_panda_description:/home/thisum/my_ws/src/install/moveit_resources_fanuc_description:/home/thisum/my_ws/src/install/moveit_common:/home/thisum/my_ws/install/pilz_industrial_motion_planner_testutils:/home/thisum/my_ws/install/moveit_runtime:/home/thisum/my_ws/install/moveit2_tutorials:/home/thisum/my_ws/install/moveit:/home/thisum/my_ws/install/arm_config:/home/thisum/my_ws/install/moveit_planners:/home/thisum/my_ws/install/pilz_industrial_motion_planner:/home/thisum/my_ws/install/moveit_visual_tools:/home/thisum/my_ws/install/moveit_task_constructor_visualization:/home/thisum/my_ws/install/moveit_task_constructor_demo:/home/thisum/my_ws/install/moveit_task_constructor_capabilities:/home/thisum/my_ws/install/moveit_task_constructor_core:/home/thisum/my_ws/install/moveit_ros_control_interface:/home/thisum/my_ws/install/moveit_plugins:/home/thisum/my_ws/install/moveit_simple_controller_manager:/home/thisum/my_ws/install/moveit_setup_assistant:/home/thisum/my_ws/install/moveit_setup_srdf_plugins:/home/thisum/my_ws/install/moveit_setup_core_plugins:/home/thisum/my_ws/install/moveit_setup_controllers:/home/thisum/my_ws/install/moveit_setup_app_plugins:/home/thisum/my_ws/install/moveit_setup_framework:/home/thisum/my_ws/install/moveit_servo:/home/thisum/my_ws/install/moveit_ros:/home/thisum/my_ws/install/moveit_ros_visualization:/home/thisum/my_ws/install/moveit_hybrid_planning:/home/thisum/my_ws/install/moveit_ros_planning_interface:/home/thisum/my_ws/install/moveit_ros_benchmarks:/home/thisum/my_ws/install/moveit_ros_warehouse:/home/thisum/my_ws/install/moveit_ros_robot_interaction:/home/thisum/my_ws/install/moveit_ros_perception:/home/thisum/my_ws/install/moveit_resources_prbt_pg70_support:/home/thisum/my_ws/install/moveit_resources_prbt_moveit_config:/home/thisum/my_ws/install/moveit_ros_move_group:/home/thisum/my_ws/install/moveit_planners_ompl:/home/thisum/my_ws/install/moveit_ros_planning:/home/thisum/my_ws/install/moveit_ros_occupancy_map_monitor:/home/thisum/my_ws/install/moveit_resources_prbt_ikfast_manipulator_plugin:/home/thisum/my_ws/install/moveit_planners_chomp:/home/thisum/my_ws/install/moveit_kinematics:/home/thisum/my_ws/install/moveit_chomp_optimizer_adapter:/home/thisum/my_ws/install/chomp_motion_planner:/home/thisum/my_ws/install/moveit_core:/home/thisum/my_ws/install/srdfdom:/home/thisum/my_ws/install/rviz_marker_tools:/home/thisum/my_ws/install/rosparam_shortcuts:/home/thisum/my_ws/install/new_full_arm:/home/thisum/my_ws/install/moveit_task_constructor_msgs:/home/thisum/my_ws/install/moveit_resources_prbt_support:/home/thisum/my_ws/install/moveit_resources:/home/thisum/my_ws/install/moveit_resources_pr2_description:/home/thisum/my_ws/install/moveit_resources_panda_moveit_config:/home/thisum/my_ws/install/moveit_resources_panda_description:/home/thisum/my_ws/install/moveit_resources_fanuc_moveit_config:/home/thisum/my_ws/install/moveit_resources_fanuc_description:/home/thisum/my_ws/install/moveit_common:/home/thisum/arm_ws/install/x:/home/thisum/arm_ws/install/robotiq_description:/home/thisum/arm_ws/install/robotiq_controllers:/home/thisum/arm_ws/install/arm_config:/home/thisum/my_ws/install/moveit_configs_utils:/home/thisum/my_ws/install/launch_param_builder:/home/thisum/arm_ws/install/moveit_configs_utils:/opt/ros/humble:/home/thisum/arm_ws/install/new_full_arm:/home/thisum/arm_ws/install/moveit_resources_prbt_support:/home/thisum/arm_ws/install/moveit_resources_pr2_description:/home/thisum/arm_ws/install/moveit_resources_panda_description:/home/thisum/arm_ws/install/moveit_resources_fanuc_description:/home/thisum/arm_ws/install/moveit_msgs:/home/thisum/arm_ws/install/moveit_common:/home/thisum/arm_ws/install/kortex_api LD_LIBRARY_PATH=/home/thisum/my_ws/src/install/moveit_setup_framework/lib:/home/thisum/my_ws/src/install/moveit_ros_visualization/lib:/home/thisum/my_ws/src/install/moveit_ros_planning_interface/lib:/home/thisum/my_ws/src/install/moveit_ros_move_group/lib:/home/thisum/my_ws/src/install/moveit_ros_warehouse/lib:/home/thisum/my_ws/src/install/moveit_ros_robot_interaction/lib:/home/thisum/my_ws/src/install/moveit_planners_ompl/lib:/home/thisum/my_ws/src/install/moveit_kinematics/lib:/home/thisum/my_ws/src/install/moveit_ros_planning/lib:/home/thisum/my_ws/src/install/moveit_simple_controller_manager/lib:/home/thisum/my_ws/src/install/moveit_ros_occupancy_map_monitor/lib:/home/thisum/my_ws/src/install/moveit_core/lib:/home/thisum/my_ws/src/install/srdfdom/lib:${LD_LIBRARY_PATH} PATH=/home/thisum/my_ws/src/install/moveit_core/bin:${PATH} PYTHONPATH=/home/thisum/my_ws/src/install/moveit_configs_utils/lib/python3.10/site-packages:/home/thisum/my_ws/src/install/srdfdom/local/lib/python3.10/dist-packages:/home/thisum/my_ws/src/install/launch_param_builder/lib/python3.10/site-packages:${PYTHONPATH} /usr/bin/cmake --build /home/thisum/my_ws/src/build/moveit_setup_srdf_plugins -- -j6 -l6
[10.795s] [  2%] [34m[1mGenerating include/moveit_setup_srdf_plugins/moc_virtual_joints_widget.cpp[0m
[10.796s] [  4%] [34m[1mGenerating include/moveit_setup_srdf_plugins/moc_default_collisions_widget.cpp[0m
[10.798s] [  6%] [34m[1mGenerating include/moveit_setup_srdf_plugins/moc_collision_linear_model.cpp[0m
[10.798s] [  8%] [34m[1mGenerating include/moveit_setup_srdf_plugins/moc_collision_matrix_model.cpp[0m
[10.826s] [ 12%] [32mBuilding CXX object gtest/CMakeFiles/gtest.dir/src/gtest-all.cc.o[0m
[10.826s] [ 12%] [32mBuilding CXX object gtest/CMakeFiles/gtest_main.dir/src/gtest_main.cc.o[0m
[10.835s] [ 14%] [34m[1mGenerating include/moveit_setup_srdf_plugins/moc_group_edit_widget.cpp[0m
[10.835s] [ 16%] [34m[1mGenerating include/moveit_setup_srdf_plugins/moc_kinematic_chain_widget.cpp[0m
[10.835s] [ 18%] [34m[1mGenerating include/moveit_setup_srdf_plugins/moc_end_effectors_widget.cpp[0m
[10.850s] [ 20%] [34m[1mGenerating include/moveit_setup_srdf_plugins/moc_passive_joints_widget.cpp[0m
[10.878s] [ 22%] [34m[1mGenerating include/moveit_setup_srdf_plugins/moc_planning_groups_widget.cpp[0m
[10.888s] [ 25%] [34m[1mGenerating include/moveit_setup_srdf_plugins/moc_robot_poses_widget.cpp[0m
[10.895s] [ 27%] [34m[1mGenerating include/moveit_setup_srdf_plugins/moc_rotated_header_view.cpp[0m
[10.906s] /home/thisum/my_ws/src/moveit2/moveit_setup_assistant/moveit_setup_srdf_plugins/include/moveit_setup_srdf_plugins/rotated_header_view.hpp:0: Note: No relevant classes found. No output generated.
[10.958s] [ 31%] [32mBuilding CXX object CMakeFiles/moveit_setup_srdf_plugins.dir/src/compute_default_collisions.cpp.o[0m
[10.958s] [ 31%] [32mBuilding CXX object CMakeFiles/moveit_setup_srdf_plugins.dir/src/collision_linear_model.cpp.o[0m
[10.960s] [ 33%] [32mBuilding CXX object CMakeFiles/moveit_setup_srdf_plugins.dir/src/collision_matrix_model.cpp.o[0m
[10.960s] [ 35%] [32mBuilding CXX object CMakeFiles/moveit_setup_srdf_plugins.dir/src/default_collisions.cpp.o[0m
[11.913s] [ 37%] [32m[1mLinking CXX static library libgtest_main.a[0m
[12.155s] [ 37%] Built target gtest_main
[12.181s] [ 39%] [32mBuilding CXX object CMakeFiles/moveit_setup_srdf_plugins.dir/src/default_collisions_widget.cpp.o[0m
[13.126s] [ 41%] [32mBuilding CXX object CMakeFiles/moveit_setup_srdf_plugins.dir/src/end_effectors.cpp.o[0m
[14.542s] [ 43%] [32mBuilding CXX object CMakeFiles/moveit_setup_srdf_plugins.dir/src/end_effectors_widget.cpp.o[0m
[19.744s] [ 45%] [32m[1mLinking CXX static library libgtest.a[0m
[19.939s] [ 45%] Built target gtest
[19.965s] [ 47%] [32mBuilding CXX object CMakeFiles/moveit_setup_srdf_plugins.dir/src/group_edit_widget.cpp.o[0m
[24.698s] [ 50%] [32mBuilding CXX object CMakeFiles/moveit_setup_srdf_plugins.dir/src/group_meta_config.cpp.o[0m
[25.444s] [ 52%] [32mBuilding CXX object CMakeFiles/moveit_setup_srdf_plugins.dir/src/kinematic_chain_widget.cpp.o[0m
[40.447s] [ 54%] [32mBuilding CXX object CMakeFiles/moveit_setup_srdf_plugins.dir/src/robot_poses.cpp.o[0m
[48.483s] [ 56%] [32mBuilding CXX object CMakeFiles/moveit_setup_srdf_plugins.dir/src/planning_groups_widget.cpp.o[0m
[48.483s] [ 58%] [32mBuilding CXX object CMakeFiles/moveit_setup_srdf_plugins.dir/src/robot_poses_widget.cpp.o[0m
[48.513s] [ 60%] [32mBuilding CXX object CMakeFiles/moveit_setup_srdf_plugins.dir/src/planning_groups.cpp.o[0m
[49.542s] [ 62%] [32mBuilding CXX object CMakeFiles/moveit_setup_srdf_plugins.dir/src/passive_joints_widget.cpp.o[0m
[51.231s] [ 64%] [32mBuilding CXX object CMakeFiles/moveit_setup_srdf_plugins.dir/src/passive_joints.cpp.o[0m
[53.221s] [ 66%] [32mBuilding CXX object CMakeFiles/moveit_setup_srdf_plugins.dir/src/rotated_header_view.cpp.o[0m
[56.091s] [ 68%] [32mBuilding CXX object CMakeFiles/moveit_setup_srdf_plugins.dir/src/virtual_joints.cpp.o[0m
[62.826s] [ 70%] [32mBuilding CXX object CMakeFiles/moveit_setup_srdf_plugins.dir/src/virtual_joints_widget.cpp.o[0m
[66.603s] [ 72%] [32mBuilding CXX object CMakeFiles/moveit_setup_srdf_plugins.dir/include/moveit_setup_srdf_plugins/moc_collision_linear_model.cpp.o[0m
[66.664s] [ 75%] [32mBuilding CXX object CMakeFiles/moveit_setup_srdf_plugins.dir/include/moveit_setup_srdf_plugins/moc_collision_matrix_model.cpp.o[0m
[67.335s] [ 77%] [32mBuilding CXX object CMakeFiles/moveit_setup_srdf_plugins.dir/include/moveit_setup_srdf_plugins/moc_default_collisions_widget.cpp.o[0m
[78.071s] [ 79%] [32mBuilding CXX object CMakeFiles/moveit_setup_srdf_plugins.dir/include/moveit_setup_srdf_plugins/moc_passive_joints_widget.cpp.o[0m
[78.959s] [ 81%] [32mBuilding CXX object CMakeFiles/moveit_setup_srdf_plugins.dir/include/moveit_setup_srdf_plugins/moc_kinematic_chain_widget.cpp.o[0m
[79.998s] [ 83%] [32mBuilding CXX object CMakeFiles/moveit_setup_srdf_plugins.dir/include/moveit_setup_srdf_plugins/moc_planning_groups_widget.cpp.o[0m
[81.236s] [ 85%] [32mBuilding CXX object CMakeFiles/moveit_setup_srdf_plugins.dir/include/moveit_setup_srdf_plugins/moc_group_edit_widget.cpp.o[0m
[82.290s] [ 87%] [32mBuilding CXX object CMakeFiles/moveit_setup_srdf_plugins.dir/include/moveit_setup_srdf_plugins/moc_end_effectors_widget.cpp.o[0m
[84.097s] [ 89%] [32mBuilding CXX object CMakeFiles/moveit_setup_srdf_plugins.dir/include/moveit_setup_srdf_plugins/moc_robot_poses_widget.cpp.o[0m
[100.196s] [ 91%] [32mBuilding CXX object CMakeFiles/moveit_setup_srdf_plugins.dir/include/moveit_setup_srdf_plugins/moc_virtual_joints_widget.cpp.o[0m
[113.910s] [ 93%] [32mBuilding CXX object CMakeFiles/moveit_setup_srdf_plugins.dir/include/moveit_setup_srdf_plugins/moc_rotated_header_view.cpp.o[0m
[113.958s] [ 95%] [32m[1mLinking CXX shared library libmoveit_setup_srdf_plugins.so[0m
[114.807s] [ 95%] Built target moveit_setup_srdf_plugins
[114.863s] [ 97%] [32mBuilding CXX object CMakeFiles/test_srdf.dir/test/test_srdf.cpp.o[0m
[129.790s] [100%] [32m[1mLinking CXX executable test_srdf[0m
[130.626s] [100%] Built target test_srdf
[130.654s] Invoked command in '/home/thisum/my_ws/src/build/moveit_setup_srdf_plugins' returned '0': AMENT_PREFIX_PATH=/home/thisum/my_ws/src/install/moveit_setup_framework:/home/thisum/my_ws/src/install/moveit_ros_visualization:/home/thisum/my_ws/src/install/moveit_ros_planning_interface:/home/thisum/my_ws/src/install/moveit_ros_move_group:/home/thisum/my_ws/src/install/moveit_ros_warehouse:/home/thisum/my_ws/src/install/moveit_ros_robot_interaction:/home/thisum/my_ws/src/install/moveit_planners_ompl:/home/thisum/my_ws/src/install/moveit_kinematics:/home/thisum/my_ws/src/install/moveit_ros_planning:/home/thisum/my_ws/src/install/moveit_simple_controller_manager:/home/thisum/my_ws/src/install/moveit_ros_occupancy_map_monitor:/home/thisum/my_ws/src/install/moveit_core:/home/thisum/my_ws/src/install/moveit_resources_panda_moveit_config:/home/thisum/my_ws/src/install/moveit_resources_fanuc_moveit_config:/home/thisum/my_ws/src/install/moveit_configs_utils:/home/thisum/my_ws/src/install/srdfdom:/home/thisum/my_ws/src/install/moveit_resources_pr2_description:/home/thisum/my_ws/src/install/moveit_resources_panda_description:/home/thisum/my_ws/src/install/moveit_resources_fanuc_description:/home/thisum/my_ws/src/install/moveit_common:/home/thisum/my_ws/src/install/launch_param_builder:${AMENT_PREFIX_PATH} CMAKE_PREFIX_PATH=/home/thisum/my_ws/src/install/moveit_setup_framework:/home/thisum/my_ws/src/install/moveit_ros_visualization:/home/thisum/my_ws/src/install/moveit_ros_planning_interface:/home/thisum/my_ws/src/install/moveit_ros_move_group:/home/thisum/my_ws/src/install/moveit_ros_warehouse:/home/thisum/my_ws/src/install/moveit_ros_robot_interaction:/home/thisum/my_ws/src/install/moveit_planners_ompl:/home/thisum/my_ws/src/install/moveit_kinematics:/home/thisum/my_ws/src/install/moveit_ros_planning:/home/thisum/my_ws/src/install/moveit_simple_controller_manager:/home/thisum/my_ws/src/install/moveit_ros_occupancy_map_monitor:/home/thisum/my_ws/src/install/moveit_core:/home/thisum/my_ws/src/install/moveit_resources_panda_moveit_config:/home/thisum/my_ws/src/install/moveit_resources_fanuc_moveit_config:/home/thisum/my_ws/src/install/srdfdom:/home/thisum/my_ws/src/install/moveit_resources_pr2_description:/home/thisum/my_ws/src/install/moveit_resources_panda_description:/home/thisum/my_ws/src/install/moveit_resources_fanuc_description:/home/thisum/my_ws/src/install/moveit_common:/home/thisum/my_ws/install/pilz_industrial_motion_planner_testutils:/home/thisum/my_ws/install/moveit_runtime:/home/thisum/my_ws/install/moveit2_tutorials:/home/thisum/my_ws/install/moveit:/home/thisum/my_ws/install/arm_config:/home/thisum/my_ws/install/moveit_planners:/home/thisum/my_ws/install/pilz_industrial_motion_planner:/home/thisum/my_ws/install/moveit_visual_tools:/home/thisum/my_ws/install/moveit_task_constructor_visualization:/home/thisum/my_ws/install/moveit_task_constructor_demo:/home/thisum/my_ws/install/moveit_task_constructor_capabilities:/home/thisum/my_ws/install/moveit_task_constructor_core:/home/thisum/my_ws/install/moveit_ros_control_interface:/home/thisum/my_ws/install/moveit_plugins:/home/thisum/my_ws/install/moveit_simple_controller_manager:/home/thisum/my_ws/install/moveit_setup_assistant:/home/thisum/my_ws/install/moveit_setup_srdf_plugins:/home/thisum/my_ws/install/moveit_setup_core_plugins:/home/thisum/my_ws/install/moveit_setup_controllers:/home/thisum/my_ws/install/moveit_setup_app_plugins:/home/thisum/my_ws/install/moveit_setup_framework:/home/thisum/my_ws/install/moveit_servo:/home/thisum/my_ws/install/moveit_ros:/home/thisum/my_ws/install/moveit_ros_visualization:/home/thisum/my_ws/install/moveit_hybrid_planning:/home/thisum/my_ws/install/moveit_ros_planning_interface:/home/thisum/my_ws/install/moveit_ros_benchmarks:/home/thisum/my_ws/install/moveit_ros_warehouse:/home/thisum/my_ws/install/moveit_ros_robot_interaction:/home/thisum/my_ws/install/moveit_ros_perception:/home/thisum/my_ws/install/moveit_resources_prbt_pg70_support:/home/thisum/my_ws/install/moveit_resources_prbt_moveit_config:/home/thisum/my_ws/install/moveit_ros_move_group:/home/thisum/my_ws/install/moveit_planners_ompl:/home/thisum/my_ws/install/moveit_ros_planning:/home/thisum/my_ws/install/moveit_ros_occupancy_map_monitor:/home/thisum/my_ws/install/moveit_resources_prbt_ikfast_manipulator_plugin:/home/thisum/my_ws/install/moveit_planners_chomp:/home/thisum/my_ws/install/moveit_kinematics:/home/thisum/my_ws/install/moveit_chomp_optimizer_adapter:/home/thisum/my_ws/install/chomp_motion_planner:/home/thisum/my_ws/install/moveit_core:/home/thisum/my_ws/install/srdfdom:/home/thisum/my_ws/install/rviz_marker_tools:/home/thisum/my_ws/install/rosparam_shortcuts:/home/thisum/my_ws/install/new_full_arm:/home/thisum/my_ws/install/moveit_task_constructor_msgs:/home/thisum/my_ws/install/moveit_resources_prbt_support:/home/thisum/my_ws/install/moveit_resources:/home/thisum/my_ws/install/moveit_resources_pr2_description:/home/thisum/my_ws/install/moveit_resources_panda_moveit_config:/home/thisum/my_ws/install/moveit_resources_panda_description:/home/thisum/my_ws/install/moveit_resources_fanuc_moveit_config:/home/thisum/my_ws/install/moveit_resources_fanuc_description:/home/thisum/my_ws/install/moveit_common:/home/thisum/arm_ws/install/x:/home/thisum/arm_ws/install/robotiq_description:/home/thisum/arm_ws/install/robotiq_controllers:/home/thisum/arm_ws/install/arm_config:/home/thisum/my_ws/install/moveit_configs_utils:/home/thisum/my_ws/install/launch_param_builder:/home/thisum/arm_ws/install/moveit_configs_utils:/opt/ros/humble:/home/thisum/arm_ws/install/new_full_arm:/home/thisum/arm_ws/install/moveit_resources_prbt_support:/home/thisum/arm_ws/install/moveit_resources_pr2_description:/home/thisum/arm_ws/install/moveit_resources_panda_description:/home/thisum/arm_ws/install/moveit_resources_fanuc_description:/home/thisum/arm_ws/install/moveit_msgs:/home/thisum/arm_ws/install/moveit_common:/home/thisum/arm_ws/install/kortex_api LD_LIBRARY_PATH=/home/thisum/my_ws/src/install/moveit_setup_framework/lib:/home/thisum/my_ws/src/install/moveit_ros_visualization/lib:/home/thisum/my_ws/src/install/moveit_ros_planning_interface/lib:/home/thisum/my_ws/src/install/moveit_ros_move_group/lib:/home/thisum/my_ws/src/install/moveit_ros_warehouse/lib:/home/thisum/my_ws/src/install/moveit_ros_robot_interaction/lib:/home/thisum/my_ws/src/install/moveit_planners_ompl/lib:/home/thisum/my_ws/src/install/moveit_kinematics/lib:/home/thisum/my_ws/src/install/moveit_ros_planning/lib:/home/thisum/my_ws/src/install/moveit_simple_controller_manager/lib:/home/thisum/my_ws/src/install/moveit_ros_occupancy_map_monitor/lib:/home/thisum/my_ws/src/install/moveit_core/lib:/home/thisum/my_ws/src/install/srdfdom/lib:${LD_LIBRARY_PATH} PATH=/home/thisum/my_ws/src/install/moveit_core/bin:${PATH} PYTHONPATH=/home/thisum/my_ws/src/install/moveit_configs_utils/lib/python3.10/site-packages:/home/thisum/my_ws/src/install/srdfdom/local/lib/python3.10/dist-packages:/home/thisum/my_ws/src/install/launch_param_builder/lib/python3.10/site-packages:${PYTHONPATH} /usr/bin/cmake --build /home/thisum/my_ws/src/build/moveit_setup_srdf_plugins -- -j6 -l6
[131.075s] Invoking command in '/home/thisum/my_ws/src/build/moveit_setup_srdf_plugins': AMENT_PREFIX_PATH=/home/thisum/my_ws/src/install/moveit_setup_framework:/home/thisum/my_ws/src/install/moveit_ros_visualization:/home/thisum/my_ws/src/install/moveit_ros_planning_interface:/home/thisum/my_ws/src/install/moveit_ros_move_group:/home/thisum/my_ws/src/install/moveit_ros_warehouse:/home/thisum/my_ws/src/install/moveit_ros_robot_interaction:/home/thisum/my_ws/src/install/moveit_planners_ompl:/home/thisum/my_ws/src/install/moveit_kinematics:/home/thisum/my_ws/src/install/moveit_ros_planning:/home/thisum/my_ws/src/install/moveit_simple_controller_manager:/home/thisum/my_ws/src/install/moveit_ros_occupancy_map_monitor:/home/thisum/my_ws/src/install/moveit_core:/home/thisum/my_ws/src/install/moveit_resources_panda_moveit_config:/home/thisum/my_ws/src/install/moveit_resources_fanuc_moveit_config:/home/thisum/my_ws/src/install/moveit_configs_utils:/home/thisum/my_ws/src/install/srdfdom:/home/thisum/my_ws/src/install/moveit_resources_pr2_description:/home/thisum/my_ws/src/install/moveit_resources_panda_description:/home/thisum/my_ws/src/install/moveit_resources_fanuc_description:/home/thisum/my_ws/src/install/moveit_common:/home/thisum/my_ws/src/install/launch_param_builder:${AMENT_PREFIX_PATH} CMAKE_PREFIX_PATH=/home/thisum/my_ws/src/install/moveit_setup_framework:/home/thisum/my_ws/src/install/moveit_ros_visualization:/home/thisum/my_ws/src/install/moveit_ros_planning_interface:/home/thisum/my_ws/src/install/moveit_ros_move_group:/home/thisum/my_ws/src/install/moveit_ros_warehouse:/home/thisum/my_ws/src/install/moveit_ros_robot_interaction:/home/thisum/my_ws/src/install/moveit_planners_ompl:/home/thisum/my_ws/src/install/moveit_kinematics:/home/thisum/my_ws/src/install/moveit_ros_planning:/home/thisum/my_ws/src/install/moveit_simple_controller_manager:/home/thisum/my_ws/src/install/moveit_ros_occupancy_map_monitor:/home/thisum/my_ws/src/install/moveit_core:/home/thisum/my_ws/src/install/moveit_resources_panda_moveit_config:/home/thisum/my_ws/src/install/moveit_resources_fanuc_moveit_config:/home/thisum/my_ws/src/install/srdfdom:/home/thisum/my_ws/src/install/moveit_resources_pr2_description:/home/thisum/my_ws/src/install/moveit_resources_panda_description:/home/thisum/my_ws/src/install/moveit_resources_fanuc_description:/home/thisum/my_ws/src/install/moveit_common:/home/thisum/my_ws/install/pilz_industrial_motion_planner_testutils:/home/thisum/my_ws/install/moveit_runtime:/home/thisum/my_ws/install/moveit2_tutorials:/home/thisum/my_ws/install/moveit:/home/thisum/my_ws/install/arm_config:/home/thisum/my_ws/install/moveit_planners:/home/thisum/my_ws/install/pilz_industrial_motion_planner:/home/thisum/my_ws/install/moveit_visual_tools:/home/thisum/my_ws/install/moveit_task_constructor_visualization:/home/thisum/my_ws/install/moveit_task_constructor_demo:/home/thisum/my_ws/install/moveit_task_constructor_capabilities:/home/thisum/my_ws/install/moveit_task_constructor_core:/home/thisum/my_ws/install/moveit_ros_control_interface:/home/thisum/my_ws/install/moveit_plugins:/home/thisum/my_ws/install/moveit_simple_controller_manager:/home/thisum/my_ws/install/moveit_setup_assistant:/home/thisum/my_ws/install/moveit_setup_srdf_plugins:/home/thisum/my_ws/install/moveit_setup_core_plugins:/home/thisum/my_ws/install/moveit_setup_controllers:/home/thisum/my_ws/install/moveit_setup_app_plugins:/home/thisum/my_ws/install/moveit_setup_framework:/home/thisum/my_ws/install/moveit_servo:/home/thisum/my_ws/install/moveit_ros:/home/thisum/my_ws/install/moveit_ros_visualization:/home/thisum/my_ws/install/moveit_hybrid_planning:/home/thisum/my_ws/install/moveit_ros_planning_interface:/home/thisum/my_ws/install/moveit_ros_benchmarks:/home/thisum/my_ws/install/moveit_ros_warehouse:/home/thisum/my_ws/install/moveit_ros_robot_interaction:/home/thisum/my_ws/install/moveit_ros_perception:/home/thisum/my_ws/install/moveit_resources_prbt_pg70_support:/home/thisum/my_ws/install/moveit_resources_prbt_moveit_config:/home/thisum/my_ws/install/moveit_ros_move_group:/home/thisum/my_ws/install/moveit_planners_ompl:/home/thisum/my_ws/install/moveit_ros_planning:/home/thisum/my_ws/install/moveit_ros_occupancy_map_monitor:/home/thisum/my_ws/install/moveit_resources_prbt_ikfast_manipulator_plugin:/home/thisum/my_ws/install/moveit_planners_chomp:/home/thisum/my_ws/install/moveit_kinematics:/home/thisum/my_ws/install/moveit_chomp_optimizer_adapter:/home/thisum/my_ws/install/chomp_motion_planner:/home/thisum/my_ws/install/moveit_core:/home/thisum/my_ws/install/srdfdom:/home/thisum/my_ws/install/rviz_marker_tools:/home/thisum/my_ws/install/rosparam_shortcuts:/home/thisum/my_ws/install/new_full_arm:/home/thisum/my_ws/install/moveit_task_constructor_msgs:/home/thisum/my_ws/install/moveit_resources_prbt_support:/home/thisum/my_ws/install/moveit_resources:/home/thisum/my_ws/install/moveit_resources_pr2_description:/home/thisum/my_ws/install/moveit_resources_panda_moveit_config:/home/thisum/my_ws/install/moveit_resources_panda_description:/home/thisum/my_ws/install/moveit_resources_fanuc_moveit_config:/home/thisum/my_ws/install/moveit_resources_fanuc_description:/home/thisum/my_ws/install/moveit_common:/home/thisum/arm_ws/install/x:/home/thisum/arm_ws/install/robotiq_description:/home/thisum/arm_ws/install/robotiq_controllers:/home/thisum/arm_ws/install/arm_config:/home/thisum/my_ws/install/moveit_configs_utils:/home/thisum/my_ws/install/launch_param_builder:/home/thisum/arm_ws/install/moveit_configs_utils:/opt/ros/humble:/home/thisum/arm_ws/install/new_full_arm:/home/thisum/arm_ws/install/moveit_resources_prbt_support:/home/thisum/arm_ws/install/moveit_resources_pr2_description:/home/thisum/arm_ws/install/moveit_resources_panda_description:/home/thisum/arm_ws/install/moveit_resources_fanuc_description:/home/thisum/arm_ws/install/moveit_msgs:/home/thisum/arm_ws/install/moveit_common:/home/thisum/arm_ws/install/kortex_api LD_LIBRARY_PATH=/home/thisum/my_ws/src/install/moveit_setup_framework/lib:/home/thisum/my_ws/src/install/moveit_ros_visualization/lib:/home/thisum/my_ws/src/install/moveit_ros_planning_interface/lib:/home/thisum/my_ws/src/install/moveit_ros_move_group/lib:/home/thisum/my_ws/src/install/moveit_ros_warehouse/lib:/home/thisum/my_ws/src/install/moveit_ros_robot_interaction/lib:/home/thisum/my_ws/src/install/moveit_planners_ompl/lib:/home/thisum/my_ws/src/install/moveit_kinematics/lib:/home/thisum/my_ws/src/install/moveit_ros_planning/lib:/home/thisum/my_ws/src/install/moveit_simple_controller_manager/lib:/home/thisum/my_ws/src/install/moveit_ros_occupancy_map_monitor/lib:/home/thisum/my_ws/src/install/moveit_core/lib:/home/thisum/my_ws/src/install/srdfdom/lib:${LD_LIBRARY_PATH} PATH=/home/thisum/my_ws/src/install/moveit_core/bin:${PATH} PYTHONPATH=/home/thisum/my_ws/src/install/moveit_configs_utils/lib/python3.10/site-packages:/home/thisum/my_ws/src/install/srdfdom/local/lib/python3.10/dist-packages:/home/thisum/my_ws/src/install/launch_param_builder/lib/python3.10/site-packages:${PYTHONPATH} /usr/bin/cmake --install /home/thisum/my_ws/src/build/moveit_setup_srdf_plugins
[131.097s] -- Install configuration: "Release"
[131.097s] -- Installing: /home/thisum/my_ws/src/install/moveit_setup_srdf_plugins/lib/libmoveit_setup_srdf_plugins.so
[131.103s] -- Set runtime path of "/home/thisum/my_ws/src/install/moveit_setup_srdf_plugins/lib/libmoveit_setup_srdf_plugins.so" to ""
[131.103s] -- Installing: /home/thisum/my_ws/src/install/moveit_setup_srdf_plugins/share/moveit_setup_srdf_plugins/moveit_setup_framework_plugins.xml
[131.105s] -- Installing: /home/thisum/my_ws/src/install/moveit_setup_srdf_plugins/include
[131.105s] -- Installing: /home/thisum/my_ws/src/install/moveit_setup_srdf_plugins/include/moveit_setup_srdf_plugins
[131.105s] -- Installing: /home/thisum/my_ws/src/install/moveit_setup_srdf_plugins/include/moveit_setup_srdf_plugins/collision_linear_model.hpp
[131.105s] -- Installing: /home/thisum/my_ws/src/install/moveit_setup_srdf_plugins/include/moveit_setup_srdf_plugins/robot_poses.hpp
[131.105s] -- Installing: /home/thisum/my_ws/src/install/moveit_setup_srdf_plugins/include/moveit_setup_srdf_plugins/planning_groups_widget.hpp
[131.106s] -- Installing: /home/thisum/my_ws/src/install/moveit_setup_srdf_plugins/include/moveit_setup_srdf_plugins/rotated_header_view.hpp
[131.106s] -- Installing: /home/thisum/my_ws/src/install/moveit_setup_srdf_plugins/include/moveit_setup_srdf_plugins/end_effectors.hpp
[131.106s] -- Installing: /home/thisum/my_ws/src/install/moveit_setup_srdf_plugins/include/moveit_setup_srdf_plugins/group_meta_config.hpp
[131.106s] -- Installing: /home/thisum/my_ws/src/install/moveit_setup_srdf_plugins/include/moveit_setup_srdf_plugins/group_edit_widget.hpp
[131.107s] -- Installing: /home/thisum/my_ws/src/install/moveit_setup_srdf_plugins/include/moveit_setup_srdf_plugins/srdf_step.hpp
[131.107s] -- Installing: /home/thisum/my_ws/src/install/moveit_setup_srdf_plugins/include/moveit_setup_srdf_plugins/default_collisions.hpp
[131.107s] -- Installing: /home/thisum/my_ws/src/install/moveit_setup_srdf_plugins/include/moveit_setup_srdf_plugins/planning_groups.hpp
[131.107s] -- Installing: /home/thisum/my_ws/src/install/moveit_setup_srdf_plugins/include/moveit_setup_srdf_plugins/passive_joints.hpp
[131.108s] -- Installing: /home/thisum/my_ws/src/install/moveit_setup_srdf_plugins/include/moveit_setup_srdf_plugins/collision_matrix_model.hpp
[131.108s] -- Installing: /home/thisum/my_ws/src/install/moveit_setup_srdf_plugins/include/moveit_setup_srdf_plugins/passive_joints_widget.hpp
[131.108s] -- Installing: /home/thisum/my_ws/src/install/moveit_setup_srdf_plugins/include/moveit_setup_srdf_plugins/default_collisions_widget.hpp
[131.108s] -- Installing: /home/thisum/my_ws/src/install/moveit_setup_srdf_plugins/include/moveit_setup_srdf_plugins/robot_poses_widget.hpp
[131.109s] -- Installing: /home/thisum/my_ws/src/install/moveit_setup_srdf_plugins/include/moveit_setup_srdf_plugins/end_effectors_widget.hpp
[131.109s] -- Installing: /home/thisum/my_ws/src/install/moveit_setup_srdf_plugins/include/moveit_setup_srdf_plugins/compute_default_collisions.hpp
[131.109s] -- Installing: /home/thisum/my_ws/src/install/moveit_setup_srdf_plugins/include/moveit_setup_srdf_plugins/virtual_joints_widget.hpp
[131.109s] -- Installing: /home/thisum/my_ws/src/install/moveit_setup_srdf_plugins/include/moveit_setup_srdf_plugins/kinematic_chain_widget.hpp
[131.109s] -- Installing: /home/thisum/my_ws/src/install/moveit_setup_srdf_plugins/include/moveit_setup_srdf_plugins/virtual_joints.hpp
[131.110s] -- Installing: /home/thisum/my_ws/src/install/moveit_setup_srdf_plugins/share/moveit_setup_srdf_plugins/environment/library_path.sh
[131.110s] -- Installing: /home/thisum/my_ws/src/install/moveit_setup_srdf_plugins/share/moveit_setup_srdf_plugins/environment/library_path.dsv
[131.111s] -- Up-to-date: /home/thisum/my_ws/src/install/moveit_setup_srdf_plugins/share/moveit_setup_srdf_plugins/moveit_setup_framework_plugins.xml
[131.111s] -- Installing: /home/thisum/my_ws/src/install/moveit_setup_srdf_plugins/share/ament_index/resource_index/package_run_dependencies/moveit_setup_srdf_plugins
[131.111s] -- Installing: /home/thisum/my_ws/src/install/moveit_setup_srdf_plugins/share/ament_index/resource_index/parent_prefix_path/moveit_setup_srdf_plugins
[131.112s] -- Installing: /home/thisum/my_ws/src/install/moveit_setup_srdf_plugins/share/moveit_setup_srdf_plugins/environment/ament_prefix_path.sh
[131.112s] -- Installing: /home/thisum/my_ws/src/install/moveit_setup_srdf_plugins/share/moveit_setup_srdf_plugins/environment/ament_prefix_path.dsv
[131.112s] -- Installing: /home/thisum/my_ws/src/install/moveit_setup_srdf_plugins/share/moveit_setup_srdf_plugins/environment/path.sh
[131.112s] -- Installing: /home/thisum/my_ws/src/install/moveit_setup_srdf_plugins/share/moveit_setup_srdf_plugins/environment/path.dsv
[131.113s] -- Installing: /home/thisum/my_ws/src/install/moveit_setup_srdf_plugins/share/moveit_setup_srdf_plugins/local_setup.bash
[131.113s] -- Installing: /home/thisum/my_ws/src/install/moveit_setup_srdf_plugins/share/moveit_setup_srdf_plugins/local_setup.sh
[131.115s] -- Installing: /home/thisum/my_ws/src/install/moveit_setup_srdf_plugins/share/moveit_setup_srdf_plugins/local_setup.zsh
[131.115s] -- Installing: /home/thisum/my_ws/src/install/moveit_setup_srdf_plugins/share/moveit_setup_srdf_plugins/local_setup.dsv
[131.115s] -- Installing: /home/thisum/my_ws/src/install/moveit_setup_srdf_plugins/share/moveit_setup_srdf_plugins/package.dsv
[131.116s] -- Installing: /home/thisum/my_ws/src/install/moveit_setup_srdf_plugins/share/ament_index/resource_index/packages/moveit_setup_srdf_plugins
[131.116s] -- Installing: /home/thisum/my_ws/src/install/moveit_setup_srdf_plugins/share/ament_index/resource_index/moveit_setup_framework__pluginlib__plugin/moveit_setup_srdf_plugins
[131.116s] -- Installing: /home/thisum/my_ws/src/install/moveit_setup_srdf_plugins/share/moveit_setup_srdf_plugins/cmake/export_moveit_setup_srdf_pluginsExport.cmake
[131.117s] -- Installing: /home/thisum/my_ws/src/install/moveit_setup_srdf_plugins/share/moveit_setup_srdf_plugins/cmake/export_moveit_setup_srdf_pluginsExport-release.cmake
[131.117s] -- Installing: /home/thisum/my_ws/src/install/moveit_setup_srdf_plugins/share/moveit_setup_srdf_plugins/cmake/ament_cmake_export_include_directories-extras.cmake
[131.117s] -- Installing: /home/thisum/my_ws/src/install/moveit_setup_srdf_plugins/share/moveit_setup_srdf_plugins/cmake/ament_cmake_export_libraries-extras.cmake
[131.118s] -- Installing: /home/thisum/my_ws/src/install/moveit_setup_srdf_plugins/share/moveit_setup_srdf_plugins/cmake/ament_cmake_export_targets-extras.cmake
[131.118s] -- Installing: /home/thisum/my_ws/src/install/moveit_setup_srdf_plugins/share/moveit_setup_srdf_plugins/cmake/moveit_setup_srdf_pluginsConfig.cmake
[131.118s] -- Installing: /home/thisum/my_ws/src/install/moveit_setup_srdf_plugins/share/moveit_setup_srdf_plugins/cmake/moveit_setup_srdf_pluginsConfig-version.cmake
[131.119s] -- Installing: /home/thisum/my_ws/src/install/moveit_setup_srdf_plugins/share/moveit_setup_srdf_plugins/package.xml
[131.122s] Invoked command in '/home/thisum/my_ws/src/build/moveit_setup_srdf_plugins' returned '0': AMENT_PREFIX_PATH=/home/thisum/my_ws/src/install/moveit_setup_framework:/home/thisum/my_ws/src/install/moveit_ros_visualization:/home/thisum/my_ws/src/install/moveit_ros_planning_interface:/home/thisum/my_ws/src/install/moveit_ros_move_group:/home/thisum/my_ws/src/install/moveit_ros_warehouse:/home/thisum/my_ws/src/install/moveit_ros_robot_interaction:/home/thisum/my_ws/src/install/moveit_planners_ompl:/home/thisum/my_ws/src/install/moveit_kinematics:/home/thisum/my_ws/src/install/moveit_ros_planning:/home/thisum/my_ws/src/install/moveit_simple_controller_manager:/home/thisum/my_ws/src/install/moveit_ros_occupancy_map_monitor:/home/thisum/my_ws/src/install/moveit_core:/home/thisum/my_ws/src/install/moveit_resources_panda_moveit_config:/home/thisum/my_ws/src/install/moveit_resources_fanuc_moveit_config:/home/thisum/my_ws/src/install/moveit_configs_utils:/home/thisum/my_ws/src/install/srdfdom:/home/thisum/my_ws/src/install/moveit_resources_pr2_description:/home/thisum/my_ws/src/install/moveit_resources_panda_description:/home/thisum/my_ws/src/install/moveit_resources_fanuc_description:/home/thisum/my_ws/src/install/moveit_common:/home/thisum/my_ws/src/install/launch_param_builder:${AMENT_PREFIX_PATH} CMAKE_PREFIX_PATH=/home/thisum/my_ws/src/install/moveit_setup_framework:/home/thisum/my_ws/src/install/moveit_ros_visualization:/home/thisum/my_ws/src/install/moveit_ros_planning_interface:/home/thisum/my_ws/src/install/moveit_ros_move_group:/home/thisum/my_ws/src/install/moveit_ros_warehouse:/home/thisum/my_ws/src/install/moveit_ros_robot_interaction:/home/thisum/my_ws/src/install/moveit_planners_ompl:/home/thisum/my_ws/src/install/moveit_kinematics:/home/thisum/my_ws/src/install/moveit_ros_planning:/home/thisum/my_ws/src/install/moveit_simple_controller_manager:/home/thisum/my_ws/src/install/moveit_ros_occupancy_map_monitor:/home/thisum/my_ws/src/install/moveit_core:/home/thisum/my_ws/src/install/moveit_resources_panda_moveit_config:/home/thisum/my_ws/src/install/moveit_resources_fanuc_moveit_config:/home/thisum/my_ws/src/install/srdfdom:/home/thisum/my_ws/src/install/moveit_resources_pr2_description:/home/thisum/my_ws/src/install/moveit_resources_panda_description:/home/thisum/my_ws/src/install/moveit_resources_fanuc_description:/home/thisum/my_ws/src/install/moveit_common:/home/thisum/my_ws/install/pilz_industrial_motion_planner_testutils:/home/thisum/my_ws/install/moveit_runtime:/home/thisum/my_ws/install/moveit2_tutorials:/home/thisum/my_ws/install/moveit:/home/thisum/my_ws/install/arm_config:/home/thisum/my_ws/install/moveit_planners:/home/thisum/my_ws/install/pilz_industrial_motion_planner:/home/thisum/my_ws/install/moveit_visual_tools:/home/thisum/my_ws/install/moveit_task_constructor_visualization:/home/thisum/my_ws/install/moveit_task_constructor_demo:/home/thisum/my_ws/install/moveit_task_constructor_capabilities:/home/thisum/my_ws/install/moveit_task_constructor_core:/home/thisum/my_ws/install/moveit_ros_control_interface:/home/thisum/my_ws/install/moveit_plugins:/home/thisum/my_ws/install/moveit_simple_controller_manager:/home/thisum/my_ws/install/moveit_setup_assistant:/home/thisum/my_ws/install/moveit_setup_srdf_plugins:/home/thisum/my_ws/install/moveit_setup_core_plugins:/home/thisum/my_ws/install/moveit_setup_controllers:/home/thisum/my_ws/install/moveit_setup_app_plugins:/home/thisum/my_ws/install/moveit_setup_framework:/home/thisum/my_ws/install/moveit_servo:/home/thisum/my_ws/install/moveit_ros:/home/thisum/my_ws/install/moveit_ros_visualization:/home/thisum/my_ws/install/moveit_hybrid_planning:/home/thisum/my_ws/install/moveit_ros_planning_interface:/home/thisum/my_ws/install/moveit_ros_benchmarks:/home/thisum/my_ws/install/moveit_ros_warehouse:/home/thisum/my_ws/install/moveit_ros_robot_interaction:/home/thisum/my_ws/install/moveit_ros_perception:/home/thisum/my_ws/install/moveit_resources_prbt_pg70_support:/home/thisum/my_ws/install/moveit_resources_prbt_moveit_config:/home/thisum/my_ws/install/moveit_ros_move_group:/home/thisum/my_ws/install/moveit_planners_ompl:/home/thisum/my_ws/install/moveit_ros_planning:/home/thisum/my_ws/install/moveit_ros_occupancy_map_monitor:/home/thisum/my_ws/install/moveit_resources_prbt_ikfast_manipulator_plugin:/home/thisum/my_ws/install/moveit_planners_chomp:/home/thisum/my_ws/install/moveit_kinematics:/home/thisum/my_ws/install/moveit_chomp_optimizer_adapter:/home/thisum/my_ws/install/chomp_motion_planner:/home/thisum/my_ws/install/moveit_core:/home/thisum/my_ws/install/srdfdom:/home/thisum/my_ws/install/rviz_marker_tools:/home/thisum/my_ws/install/rosparam_shortcuts:/home/thisum/my_ws/install/new_full_arm:/home/thisum/my_ws/install/moveit_task_constructor_msgs:/home/thisum/my_ws/install/moveit_resources_prbt_support:/home/thisum/my_ws/install/moveit_resources:/home/thisum/my_ws/install/moveit_resources_pr2_description:/home/thisum/my_ws/install/moveit_resources_panda_moveit_config:/home/thisum/my_ws/install/moveit_resources_panda_description:/home/thisum/my_ws/install/moveit_resources_fanuc_moveit_config:/home/thisum/my_ws/install/moveit_resources_fanuc_description:/home/thisum/my_ws/install/moveit_common:/home/thisum/arm_ws/install/x:/home/thisum/arm_ws/install/robotiq_description:/home/thisum/arm_ws/install/robotiq_controllers:/home/thisum/arm_ws/install/arm_config:/home/thisum/my_ws/install/moveit_configs_utils:/home/thisum/my_ws/install/launch_param_builder:/home/thisum/arm_ws/install/moveit_configs_utils:/opt/ros/humble:/home/thisum/arm_ws/install/new_full_arm:/home/thisum/arm_ws/install/moveit_resources_prbt_support:/home/thisum/arm_ws/install/moveit_resources_pr2_description:/home/thisum/arm_ws/install/moveit_resources_panda_description:/home/thisum/arm_ws/install/moveit_resources_fanuc_description:/home/thisum/arm_ws/install/moveit_msgs:/home/thisum/arm_ws/install/moveit_common:/home/thisum/arm_ws/install/kortex_api LD_LIBRARY_PATH=/home/thisum/my_ws/src/install/moveit_setup_framework/lib:/home/thisum/my_ws/src/install/moveit_ros_visualization/lib:/home/thisum/my_ws/src/install/moveit_ros_planning_interface/lib:/home/thisum/my_ws/src/install/moveit_ros_move_group/lib:/home/thisum/my_ws/src/install/moveit_ros_warehouse/lib:/home/thisum/my_ws/src/install/moveit_ros_robot_interaction/lib:/home/thisum/my_ws/src/install/moveit_planners_ompl/lib:/home/thisum/my_ws/src/install/moveit_kinematics/lib:/home/thisum/my_ws/src/install/moveit_ros_planning/lib:/home/thisum/my_ws/src/install/moveit_simple_controller_manager/lib:/home/thisum/my_ws/src/install/moveit_ros_occupancy_map_monitor/lib:/home/thisum/my_ws/src/install/moveit_core/lib:/home/thisum/my_ws/src/install/srdfdom/lib:${LD_LIBRARY_PATH} PATH=/home/thisum/my_ws/src/install/moveit_core/bin:${PATH} PYTHONPATH=/home/thisum/my_ws/src/install/moveit_configs_utils/lib/python3.10/site-packages:/home/thisum/my_ws/src/install/srdfdom/local/lib/python3.10/dist-packages:/home/thisum/my_ws/src/install/launch_param_builder/lib/python3.10/site-packages:${PYTHONPATH} /usr/bin/cmake --install /home/thisum/my_ws/src/build/moveit_setup_srdf_plugins
