[0.073s] Invoking command in '/home/thisum/my_ws/src/build/moveit_ros_warehouse': AMENT_PREFIX_PATH=/home/thisum/my_ws/src/install/moveit_ros_planning:/home/thisum/my_ws/src/install/moveit_ros_occupancy_map_monitor:/home/thisum/my_ws/src/install/moveit_core:/home/thisum/my_ws/src/install/moveit_resources_panda_moveit_config:/home/thisum/my_ws/src/install/srdfdom:/home/thisum/my_ws/src/install/moveit_resources_pr2_description:/home/thisum/my_ws/src/install/moveit_resources_panda_description:/home/thisum/my_ws/src/install/moveit_common:${AMENT_PREFIX_PATH} CMAKE_PREFIX_PATH=/home/thisum/my_ws/src/install/moveit_ros_planning:/home/thisum/my_ws/src/install/moveit_ros_occupancy_map_monitor:/home/thisum/my_ws/src/install/moveit_core:/home/thisum/my_ws/src/install/moveit_resources_panda_moveit_config:/home/thisum/my_ws/src/install/srdfdom:/home/thisum/my_ws/src/install/moveit_resources_pr2_description:/home/thisum/my_ws/src/install/moveit_resources_panda_description:/home/thisum/my_ws/src/install/moveit_common:/home/thisum/my_ws/install/pilz_industrial_motion_planner_testutils:/home/thisum/my_ws/install/moveit_runtime:/home/thisum/my_ws/install/moveit2_tutorials:/home/thisum/my_ws/install/moveit:/home/thisum/my_ws/install/arm_config:/home/thisum/my_ws/install/moveit_planners:/home/thisum/my_ws/install/pilz_industrial_motion_planner:/home/thisum/my_ws/install/moveit_visual_tools:/home/thisum/my_ws/install/moveit_task_constructor_visualization:/home/thisum/my_ws/install/moveit_task_constructor_demo:/home/thisum/my_ws/install/moveit_task_constructor_capabilities:/home/thisum/my_ws/install/moveit_task_constructor_core:/home/thisum/my_ws/install/moveit_ros_control_interface:/home/thisum/my_ws/install/moveit_plugins:/home/thisum/my_ws/install/moveit_simple_controller_manager:/home/thisum/my_ws/install/moveit_setup_assistant:/home/thisum/my_ws/install/moveit_setup_srdf_plugins:/home/thisum/my_ws/install/moveit_setup_core_plugins:/home/thisum/my_ws/install/moveit_setup_controllers:/home/thisum/my_ws/install/moveit_setup_app_plugins:/home/thisum/my_ws/install/moveit_setup_framework:/home/thisum/my_ws/install/moveit_servo:/home/thisum/my_ws/install/moveit_ros:/home/thisum/my_ws/install/moveit_ros_visualization:/home/thisum/my_ws/install/moveit_hybrid_planning:/home/thisum/my_ws/install/moveit_ros_planning_interface:/home/thisum/my_ws/install/moveit_ros_benchmarks:/home/thisum/my_ws/install/moveit_ros_warehouse:/home/thisum/my_ws/install/moveit_ros_robot_interaction:/home/thisum/my_ws/install/moveit_ros_perception:/home/thisum/my_ws/install/moveit_resources_prbt_pg70_support:/home/thisum/my_ws/install/moveit_resources_prbt_moveit_config:/home/thisum/my_ws/install/moveit_ros_move_group:/home/thisum/my_ws/install/moveit_planners_ompl:/home/thisum/my_ws/install/moveit_ros_planning:/home/thisum/my_ws/install/moveit_ros_occupancy_map_monitor:/home/thisum/my_ws/install/moveit_resources_prbt_ikfast_manipulator_plugin:/home/thisum/my_ws/install/moveit_planners_chomp:/home/thisum/my_ws/install/moveit_kinematics:/home/thisum/my_ws/install/moveit_chomp_optimizer_adapter:/home/thisum/my_ws/install/chomp_motion_planner:/home/thisum/my_ws/install/moveit_core:/home/thisum/my_ws/install/srdfdom:/home/thisum/my_ws/install/rviz_marker_tools:/home/thisum/my_ws/install/rosparam_shortcuts:/home/thisum/my_ws/install/new_full_arm:/home/thisum/my_ws/install/moveit_task_constructor_msgs:/home/thisum/my_ws/install/moveit_resources_prbt_support:/home/thisum/my_ws/install/moveit_resources:/home/thisum/my_ws/install/moveit_resources_pr2_description:/home/thisum/my_ws/install/moveit_resources_panda_moveit_config:/home/thisum/my_ws/install/moveit_resources_panda_description:/home/thisum/my_ws/install/moveit_resources_fanuc_moveit_config:/home/thisum/my_ws/install/moveit_resources_fanuc_description:/home/thisum/my_ws/install/moveit_common:/home/thisum/arm_ws/install/x:/home/thisum/arm_ws/install/robotiq_description:/home/thisum/arm_ws/install/robotiq_controllers:/home/thisum/arm_ws/install/arm_config:/home/thisum/my_ws/install/moveit_configs_utils:/home/thisum/my_ws/install/launch_param_builder:/home/thisum/arm_ws/install/moveit_configs_utils:/opt/ros/humble:/home/thisum/arm_ws/install/new_full_arm:/home/thisum/arm_ws/install/moveit_resources_prbt_support:/home/thisum/arm_ws/install/moveit_resources_pr2_description:/home/thisum/arm_ws/install/moveit_resources_panda_description:/home/thisum/arm_ws/install/moveit_resources_fanuc_description:/home/thisum/arm_ws/install/moveit_msgs:/home/thisum/arm_ws/install/moveit_common:/home/thisum/arm_ws/install/kortex_api LD_LIBRARY_PATH=/home/thisum/my_ws/src/install/moveit_ros_planning/lib:/home/thisum/my_ws/src/install/moveit_ros_occupancy_map_monitor/lib:/home/thisum/my_ws/src/install/moveit_core/lib:/home/thisum/my_ws/src/install/srdfdom/lib:${LD_LIBRARY_PATH} PATH=/home/thisum/my_ws/src/install/moveit_core/bin:${PATH} PYTHONPATH=/home/thisum/my_ws/src/install/srdfdom/local/lib/python3.10/dist-packages:${PYTHONPATH} /usr/bin/cmake /home/thisum/my_ws/src/moveit2/moveit_ros/warehouse -DCMAKE_BUILD_TYPE=Release -DCMAKE_INSTALL_PREFIX=/home/thisum/my_ws/src/install/moveit_ros_warehouse
[0.191s] -- The C compiler identification is GNU 11.4.0
[0.280s] -- The CXX compiler identification is GNU 11.4.0
[0.290s] -- Detecting C compiler ABI info
[0.438s] -- Detecting C compiler ABI info - done
[0.447s] -- Check for working C compiler: /usr/bin/cc - skipped
[0.447s] -- Detecting C compile features
[0.448s] -- Detecting C compile features - done
[0.451s] -- Detecting CXX compiler ABI info
[0.604s] -- Detecting CXX compiler ABI info - done
[0.616s] -- Check for working CXX compiler: /usr/bin/c++ - skipped
[0.616s] -- Detecting CXX compile features
[0.617s] -- Detecting CXX compile features - done
[0.620s] -- Found moveit_common: 2.5.5 (/home/thisum/my_ws/src/install/moveit_common/share/moveit_common/cmake)
[0.634s] -- Found ament_cmake: 1.3.9 (/opt/ros/humble/share/ament_cmake/cmake)
[0.865s] -- Found Python3: /usr/bin/python3 (found version "3.10.12") found components: Interpreter 
[1.203s] -- Found libdw: /usr/lib/x86_64-linux-gnu/libdw.so  
[1.212s] -- Could NOT find libbfd (missing: LIBBFD_LIBRARY LIBBFD_INCLUDE_DIR) 
[1.212s] -- BACKWARD_HAS_UNWIND=1
[1.212s] -- BACKWARD_HAS_BACKTRACE=0
[1.212s] -- BACKWARD_HAS_BACKTRACE_SYMBOL=0
[1.212s] -- BACKWARD_HAS_DW=1
[1.212s] -- BACKWARD_HAS_BFD=0
[1.214s] -- Found Backward: /opt/ros/humble/share/backward_ros/cmake  
[1.229s] -- Found rclcpp: 16.0.9 (/opt/ros/humble/share/rclcpp/cmake)
[1.368s] -- Found rosidl_generator_c: 3.1.5 (/opt/ros/humble/share/rosidl_generator_c/cmake)
[1.395s] -- Found rosidl_adapter: 3.1.5 (/opt/ros/humble/share/rosidl_adapter/cmake)
[1.432s] -- Found rosidl_generator_cpp: 3.1.5 (/opt/ros/humble/share/rosidl_generator_cpp/cmake)
[1.471s] -- Using all available rosidl_typesupport_c: rosidl_typesupport_fastrtps_c;rosidl_typesupport_introspection_c
[1.524s] -- Using all available rosidl_typesupport_cpp: rosidl_typesupport_fastrtps_cpp;rosidl_typesupport_introspection_cpp
[1.700s] -- Found rmw_implementation_cmake: 6.1.2 (/opt/ros/humble/share/rmw_implementation_cmake/cmake)
[1.717s] -- Found rmw_fastrtps_cpp: 6.2.6 (/opt/ros/humble/share/rmw_fastrtps_cpp/cmake)
[1.973s] -- Found OpenSSL: /usr/lib/x86_64-linux-gnu/libcrypto.so (found version "3.0.2")  
[2.025s] -- Found FastRTPS: /opt/ros/humble/include  
[2.132s] -- Using RMW implementation 'rmw_fastrtps_cpp' as default
[2.182s] -- Looking for pthread.h
[2.361s] -- Looking for pthread.h - found
[2.361s] -- Performing Test CMAKE_HAVE_LIBC_PTHREAD
[2.561s] -- Performing Test CMAKE_HAVE_LIBC_PTHREAD - Success
[2.563s] -- Found Threads: TRUE  
[2.779s] -- Found moveit_core: 2.5.5 (/home/thisum/my_ws/src/install/moveit_core/share/moveit_core/cmake)
[2.998s] -- Found Boost: /usr/lib/x86_64-linux-gnu/cmake/Boost-1.74.0/BoostConfig.cmake (found version "1.74.0") found components: chrono date_time filesystem iostreams program_options regex serialization system thread 
[3.181s] -- Found parameter_traits: 0.3.8 (/opt/ros/humble/share/parameter_traits/cmake)
[3.238s] -- Found Eigen3: TRUE (found version "3.4.0") 
[3.253s] -- Found rclcpp_lifecycle: 16.0.9 (/opt/ros/humble/share/rclcpp_lifecycle/cmake)
[3.340s] -- Found Boost: /usr/lib/x86_64-linux-gnu/cmake/Boost-1.74.0/BoostConfig.cmake (found version "1.74.0") found components: filesystem 
[3.692s] -- library: /usr/lib/x86_64-linux-gnu/libcurl.so
[4.105s] -- Ensuring Eigen3 include directory is part of orocos-kdl CMake target
[5.572s] -- Found warehouse_ros: 2.0.4 (/opt/ros/humble/share/warehouse_ros/cmake)
[5.626s] -- Found moveit_ros_planning: 2.5.5 (/home/thisum/my_ws/src/install/moveit_ros_planning/share/moveit_ros_planning/cmake)
[5.632s] -- Found Boost: /usr/lib/x86_64-linux-gnu/cmake/Boost-1.74.0/BoostConfig.cmake (found version "1.74.0") found components: system filesystem date_time program_options thread chrono 
[6.071s] -- Found Boost: /usr/lib/x86_64-linux-gnu/cmake/Boost-1.74.0/BoostConfig.cmake (found version "1.74.0") found components: thread system filesystem regex date_time program_options 
[6.074s] -- Performing Test COMPILER_HAS_HIDDEN_VISIBILITY
[6.272s] -- Performing Test COMPILER_HAS_HIDDEN_VISIBILITY - Success
[6.273s] -- Performing Test COMPILER_HAS_HIDDEN_INLINE_VISIBILITY
[6.469s] -- Performing Test COMPILER_HAS_HIDDEN_INLINE_VISIBILITY - Success
[6.470s] -- Performing Test COMPILER_HAS_DEPRECATED_ATTR
[6.669s] -- Performing Test COMPILER_HAS_DEPRECATED_ATTR - Success
[6.864s] -- Found ament_lint_auto: 0.12.11 (/opt/ros/humble/share/ament_lint_auto/cmake)
[6.954s] -- Added test 'cppcheck' to perform static code analysis on C / C++ code
[6.955s] -- Configured cppcheck include dirs: /home/thisum/my_ws/src/moveit2/moveit_ros/warehouse/include
[6.955s] -- Configured cppcheck exclude dirs and/or files: 
[6.957s] -- Added test 'lint_cmake' to check CMake code style
[6.958s] -- Added test 'pep257' to check Python code against some of the docstring style conventions in PEP 257
[6.960s] -- Added test 'xmllint' to check XML markup files
[6.965s] -- Configuring done
[7.128s] -- Generating done
[7.134s] -- Build files have been written to: /home/thisum/my_ws/src/build/moveit_ros_warehouse
[7.154s] Invoked command in '/home/thisum/my_ws/src/build/moveit_ros_warehouse' returned '0': AMENT_PREFIX_PATH=/home/thisum/my_ws/src/install/moveit_ros_planning:/home/thisum/my_ws/src/install/moveit_ros_occupancy_map_monitor:/home/thisum/my_ws/src/install/moveit_core:/home/thisum/my_ws/src/install/moveit_resources_panda_moveit_config:/home/thisum/my_ws/src/install/srdfdom:/home/thisum/my_ws/src/install/moveit_resources_pr2_description:/home/thisum/my_ws/src/install/moveit_resources_panda_description:/home/thisum/my_ws/src/install/moveit_common:${AMENT_PREFIX_PATH} CMAKE_PREFIX_PATH=/home/thisum/my_ws/src/install/moveit_ros_planning:/home/thisum/my_ws/src/install/moveit_ros_occupancy_map_monitor:/home/thisum/my_ws/src/install/moveit_core:/home/thisum/my_ws/src/install/moveit_resources_panda_moveit_config:/home/thisum/my_ws/src/install/srdfdom:/home/thisum/my_ws/src/install/moveit_resources_pr2_description:/home/thisum/my_ws/src/install/moveit_resources_panda_description:/home/thisum/my_ws/src/install/moveit_common:/home/thisum/my_ws/install/pilz_industrial_motion_planner_testutils:/home/thisum/my_ws/install/moveit_runtime:/home/thisum/my_ws/install/moveit2_tutorials:/home/thisum/my_ws/install/moveit:/home/thisum/my_ws/install/arm_config:/home/thisum/my_ws/install/moveit_planners:/home/thisum/my_ws/install/pilz_industrial_motion_planner:/home/thisum/my_ws/install/moveit_visual_tools:/home/thisum/my_ws/install/moveit_task_constructor_visualization:/home/thisum/my_ws/install/moveit_task_constructor_demo:/home/thisum/my_ws/install/moveit_task_constructor_capabilities:/home/thisum/my_ws/install/moveit_task_constructor_core:/home/thisum/my_ws/install/moveit_ros_control_interface:/home/thisum/my_ws/install/moveit_plugins:/home/thisum/my_ws/install/moveit_simple_controller_manager:/home/thisum/my_ws/install/moveit_setup_assistant:/home/thisum/my_ws/install/moveit_setup_srdf_plugins:/home/thisum/my_ws/install/moveit_setup_core_plugins:/home/thisum/my_ws/install/moveit_setup_controllers:/home/thisum/my_ws/install/moveit_setup_app_plugins:/home/thisum/my_ws/install/moveit_setup_framework:/home/thisum/my_ws/install/moveit_servo:/home/thisum/my_ws/install/moveit_ros:/home/thisum/my_ws/install/moveit_ros_visualization:/home/thisum/my_ws/install/moveit_hybrid_planning:/home/thisum/my_ws/install/moveit_ros_planning_interface:/home/thisum/my_ws/install/moveit_ros_benchmarks:/home/thisum/my_ws/install/moveit_ros_warehouse:/home/thisum/my_ws/install/moveit_ros_robot_interaction:/home/thisum/my_ws/install/moveit_ros_perception:/home/thisum/my_ws/install/moveit_resources_prbt_pg70_support:/home/thisum/my_ws/install/moveit_resources_prbt_moveit_config:/home/thisum/my_ws/install/moveit_ros_move_group:/home/thisum/my_ws/install/moveit_planners_ompl:/home/thisum/my_ws/install/moveit_ros_planning:/home/thisum/my_ws/install/moveit_ros_occupancy_map_monitor:/home/thisum/my_ws/install/moveit_resources_prbt_ikfast_manipulator_plugin:/home/thisum/my_ws/install/moveit_planners_chomp:/home/thisum/my_ws/install/moveit_kinematics:/home/thisum/my_ws/install/moveit_chomp_optimizer_adapter:/home/thisum/my_ws/install/chomp_motion_planner:/home/thisum/my_ws/install/moveit_core:/home/thisum/my_ws/install/srdfdom:/home/thisum/my_ws/install/rviz_marker_tools:/home/thisum/my_ws/install/rosparam_shortcuts:/home/thisum/my_ws/install/new_full_arm:/home/thisum/my_ws/install/moveit_task_constructor_msgs:/home/thisum/my_ws/install/moveit_resources_prbt_support:/home/thisum/my_ws/install/moveit_resources:/home/thisum/my_ws/install/moveit_resources_pr2_description:/home/thisum/my_ws/install/moveit_resources_panda_moveit_config:/home/thisum/my_ws/install/moveit_resources_panda_description:/home/thisum/my_ws/install/moveit_resources_fanuc_moveit_config:/home/thisum/my_ws/install/moveit_resources_fanuc_description:/home/thisum/my_ws/install/moveit_common:/home/thisum/arm_ws/install/x:/home/thisum/arm_ws/install/robotiq_description:/home/thisum/arm_ws/install/robotiq_controllers:/home/thisum/arm_ws/install/arm_config:/home/thisum/my_ws/install/moveit_configs_utils:/home/thisum/my_ws/install/launch_param_builder:/home/thisum/arm_ws/install/moveit_configs_utils:/opt/ros/humble:/home/thisum/arm_ws/install/new_full_arm:/home/thisum/arm_ws/install/moveit_resources_prbt_support:/home/thisum/arm_ws/install/moveit_resources_pr2_description:/home/thisum/arm_ws/install/moveit_resources_panda_description:/home/thisum/arm_ws/install/moveit_resources_fanuc_description:/home/thisum/arm_ws/install/moveit_msgs:/home/thisum/arm_ws/install/moveit_common:/home/thisum/arm_ws/install/kortex_api LD_LIBRARY_PATH=/home/thisum/my_ws/src/install/moveit_ros_planning/lib:/home/thisum/my_ws/src/install/moveit_ros_occupancy_map_monitor/lib:/home/thisum/my_ws/src/install/moveit_core/lib:/home/thisum/my_ws/src/install/srdfdom/lib:${LD_LIBRARY_PATH} PATH=/home/thisum/my_ws/src/install/moveit_core/bin:${PATH} PYTHONPATH=/home/thisum/my_ws/src/install/srdfdom/local/lib/python3.10/dist-packages:${PYTHONPATH} /usr/bin/cmake /home/thisum/my_ws/src/moveit2/moveit_ros/warehouse -DCMAKE_BUILD_TYPE=Release -DCMAKE_INSTALL_PREFIX=/home/thisum/my_ws/src/install/moveit_ros_warehouse
[7.155s] Invoking command in '/home/thisum/my_ws/src/build/moveit_ros_warehouse': AMENT_PREFIX_PATH=/home/thisum/my_ws/src/install/moveit_ros_planning:/home/thisum/my_ws/src/install/moveit_ros_occupancy_map_monitor:/home/thisum/my_ws/src/install/moveit_core:/home/thisum/my_ws/src/install/moveit_resources_panda_moveit_config:/home/thisum/my_ws/src/install/srdfdom:/home/thisum/my_ws/src/install/moveit_resources_pr2_description:/home/thisum/my_ws/src/install/moveit_resources_panda_description:/home/thisum/my_ws/src/install/moveit_common:${AMENT_PREFIX_PATH} CMAKE_PREFIX_PATH=/home/thisum/my_ws/src/install/moveit_ros_planning:/home/thisum/my_ws/src/install/moveit_ros_occupancy_map_monitor:/home/thisum/my_ws/src/install/moveit_core:/home/thisum/my_ws/src/install/moveit_resources_panda_moveit_config:/home/thisum/my_ws/src/install/srdfdom:/home/thisum/my_ws/src/install/moveit_resources_pr2_description:/home/thisum/my_ws/src/install/moveit_resources_panda_description:/home/thisum/my_ws/src/install/moveit_common:/home/thisum/my_ws/install/pilz_industrial_motion_planner_testutils:/home/thisum/my_ws/install/moveit_runtime:/home/thisum/my_ws/install/moveit2_tutorials:/home/thisum/my_ws/install/moveit:/home/thisum/my_ws/install/arm_config:/home/thisum/my_ws/install/moveit_planners:/home/thisum/my_ws/install/pilz_industrial_motion_planner:/home/thisum/my_ws/install/moveit_visual_tools:/home/thisum/my_ws/install/moveit_task_constructor_visualization:/home/thisum/my_ws/install/moveit_task_constructor_demo:/home/thisum/my_ws/install/moveit_task_constructor_capabilities:/home/thisum/my_ws/install/moveit_task_constructor_core:/home/thisum/my_ws/install/moveit_ros_control_interface:/home/thisum/my_ws/install/moveit_plugins:/home/thisum/my_ws/install/moveit_simple_controller_manager:/home/thisum/my_ws/install/moveit_setup_assistant:/home/thisum/my_ws/install/moveit_setup_srdf_plugins:/home/thisum/my_ws/install/moveit_setup_core_plugins:/home/thisum/my_ws/install/moveit_setup_controllers:/home/thisum/my_ws/install/moveit_setup_app_plugins:/home/thisum/my_ws/install/moveit_setup_framework:/home/thisum/my_ws/install/moveit_servo:/home/thisum/my_ws/install/moveit_ros:/home/thisum/my_ws/install/moveit_ros_visualization:/home/thisum/my_ws/install/moveit_hybrid_planning:/home/thisum/my_ws/install/moveit_ros_planning_interface:/home/thisum/my_ws/install/moveit_ros_benchmarks:/home/thisum/my_ws/install/moveit_ros_warehouse:/home/thisum/my_ws/install/moveit_ros_robot_interaction:/home/thisum/my_ws/install/moveit_ros_perception:/home/thisum/my_ws/install/moveit_resources_prbt_pg70_support:/home/thisum/my_ws/install/moveit_resources_prbt_moveit_config:/home/thisum/my_ws/install/moveit_ros_move_group:/home/thisum/my_ws/install/moveit_planners_ompl:/home/thisum/my_ws/install/moveit_ros_planning:/home/thisum/my_ws/install/moveit_ros_occupancy_map_monitor:/home/thisum/my_ws/install/moveit_resources_prbt_ikfast_manipulator_plugin:/home/thisum/my_ws/install/moveit_planners_chomp:/home/thisum/my_ws/install/moveit_kinematics:/home/thisum/my_ws/install/moveit_chomp_optimizer_adapter:/home/thisum/my_ws/install/chomp_motion_planner:/home/thisum/my_ws/install/moveit_core:/home/thisum/my_ws/install/srdfdom:/home/thisum/my_ws/install/rviz_marker_tools:/home/thisum/my_ws/install/rosparam_shortcuts:/home/thisum/my_ws/install/new_full_arm:/home/thisum/my_ws/install/moveit_task_constructor_msgs:/home/thisum/my_ws/install/moveit_resources_prbt_support:/home/thisum/my_ws/install/moveit_resources:/home/thisum/my_ws/install/moveit_resources_pr2_description:/home/thisum/my_ws/install/moveit_resources_panda_moveit_config:/home/thisum/my_ws/install/moveit_resources_panda_description:/home/thisum/my_ws/install/moveit_resources_fanuc_moveit_config:/home/thisum/my_ws/install/moveit_resources_fanuc_description:/home/thisum/my_ws/install/moveit_common:/home/thisum/arm_ws/install/x:/home/thisum/arm_ws/install/robotiq_description:/home/thisum/arm_ws/install/robotiq_controllers:/home/thisum/arm_ws/install/arm_config:/home/thisum/my_ws/install/moveit_configs_utils:/home/thisum/my_ws/install/launch_param_builder:/home/thisum/arm_ws/install/moveit_configs_utils:/opt/ros/humble:/home/thisum/arm_ws/install/new_full_arm:/home/thisum/arm_ws/install/moveit_resources_prbt_support:/home/thisum/arm_ws/install/moveit_resources_pr2_description:/home/thisum/arm_ws/install/moveit_resources_panda_description:/home/thisum/arm_ws/install/moveit_resources_fanuc_description:/home/thisum/arm_ws/install/moveit_msgs:/home/thisum/arm_ws/install/moveit_common:/home/thisum/arm_ws/install/kortex_api LD_LIBRARY_PATH=/home/thisum/my_ws/src/install/moveit_ros_planning/lib:/home/thisum/my_ws/src/install/moveit_ros_occupancy_map_monitor/lib:/home/thisum/my_ws/src/install/moveit_core/lib:/home/thisum/my_ws/src/install/srdfdom/lib:${LD_LIBRARY_PATH} PATH=/home/thisum/my_ws/src/install/moveit_core/bin:${PATH} PYTHONPATH=/home/thisum/my_ws/src/install/srdfdom/local/lib/python3.10/dist-packages:${PYTHONPATH} /usr/bin/cmake --build /home/thisum/my_ws/src/build/moveit_ros_warehouse -- -j6 -l6
[7.286s] [ 15%] [32mBuilding CXX object CMakeFiles/moveit_warehouse.dir/src/moveit_message_storage.cpp.o[0m
[7.286s] [ 15%] [32mBuilding CXX object CMakeFiles/moveit_warehouse.dir/src/planning_scene_storage.cpp.o[0m
[7.286s] [ 15%] [32mBuilding CXX object CMakeFiles/moveit_warehouse.dir/src/constraints_storage.cpp.o[0m
[7.286s] [ 20%] [32mBuilding CXX object CMakeFiles/moveit_warehouse.dir/src/trajectory_constraints_storage.cpp.o[0m
[7.286s] [ 25%] [32mBuilding CXX object CMakeFiles/moveit_warehouse.dir/src/planning_scene_world_storage.cpp.o[0m
[7.287s] [ 30%] [32mBuilding CXX object CMakeFiles/moveit_warehouse.dir/src/state_storage.cpp.o[0m
[14.888s] [ 35%] [32mBuilding CXX object CMakeFiles/moveit_warehouse.dir/src/warehouse_connector.cpp.o[0m
[21.114s] [ 40%] [32m[1mLinking CXX shared library libmoveit_warehouse.so[0m
[21.753s] [ 40%] Built target moveit_warehouse
[21.816s] [ 50%] [32mBuilding CXX object CMakeFiles/moveit_warehouse_services.dir/src/warehouse_services.cpp.o[0m
[21.819s] [ 55%] [32mBuilding CXX object CMakeFiles/moveit_warehouse_import_from_text.dir/src/import_from_text.cpp.o[0m
[21.826s] [ 55%] [32mBuilding CXX object CMakeFiles/moveit_init_demo_warehouse.dir/src/initialize_demo_db.cpp.o[0m
[21.826s] [ 60%] [32mBuilding CXX object CMakeFiles/moveit_warehouse_broadcast.dir/src/broadcast.cpp.o[0m
[21.826s] [ 65%] [32mBuilding CXX object CMakeFiles/moveit_save_to_warehouse.dir/src/save_to_warehouse.cpp.o[0m
[21.830s] [ 70%] [32mBuilding CXX object CMakeFiles/moveit_warehouse_save_as_text.dir/src/save_as_text.cpp.o[0m
[34.649s] [ 75%] [32m[1mLinking CXX executable moveit_warehouse_services[0m
[35.154s] [ 75%] Built target moveit_warehouse_services
[39.866s] [ 80%] [32m[1mLinking CXX executable moveit_warehouse_broadcast[0m
[40.217s] [ 85%] [32m[1mLinking CXX executable moveit_warehouse_save_as_text[0m
[40.453s] [ 85%] Built target moveit_warehouse_broadcast
[40.852s] [ 85%] Built target moveit_warehouse_save_as_text
[40.857s] [ 90%] [32m[1mLinking CXX executable moveit_init_demo_warehouse[0m
[41.389s] [ 90%] Built target moveit_init_demo_warehouse
[41.468s] [ 95%] [32m[1mLinking CXX executable moveit_warehouse_import_from_text[0m
[42.067s] [ 95%] Built target moveit_warehouse_import_from_text
[56.173s] [100%] [32m[1mLinking CXX executable moveit_save_to_warehouse[0m
[56.812s] [100%] Built target moveit_save_to_warehouse
[56.837s] Invoked command in '/home/thisum/my_ws/src/build/moveit_ros_warehouse' returned '0': AMENT_PREFIX_PATH=/home/thisum/my_ws/src/install/moveit_ros_planning:/home/thisum/my_ws/src/install/moveit_ros_occupancy_map_monitor:/home/thisum/my_ws/src/install/moveit_core:/home/thisum/my_ws/src/install/moveit_resources_panda_moveit_config:/home/thisum/my_ws/src/install/srdfdom:/home/thisum/my_ws/src/install/moveit_resources_pr2_description:/home/thisum/my_ws/src/install/moveit_resources_panda_description:/home/thisum/my_ws/src/install/moveit_common:${AMENT_PREFIX_PATH} CMAKE_PREFIX_PATH=/home/thisum/my_ws/src/install/moveit_ros_planning:/home/thisum/my_ws/src/install/moveit_ros_occupancy_map_monitor:/home/thisum/my_ws/src/install/moveit_core:/home/thisum/my_ws/src/install/moveit_resources_panda_moveit_config:/home/thisum/my_ws/src/install/srdfdom:/home/thisum/my_ws/src/install/moveit_resources_pr2_description:/home/thisum/my_ws/src/install/moveit_resources_panda_description:/home/thisum/my_ws/src/install/moveit_common:/home/thisum/my_ws/install/pilz_industrial_motion_planner_testutils:/home/thisum/my_ws/install/moveit_runtime:/home/thisum/my_ws/install/moveit2_tutorials:/home/thisum/my_ws/install/moveit:/home/thisum/my_ws/install/arm_config:/home/thisum/my_ws/install/moveit_planners:/home/thisum/my_ws/install/pilz_industrial_motion_planner:/home/thisum/my_ws/install/moveit_visual_tools:/home/thisum/my_ws/install/moveit_task_constructor_visualization:/home/thisum/my_ws/install/moveit_task_constructor_demo:/home/thisum/my_ws/install/moveit_task_constructor_capabilities:/home/thisum/my_ws/install/moveit_task_constructor_core:/home/thisum/my_ws/install/moveit_ros_control_interface:/home/thisum/my_ws/install/moveit_plugins:/home/thisum/my_ws/install/moveit_simple_controller_manager:/home/thisum/my_ws/install/moveit_setup_assistant:/home/thisum/my_ws/install/moveit_setup_srdf_plugins:/home/thisum/my_ws/install/moveit_setup_core_plugins:/home/thisum/my_ws/install/moveit_setup_controllers:/home/thisum/my_ws/install/moveit_setup_app_plugins:/home/thisum/my_ws/install/moveit_setup_framework:/home/thisum/my_ws/install/moveit_servo:/home/thisum/my_ws/install/moveit_ros:/home/thisum/my_ws/install/moveit_ros_visualization:/home/thisum/my_ws/install/moveit_hybrid_planning:/home/thisum/my_ws/install/moveit_ros_planning_interface:/home/thisum/my_ws/install/moveit_ros_benchmarks:/home/thisum/my_ws/install/moveit_ros_warehouse:/home/thisum/my_ws/install/moveit_ros_robot_interaction:/home/thisum/my_ws/install/moveit_ros_perception:/home/thisum/my_ws/install/moveit_resources_prbt_pg70_support:/home/thisum/my_ws/install/moveit_resources_prbt_moveit_config:/home/thisum/my_ws/install/moveit_ros_move_group:/home/thisum/my_ws/install/moveit_planners_ompl:/home/thisum/my_ws/install/moveit_ros_planning:/home/thisum/my_ws/install/moveit_ros_occupancy_map_monitor:/home/thisum/my_ws/install/moveit_resources_prbt_ikfast_manipulator_plugin:/home/thisum/my_ws/install/moveit_planners_chomp:/home/thisum/my_ws/install/moveit_kinematics:/home/thisum/my_ws/install/moveit_chomp_optimizer_adapter:/home/thisum/my_ws/install/chomp_motion_planner:/home/thisum/my_ws/install/moveit_core:/home/thisum/my_ws/install/srdfdom:/home/thisum/my_ws/install/rviz_marker_tools:/home/thisum/my_ws/install/rosparam_shortcuts:/home/thisum/my_ws/install/new_full_arm:/home/thisum/my_ws/install/moveit_task_constructor_msgs:/home/thisum/my_ws/install/moveit_resources_prbt_support:/home/thisum/my_ws/install/moveit_resources:/home/thisum/my_ws/install/moveit_resources_pr2_description:/home/thisum/my_ws/install/moveit_resources_panda_moveit_config:/home/thisum/my_ws/install/moveit_resources_panda_description:/home/thisum/my_ws/install/moveit_resources_fanuc_moveit_config:/home/thisum/my_ws/install/moveit_resources_fanuc_description:/home/thisum/my_ws/install/moveit_common:/home/thisum/arm_ws/install/x:/home/thisum/arm_ws/install/robotiq_description:/home/thisum/arm_ws/install/robotiq_controllers:/home/thisum/arm_ws/install/arm_config:/home/thisum/my_ws/install/moveit_configs_utils:/home/thisum/my_ws/install/launch_param_builder:/home/thisum/arm_ws/install/moveit_configs_utils:/opt/ros/humble:/home/thisum/arm_ws/install/new_full_arm:/home/thisum/arm_ws/install/moveit_resources_prbt_support:/home/thisum/arm_ws/install/moveit_resources_pr2_description:/home/thisum/arm_ws/install/moveit_resources_panda_description:/home/thisum/arm_ws/install/moveit_resources_fanuc_description:/home/thisum/arm_ws/install/moveit_msgs:/home/thisum/arm_ws/install/moveit_common:/home/thisum/arm_ws/install/kortex_api LD_LIBRARY_PATH=/home/thisum/my_ws/src/install/moveit_ros_planning/lib:/home/thisum/my_ws/src/install/moveit_ros_occupancy_map_monitor/lib:/home/thisum/my_ws/src/install/moveit_core/lib:/home/thisum/my_ws/src/install/srdfdom/lib:${LD_LIBRARY_PATH} PATH=/home/thisum/my_ws/src/install/moveit_core/bin:${PATH} PYTHONPATH=/home/thisum/my_ws/src/install/srdfdom/local/lib/python3.10/dist-packages:${PYTHONPATH} /usr/bin/cmake --build /home/thisum/my_ws/src/build/moveit_ros_warehouse -- -j6 -l6
[57.124s] Invoking command in '/home/thisum/my_ws/src/build/moveit_ros_warehouse': AMENT_PREFIX_PATH=/home/thisum/my_ws/src/install/moveit_ros_planning:/home/thisum/my_ws/src/install/moveit_ros_occupancy_map_monitor:/home/thisum/my_ws/src/install/moveit_core:/home/thisum/my_ws/src/install/moveit_resources_panda_moveit_config:/home/thisum/my_ws/src/install/srdfdom:/home/thisum/my_ws/src/install/moveit_resources_pr2_description:/home/thisum/my_ws/src/install/moveit_resources_panda_description:/home/thisum/my_ws/src/install/moveit_common:${AMENT_PREFIX_PATH} CMAKE_PREFIX_PATH=/home/thisum/my_ws/src/install/moveit_ros_planning:/home/thisum/my_ws/src/install/moveit_ros_occupancy_map_monitor:/home/thisum/my_ws/src/install/moveit_core:/home/thisum/my_ws/src/install/moveit_resources_panda_moveit_config:/home/thisum/my_ws/src/install/srdfdom:/home/thisum/my_ws/src/install/moveit_resources_pr2_description:/home/thisum/my_ws/src/install/moveit_resources_panda_description:/home/thisum/my_ws/src/install/moveit_common:/home/thisum/my_ws/install/pilz_industrial_motion_planner_testutils:/home/thisum/my_ws/install/moveit_runtime:/home/thisum/my_ws/install/moveit2_tutorials:/home/thisum/my_ws/install/moveit:/home/thisum/my_ws/install/arm_config:/home/thisum/my_ws/install/moveit_planners:/home/thisum/my_ws/install/pilz_industrial_motion_planner:/home/thisum/my_ws/install/moveit_visual_tools:/home/thisum/my_ws/install/moveit_task_constructor_visualization:/home/thisum/my_ws/install/moveit_task_constructor_demo:/home/thisum/my_ws/install/moveit_task_constructor_capabilities:/home/thisum/my_ws/install/moveit_task_constructor_core:/home/thisum/my_ws/install/moveit_ros_control_interface:/home/thisum/my_ws/install/moveit_plugins:/home/thisum/my_ws/install/moveit_simple_controller_manager:/home/thisum/my_ws/install/moveit_setup_assistant:/home/thisum/my_ws/install/moveit_setup_srdf_plugins:/home/thisum/my_ws/install/moveit_setup_core_plugins:/home/thisum/my_ws/install/moveit_setup_controllers:/home/thisum/my_ws/install/moveit_setup_app_plugins:/home/thisum/my_ws/install/moveit_setup_framework:/home/thisum/my_ws/install/moveit_servo:/home/thisum/my_ws/install/moveit_ros:/home/thisum/my_ws/install/moveit_ros_visualization:/home/thisum/my_ws/install/moveit_hybrid_planning:/home/thisum/my_ws/install/moveit_ros_planning_interface:/home/thisum/my_ws/install/moveit_ros_benchmarks:/home/thisum/my_ws/install/moveit_ros_warehouse:/home/thisum/my_ws/install/moveit_ros_robot_interaction:/home/thisum/my_ws/install/moveit_ros_perception:/home/thisum/my_ws/install/moveit_resources_prbt_pg70_support:/home/thisum/my_ws/install/moveit_resources_prbt_moveit_config:/home/thisum/my_ws/install/moveit_ros_move_group:/home/thisum/my_ws/install/moveit_planners_ompl:/home/thisum/my_ws/install/moveit_ros_planning:/home/thisum/my_ws/install/moveit_ros_occupancy_map_monitor:/home/thisum/my_ws/install/moveit_resources_prbt_ikfast_manipulator_plugin:/home/thisum/my_ws/install/moveit_planners_chomp:/home/thisum/my_ws/install/moveit_kinematics:/home/thisum/my_ws/install/moveit_chomp_optimizer_adapter:/home/thisum/my_ws/install/chomp_motion_planner:/home/thisum/my_ws/install/moveit_core:/home/thisum/my_ws/install/srdfdom:/home/thisum/my_ws/install/rviz_marker_tools:/home/thisum/my_ws/install/rosparam_shortcuts:/home/thisum/my_ws/install/new_full_arm:/home/thisum/my_ws/install/moveit_task_constructor_msgs:/home/thisum/my_ws/install/moveit_resources_prbt_support:/home/thisum/my_ws/install/moveit_resources:/home/thisum/my_ws/install/moveit_resources_pr2_description:/home/thisum/my_ws/install/moveit_resources_panda_moveit_config:/home/thisum/my_ws/install/moveit_resources_panda_description:/home/thisum/my_ws/install/moveit_resources_fanuc_moveit_config:/home/thisum/my_ws/install/moveit_resources_fanuc_description:/home/thisum/my_ws/install/moveit_common:/home/thisum/arm_ws/install/x:/home/thisum/arm_ws/install/robotiq_description:/home/thisum/arm_ws/install/robotiq_controllers:/home/thisum/arm_ws/install/arm_config:/home/thisum/my_ws/install/moveit_configs_utils:/home/thisum/my_ws/install/launch_param_builder:/home/thisum/arm_ws/install/moveit_configs_utils:/opt/ros/humble:/home/thisum/arm_ws/install/new_full_arm:/home/thisum/arm_ws/install/moveit_resources_prbt_support:/home/thisum/arm_ws/install/moveit_resources_pr2_description:/home/thisum/arm_ws/install/moveit_resources_panda_description:/home/thisum/arm_ws/install/moveit_resources_fanuc_description:/home/thisum/arm_ws/install/moveit_msgs:/home/thisum/arm_ws/install/moveit_common:/home/thisum/arm_ws/install/kortex_api LD_LIBRARY_PATH=/home/thisum/my_ws/src/install/moveit_ros_planning/lib:/home/thisum/my_ws/src/install/moveit_ros_occupancy_map_monitor/lib:/home/thisum/my_ws/src/install/moveit_core/lib:/home/thisum/my_ws/src/install/srdfdom/lib:${LD_LIBRARY_PATH} PATH=/home/thisum/my_ws/src/install/moveit_core/bin:${PATH} PYTHONPATH=/home/thisum/my_ws/src/install/srdfdom/local/lib/python3.10/dist-packages:${PYTHONPATH} /usr/bin/cmake --install /home/thisum/my_ws/src/build/moveit_ros_warehouse
[57.142s] -- Install configuration: "Release"
[57.143s] -- Installing: /home/thisum/my_ws/src/install/moveit_ros_warehouse/lib/moveit_ros_warehouse/moveit_save_to_warehouse
[57.146s] -- Set runtime path of "/home/thisum/my_ws/src/install/moveit_ros_warehouse/lib/moveit_ros_warehouse/moveit_save_to_warehouse" to ""
[57.146s] -- Installing: /home/thisum/my_ws/src/install/moveit_ros_warehouse/lib/moveit_ros_warehouse/moveit_warehouse_broadcast
[57.148s] -- Set runtime path of "/home/thisum/my_ws/src/install/moveit_ros_warehouse/lib/moveit_ros_warehouse/moveit_warehouse_broadcast" to ""
[57.148s] -- Installing: /home/thisum/my_ws/src/install/moveit_ros_warehouse/lib/moveit_ros_warehouse/moveit_warehouse_import_from_text
[57.149s] -- Set runtime path of "/home/thisum/my_ws/src/install/moveit_ros_warehouse/lib/moveit_ros_warehouse/moveit_warehouse_import_from_text" to ""
[57.149s] -- Installing: /home/thisum/my_ws/src/install/moveit_ros_warehouse/lib/moveit_ros_warehouse/moveit_warehouse_save_as_text
[57.150s] -- Set runtime path of "/home/thisum/my_ws/src/install/moveit_ros_warehouse/lib/moveit_ros_warehouse/moveit_warehouse_save_as_text" to ""
[57.150s] -- Installing: /home/thisum/my_ws/src/install/moveit_ros_warehouse/lib/moveit_ros_warehouse/moveit_init_demo_warehouse
[57.151s] -- Set runtime path of "/home/thisum/my_ws/src/install/moveit_ros_warehouse/lib/moveit_ros_warehouse/moveit_init_demo_warehouse" to ""
[57.151s] -- Installing: /home/thisum/my_ws/src/install/moveit_ros_warehouse/lib/moveit_ros_warehouse/moveit_warehouse_services
[57.154s] -- Set runtime path of "/home/thisum/my_ws/src/install/moveit_ros_warehouse/lib/moveit_ros_warehouse/moveit_warehouse_services" to ""
[57.154s] -- Installing: /home/thisum/my_ws/src/install/moveit_ros_warehouse/include
[57.155s] -- Installing: /home/thisum/my_ws/src/install/moveit_ros_warehouse/include/moveit
[57.155s] -- Installing: /home/thisum/my_ws/src/install/moveit_ros_warehouse/include/moveit/warehouse
[57.156s] -- Installing: /home/thisum/my_ws/src/install/moveit_ros_warehouse/include/moveit/warehouse/planning_scene_world_storage.h
[57.162s] -- Installing: /home/thisum/my_ws/src/install/moveit_ros_warehouse/include/moveit/warehouse/moveit_message_storage.h
[57.166s] -- Installing: /home/thisum/my_ws/src/install/moveit_ros_warehouse/include/moveit/warehouse/state_storage.h
[57.166s] -- Installing: /home/thisum/my_ws/src/install/moveit_ros_warehouse/include/moveit/warehouse/planning_scene_storage.h
[57.166s] -- Installing: /home/thisum/my_ws/src/install/moveit_ros_warehouse/include/moveit/warehouse/warehouse_connector.h
[57.166s] -- Installing: /home/thisum/my_ws/src/install/moveit_ros_warehouse/include/moveit/warehouse/constraints_storage.h
[57.167s] -- Installing: /home/thisum/my_ws/src/install/moveit_ros_warehouse/include/moveit/warehouse/trajectory_constraints_storage.h
[57.167s] -- Installing: /home/thisum/my_ws/src/install/moveit_ros_warehouse/include/moveit_warehouse_export.h
[57.167s] -- Installing: /home/thisum/my_ws/src/install/moveit_ros_warehouse/lib/libmoveit_warehouse.so.2.5.5
[57.167s] -- Set runtime path of "/home/thisum/my_ws/src/install/moveit_ros_warehouse/lib/libmoveit_warehouse.so.2.5.5" to ""
[57.168s] -- Installing: /home/thisum/my_ws/src/install/moveit_ros_warehouse/lib/libmoveit_warehouse.so
[57.168s] -- Installing: /home/thisum/my_ws/src/install/moveit_ros_warehouse/share/moveit_ros_warehouse/environment/library_path.sh
[57.168s] -- Installing: /home/thisum/my_ws/src/install/moveit_ros_warehouse/share/moveit_ros_warehouse/environment/library_path.dsv
[57.168s] -- Installing: /home/thisum/my_ws/src/install/moveit_ros_warehouse/share/ament_index/resource_index/package_run_dependencies/moveit_ros_warehouse
[57.168s] -- Installing: /home/thisum/my_ws/src/install/moveit_ros_warehouse/share/ament_index/resource_index/parent_prefix_path/moveit_ros_warehouse
[57.168s] -- Installing: /home/thisum/my_ws/src/install/moveit_ros_warehouse/share/moveit_ros_warehouse/environment/ament_prefix_path.sh
[57.168s] -- Installing: /home/thisum/my_ws/src/install/moveit_ros_warehouse/share/moveit_ros_warehouse/environment/ament_prefix_path.dsv
[57.169s] -- Installing: /home/thisum/my_ws/src/install/moveit_ros_warehouse/share/moveit_ros_warehouse/environment/path.sh
[57.169s] -- Installing: /home/thisum/my_ws/src/install/moveit_ros_warehouse/share/moveit_ros_warehouse/environment/path.dsv
[57.169s] -- Installing: /home/thisum/my_ws/src/install/moveit_ros_warehouse/share/moveit_ros_warehouse/local_setup.bash
[57.169s] -- Installing: /home/thisum/my_ws/src/install/moveit_ros_warehouse/share/moveit_ros_warehouse/local_setup.sh
[57.169s] -- Installing: /home/thisum/my_ws/src/install/moveit_ros_warehouse/share/moveit_ros_warehouse/local_setup.zsh
[57.169s] -- Installing: /home/thisum/my_ws/src/install/moveit_ros_warehouse/share/moveit_ros_warehouse/local_setup.dsv
[57.170s] -- Installing: /home/thisum/my_ws/src/install/moveit_ros_warehouse/share/moveit_ros_warehouse/package.dsv
[57.170s] -- Installing: /home/thisum/my_ws/src/install/moveit_ros_warehouse/share/ament_index/resource_index/packages/moveit_ros_warehouse
[57.170s] -- Installing: /home/thisum/my_ws/src/install/moveit_ros_warehouse/share/moveit_ros_warehouse/cmake/export_moveit_ros_warehouseExport.cmake
[57.170s] -- Installing: /home/thisum/my_ws/src/install/moveit_ros_warehouse/share/moveit_ros_warehouse/cmake/export_moveit_ros_warehouseExport-release.cmake
[57.170s] -- Installing: /home/thisum/my_ws/src/install/moveit_ros_warehouse/share/moveit_ros_warehouse/cmake/ConfigExtras.cmake
[57.170s] -- Installing: /home/thisum/my_ws/src/install/moveit_ros_warehouse/share/moveit_ros_warehouse/cmake/ament_cmake_export_targets-extras.cmake
[57.170s] -- Installing: /home/thisum/my_ws/src/install/moveit_ros_warehouse/share/moveit_ros_warehouse/cmake/ament_cmake_export_dependencies-extras.cmake
[57.171s] -- Installing: /home/thisum/my_ws/src/install/moveit_ros_warehouse/share/moveit_ros_warehouse/cmake/moveit_ros_warehouseConfig.cmake
[57.171s] -- Installing: /home/thisum/my_ws/src/install/moveit_ros_warehouse/share/moveit_ros_warehouse/cmake/moveit_ros_warehouseConfig-version.cmake
[57.172s] -- Installing: /home/thisum/my_ws/src/install/moveit_ros_warehouse/share/moveit_ros_warehouse/package.xml
[57.176s] Invoked command in '/home/thisum/my_ws/src/build/moveit_ros_warehouse' returned '0': AMENT_PREFIX_PATH=/home/thisum/my_ws/src/install/moveit_ros_planning:/home/thisum/my_ws/src/install/moveit_ros_occupancy_map_monitor:/home/thisum/my_ws/src/install/moveit_core:/home/thisum/my_ws/src/install/moveit_resources_panda_moveit_config:/home/thisum/my_ws/src/install/srdfdom:/home/thisum/my_ws/src/install/moveit_resources_pr2_description:/home/thisum/my_ws/src/install/moveit_resources_panda_description:/home/thisum/my_ws/src/install/moveit_common:${AMENT_PREFIX_PATH} CMAKE_PREFIX_PATH=/home/thisum/my_ws/src/install/moveit_ros_planning:/home/thisum/my_ws/src/install/moveit_ros_occupancy_map_monitor:/home/thisum/my_ws/src/install/moveit_core:/home/thisum/my_ws/src/install/moveit_resources_panda_moveit_config:/home/thisum/my_ws/src/install/srdfdom:/home/thisum/my_ws/src/install/moveit_resources_pr2_description:/home/thisum/my_ws/src/install/moveit_resources_panda_description:/home/thisum/my_ws/src/install/moveit_common:/home/thisum/my_ws/install/pilz_industrial_motion_planner_testutils:/home/thisum/my_ws/install/moveit_runtime:/home/thisum/my_ws/install/moveit2_tutorials:/home/thisum/my_ws/install/moveit:/home/thisum/my_ws/install/arm_config:/home/thisum/my_ws/install/moveit_planners:/home/thisum/my_ws/install/pilz_industrial_motion_planner:/home/thisum/my_ws/install/moveit_visual_tools:/home/thisum/my_ws/install/moveit_task_constructor_visualization:/home/thisum/my_ws/install/moveit_task_constructor_demo:/home/thisum/my_ws/install/moveit_task_constructor_capabilities:/home/thisum/my_ws/install/moveit_task_constructor_core:/home/thisum/my_ws/install/moveit_ros_control_interface:/home/thisum/my_ws/install/moveit_plugins:/home/thisum/my_ws/install/moveit_simple_controller_manager:/home/thisum/my_ws/install/moveit_setup_assistant:/home/thisum/my_ws/install/moveit_setup_srdf_plugins:/home/thisum/my_ws/install/moveit_setup_core_plugins:/home/thisum/my_ws/install/moveit_setup_controllers:/home/thisum/my_ws/install/moveit_setup_app_plugins:/home/thisum/my_ws/install/moveit_setup_framework:/home/thisum/my_ws/install/moveit_servo:/home/thisum/my_ws/install/moveit_ros:/home/thisum/my_ws/install/moveit_ros_visualization:/home/thisum/my_ws/install/moveit_hybrid_planning:/home/thisum/my_ws/install/moveit_ros_planning_interface:/home/thisum/my_ws/install/moveit_ros_benchmarks:/home/thisum/my_ws/install/moveit_ros_warehouse:/home/thisum/my_ws/install/moveit_ros_robot_interaction:/home/thisum/my_ws/install/moveit_ros_perception:/home/thisum/my_ws/install/moveit_resources_prbt_pg70_support:/home/thisum/my_ws/install/moveit_resources_prbt_moveit_config:/home/thisum/my_ws/install/moveit_ros_move_group:/home/thisum/my_ws/install/moveit_planners_ompl:/home/thisum/my_ws/install/moveit_ros_planning:/home/thisum/my_ws/install/moveit_ros_occupancy_map_monitor:/home/thisum/my_ws/install/moveit_resources_prbt_ikfast_manipulator_plugin:/home/thisum/my_ws/install/moveit_planners_chomp:/home/thisum/my_ws/install/moveit_kinematics:/home/thisum/my_ws/install/moveit_chomp_optimizer_adapter:/home/thisum/my_ws/install/chomp_motion_planner:/home/thisum/my_ws/install/moveit_core:/home/thisum/my_ws/install/srdfdom:/home/thisum/my_ws/install/rviz_marker_tools:/home/thisum/my_ws/install/rosparam_shortcuts:/home/thisum/my_ws/install/new_full_arm:/home/thisum/my_ws/install/moveit_task_constructor_msgs:/home/thisum/my_ws/install/moveit_resources_prbt_support:/home/thisum/my_ws/install/moveit_resources:/home/thisum/my_ws/install/moveit_resources_pr2_description:/home/thisum/my_ws/install/moveit_resources_panda_moveit_config:/home/thisum/my_ws/install/moveit_resources_panda_description:/home/thisum/my_ws/install/moveit_resources_fanuc_moveit_config:/home/thisum/my_ws/install/moveit_resources_fanuc_description:/home/thisum/my_ws/install/moveit_common:/home/thisum/arm_ws/install/x:/home/thisum/arm_ws/install/robotiq_description:/home/thisum/arm_ws/install/robotiq_controllers:/home/thisum/arm_ws/install/arm_config:/home/thisum/my_ws/install/moveit_configs_utils:/home/thisum/my_ws/install/launch_param_builder:/home/thisum/arm_ws/install/moveit_configs_utils:/opt/ros/humble:/home/thisum/arm_ws/install/new_full_arm:/home/thisum/arm_ws/install/moveit_resources_prbt_support:/home/thisum/arm_ws/install/moveit_resources_pr2_description:/home/thisum/arm_ws/install/moveit_resources_panda_description:/home/thisum/arm_ws/install/moveit_resources_fanuc_description:/home/thisum/arm_ws/install/moveit_msgs:/home/thisum/arm_ws/install/moveit_common:/home/thisum/arm_ws/install/kortex_api LD_LIBRARY_PATH=/home/thisum/my_ws/src/install/moveit_ros_planning/lib:/home/thisum/my_ws/src/install/moveit_ros_occupancy_map_monitor/lib:/home/thisum/my_ws/src/install/moveit_core/lib:/home/thisum/my_ws/src/install/srdfdom/lib:${LD_LIBRARY_PATH} PATH=/home/thisum/my_ws/src/install/moveit_core/bin:${PATH} PYTHONPATH=/home/thisum/my_ws/src/install/srdfdom/local/lib/python3.10/dist-packages:${PYTHONPATH} /usr/bin/cmake --install /home/thisum/my_ws/src/build/moveit_ros_warehouse
