[0.031s] Invoking command in '/home/thisum/my_ws/build/moveit_core': AMENT_PREFIX_PATH=/home/thisum/my_ws/install/moveit_resources_panda_moveit_config:/home/thisum/my_ws/install/srdfdom:/home/thisum/my_ws/install/moveit_resources_pr2_description:/home/thisum/my_ws/install/moveit_resources_panda_description:/home/thisum/my_ws/install/moveit_common:${AMENT_PREFIX_PATH} CMAKE_PREFIX_PATH=/home/thisum/my_ws/install/moveit_resources_panda_moveit_config:/home/thisum/my_ws/install/srdfdom:/home/thisum/my_ws/install/moveit_resources_pr2_description:/home/thisum/my_ws/install/moveit_resources_panda_description:/home/thisum/my_ws/install/moveit_common:/opt/ros/humble LD_LIBRARY_PATH=/home/thisum/my_ws/install/srdfdom/lib:${LD_LIBRARY_PATH} PYTHONPATH=/home/thisum/my_ws/install/srdfdom/local/lib/python3.10/dist-packages:${PYTHONPATH} /usr/bin/cmake --build /home/thisum/my_ws/build/moveit_core -- -j6 -l6
[0.204s] [35m[1mConsolidate compiler generated dependencies of target gtest[0m
[0.205s] [35m[1mConsolidate compiler generated dependencies of target moveit_transforms[0m
[0.205s] [35m[1mConsolidate compiler generated dependencies of target moveit_exceptions[0m
[0.206s] [35m[1mConsolidate compiler generated dependencies of target moveit_utils[0m
[0.213s] [35m[1mConsolidate compiler generated dependencies of target moveit_distance_field[0m
[0.219s] [35m[1mConsolidate compiler generated dependencies of target moveit_kinematics_base[0m
[0.232s] [  1%] Built target gtest
[0.239s] [  2%] Built target moveit_exceptions
[0.245s] [  4%] Built target moveit_utils
[0.253s] [  5%] Built target moveit_transforms
[0.255s] [35m[1mConsolidate compiler generated dependencies of target gtest_main[0m
[0.260s] [  6%] Built target moveit_kinematics_base
[0.277s] [35m[1mConsolidate compiler generated dependencies of target gmock_main[0m
[0.294s] [35m[1mConsolidate compiler generated dependencies of target gmock[0m
[0.300s] [  7%] Built target gtest_main
[0.305s] [35m[1mConsolidate compiler generated dependencies of target moveit_smoothing_base[0m
[0.312s] [  8%] Built target gmock_main
[0.317s] [ 10%] Built target moveit_distance_field
[0.328s] [35m[1mConsolidate compiler generated dependencies of target moveit_version[0m
[0.334s] [ 12%] Built target gmock
[0.336s] [ 13%] Built target moveit_butterworth_parameters
[0.341s] [ 14%] Built target moveit_smoothing_base
[0.350s] [ 16%] Built target moveit_version
[0.352s] [35m[1mConsolidate compiler generated dependencies of target test_transforms[0m
[0.372s] [35m[1mConsolidate compiler generated dependencies of target moveit_robot_model[0m
[0.381s] [35m[1mConsolidate compiler generated dependencies of target test_distance_field[0m
[0.381s] [35m[1mConsolidate compiler generated dependencies of target test_voxel_grid[0m
[0.400s] [ 17%] Built target test_transforms
[0.417s] [ 18%] Built target test_voxel_grid
[0.424s] [ 19%] Built target test_distance_field
[0.442s] [ 26%] Built target moveit_robot_model
[0.477s] [35m[1mConsolidate compiler generated dependencies of target moveit_test_utils[0m
[0.482s] [35m[1mConsolidate compiler generated dependencies of target moveit_butterworth_filter[0m
[0.492s] [35m[1mConsolidate compiler generated dependencies of target moveit_robot_state[0m
[0.528s] [ 28%] Built target moveit_test_utils
[0.528s] [ 28%] Built target moveit_butterworth_filter
[0.550s] [ 31%] Built target moveit_robot_state
[0.556s] [35m[1mConsolidate compiler generated dependencies of target test_robot_model[0m
[0.557s] [35m[1mConsolidate compiler generated dependencies of target test_butterworth_filter[0m
[0.588s] [35m[1mConsolidate compiler generated dependencies of target moveit_kinematics_metrics[0m
[0.588s] [35m[1mConsolidate compiler generated dependencies of target moveit_robot_trajectory[0m
[0.601s] [35m[1mConsolidate compiler generated dependencies of target moveit_dynamics_solver[0m
[0.609s] [ 33%] Built target test_robot_model
[0.609s] [ 33%] Built target test_butterworth_filter
[0.627s] [35m[1mConsolidate compiler generated dependencies of target moveit_collision_detection[0m
[0.635s] [ 34%] Built target moveit_kinematics_metrics
[0.642s] [35m[1mConsolidate compiler generated dependencies of target test_robot_state_benchmark[0m
[0.644s] [35m[1mConsolidate compiler generated dependencies of target test_robot_state[0m
[0.644s] [ 35%] Built target moveit_robot_trajectory
[0.656s] [ 37%] Built target moveit_dynamics_solver
[0.667s] [35m[1mConsolidate compiler generated dependencies of target test_robot_state_complex[0m
[0.682s] [35m[1mConsolidate compiler generated dependencies of target test_aabb[0m
[0.694s] [ 38%] Built target test_robot_state_benchmark
[0.706s] [35m[1mConsolidate compiler generated dependencies of target test_cartesian_interpolator[0m
[0.738s] [ 40%] Built target test_robot_state_complex
[0.739s] [ 41%] Built target test_robot_state
[0.743s] [ 42%] Built target test_aabb
[0.751s] [ 48%] Built target test_cartesian_interpolator
[0.752s] [ 49%] Built target moveit_collision_detection
[0.757s] [35m[1mConsolidate compiler generated dependencies of target test_robot_trajectory[0m
[0.793s] [35m[1mConsolidate compiler generated dependencies of target moveit_planning_interface[0m
[0.801s] [35m[1mConsolidate compiler generated dependencies of target test_world_diff[0m
[0.802s] [35m[1mConsolidate compiler generated dependencies of target test_world[0m
[0.807s] [35m[1mConsolidate compiler generated dependencies of target moveit_trajectory_processing[0m
[0.810s] [35m[1mConsolidate compiler generated dependencies of target moveit_collision_detection_fcl[0m
[0.820s] [ 50%] Built target test_robot_trajectory
[0.832s] [ 51%] Built target test_world
[0.835s] [ 53%] Built target test_world_diff
[0.843s] [ 55%] Built target moveit_planning_interface
[0.856s] [35m[1mConsolidate compiler generated dependencies of target test_all_valid[0m
[0.890s] [ 59%] Built target moveit_trajectory_processing
[0.897s] [35m[1mConsolidate compiler generated dependencies of target moveit_collision_detection_bullet[0m
[0.904s] [ 60%] Built target test_all_valid
[0.911s] [ 62%] Built target moveit_collision_detection_fcl
[0.925s] [35m[1mConsolidate compiler generated dependencies of target test_time_parameterization[0m
[0.928s] [35m[1mConsolidate compiler generated dependencies of target test_ruckig_traj_smoothing[0m
[0.930s] [35m[1mConsolidate compiler generated dependencies of target test_time_optimal_trajectory_generation[0m
[0.942s] [35m[1mConsolidate compiler generated dependencies of target moveit_kinematic_constraints[0m
[0.947s] [35m[1mConsolidate compiler generated dependencies of target test_fcl_collision_env[0m
[0.968s] [ 63%] Built target test_ruckig_traj_smoothing
[0.970s] [ 64%] Built target test_time_parameterization
[0.990s] [ 66%] Built target test_time_optimal_trajectory_generation
[1.006s] [ 68%] Built target test_fcl_collision_env
[1.008s] [35m[1mConsolidate compiler generated dependencies of target test_fcl_collision_detection[0m
[1.010s] [35m[1mConsolidate compiler generated dependencies of target test_fcl_collision_detection_panda[0m
[1.019s] [ 73%] Built target moveit_collision_detection_bullet
[1.020s] [ 75%] Built target moveit_kinematic_constraints
[1.052s] [35m[1mConsolidate compiler generated dependencies of target test_bullet_collision_detection[0m
[1.053s] [35m[1mConsolidate compiler generated dependencies of target test_bullet_collision_detection_panda[0m
[1.053s] [35m[1mConsolidate compiler generated dependencies of target moveit_planning_scene[0m
[1.059s] [ 76%] Built target test_fcl_collision_detection
[1.065s] [35m[1mConsolidate compiler generated dependencies of target test_bullet_continuous_collision_checking[0m
[1.104s] [ 77%] Built target test_fcl_collision_detection_panda
[1.104s] [35m[1mConsolidate compiler generated dependencies of target test_constraints[0m
[1.120s] [ 78%] Built target test_bullet_collision_detection_panda
[1.120s] [ 79%] Built target test_bullet_collision_detection
[1.135s] [ 81%] Built target test_bullet_continuous_collision_checking
[1.136s] [ 82%] Built target moveit_planning_scene
[1.137s] [35m[1mConsolidate compiler generated dependencies of target test_orientation_constraints[0m
[1.140s] [ 83%] Built target test_constraints
[1.170s] [35m[1mConsolidate compiler generated dependencies of target test_planning_scene[0m
[1.170s] [35m[1mConsolidate compiler generated dependencies of target test_collision_objects[0m
[1.173s] [35m[1mConsolidate compiler generated dependencies of target moveit_planning_request_adapter[0m
[1.182s] [35m[1mConsolidate compiler generated dependencies of target moveit_collision_distance_field[0m
[1.193s] [ 84%] Built target test_orientation_constraints
[1.196s] [35m[1mConsolidate compiler generated dependencies of target moveit_constraint_samplers[0m
[1.217s] [ 85%] Built target test_planning_scene
[1.242s] [35m[1mConsolidate compiler generated dependencies of target test_multi_threaded[0m
[1.247s] [ 86%] Built target test_collision_objects
[1.247s] [35m[1mConsolidate compiler generated dependencies of target collision_detector_bullet_plugin[0m
[1.252s] [ 87%] Built target moveit_planning_request_adapter
[1.268s] [ 90%] Built target moveit_collision_distance_field
[1.274s] [35m[1mConsolidate compiler generated dependencies of target collision_detector_fcl_plugin[0m
[1.281s] [ 93%] Built target moveit_constraint_samplers
[1.286s] [ 94%] Built target collision_detector_bullet_plugin
[1.286s] [ 95%] Built target test_multi_threaded
[1.312s] [35m[1mConsolidate compiler generated dependencies of target test_collision_distance_field[0m
[1.339s] [35m[1mConsolidate compiler generated dependencies of target test_constraint_samplers[0m
[1.355s] [ 96%] Built target collision_detector_fcl_plugin
[1.361s] [ 97%] Built target test_collision_distance_field
[1.389s] [100%] Built target test_constraint_samplers
[1.411s] Invoked command in '/home/thisum/my_ws/build/moveit_core' returned '0': AMENT_PREFIX_PATH=/home/thisum/my_ws/install/moveit_resources_panda_moveit_config:/home/thisum/my_ws/install/srdfdom:/home/thisum/my_ws/install/moveit_resources_pr2_description:/home/thisum/my_ws/install/moveit_resources_panda_description:/home/thisum/my_ws/install/moveit_common:${AMENT_PREFIX_PATH} CMAKE_PREFIX_PATH=/home/thisum/my_ws/install/moveit_resources_panda_moveit_config:/home/thisum/my_ws/install/srdfdom:/home/thisum/my_ws/install/moveit_resources_pr2_description:/home/thisum/my_ws/install/moveit_resources_panda_description:/home/thisum/my_ws/install/moveit_common:/opt/ros/humble LD_LIBRARY_PATH=/home/thisum/my_ws/install/srdfdom/lib:${LD_LIBRARY_PATH} PYTHONPATH=/home/thisum/my_ws/install/srdfdom/local/lib/python3.10/dist-packages:${PYTHONPATH} /usr/bin/cmake --build /home/thisum/my_ws/build/moveit_core -- -j6 -l6
[1.580s] Invoking command in '/home/thisum/my_ws/build/moveit_core': AMENT_PREFIX_PATH=/home/thisum/my_ws/install/moveit_resources_panda_moveit_config:/home/thisum/my_ws/install/srdfdom:/home/thisum/my_ws/install/moveit_resources_pr2_description:/home/thisum/my_ws/install/moveit_resources_panda_description:/home/thisum/my_ws/install/moveit_common:${AMENT_PREFIX_PATH} CMAKE_PREFIX_PATH=/home/thisum/my_ws/install/moveit_resources_panda_moveit_config:/home/thisum/my_ws/install/srdfdom:/home/thisum/my_ws/install/moveit_resources_pr2_description:/home/thisum/my_ws/install/moveit_resources_panda_description:/home/thisum/my_ws/install/moveit_common:/opt/ros/humble LD_LIBRARY_PATH=/home/thisum/my_ws/install/srdfdom/lib:${LD_LIBRARY_PATH} PYTHONPATH=/home/thisum/my_ws/install/srdfdom/local/lib/python3.10/dist-packages:${PYTHONPATH} /usr/bin/cmake --install /home/thisum/my_ws/build/moveit_core
[1.598s] -- Install configuration: "Release"
[1.598s] -- Up-to-date: /home/thisum/my_ws/install/moveit_core/include/moveit/version.h
[1.599s] -- Up-to-date: /home/thisum/my_ws/install/moveit_core/include
[1.599s] -- Up-to-date: /home/thisum/my_ws/install/moveit_core/include/moveit
[1.599s] -- Up-to-date: /home/thisum/my_ws/install/moveit_core/include/moveit/collision_distance_field
[1.600s] -- Up-to-date: /home/thisum/my_ws/install/moveit_core/include/moveit/collision_distance_field/collision_detector_allocator_distance_field.h
[1.600s] -- Up-to-date: /home/thisum/my_ws/install/moveit_core/include/moveit/collision_distance_field/collision_env_hybrid.h
[1.600s] -- Up-to-date: /home/thisum/my_ws/install/moveit_core/include/moveit/collision_distance_field/collision_common_distance_field.h
[1.600s] -- Up-to-date: /home/thisum/my_ws/install/moveit_core/include/moveit/collision_distance_field/collision_env_distance_field.h
[1.600s] -- Up-to-date: /home/thisum/my_ws/install/moveit_core/include/moveit/collision_distance_field/collision_distance_field_types.h
[1.601s] -- Up-to-date: /home/thisum/my_ws/install/moveit_core/include/moveit/collision_distance_field/collision_detector_allocator_hybrid.h
[1.601s] -- Up-to-date: /home/thisum/my_ws/install/moveit_core/include/moveit_collision_distance_field_export.h
[1.603s] -- Up-to-date: /home/thisum/my_ws/install/moveit_core/include
[1.603s] -- Up-to-date: /home/thisum/my_ws/install/moveit_core/include/moveit
[1.603s] -- Up-to-date: /home/thisum/my_ws/install/moveit_core/include/moveit/constraint_samplers
[1.604s] -- Up-to-date: /home/thisum/my_ws/install/moveit_core/include/moveit/constraint_samplers/constraint_sampler_manager.h
[1.604s] -- Up-to-date: /home/thisum/my_ws/install/moveit_core/include/moveit/constraint_samplers/constraint_sampler_allocator.h
[1.604s] -- Up-to-date: /home/thisum/my_ws/install/moveit_core/include/moveit/constraint_samplers/default_constraint_samplers.h
[1.604s] -- Up-to-date: /home/thisum/my_ws/install/moveit_core/include/moveit/constraint_samplers/constraint_sampler.h
[1.604s] -- Up-to-date: /home/thisum/my_ws/install/moveit_core/include/moveit/constraint_samplers/union_constraint_sampler.h
[1.604s] -- Up-to-date: /home/thisum/my_ws/install/moveit_core/include/moveit/constraint_samplers/constraint_sampler_tools.h
[1.606s] -- Up-to-date: /home/thisum/my_ws/install/moveit_core/include
[1.607s] -- Up-to-date: /home/thisum/my_ws/install/moveit_core/include/moveit
[1.608s] -- Up-to-date: /home/thisum/my_ws/install/moveit_core/include/moveit/controller_manager
[1.608s] -- Up-to-date: /home/thisum/my_ws/install/moveit_core/include/moveit/controller_manager/controller_manager.h
[1.609s] -- Up-to-date: /home/thisum/my_ws/install/moveit_core/include
[1.610s] -- Up-to-date: /home/thisum/my_ws/install/moveit_core/include/moveit
[1.610s] -- Up-to-date: /home/thisum/my_ws/install/moveit_core/include/moveit/distance_field
[1.610s] -- Up-to-date: /home/thisum/my_ws/install/moveit_core/include/moveit/distance_field/propagation_distance_field.h
[1.610s] -- Up-to-date: /home/thisum/my_ws/install/moveit_core/include/moveit/distance_field/voxel_grid.h
[1.611s] -- Up-to-date: /home/thisum/my_ws/install/moveit_core/include/moveit/distance_field/distance_field.h
[1.611s] -- Up-to-date: /home/thisum/my_ws/install/moveit_core/include/moveit/distance_field/find_internal_points.h
[1.612s] -- Up-to-date: /home/thisum/my_ws/install/moveit_core/include
[1.612s] -- Up-to-date: /home/thisum/my_ws/install/moveit_core/include/moveit
[1.612s] -- Up-to-date: /home/thisum/my_ws/install/moveit_core/include/moveit/dynamics_solver
[1.612s] -- Up-to-date: /home/thisum/my_ws/install/moveit_core/include/moveit/dynamics_solver/dynamics_solver.h
[1.613s] -- Up-to-date: /home/thisum/my_ws/install/moveit_core/include
[1.613s] -- Up-to-date: /home/thisum/my_ws/install/moveit_core/include/moveit
[1.616s] -- Up-to-date: /home/thisum/my_ws/install/moveit_core/include/moveit/exceptions
[1.616s] -- Up-to-date: /home/thisum/my_ws/install/moveit_core/include/moveit/exceptions/exceptions.h
[1.616s] -- Up-to-date: /home/thisum/my_ws/install/moveit_core/include
[1.616s] -- Up-to-date: /home/thisum/my_ws/install/moveit_core/include/moveit
[1.616s] -- Up-to-date: /home/thisum/my_ws/install/moveit_core/include/moveit/kinematics_base
[1.617s] -- Up-to-date: /home/thisum/my_ws/install/moveit_core/include/moveit/kinematics_base/kinematics_base.h
[1.618s] -- Up-to-date: /home/thisum/my_ws/install/moveit_core/include/moveit_kinematics_base_export.h
[1.618s] -- Up-to-date: /home/thisum/my_ws/install/moveit_core/include
[1.619s] -- Up-to-date: /home/thisum/my_ws/install/moveit_core/include/moveit
[1.619s] -- Up-to-date: /home/thisum/my_ws/install/moveit_core/include/moveit/kinematic_constraints
[1.619s] -- Up-to-date: /home/thisum/my_ws/install/moveit_core/include/moveit/kinematic_constraints/kinematic_constraint.h
[1.619s] -- Up-to-date: /home/thisum/my_ws/install/moveit_core/include/moveit/kinematic_constraints/utils.h
[1.619s] -- Up-to-date: /home/thisum/my_ws/install/moveit_core/include
[1.619s] -- Up-to-date: /home/thisum/my_ws/install/moveit_core/include/moveit
[1.619s] -- Up-to-date: /home/thisum/my_ws/install/moveit_core/include/moveit/kinematics_metrics
[1.619s] -- Up-to-date: /home/thisum/my_ws/install/moveit_core/include/moveit/kinematics_metrics/kinematics_metrics.h
[1.620s] -- Up-to-date: /home/thisum/my_ws/install/moveit_core/include
[1.620s] -- Up-to-date: /home/thisum/my_ws/install/moveit_core/include/moveit
[1.620s] -- Up-to-date: /home/thisum/my_ws/install/moveit_core/include/moveit/macros
[1.620s] -- Up-to-date: /home/thisum/my_ws/install/moveit_core/include/moveit/macros/console_colors.h
[1.620s] -- Up-to-date: /home/thisum/my_ws/install/moveit_core/include/moveit/macros/declare_ptr.h
[1.620s] -- Up-to-date: /home/thisum/my_ws/install/moveit_core/include/moveit/macros/deprecation.h
[1.620s] -- Up-to-date: /home/thisum/my_ws/install/moveit_core/include/moveit/macros/class_forward.h
[1.621s] -- Up-to-date: /home/thisum/my_ws/install/moveit_core/include/moveit_butterworth_parameters
[1.621s] -- Up-to-date: /home/thisum/my_ws/install/moveit_core/include/moveit_butterworth_parameters/moveit_butterworth_parameters.hpp
[1.622s] -- Up-to-date: /home/thisum/my_ws/install/moveit_core/include
[1.622s] -- Up-to-date: /home/thisum/my_ws/install/moveit_core/include/moveit
[1.622s] -- Up-to-date: /home/thisum/my_ws/install/moveit_core/include/moveit/online_signal_smoothing
[1.622s] -- Up-to-date: /home/thisum/my_ws/install/moveit_core/include/moveit/online_signal_smoothing/smoothing_base_class.h
[1.622s] -- Up-to-date: /home/thisum/my_ws/install/moveit_core/include/moveit/online_signal_smoothing/butterworth_filter.h
[1.622s] -- Up-to-date: /home/thisum/my_ws/install/moveit_core/include/moveit_smoothing_base_export.h
[1.622s] -- Up-to-date: /home/thisum/my_ws/install/moveit_core/include/moveit_butterworth_filter_export.h
[1.622s] -- Up-to-date: /home/thisum/my_ws/install/moveit_core/include
[1.623s] -- Up-to-date: /home/thisum/my_ws/install/moveit_core/include/moveit
[1.623s] -- Up-to-date: /home/thisum/my_ws/install/moveit_core/include/moveit/planning_interface
[1.623s] -- Up-to-date: /home/thisum/my_ws/install/moveit_core/include/moveit/planning_interface/planning_interface.h
[1.623s] -- Up-to-date: /home/thisum/my_ws/install/moveit_core/include/moveit/planning_interface/planning_request.h
[1.623s] -- Up-to-date: /home/thisum/my_ws/install/moveit_core/include/moveit/planning_interface/planning_response.h
[1.624s] -- Up-to-date: /home/thisum/my_ws/install/moveit_core/include
[1.624s] -- Up-to-date: /home/thisum/my_ws/install/moveit_core/include/moveit
[1.624s] -- Up-to-date: /home/thisum/my_ws/install/moveit_core/include/moveit/planning_request_adapter
[1.624s] -- Up-to-date: /home/thisum/my_ws/install/moveit_core/include/moveit/planning_request_adapter/planning_request_adapter.h
[1.626s] -- Up-to-date: /home/thisum/my_ws/install/moveit_core/include
[1.626s] -- Up-to-date: /home/thisum/my_ws/install/moveit_core/include/moveit
[1.626s] -- Up-to-date: /home/thisum/my_ws/install/moveit_core/include/moveit/planning_scene
[1.626s] -- Up-to-date: /home/thisum/my_ws/install/moveit_core/include/moveit/planning_scene/planning_scene.h
[1.626s] -- Up-to-date: /home/thisum/my_ws/install/moveit_core/include/moveit_planning_scene_export.h
[1.626s] -- Up-to-date: /home/thisum/my_ws/install/moveit_core/include
[1.627s] -- Up-to-date: /home/thisum/my_ws/install/moveit_core/include/moveit
[1.627s] -- Up-to-date: /home/thisum/my_ws/install/moveit_core/include/moveit/robot_model
[1.627s] -- Up-to-date: /home/thisum/my_ws/install/moveit_core/include/moveit/robot_model/robot_model.h
[1.627s] -- Up-to-date: /home/thisum/my_ws/install/moveit_core/include/moveit/robot_model/floating_joint_model.h
[1.627s] -- Up-to-date: /home/thisum/my_ws/install/moveit_core/include/moveit/robot_model/joint_model.h
[1.627s] -- Up-to-date: /home/thisum/my_ws/install/moveit_core/include/moveit/robot_model/joint_model_group.h
[1.627s] -- Up-to-date: /home/thisum/my_ws/install/moveit_core/include/moveit/robot_model/revolute_joint_model.h
[1.627s] -- Up-to-date: /home/thisum/my_ws/install/moveit_core/include/moveit/robot_model/prismatic_joint_model.h
[1.628s] -- Up-to-date: /home/thisum/my_ws/install/moveit_core/include/moveit/robot_model/fixed_joint_model.h
[1.628s] -- Up-to-date: /home/thisum/my_ws/install/moveit_core/include/moveit/robot_model/planar_joint_model.h
[1.628s] -- Up-to-date: /home/thisum/my_ws/install/moveit_core/include/moveit/robot_model/aabb.h
[1.628s] -- Up-to-date: /home/thisum/my_ws/install/moveit_core/include/moveit/robot_model/link_model.h
[1.628s] -- Up-to-date: /home/thisum/my_ws/install/moveit_core/include
[1.628s] -- Up-to-date: /home/thisum/my_ws/install/moveit_core/include/moveit
[1.628s] -- Up-to-date: /home/thisum/my_ws/install/moveit_core/include/moveit/robot_state
[1.628s] -- Up-to-date: /home/thisum/my_ws/install/moveit_core/include/moveit/robot_state/robot_state.h
[1.628s] -- Up-to-date: /home/thisum/my_ws/install/moveit_core/include/moveit/robot_state/conversions.h
[1.628s] -- Up-to-date: /home/thisum/my_ws/install/moveit_core/include/moveit/robot_state/attached_body.h
[1.629s] -- Up-to-date: /home/thisum/my_ws/install/moveit_core/include/moveit/robot_state/cartesian_interpolator.h
[1.629s] -- Up-to-date: /home/thisum/my_ws/install/moveit_core/include
[1.629s] -- Up-to-date: /home/thisum/my_ws/install/moveit_core/include/moveit
[1.629s] -- Up-to-date: /home/thisum/my_ws/install/moveit_core/include/moveit/robot_trajectory
[1.630s] -- Up-to-date: /home/thisum/my_ws/install/moveit_core/include/moveit/robot_trajectory/robot_trajectory.h
[1.630s] -- Up-to-date: /home/thisum/my_ws/install/moveit_core/include
[1.631s] -- Up-to-date: /home/thisum/my_ws/install/moveit_core/include/moveit
[1.632s] -- Up-to-date: /home/thisum/my_ws/install/moveit_core/include/moveit/sensor_manager
[1.632s] -- Up-to-date: /home/thisum/my_ws/install/moveit_core/include/moveit/sensor_manager/sensor_manager.h
[1.633s] -- Up-to-date: /home/thisum/my_ws/install/moveit_core/include
[1.633s] -- Up-to-date: /home/thisum/my_ws/install/moveit_core/include/moveit
[1.633s] -- Up-to-date: /home/thisum/my_ws/install/moveit_core/include/moveit/trajectory_processing
[1.634s] -- Up-to-date: /home/thisum/my_ws/install/moveit_core/include/moveit/trajectory_processing/iterative_time_parameterization.h
[1.634s] -- Up-to-date: /home/thisum/my_ws/install/moveit_core/include/moveit/trajectory_processing/time_parameterization.h
[1.634s] -- Up-to-date: /home/thisum/my_ws/install/moveit_core/include/moveit/trajectory_processing/time_optimal_trajectory_generation.h
[1.634s] -- Up-to-date: /home/thisum/my_ws/install/moveit_core/include/moveit/trajectory_processing/ruckig_traj_smoothing.h
[1.634s] -- Up-to-date: /home/thisum/my_ws/install/moveit_core/include/moveit/trajectory_processing/trajectory_tools.h
[1.634s] -- Up-to-date: /home/thisum/my_ws/install/moveit_core/include/moveit/trajectory_processing/iterative_spline_parameterization.h
[1.634s] -- Up-to-date: /home/thisum/my_ws/install/moveit_core/include
[1.634s] -- Up-to-date: /home/thisum/my_ws/install/moveit_core/include/moveit
[1.635s] -- Up-to-date: /home/thisum/my_ws/install/moveit_core/include/moveit/transforms
[1.635s] -- Up-to-date: /home/thisum/my_ws/install/moveit_core/include/moveit/transforms/transforms.h
[1.635s] -- Up-to-date: /home/thisum/my_ws/install/moveit_core/include
[1.635s] -- Up-to-date: /home/thisum/my_ws/install/moveit_core/include/moveit
[1.636s] -- Up-to-date: /home/thisum/my_ws/install/moveit_core/include/moveit/utils
[1.636s] -- Up-to-date: /home/thisum/my_ws/install/moveit_core/include/moveit/utils/robot_model_test_utils.h
[1.636s] -- Up-to-date: /home/thisum/my_ws/install/moveit_core/include/moveit/utils/lexical_casts.h
[1.636s] -- Up-to-date: /home/thisum/my_ws/install/moveit_core/include/moveit/utils/message_checks.h
[1.636s] -- Up-to-date: /home/thisum/my_ws/install/moveit_core/include/moveit/utils/rclcpp_utils.h
[1.636s] -- Up-to-date: /home/thisum/my_ws/install/moveit_core/include/moveit/utils/moveit_error_code.h
[1.637s] -- Up-to-date: /home/thisum/my_ws/install/moveit_core/bin/moveit_version
[1.639s] -- Up-to-date: /home/thisum/my_ws/install/moveit_core/include
[1.639s] -- Up-to-date: /home/thisum/my_ws/install/moveit_core/include/moveit
[1.639s] -- Up-to-date: /home/thisum/my_ws/install/moveit_core/include/moveit/collision_detection
[1.639s] -- Up-to-date: /home/thisum/my_ws/install/moveit_core/include/moveit/collision_detection/test_collision_common_panda.h
[1.639s] -- Up-to-date: /home/thisum/my_ws/install/moveit_core/include/moveit/collision_detection/world_diff.h
[1.639s] -- Up-to-date: /home/thisum/my_ws/install/moveit_core/include/moveit/collision_detection/collision_env.h
[1.639s] -- Up-to-date: /home/thisum/my_ws/install/moveit_core/include/moveit/collision_detection/allvalid
[1.640s] -- Up-to-date: /home/thisum/my_ws/install/moveit_core/include/moveit/collision_detection/allvalid/collision_env_allvalid.h
[1.640s] -- Up-to-date: /home/thisum/my_ws/install/moveit_core/include/moveit/collision_detection/allvalid/collision_detector_allocator_allvalid.h
[1.640s] -- Up-to-date: /home/thisum/my_ws/install/moveit_core/include/moveit/collision_detection/collision_matrix.h
[1.640s] -- Up-to-date: /home/thisum/my_ws/install/moveit_core/include/moveit/collision_detection/collision_common.h
[1.640s] -- Up-to-date: /home/thisum/my_ws/install/moveit_core/include/moveit/collision_detection/world.h
[1.640s] -- Up-to-date: /home/thisum/my_ws/install/moveit_core/include/moveit/collision_detection/collision_plugin_cache.h
[1.641s] -- Up-to-date: /home/thisum/my_ws/install/moveit_core/include/moveit/collision_detection/collision_tools.h
[1.641s] -- Up-to-date: /home/thisum/my_ws/install/moveit_core/include/moveit/collision_detection/occupancy_map.h
[1.641s] -- Up-to-date: /home/thisum/my_ws/install/moveit_core/include/moveit/collision_detection/test_collision_common_pr2.h
[1.641s] -- Up-to-date: /home/thisum/my_ws/install/moveit_core/include/moveit/collision_detection/collision_detector_allocator.h
[1.641s] -- Up-to-date: /home/thisum/my_ws/install/moveit_core/include/moveit/collision_detection/collision_octomap_filter.h
[1.641s] -- Up-to-date: /home/thisum/my_ws/install/moveit_core/include/moveit/collision_detection/collision_plugin.h
[1.641s] -- Up-to-date: /home/thisum/my_ws/install/moveit_core/include/moveit_collision_detection_export.h
[1.642s] -- Up-to-date: /home/thisum/my_ws/install/moveit_core/include
[1.642s] -- Up-to-date: /home/thisum/my_ws/install/moveit_core/include/moveit
[1.642s] -- Up-to-date: /home/thisum/my_ws/install/moveit_core/include/moveit/collision_detection_bullet
[1.642s] -- Up-to-date: /home/thisum/my_ws/install/moveit_core/include/moveit/collision_detection_bullet/collision_detector_allocator_bullet.h
[1.642s] -- Up-to-date: /home/thisum/my_ws/install/moveit_core/include/moveit/collision_detection_bullet/collision_env_bullet.h
[1.642s] -- Up-to-date: /home/thisum/my_ws/install/moveit_core/include/moveit/collision_detection_bullet/bullet_integration
[1.643s] -- Up-to-date: /home/thisum/my_ws/install/moveit_core/include/moveit/collision_detection_bullet/bullet_integration/bullet_bvh_manager.h
[1.643s] -- Up-to-date: /home/thisum/my_ws/install/moveit_core/include/moveit/collision_detection_bullet/bullet_integration/basic_types.h
[1.643s] -- Up-to-date: /home/thisum/my_ws/install/moveit_core/include/moveit/collision_detection_bullet/bullet_integration/contact_checker_common.h
[1.643s] -- Up-to-date: /home/thisum/my_ws/install/moveit_core/include/moveit/collision_detection_bullet/bullet_integration/ros_bullet_utils.h
[1.643s] -- Up-to-date: /home/thisum/my_ws/install/moveit_core/include/moveit/collision_detection_bullet/bullet_integration/bullet_discrete_bvh_manager.h
[1.643s] -- Up-to-date: /home/thisum/my_ws/install/moveit_core/include/moveit/collision_detection_bullet/bullet_integration/bullet_utils.h
[1.643s] -- Up-to-date: /home/thisum/my_ws/install/moveit_core/include/moveit/collision_detection_bullet/bullet_integration/bullet_cast_bvh_manager.h
[1.643s] -- Up-to-date: /home/thisum/my_ws/install/moveit_core/include/moveit/collision_detection_bullet/collision_detector_bullet_plugin_loader.h
[1.644s] -- Up-to-date: /home/thisum/my_ws/install/moveit_core/include/moveit_collision_detection_bullet_export.h
[1.644s] -- Up-to-date: /home/thisum/my_ws/install/moveit_core/include
[1.645s] -- Up-to-date: /home/thisum/my_ws/install/moveit_core/include/moveit
[1.645s] -- Up-to-date: /home/thisum/my_ws/install/moveit_core/include/moveit/collision_detection_fcl
[1.645s] -- Up-to-date: /home/thisum/my_ws/install/moveit_core/include/moveit/collision_detection_fcl/fcl_compat.h
[1.645s] -- Up-to-date: /home/thisum/my_ws/install/moveit_core/include/moveit/collision_detection_fcl/collision_detector_allocator_fcl.h
[1.646s] -- Up-to-date: /home/thisum/my_ws/install/moveit_core/include/moveit/collision_detection_fcl/collision_common.h
[1.646s] -- Up-to-date: /home/thisum/my_ws/install/moveit_core/include/moveit/collision_detection_fcl/collision_detector_fcl_plugin_loader.h
[1.646s] -- Up-to-date: /home/thisum/my_ws/install/moveit_core/include/moveit/collision_detection_fcl/collision_env_fcl.h
[1.646s] -- Up-to-date: /home/thisum/my_ws/install/moveit_core/include/moveit_collision_detection_fcl_export.h
[1.646s] -- Up-to-date: /home/thisum/my_ws/install/moveit_core/lib/libcollision_detector_bullet_plugin.so.2.5.5
[1.646s] -- Up-to-date: /home/thisum/my_ws/install/moveit_core/lib/libcollision_detector_bullet_plugin.so
[1.647s] -- Up-to-date: /home/thisum/my_ws/install/moveit_core/lib/libmoveit_butterworth_filter.so.2.5.5
[1.647s] -- Up-to-date: /home/thisum/my_ws/install/moveit_core/lib/libmoveit_butterworth_filter.so
[1.648s] -- Up-to-date: /home/thisum/my_ws/install/moveit_core/lib/libmoveit_collision_distance_field.so.2.5.5
[1.648s] -- Up-to-date: /home/thisum/my_ws/install/moveit_core/lib/libmoveit_collision_distance_field.so
[1.649s] -- Up-to-date: /home/thisum/my_ws/install/moveit_core/lib/libmoveit_collision_detection.so.2.5.5
[1.649s] -- Up-to-date: /home/thisum/my_ws/install/moveit_core/lib/libmoveit_collision_detection.so
[1.650s] -- Up-to-date: /home/thisum/my_ws/install/moveit_core/lib/libmoveit_collision_detection_fcl.so.2.5.5
[1.650s] -- Up-to-date: /home/thisum/my_ws/install/moveit_core/lib/libmoveit_collision_detection_fcl.so
[1.650s] -- Up-to-date: /home/thisum/my_ws/install/moveit_core/lib/libmoveit_collision_detection_bullet.so.2.5.5
[1.650s] -- Up-to-date: /home/thisum/my_ws/install/moveit_core/lib/libmoveit_collision_detection_bullet.so
[1.651s] -- Up-to-date: /home/thisum/my_ws/install/moveit_core/lib/libmoveit_dynamics_solver.so.2.5.5
[1.651s] -- Up-to-date: /home/thisum/my_ws/install/moveit_core/lib/libmoveit_dynamics_solver.so
[1.652s] -- Up-to-date: /home/thisum/my_ws/install/moveit_core/lib/libmoveit_constraint_samplers.so.2.5.5
[1.652s] -- Up-to-date: /home/thisum/my_ws/install/moveit_core/lib/libmoveit_constraint_samplers.so
[1.652s] -- Up-to-date: /home/thisum/my_ws/install/moveit_core/lib/libmoveit_distance_field.so.2.5.5
[1.653s] -- Up-to-date: /home/thisum/my_ws/install/moveit_core/lib/libmoveit_distance_field.so
[1.653s] -- Up-to-date: /home/thisum/my_ws/install/moveit_core/lib/libmoveit_exceptions.so.2.5.5
[1.654s] -- Up-to-date: /home/thisum/my_ws/install/moveit_core/lib/libmoveit_exceptions.so
[1.654s] -- Up-to-date: /home/thisum/my_ws/install/moveit_core/lib/libmoveit_kinematics_base.so
[1.655s] -- Up-to-date: /home/thisum/my_ws/install/moveit_core/lib/libmoveit_kinematic_constraints.so.2.5.5
[1.655s] -- Up-to-date: /home/thisum/my_ws/install/moveit_core/lib/libmoveit_kinematic_constraints.so
[1.656s] -- Up-to-date: /home/thisum/my_ws/install/moveit_core/lib/libmoveit_kinematics_metrics.so.2.5.5
[1.656s] -- Up-to-date: /home/thisum/my_ws/install/moveit_core/lib/libmoveit_kinematics_metrics.so
[1.657s] -- Up-to-date: /home/thisum/my_ws/install/moveit_core/lib/libmoveit_planning_interface.so.2.5.5
[1.658s] -- Up-to-date: /home/thisum/my_ws/install/moveit_core/lib/libmoveit_planning_interface.so
[1.659s] -- Up-to-date: /home/thisum/my_ws/install/moveit_core/lib/libmoveit_planning_scene.so.2.5.5
[1.659s] -- Up-to-date: /home/thisum/my_ws/install/moveit_core/lib/libmoveit_planning_scene.so
[1.659s] -- Up-to-date: /home/thisum/my_ws/install/moveit_core/lib/libmoveit_planning_request_adapter.so.2.5.5
[1.660s] -- Up-to-date: /home/thisum/my_ws/install/moveit_core/lib/libmoveit_planning_request_adapter.so
[1.661s] -- Up-to-date: /home/thisum/my_ws/install/moveit_core/lib/libmoveit_robot_model.so.2.5.5
[1.661s] -- Up-to-date: /home/thisum/my_ws/install/moveit_core/lib/libmoveit_robot_model.so
[1.662s] -- Up-to-date: /home/thisum/my_ws/install/moveit_core/lib/libmoveit_robot_state.so.2.5.5
[1.662s] -- Up-to-date: /home/thisum/my_ws/install/moveit_core/lib/libmoveit_robot_state.so
[1.662s] -- Up-to-date: /home/thisum/my_ws/install/moveit_core/lib/libmoveit_robot_trajectory.so.2.5.5
[1.663s] -- Up-to-date: /home/thisum/my_ws/install/moveit_core/lib/libmoveit_robot_trajectory.so
[1.663s] -- Up-to-date: /home/thisum/my_ws/install/moveit_core/lib/libmoveit_smoothing_base.so.2.5.5
[1.663s] -- Up-to-date: /home/thisum/my_ws/install/moveit_core/lib/libmoveit_smoothing_base.so
[1.663s] -- Up-to-date: /home/thisum/my_ws/install/moveit_core/lib/libmoveit_test_utils.so.2.5.5
[1.664s] -- Up-to-date: /home/thisum/my_ws/install/moveit_core/lib/libmoveit_test_utils.so
[1.664s] -- Up-to-date: /home/thisum/my_ws/install/moveit_core/lib/libmoveit_trajectory_processing.so.2.5.5
[1.664s] -- Up-to-date: /home/thisum/my_ws/install/moveit_core/lib/libmoveit_trajectory_processing.so
[1.664s] -- Up-to-date: /home/thisum/my_ws/install/moveit_core/lib/libmoveit_transforms.so.2.5.5
[1.664s] -- Up-to-date: /home/thisum/my_ws/install/moveit_core/lib/libmoveit_transforms.so
[1.664s] -- Up-to-date: /home/thisum/my_ws/install/moveit_core/lib/libmoveit_utils.so.2.5.5
[1.665s] -- Up-to-date: /home/thisum/my_ws/install/moveit_core/lib/libmoveit_utils.so
[1.665s] -- Up-to-date: /home/thisum/my_ws/install/moveit_core/share/moveit_core/environment/library_path.sh
[1.665s] -- Up-to-date: /home/thisum/my_ws/install/moveit_core/share/moveit_core/environment/library_path.dsv
[1.665s] -- Up-to-date: /home/thisum/my_ws/install/moveit_core/share/moveit_core/collision_detector_fcl_description.xml
[1.665s] -- Up-to-date: /home/thisum/my_ws/install/moveit_core/share/moveit_core/collision_detector_bullet_description.xml
[1.666s] -- Up-to-date: /home/thisum/my_ws/install/moveit_core/share/moveit_core/filter_plugin_butterworth.xml
[1.666s] -- Up-to-date: /home/thisum/my_ws/install/moveit_core/share/ament_index/resource_index/package_run_dependencies/moveit_core
[1.667s] -- Up-to-date: /home/thisum/my_ws/install/moveit_core/share/ament_index/resource_index/parent_prefix_path/moveit_core
[1.667s] -- Up-to-date: /home/thisum/my_ws/install/moveit_core/share/moveit_core/environment/ament_prefix_path.sh
[1.667s] -- Up-to-date: /home/thisum/my_ws/install/moveit_core/share/moveit_core/environment/ament_prefix_path.dsv
[1.667s] -- Up-to-date: /home/thisum/my_ws/install/moveit_core/share/moveit_core/environment/path.sh
[1.667s] -- Up-to-date: /home/thisum/my_ws/install/moveit_core/share/moveit_core/environment/path.dsv
[1.668s] -- Up-to-date: /home/thisum/my_ws/install/moveit_core/share/moveit_core/local_setup.bash
[1.668s] -- Up-to-date: /home/thisum/my_ws/install/moveit_core/share/moveit_core/local_setup.sh
[1.668s] -- Up-to-date: /home/thisum/my_ws/install/moveit_core/share/moveit_core/local_setup.zsh
[1.668s] -- Up-to-date: /home/thisum/my_ws/install/moveit_core/share/moveit_core/local_setup.dsv
[1.668s] -- Installing: /home/thisum/my_ws/install/moveit_core/share/moveit_core/package.dsv
[1.669s] -- Up-to-date: /home/thisum/my_ws/install/moveit_core/share/ament_index/resource_index/packages/moveit_core
[1.670s] -- Up-to-date: /home/thisum/my_ws/install/moveit_core/share/ament_index/resource_index/moveit_core__pluginlib__plugin/moveit_core
[1.674s] -- Up-to-date: /home/thisum/my_ws/install/moveit_core/share/moveit_core/cmake/export_moveit_coreExport.cmake
[1.674s] -- Up-to-date: /home/thisum/my_ws/install/moveit_core/share/moveit_core/cmake/export_moveit_coreExport-release.cmake
[1.674s] -- Up-to-date: /home/thisum/my_ws/install/moveit_core/share/moveit_core/cmake/ConfigExtras.cmake
[1.674s] -- Up-to-date: /home/thisum/my_ws/install/moveit_core/share/moveit_core/cmake/ament_cmake_export_targets-extras.cmake
[1.675s] -- Up-to-date: /home/thisum/my_ws/install/moveit_core/share/moveit_core/cmake/ament_cmake_export_dependencies-extras.cmake
[1.675s] -- Up-to-date: /home/thisum/my_ws/install/moveit_core/share/moveit_core/cmake/moveit_coreConfig.cmake
[1.675s] -- Up-to-date: /home/thisum/my_ws/install/moveit_core/share/moveit_core/cmake/moveit_coreConfig-version.cmake
[1.675s] -- Up-to-date: /home/thisum/my_ws/install/moveit_core/share/moveit_core/package.xml
[1.678s] Invoked command in '/home/thisum/my_ws/build/moveit_core' returned '0': AMENT_PREFIX_PATH=/home/thisum/my_ws/install/moveit_resources_panda_moveit_config:/home/thisum/my_ws/install/srdfdom:/home/thisum/my_ws/install/moveit_resources_pr2_description:/home/thisum/my_ws/install/moveit_resources_panda_description:/home/thisum/my_ws/install/moveit_common:${AMENT_PREFIX_PATH} CMAKE_PREFIX_PATH=/home/thisum/my_ws/install/moveit_resources_panda_moveit_config:/home/thisum/my_ws/install/srdfdom:/home/thisum/my_ws/install/moveit_resources_pr2_description:/home/thisum/my_ws/install/moveit_resources_panda_description:/home/thisum/my_ws/install/moveit_common:/opt/ros/humble LD_LIBRARY_PATH=/home/thisum/my_ws/install/srdfdom/lib:${LD_LIBRARY_PATH} PYTHONPATH=/home/thisum/my_ws/install/srdfdom/local/lib/python3.10/dist-packages:${PYTHONPATH} /usr/bin/cmake --install /home/thisum/my_ws/build/moveit_core
