-- Install configuration: ""
-- Up-to-date: /home/thisum/my_ws/install/arm_config/share/ament_index/resource_index/package_run_dependencies/arm_config
-- Up-to-date: /home/thisum/my_ws/install/arm_config/share/ament_index/resource_index/parent_prefix_path/arm_config
-- Up-to-date: /home/thisum/my_ws/install/arm_config/share/arm_config/environment/ament_prefix_path.sh
-- Up-to-date: /home/thisum/my_ws/install/arm_config/share/arm_config/environment/ament_prefix_path.dsv
-- Up-to-date: /home/thisum/my_ws/install/arm_config/share/arm_config/environment/path.sh
-- Up-to-date: /home/thisum/my_ws/install/arm_config/share/arm_config/environment/path.dsv
-- Up-to-date: /home/thisum/my_ws/install/arm_config/share/arm_config/local_setup.bash
-- Up-to-date: /home/thisum/my_ws/install/arm_config/share/arm_config/local_setup.sh
-- Up-to-date: /home/thisum/my_ws/install/arm_config/share/arm_config/local_setup.zsh
-- Up-to-date: /home/thisum/my_ws/install/arm_config/share/arm_config/local_setup.dsv
-- Up-to-date: /home/thisum/my_ws/install/arm_config/share/arm_config/package.dsv
-- Up-to-date: /home/thisum/my_ws/install/arm_config/share/ament_index/resource_index/packages/arm_config
-- Up-to-date: /home/thisum/my_ws/install/arm_config/share/arm_config/cmake/arm_configConfig.cmake
-- Up-to-date: /home/thisum/my_ws/install/arm_config/share/arm_config/cmake/arm_configConfig-version.cmake
-- Up-to-date: /home/thisum/my_ws/install/arm_config/share/arm_config/package.xml
-- Up-to-date: /home/thisum/my_ws/install/arm_config/share/arm_config/launch
-- Up-to-date: /home/thisum/my_ws/install/arm_config/share/arm_config/launch/static_virtual_joint_tfs.launch.py
-- Up-to-date: /home/thisum/my_ws/install/arm_config/share/arm_config/launch/move_group.launch.py
-- Installing: /home/thisum/my_ws/install/arm_config/share/arm_config/launch/demo.launch.py
-- Up-to-date: /home/thisum/my_ws/install/arm_config/share/arm_config/launch/rsp.launch.py
-- Up-to-date: /home/thisum/my_ws/install/arm_config/share/arm_config/launch/spawn_controllers.launch.py
-- Up-to-date: /home/thisum/my_ws/install/arm_config/share/arm_config/launch/moveit_rviz.launch.py
-- Up-to-date: /home/thisum/my_ws/install/arm_config/share/arm_config/launch/warehouse_db.launch.py
-- Up-to-date: /home/thisum/my_ws/install/arm_config/share/arm_config/launch/setup_assistant.launch.py
-- Up-to-date: /home/thisum/my_ws/install/arm_config/share/arm_config/config
-- Up-to-date: /home/thisum/my_ws/install/arm_config/share/arm_config/config/new_full_arm.urdf.xacro
-- Up-to-date: /home/thisum/my_ws/install/arm_config/share/arm_config/config/new_full_arm.srdf
-- Up-to-date: /home/thisum/my_ws/install/arm_config/share/arm_config/config/kinematics.yaml
-- Up-to-date: /home/thisum/my_ws/install/arm_config/share/arm_config/config/moveit.rviz
-- Up-to-date: /home/thisum/my_ws/install/arm_config/share/arm_config/config/moveit_controllers.yaml
-- Up-to-date: /home/thisum/my_ws/install/arm_config/share/arm_config/config/ros2_controllers.yaml
-- Installing: /home/thisum/my_ws/install/arm_config/share/arm_config/config/joint_limits.yaml
-- Up-to-date: /home/thisum/my_ws/install/arm_config/share/arm_config/config/initial_positions.yaml
-- Up-to-date: /home/thisum/my_ws/install/arm_config/share/arm_config/config/new_full_arm.ros2_control.xacro
-- Up-to-date: /home/thisum/my_ws/install/arm_config/share/arm_config/config/pilz_cartesian_limits.yaml
-- Up-to-date: /home/thisum/my_ws/install/arm_config/share/arm_config/.setup_assistant
