[0.076s] Invoking command in '/home/thisum/my_ws/src/build/moveit_visual_tools': AMENT_PREFIX_PATH=/home/thisum/my_ws/src/install/moveit_ros_planning:/home/thisum/my_ws/src/install/moveit_ros_occupancy_map_monitor:/home/thisum/my_ws/src/install/moveit_core:/home/thisum/my_ws/src/install/moveit_resources_panda_moveit_config:/home/thisum/my_ws/src/install/srdfdom:/home/thisum/my_ws/src/install/moveit_resources_pr2_description:/home/thisum/my_ws/src/install/moveit_resources_panda_description:/home/thisum/my_ws/src/install/moveit_common:${AMENT_PREFIX_PATH} CMAKE_PREFIX_PATH=/home/thisum/my_ws/src/install/moveit_ros_planning:/home/thisum/my_ws/src/install/moveit_ros_occupancy_map_monitor:/home/thisum/my_ws/src/install/moveit_core:/home/thisum/my_ws/src/install/moveit_resources_panda_moveit_config:/home/thisum/my_ws/src/install/srdfdom:/home/thisum/my_ws/src/install/moveit_resources_pr2_description:/home/thisum/my_ws/src/install/moveit_resources_panda_description:/home/thisum/my_ws/src/install/moveit_common:/home/thisum/my_ws/install/pilz_industrial_motion_planner_testutils:/home/thisum/my_ws/install/moveit_runtime:/home/thisum/my_ws/install/moveit2_tutorials:/home/thisum/my_ws/install/moveit:/home/thisum/my_ws/install/arm_config:/home/thisum/my_ws/install/moveit_planners:/home/thisum/my_ws/install/pilz_industrial_motion_planner:/home/thisum/my_ws/install/moveit_visual_tools:/home/thisum/my_ws/install/moveit_task_constructor_visualization:/home/thisum/my_ws/install/moveit_task_constructor_demo:/home/thisum/my_ws/install/moveit_task_constructor_capabilities:/home/thisum/my_ws/install/moveit_task_constructor_core:/home/thisum/my_ws/install/moveit_ros_control_interface:/home/thisum/my_ws/install/moveit_plugins:/home/thisum/my_ws/install/moveit_simple_controller_manager:/home/thisum/my_ws/install/moveit_setup_assistant:/home/thisum/my_ws/install/moveit_setup_srdf_plugins:/home/thisum/my_ws/install/moveit_setup_core_plugins:/home/thisum/my_ws/install/moveit_setup_controllers:/home/thisum/my_ws/install/moveit_setup_app_plugins:/home/thisum/my_ws/install/moveit_setup_framework:/home/thisum/my_ws/install/moveit_servo:/home/thisum/my_ws/install/moveit_ros:/home/thisum/my_ws/install/moveit_ros_visualization:/home/thisum/my_ws/install/moveit_hybrid_planning:/home/thisum/my_ws/install/moveit_ros_planning_interface:/home/thisum/my_ws/install/moveit_ros_benchmarks:/home/thisum/my_ws/install/moveit_ros_warehouse:/home/thisum/my_ws/install/moveit_ros_robot_interaction:/home/thisum/my_ws/install/moveit_ros_perception:/home/thisum/my_ws/install/moveit_resources_prbt_pg70_support:/home/thisum/my_ws/install/moveit_resources_prbt_moveit_config:/home/thisum/my_ws/install/moveit_ros_move_group:/home/thisum/my_ws/install/moveit_planners_ompl:/home/thisum/my_ws/install/moveit_ros_planning:/home/thisum/my_ws/install/moveit_ros_occupancy_map_monitor:/home/thisum/my_ws/install/moveit_resources_prbt_ikfast_manipulator_plugin:/home/thisum/my_ws/install/moveit_planners_chomp:/home/thisum/my_ws/install/moveit_kinematics:/home/thisum/my_ws/install/moveit_chomp_optimizer_adapter:/home/thisum/my_ws/install/chomp_motion_planner:/home/thisum/my_ws/install/moveit_core:/home/thisum/my_ws/install/srdfdom:/home/thisum/my_ws/install/rviz_marker_tools:/home/thisum/my_ws/install/rosparam_shortcuts:/home/thisum/my_ws/install/new_full_arm:/home/thisum/my_ws/install/moveit_task_constructor_msgs:/home/thisum/my_ws/install/moveit_resources_prbt_support:/home/thisum/my_ws/install/moveit_resources:/home/thisum/my_ws/install/moveit_resources_pr2_description:/home/thisum/my_ws/install/moveit_resources_panda_moveit_config:/home/thisum/my_ws/install/moveit_resources_panda_description:/home/thisum/my_ws/install/moveit_resources_fanuc_moveit_config:/home/thisum/my_ws/install/moveit_resources_fanuc_description:/home/thisum/my_ws/install/moveit_common:/home/thisum/arm_ws/install/x:/home/thisum/arm_ws/install/robotiq_description:/home/thisum/arm_ws/install/robotiq_controllers:/home/thisum/arm_ws/install/arm_config:/home/thisum/my_ws/install/moveit_configs_utils:/home/thisum/my_ws/install/launch_param_builder:/home/thisum/arm_ws/install/moveit_configs_utils:/opt/ros/humble:/home/thisum/arm_ws/install/new_full_arm:/home/thisum/arm_ws/install/moveit_resources_prbt_support:/home/thisum/arm_ws/install/moveit_resources_pr2_description:/home/thisum/arm_ws/install/moveit_resources_panda_description:/home/thisum/arm_ws/install/moveit_resources_fanuc_description:/home/thisum/arm_ws/install/moveit_msgs:/home/thisum/arm_ws/install/moveit_common:/home/thisum/arm_ws/install/kortex_api LD_LIBRARY_PATH=/home/thisum/my_ws/src/install/moveit_ros_planning/lib:/home/thisum/my_ws/src/install/moveit_ros_occupancy_map_monitor/lib:/home/thisum/my_ws/src/install/moveit_core/lib:/home/thisum/my_ws/src/install/srdfdom/lib:${LD_LIBRARY_PATH} PATH=/home/thisum/my_ws/src/install/moveit_core/bin:${PATH} PYTHONPATH=/home/thisum/my_ws/src/install/srdfdom/local/lib/python3.10/dist-packages:${PYTHONPATH} /usr/bin/cmake /home/thisum/my_ws/src/moveit_visual_tools -DCMAKE_BUILD_TYPE=Release -DCMAKE_INSTALL_PREFIX=/home/thisum/my_ws/src/install/moveit_visual_tools
[0.200s] -- The C compiler identification is GNU 11.4.0
[0.290s] -- The CXX compiler identification is GNU 11.4.0
[0.300s] -- Detecting C compiler ABI info
[0.449s] -- Detecting C compiler ABI info - done
[0.458s] -- Check for working C compiler: /usr/bin/cc - skipped
[0.458s] -- Detecting C compile features
[0.458s] -- Detecting C compile features - done
[0.462s] -- Detecting CXX compiler ABI info
[0.645s] -- Detecting CXX compiler ABI info - done
[0.654s] -- Check for working CXX compiler: /usr/bin/c++ - skipped
[0.654s] -- Detecting CXX compile features
[0.654s] -- Detecting CXX compile features - done
[0.658s] -- Found moveit_common: 2.5.5 (/home/thisum/my_ws/src/install/moveit_common/share/moveit_common/cmake)
[0.687s] -- Found ament_cmake: 1.3.9 (/opt/ros/humble/share/ament_cmake/cmake)
[0.917s] -- Found Python3: /usr/bin/python3 (found version "3.10.12") found components: Interpreter 
[1.279s] -- Found libdw: /usr/lib/x86_64-linux-gnu/libdw.so  
[1.289s] -- Could NOT find libbfd (missing: LIBBFD_LIBRARY LIBBFD_INCLUDE_DIR) 
[1.290s] -- BACKWARD_HAS_UNWIND=1
[1.290s] -- BACKWARD_HAS_BACKTRACE=0
[1.290s] -- BACKWARD_HAS_BACKTRACE_SYMBOL=0
[1.290s] -- BACKWARD_HAS_DW=1
[1.290s] -- BACKWARD_HAS_BFD=0
[1.290s] -- Found Backward: /opt/ros/humble/share/backward_ros/cmake  
[1.342s] -- Found Boost: /usr/lib/x86_64-linux-gnu/cmake/Boost-1.74.0/BoostConfig.cmake (found version "1.74.0") found components: system 
[1.378s] -- Found geometry_msgs: 4.2.4 (/opt/ros/humble/share/geometry_msgs/cmake)
[1.514s] -- Found rosidl_generator_c: 3.1.5 (/opt/ros/humble/share/rosidl_generator_c/cmake)
[1.547s] -- Found rosidl_adapter: 3.1.5 (/opt/ros/humble/share/rosidl_adapter/cmake)
[1.579s] -- Found rosidl_generator_cpp: 3.1.5 (/opt/ros/humble/share/rosidl_generator_cpp/cmake)
[1.629s] -- Using all available rosidl_typesupport_c: rosidl_typesupport_fastrtps_c;rosidl_typesupport_introspection_c
[1.681s] -- Using all available rosidl_typesupport_cpp: rosidl_typesupport_fastrtps_cpp;rosidl_typesupport_introspection_cpp
[1.825s] -- Found graph_msgs: 0.2.0 (/opt/ros/humble/share/graph_msgs/cmake)
[1.907s] -- Found moveit_core: 2.5.5 (/home/thisum/my_ws/src/install/moveit_core/share/moveit_core/cmake)
[2.421s] -- Found Boost: /usr/lib/x86_64-linux-gnu/cmake/Boost-1.74.0/BoostConfig.cmake (found version "1.74.0") found components: chrono date_time filesystem iostreams program_options regex serialization system thread 
[2.597s] -- Found parameter_traits: 0.3.8 (/opt/ros/humble/share/parameter_traits/cmake)
[2.796s] -- Found rmw_implementation_cmake: 6.1.2 (/opt/ros/humble/share/rmw_implementation_cmake/cmake)
[2.814s] -- Found rmw_fastrtps_cpp: 6.2.6 (/opt/ros/humble/share/rmw_fastrtps_cpp/cmake)
[3.103s] -- Found OpenSSL: /usr/lib/x86_64-linux-gnu/libcrypto.so (found version "3.0.2")  
[3.147s] -- Found FastRTPS: /opt/ros/humble/include  
[3.234s] -- Using RMW implementation 'rmw_fastrtps_cpp' as default
[3.288s] -- Found Threads: TRUE  
[3.512s] -- Found Eigen3: TRUE (found version "3.4.0") 
[3.525s] -- Found rclcpp_lifecycle: 16.0.9 (/opt/ros/humble/share/rclcpp_lifecycle/cmake)
[3.607s] -- Found Boost: /usr/lib/x86_64-linux-gnu/cmake/Boost-1.74.0/BoostConfig.cmake (found version "1.74.0") found components: filesystem 
[3.908s] -- library: /usr/lib/x86_64-linux-gnu/libcurl.so
[4.308s] -- Ensuring Eigen3 include directory is part of orocos-kdl CMake target
[5.726s] -- Found moveit_ros_planning: 2.5.5 (/home/thisum/my_ws/src/install/moveit_ros_planning/share/moveit_ros_planning/cmake)
[5.731s] -- Found Boost: /usr/lib/x86_64-linux-gnu/cmake/Boost-1.74.0/BoostConfig.cmake (found version "1.74.0") found components: system filesystem date_time program_options thread chrono 
[6.171s] -- Found rviz_visual_tools: 4.1.4 (/opt/ros/humble/share/rviz_visual_tools/cmake)
[6.416s] -- Setting OGRE_DIR to: '/opt/ros/humble/share/rviz_ogre_vendor/cmake/../../../opt/rviz_ogre_vendor/lib/OGRE/cmake'
[6.421s] -- Found OGRE
[6.421s] --   static     : OFF
[6.421s] --   components : HLMS;MeshLodGenerator;Overlay;Paging;Property;RTShaderSystem;Terrain;Volume
[6.421s] --   plugins    : Plugin_BSPSceneManager;Plugin_OctreeSceneManager;Plugin_PCZSceneManager;Plugin_ParticleFX;RenderSystem_GL;RenderSystem_GL3Plus;Codec_STBI
[6.421s] --   media      : /opt/ros/humble/opt/rviz_ogre_vendor/share/OGRE/Media
[6.421s] -- OGRE_LIBRARIES: OgreHLMS;OgreMeshLodGenerator;OgreOverlay;OgrePaging;OgreProperty;OgreRTShaderSystem;OgreTerrain;OgreVolume;OgreMain
[6.422s] -- OGRE_LIBRARY_DIRS: /opt/ros/humble/opt/rviz_ogre_vendor/lib
[6.422s] -- OGRE_PLUGINS: Plugin_BSPSceneManager;Plugin_OctreeSceneManager;Plugin_PCZSceneManager;Plugin_ParticleFX;RenderSystem_GL;RenderSystem_GL3Plus;Codec_STBI
[6.422s] -- OGRE_PLUGIN_DIR: /opt/ros/humble/opt/rviz_ogre_vendor/lib/OGRE
[6.422s] -- rviz_ogre_vendor::OgreOverlay for IMPORTED_LOCATION_RELEASE: /opt/ros/humble/opt/rviz_ogre_vendor/lib/libOgreOverlay.so
[6.422s] -- rviz_ogre_vendor::OgreOverlay for IMPORTED_LOCATION_DEBUG: /opt/ros/humble/opt/rviz_ogre_vendor/lib/libOgreOverlay.so
[6.422s] -- rviz_ogre_vendor::OgreMain for IMPORTED_LOCATION_RELEASE: /opt/ros/humble/opt/rviz_ogre_vendor/lib/libOgreMain.so
[6.422s] -- rviz_ogre_vendor::OgreMain for IMPORTED_LOCATION_DEBUG: /opt/ros/humble/opt/rviz_ogre_vendor/lib/libOgreMain.so
[6.483s] -- Found ZLIB: /usr/lib/x86_64-linux-gnu/libz.so (found version "1.2.11") 
[6.496s] -- Found OpenGL: /usr/lib/x86_64-linux-gnu/libOpenGL.so   
[6.761s] -- Found X11: /usr/include   
[6.762s] -- Looking for XOpenDisplay in /usr/lib/x86_64-linux-gnu/libX11.so;/usr/lib/x86_64-linux-gnu/libXext.so
[6.952s] -- Looking for XOpenDisplay in /usr/lib/x86_64-linux-gnu/libX11.so;/usr/lib/x86_64-linux-gnu/libXext.so - found
[6.952s] -- Looking for gethostbyname
[7.142s] -- Looking for gethostbyname - found
[7.143s] -- Looking for connect
[7.326s] -- Looking for connect - found
[7.327s] -- Looking for remove
[7.516s] -- Looking for remove - found
[7.516s] -- Looking for shmat
[7.706s] -- Looking for shmat - found
[7.706s] -- Looking for IceConnectionNumber in ICE
[7.887s] -- Looking for IceConnectionNumber in ICE - found
[7.892s] -- rviz_ogre_vendor::RenderSystem_GL for IMPORTED_LOCATION_RELEASE: _render_system_gl_static_library_abs-NOTFOUND
[7.892s] -- rviz_ogre_vendor::RenderSystem_GL for IMPORTED_LOCATION_DEBUG: _render_system_gl_static_library_abs-NOTFOUND
[8.801s] -- Found ament_lint_auto: 0.12.11 (/opt/ros/humble/share/ament_lint_auto/cmake)
[8.889s] -- Added test 'copyright' to check source files copyright and LICENSE
[8.895s] -- Added test 'flake8' to check Python code syntax and style conventions
[8.899s] -- Added test 'lint_cmake' to check CMake code style
[8.901s] -- Added test 'pep257' to check Python code against some of the docstring style conventions in PEP 257
[8.903s] -- Added test 'xmllint' to check XML markup files
[8.911s] -- Configuring done
[9.017s] -- Generating done
[9.022s] -- Build files have been written to: /home/thisum/my_ws/src/build/moveit_visual_tools
[9.041s] Invoked command in '/home/thisum/my_ws/src/build/moveit_visual_tools' returned '0': AMENT_PREFIX_PATH=/home/thisum/my_ws/src/install/moveit_ros_planning:/home/thisum/my_ws/src/install/moveit_ros_occupancy_map_monitor:/home/thisum/my_ws/src/install/moveit_core:/home/thisum/my_ws/src/install/moveit_resources_panda_moveit_config:/home/thisum/my_ws/src/install/srdfdom:/home/thisum/my_ws/src/install/moveit_resources_pr2_description:/home/thisum/my_ws/src/install/moveit_resources_panda_description:/home/thisum/my_ws/src/install/moveit_common:${AMENT_PREFIX_PATH} CMAKE_PREFIX_PATH=/home/thisum/my_ws/src/install/moveit_ros_planning:/home/thisum/my_ws/src/install/moveit_ros_occupancy_map_monitor:/home/thisum/my_ws/src/install/moveit_core:/home/thisum/my_ws/src/install/moveit_resources_panda_moveit_config:/home/thisum/my_ws/src/install/srdfdom:/home/thisum/my_ws/src/install/moveit_resources_pr2_description:/home/thisum/my_ws/src/install/moveit_resources_panda_description:/home/thisum/my_ws/src/install/moveit_common:/home/thisum/my_ws/install/pilz_industrial_motion_planner_testutils:/home/thisum/my_ws/install/moveit_runtime:/home/thisum/my_ws/install/moveit2_tutorials:/home/thisum/my_ws/install/moveit:/home/thisum/my_ws/install/arm_config:/home/thisum/my_ws/install/moveit_planners:/home/thisum/my_ws/install/pilz_industrial_motion_planner:/home/thisum/my_ws/install/moveit_visual_tools:/home/thisum/my_ws/install/moveit_task_constructor_visualization:/home/thisum/my_ws/install/moveit_task_constructor_demo:/home/thisum/my_ws/install/moveit_task_constructor_capabilities:/home/thisum/my_ws/install/moveit_task_constructor_core:/home/thisum/my_ws/install/moveit_ros_control_interface:/home/thisum/my_ws/install/moveit_plugins:/home/thisum/my_ws/install/moveit_simple_controller_manager:/home/thisum/my_ws/install/moveit_setup_assistant:/home/thisum/my_ws/install/moveit_setup_srdf_plugins:/home/thisum/my_ws/install/moveit_setup_core_plugins:/home/thisum/my_ws/install/moveit_setup_controllers:/home/thisum/my_ws/install/moveit_setup_app_plugins:/home/thisum/my_ws/install/moveit_setup_framework:/home/thisum/my_ws/install/moveit_servo:/home/thisum/my_ws/install/moveit_ros:/home/thisum/my_ws/install/moveit_ros_visualization:/home/thisum/my_ws/install/moveit_hybrid_planning:/home/thisum/my_ws/install/moveit_ros_planning_interface:/home/thisum/my_ws/install/moveit_ros_benchmarks:/home/thisum/my_ws/install/moveit_ros_warehouse:/home/thisum/my_ws/install/moveit_ros_robot_interaction:/home/thisum/my_ws/install/moveit_ros_perception:/home/thisum/my_ws/install/moveit_resources_prbt_pg70_support:/home/thisum/my_ws/install/moveit_resources_prbt_moveit_config:/home/thisum/my_ws/install/moveit_ros_move_group:/home/thisum/my_ws/install/moveit_planners_ompl:/home/thisum/my_ws/install/moveit_ros_planning:/home/thisum/my_ws/install/moveit_ros_occupancy_map_monitor:/home/thisum/my_ws/install/moveit_resources_prbt_ikfast_manipulator_plugin:/home/thisum/my_ws/install/moveit_planners_chomp:/home/thisum/my_ws/install/moveit_kinematics:/home/thisum/my_ws/install/moveit_chomp_optimizer_adapter:/home/thisum/my_ws/install/chomp_motion_planner:/home/thisum/my_ws/install/moveit_core:/home/thisum/my_ws/install/srdfdom:/home/thisum/my_ws/install/rviz_marker_tools:/home/thisum/my_ws/install/rosparam_shortcuts:/home/thisum/my_ws/install/new_full_arm:/home/thisum/my_ws/install/moveit_task_constructor_msgs:/home/thisum/my_ws/install/moveit_resources_prbt_support:/home/thisum/my_ws/install/moveit_resources:/home/thisum/my_ws/install/moveit_resources_pr2_description:/home/thisum/my_ws/install/moveit_resources_panda_moveit_config:/home/thisum/my_ws/install/moveit_resources_panda_description:/home/thisum/my_ws/install/moveit_resources_fanuc_moveit_config:/home/thisum/my_ws/install/moveit_resources_fanuc_description:/home/thisum/my_ws/install/moveit_common:/home/thisum/arm_ws/install/x:/home/thisum/arm_ws/install/robotiq_description:/home/thisum/arm_ws/install/robotiq_controllers:/home/thisum/arm_ws/install/arm_config:/home/thisum/my_ws/install/moveit_configs_utils:/home/thisum/my_ws/install/launch_param_builder:/home/thisum/arm_ws/install/moveit_configs_utils:/opt/ros/humble:/home/thisum/arm_ws/install/new_full_arm:/home/thisum/arm_ws/install/moveit_resources_prbt_support:/home/thisum/arm_ws/install/moveit_resources_pr2_description:/home/thisum/arm_ws/install/moveit_resources_panda_description:/home/thisum/arm_ws/install/moveit_resources_fanuc_description:/home/thisum/arm_ws/install/moveit_msgs:/home/thisum/arm_ws/install/moveit_common:/home/thisum/arm_ws/install/kortex_api LD_LIBRARY_PATH=/home/thisum/my_ws/src/install/moveit_ros_planning/lib:/home/thisum/my_ws/src/install/moveit_ros_occupancy_map_monitor/lib:/home/thisum/my_ws/src/install/moveit_core/lib:/home/thisum/my_ws/src/install/srdfdom/lib:${LD_LIBRARY_PATH} PATH=/home/thisum/my_ws/src/install/moveit_core/bin:${PATH} PYTHONPATH=/home/thisum/my_ws/src/install/srdfdom/local/lib/python3.10/dist-packages:${PYTHONPATH} /usr/bin/cmake /home/thisum/my_ws/src/moveit_visual_tools -DCMAKE_BUILD_TYPE=Release -DCMAKE_INSTALL_PREFIX=/home/thisum/my_ws/src/install/moveit_visual_tools
[9.046s] Invoking command in '/home/thisum/my_ws/src/build/moveit_visual_tools': AMENT_PREFIX_PATH=/home/thisum/my_ws/src/install/moveit_ros_planning:/home/thisum/my_ws/src/install/moveit_ros_occupancy_map_monitor:/home/thisum/my_ws/src/install/moveit_core:/home/thisum/my_ws/src/install/moveit_resources_panda_moveit_config:/home/thisum/my_ws/src/install/srdfdom:/home/thisum/my_ws/src/install/moveit_resources_pr2_description:/home/thisum/my_ws/src/install/moveit_resources_panda_description:/home/thisum/my_ws/src/install/moveit_common:${AMENT_PREFIX_PATH} CMAKE_PREFIX_PATH=/home/thisum/my_ws/src/install/moveit_ros_planning:/home/thisum/my_ws/src/install/moveit_ros_occupancy_map_monitor:/home/thisum/my_ws/src/install/moveit_core:/home/thisum/my_ws/src/install/moveit_resources_panda_moveit_config:/home/thisum/my_ws/src/install/srdfdom:/home/thisum/my_ws/src/install/moveit_resources_pr2_description:/home/thisum/my_ws/src/install/moveit_resources_panda_description:/home/thisum/my_ws/src/install/moveit_common:/home/thisum/my_ws/install/pilz_industrial_motion_planner_testutils:/home/thisum/my_ws/install/moveit_runtime:/home/thisum/my_ws/install/moveit2_tutorials:/home/thisum/my_ws/install/moveit:/home/thisum/my_ws/install/arm_config:/home/thisum/my_ws/install/moveit_planners:/home/thisum/my_ws/install/pilz_industrial_motion_planner:/home/thisum/my_ws/install/moveit_visual_tools:/home/thisum/my_ws/install/moveit_task_constructor_visualization:/home/thisum/my_ws/install/moveit_task_constructor_demo:/home/thisum/my_ws/install/moveit_task_constructor_capabilities:/home/thisum/my_ws/install/moveit_task_constructor_core:/home/thisum/my_ws/install/moveit_ros_control_interface:/home/thisum/my_ws/install/moveit_plugins:/home/thisum/my_ws/install/moveit_simple_controller_manager:/home/thisum/my_ws/install/moveit_setup_assistant:/home/thisum/my_ws/install/moveit_setup_srdf_plugins:/home/thisum/my_ws/install/moveit_setup_core_plugins:/home/thisum/my_ws/install/moveit_setup_controllers:/home/thisum/my_ws/install/moveit_setup_app_plugins:/home/thisum/my_ws/install/moveit_setup_framework:/home/thisum/my_ws/install/moveit_servo:/home/thisum/my_ws/install/moveit_ros:/home/thisum/my_ws/install/moveit_ros_visualization:/home/thisum/my_ws/install/moveit_hybrid_planning:/home/thisum/my_ws/install/moveit_ros_planning_interface:/home/thisum/my_ws/install/moveit_ros_benchmarks:/home/thisum/my_ws/install/moveit_ros_warehouse:/home/thisum/my_ws/install/moveit_ros_robot_interaction:/home/thisum/my_ws/install/moveit_ros_perception:/home/thisum/my_ws/install/moveit_resources_prbt_pg70_support:/home/thisum/my_ws/install/moveit_resources_prbt_moveit_config:/home/thisum/my_ws/install/moveit_ros_move_group:/home/thisum/my_ws/install/moveit_planners_ompl:/home/thisum/my_ws/install/moveit_ros_planning:/home/thisum/my_ws/install/moveit_ros_occupancy_map_monitor:/home/thisum/my_ws/install/moveit_resources_prbt_ikfast_manipulator_plugin:/home/thisum/my_ws/install/moveit_planners_chomp:/home/thisum/my_ws/install/moveit_kinematics:/home/thisum/my_ws/install/moveit_chomp_optimizer_adapter:/home/thisum/my_ws/install/chomp_motion_planner:/home/thisum/my_ws/install/moveit_core:/home/thisum/my_ws/install/srdfdom:/home/thisum/my_ws/install/rviz_marker_tools:/home/thisum/my_ws/install/rosparam_shortcuts:/home/thisum/my_ws/install/new_full_arm:/home/thisum/my_ws/install/moveit_task_constructor_msgs:/home/thisum/my_ws/install/moveit_resources_prbt_support:/home/thisum/my_ws/install/moveit_resources:/home/thisum/my_ws/install/moveit_resources_pr2_description:/home/thisum/my_ws/install/moveit_resources_panda_moveit_config:/home/thisum/my_ws/install/moveit_resources_panda_description:/home/thisum/my_ws/install/moveit_resources_fanuc_moveit_config:/home/thisum/my_ws/install/moveit_resources_fanuc_description:/home/thisum/my_ws/install/moveit_common:/home/thisum/arm_ws/install/x:/home/thisum/arm_ws/install/robotiq_description:/home/thisum/arm_ws/install/robotiq_controllers:/home/thisum/arm_ws/install/arm_config:/home/thisum/my_ws/install/moveit_configs_utils:/home/thisum/my_ws/install/launch_param_builder:/home/thisum/arm_ws/install/moveit_configs_utils:/opt/ros/humble:/home/thisum/arm_ws/install/new_full_arm:/home/thisum/arm_ws/install/moveit_resources_prbt_support:/home/thisum/arm_ws/install/moveit_resources_pr2_description:/home/thisum/arm_ws/install/moveit_resources_panda_description:/home/thisum/arm_ws/install/moveit_resources_fanuc_description:/home/thisum/arm_ws/install/moveit_msgs:/home/thisum/arm_ws/install/moveit_common:/home/thisum/arm_ws/install/kortex_api LD_LIBRARY_PATH=/home/thisum/my_ws/src/install/moveit_ros_planning/lib:/home/thisum/my_ws/src/install/moveit_ros_occupancy_map_monitor/lib:/home/thisum/my_ws/src/install/moveit_core/lib:/home/thisum/my_ws/src/install/srdfdom/lib:${LD_LIBRARY_PATH} PATH=/home/thisum/my_ws/src/install/moveit_core/bin:${PATH} PYTHONPATH=/home/thisum/my_ws/src/install/srdfdom/local/lib/python3.10/dist-packages:${PYTHONPATH} /usr/bin/cmake --build /home/thisum/my_ws/src/build/moveit_visual_tools -- -j6 -l6
[9.181s] [ 50%] [32mBuilding CXX object CMakeFiles/moveit_visual_tools.dir/src/imarker_end_effector.cpp.o[0m
[9.181s] [ 50%] [32mBuilding CXX object CMakeFiles/moveit_visual_tools.dir/src/moveit_visual_tools.cpp.o[0m
[9.181s] [ 50%] [32mBuilding CXX object CMakeFiles/moveit_visual_tools.dir/src/imarker_robot_state.cpp.o[0m
[31.317s] [ 66%] [32m[1mLinking CXX shared library libmoveit_visual_tools.so[0m
[32.328s] [ 66%] Built target moveit_visual_tools
[32.387s] [ 83%] [32mBuilding CXX object CMakeFiles/moveit_visual_tools_demo.dir/src/moveit_visual_tools_demo.cpp.o[0m
[45.620s] [100%] [32m[1mLinking CXX executable moveit_visual_tools_demo[0m
[46.138s] [100%] Built target moveit_visual_tools_demo
[46.163s] Invoked command in '/home/thisum/my_ws/src/build/moveit_visual_tools' returned '0': AMENT_PREFIX_PATH=/home/thisum/my_ws/src/install/moveit_ros_planning:/home/thisum/my_ws/src/install/moveit_ros_occupancy_map_monitor:/home/thisum/my_ws/src/install/moveit_core:/home/thisum/my_ws/src/install/moveit_resources_panda_moveit_config:/home/thisum/my_ws/src/install/srdfdom:/home/thisum/my_ws/src/install/moveit_resources_pr2_description:/home/thisum/my_ws/src/install/moveit_resources_panda_description:/home/thisum/my_ws/src/install/moveit_common:${AMENT_PREFIX_PATH} CMAKE_PREFIX_PATH=/home/thisum/my_ws/src/install/moveit_ros_planning:/home/thisum/my_ws/src/install/moveit_ros_occupancy_map_monitor:/home/thisum/my_ws/src/install/moveit_core:/home/thisum/my_ws/src/install/moveit_resources_panda_moveit_config:/home/thisum/my_ws/src/install/srdfdom:/home/thisum/my_ws/src/install/moveit_resources_pr2_description:/home/thisum/my_ws/src/install/moveit_resources_panda_description:/home/thisum/my_ws/src/install/moveit_common:/home/thisum/my_ws/install/pilz_industrial_motion_planner_testutils:/home/thisum/my_ws/install/moveit_runtime:/home/thisum/my_ws/install/moveit2_tutorials:/home/thisum/my_ws/install/moveit:/home/thisum/my_ws/install/arm_config:/home/thisum/my_ws/install/moveit_planners:/home/thisum/my_ws/install/pilz_industrial_motion_planner:/home/thisum/my_ws/install/moveit_visual_tools:/home/thisum/my_ws/install/moveit_task_constructor_visualization:/home/thisum/my_ws/install/moveit_task_constructor_demo:/home/thisum/my_ws/install/moveit_task_constructor_capabilities:/home/thisum/my_ws/install/moveit_task_constructor_core:/home/thisum/my_ws/install/moveit_ros_control_interface:/home/thisum/my_ws/install/moveit_plugins:/home/thisum/my_ws/install/moveit_simple_controller_manager:/home/thisum/my_ws/install/moveit_setup_assistant:/home/thisum/my_ws/install/moveit_setup_srdf_plugins:/home/thisum/my_ws/install/moveit_setup_core_plugins:/home/thisum/my_ws/install/moveit_setup_controllers:/home/thisum/my_ws/install/moveit_setup_app_plugins:/home/thisum/my_ws/install/moveit_setup_framework:/home/thisum/my_ws/install/moveit_servo:/home/thisum/my_ws/install/moveit_ros:/home/thisum/my_ws/install/moveit_ros_visualization:/home/thisum/my_ws/install/moveit_hybrid_planning:/home/thisum/my_ws/install/moveit_ros_planning_interface:/home/thisum/my_ws/install/moveit_ros_benchmarks:/home/thisum/my_ws/install/moveit_ros_warehouse:/home/thisum/my_ws/install/moveit_ros_robot_interaction:/home/thisum/my_ws/install/moveit_ros_perception:/home/thisum/my_ws/install/moveit_resources_prbt_pg70_support:/home/thisum/my_ws/install/moveit_resources_prbt_moveit_config:/home/thisum/my_ws/install/moveit_ros_move_group:/home/thisum/my_ws/install/moveit_planners_ompl:/home/thisum/my_ws/install/moveit_ros_planning:/home/thisum/my_ws/install/moveit_ros_occupancy_map_monitor:/home/thisum/my_ws/install/moveit_resources_prbt_ikfast_manipulator_plugin:/home/thisum/my_ws/install/moveit_planners_chomp:/home/thisum/my_ws/install/moveit_kinematics:/home/thisum/my_ws/install/moveit_chomp_optimizer_adapter:/home/thisum/my_ws/install/chomp_motion_planner:/home/thisum/my_ws/install/moveit_core:/home/thisum/my_ws/install/srdfdom:/home/thisum/my_ws/install/rviz_marker_tools:/home/thisum/my_ws/install/rosparam_shortcuts:/home/thisum/my_ws/install/new_full_arm:/home/thisum/my_ws/install/moveit_task_constructor_msgs:/home/thisum/my_ws/install/moveit_resources_prbt_support:/home/thisum/my_ws/install/moveit_resources:/home/thisum/my_ws/install/moveit_resources_pr2_description:/home/thisum/my_ws/install/moveit_resources_panda_moveit_config:/home/thisum/my_ws/install/moveit_resources_panda_description:/home/thisum/my_ws/install/moveit_resources_fanuc_moveit_config:/home/thisum/my_ws/install/moveit_resources_fanuc_description:/home/thisum/my_ws/install/moveit_common:/home/thisum/arm_ws/install/x:/home/thisum/arm_ws/install/robotiq_description:/home/thisum/arm_ws/install/robotiq_controllers:/home/thisum/arm_ws/install/arm_config:/home/thisum/my_ws/install/moveit_configs_utils:/home/thisum/my_ws/install/launch_param_builder:/home/thisum/arm_ws/install/moveit_configs_utils:/opt/ros/humble:/home/thisum/arm_ws/install/new_full_arm:/home/thisum/arm_ws/install/moveit_resources_prbt_support:/home/thisum/arm_ws/install/moveit_resources_pr2_description:/home/thisum/arm_ws/install/moveit_resources_panda_description:/home/thisum/arm_ws/install/moveit_resources_fanuc_description:/home/thisum/arm_ws/install/moveit_msgs:/home/thisum/arm_ws/install/moveit_common:/home/thisum/arm_ws/install/kortex_api LD_LIBRARY_PATH=/home/thisum/my_ws/src/install/moveit_ros_planning/lib:/home/thisum/my_ws/src/install/moveit_ros_occupancy_map_monitor/lib:/home/thisum/my_ws/src/install/moveit_core/lib:/home/thisum/my_ws/src/install/srdfdom/lib:${LD_LIBRARY_PATH} PATH=/home/thisum/my_ws/src/install/moveit_core/bin:${PATH} PYTHONPATH=/home/thisum/my_ws/src/install/srdfdom/local/lib/python3.10/dist-packages:${PYTHONPATH} /usr/bin/cmake --build /home/thisum/my_ws/src/build/moveit_visual_tools -- -j6 -l6
[46.305s] Invoking command in '/home/thisum/my_ws/src/build/moveit_visual_tools': AMENT_PREFIX_PATH=/home/thisum/my_ws/src/install/moveit_ros_planning:/home/thisum/my_ws/src/install/moveit_ros_occupancy_map_monitor:/home/thisum/my_ws/src/install/moveit_core:/home/thisum/my_ws/src/install/moveit_resources_panda_moveit_config:/home/thisum/my_ws/src/install/srdfdom:/home/thisum/my_ws/src/install/moveit_resources_pr2_description:/home/thisum/my_ws/src/install/moveit_resources_panda_description:/home/thisum/my_ws/src/install/moveit_common:${AMENT_PREFIX_PATH} CMAKE_PREFIX_PATH=/home/thisum/my_ws/src/install/moveit_ros_planning:/home/thisum/my_ws/src/install/moveit_ros_occupancy_map_monitor:/home/thisum/my_ws/src/install/moveit_core:/home/thisum/my_ws/src/install/moveit_resources_panda_moveit_config:/home/thisum/my_ws/src/install/srdfdom:/home/thisum/my_ws/src/install/moveit_resources_pr2_description:/home/thisum/my_ws/src/install/moveit_resources_panda_description:/home/thisum/my_ws/src/install/moveit_common:/home/thisum/my_ws/install/pilz_industrial_motion_planner_testutils:/home/thisum/my_ws/install/moveit_runtime:/home/thisum/my_ws/install/moveit2_tutorials:/home/thisum/my_ws/install/moveit:/home/thisum/my_ws/install/arm_config:/home/thisum/my_ws/install/moveit_planners:/home/thisum/my_ws/install/pilz_industrial_motion_planner:/home/thisum/my_ws/install/moveit_visual_tools:/home/thisum/my_ws/install/moveit_task_constructor_visualization:/home/thisum/my_ws/install/moveit_task_constructor_demo:/home/thisum/my_ws/install/moveit_task_constructor_capabilities:/home/thisum/my_ws/install/moveit_task_constructor_core:/home/thisum/my_ws/install/moveit_ros_control_interface:/home/thisum/my_ws/install/moveit_plugins:/home/thisum/my_ws/install/moveit_simple_controller_manager:/home/thisum/my_ws/install/moveit_setup_assistant:/home/thisum/my_ws/install/moveit_setup_srdf_plugins:/home/thisum/my_ws/install/moveit_setup_core_plugins:/home/thisum/my_ws/install/moveit_setup_controllers:/home/thisum/my_ws/install/moveit_setup_app_plugins:/home/thisum/my_ws/install/moveit_setup_framework:/home/thisum/my_ws/install/moveit_servo:/home/thisum/my_ws/install/moveit_ros:/home/thisum/my_ws/install/moveit_ros_visualization:/home/thisum/my_ws/install/moveit_hybrid_planning:/home/thisum/my_ws/install/moveit_ros_planning_interface:/home/thisum/my_ws/install/moveit_ros_benchmarks:/home/thisum/my_ws/install/moveit_ros_warehouse:/home/thisum/my_ws/install/moveit_ros_robot_interaction:/home/thisum/my_ws/install/moveit_ros_perception:/home/thisum/my_ws/install/moveit_resources_prbt_pg70_support:/home/thisum/my_ws/install/moveit_resources_prbt_moveit_config:/home/thisum/my_ws/install/moveit_ros_move_group:/home/thisum/my_ws/install/moveit_planners_ompl:/home/thisum/my_ws/install/moveit_ros_planning:/home/thisum/my_ws/install/moveit_ros_occupancy_map_monitor:/home/thisum/my_ws/install/moveit_resources_prbt_ikfast_manipulator_plugin:/home/thisum/my_ws/install/moveit_planners_chomp:/home/thisum/my_ws/install/moveit_kinematics:/home/thisum/my_ws/install/moveit_chomp_optimizer_adapter:/home/thisum/my_ws/install/chomp_motion_planner:/home/thisum/my_ws/install/moveit_core:/home/thisum/my_ws/install/srdfdom:/home/thisum/my_ws/install/rviz_marker_tools:/home/thisum/my_ws/install/rosparam_shortcuts:/home/thisum/my_ws/install/new_full_arm:/home/thisum/my_ws/install/moveit_task_constructor_msgs:/home/thisum/my_ws/install/moveit_resources_prbt_support:/home/thisum/my_ws/install/moveit_resources:/home/thisum/my_ws/install/moveit_resources_pr2_description:/home/thisum/my_ws/install/moveit_resources_panda_moveit_config:/home/thisum/my_ws/install/moveit_resources_panda_description:/home/thisum/my_ws/install/moveit_resources_fanuc_moveit_config:/home/thisum/my_ws/install/moveit_resources_fanuc_description:/home/thisum/my_ws/install/moveit_common:/home/thisum/arm_ws/install/x:/home/thisum/arm_ws/install/robotiq_description:/home/thisum/arm_ws/install/robotiq_controllers:/home/thisum/arm_ws/install/arm_config:/home/thisum/my_ws/install/moveit_configs_utils:/home/thisum/my_ws/install/launch_param_builder:/home/thisum/arm_ws/install/moveit_configs_utils:/opt/ros/humble:/home/thisum/arm_ws/install/new_full_arm:/home/thisum/arm_ws/install/moveit_resources_prbt_support:/home/thisum/arm_ws/install/moveit_resources_pr2_description:/home/thisum/arm_ws/install/moveit_resources_panda_description:/home/thisum/arm_ws/install/moveit_resources_fanuc_description:/home/thisum/arm_ws/install/moveit_msgs:/home/thisum/arm_ws/install/moveit_common:/home/thisum/arm_ws/install/kortex_api LD_LIBRARY_PATH=/home/thisum/my_ws/src/install/moveit_ros_planning/lib:/home/thisum/my_ws/src/install/moveit_ros_occupancy_map_monitor/lib:/home/thisum/my_ws/src/install/moveit_core/lib:/home/thisum/my_ws/src/install/srdfdom/lib:${LD_LIBRARY_PATH} PATH=/home/thisum/my_ws/src/install/moveit_core/bin:${PATH} PYTHONPATH=/home/thisum/my_ws/src/install/srdfdom/local/lib/python3.10/dist-packages:${PYTHONPATH} /usr/bin/cmake --install /home/thisum/my_ws/src/build/moveit_visual_tools
[46.325s] -- Install configuration: "Release"
[46.325s] -- Installing: /home/thisum/my_ws/src/install/moveit_visual_tools/share/moveit_visual_tools/environment/library_path.sh
[46.325s] -- Installing: /home/thisum/my_ws/src/install/moveit_visual_tools/share/moveit_visual_tools/environment/library_path.dsv
[46.325s] -- Installing: /home/thisum/my_ws/src/install/moveit_visual_tools/lib/libmoveit_visual_tools.so
[46.327s] -- Set runtime path of "/home/thisum/my_ws/src/install/moveit_visual_tools/lib/libmoveit_visual_tools.so" to ""
[46.327s] -- Installing: /home/thisum/my_ws/src/install/moveit_visual_tools/lib/moveit_visual_tools/moveit_visual_tools_demo
[46.328s] -- Set runtime path of "/home/thisum/my_ws/src/install/moveit_visual_tools/lib/moveit_visual_tools/moveit_visual_tools_demo" to ""
[46.329s] -- Installing: /home/thisum/my_ws/src/install/moveit_visual_tools/include
[46.329s] -- Installing: /home/thisum/my_ws/src/install/moveit_visual_tools/include/moveit_visual_tools
[46.329s] -- Installing: /home/thisum/my_ws/src/install/moveit_visual_tools/include/moveit_visual_tools/moveit_visual_tools.h
[46.329s] -- Installing: /home/thisum/my_ws/src/install/moveit_visual_tools/include/moveit_visual_tools/imarker_robot_state.h
[46.329s] -- Installing: /home/thisum/my_ws/src/install/moveit_visual_tools/include/moveit_visual_tools/imarker_end_effector.h
[46.329s] -- Installing: /home/thisum/my_ws/src/install/moveit_visual_tools/share/moveit_visual_tools/launch
[46.330s] -- Installing: /home/thisum/my_ws/src/install/moveit_visual_tools/share/moveit_visual_tools/launch/demo.rviz
[46.330s] -- Installing: /home/thisum/my_ws/src/install/moveit_visual_tools/share/moveit_visual_tools/launch/demo_rviz.launch.py
[46.337s] -- Installing: /home/thisum/my_ws/src/install/moveit_visual_tools/share/moveit_visual_tools/resources
[46.337s] -- Installing: /home/thisum/my_ws/src/install/moveit_visual_tools/share/moveit_visual_tools/resources/screenshot.png
[46.339s] -- Installing: /home/thisum/my_ws/src/install/moveit_visual_tools/share/moveit_visual_tools/resources/rrbot.srdf
[46.339s] -- Installing: /home/thisum/my_ws/src/install/moveit_visual_tools/share/moveit_visual_tools/resources/demo.png
[46.339s] -- Installing: /home/thisum/my_ws/src/install/moveit_visual_tools/share/moveit_visual_tools/resources/rrbot.urdf
[46.340s] -- Installing: /home/thisum/my_ws/src/install/moveit_visual_tools/share/moveit_visual_tools/resources/demo_mesh.stl
[46.341s] -- Installing: /home/thisum/my_ws/src/install/moveit_visual_tools/share/ament_index/resource_index/package_run_dependencies/moveit_visual_tools
[46.342s] -- Installing: /home/thisum/my_ws/src/install/moveit_visual_tools/share/ament_index/resource_index/parent_prefix_path/moveit_visual_tools
[46.342s] -- Installing: /home/thisum/my_ws/src/install/moveit_visual_tools/share/moveit_visual_tools/environment/ament_prefix_path.sh
[46.342s] -- Installing: /home/thisum/my_ws/src/install/moveit_visual_tools/share/moveit_visual_tools/environment/ament_prefix_path.dsv
[46.342s] -- Installing: /home/thisum/my_ws/src/install/moveit_visual_tools/share/moveit_visual_tools/environment/path.sh
[46.343s] -- Installing: /home/thisum/my_ws/src/install/moveit_visual_tools/share/moveit_visual_tools/environment/path.dsv
[46.343s] -- Installing: /home/thisum/my_ws/src/install/moveit_visual_tools/share/moveit_visual_tools/local_setup.bash
[46.343s] -- Installing: /home/thisum/my_ws/src/install/moveit_visual_tools/share/moveit_visual_tools/local_setup.sh
[46.343s] -- Installing: /home/thisum/my_ws/src/install/moveit_visual_tools/share/moveit_visual_tools/local_setup.zsh
[46.343s] -- Installing: /home/thisum/my_ws/src/install/moveit_visual_tools/share/moveit_visual_tools/local_setup.dsv
[46.344s] -- Installing: /home/thisum/my_ws/src/install/moveit_visual_tools/share/moveit_visual_tools/package.dsv
[46.344s] -- Installing: /home/thisum/my_ws/src/install/moveit_visual_tools/share/ament_index/resource_index/packages/moveit_visual_tools
[46.344s] -- Installing: /home/thisum/my_ws/src/install/moveit_visual_tools/share/moveit_visual_tools/cmake/export_moveit_visual_toolsExport.cmake
[46.345s] -- Installing: /home/thisum/my_ws/src/install/moveit_visual_tools/share/moveit_visual_tools/cmake/export_moveit_visual_toolsExport-release.cmake
[46.345s] -- Installing: /home/thisum/my_ws/src/install/moveit_visual_tools/share/moveit_visual_tools/cmake/ament_cmake_export_targets-extras.cmake
[46.345s] -- Installing: /home/thisum/my_ws/src/install/moveit_visual_tools/share/moveit_visual_tools/cmake/ament_cmake_export_dependencies-extras.cmake
[46.346s] -- Installing: /home/thisum/my_ws/src/install/moveit_visual_tools/share/moveit_visual_tools/cmake/moveit_visual_toolsConfig.cmake
[46.346s] -- Installing: /home/thisum/my_ws/src/install/moveit_visual_tools/share/moveit_visual_tools/cmake/moveit_visual_toolsConfig-version.cmake
[46.346s] -- Installing: /home/thisum/my_ws/src/install/moveit_visual_tools/share/moveit_visual_tools/package.xml
[46.351s] Invoked command in '/home/thisum/my_ws/src/build/moveit_visual_tools' returned '0': AMENT_PREFIX_PATH=/home/thisum/my_ws/src/install/moveit_ros_planning:/home/thisum/my_ws/src/install/moveit_ros_occupancy_map_monitor:/home/thisum/my_ws/src/install/moveit_core:/home/thisum/my_ws/src/install/moveit_resources_panda_moveit_config:/home/thisum/my_ws/src/install/srdfdom:/home/thisum/my_ws/src/install/moveit_resources_pr2_description:/home/thisum/my_ws/src/install/moveit_resources_panda_description:/home/thisum/my_ws/src/install/moveit_common:${AMENT_PREFIX_PATH} CMAKE_PREFIX_PATH=/home/thisum/my_ws/src/install/moveit_ros_planning:/home/thisum/my_ws/src/install/moveit_ros_occupancy_map_monitor:/home/thisum/my_ws/src/install/moveit_core:/home/thisum/my_ws/src/install/moveit_resources_panda_moveit_config:/home/thisum/my_ws/src/install/srdfdom:/home/thisum/my_ws/src/install/moveit_resources_pr2_description:/home/thisum/my_ws/src/install/moveit_resources_panda_description:/home/thisum/my_ws/src/install/moveit_common:/home/thisum/my_ws/install/pilz_industrial_motion_planner_testutils:/home/thisum/my_ws/install/moveit_runtime:/home/thisum/my_ws/install/moveit2_tutorials:/home/thisum/my_ws/install/moveit:/home/thisum/my_ws/install/arm_config:/home/thisum/my_ws/install/moveit_planners:/home/thisum/my_ws/install/pilz_industrial_motion_planner:/home/thisum/my_ws/install/moveit_visual_tools:/home/thisum/my_ws/install/moveit_task_constructor_visualization:/home/thisum/my_ws/install/moveit_task_constructor_demo:/home/thisum/my_ws/install/moveit_task_constructor_capabilities:/home/thisum/my_ws/install/moveit_task_constructor_core:/home/thisum/my_ws/install/moveit_ros_control_interface:/home/thisum/my_ws/install/moveit_plugins:/home/thisum/my_ws/install/moveit_simple_controller_manager:/home/thisum/my_ws/install/moveit_setup_assistant:/home/thisum/my_ws/install/moveit_setup_srdf_plugins:/home/thisum/my_ws/install/moveit_setup_core_plugins:/home/thisum/my_ws/install/moveit_setup_controllers:/home/thisum/my_ws/install/moveit_setup_app_plugins:/home/thisum/my_ws/install/moveit_setup_framework:/home/thisum/my_ws/install/moveit_servo:/home/thisum/my_ws/install/moveit_ros:/home/thisum/my_ws/install/moveit_ros_visualization:/home/thisum/my_ws/install/moveit_hybrid_planning:/home/thisum/my_ws/install/moveit_ros_planning_interface:/home/thisum/my_ws/install/moveit_ros_benchmarks:/home/thisum/my_ws/install/moveit_ros_warehouse:/home/thisum/my_ws/install/moveit_ros_robot_interaction:/home/thisum/my_ws/install/moveit_ros_perception:/home/thisum/my_ws/install/moveit_resources_prbt_pg70_support:/home/thisum/my_ws/install/moveit_resources_prbt_moveit_config:/home/thisum/my_ws/install/moveit_ros_move_group:/home/thisum/my_ws/install/moveit_planners_ompl:/home/thisum/my_ws/install/moveit_ros_planning:/home/thisum/my_ws/install/moveit_ros_occupancy_map_monitor:/home/thisum/my_ws/install/moveit_resources_prbt_ikfast_manipulator_plugin:/home/thisum/my_ws/install/moveit_planners_chomp:/home/thisum/my_ws/install/moveit_kinematics:/home/thisum/my_ws/install/moveit_chomp_optimizer_adapter:/home/thisum/my_ws/install/chomp_motion_planner:/home/thisum/my_ws/install/moveit_core:/home/thisum/my_ws/install/srdfdom:/home/thisum/my_ws/install/rviz_marker_tools:/home/thisum/my_ws/install/rosparam_shortcuts:/home/thisum/my_ws/install/new_full_arm:/home/thisum/my_ws/install/moveit_task_constructor_msgs:/home/thisum/my_ws/install/moveit_resources_prbt_support:/home/thisum/my_ws/install/moveit_resources:/home/thisum/my_ws/install/moveit_resources_pr2_description:/home/thisum/my_ws/install/moveit_resources_panda_moveit_config:/home/thisum/my_ws/install/moveit_resources_panda_description:/home/thisum/my_ws/install/moveit_resources_fanuc_moveit_config:/home/thisum/my_ws/install/moveit_resources_fanuc_description:/home/thisum/my_ws/install/moveit_common:/home/thisum/arm_ws/install/x:/home/thisum/arm_ws/install/robotiq_description:/home/thisum/arm_ws/install/robotiq_controllers:/home/thisum/arm_ws/install/arm_config:/home/thisum/my_ws/install/moveit_configs_utils:/home/thisum/my_ws/install/launch_param_builder:/home/thisum/arm_ws/install/moveit_configs_utils:/opt/ros/humble:/home/thisum/arm_ws/install/new_full_arm:/home/thisum/arm_ws/install/moveit_resources_prbt_support:/home/thisum/arm_ws/install/moveit_resources_pr2_description:/home/thisum/arm_ws/install/moveit_resources_panda_description:/home/thisum/arm_ws/install/moveit_resources_fanuc_description:/home/thisum/arm_ws/install/moveit_msgs:/home/thisum/arm_ws/install/moveit_common:/home/thisum/arm_ws/install/kortex_api LD_LIBRARY_PATH=/home/thisum/my_ws/src/install/moveit_ros_planning/lib:/home/thisum/my_ws/src/install/moveit_ros_occupancy_map_monitor/lib:/home/thisum/my_ws/src/install/moveit_core/lib:/home/thisum/my_ws/src/install/srdfdom/lib:${LD_LIBRARY_PATH} PATH=/home/thisum/my_ws/src/install/moveit_core/bin:${PATH} PYTHONPATH=/home/thisum/my_ws/src/install/srdfdom/local/lib/python3.10/dist-packages:${PYTHONPATH} /usr/bin/cmake --install /home/thisum/my_ws/src/build/moveit_visual_tools
