[0.014s] Invoking command in '/home/thisum/my_ws/build/moveit_task_constructor_msgs': CMAKE_PREFIX_PATH=/opt/ros/humble /usr/bin/cmake /home/thisum/my_ws/src/moveit_task_constructor/msgs -DCMAKE_BUILD_TYPE=Release -DCMAKE_INSTALL_PREFIX=/home/thisum/my_ws/install/moveit_task_constructor_msgs
[0.116s] -- The C compiler identification is GNU 11.4.0
[0.201s] -- The CXX compiler identification is GNU 11.4.0
[0.211s] -- Detecting C compiler ABI info
[0.334s] -- Detecting C compiler ABI info - done
[0.341s] -- Check for working C compiler: /usr/bin/cc - skipped
[0.342s] -- Detecting C compile features
[0.342s] -- Detecting C compile features - done
[0.344s] -- Detecting CXX compiler ABI info
[0.475s] -- Detecting CXX compiler ABI info - done
[0.482s] -- Check for working CXX compiler: /usr/bin/c++ - skipped
[0.482s] -- Detecting CXX compile features
[0.483s] -- Detecting CXX compile features - done
[0.486s] -- Found ament_cmake: 1.3.9 (/opt/ros/humble/share/ament_cmake/cmake)
[0.678s] -- Found Python3: /usr/bin/python3 (found version "3.10.12") found components: Interpreter 
[0.783s] -- Found builtin_interfaces: 1.2.1 (/opt/ros/humble/share/builtin_interfaces/cmake)
[0.823s] -- Found rosidl_generator_c: 3.1.5 (/opt/ros/humble/share/rosidl_generator_c/cmake)
[0.833s] -- Found rosidl_adapter: 3.1.5 (/opt/ros/humble/share/rosidl_adapter/cmake)
[0.844s] -- Found rosidl_generator_cpp: 3.1.5 (/opt/ros/humble/share/rosidl_generator_cpp/cmake)
[0.863s] -- Using all available rosidl_typesupport_c: rosidl_typesupport_fastrtps_c;rosidl_typesupport_introspection_c
[0.885s] -- Using all available rosidl_typesupport_cpp: rosidl_typesupport_fastrtps_cpp;rosidl_typesupport_introspection_cpp
[0.920s] [31mCMake Error at CMakeLists.txt:6 (find_package):
[0.920s]   By not providing "Findmoveit_msgs.cmake" in CMAKE_MODULE_PATH this project
[0.920s]   has asked CMake to find a package configuration file provided by
[0.920s]   "moveit_msgs", but CMake did not find one.
[0.920s] 
[0.921s]   Could not find a package configuration file provided by "moveit_msgs" with
[0.921s]   any of the following names:
[0.921s] 
[0.921s]     moveit_msgsConfig.cmake
[0.921s]     moveit_msgs-config.cmake
[0.922s] 
[0.922s]   Add the installation prefix of "moveit_msgs" to CMAKE_PREFIX_PATH or set
[0.922s]   "moveit_msgs_DIR" to a directory containing one of the above files.  If
[0.922s]   "moveit_msgs" provides a separate development package or SDK, be sure it
[0.922s]   has been installed.
[0.922s] 
[0.922s] [0m
[0.922s] -- Configuring incomplete, errors occurred!
[0.922s] See also "/home/thisum/my_ws/build/moveit_task_constructor_msgs/CMakeFiles/CMakeOutput.log".
[0.935s] Invoked command in '/home/thisum/my_ws/build/moveit_task_constructor_msgs' returned '1': CMAKE_PREFIX_PATH=/opt/ros/humble /usr/bin/cmake /home/thisum/my_ws/src/moveit_task_constructor/msgs -DCMAKE_BUILD_TYPE=Release -DCMAKE_INSTALL_PREFIX=/home/thisum/my_ws/install/moveit_task_constructor_msgs
