[0.069s] Invoking command in '/home/thisum/my_ws/build/pilz_industrial_motion_planner': AMENT_PREFIX_PATH=/home/thisum/my_ws/install/moveit_resources_prbt_pg70_support:/home/thisum/my_ws/install/moveit_ros_planning_interface:/home/thisum/my_ws/install/moveit_resources_prbt_moveit_config:/home/thisum/my_ws/install/moveit_ros_move_group:/home/thisum/my_ws/install/moveit_ros_warehouse:/home/thisum/my_ws/install/moveit_planners_ompl:/home/thisum/my_ws/install/moveit_kinematics:/home/thisum/my_ws/install/moveit_ros_planning:/home/thisum/my_ws/install/pilz_industrial_motion_planner_testutils:/home/thisum/my_ws/install/moveit_simple_controller_manager:/home/thisum/my_ws/install/moveit_ros_occupancy_map_monitor:/home/thisum/my_ws/install/moveit_resources_prbt_ikfast_manipulator_plugin:/home/thisum/my_ws/install/moveit_core:/home/thisum/my_ws/install/moveit_resources_panda_moveit_config:/home/thisum/my_ws/install/moveit_resources_fanuc_moveit_config:/home/thisum/my_ws/install/moveit_configs_utils:/home/thisum/my_ws/install/srdfdom:/home/thisum/my_ws/install/moveit_resources_prbt_support:/home/thisum/my_ws/install/moveit_resources_pr2_description:/home/thisum/my_ws/install/moveit_resources_panda_description:/home/thisum/my_ws/install/moveit_resources_fanuc_description:/home/thisum/my_ws/install/moveit_common:/home/thisum/my_ws/install/launch_param_builder:${AMENT_PREFIX_PATH} CMAKE_PREFIX_PATH=/home/thisum/my_ws/install/moveit_resources_prbt_pg70_support:/home/thisum/my_ws/install/moveit_ros_planning_interface:/home/thisum/my_ws/install/moveit_resources_prbt_moveit_config:/home/thisum/my_ws/install/moveit_ros_move_group:/home/thisum/my_ws/install/moveit_ros_warehouse:/home/thisum/my_ws/install/moveit_planners_ompl:/home/thisum/my_ws/install/moveit_kinematics:/home/thisum/my_ws/install/moveit_ros_planning:/home/thisum/my_ws/install/pilz_industrial_motion_planner_testutils:/home/thisum/my_ws/install/moveit_simple_controller_manager:/home/thisum/my_ws/install/moveit_ros_occupancy_map_monitor:/home/thisum/my_ws/install/moveit_resources_prbt_ikfast_manipulator_plugin:/home/thisum/my_ws/install/moveit_core:/home/thisum/my_ws/install/moveit_resources_panda_moveit_config:/home/thisum/my_ws/install/moveit_resources_fanuc_moveit_config:/home/thisum/my_ws/install/srdfdom:/home/thisum/my_ws/install/moveit_resources_prbt_support:/home/thisum/my_ws/install/moveit_resources_pr2_description:/home/thisum/my_ws/install/moveit_resources_panda_description:/home/thisum/my_ws/install/moveit_resources_fanuc_description:/home/thisum/my_ws/install/moveit_common:/opt/ros/humble LD_LIBRARY_PATH=/home/thisum/my_ws/install/moveit_ros_planning_interface/lib:/home/thisum/my_ws/install/moveit_ros_move_group/lib:/home/thisum/my_ws/install/moveit_ros_warehouse/lib:/home/thisum/my_ws/install/moveit_planners_ompl/lib:/home/thisum/my_ws/install/moveit_kinematics/lib:/home/thisum/my_ws/install/moveit_ros_planning/lib:/home/thisum/my_ws/install/pilz_industrial_motion_planner_testutils/lib:/home/thisum/my_ws/install/moveit_simple_controller_manager/lib:/home/thisum/my_ws/install/moveit_ros_occupancy_map_monitor/lib:/home/thisum/my_ws/install/moveit_resources_prbt_ikfast_manipulator_plugin/lib:/home/thisum/my_ws/install/moveit_core/lib:/home/thisum/my_ws/install/srdfdom/lib:${LD_LIBRARY_PATH} PATH=/home/thisum/my_ws/install/moveit_core/bin:${PATH} PYTHONPATH=/home/thisum/my_ws/install/moveit_configs_utils/lib/python3.10/site-packages:/home/thisum/my_ws/install/srdfdom/local/lib/python3.10/dist-packages:/home/thisum/my_ws/install/launch_param_builder/lib/python3.10/site-packages:${PYTHONPATH} /usr/bin/cmake --build /home/thisum/my_ws/build/pilz_industrial_motion_planner -- -j6 -l6
[0.158s] [35m[1mConsolidate compiler generated dependencies of target gtest[0m
[0.158s] [35m[1mConsolidate compiler generated dependencies of target gtest_main[0m
[0.159s] [35m[1mConsolidate compiler generated dependencies of target gmock_main[0m
[0.162s] [35m[1mConsolidate compiler generated dependencies of target planning_context_loader_base[0m
[0.162s] [35m[1mConsolidate compiler generated dependencies of target joint_limits_common[0m
[0.163s] [35m[1mConsolidate compiler generated dependencies of target trajectory_generation_common[0m
[0.187s] [  3%] Built target gmock_main
[0.188s] [  4%] Built target gtest
[0.193s] [  7%] Built target gtest_main
[0.205s] [  9%] Built target planning_context_loader_base
[0.206s] [35m[1mConsolidate compiler generated dependencies of target gmock[0m
[0.219s] [ 18%] Built target joint_limits_common
[0.251s] [ 25%] Built target gmock
[0.251s] [ 26%] Built target trajectory_generation_common
[0.256s] [35m[1mConsolidate compiler generated dependencies of target unittest_joint_limits_container[0m
[0.257s] [35m[1mConsolidate compiler generated dependencies of target unittest_joint_limits_aggregator[0m
[0.259s] [35m[1mConsolidate compiler generated dependencies of target unittest_joint_limit[0m
[0.259s] [35m[1mConsolidate compiler generated dependencies of target pilz_industrial_motion_planner[0m
[0.270s] [35m[1mConsolidate compiler generated dependencies of target unittest_joint_limits_validator[0m
[0.272s] [35m[1mConsolidate compiler generated dependencies of target unittest_cartesian_limits_aggregator[0m
[0.284s] [ 28%] Built target unittest_joint_limits_container
[0.295s] [ 31%] Built target unittest_joint_limit
[0.297s] [ 33%] Built target unittest_joint_limits_validator
[0.301s] [ 36%] Built target unittest_joint_limits_aggregator
[0.302s] [ 38%] Built target pilz_industrial_motion_planner
[0.305s] [35m[1mConsolidate compiler generated dependencies of target command_list_manager[0m
[0.307s] [ 40%] Built target unittest_cartesian_limits_aggregator
[0.321s] [35m[1mConsolidate compiler generated dependencies of target planning_context_loader_ptp[0m
[0.321s] [35m[1mConsolidate compiler generated dependencies of target planning_context_loader_lin[0m
[0.323s] [35m[1mConsolidate compiler generated dependencies of target pilz_industrial_motion_planner_test_utils[0m
[0.324s] [35m[1mConsolidate compiler generated dependencies of target planning_context_loader_circ[0m
[0.356s] [ 44%] Built target command_list_manager
[0.356s] [35m[1mConsolidate compiler generated dependencies of target unittest_velocity_profile_atrap[0m
[0.391s] [ 48%] Built target pilz_industrial_motion_planner_test_utils
[0.391s] [ 51%] Built target planning_context_loader_ptp
[0.398s] [35m[1mConsolidate compiler generated dependencies of target unittest_trajectory_generator[0m
[0.398s] [ 56%] Built target planning_context_loader_lin
[0.402s] [ 60%] Built target unittest_velocity_profile_atrap
[0.411s] [ 65%] Built target planning_context_loader_circ
[0.418s] [35m[1mConsolidate compiler generated dependencies of target unittest_planning_context_loaders[0m
[0.418s] [35m[1mConsolidate compiler generated dependencies of target unittest_pilz_industrial_motion_planner[0m
[0.420s] [35m[1mConsolidate compiler generated dependencies of target unittest_get_solver_tip_frame[0m
[0.425s] [35m[1mConsolidate compiler generated dependencies of target sequence_capability[0m
[0.446s] [35m[1mConsolidate compiler generated dependencies of target unittest_pilz_industrial_motion_planner_direct[0m
[0.468s] [ 68%] Built target unittest_trajectory_generator
[0.477s] [ 71%] Built target unittest_get_solver_tip_frame
[0.486s] [ 73%] Built target unittest_planning_context_loaders
[0.494s] [ 75%] Built target unittest_pilz_industrial_motion_planner
[0.494s] [35m[1mConsolidate compiler generated dependencies of target unittest_trajectory_functions[0m
[0.501s] [ 78%] Built target unittest_pilz_industrial_motion_planner_direct
[0.509s] [35m[1mConsolidate compiler generated dependencies of target unittest_trajectory_blender_transition_window[0m
[0.518s] [35m[1mConsolidate compiler generated dependencies of target unittest_trajectory_generator_circ[0m
[0.518s] [ 81%] Built target sequence_capability
[0.519s] [35m[1mConsolidate compiler generated dependencies of target unittest_trajectory_generator_common[0m
[0.526s] [35m[1mConsolidate compiler generated dependencies of target unittest_trajectory_generator_lin[0m
[0.574s] [35m[1mConsolidate compiler generated dependencies of target unittest_trajectory_generator_ptp[0m
[0.584s] [ 90%] Built target unittest_trajectory_blender_transition_window
[0.584s] [ 90%] Built target unittest_trajectory_generator_circ
[0.584s] [ 90%] Built target unittest_trajectory_functions
[0.595s] [ 92%] Built target unittest_trajectory_generator_common
[0.606s] [ 95%] Built target unittest_trajectory_generator_lin
[0.608s] [35m[1mConsolidate compiler generated dependencies of target unittest_planning_context[0m
[0.622s] [ 97%] Built target unittest_trajectory_generator_ptp
[0.654s] [100%] Built target unittest_planning_context
[0.675s] Invoked command in '/home/thisum/my_ws/build/pilz_industrial_motion_planner' returned '0': AMENT_PREFIX_PATH=/home/thisum/my_ws/install/moveit_resources_prbt_pg70_support:/home/thisum/my_ws/install/moveit_ros_planning_interface:/home/thisum/my_ws/install/moveit_resources_prbt_moveit_config:/home/thisum/my_ws/install/moveit_ros_move_group:/home/thisum/my_ws/install/moveit_ros_warehouse:/home/thisum/my_ws/install/moveit_planners_ompl:/home/thisum/my_ws/install/moveit_kinematics:/home/thisum/my_ws/install/moveit_ros_planning:/home/thisum/my_ws/install/pilz_industrial_motion_planner_testutils:/home/thisum/my_ws/install/moveit_simple_controller_manager:/home/thisum/my_ws/install/moveit_ros_occupancy_map_monitor:/home/thisum/my_ws/install/moveit_resources_prbt_ikfast_manipulator_plugin:/home/thisum/my_ws/install/moveit_core:/home/thisum/my_ws/install/moveit_resources_panda_moveit_config:/home/thisum/my_ws/install/moveit_resources_fanuc_moveit_config:/home/thisum/my_ws/install/moveit_configs_utils:/home/thisum/my_ws/install/srdfdom:/home/thisum/my_ws/install/moveit_resources_prbt_support:/home/thisum/my_ws/install/moveit_resources_pr2_description:/home/thisum/my_ws/install/moveit_resources_panda_description:/home/thisum/my_ws/install/moveit_resources_fanuc_description:/home/thisum/my_ws/install/moveit_common:/home/thisum/my_ws/install/launch_param_builder:${AMENT_PREFIX_PATH} CMAKE_PREFIX_PATH=/home/thisum/my_ws/install/moveit_resources_prbt_pg70_support:/home/thisum/my_ws/install/moveit_ros_planning_interface:/home/thisum/my_ws/install/moveit_resources_prbt_moveit_config:/home/thisum/my_ws/install/moveit_ros_move_group:/home/thisum/my_ws/install/moveit_ros_warehouse:/home/thisum/my_ws/install/moveit_planners_ompl:/home/thisum/my_ws/install/moveit_kinematics:/home/thisum/my_ws/install/moveit_ros_planning:/home/thisum/my_ws/install/pilz_industrial_motion_planner_testutils:/home/thisum/my_ws/install/moveit_simple_controller_manager:/home/thisum/my_ws/install/moveit_ros_occupancy_map_monitor:/home/thisum/my_ws/install/moveit_resources_prbt_ikfast_manipulator_plugin:/home/thisum/my_ws/install/moveit_core:/home/thisum/my_ws/install/moveit_resources_panda_moveit_config:/home/thisum/my_ws/install/moveit_resources_fanuc_moveit_config:/home/thisum/my_ws/install/srdfdom:/home/thisum/my_ws/install/moveit_resources_prbt_support:/home/thisum/my_ws/install/moveit_resources_pr2_description:/home/thisum/my_ws/install/moveit_resources_panda_description:/home/thisum/my_ws/install/moveit_resources_fanuc_description:/home/thisum/my_ws/install/moveit_common:/opt/ros/humble LD_LIBRARY_PATH=/home/thisum/my_ws/install/moveit_ros_planning_interface/lib:/home/thisum/my_ws/install/moveit_ros_move_group/lib:/home/thisum/my_ws/install/moveit_ros_warehouse/lib:/home/thisum/my_ws/install/moveit_planners_ompl/lib:/home/thisum/my_ws/install/moveit_kinematics/lib:/home/thisum/my_ws/install/moveit_ros_planning/lib:/home/thisum/my_ws/install/pilz_industrial_motion_planner_testutils/lib:/home/thisum/my_ws/install/moveit_simple_controller_manager/lib:/home/thisum/my_ws/install/moveit_ros_occupancy_map_monitor/lib:/home/thisum/my_ws/install/moveit_resources_prbt_ikfast_manipulator_plugin/lib:/home/thisum/my_ws/install/moveit_core/lib:/home/thisum/my_ws/install/srdfdom/lib:${LD_LIBRARY_PATH} PATH=/home/thisum/my_ws/install/moveit_core/bin:${PATH} PYTHONPATH=/home/thisum/my_ws/install/moveit_configs_utils/lib/python3.10/site-packages:/home/thisum/my_ws/install/srdfdom/local/lib/python3.10/dist-packages:/home/thisum/my_ws/install/launch_param_builder/lib/python3.10/site-packages:${PYTHONPATH} /usr/bin/cmake --build /home/thisum/my_ws/build/pilz_industrial_motion_planner -- -j6 -l6
[0.890s] Invoking command in '/home/thisum/my_ws/build/pilz_industrial_motion_planner': AMENT_PREFIX_PATH=/home/thisum/my_ws/install/moveit_resources_prbt_pg70_support:/home/thisum/my_ws/install/moveit_ros_planning_interface:/home/thisum/my_ws/install/moveit_resources_prbt_moveit_config:/home/thisum/my_ws/install/moveit_ros_move_group:/home/thisum/my_ws/install/moveit_ros_warehouse:/home/thisum/my_ws/install/moveit_planners_ompl:/home/thisum/my_ws/install/moveit_kinematics:/home/thisum/my_ws/install/moveit_ros_planning:/home/thisum/my_ws/install/pilz_industrial_motion_planner_testutils:/home/thisum/my_ws/install/moveit_simple_controller_manager:/home/thisum/my_ws/install/moveit_ros_occupancy_map_monitor:/home/thisum/my_ws/install/moveit_resources_prbt_ikfast_manipulator_plugin:/home/thisum/my_ws/install/moveit_core:/home/thisum/my_ws/install/moveit_resources_panda_moveit_config:/home/thisum/my_ws/install/moveit_resources_fanuc_moveit_config:/home/thisum/my_ws/install/moveit_configs_utils:/home/thisum/my_ws/install/srdfdom:/home/thisum/my_ws/install/moveit_resources_prbt_support:/home/thisum/my_ws/install/moveit_resources_pr2_description:/home/thisum/my_ws/install/moveit_resources_panda_description:/home/thisum/my_ws/install/moveit_resources_fanuc_description:/home/thisum/my_ws/install/moveit_common:/home/thisum/my_ws/install/launch_param_builder:${AMENT_PREFIX_PATH} CMAKE_PREFIX_PATH=/home/thisum/my_ws/install/moveit_resources_prbt_pg70_support:/home/thisum/my_ws/install/moveit_ros_planning_interface:/home/thisum/my_ws/install/moveit_resources_prbt_moveit_config:/home/thisum/my_ws/install/moveit_ros_move_group:/home/thisum/my_ws/install/moveit_ros_warehouse:/home/thisum/my_ws/install/moveit_planners_ompl:/home/thisum/my_ws/install/moveit_kinematics:/home/thisum/my_ws/install/moveit_ros_planning:/home/thisum/my_ws/install/pilz_industrial_motion_planner_testutils:/home/thisum/my_ws/install/moveit_simple_controller_manager:/home/thisum/my_ws/install/moveit_ros_occupancy_map_monitor:/home/thisum/my_ws/install/moveit_resources_prbt_ikfast_manipulator_plugin:/home/thisum/my_ws/install/moveit_core:/home/thisum/my_ws/install/moveit_resources_panda_moveit_config:/home/thisum/my_ws/install/moveit_resources_fanuc_moveit_config:/home/thisum/my_ws/install/srdfdom:/home/thisum/my_ws/install/moveit_resources_prbt_support:/home/thisum/my_ws/install/moveit_resources_pr2_description:/home/thisum/my_ws/install/moveit_resources_panda_description:/home/thisum/my_ws/install/moveit_resources_fanuc_description:/home/thisum/my_ws/install/moveit_common:/opt/ros/humble LD_LIBRARY_PATH=/home/thisum/my_ws/install/moveit_ros_planning_interface/lib:/home/thisum/my_ws/install/moveit_ros_move_group/lib:/home/thisum/my_ws/install/moveit_ros_warehouse/lib:/home/thisum/my_ws/install/moveit_planners_ompl/lib:/home/thisum/my_ws/install/moveit_kinematics/lib:/home/thisum/my_ws/install/moveit_ros_planning/lib:/home/thisum/my_ws/install/pilz_industrial_motion_planner_testutils/lib:/home/thisum/my_ws/install/moveit_simple_controller_manager/lib:/home/thisum/my_ws/install/moveit_ros_occupancy_map_monitor/lib:/home/thisum/my_ws/install/moveit_resources_prbt_ikfast_manipulator_plugin/lib:/home/thisum/my_ws/install/moveit_core/lib:/home/thisum/my_ws/install/srdfdom/lib:${LD_LIBRARY_PATH} PATH=/home/thisum/my_ws/install/moveit_core/bin:${PATH} PYTHONPATH=/home/thisum/my_ws/install/moveit_configs_utils/lib/python3.10/site-packages:/home/thisum/my_ws/install/srdfdom/local/lib/python3.10/dist-packages:/home/thisum/my_ws/install/launch_param_builder/lib/python3.10/site-packages:${PYTHONPATH} /usr/bin/cmake --install /home/thisum/my_ws/build/pilz_industrial_motion_planner
[0.901s] -- Install configuration: "Release"
[0.902s] -- Up-to-date: /home/thisum/my_ws/install/pilz_industrial_motion_planner/share/pilz_industrial_motion_planner/plugins/pilz_industrial_motion_planner_plugin_description.xml
[0.902s] -- Up-to-date: /home/thisum/my_ws/install/pilz_industrial_motion_planner/share/pilz_industrial_motion_planner/plugins/sequence_capability_plugin_description.xml
[0.902s] -- Up-to-date: /home/thisum/my_ws/install/pilz_industrial_motion_planner/share/pilz_industrial_motion_planner/plugins/planning_context_plugin_description.xml
[0.902s] -- Up-to-date: /home/thisum/my_ws/install/pilz_industrial_motion_planner/lib/libpilz_industrial_motion_planner.so
[0.902s] -- Up-to-date: /home/thisum/my_ws/install/pilz_industrial_motion_planner/lib/libjoint_limits_common.so
[0.903s] -- Up-to-date: /home/thisum/my_ws/install/pilz_industrial_motion_planner/lib/libplanning_context_loader_base.so
[0.903s] -- Up-to-date: /home/thisum/my_ws/install/pilz_industrial_motion_planner/lib/libplanning_context_loader_ptp.so
[0.903s] -- Up-to-date: /home/thisum/my_ws/install/pilz_industrial_motion_planner/lib/libplanning_context_loader_lin.so
[0.904s] -- Up-to-date: /home/thisum/my_ws/install/pilz_industrial_motion_planner/lib/libplanning_context_loader_circ.so
[0.904s] -- Up-to-date: /home/thisum/my_ws/install/pilz_industrial_motion_planner/lib/libcommand_list_manager.so
[0.905s] -- Up-to-date: /home/thisum/my_ws/install/pilz_industrial_motion_planner/lib/libsequence_capability.so
[0.905s] -- Up-to-date: /home/thisum/my_ws/install/pilz_industrial_motion_planner/lib/libtrajectory_generation_common.so
[0.905s] -- Up-to-date: /home/thisum/my_ws/install/pilz_industrial_motion_planner/include
[0.905s] -- Up-to-date: /home/thisum/my_ws/install/pilz_industrial_motion_planner/include/pilz_industrial_motion_planner
[0.906s] -- Up-to-date: /home/thisum/my_ws/install/pilz_industrial_motion_planner/include/pilz_industrial_motion_planner/cartesian_trajectory_point.h
[0.906s] -- Up-to-date: /home/thisum/my_ws/install/pilz_industrial_motion_planner/include/pilz_industrial_motion_planner/command_list_manager.h
[0.906s] -- Up-to-date: /home/thisum/my_ws/install/pilz_industrial_motion_planner/include/pilz_industrial_motion_planner/cartesian_limit.h
[0.906s] -- Up-to-date: /home/thisum/my_ws/install/pilz_industrial_motion_planner/include/pilz_industrial_motion_planner/joint_limits_interface_extension.h
[0.906s] -- Up-to-date: /home/thisum/my_ws/install/pilz_industrial_motion_planner/include/pilz_industrial_motion_planner/planning_exceptions.h
[0.907s] -- Up-to-date: /home/thisum/my_ws/install/pilz_industrial_motion_planner/include/pilz_industrial_motion_planner/cartesian_trajectory.h
[0.907s] -- Up-to-date: /home/thisum/my_ws/install/pilz_industrial_motion_planner/include/pilz_industrial_motion_planner/planning_context_loader_ptp.h
[0.907s] -- Up-to-date: /home/thisum/my_ws/install/pilz_industrial_motion_planner/include/pilz_industrial_motion_planner/trajectory_blend_response.h
[0.907s] -- Up-to-date: /home/thisum/my_ws/install/pilz_industrial_motion_planner/include/pilz_industrial_motion_planner/planning_context_loader_circ.h
[0.908s] -- Up-to-date: /home/thisum/my_ws/install/pilz_industrial_motion_planner/include/pilz_industrial_motion_planner/trajectory_blender_transition_window.h
[0.908s] -- Up-to-date: /home/thisum/my_ws/install/pilz_industrial_motion_planner/include/pilz_industrial_motion_planner/pilz_industrial_motion_planner.h
[0.908s] -- Up-to-date: /home/thisum/my_ws/install/pilz_industrial_motion_planner/include/pilz_industrial_motion_planner/capability_names.h
[0.908s] -- Up-to-date: /home/thisum/my_ws/install/pilz_industrial_motion_planner/include/pilz_industrial_motion_planner/plan_components_builder.h
[0.908s] -- Up-to-date: /home/thisum/my_ws/install/pilz_industrial_motion_planner/include/pilz_industrial_motion_planner/planning_context_circ.h
[0.909s] -- Up-to-date: /home/thisum/my_ws/install/pilz_industrial_motion_planner/include/pilz_industrial_motion_planner/joint_limits_aggregator.h
[0.909s] -- Up-to-date: /home/thisum/my_ws/install/pilz_industrial_motion_planner/include/pilz_industrial_motion_planner/joint_limits_extension.h
[0.909s] -- Up-to-date: /home/thisum/my_ws/install/pilz_industrial_motion_planner/include/pilz_industrial_motion_planner/move_group_sequence_action.h
[0.909s] -- Up-to-date: /home/thisum/my_ws/install/pilz_industrial_motion_planner/include/pilz_industrial_motion_planner/trajectory_blender.h
[0.909s] -- Up-to-date: /home/thisum/my_ws/install/pilz_industrial_motion_planner/include/pilz_industrial_motion_planner/trajectory_generator_ptp.h
[0.909s] -- Up-to-date: /home/thisum/my_ws/install/pilz_industrial_motion_planner/include/pilz_industrial_motion_planner/cartesian_limits_aggregator.h
[0.909s] -- Up-to-date: /home/thisum/my_ws/install/pilz_industrial_motion_planner/include/pilz_industrial_motion_planner/move_group_sequence_service.h
[0.909s] -- Up-to-date: /home/thisum/my_ws/install/pilz_industrial_motion_planner/include/pilz_industrial_motion_planner/trajectory_generation_exceptions.h
[0.909s] -- Up-to-date: /home/thisum/my_ws/install/pilz_industrial_motion_planner/include/pilz_industrial_motion_planner/trajectory_generator_lin.h
[0.909s] -- Up-to-date: /home/thisum/my_ws/install/pilz_industrial_motion_planner/include/pilz_industrial_motion_planner/planning_context_loader.h
[0.909s] -- Up-to-date: /home/thisum/my_ws/install/pilz_industrial_motion_planner/include/pilz_industrial_motion_planner/planning_context_lin.h
[0.909s] -- Up-to-date: /home/thisum/my_ws/install/pilz_industrial_motion_planner/include/pilz_industrial_motion_planner/trajectory_generator_circ.h
[0.909s] -- Up-to-date: /home/thisum/my_ws/install/pilz_industrial_motion_planner/include/pilz_industrial_motion_planner/joint_limits_container.h
[0.909s] -- Up-to-date: /home/thisum/my_ws/install/pilz_industrial_motion_planner/include/pilz_industrial_motion_planner/trajectory_generator.h
[0.909s] -- Up-to-date: /home/thisum/my_ws/install/pilz_industrial_motion_planner/include/pilz_industrial_motion_planner/velocity_profile_atrap.h
[0.909s] -- Up-to-date: /home/thisum/my_ws/install/pilz_industrial_motion_planner/include/pilz_industrial_motion_planner/joint_limits_validator.h
[0.909s] -- Up-to-date: /home/thisum/my_ws/install/pilz_industrial_motion_planner/include/pilz_industrial_motion_planner/planning_context_loader_lin.h
[0.909s] -- Up-to-date: /home/thisum/my_ws/install/pilz_industrial_motion_planner/include/pilz_industrial_motion_planner/tip_frame_getter.h
[0.910s] -- Up-to-date: /home/thisum/my_ws/install/pilz_industrial_motion_planner/include/pilz_industrial_motion_planner/planning_context_base.h
[0.910s] -- Up-to-date: /home/thisum/my_ws/install/pilz_industrial_motion_planner/include/pilz_industrial_motion_planner/path_circle_generator.h
[0.910s] -- Up-to-date: /home/thisum/my_ws/install/pilz_industrial_motion_planner/include/pilz_industrial_motion_planner/trajectory_blend_request.h
[0.910s] -- Up-to-date: /home/thisum/my_ws/install/pilz_industrial_motion_planner/include/pilz_industrial_motion_planner/planning_context_ptp.h
[0.910s] -- Up-to-date: /home/thisum/my_ws/install/pilz_industrial_motion_planner/include/pilz_industrial_motion_planner/trajectory_functions.h
[0.910s] -- Up-to-date: /home/thisum/my_ws/install/pilz_industrial_motion_planner/include/pilz_industrial_motion_planner/limits_container.h
[0.911s] -- Up-to-date: /home/thisum/my_ws/install/pilz_industrial_motion_planner/include/joint_limits_copy
[0.911s] -- Up-to-date: /home/thisum/my_ws/install/pilz_industrial_motion_planner/include/joint_limits_copy/joint_limits_rosparam.hpp
[0.911s] -- Up-to-date: /home/thisum/my_ws/install/pilz_industrial_motion_planner/include/joint_limits_copy/joint_limits.hpp
[0.911s] -- Up-to-date: /home/thisum/my_ws/install/pilz_industrial_motion_planner/share/pilz_industrial_motion_planner/environment/library_path.sh
[0.911s] -- Up-to-date: /home/thisum/my_ws/install/pilz_industrial_motion_planner/share/pilz_industrial_motion_planner/environment/library_path.dsv
[0.911s] -- Up-to-date: /home/thisum/my_ws/install/pilz_industrial_motion_planner/lib/pilz_industrial_motion_planner/unittest_pilz_industrial_motion_planner_direct
[0.911s] -- Up-to-date: /home/thisum/my_ws/install/pilz_industrial_motion_planner/lib/pilz_industrial_motion_planner/unittest_velocity_profile_atrap
[0.911s] -- Up-to-date: /home/thisum/my_ws/install/pilz_industrial_motion_planner/lib/pilz_industrial_motion_planner/unittest_trajectory_generator
[0.912s] -- Up-to-date: /home/thisum/my_ws/install/pilz_industrial_motion_planner/lib/pilz_industrial_motion_planner/unittest_trajectory_functions
[0.913s] -- Up-to-date: /home/thisum/my_ws/install/pilz_industrial_motion_planner/lib/pilz_industrial_motion_planner/unittest_trajectory_blender_transition_window
[0.913s] -- Up-to-date: /home/thisum/my_ws/install/pilz_industrial_motion_planner/lib/pilz_industrial_motion_planner/unittest_trajectory_generator_common
[0.913s] -- Up-to-date: /home/thisum/my_ws/install/pilz_industrial_motion_planner/lib/pilz_industrial_motion_planner/unittest_trajectory_generator_circ
[0.914s] -- Up-to-date: /home/thisum/my_ws/install/pilz_industrial_motion_planner/lib/pilz_industrial_motion_planner/unittest_trajectory_generator_lin
[0.916s] -- Up-to-date: /home/thisum/my_ws/install/pilz_industrial_motion_planner/lib/pilz_industrial_motion_planner/unittest_trajectory_generator_ptp
[0.916s] -- Up-to-date: /home/thisum/my_ws/install/pilz_industrial_motion_planner/lib/pilz_industrial_motion_planner/unittest_pilz_industrial_motion_planner
[0.916s] -- Up-to-date: /home/thisum/my_ws/install/pilz_industrial_motion_planner/lib/pilz_industrial_motion_planner/unittest_joint_limit
[0.917s] -- Up-to-date: /home/thisum/my_ws/install/pilz_industrial_motion_planner/lib/pilz_industrial_motion_planner/unittest_joint_limits_aggregator
[0.917s] -- Up-to-date: /home/thisum/my_ws/install/pilz_industrial_motion_planner/lib/pilz_industrial_motion_planner/unittest_joint_limits_container
[0.917s] -- Up-to-date: /home/thisum/my_ws/install/pilz_industrial_motion_planner/lib/pilz_industrial_motion_planner/unittest_joint_limits_validator
[0.918s] -- Up-to-date: /home/thisum/my_ws/install/pilz_industrial_motion_planner/lib/pilz_industrial_motion_planner/unittest_cartesian_limits_aggregator
[0.918s] -- Up-to-date: /home/thisum/my_ws/install/pilz_industrial_motion_planner/lib/pilz_industrial_motion_planner/unittest_planning_context_loaders
[0.920s] -- Up-to-date: /home/thisum/my_ws/install/pilz_industrial_motion_planner/lib/pilz_industrial_motion_planner/unittest_planning_context
[0.921s] -- Up-to-date: /home/thisum/my_ws/install/pilz_industrial_motion_planner/lib/pilz_industrial_motion_planner/unittest_get_solver_tip_frame
[0.921s] -- Up-to-date: /home/thisum/my_ws/install/pilz_industrial_motion_planner/share/pilz_industrial_motion_planner/config
[0.921s] -- Up-to-date: /home/thisum/my_ws/install/pilz_industrial_motion_planner/share/pilz_industrial_motion_planner/config/unittest_trajectory_blender_transition_window.yaml
[0.921s] -- Up-to-date: /home/thisum/my_ws/install/pilz_industrial_motion_planner/share/pilz_industrial_motion_planner/config/unittest_trajectory_generator_lin.yaml
[0.921s] -- Up-to-date: /home/thisum/my_ws/install/pilz_industrial_motion_planner/share/pilz_industrial_motion_planner/config/unittest_joint_limits_aggregator.yaml
[0.922s] -- Up-to-date: /home/thisum/my_ws/install/pilz_industrial_motion_planner/share/pilz_industrial_motion_planner/config/unittest_cartesian_limits_aggregator.yaml
[0.922s] -- Up-to-date: /home/thisum/my_ws/install/pilz_industrial_motion_planner/share/pilz_industrial_motion_planner/config/unittest_trajectory_functions.yaml
[0.922s] -- Up-to-date: /home/thisum/my_ws/install/pilz_industrial_motion_planner/share/pilz_industrial_motion_planner/config/unittest_joint_limit_config.yaml
[0.922s] -- Up-to-date: /home/thisum/my_ws/install/pilz_industrial_motion_planner/share/pilz_industrial_motion_planner/config/unittest_trajectory_generator_ptp.yaml
[0.922s] -- Up-to-date: /home/thisum/my_ws/install/pilz_industrial_motion_planner/share/pilz_industrial_motion_planner/config/unittest_trajectory_generator_circ.yaml
[0.922s] -- Up-to-date: /home/thisum/my_ws/install/pilz_industrial_motion_planner/share/pilz_industrial_motion_planner/config/unittest_trajectory_generator_common.yaml
[0.922s] -- Up-to-date: /home/thisum/my_ws/install/pilz_industrial_motion_planner/share/pilz_industrial_motion_planner/launch
[0.923s] -- Up-to-date: /home/thisum/my_ws/install/pilz_industrial_motion_planner/share/pilz_industrial_motion_planner/launch/unittest_joint_limits_aggregator.test.py
[0.923s] -- Up-to-date: /home/thisum/my_ws/install/pilz_industrial_motion_planner/share/pilz_industrial_motion_planner/launch/unittest_cartesian_limits_aggregator.test.py
[0.923s] -- Up-to-date: /home/thisum/my_ws/install/pilz_industrial_motion_planner/share/pilz_industrial_motion_planner/launch/common_parameters.py
[0.923s] -- Up-to-date: /home/thisum/my_ws/install/pilz_industrial_motion_planner/share/pilz_industrial_motion_planner/launch/unittest_planning_context_loaders.test.py
[0.923s] -- Up-to-date: /home/thisum/my_ws/install/pilz_industrial_motion_planner/share/pilz_industrial_motion_planner/launch/unittest_trajectory_functions.test.py
[0.923s] -- Up-to-date: /home/thisum/my_ws/install/pilz_industrial_motion_planner/share/pilz_industrial_motion_planner/launch/unittest_trajectory_blender_transition_window.test.py
[0.923s] -- Up-to-date: /home/thisum/my_ws/install/pilz_industrial_motion_planner/share/pilz_industrial_motion_planner/launch/unittest_trajectory_generator_ptp.test.py
[0.924s] -- Up-to-date: /home/thisum/my_ws/install/pilz_industrial_motion_planner/share/pilz_industrial_motion_planner/launch/unittest_trajectory_generator_common.test.py
[0.924s] -- Up-to-date: /home/thisum/my_ws/install/pilz_industrial_motion_planner/share/pilz_industrial_motion_planner/launch/unittest_trajectory_generator_circ.test.py
[0.924s] -- Up-to-date: /home/thisum/my_ws/install/pilz_industrial_motion_planner/share/pilz_industrial_motion_planner/launch/unittest_planning_context.test.py
[0.924s] -- Up-to-date: /home/thisum/my_ws/install/pilz_industrial_motion_planner/share/pilz_industrial_motion_planner/launch/unittest_trajectory_generator_lin.test.py
[0.924s] -- Up-to-date: /home/thisum/my_ws/install/pilz_industrial_motion_planner/share/pilz_industrial_motion_planner/launch/unittest_pilz_industrial_motion_planner.test.py
[0.924s] -- Up-to-date: /home/thisum/my_ws/install/pilz_industrial_motion_planner/share/pilz_industrial_motion_planner/launch/unittest_joint_limit.test.py
[0.924s] -- Up-to-date: /home/thisum/my_ws/install/pilz_industrial_motion_planner/share/pilz_industrial_motion_planner/test_data
[0.925s] -- Up-to-date: /home/thisum/my_ws/install/pilz_industrial_motion_planner/share/pilz_industrial_motion_planner/test_data/testpoints.py
[0.925s] -- Up-to-date: /home/thisum/my_ws/install/pilz_industrial_motion_planner/share/pilz_industrial_motion_planner/test_data/concept_testdata.png
[0.925s] -- Up-to-date: /home/thisum/my_ws/install/pilz_industrial_motion_planner/share/pilz_industrial_motion_planner/test_data/prbt
[0.925s] -- Up-to-date: /home/thisum/my_ws/install/pilz_industrial_motion_planner/share/pilz_industrial_motion_planner/test_data/prbt/testdata_sequence.xml
[0.926s] -- Up-to-date: /home/thisum/my_ws/install/pilz_industrial_motion_planner/share/pilz_industrial_motion_planner/test_data/prbt/testdata_with_gripper.xml
[0.926s] -- Up-to-date: /home/thisum/my_ws/install/pilz_industrial_motion_planner/share/pilz_industrial_motion_planner/test_data/prbt/testdata_deprecated.xml
[0.926s] -- Up-to-date: /home/thisum/my_ws/install/pilz_industrial_motion_planner/share/pilz_industrial_motion_planner/test_data/concept_testdata.odp
[0.926s] -- Up-to-date: /home/thisum/my_ws/install/pilz_industrial_motion_planner/share/pilz_industrial_motion_planner/test_data/frankaemika_panda
[0.926s] -- Up-to-date: /home/thisum/my_ws/install/pilz_industrial_motion_planner/share/pilz_industrial_motion_planner/test_data/frankaemika_panda/testdata_sequence.xml
[0.926s] -- Up-to-date: /home/thisum/my_ws/install/pilz_industrial_motion_planner/share/ament_index/resource_index/package_run_dependencies/pilz_industrial_motion_planner
[0.926s] -- Up-to-date: /home/thisum/my_ws/install/pilz_industrial_motion_planner/share/ament_index/resource_index/parent_prefix_path/pilz_industrial_motion_planner
[0.926s] -- Up-to-date: /home/thisum/my_ws/install/pilz_industrial_motion_planner/share/pilz_industrial_motion_planner/environment/ament_prefix_path.sh
[0.926s] -- Up-to-date: /home/thisum/my_ws/install/pilz_industrial_motion_planner/share/pilz_industrial_motion_planner/environment/ament_prefix_path.dsv
[0.926s] -- Up-to-date: /home/thisum/my_ws/install/pilz_industrial_motion_planner/share/pilz_industrial_motion_planner/environment/path.sh
[0.926s] -- Up-to-date: /home/thisum/my_ws/install/pilz_industrial_motion_planner/share/pilz_industrial_motion_planner/environment/path.dsv
[0.926s] -- Up-to-date: /home/thisum/my_ws/install/pilz_industrial_motion_planner/share/pilz_industrial_motion_planner/local_setup.bash
[0.926s] -- Up-to-date: /home/thisum/my_ws/install/pilz_industrial_motion_planner/share/pilz_industrial_motion_planner/local_setup.sh
[0.926s] -- Up-to-date: /home/thisum/my_ws/install/pilz_industrial_motion_planner/share/pilz_industrial_motion_planner/local_setup.zsh
[0.926s] -- Up-to-date: /home/thisum/my_ws/install/pilz_industrial_motion_planner/share/pilz_industrial_motion_planner/local_setup.dsv
[0.926s] -- Installing: /home/thisum/my_ws/install/pilz_industrial_motion_planner/share/pilz_industrial_motion_planner/package.dsv
[0.926s] -- Up-to-date: /home/thisum/my_ws/install/pilz_industrial_motion_planner/share/ament_index/resource_index/packages/pilz_industrial_motion_planner
[0.927s] -- Up-to-date: /home/thisum/my_ws/install/pilz_industrial_motion_planner/share/ament_index/resource_index/moveit_core__pluginlib__plugin/pilz_industrial_motion_planner
[0.927s] -- Up-to-date: /home/thisum/my_ws/install/pilz_industrial_motion_planner/share/ament_index/resource_index/moveit_ros_move_group__pluginlib__plugin/pilz_industrial_motion_planner
[0.927s] -- Up-to-date: /home/thisum/my_ws/install/pilz_industrial_motion_planner/share/ament_index/resource_index/pilz_industrial_motion_planner__pluginlib__plugin/pilz_industrial_motion_planner
[0.927s] -- Up-to-date: /home/thisum/my_ws/install/pilz_industrial_motion_planner/share/pilz_industrial_motion_planner/cmake/pilz_industrial_motion_plannerTargetsExport.cmake
[0.927s] -- Up-to-date: /home/thisum/my_ws/install/pilz_industrial_motion_planner/share/pilz_industrial_motion_planner/cmake/pilz_industrial_motion_plannerTargetsExport-release.cmake
[0.927s] -- Up-to-date: /home/thisum/my_ws/install/pilz_industrial_motion_planner/share/pilz_industrial_motion_planner/cmake/ament_cmake_export_include_directories-extras.cmake
[0.927s] -- Up-to-date: /home/thisum/my_ws/install/pilz_industrial_motion_planner/share/pilz_industrial_motion_planner/cmake/ament_cmake_export_targets-extras.cmake
[0.927s] -- Up-to-date: /home/thisum/my_ws/install/pilz_industrial_motion_planner/share/pilz_industrial_motion_planner/cmake/ament_cmake_export_dependencies-extras.cmake
[0.927s] -- Up-to-date: /home/thisum/my_ws/install/pilz_industrial_motion_planner/share/pilz_industrial_motion_planner/cmake/pilz_industrial_motion_plannerConfig.cmake
[0.927s] -- Up-to-date: /home/thisum/my_ws/install/pilz_industrial_motion_planner/share/pilz_industrial_motion_planner/cmake/pilz_industrial_motion_plannerConfig-version.cmake
[0.927s] -- Up-to-date: /home/thisum/my_ws/install/pilz_industrial_motion_planner/share/pilz_industrial_motion_planner/package.xml
[0.929s] Invoked command in '/home/thisum/my_ws/build/pilz_industrial_motion_planner' returned '0': AMENT_PREFIX_PATH=/home/thisum/my_ws/install/moveit_resources_prbt_pg70_support:/home/thisum/my_ws/install/moveit_ros_planning_interface:/home/thisum/my_ws/install/moveit_resources_prbt_moveit_config:/home/thisum/my_ws/install/moveit_ros_move_group:/home/thisum/my_ws/install/moveit_ros_warehouse:/home/thisum/my_ws/install/moveit_planners_ompl:/home/thisum/my_ws/install/moveit_kinematics:/home/thisum/my_ws/install/moveit_ros_planning:/home/thisum/my_ws/install/pilz_industrial_motion_planner_testutils:/home/thisum/my_ws/install/moveit_simple_controller_manager:/home/thisum/my_ws/install/moveit_ros_occupancy_map_monitor:/home/thisum/my_ws/install/moveit_resources_prbt_ikfast_manipulator_plugin:/home/thisum/my_ws/install/moveit_core:/home/thisum/my_ws/install/moveit_resources_panda_moveit_config:/home/thisum/my_ws/install/moveit_resources_fanuc_moveit_config:/home/thisum/my_ws/install/moveit_configs_utils:/home/thisum/my_ws/install/srdfdom:/home/thisum/my_ws/install/moveit_resources_prbt_support:/home/thisum/my_ws/install/moveit_resources_pr2_description:/home/thisum/my_ws/install/moveit_resources_panda_description:/home/thisum/my_ws/install/moveit_resources_fanuc_description:/home/thisum/my_ws/install/moveit_common:/home/thisum/my_ws/install/launch_param_builder:${AMENT_PREFIX_PATH} CMAKE_PREFIX_PATH=/home/thisum/my_ws/install/moveit_resources_prbt_pg70_support:/home/thisum/my_ws/install/moveit_ros_planning_interface:/home/thisum/my_ws/install/moveit_resources_prbt_moveit_config:/home/thisum/my_ws/install/moveit_ros_move_group:/home/thisum/my_ws/install/moveit_ros_warehouse:/home/thisum/my_ws/install/moveit_planners_ompl:/home/thisum/my_ws/install/moveit_kinematics:/home/thisum/my_ws/install/moveit_ros_planning:/home/thisum/my_ws/install/pilz_industrial_motion_planner_testutils:/home/thisum/my_ws/install/moveit_simple_controller_manager:/home/thisum/my_ws/install/moveit_ros_occupancy_map_monitor:/home/thisum/my_ws/install/moveit_resources_prbt_ikfast_manipulator_plugin:/home/thisum/my_ws/install/moveit_core:/home/thisum/my_ws/install/moveit_resources_panda_moveit_config:/home/thisum/my_ws/install/moveit_resources_fanuc_moveit_config:/home/thisum/my_ws/install/srdfdom:/home/thisum/my_ws/install/moveit_resources_prbt_support:/home/thisum/my_ws/install/moveit_resources_pr2_description:/home/thisum/my_ws/install/moveit_resources_panda_description:/home/thisum/my_ws/install/moveit_resources_fanuc_description:/home/thisum/my_ws/install/moveit_common:/opt/ros/humble LD_LIBRARY_PATH=/home/thisum/my_ws/install/moveit_ros_planning_interface/lib:/home/thisum/my_ws/install/moveit_ros_move_group/lib:/home/thisum/my_ws/install/moveit_ros_warehouse/lib:/home/thisum/my_ws/install/moveit_planners_ompl/lib:/home/thisum/my_ws/install/moveit_kinematics/lib:/home/thisum/my_ws/install/moveit_ros_planning/lib:/home/thisum/my_ws/install/pilz_industrial_motion_planner_testutils/lib:/home/thisum/my_ws/install/moveit_simple_controller_manager/lib:/home/thisum/my_ws/install/moveit_ros_occupancy_map_monitor/lib:/home/thisum/my_ws/install/moveit_resources_prbt_ikfast_manipulator_plugin/lib:/home/thisum/my_ws/install/moveit_core/lib:/home/thisum/my_ws/install/srdfdom/lib:${LD_LIBRARY_PATH} PATH=/home/thisum/my_ws/install/moveit_core/bin:${PATH} PYTHONPATH=/home/thisum/my_ws/install/moveit_configs_utils/lib/python3.10/site-packages:/home/thisum/my_ws/install/srdfdom/local/lib/python3.10/dist-packages:/home/thisum/my_ws/install/launch_param_builder/lib/python3.10/site-packages:${PYTHONPATH} /usr/bin/cmake --install /home/thisum/my_ws/build/pilz_industrial_motion_planner
