[0.012s] Invoking command in '/home/thisum/my_ws/build/moveit_resources_pr2_description': CMAKE_PREFIX_PATH=/opt/ros/humble /usr/bin/cmake --build /home/thisum/my_ws/build/moveit_resources_pr2_description -- -j6 -l6
[0.079s] Invoked command in '/home/thisum/my_ws/build/moveit_resources_pr2_description' returned '0': CMAKE_PREFIX_PATH=/opt/ros/humble /usr/bin/cmake --build /home/thisum/my_ws/build/moveit_resources_pr2_description -- -j6 -l6
[0.128s] Invoking command in '/home/thisum/my_ws/build/moveit_resources_pr2_description': CMAKE_PREFIX_PATH=/opt/ros/humble /usr/bin/cmake --install /home/thisum/my_ws/build/moveit_resources_pr2_description
[0.138s] -- Install configuration: "Release"
[0.138s] -- Up-to-date: /home/thisum/my_ws/install/moveit_resources_pr2_description/share/ament_index/resource_index/package_run_dependencies/moveit_resources_pr2_description
[0.138s] -- Up-to-date: /home/thisum/my_ws/install/moveit_resources_pr2_description/share/ament_index/resource_index/parent_prefix_path/moveit_resources_pr2_description
[0.138s] -- Up-to-date: /home/thisum/my_ws/install/moveit_resources_pr2_description/share/moveit_resources_pr2_description/environment/ament_prefix_path.sh
[0.138s] -- Up-to-date: /home/thisum/my_ws/install/moveit_resources_pr2_description/share/moveit_resources_pr2_description/environment/ament_prefix_path.dsv
[0.139s] -- Up-to-date: /home/thisum/my_ws/install/moveit_resources_pr2_description/share/moveit_resources_pr2_description/environment/path.sh
[0.139s] -- Up-to-date: /home/thisum/my_ws/install/moveit_resources_pr2_description/share/moveit_resources_pr2_description/environment/path.dsv
[0.139s] -- Up-to-date: /home/thisum/my_ws/install/moveit_resources_pr2_description/share/moveit_resources_pr2_description/local_setup.bash
[0.139s] -- Up-to-date: /home/thisum/my_ws/install/moveit_resources_pr2_description/share/moveit_resources_pr2_description/local_setup.sh
[0.139s] -- Up-to-date: /home/thisum/my_ws/install/moveit_resources_pr2_description/share/moveit_resources_pr2_description/local_setup.zsh
[0.139s] -- Up-to-date: /home/thisum/my_ws/install/moveit_resources_pr2_description/share/moveit_resources_pr2_description/local_setup.dsv
[0.139s] -- Installing: /home/thisum/my_ws/install/moveit_resources_pr2_description/share/moveit_resources_pr2_description/package.dsv
[0.140s] -- Up-to-date: /home/thisum/my_ws/install/moveit_resources_pr2_description/share/ament_index/resource_index/packages/moveit_resources_pr2_description
[0.140s] -- Up-to-date: /home/thisum/my_ws/install/moveit_resources_pr2_description/share/moveit_resources_pr2_description/cmake/moveit_resources_pr2_descriptionConfig.cmake
[0.141s] -- Up-to-date: /home/thisum/my_ws/install/moveit_resources_pr2_description/share/moveit_resources_pr2_description/cmake/moveit_resources_pr2_descriptionConfig-version.cmake
[0.141s] -- Up-to-date: /home/thisum/my_ws/install/moveit_resources_pr2_description/share/moveit_resources_pr2_description/package.xml
[0.141s] -- Up-to-date: /home/thisum/my_ws/install/moveit_resources_pr2_description/share/moveit_resources_pr2_description/srdf
[0.141s] -- Up-to-date: /home/thisum/my_ws/install/moveit_resources_pr2_description/share/moveit_resources_pr2_description/srdf/robot.xml
[0.142s] -- Up-to-date: /home/thisum/my_ws/install/moveit_resources_pr2_description/share/moveit_resources_pr2_description/urdf
[0.142s] -- Up-to-date: /home/thisum/my_ws/install/moveit_resources_pr2_description/share/moveit_resources_pr2_description/urdf/meshes
[0.142s] -- Up-to-date: /home/thisum/my_ws/install/moveit_resources_pr2_description/share/moveit_resources_pr2_description/urdf/meshes/gripper_v0
[0.143s] -- Up-to-date: /home/thisum/my_ws/install/moveit_resources_pr2_description/share/moveit_resources_pr2_description/urdf/meshes/gripper_v0/gripper_palm_color.tif
[0.143s] -- Up-to-date: /home/thisum/my_ws/install/moveit_resources_pr2_description/share/moveit_resources_pr2_description/urdf/meshes/gripper_v0/gripper_palm.stl
[0.143s] -- Up-to-date: /home/thisum/my_ws/install/moveit_resources_pr2_description/share/moveit_resources_pr2_description/urdf/meshes/gripper_v0/gripper_palm.dae
[0.143s] -- Up-to-date: /home/thisum/my_ws/install/moveit_resources_pr2_description/share/moveit_resources_pr2_description/urdf/meshes/gripper_v0/palm_H_Color_100430.tif
[0.143s] -- Up-to-date: /home/thisum/my_ws/install/moveit_resources_pr2_description/share/moveit_resources_pr2_description/urdf/meshes/gripper_v0/l_finger_tip_color.tif
[0.143s] -- Up-to-date: /home/thisum/my_ws/install/moveit_resources_pr2_description/share/moveit_resources_pr2_description/urdf/meshes/gripper_v0/finger_tip_pad2_l.stl
[0.143s] -- Up-to-date: /home/thisum/my_ws/install/moveit_resources_pr2_description/share/moveit_resources_pr2_description/urdf/meshes/gripper_v0/finger_H_UV_100430.dae
[0.143s] -- Up-to-date: /home/thisum/my_ws/install/moveit_resources_pr2_description/share/moveit_resources_pr2_description/urdf/meshes/gripper_v0/finger_H_Color_100430.tif
[0.143s] -- Up-to-date: /home/thisum/my_ws/install/moveit_resources_pr2_description/share/moveit_resources_pr2_description/urdf/meshes/gripper_v0/finger_tip_r.stl
[0.143s] -- Up-to-date: /home/thisum/my_ws/install/moveit_resources_pr2_description/share/moveit_resources_pr2_description/urdf/meshes/gripper_v0/l_finger_tip_normals.tif
[0.143s] -- Up-to-date: /home/thisum/my_ws/install/moveit_resources_pr2_description/share/moveit_resources_pr2_description/urdf/meshes/gripper_v0/finger_tip_l.stl
[0.143s] -- Up-to-date: /home/thisum/my_ws/install/moveit_resources_pr2_description/share/moveit_resources_pr2_description/urdf/meshes/gripper_v0/l_finger.stl
[0.143s] -- Up-to-date: /home/thisum/my_ws/install/moveit_resources_pr2_description/share/moveit_resources_pr2_description/urdf/meshes/gripper_v0/l_finger_tip.stl
[0.143s] -- Up-to-date: /home/thisum/my_ws/install/moveit_resources_pr2_description/share/moveit_resources_pr2_description/urdf/meshes/gripper_v0/l_float.dae
[0.143s] -- Up-to-date: /home/thisum/my_ws/install/moveit_resources_pr2_description/share/moveit_resources_pr2_description/urdf/meshes/gripper_v0/l_finger.dae
[0.144s] -- Up-to-date: /home/thisum/my_ws/install/moveit_resources_pr2_description/share/moveit_resources_pr2_description/urdf/meshes/gripper_v0/l_finger_tip.dae
[0.144s] -- Up-to-date: /home/thisum/my_ws/install/moveit_resources_pr2_description/share/moveit_resources_pr2_description/urdf/meshes/gripper_v0/l_finger_normals.tif
[0.144s] -- Up-to-date: /home/thisum/my_ws/install/moveit_resources_pr2_description/share/moveit_resources_pr2_description/urdf/meshes/gripper_v0/upper_finger_r.stl
[0.144s] -- Up-to-date: /home/thisum/my_ws/install/moveit_resources_pr2_description/share/moveit_resources_pr2_description/urdf/meshes/gripper_v0/upper_finger_l.stl
[0.144s] -- Up-to-date: /home/thisum/my_ws/install/moveit_resources_pr2_description/share/moveit_resources_pr2_description/urdf/meshes/gripper_v0/gripper_palm_normals.tif
[0.144s] -- Up-to-date: /home/thisum/my_ws/install/moveit_resources_pr2_description/share/moveit_resources_pr2_description/urdf/meshes/gripper_v0/l_float_normals.tif
[0.144s] -- Up-to-date: /home/thisum/my_ws/install/moveit_resources_pr2_description/share/moveit_resources_pr2_description/urdf/meshes/gripper_v0/palm_H_UV_100430.dae
[0.144s] -- Up-to-date: /home/thisum/my_ws/install/moveit_resources_pr2_description/share/moveit_resources_pr2_description/urdf/meshes/gripper_v0/float_H_Color_100430.tif
[0.144s] -- Up-to-date: /home/thisum/my_ws/install/moveit_resources_pr2_description/share/moveit_resources_pr2_description/urdf/meshes/gripper_v0/convex
[0.156s] -- Up-to-date: /home/thisum/my_ws/install/moveit_resources_pr2_description/share/moveit_resources_pr2_description/urdf/meshes/gripper_v0/convex/finger_tip_pad2_r_convex.stla
[0.157s] -- Up-to-date: /home/thisum/my_ws/install/moveit_resources_pr2_description/share/moveit_resources_pr2_description/urdf/meshes/gripper_v0/convex/gripper_palm.dae
[0.157s] -- Up-to-date: /home/thisum/my_ws/install/moveit_resources_pr2_description/share/moveit_resources_pr2_description/urdf/meshes/gripper_v0/convex/l_finger_tip_convex.stla
[0.157s] -- Up-to-date: /home/thisum/my_ws/install/moveit_resources_pr2_description/share/moveit_resources_pr2_description/urdf/meshes/gripper_v0/convex/finger_tip_pad2_l_convex.stlb
[0.158s] -- Up-to-date: /home/thisum/my_ws/install/moveit_resources_pr2_description/share/moveit_resources_pr2_description/urdf/meshes/gripper_v0/convex/finger_tip_pad2_l_convex.stla
[0.158s] -- Up-to-date: /home/thisum/my_ws/install/moveit_resources_pr2_description/share/moveit_resources_pr2_description/urdf/meshes/gripper_v0/convex/finger_tip_l_convex.stlb
[0.158s] -- Up-to-date: /home/thisum/my_ws/install/moveit_resources_pr2_description/share/moveit_resources_pr2_description/urdf/meshes/gripper_v0/convex/upper_finger_r.xml
[0.158s] -- Up-to-date: /home/thisum/my_ws/install/moveit_resources_pr2_description/share/moveit_resources_pr2_description/urdf/meshes/gripper_v0/convex/upper_finger_r_convex.stlb
[0.159s] -- Up-to-date: /home/thisum/my_ws/install/moveit_resources_pr2_description/share/moveit_resources_pr2_description/urdf/meshes/gripper_v0/convex/finger_tip_pad2_r.xml
[0.159s] -- Up-to-date: /home/thisum/my_ws/install/moveit_resources_pr2_description/share/moveit_resources_pr2_description/urdf/meshes/gripper_v0/convex/upper_finger_r.dae
[0.159s] -- Up-to-date: /home/thisum/my_ws/install/moveit_resources_pr2_description/share/moveit_resources_pr2_description/urdf/meshes/gripper_v0/convex/finger_tip_r.dae
[0.159s] -- Up-to-date: /home/thisum/my_ws/install/moveit_resources_pr2_description/share/moveit_resources_pr2_description/urdf/meshes/gripper_v0/convex/upper_finger_l_convex.stlb
[0.159s] -- Up-to-date: /home/thisum/my_ws/install/moveit_resources_pr2_description/share/moveit_resources_pr2_description/urdf/meshes/gripper_v0/convex/l_floating_convex.stla
[0.159s] -- Up-to-date: /home/thisum/my_ws/install/moveit_resources_pr2_description/share/moveit_resources_pr2_description/urdf/meshes/gripper_v0/convex/upper_finger_r_convex.stla
[0.160s] -- Up-to-date: /home/thisum/my_ws/install/moveit_resources_pr2_description/share/moveit_resources_pr2_description/urdf/meshes/gripper_v0/convex/finger_tip_l.xml
[0.160s] -- Up-to-date: /home/thisum/my_ws/install/moveit_resources_pr2_description/share/moveit_resources_pr2_description/urdf/meshes/gripper_v0/convex/upper_finger_l_convex.stla
[0.161s] -- Up-to-date: /home/thisum/my_ws/install/moveit_resources_pr2_description/share/moveit_resources_pr2_description/urdf/meshes/gripper_v0/convex/l_finger.xml
[0.161s] -- Up-to-date: /home/thisum/my_ws/install/moveit_resources_pr2_description/share/moveit_resources_pr2_description/urdf/meshes/gripper_v0/convex/l_finger.dae
[0.161s] -- Up-to-date: /home/thisum/my_ws/install/moveit_resources_pr2_description/share/moveit_resources_pr2_description/urdf/meshes/gripper_v0/convex/l_floating.xml
[0.161s] -- Up-to-date: /home/thisum/my_ws/install/moveit_resources_pr2_description/share/moveit_resources_pr2_description/urdf/meshes/gripper_v0/convex/l_floating_convex.stlb
[0.161s] -- Up-to-date: /home/thisum/my_ws/install/moveit_resources_pr2_description/share/moveit_resources_pr2_description/urdf/meshes/gripper_v0/convex/l_finger_tip.dae
[0.161s] -- Up-to-date: /home/thisum/my_ws/install/moveit_resources_pr2_description/share/moveit_resources_pr2_description/urdf/meshes/gripper_v0/convex/finger_tip_pad2_r_convex.stlb
[0.161s] -- Up-to-date: /home/thisum/my_ws/install/moveit_resources_pr2_description/share/moveit_resources_pr2_description/urdf/meshes/gripper_v0/convex/l_finger_convex.stlb
[0.162s] -- Up-to-date: /home/thisum/my_ws/install/moveit_resources_pr2_description/share/moveit_resources_pr2_description/urdf/meshes/gripper_v0/convex/finger_tip_pad2_r.dae
[0.162s] -- Up-to-date: /home/thisum/my_ws/install/moveit_resources_pr2_description/share/moveit_resources_pr2_description/urdf/meshes/gripper_v0/convex/upper_finger_l.xml
[0.162s] -- Up-to-date: /home/thisum/my_ws/install/moveit_resources_pr2_description/share/moveit_resources_pr2_description/urdf/meshes/gripper_v0/convex/l_floating.dae
[0.162s] -- Up-to-date: /home/thisum/my_ws/install/moveit_resources_pr2_description/share/moveit_resources_pr2_description/urdf/meshes/gripper_v0/convex/l_finger_convex.stla
[0.162s] -- Up-to-date: /home/thisum/my_ws/install/moveit_resources_pr2_description/share/moveit_resources_pr2_description/urdf/meshes/gripper_v0/convex/finger_tip_l_convex.stla
[0.162s] -- Up-to-date: /home/thisum/my_ws/install/moveit_resources_pr2_description/share/moveit_resources_pr2_description/urdf/meshes/gripper_v0/convex/gripper_palm.xml
[0.162s] -- Up-to-date: /home/thisum/my_ws/install/moveit_resources_pr2_description/share/moveit_resources_pr2_description/urdf/meshes/gripper_v0/convex/finger_tip_r_convex.stlb
[0.162s] -- Up-to-date: /home/thisum/my_ws/install/moveit_resources_pr2_description/share/moveit_resources_pr2_description/urdf/meshes/gripper_v0/convex/finger_tip_pad2_l.xml
[0.163s] -- Up-to-date: /home/thisum/my_ws/install/moveit_resources_pr2_description/share/moveit_resources_pr2_description/urdf/meshes/gripper_v0/convex/upper_finger_l.dae
[0.163s] -- Up-to-date: /home/thisum/my_ws/install/moveit_resources_pr2_description/share/moveit_resources_pr2_description/urdf/meshes/gripper_v0/convex/l_finger_tip.xml
[0.163s] -- Up-to-date: /home/thisum/my_ws/install/moveit_resources_pr2_description/share/moveit_resources_pr2_description/urdf/meshes/gripper_v0/convex/finger_tip_pad2_l.dae
[0.163s] -- Up-to-date: /home/thisum/my_ws/install/moveit_resources_pr2_description/share/moveit_resources_pr2_description/urdf/meshes/gripper_v0/convex/l_finger_tip_convex.stlb
[0.163s] -- Up-to-date: /home/thisum/my_ws/install/moveit_resources_pr2_description/share/moveit_resources_pr2_description/urdf/meshes/gripper_v0/convex/gripper_palm_convex.stla
[0.163s] -- Up-to-date: /home/thisum/my_ws/install/moveit_resources_pr2_description/share/moveit_resources_pr2_description/urdf/meshes/gripper_v0/convex/gripper_palm_convex.stlb
[0.163s] -- Up-to-date: /home/thisum/my_ws/install/moveit_resources_pr2_description/share/moveit_resources_pr2_description/urdf/meshes/gripper_v0/convex/finger_tip_r.xml
[0.163s] -- Up-to-date: /home/thisum/my_ws/install/moveit_resources_pr2_description/share/moveit_resources_pr2_description/urdf/meshes/gripper_v0/convex/finger_tip_l.dae
[0.163s] -- Up-to-date: /home/thisum/my_ws/install/moveit_resources_pr2_description/share/moveit_resources_pr2_description/urdf/meshes/gripper_v0/convex/finger_tip_r_convex.stla
[0.163s] -- Up-to-date: /home/thisum/my_ws/install/moveit_resources_pr2_description/share/moveit_resources_pr2_description/urdf/meshes/gripper_v0/fingertip_H_Color_100430.tif
[0.163s] -- Up-to-date: /home/thisum/my_ws/install/moveit_resources_pr2_description/share/moveit_resources_pr2_description/urdf/meshes/gripper_v0/finger_tip_pad2_r.stl
[0.163s] -- Up-to-date: /home/thisum/my_ws/install/moveit_resources_pr2_description/share/moveit_resources_pr2_description/urdf/meshes/gripper_v0/l_floating.stl
[0.163s] -- Up-to-date: /home/thisum/my_ws/install/moveit_resources_pr2_description/share/moveit_resources_pr2_description/urdf/meshes/gripper_v0/float_H_UV_100430.dae
[0.163s] -- Up-to-date: /home/thisum/my_ws/install/moveit_resources_pr2_description/share/moveit_resources_pr2_description/urdf/meshes/gripper_v0/l_float_color.tif
[0.163s] -- Up-to-date: /home/thisum/my_ws/install/moveit_resources_pr2_description/share/moveit_resources_pr2_description/urdf/meshes/gripper_v0/finger_tip_H_UV_100430.dae
[0.163s] -- Up-to-date: /home/thisum/my_ws/install/moveit_resources_pr2_description/share/moveit_resources_pr2_description/urdf/meshes/gripper_v0/l_finger_color.tif
[0.163s] -- Up-to-date: /home/thisum/my_ws/install/moveit_resources_pr2_description/share/moveit_resources_pr2_description/urdf/meshes/head_v0
[0.163s] -- Up-to-date: /home/thisum/my_ws/install/moveit_resources_pr2_description/share/moveit_resources_pr2_description/urdf/meshes/head_v0/head_tilt.stl
[0.164s] -- Up-to-date: /home/thisum/my_ws/install/moveit_resources_pr2_description/share/moveit_resources_pr2_description/urdf/meshes/head_v0/head_pan_normals.tif
[0.164s] -- Up-to-date: /home/thisum/my_ws/install/moveit_resources_pr2_description/share/moveit_resources_pr2_description/urdf/meshes/head_v0/head_pan.stl
[0.164s] -- Up-to-date: /home/thisum/my_ws/install/moveit_resources_pr2_description/share/moveit_resources_pr2_description/urdf/meshes/head_v0/head_tilt_color_yellow.tif
[0.164s] -- Up-to-date: /home/thisum/my_ws/install/moveit_resources_pr2_description/share/moveit_resources_pr2_description/urdf/meshes/head_v0/head_pan_color.tif
[0.164s] -- Up-to-date: /home/thisum/my_ws/install/moveit_resources_pr2_description/share/moveit_resources_pr2_description/urdf/meshes/head_v0/head_pan.dae
[0.164s] -- Up-to-date: /home/thisum/my_ws/install/moveit_resources_pr2_description/share/moveit_resources_pr2_description/urdf/meshes/head_v0/head_pan_L.stl
[0.164s] -- Up-to-date: /home/thisum/my_ws/install/moveit_resources_pr2_description/share/moveit_resources_pr2_description/urdf/meshes/head_v0/head_tilt_normals.tif
[0.164s] -- Up-to-date: /home/thisum/my_ws/install/moveit_resources_pr2_description/share/moveit_resources_pr2_description/urdf/meshes/head_v0/head_tilt_green.tif
[0.164s] -- Up-to-date: /home/thisum/my_ws/install/moveit_resources_pr2_description/share/moveit_resources_pr2_description/urdf/meshes/head_v0/head_tilt_color.tif
[0.164s] -- Up-to-date: /home/thisum/my_ws/install/moveit_resources_pr2_description/share/moveit_resources_pr2_description/urdf/meshes/head_v0/head_tilt_color_red.tif
[0.164s] -- Up-to-date: /home/thisum/my_ws/install/moveit_resources_pr2_description/share/moveit_resources_pr2_description/urdf/meshes/head_v0/convex
[0.164s] -- Up-to-date: /home/thisum/my_ws/install/moveit_resources_pr2_description/share/moveit_resources_pr2_description/urdf/meshes/head_v0/convex/head_pan.xml
[0.165s] -- Up-to-date: /home/thisum/my_ws/install/moveit_resources_pr2_description/share/moveit_resources_pr2_description/urdf/meshes/head_v0/convex/head_tilt_L_convex.stlb
[0.165s] -- Up-to-date: /home/thisum/my_ws/install/moveit_resources_pr2_description/share/moveit_resources_pr2_description/urdf/meshes/head_v0/convex/head_pan.dae
[0.165s] -- Up-to-date: /home/thisum/my_ws/install/moveit_resources_pr2_description/share/moveit_resources_pr2_description/urdf/meshes/head_v0/convex/head_tilt_L.xml
[0.166s] -- Up-to-date: /home/thisum/my_ws/install/moveit_resources_pr2_description/share/moveit_resources_pr2_description/urdf/meshes/head_v0/convex/head_tilt_L.dae
[0.166s] -- Up-to-date: /home/thisum/my_ws/install/moveit_resources_pr2_description/share/moveit_resources_pr2_description/urdf/meshes/head_v0/convex/head_tilt_convex.stlb
[0.166s] -- Up-to-date: /home/thisum/my_ws/install/moveit_resources_pr2_description/share/moveit_resources_pr2_description/urdf/meshes/head_v0/convex/head_pan_convex.stla
[0.167s] -- Up-to-date: /home/thisum/my_ws/install/moveit_resources_pr2_description/share/moveit_resources_pr2_description/urdf/meshes/head_v0/convex/head_pan_L.xml
[0.168s] -- Up-to-date: /home/thisum/my_ws/install/moveit_resources_pr2_description/share/moveit_resources_pr2_description/urdf/meshes/head_v0/convex/head_pan_L_convex.stla
[0.168s] -- Up-to-date: /home/thisum/my_ws/install/moveit_resources_pr2_description/share/moveit_resources_pr2_description/urdf/meshes/head_v0/convex/head_tilt.xml
[0.169s] -- Up-to-date: /home/thisum/my_ws/install/moveit_resources_pr2_description/share/moveit_resources_pr2_description/urdf/meshes/head_v0/convex/head_tilt_L_convex.stla
[0.169s] -- Up-to-date: /home/thisum/my_ws/install/moveit_resources_pr2_description/share/moveit_resources_pr2_description/urdf/meshes/head_v0/convex/head_pan_L.dae
[0.169s] -- Up-to-date: /home/thisum/my_ws/install/moveit_resources_pr2_description/share/moveit_resources_pr2_description/urdf/meshes/head_v0/convex/head_tilt_convex.stla
[0.171s] -- Up-to-date: /home/thisum/my_ws/install/moveit_resources_pr2_description/share/moveit_resources_pr2_description/urdf/meshes/head_v0/convex/head_pan_convex.stlb
[0.171s] -- Up-to-date: /home/thisum/my_ws/install/moveit_resources_pr2_description/share/moveit_resources_pr2_description/urdf/meshes/head_v0/convex/head_pan_L_convex.stlb
[0.171s] -- Up-to-date: /home/thisum/my_ws/install/moveit_resources_pr2_description/share/moveit_resources_pr2_description/urdf/meshes/head_v0/convex/head_tilt.dae
[0.171s] -- Up-to-date: /home/thisum/my_ws/install/moveit_resources_pr2_description/share/moveit_resources_pr2_description/urdf/meshes/head_v0/head_tilt_L.stl
[0.172s] -- Up-to-date: /home/thisum/my_ws/install/moveit_resources_pr2_description/share/moveit_resources_pr2_description/urdf/meshes/head_v0/head_tilt.dae
[0.172s] -- Up-to-date: /home/thisum/my_ws/install/moveit_resources_pr2_description/share/moveit_resources_pr2_description/urdf/meshes/upper_arm_v0
[0.172s] -- Up-to-date: /home/thisum/my_ws/install/moveit_resources_pr2_description/share/moveit_resources_pr2_description/urdf/meshes/upper_arm_v0/forearm_roll.stl
[0.172s] -- Up-to-date: /home/thisum/my_ws/install/moveit_resources_pr2_description/share/moveit_resources_pr2_description/urdf/meshes/upper_arm_v0/upper_arm.stl
[0.172s] -- Up-to-date: /home/thisum/my_ws/install/moveit_resources_pr2_description/share/moveit_resources_pr2_description/urdf/meshes/upper_arm_v0/upper_arm.dae
[0.173s] -- Up-to-date: /home/thisum/my_ws/install/moveit_resources_pr2_description/share/moveit_resources_pr2_description/urdf/meshes/upper_arm_v0/elbow_flex.stl
[0.173s] -- Up-to-date: /home/thisum/my_ws/install/moveit_resources_pr2_description/share/moveit_resources_pr2_description/urdf/meshes/upper_arm_v0/elbow_flex_normals.tif
[0.173s] -- Up-to-date: /home/thisum/my_ws/install/moveit_resources_pr2_description/share/moveit_resources_pr2_description/urdf/meshes/upper_arm_v0/upper_arm_normals.tif
[0.174s] -- Up-to-date: /home/thisum/my_ws/install/moveit_resources_pr2_description/share/moveit_resources_pr2_description/urdf/meshes/upper_arm_v0/elbow_flex_color.tif
[0.175s] -- Up-to-date: /home/thisum/my_ws/install/moveit_resources_pr2_description/share/moveit_resources_pr2_description/urdf/meshes/upper_arm_v0/forearm_roll_L.stl
[0.175s] -- Up-to-date: /home/thisum/my_ws/install/moveit_resources_pr2_description/share/moveit_resources_pr2_description/urdf/meshes/upper_arm_v0/upper_arm.jpg
[0.175s] -- Up-to-date: /home/thisum/my_ws/install/moveit_resources_pr2_description/share/moveit_resources_pr2_description/urdf/meshes/upper_arm_v0/convex
[0.175s] -- Up-to-date: /home/thisum/my_ws/install/moveit_resources_pr2_description/share/moveit_resources_pr2_description/urdf/meshes/upper_arm_v0/convex/forearm_roll_L_convex.stla
[0.175s] -- Up-to-date: /home/thisum/my_ws/install/moveit_resources_pr2_description/share/moveit_resources_pr2_description/urdf/meshes/upper_arm_v0/convex/forearm_roll_convex.stla
[0.176s] -- Up-to-date: /home/thisum/my_ws/install/moveit_resources_pr2_description/share/moveit_resources_pr2_description/urdf/meshes/upper_arm_v0/convex/upper_arm_convex.stlb
[0.176s] -- Up-to-date: /home/thisum/my_ws/install/moveit_resources_pr2_description/share/moveit_resources_pr2_description/urdf/meshes/upper_arm_v0/convex/elbow_flex_convex.stlb
[0.176s] -- Up-to-date: /home/thisum/my_ws/install/moveit_resources_pr2_description/share/moveit_resources_pr2_description/urdf/meshes/upper_arm_v0/convex/forearm_roll.xml
[0.176s] -- Up-to-date: /home/thisum/my_ws/install/moveit_resources_pr2_description/share/moveit_resources_pr2_description/urdf/meshes/upper_arm_v0/convex/upper_arm.dae
[0.177s] -- Up-to-date: /home/thisum/my_ws/install/moveit_resources_pr2_description/share/moveit_resources_pr2_description/urdf/meshes/upper_arm_v0/convex/forearm_roll_convex.stlb
[0.177s] -- Up-to-date: /home/thisum/my_ws/install/moveit_resources_pr2_description/share/moveit_resources_pr2_description/urdf/meshes/upper_arm_v0/convex/upper_arm.xml
[0.177s] -- Up-to-date: /home/thisum/my_ws/install/moveit_resources_pr2_description/share/moveit_resources_pr2_description/urdf/meshes/upper_arm_v0/convex/forearm_roll_L.xml
[0.177s] -- Up-to-date: /home/thisum/my_ws/install/moveit_resources_pr2_description/share/moveit_resources_pr2_description/urdf/meshes/upper_arm_v0/convex/forearm_roll.dae
[0.178s] -- Up-to-date: /home/thisum/my_ws/install/moveit_resources_pr2_description/share/moveit_resources_pr2_description/urdf/meshes/upper_arm_v0/convex/forearm_roll_L_convex.stlb
[0.178s] -- Up-to-date: /home/thisum/my_ws/install/moveit_resources_pr2_description/share/moveit_resources_pr2_description/urdf/meshes/upper_arm_v0/convex/forearm_roll_L.dae
[0.178s] -- Up-to-date: /home/thisum/my_ws/install/moveit_resources_pr2_description/share/moveit_resources_pr2_description/urdf/meshes/upper_arm_v0/convex/upper_arm_convex.stla
[0.179s] -- Up-to-date: /home/thisum/my_ws/install/moveit_resources_pr2_description/share/moveit_resources_pr2_description/urdf/meshes/upper_arm_v0/convex/elbow_flex_convex.stla
[0.179s] -- Up-to-date: /home/thisum/my_ws/install/moveit_resources_pr2_description/share/moveit_resources_pr2_description/urdf/meshes/upper_arm_v0/convex/elbow_flex.xml
[0.179s] -- Up-to-date: /home/thisum/my_ws/install/moveit_resources_pr2_description/share/moveit_resources_pr2_description/urdf/meshes/upper_arm_v0/convex/elbow_flex.dae
[0.180s] -- Up-to-date: /home/thisum/my_ws/install/moveit_resources_pr2_description/share/moveit_resources_pr2_description/urdf/meshes/upper_arm_v0/upper_arm_color.tif
[0.181s] -- Up-to-date: /home/thisum/my_ws/install/moveit_resources_pr2_description/share/moveit_resources_pr2_description/urdf/meshes/upper_arm_v0/elbow_flex.dae
[0.181s] -- Up-to-date: /home/thisum/my_ws/install/moveit_resources_pr2_description/share/moveit_resources_pr2_description/urdf/meshes/base_v0
[0.181s] -- Up-to-date: /home/thisum/my_ws/install/moveit_resources_pr2_description/share/moveit_resources_pr2_description/urdf/meshes/base_v0/wheel.stl
[0.181s] -- Up-to-date: /home/thisum/my_ws/install/moveit_resources_pr2_description/share/moveit_resources_pr2_description/urdf/meshes/base_v0/base.stl
[0.181s] -- Up-to-date: /home/thisum/my_ws/install/moveit_resources_pr2_description/share/moveit_resources_pr2_description/urdf/meshes/base_v0/wheel_h_color.tif
[0.181s] -- Up-to-date: /home/thisum/my_ws/install/moveit_resources_pr2_description/share/moveit_resources_pr2_description/urdf/meshes/base_v0/wheel.dae
[0.182s] -- Up-to-date: /home/thisum/my_ws/install/moveit_resources_pr2_description/share/moveit_resources_pr2_description/urdf/meshes/base_v0/pr2_wheel.stl
[0.183s] -- Up-to-date: /home/thisum/my_ws/install/moveit_resources_pr2_description/share/moveit_resources_pr2_description/urdf/meshes/base_v0/wheel_h.dae
[0.183s] -- Up-to-date: /home/thisum/my_ws/install/moveit_resources_pr2_description/share/moveit_resources_pr2_description/urdf/meshes/base_v0/base_normals.tif
[0.184s] -- Up-to-date: /home/thisum/my_ws/install/moveit_resources_pr2_description/share/moveit_resources_pr2_description/urdf/meshes/base_v0/base_L.stl
[0.184s] -- Up-to-date: /home/thisum/my_ws/install/moveit_resources_pr2_description/share/moveit_resources_pr2_description/urdf/meshes/base_v0/base.dae
[0.185s] -- Up-to-date: /home/thisum/my_ws/install/moveit_resources_pr2_description/share/moveit_resources_pr2_description/urdf/meshes/base_v0/caster_L.stl
[0.185s] -- Up-to-date: /home/thisum/my_ws/install/moveit_resources_pr2_description/share/moveit_resources_pr2_description/urdf/meshes/base_v0/convex
[0.185s] -- Up-to-date: /home/thisum/my_ws/install/moveit_resources_pr2_description/share/moveit_resources_pr2_description/urdf/meshes/base_v0/convex/caster.dae
[0.185s] -- Up-to-date: /home/thisum/my_ws/install/moveit_resources_pr2_description/share/moveit_resources_pr2_description/urdf/meshes/base_v0/convex/wheel_convex.stlb
[0.186s] -- Up-to-date: /home/thisum/my_ws/install/moveit_resources_pr2_description/share/moveit_resources_pr2_description/urdf/meshes/base_v0/convex/pr2_wheel_convex.stla
[0.186s] -- Up-to-date: /home/thisum/my_ws/install/moveit_resources_pr2_description/share/moveit_resources_pr2_description/urdf/meshes/base_v0/convex/base.xml
[0.186s] -- Up-to-date: /home/thisum/my_ws/install/moveit_resources_pr2_description/share/moveit_resources_pr2_description/urdf/meshes/base_v0/convex/wheel_convex.stla
[0.188s] -- Up-to-date: /home/thisum/my_ws/install/moveit_resources_pr2_description/share/moveit_resources_pr2_description/urdf/meshes/base_v0/convex/caster_L_convex.stla
[0.188s] -- Up-to-date: /home/thisum/my_ws/install/moveit_resources_pr2_description/share/moveit_resources_pr2_description/urdf/meshes/base_v0/convex/pr2_wheel.xml
[0.189s] -- Up-to-date: /home/thisum/my_ws/install/moveit_resources_pr2_description/share/moveit_resources_pr2_description/urdf/meshes/base_v0/convex/base_convex.stlb
[0.189s] -- Up-to-date: /home/thisum/my_ws/install/moveit_resources_pr2_description/share/moveit_resources_pr2_description/urdf/meshes/base_v0/convex/base_L.xml
[0.189s] -- Up-to-date: /home/thisum/my_ws/install/moveit_resources_pr2_description/share/moveit_resources_pr2_description/urdf/meshes/base_v0/convex/wheel.xml
[0.190s] -- Up-to-date: /home/thisum/my_ws/install/moveit_resources_pr2_description/share/moveit_resources_pr2_description/urdf/meshes/base_v0/convex/caster.xml
[0.190s] -- Up-to-date: /home/thisum/my_ws/install/moveit_resources_pr2_description/share/moveit_resources_pr2_description/urdf/meshes/base_v0/convex/caster_convex.stlb
[0.190s] -- Up-to-date: /home/thisum/my_ws/install/moveit_resources_pr2_description/share/moveit_resources_pr2_description/urdf/meshes/base_v0/convex/wheel.dae
[0.191s] -- Up-to-date: /home/thisum/my_ws/install/moveit_resources_pr2_description/share/moveit_resources_pr2_description/urdf/meshes/base_v0/convex/caster_L_convex.stlb
[0.191s] -- Up-to-date: /home/thisum/my_ws/install/moveit_resources_pr2_description/share/moveit_resources_pr2_description/urdf/meshes/base_v0/convex/base.dae
[0.191s] -- Up-to-date: /home/thisum/my_ws/install/moveit_resources_pr2_description/share/moveit_resources_pr2_description/urdf/meshes/base_v0/convex/pr2_wheel_convex.stlb
[0.191s] -- Up-to-date: /home/thisum/my_ws/install/moveit_resources_pr2_description/share/moveit_resources_pr2_description/urdf/meshes/base_v0/convex/pr2_wheel.dae
[0.192s] -- Up-to-date: /home/thisum/my_ws/install/moveit_resources_pr2_description/share/moveit_resources_pr2_description/urdf/meshes/base_v0/convex/base_L_convex.stla
[0.192s] -- Up-to-date: /home/thisum/my_ws/install/moveit_resources_pr2_description/share/moveit_resources_pr2_description/urdf/meshes/base_v0/convex/base_convex.stla
[0.192s] -- Up-to-date: /home/thisum/my_ws/install/moveit_resources_pr2_description/share/moveit_resources_pr2_description/urdf/meshes/base_v0/convex/base_L_convex.stlb
[0.192s] -- Up-to-date: /home/thisum/my_ws/install/moveit_resources_pr2_description/share/moveit_resources_pr2_description/urdf/meshes/base_v0/convex/caster_L.xml
[0.193s] -- Up-to-date: /home/thisum/my_ws/install/moveit_resources_pr2_description/share/moveit_resources_pr2_description/urdf/meshes/base_v0/convex/caster_convex.stla
[0.193s] -- Up-to-date: /home/thisum/my_ws/install/moveit_resources_pr2_description/share/moveit_resources_pr2_description/urdf/meshes/base_v0/convex/base_L.dae
[0.193s] -- Up-to-date: /home/thisum/my_ws/install/moveit_resources_pr2_description/share/moveit_resources_pr2_description/urdf/meshes/base_v0/convex/caster_L.dae
[0.194s] -- Up-to-date: /home/thisum/my_ws/install/moveit_resources_pr2_description/share/moveit_resources_pr2_description/urdf/meshes/base_v0/caster.stl
[0.194s] -- Up-to-date: /home/thisum/my_ws/install/moveit_resources_pr2_description/share/moveit_resources_pr2_description/urdf/meshes/base_v0/wheel_normals.tif
[0.194s] -- Up-to-date: /home/thisum/my_ws/install/moveit_resources_pr2_description/share/moveit_resources_pr2_description/urdf/meshes/base_v0/wheel_color.tif
[0.194s] -- Up-to-date: /home/thisum/my_ws/install/moveit_resources_pr2_description/share/moveit_resources_pr2_description/urdf/meshes/base_v0/base_color.tif
[0.194s] -- Up-to-date: /home/thisum/my_ws/install/moveit_resources_pr2_description/share/moveit_resources_pr2_description/urdf/meshes/shoulder_v0
[0.195s] -- Up-to-date: /home/thisum/my_ws/install/moveit_resources_pr2_description/share/moveit_resources_pr2_description/urdf/meshes/shoulder_v0/shoulder_pan.dae
[0.196s] -- Up-to-date: /home/thisum/my_ws/install/moveit_resources_pr2_description/share/moveit_resources_pr2_description/urdf/meshes/shoulder_v0/shoulder_lift.stl
[0.197s] -- Up-to-date: /home/thisum/my_ws/install/moveit_resources_pr2_description/share/moveit_resources_pr2_description/urdf/meshes/shoulder_v0/shoulder_lift_color.tif
[0.197s] -- Up-to-date: /home/thisum/my_ws/install/moveit_resources_pr2_description/share/moveit_resources_pr2_description/urdf/meshes/shoulder_v0/shoulder_yaw.stl
[0.198s] -- Up-to-date: /home/thisum/my_ws/install/moveit_resources_pr2_description/share/moveit_resources_pr2_description/urdf/meshes/shoulder_v0/upper_arm_roll_color.tif
[0.198s] -- Up-to-date: /home/thisum/my_ws/install/moveit_resources_pr2_description/share/moveit_resources_pr2_description/urdf/meshes/shoulder_v0/shoulder_lift_normals.tif
[0.198s] -- Up-to-date: /home/thisum/my_ws/install/moveit_resources_pr2_description/share/moveit_resources_pr2_description/urdf/meshes/shoulder_v0/shoulder_pan_color.tif
[0.198s] -- Up-to-date: /home/thisum/my_ws/install/moveit_resources_pr2_description/share/moveit_resources_pr2_description/urdf/meshes/shoulder_v0/shoulder_lift.dae
[0.198s] -- Up-to-date: /home/thisum/my_ws/install/moveit_resources_pr2_description/share/moveit_resources_pr2_description/urdf/meshes/shoulder_v0/upper_arm_roll_normals.tif
[0.198s] -- Up-to-date: /home/thisum/my_ws/install/moveit_resources_pr2_description/share/moveit_resources_pr2_description/urdf/meshes/shoulder_v0/shoulder_pan_normals.tif
[0.199s] -- Up-to-date: /home/thisum/my_ws/install/moveit_resources_pr2_description/share/moveit_resources_pr2_description/urdf/meshes/shoulder_v0/upper_arm_roll_L.stl
[0.199s] -- Up-to-date: /home/thisum/my_ws/install/moveit_resources_pr2_description/share/moveit_resources_pr2_description/urdf/meshes/shoulder_v0/convex
[0.199s] -- Up-to-date: /home/thisum/my_ws/install/moveit_resources_pr2_description/share/moveit_resources_pr2_description/urdf/meshes/shoulder_v0/convex/shoulder_lift_convex.stla
[0.199s] -- Up-to-date: /home/thisum/my_ws/install/moveit_resources_pr2_description/share/moveit_resources_pr2_description/urdf/meshes/shoulder_v0/convex/shoulder_pan_convex.stla
[0.200s] -- Up-to-date: /home/thisum/my_ws/install/moveit_resources_pr2_description/share/moveit_resources_pr2_description/urdf/meshes/shoulder_v0/convex/shoulder_pan.dae
[0.200s] -- Up-to-date: /home/thisum/my_ws/install/moveit_resources_pr2_description/share/moveit_resources_pr2_description/urdf/meshes/shoulder_v0/convex/shoulder_yaw_convex.stlb
[0.200s] -- Up-to-date: /home/thisum/my_ws/install/moveit_resources_pr2_description/share/moveit_resources_pr2_description/urdf/meshes/shoulder_v0/convex/shoulder_lift.xml
[0.200s] -- Up-to-date: /home/thisum/my_ws/install/moveit_resources_pr2_description/share/moveit_resources_pr2_description/urdf/meshes/shoulder_v0/convex/shoulder_pan.xml
[0.201s] -- Up-to-date: /home/thisum/my_ws/install/moveit_resources_pr2_description/share/moveit_resources_pr2_description/urdf/meshes/shoulder_v0/convex/upper_arm_roll_L.xml
[0.201s] -- Up-to-date: /home/thisum/my_ws/install/moveit_resources_pr2_description/share/moveit_resources_pr2_description/urdf/meshes/shoulder_v0/convex/shoulder_yaw.dae
[0.201s] -- Up-to-date: /home/thisum/my_ws/install/moveit_resources_pr2_description/share/moveit_resources_pr2_description/urdf/meshes/shoulder_v0/convex/shoulder_lift_convex.stlb
[0.201s] -- Up-to-date: /home/thisum/my_ws/install/moveit_resources_pr2_description/share/moveit_resources_pr2_description/urdf/meshes/shoulder_v0/convex/shoulder_lift.dae
[0.201s] -- Up-to-date: /home/thisum/my_ws/install/moveit_resources_pr2_description/share/moveit_resources_pr2_description/urdf/meshes/shoulder_v0/convex/shoulder_pan_convex.stlb
[0.202s] -- Up-to-date: /home/thisum/my_ws/install/moveit_resources_pr2_description/share/moveit_resources_pr2_description/urdf/meshes/shoulder_v0/convex/upper_arm_roll.dae
[0.204s] -- Up-to-date: /home/thisum/my_ws/install/moveit_resources_pr2_description/share/moveit_resources_pr2_description/urdf/meshes/shoulder_v0/convex/upper_arm_roll_L_convex.stla
[0.204s] -- Up-to-date: /home/thisum/my_ws/install/moveit_resources_pr2_description/share/moveit_resources_pr2_description/urdf/meshes/shoulder_v0/convex/upper_arm_roll_convex.stla
[0.204s] -- Up-to-date: /home/thisum/my_ws/install/moveit_resources_pr2_description/share/moveit_resources_pr2_description/urdf/meshes/shoulder_v0/convex/upper_arm_roll_L_convex.stlb
[0.204s] -- Up-to-date: /home/thisum/my_ws/install/moveit_resources_pr2_description/share/moveit_resources_pr2_description/urdf/meshes/shoulder_v0/convex/upper_arm_roll_L.dae
[0.204s] -- Up-to-date: /home/thisum/my_ws/install/moveit_resources_pr2_description/share/moveit_resources_pr2_description/urdf/meshes/shoulder_v0/convex/shoulder_yaw.xml
[0.205s] -- Up-to-date: /home/thisum/my_ws/install/moveit_resources_pr2_description/share/moveit_resources_pr2_description/urdf/meshes/shoulder_v0/convex/upper_arm_roll.xml
[0.205s] -- Up-to-date: /home/thisum/my_ws/install/moveit_resources_pr2_description/share/moveit_resources_pr2_description/urdf/meshes/shoulder_v0/convex/upper_arm_roll_convex.stlb
[0.205s] -- Up-to-date: /home/thisum/my_ws/install/moveit_resources_pr2_description/share/moveit_resources_pr2_description/urdf/meshes/shoulder_v0/convex/shoulder_yaw_convex.stla
[0.205s] -- Up-to-date: /home/thisum/my_ws/install/moveit_resources_pr2_description/share/moveit_resources_pr2_description/urdf/meshes/shoulder_v0/upper_arm_roll.dae
[0.205s] -- Up-to-date: /home/thisum/my_ws/install/moveit_resources_pr2_description/share/moveit_resources_pr2_description/urdf/meshes/shoulder_v0/shoulder_pan.stl
[0.205s] -- Up-to-date: /home/thisum/my_ws/install/moveit_resources_pr2_description/share/moveit_resources_pr2_description/urdf/meshes/shoulder_v0/upper_arm_roll.stl
[0.205s] -- Up-to-date: /home/thisum/my_ws/install/moveit_resources_pr2_description/share/moveit_resources_pr2_description/urdf/meshes/sensors
[0.205s] -- Up-to-date: /home/thisum/my_ws/install/moveit_resources_pr2_description/share/moveit_resources_pr2_description/urdf/meshes/sensors/kinect_prosilica_v0
[0.205s] -- Up-to-date: /home/thisum/my_ws/install/moveit_resources_pr2_description/share/moveit_resources_pr2_description/urdf/meshes/sensors/kinect_prosilica_v0/115x100_swept_back--coarse.STL
[0.205s] -- Up-to-date: /home/thisum/my_ws/install/moveit_resources_pr2_description/share/moveit_resources_pr2_description/urdf/meshes/sensors/kinect_prosilica_v0/115x100_swept_back_no_sensors--coarse.STL
[0.205s] -- Up-to-date: /home/thisum/my_ws/install/moveit_resources_pr2_description/share/moveit_resources_pr2_description/urdf/meshes/sensors/kinect_prosilica_v0/115x100_swept_fwd--coarse.STL
[0.206s] -- Up-to-date: /home/thisum/my_ws/install/moveit_resources_pr2_description/share/moveit_resources_pr2_description/urdf/meshes/sensors/kinect_prosilica_v0/115x100_swept_fwd_no_sensors--coarse.STL
[0.206s] -- Up-to-date: /home/thisum/my_ws/install/moveit_resources_pr2_description/share/moveit_resources_pr2_description/urdf/meshes/sensors/kinect_prosilica_v0/Prosilica_w_Lens--coarse.STL
[0.206s] -- Up-to-date: /home/thisum/my_ws/install/moveit_resources_pr2_description/share/moveit_resources_pr2_description/urdf/meshes/sensors/kinect_prosilica_v0/68-04546_Kinect_Sensor--coarse.STL
[0.206s] -- Up-to-date: /home/thisum/my_ws/install/moveit_resources_pr2_description/share/moveit_resources_pr2_description/urdf/meshes/sensors/kinect_v0
[0.206s] -- Up-to-date: /home/thisum/my_ws/install/moveit_resources_pr2_description/share/moveit_resources_pr2_description/urdf/meshes/sensors/kinect_v0/kinect_color.tga
[0.206s] -- Up-to-date: /home/thisum/my_ws/install/moveit_resources_pr2_description/share/moveit_resources_pr2_description/urdf/meshes/sensors/kinect_v0/kinect.dae
[0.206s] -- Up-to-date: /home/thisum/my_ws/install/moveit_resources_pr2_description/share/moveit_resources_pr2_description/urdf/meshes/sensors/kinect_v0/kinect_mount.stl
[0.206s] -- Up-to-date: /home/thisum/my_ws/install/moveit_resources_pr2_description/share/moveit_resources_pr2_description/urdf/meshes/sensors/kinect_v0/kinect.tga
[0.206s] -- Up-to-date: /home/thisum/my_ws/install/moveit_resources_pr2_description/share/moveit_resources_pr2_description/urdf/meshes/forearm_v0
[0.206s] -- Up-to-date: /home/thisum/my_ws/install/moveit_resources_pr2_description/share/moveit_resources_pr2_description/urdf/meshes/forearm_v0/wrist_flex.dae
[0.206s] -- Up-to-date: /home/thisum/my_ws/install/moveit_resources_pr2_description/share/moveit_resources_pr2_description/urdf/meshes/forearm_v0/forearm_normals.tif
[0.207s] -- Up-to-date: /home/thisum/my_ws/install/moveit_resources_pr2_description/share/moveit_resources_pr2_description/urdf/meshes/forearm_v0/forearm_color.tif
[0.207s] -- Up-to-date: /home/thisum/my_ws/install/moveit_resources_pr2_description/share/moveit_resources_pr2_description/urdf/meshes/forearm_v0/wrist_roll.stl
[0.207s] -- Up-to-date: /home/thisum/my_ws/install/moveit_resources_pr2_description/share/moveit_resources_pr2_description/urdf/meshes/forearm_v0/forearm.jpg
[0.207s] -- Up-to-date: /home/thisum/my_ws/install/moveit_resources_pr2_description/share/moveit_resources_pr2_description/urdf/meshes/forearm_v0/wrist_flex.stl
[0.207s] -- Up-to-date: /home/thisum/my_ws/install/moveit_resources_pr2_description/share/moveit_resources_pr2_description/urdf/meshes/forearm_v0/forearm.stl
[0.207s] -- Up-to-date: /home/thisum/my_ws/install/moveit_resources_pr2_description/share/moveit_resources_pr2_description/urdf/meshes/forearm_v0/wrist_color.tif
[0.207s] -- Up-to-date: /home/thisum/my_ws/install/moveit_resources_pr2_description/share/moveit_resources_pr2_description/urdf/meshes/forearm_v0/convex
[0.207s] -- Up-to-date: /home/thisum/my_ws/install/moveit_resources_pr2_description/share/moveit_resources_pr2_description/urdf/meshes/forearm_v0/convex/wrist_flex.dae
[0.207s] -- Up-to-date: /home/thisum/my_ws/install/moveit_resources_pr2_description/share/moveit_resources_pr2_description/urdf/meshes/forearm_v0/convex/wrist_roll_L.dae
[0.207s] -- Up-to-date: /home/thisum/my_ws/install/moveit_resources_pr2_description/share/moveit_resources_pr2_description/urdf/meshes/forearm_v0/convex/wrist_roll_L_convex.stlb
[0.208s] -- Up-to-date: /home/thisum/my_ws/install/moveit_resources_pr2_description/share/moveit_resources_pr2_description/urdf/meshes/forearm_v0/convex/wrist_roll.xml
[0.208s] -- Up-to-date: /home/thisum/my_ws/install/moveit_resources_pr2_description/share/moveit_resources_pr2_description/urdf/meshes/forearm_v0/convex/wrist_roll_convex.stla
[0.208s] -- Up-to-date: /home/thisum/my_ws/install/moveit_resources_pr2_description/share/moveit_resources_pr2_description/urdf/meshes/forearm_v0/convex/wrist_flex_convex.stla
[0.208s] -- Up-to-date: /home/thisum/my_ws/install/moveit_resources_pr2_description/share/moveit_resources_pr2_description/urdf/meshes/forearm_v0/convex/forearm.xml
[0.208s] -- Up-to-date: /home/thisum/my_ws/install/moveit_resources_pr2_description/share/moveit_resources_pr2_description/urdf/meshes/forearm_v0/convex/wrist_flex_convex.stlb
[0.208s] -- Up-to-date: /home/thisum/my_ws/install/moveit_resources_pr2_description/share/moveit_resources_pr2_description/urdf/meshes/forearm_v0/convex/forearm_convex.stla
[0.208s] -- Up-to-date: /home/thisum/my_ws/install/moveit_resources_pr2_description/share/moveit_resources_pr2_description/urdf/meshes/forearm_v0/convex/forearm_convex.stlb
[0.208s] -- Up-to-date: /home/thisum/my_ws/install/moveit_resources_pr2_description/share/moveit_resources_pr2_description/urdf/meshes/forearm_v0/convex/wrist_roll_L.xml
[0.208s] -- Up-to-date: /home/thisum/my_ws/install/moveit_resources_pr2_description/share/moveit_resources_pr2_description/urdf/meshes/forearm_v0/convex/wrist_flex.xml
[0.208s] -- Up-to-date: /home/thisum/my_ws/install/moveit_resources_pr2_description/share/moveit_resources_pr2_description/urdf/meshes/forearm_v0/convex/forearm.dae
[0.208s] -- Up-to-date: /home/thisum/my_ws/install/moveit_resources_pr2_description/share/moveit_resources_pr2_description/urdf/meshes/forearm_v0/convex/wrist_roll.dae
[0.209s] -- Up-to-date: /home/thisum/my_ws/install/moveit_resources_pr2_description/share/moveit_resources_pr2_description/urdf/meshes/forearm_v0/convex/wrist_roll_convex.stlb
[0.209s] -- Up-to-date: /home/thisum/my_ws/install/moveit_resources_pr2_description/share/moveit_resources_pr2_description/urdf/meshes/forearm_v0/convex/wrist_roll_L_convex.stla
[0.209s] -- Up-to-date: /home/thisum/my_ws/install/moveit_resources_pr2_description/share/moveit_resources_pr2_description/urdf/meshes/forearm_v0/forearm.dae
[0.209s] -- Up-to-date: /home/thisum/my_ws/install/moveit_resources_pr2_description/share/moveit_resources_pr2_description/urdf/meshes/forearm_v0/wrist_normals.tif
[0.209s] -- Up-to-date: /home/thisum/my_ws/install/moveit_resources_pr2_description/share/moveit_resources_pr2_description/urdf/meshes/forearm_v0/wrist_roll_L.stl
[0.209s] -- Up-to-date: /home/thisum/my_ws/install/moveit_resources_pr2_description/share/moveit_resources_pr2_description/urdf/meshes/torso_v0
[0.209s] -- Up-to-date: /home/thisum/my_ws/install/moveit_resources_pr2_description/share/moveit_resources_pr2_description/urdf/meshes/torso_v0/torso_lift.dae
[0.209s] -- Up-to-date: /home/thisum/my_ws/install/moveit_resources_pr2_description/share/moveit_resources_pr2_description/urdf/meshes/torso_v0/torso_lift_L.stl
[0.209s] -- Up-to-date: /home/thisum/my_ws/install/moveit_resources_pr2_description/share/moveit_resources_pr2_description/urdf/meshes/torso_v0/torso_lift_normals.tif
[0.209s] -- Up-to-date: /home/thisum/my_ws/install/moveit_resources_pr2_description/share/moveit_resources_pr2_description/urdf/meshes/torso_v0/torso.stl
[0.209s] -- Up-to-date: /home/thisum/my_ws/install/moveit_resources_pr2_description/share/moveit_resources_pr2_description/urdf/meshes/torso_v0/torso_lift_color.tif
[0.209s] -- Up-to-date: /home/thisum/my_ws/install/moveit_resources_pr2_description/share/moveit_resources_pr2_description/urdf/meshes/torso_v0/torso_lift.stl
[0.210s] -- Up-to-date: /home/thisum/my_ws/install/moveit_resources_pr2_description/share/moveit_resources_pr2_description/urdf/meshes/torso_v0/convex
[0.210s] -- Up-to-date: /home/thisum/my_ws/install/moveit_resources_pr2_description/share/moveit_resources_pr2_description/urdf/meshes/torso_v0/convex/torso_lift.dae
[0.210s] -- Up-to-date: /home/thisum/my_ws/install/moveit_resources_pr2_description/share/moveit_resources_pr2_description/urdf/meshes/torso_v0/convex/torso_lift_L.dae
[0.210s] -- Up-to-date: /home/thisum/my_ws/install/moveit_resources_pr2_description/share/moveit_resources_pr2_description/urdf/meshes/torso_v0/convex/torso.dae
[0.210s] -- Up-to-date: /home/thisum/my_ws/install/moveit_resources_pr2_description/share/moveit_resources_pr2_description/urdf/meshes/torso_v0/convex/torso.xml
[0.210s] -- Up-to-date: /home/thisum/my_ws/install/moveit_resources_pr2_description/share/moveit_resources_pr2_description/urdf/meshes/torso_v0/convex/torso_lift_convex.stlb
[0.210s] -- Up-to-date: /home/thisum/my_ws/install/moveit_resources_pr2_description/share/moveit_resources_pr2_description/urdf/meshes/torso_v0/convex/torso_lift_L.xml
[0.210s] -- Up-to-date: /home/thisum/my_ws/install/moveit_resources_pr2_description/share/moveit_resources_pr2_description/urdf/meshes/torso_v0/convex/torso_convex.stlb
[0.210s] -- Up-to-date: /home/thisum/my_ws/install/moveit_resources_pr2_description/share/moveit_resources_pr2_description/urdf/meshes/torso_v0/convex/torso_lift_L_convex.stlb
[0.210s] -- Up-to-date: /home/thisum/my_ws/install/moveit_resources_pr2_description/share/moveit_resources_pr2_description/urdf/meshes/torso_v0/convex/torso_lift_convex.stla
[0.210s] -- Up-to-date: /home/thisum/my_ws/install/moveit_resources_pr2_description/share/moveit_resources_pr2_description/urdf/meshes/torso_v0/convex/torso_lift_L_convex.stla
[0.211s] -- Up-to-date: /home/thisum/my_ws/install/moveit_resources_pr2_description/share/moveit_resources_pr2_description/urdf/meshes/torso_v0/convex/torso_lift.xml
[0.211s] -- Up-to-date: /home/thisum/my_ws/install/moveit_resources_pr2_description/share/moveit_resources_pr2_description/urdf/meshes/torso_v0/convex/torso_convex.stla
[0.211s] -- Up-to-date: /home/thisum/my_ws/install/moveit_resources_pr2_description/share/moveit_resources_pr2_description/urdf/meshes/tilting_laser_v0
[0.211s] -- Up-to-date: /home/thisum/my_ws/install/moveit_resources_pr2_description/share/moveit_resources_pr2_description/urdf/meshes/tilting_laser_v0/tilting_hokuyo.dae
[0.211s] -- Up-to-date: /home/thisum/my_ws/install/moveit_resources_pr2_description/share/moveit_resources_pr2_description/urdf/meshes/tilting_laser_v0/hok_tilt.stl
[0.211s] -- Up-to-date: /home/thisum/my_ws/install/moveit_resources_pr2_description/share/moveit_resources_pr2_description/urdf/meshes/tilting_laser_v0/tilting_hokuyo.stl
[0.211s] -- Up-to-date: /home/thisum/my_ws/install/moveit_resources_pr2_description/share/moveit_resources_pr2_description/urdf/meshes/tilting_laser_v0/tilting_hokuyo_color.tif
[0.212s] -- Up-to-date: /home/thisum/my_ws/install/moveit_resources_pr2_description/share/moveit_resources_pr2_description/urdf/meshes/tilting_laser_v0/tilting_hokuyo_L.stl
[0.212s] -- Up-to-date: /home/thisum/my_ws/install/moveit_resources_pr2_description/share/moveit_resources_pr2_description/urdf/meshes/tilting_laser_v0/convex
[0.212s] -- Up-to-date: /home/thisum/my_ws/install/moveit_resources_pr2_description/share/moveit_resources_pr2_description/urdf/meshes/tilting_laser_v0/convex/tilting_hokuyo_L.xml
[0.212s] -- Up-to-date: /home/thisum/my_ws/install/moveit_resources_pr2_description/share/moveit_resources_pr2_description/urdf/meshes/tilting_laser_v0/convex/tilting_hokuyo.dae
[0.212s] -- Up-to-date: /home/thisum/my_ws/install/moveit_resources_pr2_description/share/moveit_resources_pr2_description/urdf/meshes/tilting_laser_v0/convex/tilting_hokuyo_L_convex.stla
[0.212s] -- Up-to-date: /home/thisum/my_ws/install/moveit_resources_pr2_description/share/moveit_resources_pr2_description/urdf/meshes/tilting_laser_v0/convex/tilting_hokuyo_L_convex.stlb
[0.212s] -- Up-to-date: /home/thisum/my_ws/install/moveit_resources_pr2_description/share/moveit_resources_pr2_description/urdf/meshes/tilting_laser_v0/convex/hok_tilt_convex.stlb
[0.212s] -- Up-to-date: /home/thisum/my_ws/install/moveit_resources_pr2_description/share/moveit_resources_pr2_description/urdf/meshes/tilting_laser_v0/convex/tilting_hokuyo_convex.stla
[0.212s] -- Up-to-date: /home/thisum/my_ws/install/moveit_resources_pr2_description/share/moveit_resources_pr2_description/urdf/meshes/tilting_laser_v0/convex/hok_tilt_convex.stla
[0.212s] -- Up-to-date: /home/thisum/my_ws/install/moveit_resources_pr2_description/share/moveit_resources_pr2_description/urdf/meshes/tilting_laser_v0/convex/hok_tilt.dae
[0.212s] -- Up-to-date: /home/thisum/my_ws/install/moveit_resources_pr2_description/share/moveit_resources_pr2_description/urdf/meshes/tilting_laser_v0/convex/hok_tilt.xml
[0.212s] -- Up-to-date: /home/thisum/my_ws/install/moveit_resources_pr2_description/share/moveit_resources_pr2_description/urdf/meshes/tilting_laser_v0/convex/tilting_hokuyo.xml
[0.213s] -- Up-to-date: /home/thisum/my_ws/install/moveit_resources_pr2_description/share/moveit_resources_pr2_description/urdf/meshes/tilting_laser_v0/convex/tilting_hokuyo_L.dae
[0.213s] -- Up-to-date: /home/thisum/my_ws/install/moveit_resources_pr2_description/share/moveit_resources_pr2_description/urdf/meshes/tilting_laser_v0/convex/tilting_hokuyo_convex.stlb
[0.213s] -- Up-to-date: /home/thisum/my_ws/install/moveit_resources_pr2_description/share/moveit_resources_pr2_description/urdf/meshes/tilting_laser_v0/tilting_hokuyo_normals.tif
[0.213s] -- Up-to-date: /home/thisum/my_ws/install/moveit_resources_pr2_description/share/moveit_resources_pr2_description/urdf/robot.xml
[0.213s] -- Up-to-date: /home/thisum/my_ws/install/moveit_resources_pr2_description/share/moveit_resources_pr2_description/urdf/materials
[0.213s] -- Up-to-date: /home/thisum/my_ws/install/moveit_resources_pr2_description/share/moveit_resources_pr2_description/urdf/materials/textures
[0.213s] -- Up-to-date: /home/thisum/my_ws/install/moveit_resources_pr2_description/share/moveit_resources_pr2_description/urdf/materials/textures/pr2_caster_texture.png
[0.213s] -- Up-to-date: /home/thisum/my_ws/install/moveit_resources_pr2_description/share/moveit_resources_pr2_description/urdf/materials/textures/pr2_wheel_right.png
[0.213s] -- Up-to-date: /home/thisum/my_ws/install/moveit_resources_pr2_description/share/moveit_resources_pr2_description/urdf/materials/textures/pr2_wheel_left.png
[0.213s] -- Up-to-date: /home/thisum/my_ws/install/moveit_resources_pr2_description/share/moveit_resources_pr2_description/kinect.dae
[0.213s] Invoked command in '/home/thisum/my_ws/build/moveit_resources_pr2_description' returned '0': CMAKE_PREFIX_PATH=/opt/ros/humble /usr/bin/cmake --install /home/thisum/my_ws/build/moveit_resources_pr2_description
