[0.064s] Invoking command in '/home/thisum/my_ws/build/moveit_planners_ompl': AMENT_PREFIX_PATH=/home/thisum/my_ws/install/moveit_ros_planning:/home/thisum/my_ws/install/moveit_ros_occupancy_map_monitor:/home/thisum/my_ws/install/moveit_core:/home/thisum/my_ws/install/moveit_resources_panda_moveit_config:/home/thisum/my_ws/install/moveit_resources_fanuc_moveit_config:/home/thisum/my_ws/install/srdfdom:/home/thisum/my_ws/install/moveit_resources_pr2_description:/home/thisum/my_ws/install/moveit_resources_panda_description:/home/thisum/my_ws/install/moveit_resources_fanuc_description:/home/thisum/my_ws/install/moveit_common:${AMENT_PREFIX_PATH} CMAKE_PREFIX_PATH=/home/thisum/my_ws/install/moveit_ros_planning:/home/thisum/my_ws/install/moveit_ros_occupancy_map_monitor:/home/thisum/my_ws/install/moveit_core:/home/thisum/my_ws/install/moveit_resources_panda_moveit_config:/home/thisum/my_ws/install/moveit_resources_fanuc_moveit_config:/home/thisum/my_ws/install/srdfdom:/home/thisum/my_ws/install/moveit_resources_pr2_description:/home/thisum/my_ws/install/moveit_resources_panda_description:/home/thisum/my_ws/install/moveit_resources_fanuc_description:/home/thisum/my_ws/install/moveit_common:/opt/ros/humble LD_LIBRARY_PATH=/home/thisum/my_ws/install/moveit_ros_planning/lib:/home/thisum/my_ws/install/moveit_ros_occupancy_map_monitor/lib:/home/thisum/my_ws/install/moveit_core/lib:/home/thisum/my_ws/install/srdfdom/lib:${LD_LIBRARY_PATH} PATH=/home/thisum/my_ws/install/moveit_core/bin:${PATH} PYTHONPATH=/home/thisum/my_ws/install/srdfdom/local/lib/python3.10/dist-packages:${PYTHONPATH} /usr/bin/cmake /home/thisum/my_ws/src/moveit2/moveit_planners/ompl -DCMAKE_BUILD_TYPE=Release -DCMAKE_INSTALL_PREFIX=/home/thisum/my_ws/install/moveit_planners_ompl
[0.134s] -- The C compiler identification is GNU 11.4.0
[0.199s] -- The CXX compiler identification is GNU 11.4.0
[0.207s] -- Detecting C compiler ABI info
[0.316s] -- Detecting C compiler ABI info - done
[0.322s] -- Check for working C compiler: /usr/bin/cc - skipped
[0.322s] -- Detecting C compile features
[0.322s] -- Detecting C compile features - done
[0.325s] -- Detecting CXX compiler ABI info
[0.429s] -- Detecting CXX compiler ABI info - done
[0.434s] -- Check for working CXX compiler: /usr/bin/c++ - skipped
[0.437s] -- Detecting CXX compile features
[0.437s] -- Detecting CXX compile features - done
[0.440s] -- Found moveit_common: 2.5.5 (/home/thisum/my_ws/install/moveit_common/share/moveit_common/cmake)
[0.444s] -- Found ament_cmake: 1.3.9 (/opt/ros/humble/share/ament_cmake/cmake)
[0.607s] -- Found Python3: /usr/bin/python3 (found version "3.10.12") found components: Interpreter 
[0.774s] -- Found libdw: /usr/lib/x86_64-linux-gnu/libdw.so  
[0.779s] -- Could NOT find libbfd (missing: LIBBFD_LIBRARY LIBBFD_INCLUDE_DIR) 
[0.779s] -- BACKWARD_HAS_UNWIND=1
[0.779s] -- BACKWARD_HAS_BACKTRACE=0
[0.779s] -- BACKWARD_HAS_BACKTRACE_SYMBOL=0
[0.779s] -- BACKWARD_HAS_DW=1
[0.779s] -- BACKWARD_HAS_BFD=0
[0.779s] -- Found Backward: /opt/ros/humble/share/backward_ros/cmake  
[1.085s] -- Found Boost: /usr/lib/x86_64-linux-gnu/cmake/Boost-1.74.0/BoostConfig.cmake (found version "1.74.0") found components: system filesystem date_time thread serialization 
[1.086s] -- Found moveit_core: 2.5.5 (/home/thisum/my_ws/install/moveit_core/share/moveit_core/cmake)
[1.103s] -- Found Boost: /usr/lib/x86_64-linux-gnu/cmake/Boost-1.74.0/BoostConfig.cmake (found version "1.74.0") found components: chrono date_time filesystem iostreams program_options regex serialization system thread 
[1.155s] -- Found parameter_traits: 0.3.8 (/opt/ros/humble/share/parameter_traits/cmake)
[1.210s] -- Found rosidl_generator_c: 3.1.5 (/opt/ros/humble/share/rosidl_generator_c/cmake)
[1.218s] -- Found rosidl_adapter: 3.1.5 (/opt/ros/humble/share/rosidl_adapter/cmake)
[1.230s] -- Found rosidl_generator_cpp: 3.1.5 (/opt/ros/humble/share/rosidl_generator_cpp/cmake)
[1.247s] -- Using all available rosidl_typesupport_c: rosidl_typesupport_fastrtps_c;rosidl_typesupport_introspection_c
[1.272s] -- Using all available rosidl_typesupport_cpp: rosidl_typesupport_fastrtps_cpp;rosidl_typesupport_introspection_cpp
[1.357s] -- Found rmw_implementation_cmake: 6.1.2 (/opt/ros/humble/share/rmw_implementation_cmake/cmake)
[1.362s] -- Found rmw_fastrtps_cpp: 6.2.6 (/opt/ros/humble/share/rmw_fastrtps_cpp/cmake)
[1.504s] -- Found OpenSSL: /usr/lib/x86_64-linux-gnu/libcrypto.so (found version "3.0.2")  
[1.530s] -- Found FastRTPS: /opt/ros/humble/include  
[1.589s] -- Using RMW implementation 'rmw_fastrtps_cpp' as default
[1.597s] -- Found Threads: TRUE  
[1.774s] -- Found Eigen3: TRUE (found version "3.4.0") 
[1.778s] -- Found rclcpp_lifecycle: 16.0.9 (/opt/ros/humble/share/rclcpp_lifecycle/cmake)
[1.832s] -- Found Boost: /usr/lib/x86_64-linux-gnu/cmake/Boost-1.74.0/BoostConfig.cmake (found version "1.74.0") found components: filesystem 
[2.013s] -- library: /usr/lib/x86_64-linux-gnu/libcurl.so
[2.306s] -- Ensuring Eigen3 include directory is part of orocos-kdl CMake target
[3.289s] -- Found moveit_ros_planning: 2.5.5 (/home/thisum/my_ws/install/moveit_ros_planning/share/moveit_ros_planning/cmake)
[3.294s] -- Found Boost: /usr/lib/x86_64-linux-gnu/cmake/Boost-1.74.0/BoostConfig.cmake (found version "1.74.0") found components: system filesystem date_time program_options thread chrono 
[3.688s] -- Found ompl: /opt/ros/humble/include/ompl-1.6;/usr/include;/usr/include/eigen3  
[4.121s] -- Found OpenMP_C: -fopenmp (found version "4.5") 
[4.267s] -- Found OpenMP_CXX: -fopenmp (found version "4.5") 
[4.267s] -- Found OpenMP: TRUE (found version "4.5")  
[4.279s] -- Found ament_cmake_gtest: 1.3.9 (/opt/ros/humble/share/ament_cmake_gtest/cmake)
[4.284s] -- Found gtest sources under '/opt/ros/humble/src/gtest_vendor': C++ tests using 'Google Test' will be built
[4.318s] -- Found ament_lint_auto: 0.12.11 (/opt/ros/humble/share/ament_lint_auto/cmake)
[4.362s] -- Added test 'cppcheck' to perform static code analysis on C / C++ code
[4.362s] -- Configured cppcheck include dirs: /home/thisum/my_ws/src/moveit2/moveit_planners/ompl/ompl_interface/include
[4.362s] -- Configured cppcheck exclude dirs and/or files: 
[4.365s] -- Added test 'lint_cmake' to check CMake code style
[4.367s] -- Added test 'xmllint' to check XML markup files
[4.369s] -- Configuring done
[4.560s] -- Generating done
[4.565s] -- Build files have been written to: /home/thisum/my_ws/build/moveit_planners_ompl
[4.588s] Invoked command in '/home/thisum/my_ws/build/moveit_planners_ompl' returned '0': AMENT_PREFIX_PATH=/home/thisum/my_ws/install/moveit_ros_planning:/home/thisum/my_ws/install/moveit_ros_occupancy_map_monitor:/home/thisum/my_ws/install/moveit_core:/home/thisum/my_ws/install/moveit_resources_panda_moveit_config:/home/thisum/my_ws/install/moveit_resources_fanuc_moveit_config:/home/thisum/my_ws/install/srdfdom:/home/thisum/my_ws/install/moveit_resources_pr2_description:/home/thisum/my_ws/install/moveit_resources_panda_description:/home/thisum/my_ws/install/moveit_resources_fanuc_description:/home/thisum/my_ws/install/moveit_common:${AMENT_PREFIX_PATH} CMAKE_PREFIX_PATH=/home/thisum/my_ws/install/moveit_ros_planning:/home/thisum/my_ws/install/moveit_ros_occupancy_map_monitor:/home/thisum/my_ws/install/moveit_core:/home/thisum/my_ws/install/moveit_resources_panda_moveit_config:/home/thisum/my_ws/install/moveit_resources_fanuc_moveit_config:/home/thisum/my_ws/install/srdfdom:/home/thisum/my_ws/install/moveit_resources_pr2_description:/home/thisum/my_ws/install/moveit_resources_panda_description:/home/thisum/my_ws/install/moveit_resources_fanuc_description:/home/thisum/my_ws/install/moveit_common:/opt/ros/humble LD_LIBRARY_PATH=/home/thisum/my_ws/install/moveit_ros_planning/lib:/home/thisum/my_ws/install/moveit_ros_occupancy_map_monitor/lib:/home/thisum/my_ws/install/moveit_core/lib:/home/thisum/my_ws/install/srdfdom/lib:${LD_LIBRARY_PATH} PATH=/home/thisum/my_ws/install/moveit_core/bin:${PATH} PYTHONPATH=/home/thisum/my_ws/install/srdfdom/local/lib/python3.10/dist-packages:${PYTHONPATH} /usr/bin/cmake /home/thisum/my_ws/src/moveit2/moveit_planners/ompl -DCMAKE_BUILD_TYPE=Release -DCMAKE_INSTALL_PREFIX=/home/thisum/my_ws/install/moveit_planners_ompl
[4.591s] Invoking command in '/home/thisum/my_ws/build/moveit_planners_ompl': AMENT_PREFIX_PATH=/home/thisum/my_ws/install/moveit_ros_planning:/home/thisum/my_ws/install/moveit_ros_occupancy_map_monitor:/home/thisum/my_ws/install/moveit_core:/home/thisum/my_ws/install/moveit_resources_panda_moveit_config:/home/thisum/my_ws/install/moveit_resources_fanuc_moveit_config:/home/thisum/my_ws/install/srdfdom:/home/thisum/my_ws/install/moveit_resources_pr2_description:/home/thisum/my_ws/install/moveit_resources_panda_description:/home/thisum/my_ws/install/moveit_resources_fanuc_description:/home/thisum/my_ws/install/moveit_common:${AMENT_PREFIX_PATH} CMAKE_PREFIX_PATH=/home/thisum/my_ws/install/moveit_ros_planning:/home/thisum/my_ws/install/moveit_ros_occupancy_map_monitor:/home/thisum/my_ws/install/moveit_core:/home/thisum/my_ws/install/moveit_resources_panda_moveit_config:/home/thisum/my_ws/install/moveit_resources_fanuc_moveit_config:/home/thisum/my_ws/install/srdfdom:/home/thisum/my_ws/install/moveit_resources_pr2_description:/home/thisum/my_ws/install/moveit_resources_panda_description:/home/thisum/my_ws/install/moveit_resources_fanuc_description:/home/thisum/my_ws/install/moveit_common:/opt/ros/humble LD_LIBRARY_PATH=/home/thisum/my_ws/install/moveit_ros_planning/lib:/home/thisum/my_ws/install/moveit_ros_occupancy_map_monitor/lib:/home/thisum/my_ws/install/moveit_core/lib:/home/thisum/my_ws/install/srdfdom/lib:${LD_LIBRARY_PATH} PATH=/home/thisum/my_ws/install/moveit_core/bin:${PATH} PYTHONPATH=/home/thisum/my_ws/install/srdfdom/local/lib/python3.10/dist-packages:${PYTHONPATH} /usr/bin/cmake --build /home/thisum/my_ws/build/moveit_planners_ompl -- -j6 -l6
[4.669s] [  2%] [32mBuilding CXX object gtest/CMakeFiles/gtest_main.dir/src/gtest_main.cc.o[0m
[4.669s] [  4%] [32mBuilding CXX object ompl_interface/CMakeFiles/moveit_ompl_interface.dir/src/parameterization/model_based_state_space.cpp.o[0m
[4.671s] [  9%] [32mBuilding CXX object gtest/CMakeFiles/gtest.dir/src/gtest-all.cc.o[0m
[4.671s] [  9%] [32mBuilding CXX object ompl_interface/CMakeFiles/moveit_ompl_interface.dir/src/ompl_interface.cpp.o[0m
[4.672s] [ 14%] [32mBuilding CXX object ompl_interface/CMakeFiles/moveit_ompl_interface.dir/src/model_based_planning_context.cpp.o[0m
[4.672s] [ 14%] [32mBuilding CXX object ompl_interface/CMakeFiles/moveit_ompl_interface.dir/src/planning_context_manager.cpp.o[0m
[5.770s] [ 17%] [32m[1mLinking CXX static library libgtest_main.a[0m
[5.985s] [ 17%] Built target gtest_main
[6.006s] [ 19%] [32mBuilding CXX object ompl_interface/CMakeFiles/moveit_ompl_interface.dir/src/parameterization/model_based_state_space_factory.cpp.o[0m
[12.640s] [ 21%] [32m[1mLinking CXX static library libgtest.a[0m
[12.825s] [ 21%] Built target gtest
[12.840s] [ 24%] [32mBuilding CXX object ompl_interface/CMakeFiles/moveit_ompl_interface.dir/src/parameterization/joint_space/constrained_planning_state_space.cpp.o[0m
[14.950s] [ 26%] [32mBuilding CXX object ompl_interface/CMakeFiles/moveit_ompl_interface.dir/src/parameterization/joint_space/constrained_planning_state_space_factory.cpp.o[0m
[15.524s] [ 29%] [32mBuilding CXX object ompl_interface/CMakeFiles/moveit_ompl_interface.dir/src/parameterization/joint_space/joint_model_state_space.cpp.o[0m
[18.341s] [ 31%] [32mBuilding CXX object ompl_interface/CMakeFiles/moveit_ompl_interface.dir/src/parameterization/joint_space/joint_model_state_space_factory.cpp.o[0m
[22.245s] [ 34%] [32mBuilding CXX object ompl_interface/CMakeFiles/moveit_ompl_interface.dir/src/parameterization/work_space/pose_model_state_space.cpp.o[0m
[22.865s] [ 36%] [32mBuilding CXX object ompl_interface/CMakeFiles/moveit_ompl_interface.dir/src/parameterization/work_space/pose_model_state_space_factory.cpp.o[0m
[24.762s] [ 39%] [32mBuilding CXX object ompl_interface/CMakeFiles/moveit_ompl_interface.dir/src/detail/ompl_constraints.cpp.o[0m
[25.203s] [ 41%] [32mBuilding CXX object ompl_interface/CMakeFiles/moveit_ompl_interface.dir/src/detail/threadsafe_state_storage.cpp.o[0m
[26.946s] [ 43%] [32mBuilding CXX object ompl_interface/CMakeFiles/moveit_ompl_interface.dir/src/detail/state_validity_checker.cpp.o[0m
[27.782s] [ 46%] [32mBuilding CXX object ompl_interface/CMakeFiles/moveit_ompl_interface.dir/src/detail/projection_evaluators.cpp.o[0m
[31.389s] [ 48%] [32mBuilding CXX object ompl_interface/CMakeFiles/moveit_ompl_interface.dir/src/detail/goal_union.cpp.o[0m
[32.920s] [ 51%] [32mBuilding CXX object ompl_interface/CMakeFiles/moveit_ompl_interface.dir/src/detail/constraints_library.cpp.o[0m
[32.986s] [ 53%] [32mBuilding CXX object ompl_interface/CMakeFiles/moveit_ompl_interface.dir/src/detail/constrained_sampler.cpp.o[0m
[33.530s] [ 56%] [32mBuilding CXX object ompl_interface/CMakeFiles/moveit_ompl_interface.dir/src/detail/constrained_valid_state_sampler.cpp.o[0m
[44.161s] [ 58%] [32mBuilding CXX object ompl_interface/CMakeFiles/moveit_ompl_interface.dir/src/detail/constrained_goal_sampler.cpp.o[0m
[52.274s] [ 60%] [32m[1mLinking CXX shared library libmoveit_ompl_interface.so[0m
[52.791s] [ 60%] Built target moveit_ompl_interface
[52.821s] [ 63%] [32mBuilding CXX object ompl_interface/CMakeFiles/moveit_generate_state_database.dir/scripts/generate_state_database.cpp.o[0m
[52.835s] [ 68%] [32mBuilding CXX object ompl_interface/CMakeFiles/moveit_ompl_planner_plugin.dir/src/ompl_planner_manager.cpp.o[0m
[52.835s] [ 68%] [32mBuilding CXX object ompl_interface/CMakeFiles/test_state_space.dir/test/test_state_space.cpp.o[0m
[53.958s] [ 70%] [32mBuilding CXX object ompl_interface/CMakeFiles/test_constrained_planning_state_space.dir/test/test_constrained_planning_state_space.cpp.o[0m
[55.175s] [ 73%] [32mBuilding CXX object ompl_interface/CMakeFiles/test_state_validity_checker.dir/test/test_state_validity_checker.cpp.o[0m
[55.218s] [ 75%] [32mBuilding CXX object ompl_interface/CMakeFiles/test_planning_context_manager.dir/test/test_planning_context_manager.cpp.o[0m
[64.074s] [ 78%] [32m[1mLinking CXX executable test_state_space[0m
[65.149s] [ 78%] Built target test_state_space
[65.237s] [ 80%] [32m[1mLinking CXX shared library libmoveit_ompl_planner_plugin.so[0m
[65.695s] [ 80%] Built target moveit_ompl_planner_plugin
[66.354s] [ 82%] [32m[1mLinking CXX executable test_constrained_planning_state_space[0m
[66.932s] [ 82%] Built target test_constrained_planning_state_space
[68.739s] [ 85%] [32m[1mLinking CXX executable generate_state_database[0m
[68.961s] [ 87%] [32m[1mLinking CXX executable test_state_validity_checker[0m
[69.316s] [ 87%] Built target moveit_generate_state_database
[69.594s] [ 87%] Built target test_state_validity_checker
[70.946s] [ 90%] [32m[1mLinking CXX executable test_planning_context_manager[0m
[71.458s] [ 90%] Built target test_planning_context_manager
[71.490s] [ 92%] [32mBuilding CXX object ompl_interface/CMakeFiles/test_threadsafe_state_storage.dir/test/test_threadsafe_state_storage.cpp.o[0m
[76.414s] [ 95%] [32m[1mLinking CXX executable test_threadsafe_state_storage[0m
[76.862s] [ 95%] Built target test_threadsafe_state_storage
[76.895s] [ 97%] [32mBuilding CXX object ompl_interface/CMakeFiles/test_constrained_state_validity_checker.dir/test/test_constrained_state_validity_checker.cpp.o[0m
[88.352s] [100%] [32m[1mLinking CXX executable test_constrained_state_validity_checker[0m
[88.859s] [100%] Built target test_constrained_state_validity_checker
[88.896s] Invoked command in '/home/thisum/my_ws/build/moveit_planners_ompl' returned '0': AMENT_PREFIX_PATH=/home/thisum/my_ws/install/moveit_ros_planning:/home/thisum/my_ws/install/moveit_ros_occupancy_map_monitor:/home/thisum/my_ws/install/moveit_core:/home/thisum/my_ws/install/moveit_resources_panda_moveit_config:/home/thisum/my_ws/install/moveit_resources_fanuc_moveit_config:/home/thisum/my_ws/install/srdfdom:/home/thisum/my_ws/install/moveit_resources_pr2_description:/home/thisum/my_ws/install/moveit_resources_panda_description:/home/thisum/my_ws/install/moveit_resources_fanuc_description:/home/thisum/my_ws/install/moveit_common:${AMENT_PREFIX_PATH} CMAKE_PREFIX_PATH=/home/thisum/my_ws/install/moveit_ros_planning:/home/thisum/my_ws/install/moveit_ros_occupancy_map_monitor:/home/thisum/my_ws/install/moveit_core:/home/thisum/my_ws/install/moveit_resources_panda_moveit_config:/home/thisum/my_ws/install/moveit_resources_fanuc_moveit_config:/home/thisum/my_ws/install/srdfdom:/home/thisum/my_ws/install/moveit_resources_pr2_description:/home/thisum/my_ws/install/moveit_resources_panda_description:/home/thisum/my_ws/install/moveit_resources_fanuc_description:/home/thisum/my_ws/install/moveit_common:/opt/ros/humble LD_LIBRARY_PATH=/home/thisum/my_ws/install/moveit_ros_planning/lib:/home/thisum/my_ws/install/moveit_ros_occupancy_map_monitor/lib:/home/thisum/my_ws/install/moveit_core/lib:/home/thisum/my_ws/install/srdfdom/lib:${LD_LIBRARY_PATH} PATH=/home/thisum/my_ws/install/moveit_core/bin:${PATH} PYTHONPATH=/home/thisum/my_ws/install/srdfdom/local/lib/python3.10/dist-packages:${PYTHONPATH} /usr/bin/cmake --build /home/thisum/my_ws/build/moveit_planners_ompl -- -j6 -l6
[88.945s] Invoking command in '/home/thisum/my_ws/build/moveit_planners_ompl': AMENT_PREFIX_PATH=/home/thisum/my_ws/install/moveit_ros_planning:/home/thisum/my_ws/install/moveit_ros_occupancy_map_monitor:/home/thisum/my_ws/install/moveit_core:/home/thisum/my_ws/install/moveit_resources_panda_moveit_config:/home/thisum/my_ws/install/moveit_resources_fanuc_moveit_config:/home/thisum/my_ws/install/srdfdom:/home/thisum/my_ws/install/moveit_resources_pr2_description:/home/thisum/my_ws/install/moveit_resources_panda_description:/home/thisum/my_ws/install/moveit_resources_fanuc_description:/home/thisum/my_ws/install/moveit_common:${AMENT_PREFIX_PATH} CMAKE_PREFIX_PATH=/home/thisum/my_ws/install/moveit_ros_planning:/home/thisum/my_ws/install/moveit_ros_occupancy_map_monitor:/home/thisum/my_ws/install/moveit_core:/home/thisum/my_ws/install/moveit_resources_panda_moveit_config:/home/thisum/my_ws/install/moveit_resources_fanuc_moveit_config:/home/thisum/my_ws/install/srdfdom:/home/thisum/my_ws/install/moveit_resources_pr2_description:/home/thisum/my_ws/install/moveit_resources_panda_description:/home/thisum/my_ws/install/moveit_resources_fanuc_description:/home/thisum/my_ws/install/moveit_common:/opt/ros/humble LD_LIBRARY_PATH=/home/thisum/my_ws/install/moveit_ros_planning/lib:/home/thisum/my_ws/install/moveit_ros_occupancy_map_monitor/lib:/home/thisum/my_ws/install/moveit_core/lib:/home/thisum/my_ws/install/srdfdom/lib:${LD_LIBRARY_PATH} PATH=/home/thisum/my_ws/install/moveit_core/bin:${PATH} PYTHONPATH=/home/thisum/my_ws/install/srdfdom/local/lib/python3.10/dist-packages:${PYTHONPATH} /usr/bin/cmake --install /home/thisum/my_ws/build/moveit_planners_ompl
[88.955s] -- Install configuration: "Release"
[88.956s] -- Installing: /home/thisum/my_ws/install/moveit_planners_ompl/lib/moveit_planners_ompl/generate_state_database
[88.957s] -- Set runtime path of "/home/thisum/my_ws/install/moveit_planners_ompl/lib/moveit_planners_ompl/generate_state_database" to ""
[88.957s] -- Installing: /home/thisum/my_ws/install/moveit_planners_ompl/include
[88.957s] -- Installing: /home/thisum/my_ws/install/moveit_planners_ompl/include/moveit
[88.958s] -- Installing: /home/thisum/my_ws/install/moveit_planners_ompl/include/moveit/ompl_interface
[88.958s] -- Installing: /home/thisum/my_ws/install/moveit_planners_ompl/include/moveit/ompl_interface/ompl_interface.h
[88.958s] -- Installing: /home/thisum/my_ws/install/moveit_planners_ompl/include/moveit/ompl_interface/planning_context_manager.h
[88.958s] -- Installing: /home/thisum/my_ws/install/moveit_planners_ompl/include/moveit/ompl_interface/detail
[88.958s] -- Installing: /home/thisum/my_ws/install/moveit_planners_ompl/include/moveit/ompl_interface/detail/constrained_sampler.h
[88.959s] -- Installing: /home/thisum/my_ws/install/moveit_planners_ompl/include/moveit/ompl_interface/detail/goal_union.h
[88.959s] -- Installing: /home/thisum/my_ws/install/moveit_planners_ompl/include/moveit/ompl_interface/detail/ompl_constraints.h
[88.959s] -- Installing: /home/thisum/my_ws/install/moveit_planners_ompl/include/moveit/ompl_interface/detail/constrained_goal_sampler.h
[88.960s] -- Installing: /home/thisum/my_ws/install/moveit_planners_ompl/include/moveit/ompl_interface/detail/constraint_approximations.h
[88.960s] -- Installing: /home/thisum/my_ws/install/moveit_planners_ompl/include/moveit/ompl_interface/detail/constraints_library.h
[88.960s] -- Installing: /home/thisum/my_ws/install/moveit_planners_ompl/include/moveit/ompl_interface/detail/threadsafe_state_storage.h
[88.960s] -- Installing: /home/thisum/my_ws/install/moveit_planners_ompl/include/moveit/ompl_interface/detail/projection_evaluators.h
[88.960s] -- Installing: /home/thisum/my_ws/install/moveit_planners_ompl/include/moveit/ompl_interface/detail/state_validity_checker.h
[88.961s] -- Installing: /home/thisum/my_ws/install/moveit_planners_ompl/include/moveit/ompl_interface/detail/constrained_valid_state_sampler.h
[88.961s] -- Installing: /home/thisum/my_ws/install/moveit_planners_ompl/include/moveit/ompl_interface/model_based_planning_context.h
[88.961s] -- Installing: /home/thisum/my_ws/install/moveit_planners_ompl/include/moveit/ompl_interface/parameterization
[88.961s] -- Installing: /home/thisum/my_ws/install/moveit_planners_ompl/include/moveit/ompl_interface/parameterization/joint_space
[88.961s] -- Installing: /home/thisum/my_ws/install/moveit_planners_ompl/include/moveit/ompl_interface/parameterization/joint_space/joint_model_state_space.h
[88.962s] -- Installing: /home/thisum/my_ws/install/moveit_planners_ompl/include/moveit/ompl_interface/parameterization/joint_space/constrained_planning_state_space_factory.h
[88.962s] -- Installing: /home/thisum/my_ws/install/moveit_planners_ompl/include/moveit/ompl_interface/parameterization/joint_space/constrained_planning_state_space.h
[88.962s] -- Installing: /home/thisum/my_ws/install/moveit_planners_ompl/include/moveit/ompl_interface/parameterization/joint_space/joint_model_state_space_factory.h
[88.962s] -- Installing: /home/thisum/my_ws/install/moveit_planners_ompl/include/moveit/ompl_interface/parameterization/work_space
[88.963s] -- Installing: /home/thisum/my_ws/install/moveit_planners_ompl/include/moveit/ompl_interface/parameterization/work_space/pose_model_state_space.h
[88.963s] -- Installing: /home/thisum/my_ws/install/moveit_planners_ompl/include/moveit/ompl_interface/parameterization/work_space/pose_model_state_space_factory.h
[88.963s] -- Installing: /home/thisum/my_ws/install/moveit_planners_ompl/include/moveit/ompl_interface/parameterization/model_based_state_space.h
[88.963s] -- Installing: /home/thisum/my_ws/install/moveit_planners_ompl/include/moveit/ompl_interface/parameterization/model_based_state_space_factory.h
[88.963s] -- Installing: /home/thisum/my_ws/install/moveit_planners_ompl/lib/libmoveit_ompl_interface.so.2.5.5
[88.967s] -- Set runtime path of "/home/thisum/my_ws/install/moveit_planners_ompl/lib/libmoveit_ompl_interface.so.2.5.5" to ""
[88.967s] -- Installing: /home/thisum/my_ws/install/moveit_planners_ompl/lib/libmoveit_ompl_interface.so
[88.967s] -- Installing: /home/thisum/my_ws/install/moveit_planners_ompl/lib/libmoveit_ompl_planner_plugin.so.2.5.5
[88.968s] -- Set runtime path of "/home/thisum/my_ws/install/moveit_planners_ompl/lib/libmoveit_ompl_planner_plugin.so.2.5.5" to ""
[88.968s] -- Installing: /home/thisum/my_ws/install/moveit_planners_ompl/lib/libmoveit_ompl_planner_plugin.so
[88.969s] -- Installing: /home/thisum/my_ws/install/moveit_planners_ompl/share/moveit_planners_ompl/environment/library_path.sh
[88.969s] -- Installing: /home/thisum/my_ws/install/moveit_planners_ompl/share/moveit_planners_ompl/environment/library_path.dsv
[88.969s] -- Installing: /home/thisum/my_ws/install/moveit_planners_ompl/share/moveit_planners_ompl/ompl_interface_plugin_description.xml
[88.969s] -- Installing: /home/thisum/my_ws/install/moveit_planners_ompl/share/ament_index/resource_index/package_run_dependencies/moveit_planners_ompl
[88.970s] -- Installing: /home/thisum/my_ws/install/moveit_planners_ompl/share/ament_index/resource_index/parent_prefix_path/moveit_planners_ompl
[88.970s] -- Installing: /home/thisum/my_ws/install/moveit_planners_ompl/share/moveit_planners_ompl/environment/ament_prefix_path.sh
[88.970s] -- Installing: /home/thisum/my_ws/install/moveit_planners_ompl/share/moveit_planners_ompl/environment/ament_prefix_path.dsv
[88.971s] -- Installing: /home/thisum/my_ws/install/moveit_planners_ompl/share/moveit_planners_ompl/environment/path.sh
[88.971s] -- Installing: /home/thisum/my_ws/install/moveit_planners_ompl/share/moveit_planners_ompl/environment/path.dsv
[88.971s] -- Installing: /home/thisum/my_ws/install/moveit_planners_ompl/share/moveit_planners_ompl/local_setup.bash
[88.971s] -- Installing: /home/thisum/my_ws/install/moveit_planners_ompl/share/moveit_planners_ompl/local_setup.sh
[88.972s] -- Installing: /home/thisum/my_ws/install/moveit_planners_ompl/share/moveit_planners_ompl/local_setup.zsh
[88.972s] -- Installing: /home/thisum/my_ws/install/moveit_planners_ompl/share/moveit_planners_ompl/local_setup.dsv
[88.972s] -- Installing: /home/thisum/my_ws/install/moveit_planners_ompl/share/moveit_planners_ompl/package.dsv
[88.972s] -- Installing: /home/thisum/my_ws/install/moveit_planners_ompl/share/ament_index/resource_index/packages/moveit_planners_ompl
[88.973s] -- Installing: /home/thisum/my_ws/install/moveit_planners_ompl/share/ament_index/resource_index/moveit_core__pluginlib__plugin/moveit_planners_ompl
[88.973s] -- Installing: /home/thisum/my_ws/install/moveit_planners_ompl/share/moveit_planners_ompl/cmake/export_moveit_planners_omplExport.cmake
[88.973s] -- Installing: /home/thisum/my_ws/install/moveit_planners_ompl/share/moveit_planners_ompl/cmake/export_moveit_planners_omplExport-release.cmake
[88.974s] -- Installing: /home/thisum/my_ws/install/moveit_planners_ompl/share/moveit_planners_ompl/cmake/ament_cmake_export_targets-extras.cmake
[88.974s] -- Installing: /home/thisum/my_ws/install/moveit_planners_ompl/share/moveit_planners_ompl/cmake/ament_cmake_export_dependencies-extras.cmake
[88.974s] -- Installing: /home/thisum/my_ws/install/moveit_planners_ompl/share/moveit_planners_ompl/cmake/moveit_planners_omplConfig.cmake
[88.974s] -- Installing: /home/thisum/my_ws/install/moveit_planners_ompl/share/moveit_planners_ompl/cmake/moveit_planners_omplConfig-version.cmake
[88.976s] -- Installing: /home/thisum/my_ws/install/moveit_planners_ompl/share/moveit_planners_ompl/package.xml
[88.993s] Invoked command in '/home/thisum/my_ws/build/moveit_planners_ompl' returned '0': AMENT_PREFIX_PATH=/home/thisum/my_ws/install/moveit_ros_planning:/home/thisum/my_ws/install/moveit_ros_occupancy_map_monitor:/home/thisum/my_ws/install/moveit_core:/home/thisum/my_ws/install/moveit_resources_panda_moveit_config:/home/thisum/my_ws/install/moveit_resources_fanuc_moveit_config:/home/thisum/my_ws/install/srdfdom:/home/thisum/my_ws/install/moveit_resources_pr2_description:/home/thisum/my_ws/install/moveit_resources_panda_description:/home/thisum/my_ws/install/moveit_resources_fanuc_description:/home/thisum/my_ws/install/moveit_common:${AMENT_PREFIX_PATH} CMAKE_PREFIX_PATH=/home/thisum/my_ws/install/moveit_ros_planning:/home/thisum/my_ws/install/moveit_ros_occupancy_map_monitor:/home/thisum/my_ws/install/moveit_core:/home/thisum/my_ws/install/moveit_resources_panda_moveit_config:/home/thisum/my_ws/install/moveit_resources_fanuc_moveit_config:/home/thisum/my_ws/install/srdfdom:/home/thisum/my_ws/install/moveit_resources_pr2_description:/home/thisum/my_ws/install/moveit_resources_panda_description:/home/thisum/my_ws/install/moveit_resources_fanuc_description:/home/thisum/my_ws/install/moveit_common:/opt/ros/humble LD_LIBRARY_PATH=/home/thisum/my_ws/install/moveit_ros_planning/lib:/home/thisum/my_ws/install/moveit_ros_occupancy_map_monitor/lib:/home/thisum/my_ws/install/moveit_core/lib:/home/thisum/my_ws/install/srdfdom/lib:${LD_LIBRARY_PATH} PATH=/home/thisum/my_ws/install/moveit_core/bin:${PATH} PYTHONPATH=/home/thisum/my_ws/install/srdfdom/local/lib/python3.10/dist-packages:${PYTHONPATH} /usr/bin/cmake --install /home/thisum/my_ws/build/moveit_planners_ompl
