[0.019s] Invoking command in '/home/thisum/my_ws/build/moveit_resources': AMENT_PREFIX_PATH=/home/thisum/my_ws/install/moveit_resources_panda_moveit_config:/home/thisum/my_ws/install/moveit_resources_fanuc_moveit_config:/home/thisum/my_ws/install/moveit_resources_pr2_description:/home/thisum/my_ws/install/moveit_resources_panda_description:/home/thisum/my_ws/install/moveit_resources_fanuc_description:${AMENT_PREFIX_PATH} CMAKE_PREFIX_PATH=/home/thisum/my_ws/install/moveit_resources_panda_moveit_config:/home/thisum/my_ws/install/moveit_resources_fanuc_moveit_config:/home/thisum/my_ws/install/moveit_resources_pr2_description:/home/thisum/my_ws/install/moveit_resources_panda_description:/home/thisum/my_ws/install/moveit_resources_fanuc_description:/opt/ros/humble /usr/bin/cmake /home/thisum/my_ws/src/moveit_resources/moveit_resources -DCMAKE_BUILD_TYPE=Release -DCMAKE_INSTALL_PREFIX=/home/thisum/my_ws/install/moveit_resources
[0.099s] -- The C compiler identification is GNU 11.4.0
[0.171s] -- The CXX compiler identification is GNU 11.4.0
[0.182s] -- Detecting C compiler ABI info
[0.294s] -- Detecting C compiler ABI info - done
[0.304s] -- Check for working C compiler: /usr/bin/cc - skipped
[0.304s] -- Detecting C compile features
[0.305s] -- Detecting C compile features - done
[0.308s] -- Detecting CXX compiler ABI info
[0.432s] -- Detecting CXX compiler ABI info - done
[0.440s] -- Check for working CXX compiler: /usr/bin/c++ - skipped
[0.440s] -- Detecting CXX compile features
[0.440s] -- Detecting CXX compile features - done
[0.444s] -- Found ament_cmake: 1.3.9 (/opt/ros/humble/share/ament_cmake/cmake)
[0.631s] -- Found Python3: /usr/bin/python3 (found version "3.10.12") found components: Interpreter 
[0.821s] -- Configuring done
[0.827s] -- Generating done
[0.829s] -- Build files have been written to: /home/thisum/my_ws/build/moveit_resources
[0.835s] Invoked command in '/home/thisum/my_ws/build/moveit_resources' returned '0': AMENT_PREFIX_PATH=/home/thisum/my_ws/install/moveit_resources_panda_moveit_config:/home/thisum/my_ws/install/moveit_resources_fanuc_moveit_config:/home/thisum/my_ws/install/moveit_resources_pr2_description:/home/thisum/my_ws/install/moveit_resources_panda_description:/home/thisum/my_ws/install/moveit_resources_fanuc_description:${AMENT_PREFIX_PATH} CMAKE_PREFIX_PATH=/home/thisum/my_ws/install/moveit_resources_panda_moveit_config:/home/thisum/my_ws/install/moveit_resources_fanuc_moveit_config:/home/thisum/my_ws/install/moveit_resources_pr2_description:/home/thisum/my_ws/install/moveit_resources_panda_description:/home/thisum/my_ws/install/moveit_resources_fanuc_description:/opt/ros/humble /usr/bin/cmake /home/thisum/my_ws/src/moveit_resources/moveit_resources -DCMAKE_BUILD_TYPE=Release -DCMAKE_INSTALL_PREFIX=/home/thisum/my_ws/install/moveit_resources
[0.839s] Invoking command in '/home/thisum/my_ws/build/moveit_resources': AMENT_PREFIX_PATH=/home/thisum/my_ws/install/moveit_resources_panda_moveit_config:/home/thisum/my_ws/install/moveit_resources_fanuc_moveit_config:/home/thisum/my_ws/install/moveit_resources_pr2_description:/home/thisum/my_ws/install/moveit_resources_panda_description:/home/thisum/my_ws/install/moveit_resources_fanuc_description:${AMENT_PREFIX_PATH} CMAKE_PREFIX_PATH=/home/thisum/my_ws/install/moveit_resources_panda_moveit_config:/home/thisum/my_ws/install/moveit_resources_fanuc_moveit_config:/home/thisum/my_ws/install/moveit_resources_pr2_description:/home/thisum/my_ws/install/moveit_resources_panda_description:/home/thisum/my_ws/install/moveit_resources_fanuc_description:/opt/ros/humble /usr/bin/cmake --build /home/thisum/my_ws/build/moveit_resources -- -j6 -l6
[0.902s] Invoked command in '/home/thisum/my_ws/build/moveit_resources' returned '0': AMENT_PREFIX_PATH=/home/thisum/my_ws/install/moveit_resources_panda_moveit_config:/home/thisum/my_ws/install/moveit_resources_fanuc_moveit_config:/home/thisum/my_ws/install/moveit_resources_pr2_description:/home/thisum/my_ws/install/moveit_resources_panda_description:/home/thisum/my_ws/install/moveit_resources_fanuc_description:${AMENT_PREFIX_PATH} CMAKE_PREFIX_PATH=/home/thisum/my_ws/install/moveit_resources_panda_moveit_config:/home/thisum/my_ws/install/moveit_resources_fanuc_moveit_config:/home/thisum/my_ws/install/moveit_resources_pr2_description:/home/thisum/my_ws/install/moveit_resources_panda_description:/home/thisum/my_ws/install/moveit_resources_fanuc_description:/opt/ros/humble /usr/bin/cmake --build /home/thisum/my_ws/build/moveit_resources -- -j6 -l6
[0.952s] Invoking command in '/home/thisum/my_ws/build/moveit_resources': AMENT_PREFIX_PATH=/home/thisum/my_ws/install/moveit_resources_panda_moveit_config:/home/thisum/my_ws/install/moveit_resources_fanuc_moveit_config:/home/thisum/my_ws/install/moveit_resources_pr2_description:/home/thisum/my_ws/install/moveit_resources_panda_description:/home/thisum/my_ws/install/moveit_resources_fanuc_description:${AMENT_PREFIX_PATH} CMAKE_PREFIX_PATH=/home/thisum/my_ws/install/moveit_resources_panda_moveit_config:/home/thisum/my_ws/install/moveit_resources_fanuc_moveit_config:/home/thisum/my_ws/install/moveit_resources_pr2_description:/home/thisum/my_ws/install/moveit_resources_panda_description:/home/thisum/my_ws/install/moveit_resources_fanuc_description:/opt/ros/humble /usr/bin/cmake --install /home/thisum/my_ws/build/moveit_resources
[0.965s] -- Install configuration: "Release"
[0.965s] -- Installing: /home/thisum/my_ws/install/moveit_resources/share/ament_index/resource_index/package_run_dependencies/moveit_resources
[0.966s] -- Installing: /home/thisum/my_ws/install/moveit_resources/share/ament_index/resource_index/parent_prefix_path/moveit_resources
[0.967s] -- Installing: /home/thisum/my_ws/install/moveit_resources/share/moveit_resources/environment/ament_prefix_path.sh
[0.967s] -- Installing: /home/thisum/my_ws/install/moveit_resources/share/moveit_resources/environment/ament_prefix_path.dsv
[0.967s] -- Installing: /home/thisum/my_ws/install/moveit_resources/share/moveit_resources/environment/path.sh
[0.970s] -- Installing: /home/thisum/my_ws/install/moveit_resources/share/moveit_resources/environment/path.dsv
[0.970s] -- Installing: /home/thisum/my_ws/install/moveit_resources/share/moveit_resources/local_setup.bash
[0.971s] -- Installing: /home/thisum/my_ws/install/moveit_resources/share/moveit_resources/local_setup.sh
[0.971s] -- Installing: /home/thisum/my_ws/install/moveit_resources/share/moveit_resources/local_setup.zsh
[0.971s] -- Installing: /home/thisum/my_ws/install/moveit_resources/share/moveit_resources/local_setup.dsv
[0.972s] -- Installing: /home/thisum/my_ws/install/moveit_resources/share/moveit_resources/package.dsv
[0.972s] -- Installing: /home/thisum/my_ws/install/moveit_resources/share/ament_index/resource_index/packages/moveit_resources
[0.973s] -- Installing: /home/thisum/my_ws/install/moveit_resources/share/moveit_resources/cmake/moveit_resourcesConfig.cmake
[0.974s] -- Installing: /home/thisum/my_ws/install/moveit_resources/share/moveit_resources/cmake/moveit_resourcesConfig-version.cmake
[0.974s] -- Installing: /home/thisum/my_ws/install/moveit_resources/share/moveit_resources/package.xml
[0.978s] Invoked command in '/home/thisum/my_ws/build/moveit_resources' returned '0': AMENT_PREFIX_PATH=/home/thisum/my_ws/install/moveit_resources_panda_moveit_config:/home/thisum/my_ws/install/moveit_resources_fanuc_moveit_config:/home/thisum/my_ws/install/moveit_resources_pr2_description:/home/thisum/my_ws/install/moveit_resources_panda_description:/home/thisum/my_ws/install/moveit_resources_fanuc_description:${AMENT_PREFIX_PATH} CMAKE_PREFIX_PATH=/home/thisum/my_ws/install/moveit_resources_panda_moveit_config:/home/thisum/my_ws/install/moveit_resources_fanuc_moveit_config:/home/thisum/my_ws/install/moveit_resources_pr2_description:/home/thisum/my_ws/install/moveit_resources_panda_description:/home/thisum/my_ws/install/moveit_resources_fanuc_description:/opt/ros/humble /usr/bin/cmake --install /home/thisum/my_ws/build/moveit_resources
