[1.137s] Invoking command in '/home/thisum/my_ws/src/launch_param_builder': PYTHONPATH=/home/thisum/my_ws/build/launch_param_builder/prefix_override:/usr/lib/python3/dist-packages/colcon_core/task/python/colcon_distutils_commands:/home/thisum/my_ws/install/launch_param_builder/lib/python3.10/site-packages:${PYTHONPATH} /usr/bin/python3 -W ignore:setup.py install is deprecated setup.py egg_info --egg-base ../../build/launch_param_builder build --build-base /home/thisum/my_ws/build/launch_param_builder/build install --record /home/thisum/my_ws/build/launch_param_builder/install.log --single-version-externally-managed install_data
[1.558s] running egg_info
[1.560s] creating ../../build/launch_param_builder/launch_param_builder.egg-info
[1.561s] writing ../../build/launch_param_builder/launch_param_builder.egg-info/PKG-INFO
[1.562s] writing dependency_links to ../../build/launch_param_builder/launch_param_builder.egg-info/dependency_links.txt
[1.562s] writing entry points to ../../build/launch_param_builder/launch_param_builder.egg-info/entry_points.txt
[1.562s] writing requirements to ../../build/launch_param_builder/launch_param_builder.egg-info/requires.txt
[1.563s] writing top-level names to ../../build/launch_param_builder/launch_param_builder.egg-info/top_level.txt
[1.564s] writing manifest file '../../build/launch_param_builder/launch_param_builder.egg-info/SOURCES.txt'
[1.568s] reading manifest file '../../build/launch_param_builder/launch_param_builder.egg-info/SOURCES.txt'
[1.569s] adding license file 'LICENSE'
[1.570s] writing manifest file '../../build/launch_param_builder/launch_param_builder.egg-info/SOURCES.txt'
[1.572s] running build
[1.572s] running build_py
[1.572s] creating /home/thisum/my_ws/build/launch_param_builder/build
[1.573s] creating /home/thisum/my_ws/build/launch_param_builder/build/lib
[1.573s] creating /home/thisum/my_ws/build/launch_param_builder/build/lib/launch_param_builder
[1.573s] copying launch_param_builder/utils.py -> /home/thisum/my_ws/build/launch_param_builder/build/lib/launch_param_builder
[1.573s] copying launch_param_builder/launch_param_builder.py -> /home/thisum/my_ws/build/launch_param_builder/build/lib/launch_param_builder
[1.573s] copying launch_param_builder/__init__.py -> /home/thisum/my_ws/build/launch_param_builder/build/lib/launch_param_builder
[1.574s] running install
[1.575s] running install_lib
[1.594s] creating /home/thisum/my_ws/install/launch_param_builder/lib/python3.10/site-packages/launch_param_builder
[1.594s] copying /home/thisum/my_ws/build/launch_param_builder/build/lib/launch_param_builder/utils.py -> /home/thisum/my_ws/install/launch_param_builder/lib/python3.10/site-packages/launch_param_builder
[1.594s] copying /home/thisum/my_ws/build/launch_param_builder/build/lib/launch_param_builder/launch_param_builder.py -> /home/thisum/my_ws/install/launch_param_builder/lib/python3.10/site-packages/launch_param_builder
[1.594s] copying /home/thisum/my_ws/build/launch_param_builder/build/lib/launch_param_builder/__init__.py -> /home/thisum/my_ws/install/launch_param_builder/lib/python3.10/site-packages/launch_param_builder
[1.595s] byte-compiling /home/thisum/my_ws/install/launch_param_builder/lib/python3.10/site-packages/launch_param_builder/utils.py to utils.cpython-310.pyc
[1.595s] byte-compiling /home/thisum/my_ws/install/launch_param_builder/lib/python3.10/site-packages/launch_param_builder/launch_param_builder.py to launch_param_builder.cpython-310.pyc
[1.595s] byte-compiling /home/thisum/my_ws/install/launch_param_builder/lib/python3.10/site-packages/launch_param_builder/__init__.py to __init__.cpython-310.pyc
[1.595s] running install_data
[1.598s] creating /home/thisum/my_ws/install/launch_param_builder/share/ament_index
[1.598s] creating /home/thisum/my_ws/install/launch_param_builder/share/ament_index/resource_index
[1.598s] creating /home/thisum/my_ws/install/launch_param_builder/share/ament_index/resource_index/packages
[1.598s] copying resource/launch_param_builder -> /home/thisum/my_ws/install/launch_param_builder/share/ament_index/resource_index/packages
[1.599s] creating /home/thisum/my_ws/install/launch_param_builder/share/launch_param_builder/launch
[1.599s] copying example/launch_param_builder_example.launch.py -> /home/thisum/my_ws/install/launch_param_builder/share/launch_param_builder/launch
[1.599s] creating /home/thisum/my_ws/install/launch_param_builder/share/launch_param_builder/config
[1.599s] copying test/data/param_file_to_inject.yaml -> /home/thisum/my_ws/install/launch_param_builder/share/launch_param_builder/config
[1.599s] copying test/data/parameter_file -> /home/thisum/my_ws/install/launch_param_builder/share/launch_param_builder/config
[1.599s] copying test/data/parameter.xacro -> /home/thisum/my_ws/install/launch_param_builder/share/launch_param_builder/config
[1.599s] copying test/data/parameters_injection.yaml -> /home/thisum/my_ws/install/launch_param_builder/share/launch_param_builder/config
[1.599s] copying test/data/parameters.yaml -> /home/thisum/my_ws/install/launch_param_builder/share/launch_param_builder/config
[1.599s] copying package.xml -> /home/thisum/my_ws/install/launch_param_builder/share/launch_param_builder
[1.599s] creating /home/thisum/my_ws/install/launch_param_builder/lib/launch_param_builder
[1.599s] copying example/example_node.py -> /home/thisum/my_ws/install/launch_param_builder/lib/launch_param_builder
[1.600s] running install_egg_info
[1.601s] Copying ../../build/launch_param_builder/launch_param_builder.egg-info to /home/thisum/my_ws/install/launch_param_builder/lib/python3.10/site-packages/launch_param_builder-0.1.1-py3.10.egg-info
[1.604s] running install_scripts
[1.641s] writing list of installed files to '/home/thisum/my_ws/build/launch_param_builder/install.log'
[1.684s] Invoked command in '/home/thisum/my_ws/src/launch_param_builder' returned '0': PYTHONPATH=/home/thisum/my_ws/build/launch_param_builder/prefix_override:/usr/lib/python3/dist-packages/colcon_core/task/python/colcon_distutils_commands:/home/thisum/my_ws/install/launch_param_builder/lib/python3.10/site-packages:${PYTHONPATH} /usr/bin/python3 -W ignore:setup.py install is deprecated setup.py egg_info --egg-base ../../build/launch_param_builder build --build-base /home/thisum/my_ws/build/launch_param_builder/build install --record /home/thisum/my_ws/build/launch_param_builder/install.log --single-version-externally-managed install_data
