[0.111s] Invoking command in '/home/thisum/my_ws/build/moveit_common': CMAKE_PREFIX_PATH=${CMAKE_PREFIX_PATH}:/home/thisum/my_ws/install/moveit_configs_utils:/home/thisum/my_ws/install/launch_param_builder:/opt/ros/humble /usr/bin/cmake /home/thisum/my_ws/src/moveit2/moveit_common -DCMAKE_INSTALL_PREFIX=/home/thisum/my_ws/install/moveit_common
[0.142s] -- Found ament_cmake: 1.3.9 (/opt/ros/humble/share/ament_cmake/cmake)
[0.334s] -- Found ament_lint_auto: 0.12.11 (/opt/ros/humble/share/ament_lint_auto/cmake)
[0.521s] -- Added test 'copyright' to check source files copyright and LICENSE
[0.529s] -- Added test 'lint_cmake' to check CMake code style
[0.536s] -- Added test 'xmllint' to check XML markup files
[0.540s] -- Configuring done
[0.572s] -- Generating done
[0.572s] -- Build files have been written to: /home/thisum/my_ws/build/moveit_common
[0.594s] Invoked command in '/home/thisum/my_ws/build/moveit_common' returned '0': CMAKE_PREFIX_PATH=${CMAKE_PREFIX_PATH}:/home/thisum/my_ws/install/moveit_configs_utils:/home/thisum/my_ws/install/launch_param_builder:/opt/ros/humble /usr/bin/cmake /home/thisum/my_ws/src/moveit2/moveit_common -DCMAKE_INSTALL_PREFIX=/home/thisum/my_ws/install/moveit_common
[0.596s] Invoking command in '/home/thisum/my_ws/build/moveit_common': CMAKE_PREFIX_PATH=${CMAKE_PREFIX_PATH}:/home/thisum/my_ws/install/moveit_configs_utils:/home/thisum/my_ws/install/launch_param_builder:/opt/ros/humble /usr/bin/cmake --build /home/thisum/my_ws/build/moveit_common -- -j6 -l6
[0.757s] Invoked command in '/home/thisum/my_ws/build/moveit_common' returned '0': CMAKE_PREFIX_PATH=${CMAKE_PREFIX_PATH}:/home/thisum/my_ws/install/moveit_configs_utils:/home/thisum/my_ws/install/launch_param_builder:/opt/ros/humble /usr/bin/cmake --build /home/thisum/my_ws/build/moveit_common -- -j6 -l6
[0.894s] Invoking command in '/home/thisum/my_ws/build/moveit_common': CMAKE_PREFIX_PATH=${CMAKE_PREFIX_PATH}:/home/thisum/my_ws/install/moveit_configs_utils:/home/thisum/my_ws/install/launch_param_builder:/opt/ros/humble /usr/bin/cmake --install /home/thisum/my_ws/build/moveit_common
[0.940s] -- Install configuration: "Release"
[0.940s] -- Up-to-date: /home/thisum/my_ws/install/moveit_common/share/ament_index/resource_index/package_run_dependencies/moveit_common
[0.961s] -- Installing: /home/thisum/my_ws/install/moveit_common/share/ament_index/resource_index/parent_prefix_path/moveit_common
[0.963s] -- Up-to-date: /home/thisum/my_ws/install/moveit_common/share/moveit_common/environment/ament_prefix_path.sh
[0.963s] -- Installing: /home/thisum/my_ws/install/moveit_common/share/moveit_common/environment/ament_prefix_path.dsv
[0.963s] -- Up-to-date: /home/thisum/my_ws/install/moveit_common/share/moveit_common/environment/path.sh
[0.964s] -- Installing: /home/thisum/my_ws/install/moveit_common/share/moveit_common/environment/path.dsv
[0.964s] -- Up-to-date: /home/thisum/my_ws/install/moveit_common/share/moveit_common/local_setup.bash
[0.964s] -- Up-to-date: /home/thisum/my_ws/install/moveit_common/share/moveit_common/local_setup.sh
[0.974s] -- Up-to-date: /home/thisum/my_ws/install/moveit_common/share/moveit_common/local_setup.zsh
[0.975s] -- Installing: /home/thisum/my_ws/install/moveit_common/share/moveit_common/local_setup.dsv
[0.977s] -- Installing: /home/thisum/my_ws/install/moveit_common/share/moveit_common/package.dsv
[0.981s] -- Up-to-date: /home/thisum/my_ws/install/moveit_common/share/ament_index/resource_index/packages/moveit_common
[0.985s] -- Up-to-date: /home/thisum/my_ws/install/moveit_common/share/moveit_common/cmake/moveit_common-extras.cmake
[0.985s] -- Up-to-date: /home/thisum/my_ws/install/moveit_common/share/moveit_common/cmake/moveit_commonConfig.cmake
[0.985s] -- Up-to-date: /home/thisum/my_ws/install/moveit_common/share/moveit_common/cmake/moveit_commonConfig-version.cmake
[0.985s] -- Up-to-date: /home/thisum/my_ws/install/moveit_common/share/moveit_common/package.xml
[0.985s] -- Up-to-date: /home/thisum/my_ws/install/moveit_common/share/moveit_common/cmake
[0.986s] -- Up-to-date: /home/thisum/my_ws/install/moveit_common/share/moveit_common/cmake/moveit_package.cmake
[1.048s] Invoked command in '/home/thisum/my_ws/build/moveit_common' returned '0': CMAKE_PREFIX_PATH=${CMAKE_PREFIX_PATH}:/home/thisum/my_ws/install/moveit_configs_utils:/home/thisum/my_ws/install/launch_param_builder:/opt/ros/humble /usr/bin/cmake --install /home/thisum/my_ws/build/moveit_common
