[0.000000] (-) TimerEvent: {}
[0.000485] (-) JobUnselected: {'identifier': 'arm_config'}
[0.000514] (-) JobUnselected: {'identifier': 'chomp_motion_planner'}
[0.000530] (-) JobUnselected: {'identifier': 'gzb'}
[0.000543] (-) JobUnselected: {'identifier': 'launch_param_builder'}
[0.000556] (-) JobUnselected: {'identifier': 'moveit'}
[0.000568] (-) JobUnselected: {'identifier': 'moveit2_tutorials'}
[0.000579] (-) JobUnselected: {'identifier': 'moveit_chomp_optimizer_adapter'}
[0.000590] (-) JobUnselected: {'identifier': 'moveit_common'}
[0.000602] (-) JobUnselected: {'identifier': 'moveit_configs_utils'}
[0.000613] (-) JobUnselected: {'identifier': 'moveit_core'}
[0.000624] (-) JobUnselected: {'identifier': 'moveit_hybrid_planning'}
[0.000635] (-) JobUnselected: {'identifier': 'moveit_kinematics'}
[0.000647] (-) JobUnselected: {'identifier': 'moveit_planners'}
[0.000658] (-) JobUnselected: {'identifier': 'moveit_planners_chomp'}
[0.000669] (-) JobUnselected: {'identifier': 'moveit_planners_ompl'}
[0.000680] (-) JobUnselected: {'identifier': 'moveit_plugins'}
[0.000692] (-) JobUnselected: {'identifier': 'moveit_resources'}
[0.000703] (-) JobUnselected: {'identifier': 'moveit_resources_fanuc_description'}
[0.000715] (-) JobUnselected: {'identifier': 'moveit_resources_fanuc_moveit_config'}
[0.000727] (-) JobUnselected: {'identifier': 'moveit_resources_panda_description'}
[0.000803] (-) JobUnselected: {'identifier': 'moveit_resources_panda_moveit_config'}
[0.000821] (-) JobUnselected: {'identifier': 'moveit_resources_pr2_description'}
[0.000834] (-) JobUnselected: {'identifier': 'moveit_resources_prbt_ikfast_manipulator_plugin'}
[0.000847] (-) JobUnselected: {'identifier': 'moveit_resources_prbt_moveit_config'}
[0.000858] (-) JobUnselected: {'identifier': 'moveit_resources_prbt_pg70_support'}
[0.000869] (-) JobUnselected: {'identifier': 'moveit_resources_prbt_support'}
[0.000880] (-) JobUnselected: {'identifier': 'moveit_ros'}
[0.000891] (-) JobUnselected: {'identifier': 'moveit_ros_benchmarks'}
[0.000902] (-) JobUnselected: {'identifier': 'moveit_ros_control_interface'}
[0.000913] (-) JobUnselected: {'identifier': 'moveit_ros_move_group'}
[0.000923] (-) JobUnselected: {'identifier': 'moveit_ros_occupancy_map_monitor'}
[0.000934] (-) JobUnselected: {'identifier': 'moveit_ros_perception'}
[0.000945] (-) JobUnselected: {'identifier': 'moveit_ros_planning'}
[0.000956] (-) JobUnselected: {'identifier': 'moveit_ros_planning_interface'}
[0.000966] (-) JobUnselected: {'identifier': 'moveit_ros_robot_interaction'}
[0.000977] (-) JobUnselected: {'identifier': 'moveit_ros_visualization'}
[0.000988] (-) JobUnselected: {'identifier': 'moveit_ros_warehouse'}
[0.000999] (-) JobUnselected: {'identifier': 'moveit_runtime'}
[0.001010] (-) JobUnselected: {'identifier': 'moveit_servo'}
[0.001021] (-) JobUnselected: {'identifier': 'moveit_setup_app_plugins'}
[0.001032] (-) JobUnselected: {'identifier': 'moveit_setup_assistant'}
[0.001043] (-) JobUnselected: {'identifier': 'moveit_setup_controllers'}
[0.001054] (-) JobUnselected: {'identifier': 'moveit_setup_core_plugins'}
[0.001065] (-) JobUnselected: {'identifier': 'moveit_setup_framework'}
[0.001076] (-) JobUnselected: {'identifier': 'moveit_setup_srdf_plugins'}
[0.001087] (-) JobUnselected: {'identifier': 'moveit_simple_controller_manager'}
[0.001098] (-) JobUnselected: {'identifier': 'moveit_task_constructor_capabilities'}
[0.001108] (-) JobUnselected: {'identifier': 'moveit_task_constructor_core'}
[0.001119] (-) JobUnselected: {'identifier': 'moveit_task_constructor_demo'}
[0.001130] (-) JobUnselected: {'identifier': 'moveit_task_constructor_msgs'}
[0.001141] (-) JobUnselected: {'identifier': 'moveit_task_constructor_visualization'}
[0.001152] (-) JobUnselected: {'identifier': 'moveit_visual_tools'}
[0.001163] (-) JobUnselected: {'identifier': 'narm_config'}
[0.001174] (-) JobUnselected: {'identifier': 'new_full_arm'}
[0.001184] (-) JobUnselected: {'identifier': 'pilz_industrial_motion_planner'}
[0.001195] (-) JobUnselected: {'identifier': 'pilz_industrial_motion_planner_testutils'}
[0.001206] (-) JobUnselected: {'identifier': 'rosparam_shortcuts'}
[0.001245] (-) JobUnselected: {'identifier': 'rviz_marker_tools'}
[0.001263] (-) JobUnselected: {'identifier': 'srdfdom'}
[0.001277] (-) EventReactorShutdown: {}
