[0.057s] Invoking command in '/home/thisum/my_ws/build/moveit_core': AMENT_PREFIX_PATH=/home/thisum/my_ws/install/moveit_resources_panda_moveit_config:/home/thisum/my_ws/install/srdfdom:/home/thisum/my_ws/install/moveit_resources_pr2_description:/home/thisum/my_ws/install/moveit_resources_panda_description:/home/thisum/my_ws/install/moveit_common:${AMENT_PREFIX_PATH} CMAKE_PREFIX_PATH=/home/thisum/my_ws/install/moveit_resources_panda_moveit_config:/home/thisum/my_ws/install/srdfdom:/home/thisum/my_ws/install/moveit_resources_pr2_description:/home/thisum/my_ws/install/moveit_resources_panda_description:/home/thisum/my_ws/install/moveit_common:/opt/ros/humble LD_LIBRARY_PATH=/home/thisum/my_ws/install/srdfdom/lib:${LD_LIBRARY_PATH} PYTHONPATH=/home/thisum/my_ws/install/srdfdom/local/lib/python3.10/dist-packages:${PYTHONPATH} /usr/bin/cmake /home/thisum/my_ws/src/moveit2/moveit_core -DCMAKE_BUILD_TYPE=Release -DCMAKE_INSTALL_PREFIX=/home/thisum/my_ws/install/moveit_core
[0.152s] -- The CXX compiler identification is GNU 11.4.0
[0.162s] -- Detecting CXX compiler ABI info
[0.294s] -- Detecting CXX compiler ABI info - done
[0.304s] -- Check for working CXX compiler: /usr/bin/c++ - skipped
[0.311s] -- Detecting CXX compile features
[0.311s] -- Detecting CXX compile features - done
[0.330s] -- Found moveit_common: 2.5.5 (/home/thisum/my_ws/install/moveit_common/share/moveit_common/cmake)
[0.330s] -- Found ament_cmake: 1.3.9 (/opt/ros/humble/share/ament_cmake/cmake)
[0.526s] -- Found Python3: /usr/bin/python3 (found version "3.10.12") found components: Interpreter 
[0.740s] -- Found libdw: /usr/lib/x86_64-linux-gnu/libdw.so  
[0.746s] -- Could NOT find libbfd (missing: LIBBFD_LIBRARY LIBBFD_INCLUDE_DIR) 
[0.747s] -- BACKWARD_HAS_UNWIND=1
[0.747s] -- BACKWARD_HAS_BACKTRACE=0
[0.747s] -- BACKWARD_HAS_BACKTRACE_SYMBOL=0
[0.747s] -- BACKWARD_HAS_DW=1
[0.747s] -- BACKWARD_HAS_BFD=0
[0.748s] -- Found Backward: /opt/ros/humble/share/backward_ros/cmake  
[0.758s] -- Found angles: 1.15.0 (/opt/ros/humble/share/angles/cmake)
[0.775s] -- Found Bullet: /usr/lib/x86_64-linux-gnu/libBulletDynamics.so (Required is at least version "2.87") 
[0.778s] -- Found common_interfaces: 4.2.4 (/opt/ros/humble/share/common_interfaces/cmake)
[0.781s] -- Found eigen_stl_containers: 1.0.0 (/opt/ros/humble/share/eigen_stl_containers/cmake)
[0.793s] -- Found eigen3_cmake_module: 0.1.1 (/opt/ros/humble/share/eigen3_cmake_module/cmake)
[0.799s] -- Found Eigen3: TRUE (found version "3.4.0") 
[0.806s] -- Found generate_parameter_library: 0.3.8 (/opt/ros/humble/share/generate_parameter_library/cmake)
[0.812s] -- Found parameter_traits: 0.3.8 (/opt/ros/humble/share/parameter_traits/cmake)
[0.871s] -- Found rosidl_generator_c: 3.1.5 (/opt/ros/humble/share/rosidl_generator_c/cmake)
[0.878s] -- Found rosidl_adapter: 3.1.5 (/opt/ros/humble/share/rosidl_adapter/cmake)
[0.890s] -- Found rosidl_generator_cpp: 3.1.5 (/opt/ros/humble/share/rosidl_generator_cpp/cmake)
[0.909s] -- Using all available rosidl_typesupport_c: rosidl_typesupport_fastrtps_c;rosidl_typesupport_introspection_c
[0.941s] -- Using all available rosidl_typesupport_cpp: rosidl_typesupport_fastrtps_cpp;rosidl_typesupport_introspection_cpp
[1.032s] -- Found rmw_implementation_cmake: 6.1.2 (/opt/ros/humble/share/rmw_implementation_cmake/cmake)
[1.038s] -- Found rmw_fastrtps_cpp: 6.2.6 (/opt/ros/humble/share/rmw_fastrtps_cpp/cmake)
[1.225s] -- Found OpenSSL: /usr/lib/x86_64-linux-gnu/libcrypto.so (found version "3.0.2")  
[1.260s] -- Found FastRTPS: /opt/ros/humble/include  
[1.327s] -- Using RMW implementation 'rmw_fastrtps_cpp' as default
[1.355s] -- Looking for C++ include pthread.h
[1.536s] -- Looking for C++ include pthread.h - found
[1.536s] -- Performing Test CMAKE_HAVE_LIBC_PTHREAD
[1.698s] -- Performing Test CMAKE_HAVE_LIBC_PTHREAD - Success
[1.700s] -- Found Threads: TRUE  
[1.931s] -- Found rclcpp_lifecycle: 16.0.9 (/opt/ros/humble/share/rclcpp_lifecycle/cmake)
[1.991s] -- Found geometric_shapes: 2.1.3 (/opt/ros/humble/share/geometric_shapes/cmake)
[2.005s] -- Found Boost: /usr/lib/x86_64-linux-gnu/cmake/Boost-1.74.0/BoostConfig.cmake (found version "1.74.0") found components: filesystem 
[2.262s] -- library: /usr/lib/x86_64-linux-gnu/libcurl.so
[2.621s] -- Found kdl_parser: 2.6.4 (/opt/ros/humble/share/kdl_parser/cmake)
[2.633s] -- Ensuring Eigen3 include directory is part of orocos-kdl CMake target
[2.639s] -- Found moveit_msgs: 2.2.1 (/opt/ros/humble/share/moveit_msgs/cmake)
[3.401s] -- Found pluginlib: 5.1.0 (/opt/ros/humble/share/pluginlib/cmake)
[3.455s] -- Found srdfdom: 2.0.4 (/home/thisum/my_ws/install/srdfdom/share/srdfdom/cmake)
[3.473s] -- Found tf2_eigen: 0.25.7 (/opt/ros/humble/share/tf2_eigen/cmake)
[3.845s] -- Found tf2_geometry_msgs: 0.25.7 (/opt/ros/humble/share/tf2_geometry_msgs/cmake)
[3.870s] -- Found tf2_kdl: 0.25.7 (/opt/ros/humble/share/tf2_kdl/cmake)
[3.939s] -- Found Boost: /usr/lib/x86_64-linux-gnu/cmake/Boost-1.74.0/BoostConfig.cmake (found version "1.74.0") found components: chrono date_time filesystem iostreams program_options regex serialization system thread 
[3.940s] --  *** Building MoveIt 2.5.5-Alpha ***
[3.949s] -- Performing Test COMPILER_HAS_HIDDEN_VISIBILITY
[4.118s] -- Performing Test COMPILER_HAS_HIDDEN_VISIBILITY - Success
[4.119s] -- Performing Test COMPILER_HAS_HIDDEN_INLINE_VISIBILITY
[4.282s] -- Performing Test COMPILER_HAS_HIDDEN_INLINE_VISIBILITY - Success
[4.283s] -- Performing Test COMPILER_HAS_DEPRECATED_ATTR
[4.474s] -- Performing Test COMPILER_HAS_DEPRECATED_ATTR - Success
[4.481s] -- Found ament_cmake_gtest: 1.3.9 (/opt/ros/humble/share/ament_cmake_gtest/cmake)
[4.486s] -- Found gtest sources under '/opt/ros/humble/src/gtest_vendor': C++ tests using 'Google Test' will be built
[4.562s] -- The C compiler identification is GNU 11.4.0
[4.573s] -- Detecting C compiler ABI info
[4.717s] -- Detecting C compiler ABI info - done
[4.727s] -- Check for working C compiler: /usr/bin/cc - skipped
[4.727s] -- Detecting C compile features
[4.728s] -- Detecting C compile features - done
[4.753s] -- Found ament_cmake_gmock: 1.3.9 (/opt/ros/humble/share/ament_cmake_gmock/cmake)
[4.762s] -- Found gmock sources under '/opt/ros/humble/src/gmock_vendor': C++ tests using 'Google Mock' will be built
[4.771s] -- Found ament_cmake_gtest: 1.3.9 (/opt/ros/humble/share/ament_cmake_gtest/cmake)
[4.772s] -- Found gtest sources under '/opt/ros/humble/src/gtest_vendor': C++ tests using 'Google Test' will be built
[4.783s] -- Found ament_cmake_gtest: 1.3.9 (/opt/ros/humble/share/ament_cmake_gtest/cmake)
[4.784s] -- Found gtest sources under '/opt/ros/humble/src/gtest_vendor': C++ tests using 'Google Test' will be built
[4.809s] -- Found ament_cmake_gtest: 1.3.9 (/opt/ros/humble/share/ament_cmake_gtest/cmake)
[4.810s] -- Found gtest sources under '/opt/ros/humble/src/gtest_vendor': C++ tests using 'Google Test' will be built
[4.826s] -- Found ament_lint_auto: 0.12.11 (/opt/ros/humble/share/ament_lint_auto/cmake)
[4.827s] -- Found ament_cmake_gtest: 1.3.9 (/opt/ros/humble/share/ament_cmake_gtest/cmake)
[4.828s] -- Found gtest sources under '/opt/ros/humble/src/gtest_vendor': C++ tests using 'Google Test' will be built
[4.845s] -- Found ament_cmake_gtest: 1.3.9 (/opt/ros/humble/share/ament_cmake_gtest/cmake)
[4.846s] -- Found gtest sources under '/opt/ros/humble/src/gtest_vendor': C++ tests using 'Google Test' will be built
[4.864s] -- Found ament_cmake_gtest: 1.3.9 (/opt/ros/humble/share/ament_cmake_gtest/cmake)
[4.865s] -- Found gtest sources under '/opt/ros/humble/src/gtest_vendor': C++ tests using 'Google Test' will be built
[4.877s] -- Found ament_cmake_gtest: 1.3.9 (/opt/ros/humble/share/ament_cmake_gtest/cmake)
[4.878s] -- Found gtest sources under '/opt/ros/humble/src/gtest_vendor': C++ tests using 'Google Test' will be built
[4.892s] -- Found gtest sources under '/opt/ros/humble/src/gtest_vendor': C++ tests using 'Google Test' will be built
[4.903s] -- Found gtest sources under '/opt/ros/humble/src/gtest_vendor': C++ tests using 'Google Test' will be built
[4.916s] -- Found ament_cmake_gtest: 1.3.9 (/opt/ros/humble/share/ament_cmake_gtest/cmake)
[4.917s] -- Found gtest sources under '/opt/ros/humble/src/gtest_vendor': C++ tests using 'Google Test' will be built
[4.939s] -- Found gtest sources under '/opt/ros/humble/src/gtest_vendor': C++ tests using 'Google Test' will be built
[4.957s] -- Found gtest sources under '/opt/ros/humble/src/gtest_vendor': C++ tests using 'Google Test' will be built
[4.975s] -- Found gtest sources under '/opt/ros/humble/src/gtest_vendor': C++ tests using 'Google Test' will be built
[4.983s] -- Found ament_lint_auto: 0.12.11 (/opt/ros/humble/share/ament_lint_auto/cmake)
[5.044s] -- Added test 'cppcheck' to perform static code analysis on C / C++ code
[5.065s] -- Configured cppcheck include dirs: /home/thisum/my_ws/src/moveit2/moveit_core/exceptions/include;/home/thisum/my_ws/src/moveit2/moveit_core/collision_detection/include;/home/thisum/my_ws/src/moveit2/moveit_core/collision_detection_fcl/include;/home/thisum/my_ws/src/moveit2/moveit_core/collision_detection_bullet/include;/home/thisum/my_ws/src/moveit2/moveit_core/constraint_samplers/include;/home/thisum/my_ws/src/moveit2/moveit_core/controller_manager/include;/home/thisum/my_ws/src/moveit2/moveit_core/distance_field/include;/home/thisum/my_ws/src/moveit2/moveit_core/collision_distance_field/include;/home/thisum/my_ws/src/moveit2/moveit_core/dynamics_solver/include;/home/thisum/my_ws/src/moveit2/moveit_core/kinematics_base/include;/home/thisum/my_ws/src/moveit2/moveit_core/kinematics_metrics/include;/home/thisum/my_ws/src/moveit2/moveit_core/robot_model/include;/home/thisum/my_ws/src/moveit2/moveit_core/transforms/include;/home/thisum/my_ws/src/moveit2/moveit_core/robot_state/include;/home/thisum/my_ws/src/moveit2/moveit_core/robot_trajectory/include;/home/thisum/my_ws/src/moveit2/moveit_core/kinematic_constraints/include;/home/thisum/my_ws/src/moveit2/moveit_core/macros/include;/home/thisum/my_ws/src/moveit2/moveit_core/online_signal_smoothing/include;/home/thisum/my_ws/src/moveit2/moveit_core/planning_interface/include;/home/thisum/my_ws/src/moveit2/moveit_core/planning_request_adapter/include;/home/thisum/my_ws/src/moveit2/moveit_core/planning_scene/include;/home/thisum/my_ws/src/moveit2/moveit_core/sensor_manager/include;/home/thisum/my_ws/src/moveit2/moveit_core/trajectory_processing/include;/home/thisum/my_ws/src/moveit2/moveit_core/utils/include
[5.066s] -- Configured cppcheck exclude dirs and/or files: 
[5.066s] -- Added test 'pep257' to check Python code against some of the docstring style conventions in PEP 257
[5.066s] -- Added test 'xmllint' to check XML markup files
[5.081s] -- Configuring done
[6.199s] -- Generating done
[6.221s] -- Build files have been written to: /home/thisum/my_ws/build/moveit_core
[6.276s] Invoked command in '/home/thisum/my_ws/build/moveit_core' returned '0': AMENT_PREFIX_PATH=/home/thisum/my_ws/install/moveit_resources_panda_moveit_config:/home/thisum/my_ws/install/srdfdom:/home/thisum/my_ws/install/moveit_resources_pr2_description:/home/thisum/my_ws/install/moveit_resources_panda_description:/home/thisum/my_ws/install/moveit_common:${AMENT_PREFIX_PATH} CMAKE_PREFIX_PATH=/home/thisum/my_ws/install/moveit_resources_panda_moveit_config:/home/thisum/my_ws/install/srdfdom:/home/thisum/my_ws/install/moveit_resources_pr2_description:/home/thisum/my_ws/install/moveit_resources_panda_description:/home/thisum/my_ws/install/moveit_common:/opt/ros/humble LD_LIBRARY_PATH=/home/thisum/my_ws/install/srdfdom/lib:${LD_LIBRARY_PATH} PYTHONPATH=/home/thisum/my_ws/install/srdfdom/local/lib/python3.10/dist-packages:${PYTHONPATH} /usr/bin/cmake /home/thisum/my_ws/src/moveit2/moveit_core -DCMAKE_BUILD_TYPE=Release -DCMAKE_INSTALL_PREFIX=/home/thisum/my_ws/install/moveit_core
[6.279s] Invoking command in '/home/thisum/my_ws/build/moveit_core': AMENT_PREFIX_PATH=/home/thisum/my_ws/install/moveit_resources_panda_moveit_config:/home/thisum/my_ws/install/srdfdom:/home/thisum/my_ws/install/moveit_resources_pr2_description:/home/thisum/my_ws/install/moveit_resources_panda_description:/home/thisum/my_ws/install/moveit_common:${AMENT_PREFIX_PATH} CMAKE_PREFIX_PATH=/home/thisum/my_ws/install/moveit_resources_panda_moveit_config:/home/thisum/my_ws/install/srdfdom:/home/thisum/my_ws/install/moveit_resources_pr2_description:/home/thisum/my_ws/install/moveit_resources_panda_description:/home/thisum/my_ws/install/moveit_common:/opt/ros/humble LD_LIBRARY_PATH=/home/thisum/my_ws/install/srdfdom/lib:${LD_LIBRARY_PATH} PYTHONPATH=/home/thisum/my_ws/install/srdfdom/local/lib/python3.10/dist-packages:${PYTHONPATH} /usr/bin/cmake --build /home/thisum/my_ws/build/moveit_core -- -j6 -l6
[6.380s] [  0%] [32mBuilding CXX object kinematics_base/CMakeFiles/moveit_kinematics_base.dir/src/kinematics_base.cpp.o[0m
[6.380s] [  0%] [32mBuilding CXX object transforms/CMakeFiles/moveit_transforms.dir/src/transforms.cpp.o[0m
[6.398s] [  1%] [32mBuilding CXX object exceptions/CMakeFiles/moveit_exceptions.dir/src/exceptions.cpp.o[0m
[6.398s] [  1%] [32mBuilding CXX object utils/CMakeFiles/moveit_utils.dir/src/lexical_casts.cpp.o[0m
[6.399s] [  1%] [32mBuilding CXX object gtest/CMakeFiles/gtest.dir/src/gtest-all.cc.o[0m
[6.399s] [  2%] [32mBuilding CXX object distance_field/CMakeFiles/moveit_distance_field.dir/src/distance_field.cpp.o[0m
[7.049s] [  2%] [32mBuilding CXX object utils/CMakeFiles/moveit_utils.dir/src/message_checks.cpp.o[0m
[7.257s] [  3%] [32m[1mLinking CXX shared library libmoveit_exceptions.so[0m
[7.477s] [  3%] Built target moveit_exceptions
[7.520s] [  4%] [32mBuilding CXX object gtest/CMakeFiles/gtest_main.dir/src/gtest_main.cc.o[0m
[8.415s] [  5%] [32mBuilding CXX object utils/CMakeFiles/moveit_utils.dir/src/rclcpp_utils.cpp.o[0m
[8.778s] [  5%] [32m[1mLinking CXX static library libgtest_main.a[0m
[8.878s] [  5%] Built target gtest_main
[8.925s] [  5%] [32mBuilding CXX object gmock/CMakeFiles/gmock.dir/opt/ros/humble/src/gtest_vendor/src/gtest-all.cc.o[0m
[9.111s] [  5%] [32m[1mLinking CXX shared library libmoveit_utils.so[0m
[10.433s] [  5%] Built target moveit_utils
[10.470s] [  5%] [32mBuilding CXX object gmock/CMakeFiles/gmock_main.dir/src/gmock_main.cc.o[0m
[13.642s] [  6%] [32m[1mLinking CXX static library libgmock_main.a[0m
[13.768s] [  6%] Built target gmock_main
[13.816s] [  6%] [32mBuilding CXX object online_signal_smoothing/CMakeFiles/moveit_smoothing_base.dir/src/smoothing_base_class.cpp.o[0m
[14.292s] [  7%] [32m[1mLinking CXX shared library libmoveit_kinematics_base.so[0m
[15.622s] [  7%] Built target moveit_kinematics_base
[15.658s] [  8%] [34m[1mRunning `/opt/ros/humble/bin/generate_parameter_library_cpp /home/thisum/my_ws/build/moveit_core/online_signal_smoothing/moveit_butterworth_parameters/include//moveit_butterworth_parameters.hpp /home/thisum/my_ws/src/moveit2/moveit_core/online_signal_smoothing/src/butterworth_parameters.yaml `[0m
[15.919s] [  8%] Built target moveit_butterworth_parameters
[15.952s] [  9%] [32mBuilding CXX object version/CMakeFiles/moveit_version.dir/version.cpp.o[0m
[16.060s] [ 10%] [32m[1mLinking CXX executable moveit_version[0m
[16.217s] [ 11%] [32m[1mLinking CXX static library libgtest.a[0m
[16.282s] [ 11%] Built target moveit_version
[16.343s] [ 11%] Built target gtest
[16.357s] [ 11%] [32mBuilding CXX object robot_model/CMakeFiles/moveit_robot_model.dir/src/fixed_joint_model.cpp.o[0m
[16.382s] [ 12%] [32mBuilding CXX object robot_model/CMakeFiles/moveit_robot_model.dir/src/aabb.cpp.o[0m
[16.899s] [ 13%] [32m[1mLinking CXX shared library libmoveit_transforms.so[0m
[17.169s] [ 13%] Built target moveit_transforms
[17.202s] [ 13%] [32mBuilding CXX object transforms/CMakeFiles/test_transforms.dir/test/test_transforms.cpp.o[0m
[17.336s] [ 13%] [32mBuilding CXX object distance_field/CMakeFiles/moveit_distance_field.dir/src/find_internal_points.cpp.o[0m
[17.860s] [ 14%] [32m[1mLinking CXX shared library libmoveit_smoothing_base.so[0m
[18.051s] [ 14%] Built target moveit_smoothing_base
[18.064s] [ 15%] [32mBuilding CXX object distance_field/CMakeFiles/moveit_distance_field.dir/src/propagation_distance_field.cpp.o[0m
[19.173s] [ 16%] [32mBuilding CXX object robot_model/CMakeFiles/moveit_robot_model.dir/src/floating_joint_model.cpp.o[0m
[19.259s] [ 17%] [32mBuilding CXX object robot_model/CMakeFiles/moveit_robot_model.dir/src/joint_model.cpp.o[0m
[19.385s] [ 18%] [32mBuilding CXX object gmock/CMakeFiles/gmock.dir/src/gmock-all.cc.o[0m
[19.609s] [ 18%] [32mBuilding CXX object robot_model/CMakeFiles/moveit_robot_model.dir/src/joint_model_group.cpp.o[0m
[21.209s] [ 19%] [32m[1mLinking CXX executable test_transforms[0m
[21.493s] [ 19%] Built target test_transforms
[21.513s] [ 20%] [32mBuilding CXX object robot_model/CMakeFiles/moveit_robot_model.dir/src/link_model.cpp.o[0m
[22.847s] [ 20%] [32mBuilding CXX object robot_model/CMakeFiles/moveit_robot_model.dir/src/planar_joint_model.cpp.o[0m
[23.477s] [ 21%] [32m[1mLinking CXX static library libgmock.a[0m
[23.592s] [ 21%] Built target gmock
[23.611s] [ 22%] [32mBuilding CXX object robot_model/CMakeFiles/moveit_robot_model.dir/src/prismatic_joint_model.cpp.o[0m
[23.935s] [ 23%] [32mBuilding CXX object robot_model/CMakeFiles/moveit_robot_model.dir/src/revolute_joint_model.cpp.o[0m
[26.319s] [ 23%] [32mBuilding CXX object robot_model/CMakeFiles/moveit_robot_model.dir/src/robot_model.cpp.o[0m
[28.917s] [ 23%] [32m[1mLinking CXX shared library libmoveit_distance_field.so[0m
[29.136s] [ 23%] Built target moveit_distance_field
[29.177s] [ 24%] [32mBuilding CXX object distance_field/CMakeFiles/test_voxel_grid.dir/test/test_voxel_grid.cpp.o[0m
[29.195s] [ 24%] [32mBuilding CXX object distance_field/CMakeFiles/test_distance_field.dir/test/test_distance_field.cpp.o[0m
[34.742s] [ 24%] [32m[1mLinking CXX executable test_voxel_grid[0m
[34.942s] [ 24%] Built target test_voxel_grid
[37.295s] [ 25%] [32m[1mLinking CXX shared library libmoveit_robot_model.so[0m
[37.568s] [ 25%] Built target moveit_robot_model
[37.615s] [ 25%] [32mBuilding CXX object robot_state/CMakeFiles/moveit_robot_state.dir/src/attached_body.cpp.o[0m
[37.615s] [ 26%] [32mBuilding CXX object robot_state/CMakeFiles/moveit_robot_state.dir/src/robot_state.cpp.o[0m
[37.618s] [ 27%] [32mBuilding CXX object robot_state/CMakeFiles/moveit_robot_state.dir/src/conversions.cpp.o[0m
[37.623s] [ 28%] [32mBuilding CXX object utils/CMakeFiles/moveit_test_utils.dir/src/robot_model_test_utils.cpp.o[0m
[37.628s] [ 29%] [32mBuilding CXX object online_signal_smoothing/CMakeFiles/moveit_butterworth_filter.dir/src/butterworth_filter.cpp.o[0m
[41.472s] [ 30%] [32m[1mLinking CXX executable test_distance_field[0m
[41.845s] [ 30%] Built target test_distance_field
[41.866s] [ 30%] [32mBuilding CXX object robot_state/CMakeFiles/moveit_robot_state.dir/src/cartesian_interpolator.cpp.o[0m
[47.041s] [ 30%] [32m[1mLinking CXX shared library libmoveit_butterworth_filter.so[0m
[47.413s] [ 30%] Built target moveit_butterworth_filter
[47.460s] [ 30%] [32mBuilding CXX object online_signal_smoothing/CMakeFiles/test_butterworth_filter.dir/test/test_butterworth_filter.cpp.o[0m
[51.206s] [ 30%] [32m[1mLinking CXX shared library libmoveit_test_utils.so[0m
[51.500s] [ 30%] Built target moveit_test_utils
[51.539s] [ 31%] [32mBuilding CXX object robot_model/CMakeFiles/test_robot_model.dir/test/test.cpp.o[0m
[56.520s] [ 32%] [32m[1mLinking CXX executable test_butterworth_filter[0m
[56.763s] [ 32%] Built target test_butterworth_filter
[58.510s] [ 32%] [32m[1mLinking CXX executable test_robot_model[0m
[58.863s] [ 32%] Built target test_robot_model
[66.492s] [ 33%] [32m[1mLinking CXX shared library libmoveit_robot_state.so[0m
[66.792s] [ 33%] Built target moveit_robot_state
[66.836s] [ 33%] [32mBuilding CXX object robot_state/CMakeFiles/test_robot_state_benchmark.dir/test/robot_state_benchmark.cpp.o[0m
[66.836s] [ 33%] [32mBuilding CXX object robot_trajectory/CMakeFiles/moveit_robot_trajectory.dir/src/robot_trajectory.cpp.o[0m
[66.836s] [ 34%] [32mBuilding CXX object collision_detection/CMakeFiles/moveit_collision_detection.dir/src/allvalid/collision_env_allvalid.cpp.o[0m
[66.838s] [ 35%] [32mBuilding CXX object dynamics_solver/CMakeFiles/moveit_dynamics_solver.dir/src/dynamics_solver.cpp.o[0m
[66.840s] [ 35%] [32mBuilding CXX object kinematics_metrics/CMakeFiles/moveit_kinematics_metrics.dir/src/kinematics_metrics.cpp.o[0m
[66.841s] [ 36%] [32mBuilding CXX object robot_state/CMakeFiles/test_robot_state.dir/test/robot_state_test.cpp.o[0m
[75.072s] [ 37%] [32m[1mLinking CXX shared library libmoveit_dynamics_solver.so[0m
[75.127s] [ 37%] [32mBuilding CXX object collision_detection/CMakeFiles/moveit_collision_detection.dir/src/collision_common.cpp.o[0m
[75.459s] [ 37%] Built target moveit_dynamics_solver
[76.341s] [ 37%] [32mBuilding CXX object robot_state/CMakeFiles/test_robot_state_complex.dir/test/test_kinematic_complex.cpp.o[0m
[76.518s] [ 38%] [32m[1mLinking CXX executable test_robot_state_benchmark[0m
[76.949s] [ 38%] Built target test_robot_state_benchmark
[76.987s] [ 38%] [32mBuilding CXX object robot_state/CMakeFiles/test_aabb.dir/test/test_aabb.cpp.o[0m
[78.937s] [ 39%] [32m[1mLinking CXX shared library libmoveit_robot_trajectory.so[0m
[79.232s] [ 39%] Built target moveit_robot_trajectory
[79.279s] [ 39%] [32mBuilding CXX object robot_state/CMakeFiles/test_cartesian_interpolator.dir/test/test_cartesian_interpolator.cpp.o[0m
[80.377s] [ 40%] [32m[1mLinking CXX executable test_robot_state[0m
[80.820s] [ 40%] Built target test_robot_state
[80.852s] [ 41%] [32mBuilding CXX object robot_trajectory/CMakeFiles/test_robot_trajectory.dir/test/test_robot_trajectory.cpp.o[0m
[81.868s] [ 42%] [32mBuilding CXX object collision_detection/CMakeFiles/moveit_collision_detection.dir/src/collision_matrix.cpp.o[0m
[88.808s] [ 43%] [32m[1mLinking CXX executable test_robot_state_complex[0m
[88.864s] [ 44%] [32m[1mLinking CXX executable test_cartesian_interpolator[0m
[89.179s] [ 45%] [32m[1mLinking CXX executable test_aabb[0m
[89.303s] [ 45%] Built target test_robot_state_complex
[89.347s] [ 45%] Built target test_cartesian_interpolator
[89.640s] [ 45%] Built target test_aabb
[91.036s] [ 45%] [32mBuilding CXX object collision_detection/CMakeFiles/moveit_collision_detection.dir/src/collision_octomap_filter.cpp.o[0m
[92.698s] [ 46%] [32m[1mLinking CXX shared library libmoveit_kinematics_metrics.so[0m
[92.958s] [ 46%] Built target moveit_kinematics_metrics
[93.396s] [ 46%] [32m[1mLinking CXX executable test_robot_trajectory[0m
[93.732s] [ 46%] Built target test_robot_trajectory
[97.255s] [ 46%] [32mBuilding CXX object collision_detection/CMakeFiles/moveit_collision_detection.dir/src/world_diff.cpp.o[0m
[99.816s] [ 47%] [32mBuilding CXX object collision_detection/CMakeFiles/moveit_collision_detection.dir/src/collision_env.cpp.o[0m
[106.654s] [ 47%] [32mBuilding CXX object collision_detection/CMakeFiles/moveit_collision_detection.dir/src/collision_plugin_cache.cpp.o[0m
[106.655s] [ 48%] [32mBuilding CXX object collision_detection/CMakeFiles/moveit_collision_detection.dir/src/world.cpp.o[0m
[106.657s] [ 49%] [32mBuilding CXX object collision_detection/CMakeFiles/moveit_collision_detection.dir/src/collision_tools.cpp.o[0m
[121.155s] [ 50%] [32m[1mLinking CXX shared library libmoveit_collision_detection.so[0m
[121.449s] [ 50%] Built target moveit_collision_detection
[121.490s] [ 51%] [32mBuilding CXX object planning_interface/CMakeFiles/moveit_planning_interface.dir/src/planning_interface.cpp.o[0m
[121.490s] [ 52%] [32mBuilding CXX object collision_detection/CMakeFiles/test_world.dir/test/test_world.cpp.o[0m
[121.491s] [ 53%] [32mBuilding CXX object collision_detection/CMakeFiles/test_world_diff.dir/test/test_world_diff.cpp.o[0m
[121.493s] [ 54%] [32mBuilding CXX object collision_detection_fcl/CMakeFiles/moveit_collision_detection_fcl.dir/src/collision_common.cpp.o[0m
[121.493s] [ 54%] [32mBuilding CXX object trajectory_processing/CMakeFiles/moveit_trajectory_processing.dir/src/iterative_time_parameterization.cpp.o[0m
[123.607s] [ 54%] [32mBuilding CXX object collision_detection/CMakeFiles/test_all_valid.dir/test/test_all_valid.cpp.o[0m
[127.563s] [ 55%] [32m[1mLinking CXX executable test_world_diff[0m
[127.917s] [ 55%] Built target test_world_diff
[127.980s] [ 56%] [32mBuilding CXX object collision_detection_bullet/CMakeFiles/moveit_collision_detection_bullet.dir/src/bullet_integration/bullet_utils.cpp.o[0m
[129.175s] [ 56%] [32m[1mLinking CXX executable test_world[0m
[129.587s] [ 56%] Built target test_world
[129.952s] [ 56%] [32mBuilding CXX object collision_detection_bullet/CMakeFiles/moveit_collision_detection_bullet.dir/src/bullet_integration/bullet_discrete_bvh_manager.cpp.o[0m
[132.311s] [ 56%] [32mBuilding CXX object trajectory_processing/CMakeFiles/moveit_trajectory_processing.dir/src/iterative_spline_parameterization.cpp.o[0m
[132.468s] [ 57%] [32m[1mLinking CXX executable test_all_valid[0m
[132.839s] [ 57%] Built target test_all_valid
[132.852s] [ 58%] [32mBuilding CXX object trajectory_processing/CMakeFiles/moveit_trajectory_processing.dir/src/ruckig_traj_smoothing.cpp.o[0m
[133.239s] [ 58%] [32mBuilding CXX object planning_interface/CMakeFiles/moveit_planning_interface.dir/src/planning_response.cpp.o[0m
[133.658s] [ 59%] [32mBuilding CXX object collision_detection_fcl/CMakeFiles/moveit_collision_detection_fcl.dir/src/collision_env_fcl.cpp.o[0m
[137.117s] [ 60%] [32mBuilding CXX object collision_detection_bullet/CMakeFiles/moveit_collision_detection_bullet.dir/src/bullet_integration/bullet_cast_bvh_manager.cpp.o[0m
[139.255s] [ 60%] [32mBuilding CXX object collision_detection_bullet/CMakeFiles/moveit_collision_detection_bullet.dir/src/collision_env_bullet.cpp.o[0m
[142.202s] [ 61%] [32m[1mLinking CXX shared library libmoveit_planning_interface.so[0m
[142.653s] [ 62%] [32mBuilding CXX object trajectory_processing/CMakeFiles/moveit_trajectory_processing.dir/src/trajectory_tools.cpp.o[0m
[142.668s] [ 62%] Built target moveit_planning_interface
[142.684s] [ 62%] [32mBuilding CXX object trajectory_processing/CMakeFiles/moveit_trajectory_processing.dir/src/time_optimal_trajectory_generation.cpp.o[0m
[143.932s] [ 63%] [32mBuilding CXX object collision_detection_bullet/CMakeFiles/moveit_collision_detection_bullet.dir/src/bullet_integration/bullet_bvh_manager.cpp.o[0m
[143.983s] [ 64%] [32m[1mLinking CXX shared library libmoveit_collision_detection_fcl.so[0m
[144.597s] [ 64%] Built target moveit_collision_detection_fcl
[144.633s] [ 64%] [32mBuilding CXX object kinematic_constraints/CMakeFiles/moveit_kinematic_constraints.dir/src/kinematic_constraint.cpp.o[0m
[144.954s] [ 65%] [32mBuilding CXX object collision_detection_bullet/CMakeFiles/moveit_collision_detection_bullet.dir/src/bullet_integration/contact_checker_common.cpp.o[0m
[145.410s] [ 66%] [32mBuilding CXX object kinematic_constraints/CMakeFiles/moveit_kinematic_constraints.dir/src/utils.cpp.o[0m
[149.416s] [ 66%] [32mBuilding CXX object collision_detection_bullet/CMakeFiles/moveit_collision_detection_bullet.dir/src/bullet_integration/ros_bullet_utils.cpp.o[0m
[151.196s] [ 67%] [32mBuilding CXX object collision_detection_fcl/CMakeFiles/test_fcl_collision_env.dir/test/test_fcl_env.cpp.o[0m
[151.718s] [ 68%] [32mBuilding CXX object collision_detection_fcl/CMakeFiles/test_fcl_collision_detection.dir/test/test_fcl_collision_detection_pr2.cpp.o[0m
[154.260s] [ 69%] [32m[1mLinking CXX shared library libmoveit_trajectory_processing.so[0m
[154.522s] [ 69%] Built target moveit_trajectory_processing
[154.561s] [ 70%] [32mBuilding CXX object collision_detection_fcl/CMakeFiles/test_fcl_collision_detection_panda.dir/test/test_fcl_collision_detection_panda.cpp.o[0m
[156.999s] [ 71%] [32m[1mLinking CXX shared library libmoveit_collision_detection_bullet.so[0m
[157.365s] [ 71%] Built target moveit_collision_detection_bullet
[157.402s] [ 71%] [32mBuilding CXX object trajectory_processing/CMakeFiles/test_time_parameterization.dir/test/test_time_parameterization.cpp.o[0m
[160.373s] [ 72%] [32mBuilding CXX object trajectory_processing/CMakeFiles/test_time_optimal_trajectory_generation.dir/test/test_time_optimal_trajectory_generation.cpp.o[0m
[163.414s] [ 73%] [32m[1mLinking CXX executable test_fcl_collision_env[0m
[163.834s] [ 74%] [32m[1mLinking CXX shared library libmoveit_kinematic_constraints.so[0m
[163.970s] [ 74%] Built target test_fcl_collision_env
[164.010s] [ 75%] [32mBuilding CXX object trajectory_processing/CMakeFiles/test_ruckig_traj_smoothing.dir/test/test_ruckig_traj_smoothing.cpp.o[0m
[164.173s] [ 75%] Built target moveit_kinematic_constraints
[164.214s] [ 76%] [32mBuilding CXX object collision_detection_bullet/CMakeFiles/test_bullet_collision_detection.dir/test/test_bullet_collision_detection_pr2.cpp.o[0m
[166.395s] [ 76%] [32m[1mLinking CXX executable test_fcl_collision_detection[0m
[166.893s] [ 76%] Built target test_fcl_collision_detection
[167.029s] [ 77%] [32mBuilding CXX object collision_detection_bullet/CMakeFiles/test_bullet_collision_detection_panda.dir/test/test_bullet_collision_detection_panda.cpp.o[0m
[168.106s] [ 77%] [32m[1mLinking CXX executable test_fcl_collision_detection_panda[0m
[168.285s] [ 78%] [32m[1mLinking CXX executable test_time_parameterization[0m
[168.665s] [ 78%] Built target test_fcl_collision_detection_panda
[168.713s] [ 79%] [32mBuilding CXX object collision_detection_bullet/CMakeFiles/test_bullet_continuous_collision_checking.dir/test/test_bullet_continuous_collision_checking.cpp.o[0m
[168.748s] [ 79%] Built target test_time_parameterization
[168.782s] [ 80%] [32mBuilding CXX object planning_scene/CMakeFiles/moveit_planning_scene.dir/src/planning_scene.cpp.o[0m
[173.062s] [ 81%] [32m[1mLinking CXX executable test_time_optimal_trajectory_generation[0m
[173.519s] [ 81%] Built target test_time_optimal_trajectory_generation
[175.076s] [ 81%] [32m[1mLinking CXX executable test_ruckig_traj_smoothing[0m
[175.578s] [ 81%] Built target test_ruckig_traj_smoothing
[177.962s] [ 81%] [32m[1mLinking CXX executable test_bullet_collision_detection[0m
[178.330s] [ 81%] [32m[1mLinking CXX executable test_bullet_collision_detection_panda[0m
[178.498s] [ 81%] Built target test_bullet_collision_detection
[178.785s] [ 81%] Built target test_bullet_collision_detection_panda
[182.797s] [ 82%] [32m[1mLinking CXX executable test_bullet_continuous_collision_checking[0m
[183.182s] [ 82%] Built target test_bullet_continuous_collision_checking
[191.738s] [ 82%] [32m[1mLinking CXX shared library libmoveit_planning_scene.so[0m
[192.019s] [ 82%] Built target moveit_planning_scene
[192.064s] [ 82%] [32mBuilding CXX object kinematic_constraints/CMakeFiles/test_orientation_constraints.dir/test/test_orientation_constraints.cpp.o[0m
[193.087s] [ 83%] [32mBuilding CXX object planning_scene/CMakeFiles/test_planning_scene.dir/test/test_planning_scene.cpp.o[0m
[194.346s] [ 83%] [32mBuilding CXX object planning_request_adapter/CMakeFiles/moveit_planning_request_adapter.dir/src/planning_request_adapter.cpp.o[0m
[203.179s] [ 83%] [32mBuilding CXX object constraint_samplers/CMakeFiles/moveit_constraint_samplers.dir/src/constraint_sampler.cpp.o[0m
[203.183s] [ 83%] [32mBuilding CXX object collision_distance_field/CMakeFiles/moveit_collision_distance_field.dir/src/collision_distance_field_types.cpp.o[0m
[203.185s] [ 83%] [32mBuilding CXX object kinematic_constraints/CMakeFiles/test_constraints.dir/test/test_constraints.cpp.o[0m
[203.230s] [ 84%] [32m[1mLinking CXX shared library libmoveit_planning_request_adapter.so[0m
[203.569s] [ 84%] Built target moveit_planning_request_adapter
[203.602s] [ 85%] [32mBuilding CXX object planning_scene/CMakeFiles/test_collision_objects.dir/test/test_collision_objects.cpp.o[0m
[204.634s] [ 86%] [32m[1mLinking CXX executable test_orientation_constraints[0m
[205.126s] [ 86%] Built target test_orientation_constraints
[205.178s] [ 86%] [32mBuilding CXX object planning_scene/CMakeFiles/test_multi_threaded.dir/test/test_multi_threaded.cpp.o[0m
[210.796s] [ 86%] [32m[1mLinking CXX executable test_planning_scene[0m
[211.321s] [ 86%] Built target test_planning_scene
[211.359s] [ 86%] [32mBuilding CXX object collision_detection_bullet/CMakeFiles/collision_detector_bullet_plugin.dir/src/collision_detector_bullet_plugin_loader.cpp.o[0m
[212.462s] [ 87%] [32mBuilding CXX object collision_distance_field/CMakeFiles/moveit_collision_distance_field.dir/src/collision_common_distance_field.cpp.o[0m
[212.829s] [ 88%] [32mBuilding CXX object constraint_samplers/CMakeFiles/moveit_constraint_samplers.dir/src/constraint_sampler_manager.cpp.o[0m
[216.728s] [ 89%] [32m[1mLinking CXX executable test_multi_threaded[0m
[217.250s] [ 89%] Built target test_multi_threaded
[217.332s] [ 89%] [32mBuilding CXX object collision_detection_fcl/CMakeFiles/collision_detector_fcl_plugin.dir/src/collision_detector_fcl_plugin_loader.cpp.o[0m
[218.752s] [ 89%] [32m[1mLinking CXX executable test_collision_objects[0m
[219.062s] [ 90%] [32m[1mLinking CXX executable test_constraints[0m
[219.190s] [ 90%] Built target test_collision_objects
[219.207s] [ 90%] [32mBuilding CXX object constraint_samplers/CMakeFiles/moveit_constraint_samplers.dir/src/constraint_sampler_tools.cpp.o[0m
[219.661s] [ 90%] Built target test_constraints
[219.675s] [ 91%] [32mBuilding CXX object constraint_samplers/CMakeFiles/moveit_constraint_samplers.dir/src/default_constraint_samplers.cpp.o[0m
[222.334s] [ 92%] [32m[1mLinking CXX shared library libcollision_detector_bullet_plugin.so[0m
[222.740s] [ 92%] Built target collision_detector_bullet_plugin
[222.756s] [ 92%] [32mBuilding CXX object constraint_samplers/CMakeFiles/moveit_constraint_samplers.dir/src/union_constraint_sampler.cpp.o[0m
[224.713s] [ 92%] [32mBuilding CXX object collision_distance_field/CMakeFiles/moveit_collision_distance_field.dir/src/collision_env_distance_field.cpp.o[0m
[225.008s] [ 93%] [32mBuilding CXX object collision_distance_field/CMakeFiles/moveit_collision_distance_field.dir/src/collision_env_hybrid.cpp.o[0m
[229.481s] [ 94%] [32m[1mLinking CXX shared library libcollision_detector_fcl_plugin.so[0m
[229.923s] [ 94%] Built target collision_detector_fcl_plugin
[233.346s] [ 95%] [32m[1mLinking CXX shared library libmoveit_constraint_samplers.so[0m
[233.630s] [ 95%] Built target moveit_constraint_samplers
[241.553s] [ 96%] [32m[1mLinking CXX shared library libmoveit_collision_distance_field.so[0m
[241.826s] [ 96%] Built target moveit_collision_distance_field
[241.877s] [ 99%] [32mBuilding CXX object collision_distance_field/CMakeFiles/test_collision_distance_field.dir/test/test_collision_distance_field.cpp.o[0m
[241.877s] [ 99%] [32mBuilding CXX object constraint_samplers/CMakeFiles/test_constraint_samplers.dir/test/pr2_arm_kinematics_plugin.cpp.o[0m
[241.877s] [ 99%] [32mBuilding CXX object constraint_samplers/CMakeFiles/test_constraint_samplers.dir/test/pr2_arm_ik.cpp.o[0m
[241.877s] [ 99%] [32mBuilding CXX object constraint_samplers/CMakeFiles/test_constraint_samplers.dir/test/test_constraint_samplers.cpp.o[0m
[254.914s] [ 99%] [32m[1mLinking CXX executable test_collision_distance_field[0m
[255.291s] [ 99%] Built target test_collision_distance_field
[257.984s] [100%] [32m[1mLinking CXX executable test_constraint_samplers[0m
[258.384s] [100%] Built target test_constraint_samplers
[258.409s] Invoked command in '/home/thisum/my_ws/build/moveit_core' returned '0': AMENT_PREFIX_PATH=/home/thisum/my_ws/install/moveit_resources_panda_moveit_config:/home/thisum/my_ws/install/srdfdom:/home/thisum/my_ws/install/moveit_resources_pr2_description:/home/thisum/my_ws/install/moveit_resources_panda_description:/home/thisum/my_ws/install/moveit_common:${AMENT_PREFIX_PATH} CMAKE_PREFIX_PATH=/home/thisum/my_ws/install/moveit_resources_panda_moveit_config:/home/thisum/my_ws/install/srdfdom:/home/thisum/my_ws/install/moveit_resources_pr2_description:/home/thisum/my_ws/install/moveit_resources_panda_description:/home/thisum/my_ws/install/moveit_common:/opt/ros/humble LD_LIBRARY_PATH=/home/thisum/my_ws/install/srdfdom/lib:${LD_LIBRARY_PATH} PYTHONPATH=/home/thisum/my_ws/install/srdfdom/local/lib/python3.10/dist-packages:${PYTHONPATH} /usr/bin/cmake --build /home/thisum/my_ws/build/moveit_core -- -j6 -l6
[258.599s] Invoking command in '/home/thisum/my_ws/build/moveit_core': AMENT_PREFIX_PATH=/home/thisum/my_ws/install/moveit_resources_panda_moveit_config:/home/thisum/my_ws/install/srdfdom:/home/thisum/my_ws/install/moveit_resources_pr2_description:/home/thisum/my_ws/install/moveit_resources_panda_description:/home/thisum/my_ws/install/moveit_common:${AMENT_PREFIX_PATH} CMAKE_PREFIX_PATH=/home/thisum/my_ws/install/moveit_resources_panda_moveit_config:/home/thisum/my_ws/install/srdfdom:/home/thisum/my_ws/install/moveit_resources_pr2_description:/home/thisum/my_ws/install/moveit_resources_panda_description:/home/thisum/my_ws/install/moveit_common:/opt/ros/humble LD_LIBRARY_PATH=/home/thisum/my_ws/install/srdfdom/lib:${LD_LIBRARY_PATH} PYTHONPATH=/home/thisum/my_ws/install/srdfdom/local/lib/python3.10/dist-packages:${PYTHONPATH} /usr/bin/cmake --install /home/thisum/my_ws/build/moveit_core
[258.611s] -- Install configuration: "Release"
[258.611s] -- Installing: /home/thisum/my_ws/install/moveit_core/include/moveit/version.h
[258.612s] -- Up-to-date: /home/thisum/my_ws/install/moveit_core/include
[258.612s] -- Up-to-date: /home/thisum/my_ws/install/moveit_core/include/moveit
[258.613s] -- Installing: /home/thisum/my_ws/install/moveit_core/include/moveit/collision_distance_field
[258.613s] -- Installing: /home/thisum/my_ws/install/moveit_core/include/moveit/collision_distance_field/collision_detector_allocator_distance_field.h
[258.613s] -- Installing: /home/thisum/my_ws/install/moveit_core/include/moveit/collision_distance_field/collision_env_hybrid.h
[258.613s] -- Installing: /home/thisum/my_ws/install/moveit_core/include/moveit/collision_distance_field/collision_common_distance_field.h
[258.613s] -- Installing: /home/thisum/my_ws/install/moveit_core/include/moveit/collision_distance_field/collision_env_distance_field.h
[258.614s] -- Installing: /home/thisum/my_ws/install/moveit_core/include/moveit/collision_distance_field/collision_distance_field_types.h
[258.614s] -- Installing: /home/thisum/my_ws/install/moveit_core/include/moveit/collision_distance_field/collision_detector_allocator_hybrid.h
[258.614s] -- Installing: /home/thisum/my_ws/install/moveit_core/include/moveit_collision_distance_field_export.h
[258.615s] -- Up-to-date: /home/thisum/my_ws/install/moveit_core/include
[258.615s] -- Up-to-date: /home/thisum/my_ws/install/moveit_core/include/moveit
[258.615s] -- Installing: /home/thisum/my_ws/install/moveit_core/include/moveit/constraint_samplers
[258.615s] -- Installing: /home/thisum/my_ws/install/moveit_core/include/moveit/constraint_samplers/constraint_sampler_manager.h
[258.615s] -- Installing: /home/thisum/my_ws/install/moveit_core/include/moveit/constraint_samplers/constraint_sampler_allocator.h
[258.616s] -- Installing: /home/thisum/my_ws/install/moveit_core/include/moveit/constraint_samplers/default_constraint_samplers.h
[258.616s] -- Installing: /home/thisum/my_ws/install/moveit_core/include/moveit/constraint_samplers/constraint_sampler.h
[258.621s] -- Installing: /home/thisum/my_ws/install/moveit_core/include/moveit/constraint_samplers/union_constraint_sampler.h
[258.621s] -- Installing: /home/thisum/my_ws/install/moveit_core/include/moveit/constraint_samplers/constraint_sampler_tools.h
[258.621s] -- Up-to-date: /home/thisum/my_ws/install/moveit_core/include
[258.621s] -- Up-to-date: /home/thisum/my_ws/install/moveit_core/include/moveit
[258.621s] -- Installing: /home/thisum/my_ws/install/moveit_core/include/moveit/controller_manager
[258.621s] -- Installing: /home/thisum/my_ws/install/moveit_core/include/moveit/controller_manager/controller_manager.h
[258.621s] -- Up-to-date: /home/thisum/my_ws/install/moveit_core/include
[258.622s] -- Up-to-date: /home/thisum/my_ws/install/moveit_core/include/moveit
[258.622s] -- Installing: /home/thisum/my_ws/install/moveit_core/include/moveit/distance_field
[258.622s] -- Installing: /home/thisum/my_ws/install/moveit_core/include/moveit/distance_field/propagation_distance_field.h
[258.626s] -- Installing: /home/thisum/my_ws/install/moveit_core/include/moveit/distance_field/voxel_grid.h
[258.626s] -- Installing: /home/thisum/my_ws/install/moveit_core/include/moveit/distance_field/distance_field.h
[258.626s] -- Installing: /home/thisum/my_ws/install/moveit_core/include/moveit/distance_field/find_internal_points.h
[258.627s] -- Up-to-date: /home/thisum/my_ws/install/moveit_core/include
[258.627s] -- Up-to-date: /home/thisum/my_ws/install/moveit_core/include/moveit
[258.627s] -- Installing: /home/thisum/my_ws/install/moveit_core/include/moveit/dynamics_solver
[258.627s] -- Installing: /home/thisum/my_ws/install/moveit_core/include/moveit/dynamics_solver/dynamics_solver.h
[258.628s] -- Up-to-date: /home/thisum/my_ws/install/moveit_core/include
[258.628s] -- Up-to-date: /home/thisum/my_ws/install/moveit_core/include/moveit
[258.629s] -- Installing: /home/thisum/my_ws/install/moveit_core/include/moveit/exceptions
[258.629s] -- Installing: /home/thisum/my_ws/install/moveit_core/include/moveit/exceptions/exceptions.h
[258.629s] -- Up-to-date: /home/thisum/my_ws/install/moveit_core/include
[258.629s] -- Up-to-date: /home/thisum/my_ws/install/moveit_core/include/moveit
[258.630s] -- Installing: /home/thisum/my_ws/install/moveit_core/include/moveit/kinematics_base
[258.630s] -- Installing: /home/thisum/my_ws/install/moveit_core/include/moveit/kinematics_base/kinematics_base.h
[258.630s] -- Installing: /home/thisum/my_ws/install/moveit_core/include/moveit_kinematics_base_export.h
[258.631s] -- Up-to-date: /home/thisum/my_ws/install/moveit_core/include
[258.631s] -- Up-to-date: /home/thisum/my_ws/install/moveit_core/include/moveit
[258.631s] -- Installing: /home/thisum/my_ws/install/moveit_core/include/moveit/kinematic_constraints
[258.632s] -- Installing: /home/thisum/my_ws/install/moveit_core/include/moveit/kinematic_constraints/kinematic_constraint.h
[258.632s] -- Installing: /home/thisum/my_ws/install/moveit_core/include/moveit/kinematic_constraints/utils.h
[258.632s] -- Up-to-date: /home/thisum/my_ws/install/moveit_core/include
[258.632s] -- Up-to-date: /home/thisum/my_ws/install/moveit_core/include/moveit
[258.633s] -- Installing: /home/thisum/my_ws/install/moveit_core/include/moveit/kinematics_metrics
[258.633s] -- Installing: /home/thisum/my_ws/install/moveit_core/include/moveit/kinematics_metrics/kinematics_metrics.h
[258.633s] -- Up-to-date: /home/thisum/my_ws/install/moveit_core/include
[258.634s] -- Up-to-date: /home/thisum/my_ws/install/moveit_core/include/moveit
[258.634s] -- Installing: /home/thisum/my_ws/install/moveit_core/include/moveit/macros
[258.635s] -- Installing: /home/thisum/my_ws/install/moveit_core/include/moveit/macros/console_colors.h
[258.635s] -- Installing: /home/thisum/my_ws/install/moveit_core/include/moveit/macros/declare_ptr.h
[258.635s] -- Installing: /home/thisum/my_ws/install/moveit_core/include/moveit/macros/deprecation.h
[258.636s] -- Installing: /home/thisum/my_ws/install/moveit_core/include/moveit/macros/class_forward.h
[258.636s] -- Installing: /home/thisum/my_ws/install/moveit_core/include/moveit_butterworth_parameters
[258.636s] -- Installing: /home/thisum/my_ws/install/moveit_core/include/moveit_butterworth_parameters/moveit_butterworth_parameters.hpp
[258.636s] -- Up-to-date: /home/thisum/my_ws/install/moveit_core/include
[258.637s] -- Up-to-date: /home/thisum/my_ws/install/moveit_core/include/moveit
[258.637s] -- Installing: /home/thisum/my_ws/install/moveit_core/include/moveit/online_signal_smoothing
[258.637s] -- Installing: /home/thisum/my_ws/install/moveit_core/include/moveit/online_signal_smoothing/smoothing_base_class.h
[258.637s] -- Installing: /home/thisum/my_ws/install/moveit_core/include/moveit/online_signal_smoothing/butterworth_filter.h
[258.638s] -- Installing: /home/thisum/my_ws/install/moveit_core/include/moveit_smoothing_base_export.h
[258.638s] -- Installing: /home/thisum/my_ws/install/moveit_core/include/moveit_butterworth_filter_export.h
[258.638s] -- Up-to-date: /home/thisum/my_ws/install/moveit_core/include
[258.639s] -- Up-to-date: /home/thisum/my_ws/install/moveit_core/include/moveit
[258.639s] -- Installing: /home/thisum/my_ws/install/moveit_core/include/moveit/planning_interface
[258.639s] -- Installing: /home/thisum/my_ws/install/moveit_core/include/moveit/planning_interface/planning_interface.h
[258.639s] -- Installing: /home/thisum/my_ws/install/moveit_core/include/moveit/planning_interface/planning_request.h
[258.639s] -- Installing: /home/thisum/my_ws/install/moveit_core/include/moveit/planning_interface/planning_response.h
[258.639s] -- Up-to-date: /home/thisum/my_ws/install/moveit_core/include
[258.639s] -- Up-to-date: /home/thisum/my_ws/install/moveit_core/include/moveit
[258.640s] -- Installing: /home/thisum/my_ws/install/moveit_core/include/moveit/planning_request_adapter
[258.640s] -- Installing: /home/thisum/my_ws/install/moveit_core/include/moveit/planning_request_adapter/planning_request_adapter.h
[258.641s] -- Up-to-date: /home/thisum/my_ws/install/moveit_core/include
[258.641s] -- Up-to-date: /home/thisum/my_ws/install/moveit_core/include/moveit
[258.642s] -- Installing: /home/thisum/my_ws/install/moveit_core/include/moveit/planning_scene
[258.642s] -- Installing: /home/thisum/my_ws/install/moveit_core/include/moveit/planning_scene/planning_scene.h
[258.642s] -- Installing: /home/thisum/my_ws/install/moveit_core/include/moveit_planning_scene_export.h
[258.643s] -- Up-to-date: /home/thisum/my_ws/install/moveit_core/include
[258.643s] -- Up-to-date: /home/thisum/my_ws/install/moveit_core/include/moveit
[258.644s] -- Installing: /home/thisum/my_ws/install/moveit_core/include/moveit/robot_model
[258.644s] -- Installing: /home/thisum/my_ws/install/moveit_core/include/moveit/robot_model/robot_model.h
[258.644s] -- Installing: /home/thisum/my_ws/install/moveit_core/include/moveit/robot_model/floating_joint_model.h
[258.644s] -- Installing: /home/thisum/my_ws/install/moveit_core/include/moveit/robot_model/joint_model.h
[258.645s] -- Installing: /home/thisum/my_ws/install/moveit_core/include/moveit/robot_model/joint_model_group.h
[258.645s] -- Installing: /home/thisum/my_ws/install/moveit_core/include/moveit/robot_model/revolute_joint_model.h
[258.646s] -- Installing: /home/thisum/my_ws/install/moveit_core/include/moveit/robot_model/prismatic_joint_model.h
[258.646s] -- Installing: /home/thisum/my_ws/install/moveit_core/include/moveit/robot_model/fixed_joint_model.h
[258.646s] -- Installing: /home/thisum/my_ws/install/moveit_core/include/moveit/robot_model/planar_joint_model.h
[258.646s] -- Installing: /home/thisum/my_ws/install/moveit_core/include/moveit/robot_model/aabb.h
[258.647s] -- Installing: /home/thisum/my_ws/install/moveit_core/include/moveit/robot_model/link_model.h
[258.647s] -- Up-to-date: /home/thisum/my_ws/install/moveit_core/include
[258.647s] -- Up-to-date: /home/thisum/my_ws/install/moveit_core/include/moveit
[258.647s] -- Installing: /home/thisum/my_ws/install/moveit_core/include/moveit/robot_state
[258.647s] -- Installing: /home/thisum/my_ws/install/moveit_core/include/moveit/robot_state/robot_state.h
[258.648s] -- Installing: /home/thisum/my_ws/install/moveit_core/include/moveit/robot_state/conversions.h
[258.649s] -- Installing: /home/thisum/my_ws/install/moveit_core/include/moveit/robot_state/attached_body.h
[258.649s] -- Installing: /home/thisum/my_ws/install/moveit_core/include/moveit/robot_state/cartesian_interpolator.h
[258.650s] -- Up-to-date: /home/thisum/my_ws/install/moveit_core/include
[258.650s] -- Up-to-date: /home/thisum/my_ws/install/moveit_core/include/moveit
[258.650s] -- Installing: /home/thisum/my_ws/install/moveit_core/include/moveit/robot_trajectory
[258.650s] -- Installing: /home/thisum/my_ws/install/moveit_core/include/moveit/robot_trajectory/robot_trajectory.h
[258.650s] -- Up-to-date: /home/thisum/my_ws/install/moveit_core/include
[258.650s] -- Up-to-date: /home/thisum/my_ws/install/moveit_core/include/moveit
[258.651s] -- Installing: /home/thisum/my_ws/install/moveit_core/include/moveit/sensor_manager
[258.651s] -- Installing: /home/thisum/my_ws/install/moveit_core/include/moveit/sensor_manager/sensor_manager.h
[258.651s] -- Up-to-date: /home/thisum/my_ws/install/moveit_core/include
[258.651s] -- Up-to-date: /home/thisum/my_ws/install/moveit_core/include/moveit
[258.652s] -- Installing: /home/thisum/my_ws/install/moveit_core/include/moveit/trajectory_processing
[258.652s] -- Installing: /home/thisum/my_ws/install/moveit_core/include/moveit/trajectory_processing/iterative_time_parameterization.h
[258.653s] -- Installing: /home/thisum/my_ws/install/moveit_core/include/moveit/trajectory_processing/time_parameterization.h
[258.653s] -- Installing: /home/thisum/my_ws/install/moveit_core/include/moveit/trajectory_processing/time_optimal_trajectory_generation.h
[258.653s] -- Installing: /home/thisum/my_ws/install/moveit_core/include/moveit/trajectory_processing/ruckig_traj_smoothing.h
[258.653s] -- Installing: /home/thisum/my_ws/install/moveit_core/include/moveit/trajectory_processing/trajectory_tools.h
[258.654s] -- Installing: /home/thisum/my_ws/install/moveit_core/include/moveit/trajectory_processing/iterative_spline_parameterization.h
[258.654s] -- Up-to-date: /home/thisum/my_ws/install/moveit_core/include
[258.654s] -- Up-to-date: /home/thisum/my_ws/install/moveit_core/include/moveit
[258.654s] -- Installing: /home/thisum/my_ws/install/moveit_core/include/moveit/transforms
[258.655s] -- Installing: /home/thisum/my_ws/install/moveit_core/include/moveit/transforms/transforms.h
[258.655s] -- Up-to-date: /home/thisum/my_ws/install/moveit_core/include
[258.655s] -- Up-to-date: /home/thisum/my_ws/install/moveit_core/include/moveit
[258.655s] -- Installing: /home/thisum/my_ws/install/moveit_core/include/moveit/utils
[258.656s] -- Installing: /home/thisum/my_ws/install/moveit_core/include/moveit/utils/robot_model_test_utils.h
[258.656s] -- Installing: /home/thisum/my_ws/install/moveit_core/include/moveit/utils/lexical_casts.h
[258.656s] -- Installing: /home/thisum/my_ws/install/moveit_core/include/moveit/utils/message_checks.h
[258.657s] -- Installing: /home/thisum/my_ws/install/moveit_core/include/moveit/utils/rclcpp_utils.h
[258.657s] -- Installing: /home/thisum/my_ws/install/moveit_core/include/moveit/utils/moveit_error_code.h
[258.658s] -- Installing: /home/thisum/my_ws/install/moveit_core/bin/moveit_version
[258.658s] -- Up-to-date: /home/thisum/my_ws/install/moveit_core/include
[258.658s] -- Up-to-date: /home/thisum/my_ws/install/moveit_core/include/moveit
[258.659s] -- Installing: /home/thisum/my_ws/install/moveit_core/include/moveit/collision_detection
[258.659s] -- Installing: /home/thisum/my_ws/install/moveit_core/include/moveit/collision_detection/test_collision_common_panda.h
[258.659s] -- Installing: /home/thisum/my_ws/install/moveit_core/include/moveit/collision_detection/world_diff.h
[258.660s] -- Installing: /home/thisum/my_ws/install/moveit_core/include/moveit/collision_detection/collision_env.h
[258.660s] -- Installing: /home/thisum/my_ws/install/moveit_core/include/moveit/collision_detection/allvalid
[258.660s] -- Installing: /home/thisum/my_ws/install/moveit_core/include/moveit/collision_detection/allvalid/collision_env_allvalid.h
[258.661s] -- Installing: /home/thisum/my_ws/install/moveit_core/include/moveit/collision_detection/allvalid/collision_detector_allocator_allvalid.h
[258.661s] -- Installing: /home/thisum/my_ws/install/moveit_core/include/moveit/collision_detection/collision_matrix.h
[258.661s] -- Installing: /home/thisum/my_ws/install/moveit_core/include/moveit/collision_detection/collision_common.h
[258.662s] -- Installing: /home/thisum/my_ws/install/moveit_core/include/moveit/collision_detection/world.h
[258.662s] -- Installing: /home/thisum/my_ws/install/moveit_core/include/moveit/collision_detection/collision_plugin_cache.h
[258.662s] -- Installing: /home/thisum/my_ws/install/moveit_core/include/moveit/collision_detection/collision_tools.h
[258.662s] -- Installing: /home/thisum/my_ws/install/moveit_core/include/moveit/collision_detection/occupancy_map.h
[258.663s] -- Installing: /home/thisum/my_ws/install/moveit_core/include/moveit/collision_detection/test_collision_common_pr2.h
[258.663s] -- Installing: /home/thisum/my_ws/install/moveit_core/include/moveit/collision_detection/collision_detector_allocator.h
[258.663s] -- Installing: /home/thisum/my_ws/install/moveit_core/include/moveit/collision_detection/collision_octomap_filter.h
[258.664s] -- Installing: /home/thisum/my_ws/install/moveit_core/include/moveit/collision_detection/collision_plugin.h
[258.664s] -- Installing: /home/thisum/my_ws/install/moveit_core/include/moveit_collision_detection_export.h
[258.664s] -- Up-to-date: /home/thisum/my_ws/install/moveit_core/include
[258.664s] -- Up-to-date: /home/thisum/my_ws/install/moveit_core/include/moveit
[258.664s] -- Installing: /home/thisum/my_ws/install/moveit_core/include/moveit/collision_detection_bullet
[258.665s] -- Installing: /home/thisum/my_ws/install/moveit_core/include/moveit/collision_detection_bullet/collision_detector_allocator_bullet.h
[258.665s] -- Installing: /home/thisum/my_ws/install/moveit_core/include/moveit/collision_detection_bullet/collision_env_bullet.h
[258.666s] -- Installing: /home/thisum/my_ws/install/moveit_core/include/moveit/collision_detection_bullet/bullet_integration
[258.666s] -- Installing: /home/thisum/my_ws/install/moveit_core/include/moveit/collision_detection_bullet/bullet_integration/bullet_bvh_manager.h
[258.666s] -- Installing: /home/thisum/my_ws/install/moveit_core/include/moveit/collision_detection_bullet/bullet_integration/basic_types.h
[258.666s] -- Installing: /home/thisum/my_ws/install/moveit_core/include/moveit/collision_detection_bullet/bullet_integration/contact_checker_common.h
[258.667s] -- Installing: /home/thisum/my_ws/install/moveit_core/include/moveit/collision_detection_bullet/bullet_integration/ros_bullet_utils.h
[258.667s] -- Installing: /home/thisum/my_ws/install/moveit_core/include/moveit/collision_detection_bullet/bullet_integration/bullet_discrete_bvh_manager.h
[258.667s] -- Installing: /home/thisum/my_ws/install/moveit_core/include/moveit/collision_detection_bullet/bullet_integration/bullet_utils.h
[258.668s] -- Installing: /home/thisum/my_ws/install/moveit_core/include/moveit/collision_detection_bullet/bullet_integration/bullet_cast_bvh_manager.h
[258.668s] -- Installing: /home/thisum/my_ws/install/moveit_core/include/moveit/collision_detection_bullet/collision_detector_bullet_plugin_loader.h
[258.669s] -- Installing: /home/thisum/my_ws/install/moveit_core/include/moveit_collision_detection_bullet_export.h
[258.669s] -- Up-to-date: /home/thisum/my_ws/install/moveit_core/include
[258.669s] -- Up-to-date: /home/thisum/my_ws/install/moveit_core/include/moveit
[258.669s] -- Installing: /home/thisum/my_ws/install/moveit_core/include/moveit/collision_detection_fcl
[258.670s] -- Installing: /home/thisum/my_ws/install/moveit_core/include/moveit/collision_detection_fcl/fcl_compat.h
[258.670s] -- Installing: /home/thisum/my_ws/install/moveit_core/include/moveit/collision_detection_fcl/collision_detector_allocator_fcl.h
[258.670s] -- Installing: /home/thisum/my_ws/install/moveit_core/include/moveit/collision_detection_fcl/collision_common.h
[258.671s] -- Installing: /home/thisum/my_ws/install/moveit_core/include/moveit/collision_detection_fcl/collision_detector_fcl_plugin_loader.h
[258.671s] -- Installing: /home/thisum/my_ws/install/moveit_core/include/moveit/collision_detection_fcl/collision_env_fcl.h
[258.671s] -- Installing: /home/thisum/my_ws/install/moveit_core/include/moveit_collision_detection_fcl_export.h
[258.672s] -- Installing: /home/thisum/my_ws/install/moveit_core/lib/libcollision_detector_bullet_plugin.so.2.5.5
[258.673s] -- Set runtime path of "/home/thisum/my_ws/install/moveit_core/lib/libcollision_detector_bullet_plugin.so.2.5.5" to ""
[258.673s] -- Installing: /home/thisum/my_ws/install/moveit_core/lib/libcollision_detector_bullet_plugin.so
[258.673s] -- Installing: /home/thisum/my_ws/install/moveit_core/lib/libmoveit_butterworth_filter.so.2.5.5
[258.674s] -- Set runtime path of "/home/thisum/my_ws/install/moveit_core/lib/libmoveit_butterworth_filter.so.2.5.5" to ""
[258.674s] -- Installing: /home/thisum/my_ws/install/moveit_core/lib/libmoveit_butterworth_filter.so
[258.674s] -- Installing: /home/thisum/my_ws/install/moveit_core/lib/libmoveit_collision_distance_field.so.2.5.5
[258.675s] -- Set runtime path of "/home/thisum/my_ws/install/moveit_core/lib/libmoveit_collision_distance_field.so.2.5.5" to ""
[258.675s] -- Installing: /home/thisum/my_ws/install/moveit_core/lib/libmoveit_collision_distance_field.so
[258.676s] -- Installing: /home/thisum/my_ws/install/moveit_core/lib/libmoveit_collision_detection.so.2.5.5
[258.678s] -- Set runtime path of "/home/thisum/my_ws/install/moveit_core/lib/libmoveit_collision_detection.so.2.5.5" to ""
[258.678s] -- Installing: /home/thisum/my_ws/install/moveit_core/lib/libmoveit_collision_detection.so
[258.678s] -- Installing: /home/thisum/my_ws/install/moveit_core/lib/libmoveit_collision_detection_fcl.so.2.5.5
[258.679s] -- Set runtime path of "/home/thisum/my_ws/install/moveit_core/lib/libmoveit_collision_detection_fcl.so.2.5.5" to ""
[258.679s] -- Installing: /home/thisum/my_ws/install/moveit_core/lib/libmoveit_collision_detection_fcl.so
[258.680s] -- Installing: /home/thisum/my_ws/install/moveit_core/lib/libmoveit_collision_detection_bullet.so.2.5.5
[258.681s] -- Set runtime path of "/home/thisum/my_ws/install/moveit_core/lib/libmoveit_collision_detection_bullet.so.2.5.5" to ""
[258.681s] -- Installing: /home/thisum/my_ws/install/moveit_core/lib/libmoveit_collision_detection_bullet.so
[258.682s] -- Installing: /home/thisum/my_ws/install/moveit_core/lib/libmoveit_dynamics_solver.so.2.5.5
[258.683s] -- Set runtime path of "/home/thisum/my_ws/install/moveit_core/lib/libmoveit_dynamics_solver.so.2.5.5" to ""
[258.683s] -- Installing: /home/thisum/my_ws/install/moveit_core/lib/libmoveit_dynamics_solver.so
[258.683s] -- Installing: /home/thisum/my_ws/install/moveit_core/lib/libmoveit_constraint_samplers.so.2.5.5
[258.685s] -- Set runtime path of "/home/thisum/my_ws/install/moveit_core/lib/libmoveit_constraint_samplers.so.2.5.5" to ""
[258.685s] -- Installing: /home/thisum/my_ws/install/moveit_core/lib/libmoveit_constraint_samplers.so
[258.685s] -- Installing: /home/thisum/my_ws/install/moveit_core/lib/libmoveit_distance_field.so.2.5.5
[258.686s] -- Set runtime path of "/home/thisum/my_ws/install/moveit_core/lib/libmoveit_distance_field.so.2.5.5" to ""
[258.686s] -- Installing: /home/thisum/my_ws/install/moveit_core/lib/libmoveit_distance_field.so
[258.686s] -- Installing: /home/thisum/my_ws/install/moveit_core/lib/libmoveit_exceptions.so.2.5.5
[258.687s] -- Set runtime path of "/home/thisum/my_ws/install/moveit_core/lib/libmoveit_exceptions.so.2.5.5" to ""
[258.687s] -- Installing: /home/thisum/my_ws/install/moveit_core/lib/libmoveit_exceptions.so
[258.687s] -- Installing: /home/thisum/my_ws/install/moveit_core/lib/libmoveit_kinematics_base.so
[258.688s] -- Set runtime path of "/home/thisum/my_ws/install/moveit_core/lib/libmoveit_kinematics_base.so" to ""
[258.688s] -- Installing: /home/thisum/my_ws/install/moveit_core/lib/libmoveit_kinematic_constraints.so.2.5.5
[258.690s] -- Set runtime path of "/home/thisum/my_ws/install/moveit_core/lib/libmoveit_kinematic_constraints.so.2.5.5" to ""
[258.690s] -- Installing: /home/thisum/my_ws/install/moveit_core/lib/libmoveit_kinematic_constraints.so
[258.690s] -- Installing: /home/thisum/my_ws/install/moveit_core/lib/libmoveit_kinematics_metrics.so.2.5.5
[258.691s] -- Set runtime path of "/home/thisum/my_ws/install/moveit_core/lib/libmoveit_kinematics_metrics.so.2.5.5" to ""
[258.691s] -- Installing: /home/thisum/my_ws/install/moveit_core/lib/libmoveit_kinematics_metrics.so
[258.691s] -- Installing: /home/thisum/my_ws/install/moveit_core/lib/libmoveit_planning_interface.so.2.5.5
[258.692s] -- Set runtime path of "/home/thisum/my_ws/install/moveit_core/lib/libmoveit_planning_interface.so.2.5.5" to ""
[258.692s] -- Installing: /home/thisum/my_ws/install/moveit_core/lib/libmoveit_planning_interface.so
[258.692s] -- Installing: /home/thisum/my_ws/install/moveit_core/lib/libmoveit_planning_scene.so.2.5.5
[258.694s] -- Set runtime path of "/home/thisum/my_ws/install/moveit_core/lib/libmoveit_planning_scene.so.2.5.5" to ""
[258.694s] -- Installing: /home/thisum/my_ws/install/moveit_core/lib/libmoveit_planning_scene.so
[258.694s] -- Installing: /home/thisum/my_ws/install/moveit_core/lib/libmoveit_planning_request_adapter.so.2.5.5
[258.695s] -- Set runtime path of "/home/thisum/my_ws/install/moveit_core/lib/libmoveit_planning_request_adapter.so.2.5.5" to ""
[258.695s] -- Installing: /home/thisum/my_ws/install/moveit_core/lib/libmoveit_planning_request_adapter.so
[258.696s] -- Installing: /home/thisum/my_ws/install/moveit_core/lib/libmoveit_robot_model.so.2.5.5
[258.697s] -- Set runtime path of "/home/thisum/my_ws/install/moveit_core/lib/libmoveit_robot_model.so.2.5.5" to ""
[258.697s] -- Installing: /home/thisum/my_ws/install/moveit_core/lib/libmoveit_robot_model.so
[258.698s] -- Installing: /home/thisum/my_ws/install/moveit_core/lib/libmoveit_robot_state.so.2.5.5
[258.699s] -- Set runtime path of "/home/thisum/my_ws/install/moveit_core/lib/libmoveit_robot_state.so.2.5.5" to ""
[258.699s] -- Installing: /home/thisum/my_ws/install/moveit_core/lib/libmoveit_robot_state.so
[258.699s] -- Installing: /home/thisum/my_ws/install/moveit_core/lib/libmoveit_robot_trajectory.so.2.5.5
[258.700s] -- Set runtime path of "/home/thisum/my_ws/install/moveit_core/lib/libmoveit_robot_trajectory.so.2.5.5" to ""
[258.701s] -- Installing: /home/thisum/my_ws/install/moveit_core/lib/libmoveit_robot_trajectory.so
[258.701s] -- Installing: /home/thisum/my_ws/install/moveit_core/lib/libmoveit_smoothing_base.so.2.5.5
[258.701s] -- Set runtime path of "/home/thisum/my_ws/install/moveit_core/lib/libmoveit_smoothing_base.so.2.5.5" to ""
[258.701s] -- Installing: /home/thisum/my_ws/install/moveit_core/lib/libmoveit_smoothing_base.so
[258.701s] -- Installing: /home/thisum/my_ws/install/moveit_core/lib/libmoveit_test_utils.so.2.5.5
[258.703s] -- Set runtime path of "/home/thisum/my_ws/install/moveit_core/lib/libmoveit_test_utils.so.2.5.5" to ""
[258.703s] -- Installing: /home/thisum/my_ws/install/moveit_core/lib/libmoveit_test_utils.so
[258.703s] -- Installing: /home/thisum/my_ws/install/moveit_core/lib/libmoveit_trajectory_processing.so.2.5.5
[258.705s] -- Set runtime path of "/home/thisum/my_ws/install/moveit_core/lib/libmoveit_trajectory_processing.so.2.5.5" to ""
[258.705s] -- Installing: /home/thisum/my_ws/install/moveit_core/lib/libmoveit_trajectory_processing.so
[258.705s] -- Installing: /home/thisum/my_ws/install/moveit_core/lib/libmoveit_transforms.so.2.5.5
[258.705s] -- Set runtime path of "/home/thisum/my_ws/install/moveit_core/lib/libmoveit_transforms.so.2.5.5" to ""
[258.706s] -- Installing: /home/thisum/my_ws/install/moveit_core/lib/libmoveit_transforms.so
[258.706s] -- Installing: /home/thisum/my_ws/install/moveit_core/lib/libmoveit_utils.so.2.5.5
[258.706s] -- Set runtime path of "/home/thisum/my_ws/install/moveit_core/lib/libmoveit_utils.so.2.5.5" to ""
[258.707s] -- Installing: /home/thisum/my_ws/install/moveit_core/lib/libmoveit_utils.so
[258.707s] -- Installing: /home/thisum/my_ws/install/moveit_core/share/moveit_core/environment/library_path.sh
[258.707s] -- Installing: /home/thisum/my_ws/install/moveit_core/share/moveit_core/environment/library_path.dsv
[258.707s] -- Installing: /home/thisum/my_ws/install/moveit_core/share/moveit_core/collision_detector_fcl_description.xml
[258.707s] -- Installing: /home/thisum/my_ws/install/moveit_core/share/moveit_core/collision_detector_bullet_description.xml
[258.708s] -- Installing: /home/thisum/my_ws/install/moveit_core/share/moveit_core/filter_plugin_butterworth.xml
[258.710s] -- Installing: /home/thisum/my_ws/install/moveit_core/share/ament_index/resource_index/package_run_dependencies/moveit_core
[258.710s] -- Installing: /home/thisum/my_ws/install/moveit_core/share/ament_index/resource_index/parent_prefix_path/moveit_core
[258.710s] -- Installing: /home/thisum/my_ws/install/moveit_core/share/moveit_core/environment/ament_prefix_path.sh
[258.710s] -- Installing: /home/thisum/my_ws/install/moveit_core/share/moveit_core/environment/ament_prefix_path.dsv
[258.710s] -- Installing: /home/thisum/my_ws/install/moveit_core/share/moveit_core/environment/path.sh
[258.710s] -- Installing: /home/thisum/my_ws/install/moveit_core/share/moveit_core/environment/path.dsv
[258.710s] -- Installing: /home/thisum/my_ws/install/moveit_core/share/moveit_core/local_setup.bash
[258.711s] -- Installing: /home/thisum/my_ws/install/moveit_core/share/moveit_core/local_setup.sh
[258.711s] -- Installing: /home/thisum/my_ws/install/moveit_core/share/moveit_core/local_setup.zsh
[258.711s] -- Installing: /home/thisum/my_ws/install/moveit_core/share/moveit_core/local_setup.dsv
[258.711s] -- Installing: /home/thisum/my_ws/install/moveit_core/share/moveit_core/package.dsv
[258.713s] -- Installing: /home/thisum/my_ws/install/moveit_core/share/ament_index/resource_index/packages/moveit_core
[258.715s] -- Installing: /home/thisum/my_ws/install/moveit_core/share/ament_index/resource_index/moveit_core__pluginlib__plugin/moveit_core
[258.715s] -- Installing: /home/thisum/my_ws/install/moveit_core/share/moveit_core/cmake/export_moveit_coreExport.cmake
[258.715s] -- Installing: /home/thisum/my_ws/install/moveit_core/share/moveit_core/cmake/export_moveit_coreExport-release.cmake
[258.716s] -- Installing: /home/thisum/my_ws/install/moveit_core/share/moveit_core/cmake/ConfigExtras.cmake
[258.716s] -- Installing: /home/thisum/my_ws/install/moveit_core/share/moveit_core/cmake/ament_cmake_export_targets-extras.cmake
[258.716s] -- Installing: /home/thisum/my_ws/install/moveit_core/share/moveit_core/cmake/ament_cmake_export_dependencies-extras.cmake
[258.717s] -- Installing: /home/thisum/my_ws/install/moveit_core/share/moveit_core/cmake/moveit_coreConfig.cmake
[258.717s] -- Installing: /home/thisum/my_ws/install/moveit_core/share/moveit_core/cmake/moveit_coreConfig-version.cmake
[258.717s] -- Installing: /home/thisum/my_ws/install/moveit_core/share/moveit_core/package.xml
[258.724s] Invoked command in '/home/thisum/my_ws/build/moveit_core' returned '0': AMENT_PREFIX_PATH=/home/thisum/my_ws/install/moveit_resources_panda_moveit_config:/home/thisum/my_ws/install/srdfdom:/home/thisum/my_ws/install/moveit_resources_pr2_description:/home/thisum/my_ws/install/moveit_resources_panda_description:/home/thisum/my_ws/install/moveit_common:${AMENT_PREFIX_PATH} CMAKE_PREFIX_PATH=/home/thisum/my_ws/install/moveit_resources_panda_moveit_config:/home/thisum/my_ws/install/srdfdom:/home/thisum/my_ws/install/moveit_resources_pr2_description:/home/thisum/my_ws/install/moveit_resources_panda_description:/home/thisum/my_ws/install/moveit_common:/opt/ros/humble LD_LIBRARY_PATH=/home/thisum/my_ws/install/srdfdom/lib:${LD_LIBRARY_PATH} PYTHONPATH=/home/thisum/my_ws/install/srdfdom/local/lib/python3.10/dist-packages:${PYTHONPATH} /usr/bin/cmake --install /home/thisum/my_ws/build/moveit_core
