[0.040s] Invoking command in '/home/thisum/my_ws/build/moveit_planners_chomp': AMENT_PREFIX_PATH=/home/thisum/my_ws/install/chomp_motion_planner:/home/thisum/my_ws/install/moveit_core:/home/thisum/my_ws/install/moveit_resources_panda_moveit_config:/home/thisum/my_ws/install/srdfdom:/home/thisum/my_ws/install/moveit_resources_pr2_description:/home/thisum/my_ws/install/moveit_resources_panda_description:/home/thisum/my_ws/install/moveit_common:${AMENT_PREFIX_PATH} CMAKE_PREFIX_PATH=/home/thisum/my_ws/install/chomp_motion_planner:/home/thisum/my_ws/install/moveit_core:/home/thisum/my_ws/install/moveit_resources_panda_moveit_config:/home/thisum/my_ws/install/srdfdom:/home/thisum/my_ws/install/moveit_resources_pr2_description:/home/thisum/my_ws/install/moveit_resources_panda_description:/home/thisum/my_ws/install/moveit_common:/opt/ros/humble LD_LIBRARY_PATH=/home/thisum/my_ws/install/chomp_motion_planner/lib:/home/thisum/my_ws/install/moveit_core/lib:/home/thisum/my_ws/install/srdfdom/lib:${LD_LIBRARY_PATH} PATH=/home/thisum/my_ws/install/moveit_core/bin:${PATH} PYTHONPATH=/home/thisum/my_ws/install/srdfdom/local/lib/python3.10/dist-packages:${PYTHONPATH} /usr/bin/cmake --build /home/thisum/my_ws/build/moveit_planners_chomp -- -j6 -l6
[0.145s] [35m[1mConsolidate compiler generated dependencies of target moveit_chomp_interface[0m
[0.187s] [ 60%] Built target moveit_chomp_interface
[0.224s] [35m[1mConsolidate compiler generated dependencies of target moveit_chomp_planner_plugin[0m
[0.266s] [100%] Built target moveit_chomp_planner_plugin
[0.282s] Invoked command in '/home/thisum/my_ws/build/moveit_planners_chomp' returned '0': AMENT_PREFIX_PATH=/home/thisum/my_ws/install/chomp_motion_planner:/home/thisum/my_ws/install/moveit_core:/home/thisum/my_ws/install/moveit_resources_panda_moveit_config:/home/thisum/my_ws/install/srdfdom:/home/thisum/my_ws/install/moveit_resources_pr2_description:/home/thisum/my_ws/install/moveit_resources_panda_description:/home/thisum/my_ws/install/moveit_common:${AMENT_PREFIX_PATH} CMAKE_PREFIX_PATH=/home/thisum/my_ws/install/chomp_motion_planner:/home/thisum/my_ws/install/moveit_core:/home/thisum/my_ws/install/moveit_resources_panda_moveit_config:/home/thisum/my_ws/install/srdfdom:/home/thisum/my_ws/install/moveit_resources_pr2_description:/home/thisum/my_ws/install/moveit_resources_panda_description:/home/thisum/my_ws/install/moveit_common:/opt/ros/humble LD_LIBRARY_PATH=/home/thisum/my_ws/install/chomp_motion_planner/lib:/home/thisum/my_ws/install/moveit_core/lib:/home/thisum/my_ws/install/srdfdom/lib:${LD_LIBRARY_PATH} PATH=/home/thisum/my_ws/install/moveit_core/bin:${PATH} PYTHONPATH=/home/thisum/my_ws/install/srdfdom/local/lib/python3.10/dist-packages:${PYTHONPATH} /usr/bin/cmake --build /home/thisum/my_ws/build/moveit_planners_chomp -- -j6 -l6
[0.355s] Invoking command in '/home/thisum/my_ws/build/moveit_planners_chomp': AMENT_PREFIX_PATH=/home/thisum/my_ws/install/chomp_motion_planner:/home/thisum/my_ws/install/moveit_core:/home/thisum/my_ws/install/moveit_resources_panda_moveit_config:/home/thisum/my_ws/install/srdfdom:/home/thisum/my_ws/install/moveit_resources_pr2_description:/home/thisum/my_ws/install/moveit_resources_panda_description:/home/thisum/my_ws/install/moveit_common:${AMENT_PREFIX_PATH} CMAKE_PREFIX_PATH=/home/thisum/my_ws/install/chomp_motion_planner:/home/thisum/my_ws/install/moveit_core:/home/thisum/my_ws/install/moveit_resources_panda_moveit_config:/home/thisum/my_ws/install/srdfdom:/home/thisum/my_ws/install/moveit_resources_pr2_description:/home/thisum/my_ws/install/moveit_resources_panda_description:/home/thisum/my_ws/install/moveit_common:/opt/ros/humble LD_LIBRARY_PATH=/home/thisum/my_ws/install/chomp_motion_planner/lib:/home/thisum/my_ws/install/moveit_core/lib:/home/thisum/my_ws/install/srdfdom/lib:${LD_LIBRARY_PATH} PATH=/home/thisum/my_ws/install/moveit_core/bin:${PATH} PYTHONPATH=/home/thisum/my_ws/install/srdfdom/local/lib/python3.10/dist-packages:${PYTHONPATH} /usr/bin/cmake --install /home/thisum/my_ws/build/moveit_planners_chomp
[0.366s] -- Install configuration: "Release"
[0.370s] -- Up-to-date: /home/thisum/my_ws/install/moveit_planners_chomp/lib/libmoveit_chomp_interface.so.2.5.5
[0.370s] -- Up-to-date: /home/thisum/my_ws/install/moveit_planners_chomp/lib/libmoveit_chomp_interface.so
[0.372s] -- Up-to-date: /home/thisum/my_ws/install/moveit_planners_chomp/lib/libmoveit_chomp_planner_plugin.so
[0.374s] -- Up-to-date: /home/thisum/my_ws/install/moveit_planners_chomp/share/moveit_planners_chomp/environment/library_path.sh
[0.374s] -- Up-to-date: /home/thisum/my_ws/install/moveit_planners_chomp/share/moveit_planners_chomp/environment/library_path.dsv
[0.374s] -- Up-to-date: /home/thisum/my_ws/install/moveit_planners_chomp/share/moveit_planners_chomp/chomp_interface_plugin_description.xml
[0.376s] -- Up-to-date: /home/thisum/my_ws/install/moveit_planners_chomp/share/ament_index/resource_index/package_run_dependencies/moveit_planners_chomp
[0.377s] -- Up-to-date: /home/thisum/my_ws/install/moveit_planners_chomp/share/ament_index/resource_index/parent_prefix_path/moveit_planners_chomp
[0.377s] -- Up-to-date: /home/thisum/my_ws/install/moveit_planners_chomp/share/moveit_planners_chomp/environment/ament_prefix_path.sh
[0.377s] -- Up-to-date: /home/thisum/my_ws/install/moveit_planners_chomp/share/moveit_planners_chomp/environment/ament_prefix_path.dsv
[0.377s] -- Up-to-date: /home/thisum/my_ws/install/moveit_planners_chomp/share/moveit_planners_chomp/environment/path.sh
[0.377s] -- Up-to-date: /home/thisum/my_ws/install/moveit_planners_chomp/share/moveit_planners_chomp/environment/path.dsv
[0.378s] -- Up-to-date: /home/thisum/my_ws/install/moveit_planners_chomp/share/moveit_planners_chomp/local_setup.bash
[0.378s] -- Up-to-date: /home/thisum/my_ws/install/moveit_planners_chomp/share/moveit_planners_chomp/local_setup.sh
[0.378s] -- Up-to-date: /home/thisum/my_ws/install/moveit_planners_chomp/share/moveit_planners_chomp/local_setup.zsh
[0.378s] -- Up-to-date: /home/thisum/my_ws/install/moveit_planners_chomp/share/moveit_planners_chomp/local_setup.dsv
[0.378s] -- Installing: /home/thisum/my_ws/install/moveit_planners_chomp/share/moveit_planners_chomp/package.dsv
[0.379s] -- Up-to-date: /home/thisum/my_ws/install/moveit_planners_chomp/share/ament_index/resource_index/packages/moveit_planners_chomp
[0.380s] -- Up-to-date: /home/thisum/my_ws/install/moveit_planners_chomp/share/ament_index/resource_index/moveit_core__pluginlib__plugin/moveit_planners_chomp
[0.384s] -- Up-to-date: /home/thisum/my_ws/install/moveit_planners_chomp/share/moveit_planners_chomp/cmake/moveit_planners_chompTargetsExport.cmake
[0.384s] -- Up-to-date: /home/thisum/my_ws/install/moveit_planners_chomp/share/moveit_planners_chomp/cmake/moveit_planners_chompTargetsExport-release.cmake
[0.384s] -- Up-to-date: /home/thisum/my_ws/install/moveit_planners_chomp/share/moveit_planners_chomp/cmake/ament_cmake_export_targets-extras.cmake
[0.384s] -- Up-to-date: /home/thisum/my_ws/install/moveit_planners_chomp/share/moveit_planners_chomp/cmake/ament_cmake_export_dependencies-extras.cmake
[0.384s] -- Up-to-date: /home/thisum/my_ws/install/moveit_planners_chomp/share/moveit_planners_chomp/cmake/moveit_planners_chompConfig.cmake
[0.384s] -- Up-to-date: /home/thisum/my_ws/install/moveit_planners_chomp/share/moveit_planners_chomp/cmake/moveit_planners_chompConfig-version.cmake
[0.384s] -- Up-to-date: /home/thisum/my_ws/install/moveit_planners_chomp/share/moveit_planners_chomp/package.xml
[0.389s] Invoked command in '/home/thisum/my_ws/build/moveit_planners_chomp' returned '0': AMENT_PREFIX_PATH=/home/thisum/my_ws/install/chomp_motion_planner:/home/thisum/my_ws/install/moveit_core:/home/thisum/my_ws/install/moveit_resources_panda_moveit_config:/home/thisum/my_ws/install/srdfdom:/home/thisum/my_ws/install/moveit_resources_pr2_description:/home/thisum/my_ws/install/moveit_resources_panda_description:/home/thisum/my_ws/install/moveit_common:${AMENT_PREFIX_PATH} CMAKE_PREFIX_PATH=/home/thisum/my_ws/install/chomp_motion_planner:/home/thisum/my_ws/install/moveit_core:/home/thisum/my_ws/install/moveit_resources_panda_moveit_config:/home/thisum/my_ws/install/srdfdom:/home/thisum/my_ws/install/moveit_resources_pr2_description:/home/thisum/my_ws/install/moveit_resources_panda_description:/home/thisum/my_ws/install/moveit_common:/opt/ros/humble LD_LIBRARY_PATH=/home/thisum/my_ws/install/chomp_motion_planner/lib:/home/thisum/my_ws/install/moveit_core/lib:/home/thisum/my_ws/install/srdfdom/lib:${LD_LIBRARY_PATH} PATH=/home/thisum/my_ws/install/moveit_core/bin:${PATH} PYTHONPATH=/home/thisum/my_ws/install/srdfdom/local/lib/python3.10/dist-packages:${PYTHONPATH} /usr/bin/cmake --install /home/thisum/my_ws/build/moveit_planners_chomp
