[0.034s] Invoking command in '/home/thisum/my_ws/build/moveit_ros_planning': AMENT_PREFIX_PATH=/home/thisum/my_ws/install/moveit_ros_occupancy_map_monitor:/home/thisum/my_ws/install/moveit_core:/home/thisum/my_ws/install/moveit_resources_panda_moveit_config:/home/thisum/my_ws/install/srdfdom:/home/thisum/my_ws/install/moveit_resources_pr2_description:/home/thisum/my_ws/install/moveit_resources_panda_description:/home/thisum/my_ws/install/moveit_common:${AMENT_PREFIX_PATH} CMAKE_PREFIX_PATH=/home/thisum/my_ws/install/moveit_ros_occupancy_map_monitor:/home/thisum/my_ws/install/moveit_core:/home/thisum/my_ws/install/moveit_resources_panda_moveit_config:/home/thisum/my_ws/install/srdfdom:/home/thisum/my_ws/install/moveit_resources_pr2_description:/home/thisum/my_ws/install/moveit_resources_panda_description:/home/thisum/my_ws/install/moveit_common:/opt/ros/humble LD_LIBRARY_PATH=/home/thisum/my_ws/install/moveit_ros_occupancy_map_monitor/lib:/home/thisum/my_ws/install/moveit_core/lib:/home/thisum/my_ws/install/srdfdom/lib:${LD_LIBRARY_PATH} PATH=/home/thisum/my_ws/install/moveit_core/bin:${PATH} PYTHONPATH=/home/thisum/my_ws/install/srdfdom/local/lib/python3.10/dist-packages:${PYTHONPATH} /usr/bin/cmake --build /home/thisum/my_ws/build/moveit_ros_planning -- -j6 -l6
[0.123s] [  3%] Built target gmock_main
[0.123s] [  8%] Built target moveit_rdf_loader
[0.128s] [ 11%] Built target moveit_collision_plugin_loader
[0.131s] [ 14%] Built target moveit_planning_pipeline
[0.132s] [ 17%] Built target moveit_list_request_adapter_plugins
[0.180s] [ 35%] Built target moveit_default_planning_request_adapter_plugins
[0.181s] [ 38%] Built target moveit_kinematics_plugin_loader
[0.184s] [ 43%] Built target gmock
[0.188s] [ 46%] Built target moveit_constraint_sampler_manager_loader
[0.221s] [ 50%] Built target moveit_robot_model_loader
[0.278s] [ 53%] Built target moveit_print_planning_model_info
[0.284s] [ 62%] Built target moveit_planning_scene_monitor
[0.336s] [ 72%] Built target demo_scene
[0.336s] [ 72%] Built target trajectory_monitor_tests
[0.336s] [ 72%] Built target moveit_print_planning_scene_info
[0.337s] [ 75%] Built target moveit_visualize_robot_collision_volume
[0.342s] [ 79%] Built target current_state_monitor_tests
[0.342s] [ 82%] Built target moveit_display_random_state
[0.392s] [ 85%] Built target moveit_publish_scene_from_text
[0.406s] [ 88%] Built target moveit_trajectory_execution_manager
[0.421s] [ 91%] Built target moveit_evaluate_collision_checking_speed
[0.468s] [100%] Built target moveit_cpp
[0.468s] [100%] Built target moveit_plan_execution
[0.485s] Invoked command in '/home/thisum/my_ws/build/moveit_ros_planning' returned '0': AMENT_PREFIX_PATH=/home/thisum/my_ws/install/moveit_ros_occupancy_map_monitor:/home/thisum/my_ws/install/moveit_core:/home/thisum/my_ws/install/moveit_resources_panda_moveit_config:/home/thisum/my_ws/install/srdfdom:/home/thisum/my_ws/install/moveit_resources_pr2_description:/home/thisum/my_ws/install/moveit_resources_panda_description:/home/thisum/my_ws/install/moveit_common:${AMENT_PREFIX_PATH} CMAKE_PREFIX_PATH=/home/thisum/my_ws/install/moveit_ros_occupancy_map_monitor:/home/thisum/my_ws/install/moveit_core:/home/thisum/my_ws/install/moveit_resources_panda_moveit_config:/home/thisum/my_ws/install/srdfdom:/home/thisum/my_ws/install/moveit_resources_pr2_description:/home/thisum/my_ws/install/moveit_resources_panda_description:/home/thisum/my_ws/install/moveit_common:/opt/ros/humble LD_LIBRARY_PATH=/home/thisum/my_ws/install/moveit_ros_occupancy_map_monitor/lib:/home/thisum/my_ws/install/moveit_core/lib:/home/thisum/my_ws/install/srdfdom/lib:${LD_LIBRARY_PATH} PATH=/home/thisum/my_ws/install/moveit_core/bin:${PATH} PYTHONPATH=/home/thisum/my_ws/install/srdfdom/local/lib/python3.10/dist-packages:${PYTHONPATH} /usr/bin/cmake --build /home/thisum/my_ws/build/moveit_ros_planning -- -j6 -l6
[0.590s] Invoking command in '/home/thisum/my_ws/build/moveit_ros_planning': AMENT_PREFIX_PATH=/home/thisum/my_ws/install/moveit_ros_occupancy_map_monitor:/home/thisum/my_ws/install/moveit_core:/home/thisum/my_ws/install/moveit_resources_panda_moveit_config:/home/thisum/my_ws/install/srdfdom:/home/thisum/my_ws/install/moveit_resources_pr2_description:/home/thisum/my_ws/install/moveit_resources_panda_description:/home/thisum/my_ws/install/moveit_common:${AMENT_PREFIX_PATH} CMAKE_PREFIX_PATH=/home/thisum/my_ws/install/moveit_ros_occupancy_map_monitor:/home/thisum/my_ws/install/moveit_core:/home/thisum/my_ws/install/moveit_resources_panda_moveit_config:/home/thisum/my_ws/install/srdfdom:/home/thisum/my_ws/install/moveit_resources_pr2_description:/home/thisum/my_ws/install/moveit_resources_panda_description:/home/thisum/my_ws/install/moveit_common:/opt/ros/humble LD_LIBRARY_PATH=/home/thisum/my_ws/install/moveit_ros_occupancy_map_monitor/lib:/home/thisum/my_ws/install/moveit_core/lib:/home/thisum/my_ws/install/srdfdom/lib:${LD_LIBRARY_PATH} PATH=/home/thisum/my_ws/install/moveit_core/bin:${PATH} PYTHONPATH=/home/thisum/my_ws/install/srdfdom/local/lib/python3.10/dist-packages:${PYTHONPATH} /usr/bin/cmake --install /home/thisum/my_ws/build/moveit_ros_planning
[0.600s] -- Install configuration: "Release"
[0.600s] -- Up-to-date: /home/thisum/my_ws/install/moveit_ros_planning/include
[0.600s] -- Up-to-date: /home/thisum/my_ws/install/moveit_ros_planning/include/moveit
[0.600s] -- Up-to-date: /home/thisum/my_ws/install/moveit_ros_planning/include/moveit/rdf_loader
[0.600s] -- Up-to-date: /home/thisum/my_ws/install/moveit_ros_planning/include/moveit/rdf_loader/rdf_loader.h
[0.601s] -- Up-to-date: /home/thisum/my_ws/install/moveit_ros_planning/include/moveit/rdf_loader/synchronized_string_parameter.h
[0.601s] -- Up-to-date: /home/thisum/my_ws/install/moveit_ros_planning/share/moveit_ros_planning/rdf_loader/test/data
[0.601s] -- Up-to-date: /home/thisum/my_ws/install/moveit_ros_planning/share/moveit_ros_planning/rdf_loader/test/data/gonzo.srdf
[0.601s] -- Up-to-date: /home/thisum/my_ws/install/moveit_ros_planning/share/moveit_ros_planning/rdf_loader/test/data/kermit.srdf
[0.602s] -- Up-to-date: /home/thisum/my_ws/install/moveit_ros_planning/share/moveit_ros_planning/rdf_loader/test/data/robin.srdf.xacro
[0.602s] -- Up-to-date: /home/thisum/my_ws/install/moveit_ros_planning/share/moveit_ros_planning/rdf_loader/test/data/gonzo.urdf
[0.602s] -- Up-to-date: /home/thisum/my_ws/install/moveit_ros_planning/share/moveit_ros_planning/rdf_loader/test/data/kermit.urdf
[0.602s] -- Up-to-date: /home/thisum/my_ws/install/moveit_ros_planning/share/moveit_ros_planning/rdf_loader/test/launch
[0.602s] -- Up-to-date: /home/thisum/my_ws/install/moveit_ros_planning/share/moveit_ros_planning/rdf_loader/test/launch/test_rdf_integration.test.py
[0.603s] -- Up-to-date: /home/thisum/my_ws/install/moveit_ros_planning/include
[0.603s] -- Up-to-date: /home/thisum/my_ws/install/moveit_ros_planning/include/moveit
[0.603s] -- Up-to-date: /home/thisum/my_ws/install/moveit_ros_planning/include/moveit/collision_plugin_loader
[0.603s] -- Up-to-date: /home/thisum/my_ws/install/moveit_ros_planning/include/moveit/collision_plugin_loader/collision_plugin_loader.h
[0.603s] -- Up-to-date: /home/thisum/my_ws/install/moveit_ros_planning/include
[0.603s] -- Up-to-date: /home/thisum/my_ws/install/moveit_ros_planning/include/moveit
[0.603s] -- Up-to-date: /home/thisum/my_ws/install/moveit_ros_planning/include/moveit/kinematics_plugin_loader
[0.603s] -- Up-to-date: /home/thisum/my_ws/install/moveit_ros_planning/include/moveit/kinematics_plugin_loader/kinematics_plugin_loader.h
[0.603s] -- Up-to-date: /home/thisum/my_ws/install/moveit_ros_planning/include
[0.603s] -- Up-to-date: /home/thisum/my_ws/install/moveit_ros_planning/include/moveit
[0.604s] -- Up-to-date: /home/thisum/my_ws/install/moveit_ros_planning/include/moveit/robot_model_loader
[0.604s] -- Up-to-date: /home/thisum/my_ws/install/moveit_ros_planning/include/moveit/robot_model_loader/robot_model_loader.h
[0.604s] -- Up-to-date: /home/thisum/my_ws/install/moveit_ros_planning/include
[0.604s] -- Up-to-date: /home/thisum/my_ws/install/moveit_ros_planning/include/moveit
[0.604s] -- Up-to-date: /home/thisum/my_ws/install/moveit_ros_planning/include/moveit/constraint_sampler_manager_loader
[0.604s] -- Up-to-date: /home/thisum/my_ws/install/moveit_ros_planning/include/moveit/constraint_sampler_manager_loader/constraint_sampler_manager_loader.h
[0.604s] -- Up-to-date: /home/thisum/my_ws/install/moveit_ros_planning/include
[0.604s] -- Up-to-date: /home/thisum/my_ws/install/moveit_ros_planning/include/moveit
[0.604s] -- Up-to-date: /home/thisum/my_ws/install/moveit_ros_planning/include/moveit/planning_pipeline
[0.605s] -- Up-to-date: /home/thisum/my_ws/install/moveit_ros_planning/include/moveit/planning_pipeline/planning_pipeline.h
[0.605s] -- Up-to-date: /home/thisum/my_ws/install/moveit_ros_planning/include/moveit_planning_pipeline_export.h
[0.605s] -- Up-to-date: /home/thisum/my_ws/install/moveit_ros_planning/lib/moveit_ros_planning/moveit_list_request_adapter_plugins
[0.605s] -- Up-to-date: /home/thisum/my_ws/install/moveit_ros_planning/lib/moveit_ros_planning/demo_scene
[0.605s] -- Up-to-date: /home/thisum/my_ws/install/moveit_ros_planning/include
[0.605s] -- Up-to-date: /home/thisum/my_ws/install/moveit_ros_planning/include/moveit
[0.605s] -- Up-to-date: /home/thisum/my_ws/install/moveit_ros_planning/include/moveit/planning_scene_monitor
[0.605s] -- Up-to-date: /home/thisum/my_ws/install/moveit_ros_planning/include/moveit/planning_scene_monitor/trajectory_monitor.h
[0.605s] -- Up-to-date: /home/thisum/my_ws/install/moveit_ros_planning/include/moveit/planning_scene_monitor/planning_scene_monitor.h
[0.605s] -- Up-to-date: /home/thisum/my_ws/install/moveit_ros_planning/include/moveit/planning_scene_monitor/trajectory_monitor_middleware_handle.hpp
[0.605s] -- Up-to-date: /home/thisum/my_ws/install/moveit_ros_planning/include/moveit/planning_scene_monitor/current_state_monitor.h
[0.605s] -- Up-to-date: /home/thisum/my_ws/install/moveit_ros_planning/include/moveit/planning_scene_monitor/current_state_monitor_middleware_handle.hpp
[0.606s] -- Up-to-date: /home/thisum/my_ws/install/moveit_ros_planning/include/moveit_planning_scene_monitor_export.h
[0.606s] -- Up-to-date: /home/thisum/my_ws/install/moveit_ros_planning/lib/moveit_ros_planning/moveit_print_planning_model_info
[0.606s] -- Up-to-date: /home/thisum/my_ws/install/moveit_ros_planning/lib/moveit_ros_planning/moveit_print_planning_scene_info
[0.606s] -- Up-to-date: /home/thisum/my_ws/install/moveit_ros_planning/lib/moveit_ros_planning/moveit_display_random_state
[0.606s] -- Up-to-date: /home/thisum/my_ws/install/moveit_ros_planning/lib/moveit_ros_planning/moveit_visualize_robot_collision_volume
[0.607s] -- Up-to-date: /home/thisum/my_ws/install/moveit_ros_planning/lib/moveit_ros_planning/moveit_evaluate_collision_checking_speed
[0.607s] -- Up-to-date: /home/thisum/my_ws/install/moveit_ros_planning/lib/moveit_ros_planning/moveit_publish_scene_from_text
[0.608s] -- Up-to-date: /home/thisum/my_ws/install/moveit_ros_planning/include
[0.608s] -- Up-to-date: /home/thisum/my_ws/install/moveit_ros_planning/include/moveit
[0.608s] -- Up-to-date: /home/thisum/my_ws/install/moveit_ros_planning/include/moveit/trajectory_execution_manager
[0.608s] -- Up-to-date: /home/thisum/my_ws/install/moveit_ros_planning/include/moveit/trajectory_execution_manager/trajectory_execution_manager.h
[0.608s] -- Up-to-date: /home/thisum/my_ws/install/moveit_ros_planning/include/moveit_trajectory_execution_manager_export.h
[0.608s] -- Up-to-date: /home/thisum/my_ws/install/moveit_ros_planning/include
[0.609s] -- Up-to-date: /home/thisum/my_ws/install/moveit_ros_planning/include/moveit
[0.609s] -- Up-to-date: /home/thisum/my_ws/install/moveit_ros_planning/include/moveit/plan_execution
[0.609s] -- Up-to-date: /home/thisum/my_ws/install/moveit_ros_planning/include/moveit/plan_execution/plan_representation.h
[0.609s] -- Up-to-date: /home/thisum/my_ws/install/moveit_ros_planning/include/moveit/plan_execution/plan_execution.h
[0.609s] -- Up-to-date: /home/thisum/my_ws/install/moveit_ros_planning/include
[0.609s] -- Up-to-date: /home/thisum/my_ws/install/moveit_ros_planning/include/moveit
[0.609s] -- Up-to-date: /home/thisum/my_ws/install/moveit_ros_planning/include/moveit/moveit_cpp
[0.609s] -- Up-to-date: /home/thisum/my_ws/install/moveit_ros_planning/include/moveit/moveit_cpp/planning_component.h
[0.610s] -- Up-to-date: /home/thisum/my_ws/install/moveit_ros_planning/include/moveit/moveit_cpp/moveit_cpp.h
[0.610s] -- Up-to-date: /home/thisum/my_ws/install/moveit_ros_planning/lib/libmoveit_rdf_loader.so.2.5.5
[0.610s] -- Up-to-date: /home/thisum/my_ws/install/moveit_ros_planning/lib/libmoveit_rdf_loader.so
[0.610s] -- Up-to-date: /home/thisum/my_ws/install/moveit_ros_planning/lib/libmoveit_kinematics_plugin_loader.so.2.5.5
[0.610s] -- Up-to-date: /home/thisum/my_ws/install/moveit_ros_planning/lib/libmoveit_kinematics_plugin_loader.so
[0.610s] -- Up-to-date: /home/thisum/my_ws/install/moveit_ros_planning/lib/libmoveit_robot_model_loader.so.2.5.5
[0.610s] -- Up-to-date: /home/thisum/my_ws/install/moveit_ros_planning/lib/libmoveit_robot_model_loader.so
[0.612s] -- Up-to-date: /home/thisum/my_ws/install/moveit_ros_planning/lib/libmoveit_constraint_sampler_manager_loader.so.2.5.5
[0.613s] -- Up-to-date: /home/thisum/my_ws/install/moveit_ros_planning/lib/libmoveit_constraint_sampler_manager_loader.so
[0.613s] -- Up-to-date: /home/thisum/my_ws/install/moveit_ros_planning/lib/libmoveit_planning_pipeline.so.2.5.5
[0.613s] -- Up-to-date: /home/thisum/my_ws/install/moveit_ros_planning/lib/libmoveit_planning_pipeline.so
[0.613s] -- Up-to-date: /home/thisum/my_ws/install/moveit_ros_planning/lib/libmoveit_trajectory_execution_manager.so.2.5.5
[0.614s] -- Up-to-date: /home/thisum/my_ws/install/moveit_ros_planning/lib/libmoveit_trajectory_execution_manager.so
[0.614s] -- Up-to-date: /home/thisum/my_ws/install/moveit_ros_planning/lib/libmoveit_plan_execution.so.2.5.5
[0.614s] -- Up-to-date: /home/thisum/my_ws/install/moveit_ros_planning/lib/libmoveit_plan_execution.so
[0.615s] -- Up-to-date: /home/thisum/my_ws/install/moveit_ros_planning/lib/libmoveit_planning_scene_monitor.so.2.5.5
[0.615s] -- Up-to-date: /home/thisum/my_ws/install/moveit_ros_planning/lib/libmoveit_planning_scene_monitor.so
[0.615s] -- Up-to-date: /home/thisum/my_ws/install/moveit_ros_planning/lib/libmoveit_collision_plugin_loader.so.2.5.5
[0.615s] -- Up-to-date: /home/thisum/my_ws/install/moveit_ros_planning/lib/libmoveit_collision_plugin_loader.so
[0.616s] -- Up-to-date: /home/thisum/my_ws/install/moveit_ros_planning/lib/libmoveit_default_planning_request_adapter_plugins.so.2.5.5
[0.616s] -- Up-to-date: /home/thisum/my_ws/install/moveit_ros_planning/lib/libmoveit_default_planning_request_adapter_plugins.so
[0.616s] -- Up-to-date: /home/thisum/my_ws/install/moveit_ros_planning/lib/libmoveit_cpp.so.2.5.5
[0.617s] -- Up-to-date: /home/thisum/my_ws/install/moveit_ros_planning/lib/libmoveit_cpp.so
[0.617s] -- Up-to-date: /home/thisum/my_ws/install/moveit_ros_planning/share/moveit_ros_planning/environment/library_path.sh
[0.617s] -- Up-to-date: /home/thisum/my_ws/install/moveit_ros_planning/share/moveit_ros_planning/environment/library_path.dsv
[0.617s] -- Up-to-date: /home/thisum/my_ws/install/moveit_ros_planning/share/moveit_ros_planning/planning_request_adapters_plugin_description.xml
[0.618s] -- Up-to-date: /home/thisum/my_ws/install/moveit_ros_planning/share/ament_index/resource_index/package_run_dependencies/moveit_ros_planning
[0.618s] -- Up-to-date: /home/thisum/my_ws/install/moveit_ros_planning/share/ament_index/resource_index/parent_prefix_path/moveit_ros_planning
[0.618s] -- Up-to-date: /home/thisum/my_ws/install/moveit_ros_planning/share/moveit_ros_planning/environment/ament_prefix_path.sh
[0.618s] -- Up-to-date: /home/thisum/my_ws/install/moveit_ros_planning/share/moveit_ros_planning/environment/ament_prefix_path.dsv
[0.619s] -- Up-to-date: /home/thisum/my_ws/install/moveit_ros_planning/share/moveit_ros_planning/environment/path.sh
[0.619s] -- Up-to-date: /home/thisum/my_ws/install/moveit_ros_planning/share/moveit_ros_planning/environment/path.dsv
[0.619s] -- Up-to-date: /home/thisum/my_ws/install/moveit_ros_planning/share/moveit_ros_planning/local_setup.bash
[0.619s] -- Up-to-date: /home/thisum/my_ws/install/moveit_ros_planning/share/moveit_ros_planning/local_setup.sh
[0.619s] -- Up-to-date: /home/thisum/my_ws/install/moveit_ros_planning/share/moveit_ros_planning/local_setup.zsh
[0.619s] -- Up-to-date: /home/thisum/my_ws/install/moveit_ros_planning/share/moveit_ros_planning/local_setup.dsv
[0.619s] -- Installing: /home/thisum/my_ws/install/moveit_ros_planning/share/moveit_ros_planning/package.dsv
[0.619s] -- Up-to-date: /home/thisum/my_ws/install/moveit_ros_planning/share/ament_index/resource_index/packages/moveit_ros_planning
[0.619s] -- Up-to-date: /home/thisum/my_ws/install/moveit_ros_planning/share/ament_index/resource_index/moveit_core__pluginlib__plugin/moveit_ros_planning
[0.620s] -- Up-to-date: /home/thisum/my_ws/install/moveit_ros_planning/share/moveit_ros_planning/cmake/export_moveit_ros_planningExport.cmake
[0.620s] -- Up-to-date: /home/thisum/my_ws/install/moveit_ros_planning/share/moveit_ros_planning/cmake/export_moveit_ros_planningExport-release.cmake
[0.620s] -- Up-to-date: /home/thisum/my_ws/install/moveit_ros_planning/share/moveit_ros_planning/cmake/ConfigExtras.cmake
[0.620s] -- Up-to-date: /home/thisum/my_ws/install/moveit_ros_planning/share/moveit_ros_planning/cmake/ament_cmake_export_targets-extras.cmake
[0.620s] -- Up-to-date: /home/thisum/my_ws/install/moveit_ros_planning/share/moveit_ros_planning/cmake/ament_cmake_export_dependencies-extras.cmake
[0.620s] -- Up-to-date: /home/thisum/my_ws/install/moveit_ros_planning/share/moveit_ros_planning/cmake/moveit_ros_planningConfig.cmake
[0.620s] -- Up-to-date: /home/thisum/my_ws/install/moveit_ros_planning/share/moveit_ros_planning/cmake/moveit_ros_planningConfig-version.cmake
[0.620s] -- Up-to-date: /home/thisum/my_ws/install/moveit_ros_planning/share/moveit_ros_planning/package.xml
[0.624s] Invoked command in '/home/thisum/my_ws/build/moveit_ros_planning' returned '0': AMENT_PREFIX_PATH=/home/thisum/my_ws/install/moveit_ros_occupancy_map_monitor:/home/thisum/my_ws/install/moveit_core:/home/thisum/my_ws/install/moveit_resources_panda_moveit_config:/home/thisum/my_ws/install/srdfdom:/home/thisum/my_ws/install/moveit_resources_pr2_description:/home/thisum/my_ws/install/moveit_resources_panda_description:/home/thisum/my_ws/install/moveit_common:${AMENT_PREFIX_PATH} CMAKE_PREFIX_PATH=/home/thisum/my_ws/install/moveit_ros_occupancy_map_monitor:/home/thisum/my_ws/install/moveit_core:/home/thisum/my_ws/install/moveit_resources_panda_moveit_config:/home/thisum/my_ws/install/srdfdom:/home/thisum/my_ws/install/moveit_resources_pr2_description:/home/thisum/my_ws/install/moveit_resources_panda_description:/home/thisum/my_ws/install/moveit_common:/opt/ros/humble LD_LIBRARY_PATH=/home/thisum/my_ws/install/moveit_ros_occupancy_map_monitor/lib:/home/thisum/my_ws/install/moveit_core/lib:/home/thisum/my_ws/install/srdfdom/lib:${LD_LIBRARY_PATH} PATH=/home/thisum/my_ws/install/moveit_core/bin:${PATH} PYTHONPATH=/home/thisum/my_ws/install/srdfdom/local/lib/python3.10/dist-packages:${PYTHONPATH} /usr/bin/cmake --install /home/thisum/my_ws/build/moveit_ros_planning
