[0.029s] Invoking command in '/home/thisum/my_ws/build/moveit_simple_controller_manager': AMENT_PREFIX_PATH=/home/thisum/my_ws/install/moveit_core:/home/thisum/my_ws/install/moveit_resources_panda_moveit_config:/home/thisum/my_ws/install/srdfdom:/home/thisum/my_ws/install/moveit_resources_pr2_description:/home/thisum/my_ws/install/moveit_resources_panda_description:/home/thisum/my_ws/install/moveit_common:${AMENT_PREFIX_PATH} CMAKE_PREFIX_PATH=/home/thisum/my_ws/install/moveit_core:/home/thisum/my_ws/install/moveit_resources_panda_moveit_config:/home/thisum/my_ws/install/srdfdom:/home/thisum/my_ws/install/moveit_resources_pr2_description:/home/thisum/my_ws/install/moveit_resources_panda_description:/home/thisum/my_ws/install/moveit_common:/opt/ros/humble LD_LIBRARY_PATH=/home/thisum/my_ws/install/moveit_core/lib:/home/thisum/my_ws/install/srdfdom/lib:${LD_LIBRARY_PATH} PATH=/home/thisum/my_ws/install/moveit_core/bin:${PATH} PYTHONPATH=/home/thisum/my_ws/install/srdfdom/local/lib/python3.10/dist-packages:${PYTHONPATH} /usr/bin/cmake --build /home/thisum/my_ws/build/moveit_simple_controller_manager -- -j6 -l6
[0.118s] [100%] Built target moveit_simple_controller_manager
[0.134s] Invoked command in '/home/thisum/my_ws/build/moveit_simple_controller_manager' returned '0': AMENT_PREFIX_PATH=/home/thisum/my_ws/install/moveit_core:/home/thisum/my_ws/install/moveit_resources_panda_moveit_config:/home/thisum/my_ws/install/srdfdom:/home/thisum/my_ws/install/moveit_resources_pr2_description:/home/thisum/my_ws/install/moveit_resources_panda_description:/home/thisum/my_ws/install/moveit_common:${AMENT_PREFIX_PATH} CMAKE_PREFIX_PATH=/home/thisum/my_ws/install/moveit_core:/home/thisum/my_ws/install/moveit_resources_panda_moveit_config:/home/thisum/my_ws/install/srdfdom:/home/thisum/my_ws/install/moveit_resources_pr2_description:/home/thisum/my_ws/install/moveit_resources_panda_description:/home/thisum/my_ws/install/moveit_common:/opt/ros/humble LD_LIBRARY_PATH=/home/thisum/my_ws/install/moveit_core/lib:/home/thisum/my_ws/install/srdfdom/lib:${LD_LIBRARY_PATH} PATH=/home/thisum/my_ws/install/moveit_core/bin:${PATH} PYTHONPATH=/home/thisum/my_ws/install/srdfdom/local/lib/python3.10/dist-packages:${PYTHONPATH} /usr/bin/cmake --build /home/thisum/my_ws/build/moveit_simple_controller_manager -- -j6 -l6
[0.195s] Invoking command in '/home/thisum/my_ws/build/moveit_simple_controller_manager': AMENT_PREFIX_PATH=/home/thisum/my_ws/install/moveit_core:/home/thisum/my_ws/install/moveit_resources_panda_moveit_config:/home/thisum/my_ws/install/srdfdom:/home/thisum/my_ws/install/moveit_resources_pr2_description:/home/thisum/my_ws/install/moveit_resources_panda_description:/home/thisum/my_ws/install/moveit_common:${AMENT_PREFIX_PATH} CMAKE_PREFIX_PATH=/home/thisum/my_ws/install/moveit_core:/home/thisum/my_ws/install/moveit_resources_panda_moveit_config:/home/thisum/my_ws/install/srdfdom:/home/thisum/my_ws/install/moveit_resources_pr2_description:/home/thisum/my_ws/install/moveit_resources_panda_description:/home/thisum/my_ws/install/moveit_common:/opt/ros/humble LD_LIBRARY_PATH=/home/thisum/my_ws/install/moveit_core/lib:/home/thisum/my_ws/install/srdfdom/lib:${LD_LIBRARY_PATH} PATH=/home/thisum/my_ws/install/moveit_core/bin:${PATH} PYTHONPATH=/home/thisum/my_ws/install/srdfdom/local/lib/python3.10/dist-packages:${PYTHONPATH} /usr/bin/cmake --install /home/thisum/my_ws/build/moveit_simple_controller_manager
[0.204s] -- Install configuration: "Release"
[0.204s] -- Up-to-date: /home/thisum/my_ws/install/moveit_simple_controller_manager/lib/libmoveit_simple_controller_manager.so.2.5.5
[0.204s] -- Up-to-date: /home/thisum/my_ws/install/moveit_simple_controller_manager/lib/libmoveit_simple_controller_manager.so
[0.205s] -- Up-to-date: /home/thisum/my_ws/install/moveit_simple_controller_manager/include
[0.205s] -- Up-to-date: /home/thisum/my_ws/install/moveit_simple_controller_manager/include/moveit_simple_controller_manager
[0.205s] -- Up-to-date: /home/thisum/my_ws/install/moveit_simple_controller_manager/include/moveit_simple_controller_manager/follow_joint_trajectory_controller_handle.h
[0.206s] -- Up-to-date: /home/thisum/my_ws/install/moveit_simple_controller_manager/include/moveit_simple_controller_manager/empty_controller_handle.h
[0.206s] -- Up-to-date: /home/thisum/my_ws/install/moveit_simple_controller_manager/include/moveit_simple_controller_manager/gripper_controller_handle.h
[0.206s] -- Up-to-date: /home/thisum/my_ws/install/moveit_simple_controller_manager/include/moveit_simple_controller_manager/action_based_controller_handle.h
[0.206s] -- Up-to-date: /home/thisum/my_ws/install/moveit_simple_controller_manager/share/moveit_simple_controller_manager/environment/library_path.sh
[0.206s] -- Up-to-date: /home/thisum/my_ws/install/moveit_simple_controller_manager/share/moveit_simple_controller_manager/environment/library_path.dsv
[0.206s] -- Up-to-date: /home/thisum/my_ws/install/moveit_simple_controller_manager/share/moveit_simple_controller_manager/moveit_simple_controller_manager_plugin_description.xml
[0.206s] -- Up-to-date: /home/thisum/my_ws/install/moveit_simple_controller_manager/share/ament_index/resource_index/package_run_dependencies/moveit_simple_controller_manager
[0.206s] -- Up-to-date: /home/thisum/my_ws/install/moveit_simple_controller_manager/share/ament_index/resource_index/parent_prefix_path/moveit_simple_controller_manager
[0.206s] -- Up-to-date: /home/thisum/my_ws/install/moveit_simple_controller_manager/share/moveit_simple_controller_manager/environment/ament_prefix_path.sh
[0.206s] -- Up-to-date: /home/thisum/my_ws/install/moveit_simple_controller_manager/share/moveit_simple_controller_manager/environment/ament_prefix_path.dsv
[0.206s] -- Up-to-date: /home/thisum/my_ws/install/moveit_simple_controller_manager/share/moveit_simple_controller_manager/environment/path.sh
[0.206s] -- Up-to-date: /home/thisum/my_ws/install/moveit_simple_controller_manager/share/moveit_simple_controller_manager/environment/path.dsv
[0.207s] -- Up-to-date: /home/thisum/my_ws/install/moveit_simple_controller_manager/share/moveit_simple_controller_manager/local_setup.bash
[0.207s] -- Up-to-date: /home/thisum/my_ws/install/moveit_simple_controller_manager/share/moveit_simple_controller_manager/local_setup.sh
[0.207s] -- Up-to-date: /home/thisum/my_ws/install/moveit_simple_controller_manager/share/moveit_simple_controller_manager/local_setup.zsh
[0.207s] -- Up-to-date: /home/thisum/my_ws/install/moveit_simple_controller_manager/share/moveit_simple_controller_manager/local_setup.dsv
[0.207s] -- Installing: /home/thisum/my_ws/install/moveit_simple_controller_manager/share/moveit_simple_controller_manager/package.dsv
[0.208s] -- Up-to-date: /home/thisum/my_ws/install/moveit_simple_controller_manager/share/ament_index/resource_index/packages/moveit_simple_controller_manager
[0.208s] -- Up-to-date: /home/thisum/my_ws/install/moveit_simple_controller_manager/share/ament_index/resource_index/moveit_core__pluginlib__plugin/moveit_simple_controller_manager
[0.208s] -- Up-to-date: /home/thisum/my_ws/install/moveit_simple_controller_manager/share/moveit_simple_controller_manager/cmake/export_moveit_simple_controller_managerExport.cmake
[0.208s] -- Up-to-date: /home/thisum/my_ws/install/moveit_simple_controller_manager/share/moveit_simple_controller_manager/cmake/export_moveit_simple_controller_managerExport-release.cmake
[0.208s] -- Up-to-date: /home/thisum/my_ws/install/moveit_simple_controller_manager/share/moveit_simple_controller_manager/cmake/ConfigExtras.cmake
[0.208s] -- Up-to-date: /home/thisum/my_ws/install/moveit_simple_controller_manager/share/moveit_simple_controller_manager/cmake/ament_cmake_export_targets-extras.cmake
[0.209s] -- Up-to-date: /home/thisum/my_ws/install/moveit_simple_controller_manager/share/moveit_simple_controller_manager/cmake/ament_cmake_export_dependencies-extras.cmake
[0.209s] -- Up-to-date: /home/thisum/my_ws/install/moveit_simple_controller_manager/share/moveit_simple_controller_manager/cmake/moveit_simple_controller_managerConfig.cmake
[0.209s] -- Up-to-date: /home/thisum/my_ws/install/moveit_simple_controller_manager/share/moveit_simple_controller_manager/cmake/moveit_simple_controller_managerConfig-version.cmake
[0.209s] -- Up-to-date: /home/thisum/my_ws/install/moveit_simple_controller_manager/share/moveit_simple_controller_manager/package.xml
[0.212s] Invoked command in '/home/thisum/my_ws/build/moveit_simple_controller_manager' returned '0': AMENT_PREFIX_PATH=/home/thisum/my_ws/install/moveit_core:/home/thisum/my_ws/install/moveit_resources_panda_moveit_config:/home/thisum/my_ws/install/srdfdom:/home/thisum/my_ws/install/moveit_resources_pr2_description:/home/thisum/my_ws/install/moveit_resources_panda_description:/home/thisum/my_ws/install/moveit_common:${AMENT_PREFIX_PATH} CMAKE_PREFIX_PATH=/home/thisum/my_ws/install/moveit_core:/home/thisum/my_ws/install/moveit_resources_panda_moveit_config:/home/thisum/my_ws/install/srdfdom:/home/thisum/my_ws/install/moveit_resources_pr2_description:/home/thisum/my_ws/install/moveit_resources_panda_description:/home/thisum/my_ws/install/moveit_common:/opt/ros/humble LD_LIBRARY_PATH=/home/thisum/my_ws/install/moveit_core/lib:/home/thisum/my_ws/install/srdfdom/lib:${LD_LIBRARY_PATH} PATH=/home/thisum/my_ws/install/moveit_core/bin:${PATH} PYTHONPATH=/home/thisum/my_ws/install/srdfdom/local/lib/python3.10/dist-packages:${PYTHONPATH} /usr/bin/cmake --install /home/thisum/my_ws/build/moveit_simple_controller_manager
