[0.027s] Invoking command in '/home/thisum/my_ws/build/moveit_resources': AMENT_PREFIX_PATH=/home/thisum/my_ws/install/moveit_resources_panda_moveit_config:/home/thisum/my_ws/install/moveit_resources_fanuc_moveit_config:/home/thisum/my_ws/install/moveit_resources_pr2_description:/home/thisum/my_ws/install/moveit_resources_panda_description:/home/thisum/my_ws/install/moveit_resources_fanuc_description:${AMENT_PREFIX_PATH} CMAKE_PREFIX_PATH=/home/thisum/my_ws/install/moveit_resources_panda_moveit_config:/home/thisum/my_ws/install/moveit_resources_fanuc_moveit_config:/home/thisum/my_ws/install/moveit_resources_pr2_description:/home/thisum/my_ws/install/moveit_resources_panda_description:/home/thisum/my_ws/install/moveit_resources_fanuc_description:/opt/ros/humble /usr/bin/cmake --build /home/thisum/my_ws/build/moveit_resources -- -j6 -l6
[0.082s] Invoked command in '/home/thisum/my_ws/build/moveit_resources' returned '0': AMENT_PREFIX_PATH=/home/thisum/my_ws/install/moveit_resources_panda_moveit_config:/home/thisum/my_ws/install/moveit_resources_fanuc_moveit_config:/home/thisum/my_ws/install/moveit_resources_pr2_description:/home/thisum/my_ws/install/moveit_resources_panda_description:/home/thisum/my_ws/install/moveit_resources_fanuc_description:${AMENT_PREFIX_PATH} CMAKE_PREFIX_PATH=/home/thisum/my_ws/install/moveit_resources_panda_moveit_config:/home/thisum/my_ws/install/moveit_resources_fanuc_moveit_config:/home/thisum/my_ws/install/moveit_resources_pr2_description:/home/thisum/my_ws/install/moveit_resources_panda_description:/home/thisum/my_ws/install/moveit_resources_fanuc_description:/opt/ros/humble /usr/bin/cmake --build /home/thisum/my_ws/build/moveit_resources -- -j6 -l6
[0.127s] Invoking command in '/home/thisum/my_ws/build/moveit_resources': AMENT_PREFIX_PATH=/home/thisum/my_ws/install/moveit_resources_panda_moveit_config:/home/thisum/my_ws/install/moveit_resources_fanuc_moveit_config:/home/thisum/my_ws/install/moveit_resources_pr2_description:/home/thisum/my_ws/install/moveit_resources_panda_description:/home/thisum/my_ws/install/moveit_resources_fanuc_description:${AMENT_PREFIX_PATH} CMAKE_PREFIX_PATH=/home/thisum/my_ws/install/moveit_resources_panda_moveit_config:/home/thisum/my_ws/install/moveit_resources_fanuc_moveit_config:/home/thisum/my_ws/install/moveit_resources_pr2_description:/home/thisum/my_ws/install/moveit_resources_panda_description:/home/thisum/my_ws/install/moveit_resources_fanuc_description:/opt/ros/humble /usr/bin/cmake --install /home/thisum/my_ws/build/moveit_resources
[0.137s] -- Install configuration: "Release"
[0.137s] -- Up-to-date: /home/thisum/my_ws/install/moveit_resources/share/ament_index/resource_index/package_run_dependencies/moveit_resources
[0.137s] -- Up-to-date: /home/thisum/my_ws/install/moveit_resources/share/ament_index/resource_index/parent_prefix_path/moveit_resources
[0.138s] -- Up-to-date: /home/thisum/my_ws/install/moveit_resources/share/moveit_resources/environment/ament_prefix_path.sh
[0.138s] -- Up-to-date: /home/thisum/my_ws/install/moveit_resources/share/moveit_resources/environment/ament_prefix_path.dsv
[0.138s] -- Up-to-date: /home/thisum/my_ws/install/moveit_resources/share/moveit_resources/environment/path.sh
[0.138s] -- Up-to-date: /home/thisum/my_ws/install/moveit_resources/share/moveit_resources/environment/path.dsv
[0.139s] -- Up-to-date: /home/thisum/my_ws/install/moveit_resources/share/moveit_resources/local_setup.bash
[0.139s] -- Up-to-date: /home/thisum/my_ws/install/moveit_resources/share/moveit_resources/local_setup.sh
[0.139s] -- Up-to-date: /home/thisum/my_ws/install/moveit_resources/share/moveit_resources/local_setup.zsh
[0.139s] -- Up-to-date: /home/thisum/my_ws/install/moveit_resources/share/moveit_resources/local_setup.dsv
[0.139s] -- Installing: /home/thisum/my_ws/install/moveit_resources/share/moveit_resources/package.dsv
[0.139s] -- Up-to-date: /home/thisum/my_ws/install/moveit_resources/share/ament_index/resource_index/packages/moveit_resources
[0.139s] -- Up-to-date: /home/thisum/my_ws/install/moveit_resources/share/moveit_resources/cmake/moveit_resourcesConfig.cmake
[0.139s] -- Up-to-date: /home/thisum/my_ws/install/moveit_resources/share/moveit_resources/cmake/moveit_resourcesConfig-version.cmake
[0.139s] -- Up-to-date: /home/thisum/my_ws/install/moveit_resources/share/moveit_resources/package.xml
[0.142s] Invoked command in '/home/thisum/my_ws/build/moveit_resources' returned '0': AMENT_PREFIX_PATH=/home/thisum/my_ws/install/moveit_resources_panda_moveit_config:/home/thisum/my_ws/install/moveit_resources_fanuc_moveit_config:/home/thisum/my_ws/install/moveit_resources_pr2_description:/home/thisum/my_ws/install/moveit_resources_panda_description:/home/thisum/my_ws/install/moveit_resources_fanuc_description:${AMENT_PREFIX_PATH} CMAKE_PREFIX_PATH=/home/thisum/my_ws/install/moveit_resources_panda_moveit_config:/home/thisum/my_ws/install/moveit_resources_fanuc_moveit_config:/home/thisum/my_ws/install/moveit_resources_pr2_description:/home/thisum/my_ws/install/moveit_resources_panda_description:/home/thisum/my_ws/install/moveit_resources_fanuc_description:/opt/ros/humble /usr/bin/cmake --install /home/thisum/my_ws/build/moveit_resources
