[0.133s] Invoking command in '/home/thisum/my_ws/src/build/moveit_ros_visualization': AMENT_PREFIX_PATH=/home/thisum/my_ws/src/install/moveit_ros_planning_interface:/home/thisum/my_ws/src/install/moveit_ros_move_group:/home/thisum/my_ws/src/install/moveit_ros_warehouse:/home/thisum/my_ws/src/install/moveit_ros_robot_interaction:/home/thisum/my_ws/src/install/moveit_planners_ompl:/home/thisum/my_ws/src/install/moveit_kinematics:/home/thisum/my_ws/src/install/moveit_ros_planning:/home/thisum/my_ws/src/install/moveit_simple_controller_manager:/home/thisum/my_ws/src/install/moveit_ros_occupancy_map_monitor:/home/thisum/my_ws/src/install/moveit_core:/home/thisum/my_ws/src/install/moveit_resources_panda_moveit_config:/home/thisum/my_ws/src/install/moveit_resources_fanuc_moveit_config:/home/thisum/my_ws/src/install/moveit_configs_utils:/home/thisum/my_ws/src/install/srdfdom:/home/thisum/my_ws/src/install/moveit_resources_pr2_description:/home/thisum/my_ws/src/install/moveit_resources_panda_description:/home/thisum/my_ws/src/install/moveit_resources_fanuc_description:/home/thisum/my_ws/src/install/moveit_common:/home/thisum/my_ws/src/install/launch_param_builder:${AMENT_PREFIX_PATH} CMAKE_PREFIX_PATH=/home/thisum/my_ws/src/install/moveit_ros_planning_interface:/home/thisum/my_ws/src/install/moveit_ros_move_group:/home/thisum/my_ws/src/install/moveit_ros_warehouse:/home/thisum/my_ws/src/install/moveit_ros_robot_interaction:/home/thisum/my_ws/src/install/moveit_planners_ompl:/home/thisum/my_ws/src/install/moveit_kinematics:/home/thisum/my_ws/src/install/moveit_ros_planning:/home/thisum/my_ws/src/install/moveit_simple_controller_manager:/home/thisum/my_ws/src/install/moveit_ros_occupancy_map_monitor:/home/thisum/my_ws/src/install/moveit_core:/home/thisum/my_ws/src/install/moveit_resources_panda_moveit_config:/home/thisum/my_ws/src/install/moveit_resources_fanuc_moveit_config:/home/thisum/my_ws/src/install/srdfdom:/home/thisum/my_ws/src/install/moveit_resources_pr2_description:/home/thisum/my_ws/src/install/moveit_resources_panda_description:/home/thisum/my_ws/src/install/moveit_resources_fanuc_description:/home/thisum/my_ws/src/install/moveit_common:/home/thisum/my_ws/install/pilz_industrial_motion_planner_testutils:/home/thisum/my_ws/install/moveit_runtime:/home/thisum/my_ws/install/moveit2_tutorials:/home/thisum/my_ws/install/moveit:/home/thisum/my_ws/install/arm_config:/home/thisum/my_ws/install/moveit_planners:/home/thisum/my_ws/install/pilz_industrial_motion_planner:/home/thisum/my_ws/install/moveit_visual_tools:/home/thisum/my_ws/install/moveit_task_constructor_visualization:/home/thisum/my_ws/install/moveit_task_constructor_demo:/home/thisum/my_ws/install/moveit_task_constructor_capabilities:/home/thisum/my_ws/install/moveit_task_constructor_core:/home/thisum/my_ws/install/moveit_ros_control_interface:/home/thisum/my_ws/install/moveit_plugins:/home/thisum/my_ws/install/moveit_simple_controller_manager:/home/thisum/my_ws/install/moveit_setup_assistant:/home/thisum/my_ws/install/moveit_setup_srdf_plugins:/home/thisum/my_ws/install/moveit_setup_core_plugins:/home/thisum/my_ws/install/moveit_setup_controllers:/home/thisum/my_ws/install/moveit_setup_app_plugins:/home/thisum/my_ws/install/moveit_setup_framework:/home/thisum/my_ws/install/moveit_servo:/home/thisum/my_ws/install/moveit_ros:/home/thisum/my_ws/install/moveit_ros_visualization:/home/thisum/my_ws/install/moveit_hybrid_planning:/home/thisum/my_ws/install/moveit_ros_planning_interface:/home/thisum/my_ws/install/moveit_ros_benchmarks:/home/thisum/my_ws/install/moveit_ros_warehouse:/home/thisum/my_ws/install/moveit_ros_robot_interaction:/home/thisum/my_ws/install/moveit_ros_perception:/home/thisum/my_ws/install/moveit_resources_prbt_pg70_support:/home/thisum/my_ws/install/moveit_resources_prbt_moveit_config:/home/thisum/my_ws/install/moveit_ros_move_group:/home/thisum/my_ws/install/moveit_planners_ompl:/home/thisum/my_ws/install/moveit_ros_planning:/home/thisum/my_ws/install/moveit_ros_occupancy_map_monitor:/home/thisum/my_ws/install/moveit_resources_prbt_ikfast_manipulator_plugin:/home/thisum/my_ws/install/moveit_planners_chomp:/home/thisum/my_ws/install/moveit_kinematics:/home/thisum/my_ws/install/moveit_chomp_optimizer_adapter:/home/thisum/my_ws/install/chomp_motion_planner:/home/thisum/my_ws/install/moveit_core:/home/thisum/my_ws/install/srdfdom:/home/thisum/my_ws/install/rviz_marker_tools:/home/thisum/my_ws/install/rosparam_shortcuts:/home/thisum/my_ws/install/new_full_arm:/home/thisum/my_ws/install/moveit_task_constructor_msgs:/home/thisum/my_ws/install/moveit_resources_prbt_support:/home/thisum/my_ws/install/moveit_resources:/home/thisum/my_ws/install/moveit_resources_pr2_description:/home/thisum/my_ws/install/moveit_resources_panda_moveit_config:/home/thisum/my_ws/install/moveit_resources_panda_description:/home/thisum/my_ws/install/moveit_resources_fanuc_moveit_config:/home/thisum/my_ws/install/moveit_resources_fanuc_description:/home/thisum/my_ws/install/moveit_common:/home/thisum/arm_ws/install/x:/home/thisum/arm_ws/install/robotiq_description:/home/thisum/arm_ws/install/robotiq_controllers:/home/thisum/arm_ws/install/arm_config:/home/thisum/my_ws/install/moveit_configs_utils:/home/thisum/my_ws/install/launch_param_builder:/home/thisum/arm_ws/install/moveit_configs_utils:/opt/ros/humble:/home/thisum/arm_ws/install/new_full_arm:/home/thisum/arm_ws/install/moveit_resources_prbt_support:/home/thisum/arm_ws/install/moveit_resources_pr2_description:/home/thisum/arm_ws/install/moveit_resources_panda_description:/home/thisum/arm_ws/install/moveit_resources_fanuc_description:/home/thisum/arm_ws/install/moveit_msgs:/home/thisum/arm_ws/install/moveit_common:/home/thisum/arm_ws/install/kortex_api LD_LIBRARY_PATH=/home/thisum/my_ws/src/install/moveit_ros_planning_interface/lib:/home/thisum/my_ws/src/install/moveit_ros_move_group/lib:/home/thisum/my_ws/src/install/moveit_ros_warehouse/lib:/home/thisum/my_ws/src/install/moveit_ros_robot_interaction/lib:/home/thisum/my_ws/src/install/moveit_planners_ompl/lib:/home/thisum/my_ws/src/install/moveit_kinematics/lib:/home/thisum/my_ws/src/install/moveit_ros_planning/lib:/home/thisum/my_ws/src/install/moveit_simple_controller_manager/lib:/home/thisum/my_ws/src/install/moveit_ros_occupancy_map_monitor/lib:/home/thisum/my_ws/src/install/moveit_core/lib:/home/thisum/my_ws/src/install/srdfdom/lib:${LD_LIBRARY_PATH} PATH=/home/thisum/my_ws/src/install/moveit_core/bin:${PATH} PYTHONPATH=/home/thisum/my_ws/src/install/moveit_configs_utils/lib/python3.10/site-packages:/home/thisum/my_ws/src/install/srdfdom/local/lib/python3.10/dist-packages:/home/thisum/my_ws/src/install/launch_param_builder/lib/python3.10/site-packages:${PYTHONPATH} /usr/bin/cmake /home/thisum/my_ws/src/moveit2/moveit_ros/visualization -DCMAKE_BUILD_TYPE=Release -DCMAKE_INSTALL_PREFIX=/home/thisum/my_ws/src/install/moveit_ros_visualization
[0.244s] -- The C compiler identification is GNU 11.4.0
[0.337s] -- The CXX compiler identification is GNU 11.4.0
[0.347s] -- Detecting C compiler ABI info
[0.509s] -- Detecting C compiler ABI info - done
[0.517s] -- Check for working C compiler: /usr/bin/cc - skipped
[0.517s] -- Detecting C compile features
[0.517s] -- Detecting C compile features - done
[0.521s] -- Detecting CXX compiler ABI info
[0.682s] -- Detecting CXX compiler ABI info - done
[0.689s] -- Check for working CXX compiler: /usr/bin/c++ - skipped
[0.690s] -- Detecting CXX compile features
[0.690s] -- Detecting CXX compile features - done
[0.694s] -- Found moveit_common: 2.5.5 (/home/thisum/my_ws/src/install/moveit_common/share/moveit_common/cmake)
[0.708s] -- Found ament_cmake: 1.3.9 (/opt/ros/humble/share/ament_cmake/cmake)
[0.957s] -- Found Python3: /usr/bin/python3 (found version "3.10.12") found components: Interpreter 
[1.328s] -- Found libdw: /usr/lib/x86_64-linux-gnu/libdw.so  
[1.337s] -- Could NOT find libbfd (missing: LIBBFD_LIBRARY LIBBFD_INCLUDE_DIR) 
[1.337s] -- BACKWARD_HAS_UNWIND=1
[1.337s] -- BACKWARD_HAS_BACKTRACE=0
[1.337s] -- BACKWARD_HAS_BACKTRACE_SYMBOL=0
[1.337s] -- BACKWARD_HAS_DW=1
[1.337s] -- BACKWARD_HAS_BFD=0
[1.337s] -- Found Backward: /opt/ros/humble/share/backward_ros/cmake  
[1.350s] -- Found class_loader: 2.2.0 (/opt/ros/humble/share/class_loader/cmake)
[1.417s] -- Found geometric_shapes: 2.1.3 (/opt/ros/humble/share/geometric_shapes/cmake)
[1.464s] -- Found Boost: /usr/lib/x86_64-linux-gnu/cmake/Boost-1.74.0/BoostConfig.cmake (found version "1.74.0") found components: filesystem 
[1.676s] -- Found rosidl_generator_c: 3.1.5 (/opt/ros/humble/share/rosidl_generator_c/cmake)
[1.706s] -- Found rosidl_adapter: 3.1.5 (/opt/ros/humble/share/rosidl_adapter/cmake)
[1.739s] -- Found rosidl_generator_cpp: 3.1.5 (/opt/ros/humble/share/rosidl_generator_cpp/cmake)
[1.786s] -- Using all available rosidl_typesupport_c: rosidl_typesupport_fastrtps_c;rosidl_typesupport_introspection_c
[1.837s] -- Using all available rosidl_typesupport_cpp: rosidl_typesupport_fastrtps_cpp;rosidl_typesupport_introspection_cpp
[2.212s] -- Found rmw_implementation_cmake: 6.1.2 (/opt/ros/humble/share/rmw_implementation_cmake/cmake)
[2.229s] -- Found rmw_fastrtps_cpp: 6.2.6 (/opt/ros/humble/share/rmw_fastrtps_cpp/cmake)
[2.507s] -- Found OpenSSL: /usr/lib/x86_64-linux-gnu/libcrypto.so (found version "3.0.2")  
[2.565s] -- Found FastRTPS: /opt/ros/humble/include  
[2.660s] -- Using RMW implementation 'rmw_fastrtps_cpp' as default
[2.710s] -- Looking for pthread.h
[2.892s] -- Looking for pthread.h - found
[2.893s] -- Performing Test CMAKE_HAVE_LIBC_PTHREAD
[3.072s] -- Performing Test CMAKE_HAVE_LIBC_PTHREAD - Success
[3.073s] -- Found Threads: TRUE  
[3.458s] -- library: /usr/lib/x86_64-linux-gnu/libcurl.so
[3.793s] -- Found interactive_markers: 2.3.2 (/opt/ros/humble/share/interactive_markers/cmake)
[3.832s] -- Found moveit_ros_planning: 2.5.5 (/home/thisum/my_ws/src/install/moveit_ros_planning/share/moveit_ros_planning/cmake)
[3.938s] -- Found Boost: /usr/lib/x86_64-linux-gnu/cmake/Boost-1.74.0/BoostConfig.cmake (found version "1.74.0") found components: system filesystem date_time program_options thread chrono 
[4.639s] -- Found Boost: /usr/lib/x86_64-linux-gnu/cmake/Boost-1.74.0/BoostConfig.cmake (found version "1.74.0") found components: chrono date_time filesystem iostreams program_options regex serialization system thread 
[4.763s] -- Found parameter_traits: 0.3.8 (/opt/ros/humble/share/parameter_traits/cmake)
[4.818s] -- Found Eigen3: TRUE (found version "3.4.0") 
[4.836s] -- Found rclcpp_lifecycle: 16.0.9 (/opt/ros/humble/share/rclcpp_lifecycle/cmake)
[4.965s] -- Ensuring Eigen3 include directory is part of orocos-kdl CMake target
[6.293s] -- Found moveit_ros_planning_interface: 2.5.5 (/home/thisum/my_ws/src/install/moveit_ros_planning_interface/share/moveit_ros_planning_interface/cmake)
[6.300s] -- Found Boost: /usr/lib/x86_64-linux-gnu/cmake/Boost-1.74.0/BoostConfig.cmake (found version "1.74.0") found components: date_time filesystem program_options system thread 
[6.496s] -- Found Boost: /usr/lib/x86_64-linux-gnu/cmake/Boost-1.74.0/BoostConfig.cmake (found version "1.74.0") found components: thread system filesystem regex date_time program_options 
[6.750s] -- Found Boost: /usr/lib/x86_64-linux-gnu/cmake/Boost-1.74.0/BoostConfig.cmake (found version "1.74.0") found components: system filesystem date_time program_options thread 
[7.190s] -- Found moveit_ros_robot_interaction: 2.5.5 (/home/thisum/my_ws/src/install/moveit_ros_robot_interaction/share/moveit_ros_robot_interaction/cmake)
[7.332s] -- Found rclpy: 3.3.13 (/opt/ros/humble/share/rclpy/cmake)
[7.348s] -- Found rviz2: 11.2.12 (/opt/ros/humble/share/rviz2/cmake)
[7.364s] -- Found rviz_common: 11.2.12 (/opt/ros/humble/share/rviz_common/cmake)
[7.484s] -- Setting OGRE_DIR to: '/opt/ros/humble/share/rviz_ogre_vendor/cmake/../../../opt/rviz_ogre_vendor/lib/OGRE/cmake'
[7.486s] -- Found OGRE
[7.486s] --   static     : OFF
[7.486s] --   components : HLMS;MeshLodGenerator;Overlay;Paging;Property;RTShaderSystem;Terrain;Volume
[7.486s] --   plugins    : Plugin_BSPSceneManager;Plugin_OctreeSceneManager;Plugin_PCZSceneManager;Plugin_ParticleFX;RenderSystem_GL;RenderSystem_GL3Plus;Codec_STBI
[7.486s] --   media      : /opt/ros/humble/opt/rviz_ogre_vendor/share/OGRE/Media
[7.487s] -- OGRE_LIBRARIES: OgreHLMS;OgreMeshLodGenerator;OgreOverlay;OgrePaging;OgreProperty;OgreRTShaderSystem;OgreTerrain;OgreVolume;OgreMain
[7.488s] -- OGRE_LIBRARY_DIRS: /opt/ros/humble/opt/rviz_ogre_vendor/lib
[7.488s] -- OGRE_PLUGINS: Plugin_BSPSceneManager;Plugin_OctreeSceneManager;Plugin_PCZSceneManager;Plugin_ParticleFX;RenderSystem_GL;RenderSystem_GL3Plus;Codec_STBI
[7.488s] -- OGRE_PLUGIN_DIR: /opt/ros/humble/opt/rviz_ogre_vendor/lib/OGRE
[7.488s] -- rviz_ogre_vendor::OgreOverlay for IMPORTED_LOCATION_RELEASE: /opt/ros/humble/opt/rviz_ogre_vendor/lib/libOgreOverlay.so
[7.488s] -- rviz_ogre_vendor::OgreOverlay for IMPORTED_LOCATION_DEBUG: /opt/ros/humble/opt/rviz_ogre_vendor/lib/libOgreOverlay.so
[7.488s] -- rviz_ogre_vendor::OgreMain for IMPORTED_LOCATION_RELEASE: /opt/ros/humble/opt/rviz_ogre_vendor/lib/libOgreMain.so
[7.488s] -- rviz_ogre_vendor::OgreMain for IMPORTED_LOCATION_DEBUG: /opt/ros/humble/opt/rviz_ogre_vendor/lib/libOgreMain.so
[7.544s] -- Found ZLIB: /usr/lib/x86_64-linux-gnu/libz.so (found version "1.2.11") 
[7.562s] -- Found OpenGL: /usr/lib/x86_64-linux-gnu/libOpenGL.so   
[7.818s] -- Found X11: /usr/include   
[7.819s] -- Looking for XOpenDisplay in /usr/lib/x86_64-linux-gnu/libX11.so;/usr/lib/x86_64-linux-gnu/libXext.so
[8.030s] -- Looking for XOpenDisplay in /usr/lib/x86_64-linux-gnu/libX11.so;/usr/lib/x86_64-linux-gnu/libXext.so - found
[8.030s] -- Looking for gethostbyname
[8.303s] -- Looking for gethostbyname - found
[8.303s] -- Looking for connect
[8.489s] -- Looking for connect - found
[8.489s] -- Looking for remove
[8.662s] -- Looking for remove - found
[8.663s] -- Looking for shmat
[8.854s] -- Looking for shmat - found
[8.855s] -- Looking for IceConnectionNumber in ICE
[9.057s] -- Looking for IceConnectionNumber in ICE - found
[9.063s] -- rviz_ogre_vendor::RenderSystem_GL for IMPORTED_LOCATION_RELEASE: _render_system_gl_static_library_abs-NOTFOUND
[9.063s] -- rviz_ogre_vendor::RenderSystem_GL for IMPORTED_LOCATION_DEBUG: _render_system_gl_static_library_abs-NOTFOUND
[9.186s] -- Found rviz_default_plugins: 11.2.12 (/opt/ros/humble/share/rviz_default_plugins/cmake)
[9.708s] -- Found Boost: /usr/lib/x86_64-linux-gnu/cmake/Boost-1.74.0/BoostConfig.cmake (found version "1.74.0") found components: thread date_time system filesystem 
[9.785s] -- Performing Test COMPILER_HAS_HIDDEN_VISIBILITY
[9.980s] -- Performing Test COMPILER_HAS_HIDDEN_VISIBILITY - Success
[9.981s] -- Performing Test COMPILER_HAS_HIDDEN_INLINE_VISIBILITY
[10.166s] -- Performing Test COMPILER_HAS_HIDDEN_INLINE_VISIBILITY - Success
[10.166s] -- Performing Test COMPILER_HAS_DEPRECATED_ATTR
[10.354s] -- Performing Test COMPILER_HAS_DEPRECATED_ATTR - Success
[10.456s] -- Found ament_lint_auto: 0.12.11 (/opt/ros/humble/share/ament_lint_auto/cmake)
[10.557s] -- Added test 'cppcheck' to perform static code analysis on C / C++ code
[10.557s] -- Configured cppcheck include dirs: /home/thisum/my_ws/src/moveit2/moveit_ros/visualization/rviz_plugin_render_tools/include;/home/thisum/my_ws/src/moveit2/moveit_ros/visualization/robot_state_rviz_plugin/include;/home/thisum/my_ws/src/moveit2/moveit_ros/visualization/planning_scene_rviz_plugin/include;/home/thisum/my_ws/src/moveit2/moveit_ros/visualization/motion_planning_rviz_plugin/include;/home/thisum/my_ws/src/moveit2/moveit_ros/visualization/trajectory_rviz_plugin/include
[10.558s] -- Configured cppcheck exclude dirs and/or files: 
[10.562s] -- Added test 'lint_cmake' to check CMake code style
[10.564s] -- Added test 'pep257' to check Python code against some of the docstring style conventions in PEP 257
[10.567s] -- Added test 'xmllint' to check XML markup files
[10.574s] -- Configuring done
[11.060s] -- Generating done
[11.068s] -- Build files have been written to: /home/thisum/my_ws/src/build/moveit_ros_visualization
[11.100s] Invoked command in '/home/thisum/my_ws/src/build/moveit_ros_visualization' returned '0': AMENT_PREFIX_PATH=/home/thisum/my_ws/src/install/moveit_ros_planning_interface:/home/thisum/my_ws/src/install/moveit_ros_move_group:/home/thisum/my_ws/src/install/moveit_ros_warehouse:/home/thisum/my_ws/src/install/moveit_ros_robot_interaction:/home/thisum/my_ws/src/install/moveit_planners_ompl:/home/thisum/my_ws/src/install/moveit_kinematics:/home/thisum/my_ws/src/install/moveit_ros_planning:/home/thisum/my_ws/src/install/moveit_simple_controller_manager:/home/thisum/my_ws/src/install/moveit_ros_occupancy_map_monitor:/home/thisum/my_ws/src/install/moveit_core:/home/thisum/my_ws/src/install/moveit_resources_panda_moveit_config:/home/thisum/my_ws/src/install/moveit_resources_fanuc_moveit_config:/home/thisum/my_ws/src/install/moveit_configs_utils:/home/thisum/my_ws/src/install/srdfdom:/home/thisum/my_ws/src/install/moveit_resources_pr2_description:/home/thisum/my_ws/src/install/moveit_resources_panda_description:/home/thisum/my_ws/src/install/moveit_resources_fanuc_description:/home/thisum/my_ws/src/install/moveit_common:/home/thisum/my_ws/src/install/launch_param_builder:${AMENT_PREFIX_PATH} CMAKE_PREFIX_PATH=/home/thisum/my_ws/src/install/moveit_ros_planning_interface:/home/thisum/my_ws/src/install/moveit_ros_move_group:/home/thisum/my_ws/src/install/moveit_ros_warehouse:/home/thisum/my_ws/src/install/moveit_ros_robot_interaction:/home/thisum/my_ws/src/install/moveit_planners_ompl:/home/thisum/my_ws/src/install/moveit_kinematics:/home/thisum/my_ws/src/install/moveit_ros_planning:/home/thisum/my_ws/src/install/moveit_simple_controller_manager:/home/thisum/my_ws/src/install/moveit_ros_occupancy_map_monitor:/home/thisum/my_ws/src/install/moveit_core:/home/thisum/my_ws/src/install/moveit_resources_panda_moveit_config:/home/thisum/my_ws/src/install/moveit_resources_fanuc_moveit_config:/home/thisum/my_ws/src/install/srdfdom:/home/thisum/my_ws/src/install/moveit_resources_pr2_description:/home/thisum/my_ws/src/install/moveit_resources_panda_description:/home/thisum/my_ws/src/install/moveit_resources_fanuc_description:/home/thisum/my_ws/src/install/moveit_common:/home/thisum/my_ws/install/pilz_industrial_motion_planner_testutils:/home/thisum/my_ws/install/moveit_runtime:/home/thisum/my_ws/install/moveit2_tutorials:/home/thisum/my_ws/install/moveit:/home/thisum/my_ws/install/arm_config:/home/thisum/my_ws/install/moveit_planners:/home/thisum/my_ws/install/pilz_industrial_motion_planner:/home/thisum/my_ws/install/moveit_visual_tools:/home/thisum/my_ws/install/moveit_task_constructor_visualization:/home/thisum/my_ws/install/moveit_task_constructor_demo:/home/thisum/my_ws/install/moveit_task_constructor_capabilities:/home/thisum/my_ws/install/moveit_task_constructor_core:/home/thisum/my_ws/install/moveit_ros_control_interface:/home/thisum/my_ws/install/moveit_plugins:/home/thisum/my_ws/install/moveit_simple_controller_manager:/home/thisum/my_ws/install/moveit_setup_assistant:/home/thisum/my_ws/install/moveit_setup_srdf_plugins:/home/thisum/my_ws/install/moveit_setup_core_plugins:/home/thisum/my_ws/install/moveit_setup_controllers:/home/thisum/my_ws/install/moveit_setup_app_plugins:/home/thisum/my_ws/install/moveit_setup_framework:/home/thisum/my_ws/install/moveit_servo:/home/thisum/my_ws/install/moveit_ros:/home/thisum/my_ws/install/moveit_ros_visualization:/home/thisum/my_ws/install/moveit_hybrid_planning:/home/thisum/my_ws/install/moveit_ros_planning_interface:/home/thisum/my_ws/install/moveit_ros_benchmarks:/home/thisum/my_ws/install/moveit_ros_warehouse:/home/thisum/my_ws/install/moveit_ros_robot_interaction:/home/thisum/my_ws/install/moveit_ros_perception:/home/thisum/my_ws/install/moveit_resources_prbt_pg70_support:/home/thisum/my_ws/install/moveit_resources_prbt_moveit_config:/home/thisum/my_ws/install/moveit_ros_move_group:/home/thisum/my_ws/install/moveit_planners_ompl:/home/thisum/my_ws/install/moveit_ros_planning:/home/thisum/my_ws/install/moveit_ros_occupancy_map_monitor:/home/thisum/my_ws/install/moveit_resources_prbt_ikfast_manipulator_plugin:/home/thisum/my_ws/install/moveit_planners_chomp:/home/thisum/my_ws/install/moveit_kinematics:/home/thisum/my_ws/install/moveit_chomp_optimizer_adapter:/home/thisum/my_ws/install/chomp_motion_planner:/home/thisum/my_ws/install/moveit_core:/home/thisum/my_ws/install/srdfdom:/home/thisum/my_ws/install/rviz_marker_tools:/home/thisum/my_ws/install/rosparam_shortcuts:/home/thisum/my_ws/install/new_full_arm:/home/thisum/my_ws/install/moveit_task_constructor_msgs:/home/thisum/my_ws/install/moveit_resources_prbt_support:/home/thisum/my_ws/install/moveit_resources:/home/thisum/my_ws/install/moveit_resources_pr2_description:/home/thisum/my_ws/install/moveit_resources_panda_moveit_config:/home/thisum/my_ws/install/moveit_resources_panda_description:/home/thisum/my_ws/install/moveit_resources_fanuc_moveit_config:/home/thisum/my_ws/install/moveit_resources_fanuc_description:/home/thisum/my_ws/install/moveit_common:/home/thisum/arm_ws/install/x:/home/thisum/arm_ws/install/robotiq_description:/home/thisum/arm_ws/install/robotiq_controllers:/home/thisum/arm_ws/install/arm_config:/home/thisum/my_ws/install/moveit_configs_utils:/home/thisum/my_ws/install/launch_param_builder:/home/thisum/arm_ws/install/moveit_configs_utils:/opt/ros/humble:/home/thisum/arm_ws/install/new_full_arm:/home/thisum/arm_ws/install/moveit_resources_prbt_support:/home/thisum/arm_ws/install/moveit_resources_pr2_description:/home/thisum/arm_ws/install/moveit_resources_panda_description:/home/thisum/arm_ws/install/moveit_resources_fanuc_description:/home/thisum/arm_ws/install/moveit_msgs:/home/thisum/arm_ws/install/moveit_common:/home/thisum/arm_ws/install/kortex_api LD_LIBRARY_PATH=/home/thisum/my_ws/src/install/moveit_ros_planning_interface/lib:/home/thisum/my_ws/src/install/moveit_ros_move_group/lib:/home/thisum/my_ws/src/install/moveit_ros_warehouse/lib:/home/thisum/my_ws/src/install/moveit_ros_robot_interaction/lib:/home/thisum/my_ws/src/install/moveit_planners_ompl/lib:/home/thisum/my_ws/src/install/moveit_kinematics/lib:/home/thisum/my_ws/src/install/moveit_ros_planning/lib:/home/thisum/my_ws/src/install/moveit_simple_controller_manager/lib:/home/thisum/my_ws/src/install/moveit_ros_occupancy_map_monitor/lib:/home/thisum/my_ws/src/install/moveit_core/lib:/home/thisum/my_ws/src/install/srdfdom/lib:${LD_LIBRARY_PATH} PATH=/home/thisum/my_ws/src/install/moveit_core/bin:${PATH} PYTHONPATH=/home/thisum/my_ws/src/install/moveit_configs_utils/lib/python3.10/site-packages:/home/thisum/my_ws/src/install/srdfdom/local/lib/python3.10/dist-packages:/home/thisum/my_ws/src/install/launch_param_builder/lib/python3.10/site-packages:${PYTHONPATH} /usr/bin/cmake /home/thisum/my_ws/src/moveit2/moveit_ros/visualization -DCMAKE_BUILD_TYPE=Release -DCMAKE_INSTALL_PREFIX=/home/thisum/my_ws/src/install/moveit_ros_visualization
[11.101s] Invoking command in '/home/thisum/my_ws/src/build/moveit_ros_visualization': AMENT_PREFIX_PATH=/home/thisum/my_ws/src/install/moveit_ros_planning_interface:/home/thisum/my_ws/src/install/moveit_ros_move_group:/home/thisum/my_ws/src/install/moveit_ros_warehouse:/home/thisum/my_ws/src/install/moveit_ros_robot_interaction:/home/thisum/my_ws/src/install/moveit_planners_ompl:/home/thisum/my_ws/src/install/moveit_kinematics:/home/thisum/my_ws/src/install/moveit_ros_planning:/home/thisum/my_ws/src/install/moveit_simple_controller_manager:/home/thisum/my_ws/src/install/moveit_ros_occupancy_map_monitor:/home/thisum/my_ws/src/install/moveit_core:/home/thisum/my_ws/src/install/moveit_resources_panda_moveit_config:/home/thisum/my_ws/src/install/moveit_resources_fanuc_moveit_config:/home/thisum/my_ws/src/install/moveit_configs_utils:/home/thisum/my_ws/src/install/srdfdom:/home/thisum/my_ws/src/install/moveit_resources_pr2_description:/home/thisum/my_ws/src/install/moveit_resources_panda_description:/home/thisum/my_ws/src/install/moveit_resources_fanuc_description:/home/thisum/my_ws/src/install/moveit_common:/home/thisum/my_ws/src/install/launch_param_builder:${AMENT_PREFIX_PATH} CMAKE_PREFIX_PATH=/home/thisum/my_ws/src/install/moveit_ros_planning_interface:/home/thisum/my_ws/src/install/moveit_ros_move_group:/home/thisum/my_ws/src/install/moveit_ros_warehouse:/home/thisum/my_ws/src/install/moveit_ros_robot_interaction:/home/thisum/my_ws/src/install/moveit_planners_ompl:/home/thisum/my_ws/src/install/moveit_kinematics:/home/thisum/my_ws/src/install/moveit_ros_planning:/home/thisum/my_ws/src/install/moveit_simple_controller_manager:/home/thisum/my_ws/src/install/moveit_ros_occupancy_map_monitor:/home/thisum/my_ws/src/install/moveit_core:/home/thisum/my_ws/src/install/moveit_resources_panda_moveit_config:/home/thisum/my_ws/src/install/moveit_resources_fanuc_moveit_config:/home/thisum/my_ws/src/install/srdfdom:/home/thisum/my_ws/src/install/moveit_resources_pr2_description:/home/thisum/my_ws/src/install/moveit_resources_panda_description:/home/thisum/my_ws/src/install/moveit_resources_fanuc_description:/home/thisum/my_ws/src/install/moveit_common:/home/thisum/my_ws/install/pilz_industrial_motion_planner_testutils:/home/thisum/my_ws/install/moveit_runtime:/home/thisum/my_ws/install/moveit2_tutorials:/home/thisum/my_ws/install/moveit:/home/thisum/my_ws/install/arm_config:/home/thisum/my_ws/install/moveit_planners:/home/thisum/my_ws/install/pilz_industrial_motion_planner:/home/thisum/my_ws/install/moveit_visual_tools:/home/thisum/my_ws/install/moveit_task_constructor_visualization:/home/thisum/my_ws/install/moveit_task_constructor_demo:/home/thisum/my_ws/install/moveit_task_constructor_capabilities:/home/thisum/my_ws/install/moveit_task_constructor_core:/home/thisum/my_ws/install/moveit_ros_control_interface:/home/thisum/my_ws/install/moveit_plugins:/home/thisum/my_ws/install/moveit_simple_controller_manager:/home/thisum/my_ws/install/moveit_setup_assistant:/home/thisum/my_ws/install/moveit_setup_srdf_plugins:/home/thisum/my_ws/install/moveit_setup_core_plugins:/home/thisum/my_ws/install/moveit_setup_controllers:/home/thisum/my_ws/install/moveit_setup_app_plugins:/home/thisum/my_ws/install/moveit_setup_framework:/home/thisum/my_ws/install/moveit_servo:/home/thisum/my_ws/install/moveit_ros:/home/thisum/my_ws/install/moveit_ros_visualization:/home/thisum/my_ws/install/moveit_hybrid_planning:/home/thisum/my_ws/install/moveit_ros_planning_interface:/home/thisum/my_ws/install/moveit_ros_benchmarks:/home/thisum/my_ws/install/moveit_ros_warehouse:/home/thisum/my_ws/install/moveit_ros_robot_interaction:/home/thisum/my_ws/install/moveit_ros_perception:/home/thisum/my_ws/install/moveit_resources_prbt_pg70_support:/home/thisum/my_ws/install/moveit_resources_prbt_moveit_config:/home/thisum/my_ws/install/moveit_ros_move_group:/home/thisum/my_ws/install/moveit_planners_ompl:/home/thisum/my_ws/install/moveit_ros_planning:/home/thisum/my_ws/install/moveit_ros_occupancy_map_monitor:/home/thisum/my_ws/install/moveit_resources_prbt_ikfast_manipulator_plugin:/home/thisum/my_ws/install/moveit_planners_chomp:/home/thisum/my_ws/install/moveit_kinematics:/home/thisum/my_ws/install/moveit_chomp_optimizer_adapter:/home/thisum/my_ws/install/chomp_motion_planner:/home/thisum/my_ws/install/moveit_core:/home/thisum/my_ws/install/srdfdom:/home/thisum/my_ws/install/rviz_marker_tools:/home/thisum/my_ws/install/rosparam_shortcuts:/home/thisum/my_ws/install/new_full_arm:/home/thisum/my_ws/install/moveit_task_constructor_msgs:/home/thisum/my_ws/install/moveit_resources_prbt_support:/home/thisum/my_ws/install/moveit_resources:/home/thisum/my_ws/install/moveit_resources_pr2_description:/home/thisum/my_ws/install/moveit_resources_panda_moveit_config:/home/thisum/my_ws/install/moveit_resources_panda_description:/home/thisum/my_ws/install/moveit_resources_fanuc_moveit_config:/home/thisum/my_ws/install/moveit_resources_fanuc_description:/home/thisum/my_ws/install/moveit_common:/home/thisum/arm_ws/install/x:/home/thisum/arm_ws/install/robotiq_description:/home/thisum/arm_ws/install/robotiq_controllers:/home/thisum/arm_ws/install/arm_config:/home/thisum/my_ws/install/moveit_configs_utils:/home/thisum/my_ws/install/launch_param_builder:/home/thisum/arm_ws/install/moveit_configs_utils:/opt/ros/humble:/home/thisum/arm_ws/install/new_full_arm:/home/thisum/arm_ws/install/moveit_resources_prbt_support:/home/thisum/arm_ws/install/moveit_resources_pr2_description:/home/thisum/arm_ws/install/moveit_resources_panda_description:/home/thisum/arm_ws/install/moveit_resources_fanuc_description:/home/thisum/arm_ws/install/moveit_msgs:/home/thisum/arm_ws/install/moveit_common:/home/thisum/arm_ws/install/kortex_api LD_LIBRARY_PATH=/home/thisum/my_ws/src/install/moveit_ros_planning_interface/lib:/home/thisum/my_ws/src/install/moveit_ros_move_group/lib:/home/thisum/my_ws/src/install/moveit_ros_warehouse/lib:/home/thisum/my_ws/src/install/moveit_ros_robot_interaction/lib:/home/thisum/my_ws/src/install/moveit_planners_ompl/lib:/home/thisum/my_ws/src/install/moveit_kinematics/lib:/home/thisum/my_ws/src/install/moveit_ros_planning/lib:/home/thisum/my_ws/src/install/moveit_simple_controller_manager/lib:/home/thisum/my_ws/src/install/moveit_ros_occupancy_map_monitor/lib:/home/thisum/my_ws/src/install/moveit_core/lib:/home/thisum/my_ws/src/install/srdfdom/lib:${LD_LIBRARY_PATH} PATH=/home/thisum/my_ws/src/install/moveit_core/bin:${PATH} PYTHONPATH=/home/thisum/my_ws/src/install/moveit_configs_utils/lib/python3.10/site-packages:/home/thisum/my_ws/src/install/srdfdom/local/lib/python3.10/dist-packages:/home/thisum/my_ws/src/install/launch_param_builder/lib/python3.10/site-packages:${PYTHONPATH} /usr/bin/cmake --build /home/thisum/my_ws/src/build/moveit_ros_visualization -- -j6 -l6
[11.250s] [  1%] [34m[1mAutomatic MOC for target moveit_rviz_plugin_render_tools[0m
[11.769s] [  1%] Built target moveit_rviz_plugin_render_tools_autogen
[11.833s] [  3%] [32mBuilding CXX object rviz_plugin_render_tools/CMakeFiles/moveit_rviz_plugin_render_tools.dir/moveit_rviz_plugin_render_tools_autogen/mocs_compilation.cpp.o[0m
[21.639s] [  5%] [32mBuilding CXX object rviz_plugin_render_tools/CMakeFiles/moveit_rviz_plugin_render_tools.dir/src/octomap_render.cpp.o[0m
[23.836s] [  6%] [32mBuilding CXX object rviz_plugin_render_tools/CMakeFiles/moveit_rviz_plugin_render_tools.dir/src/trajectory_visualization.cpp.o[0m
[24.862s] [  8%] [32mBuilding CXX object rviz_plugin_render_tools/CMakeFiles/moveit_rviz_plugin_render_tools.dir/src/planning_link_updater.cpp.o[0m
[25.236s] [ 10%] [32mBuilding CXX object rviz_plugin_render_tools/CMakeFiles/moveit_rviz_plugin_render_tools.dir/src/planning_scene_render.cpp.o[0m
[26.265s] [ 12%] [32mBuilding CXX object rviz_plugin_render_tools/CMakeFiles/moveit_rviz_plugin_render_tools.dir/src/trajectory_panel.cpp.o[0m
[27.296s] [ 13%] [32mBuilding CXX object rviz_plugin_render_tools/CMakeFiles/moveit_rviz_plugin_render_tools.dir/src/robot_state_visualization.cpp.o[0m
[28.346s] [ 15%] [32mBuilding CXX object rviz_plugin_render_tools/CMakeFiles/moveit_rviz_plugin_render_tools.dir/src/render_shapes.cpp.o[0m
[31.334s] [ 17%] [32mBuilding CXX object rviz_plugin_render_tools/CMakeFiles/moveit_rviz_plugin_render_tools.dir/src/mesh_shape.cpp.o[0m
[47.810s] [ 18%] [32m[1mLinking CXX shared library libmoveit_rviz_plugin_render_tools.so[0m
[52.056s] [ 18%] Built target moveit_rviz_plugin_render_tools
[52.115s] [ 22%] [34m[1mAutomatic MOC for target moveit_robot_state_rviz_plugin_core[0m
[52.115s] [ 22%] [34m[1mAutomatic MOC for target moveit_planning_scene_rviz_plugin_core[0m
[52.454s] [ 22%] Built target moveit_robot_state_rviz_plugin_core_autogen
[52.522s] [ 25%] [32mBuilding CXX object robot_state_rviz_plugin/CMakeFiles/moveit_robot_state_rviz_plugin_core.dir/src/robot_state_display.cpp.o[0m
[52.522s] [ 25%] [32mBuilding CXX object robot_state_rviz_plugin/CMakeFiles/moveit_robot_state_rviz_plugin_core.dir/moveit_robot_state_rviz_plugin_core_autogen/mocs_compilation.cpp.o[0m
[52.631s] [ 25%] Built target moveit_planning_scene_rviz_plugin_core_autogen
[52.692s] [ 27%] [32mBuilding CXX object planning_scene_rviz_plugin/CMakeFiles/moveit_planning_scene_rviz_plugin_core.dir/src/planning_scene_display.cpp.o[0m
[52.692s] [ 29%] [32mBuilding CXX object planning_scene_rviz_plugin/CMakeFiles/moveit_planning_scene_rviz_plugin_core.dir/src/background_processing.cpp.o[0m
[52.703s] [ 31%] [32mBuilding CXX object planning_scene_rviz_plugin/CMakeFiles/moveit_planning_scene_rviz_plugin_core.dir/moveit_planning_scene_rviz_plugin_core_autogen/mocs_compilation.cpp.o[0m
[71.370s] [ 32%] [32m[1mLinking CXX shared library libmoveit_planning_scene_rviz_plugin_core.so[0m
[74.999s] [ 34%] [32m[1mLinking CXX shared library libmoveit_robot_state_rviz_plugin_core.so[0m
[75.744s] [ 34%] Built target moveit_planning_scene_rviz_plugin_core
[75.799s] [ 37%] [34m[1mAutomatic MOC for target moveit_planning_scene_rviz_plugin[0m
[75.799s] [ 37%] [34m[1mAutomatic MOC for target moveit_trajectory_rviz_plugin_core[0m
[75.906s] [ 37%] Built target moveit_planning_scene_rviz_plugin_autogen
[75.990s] [ 39%] [32mBuilding CXX object planning_scene_rviz_plugin/CMakeFiles/moveit_planning_scene_rviz_plugin.dir/moveit_planning_scene_rviz_plugin_autogen/mocs_compilation.cpp.o[0m
[75.990s] [ 41%] [32mBuilding CXX object planning_scene_rviz_plugin/CMakeFiles/moveit_planning_scene_rviz_plugin.dir/src/plugin_init.cpp.o[0m
[76.352s] [ 41%] Built target moveit_trajectory_rviz_plugin_core_autogen
[76.429s] [ 43%] [32mBuilding CXX object trajectory_rviz_plugin/CMakeFiles/moveit_trajectory_rviz_plugin_core.dir/src/trajectory_display.cpp.o[0m
[76.429s] [ 44%] [32mBuilding CXX object trajectory_rviz_plugin/CMakeFiles/moveit_trajectory_rviz_plugin_core.dir/moveit_trajectory_rviz_plugin_core_autogen/mocs_compilation.cpp.o[0m
[80.467s] [ 44%] Built target moveit_robot_state_rviz_plugin_core
[80.553s] [ 46%] [34m[1mAutomatic MOC for target moveit_robot_state_rviz_plugin[0m
[80.646s] [ 46%] Built target moveit_robot_state_rviz_plugin_autogen
[80.731s] [ 48%] [32mBuilding CXX object robot_state_rviz_plugin/CMakeFiles/moveit_robot_state_rviz_plugin.dir/src/plugin_init.cpp.o[0m
[80.734s] [ 50%] [32mBuilding CXX object robot_state_rviz_plugin/CMakeFiles/moveit_robot_state_rviz_plugin.dir/moveit_robot_state_rviz_plugin_autogen/mocs_compilation.cpp.o[0m
[91.683s] [ 51%] [32m[1mLinking CXX shared library libmoveit_trajectory_rviz_plugin_core.so[0m
[93.466s] [ 51%] Built target moveit_trajectory_rviz_plugin_core
[93.530s] [ 53%] [34m[1mAutomatic MOC for target moveit_trajectory_rviz_plugin[0m
[93.625s] [ 53%] Built target moveit_trajectory_rviz_plugin_autogen
[93.697s] [ 55%] [32mBuilding CXX object trajectory_rviz_plugin/CMakeFiles/moveit_trajectory_rviz_plugin.dir/src/plugin_init.cpp.o[0m
[93.697s] [ 56%] [32mBuilding CXX object trajectory_rviz_plugin/CMakeFiles/moveit_trajectory_rviz_plugin.dir/moveit_trajectory_rviz_plugin_autogen/mocs_compilation.cpp.o[0m
[94.482s] [ 58%] [32m[1mLinking CXX shared library libmoveit_planning_scene_rviz_plugin.so[0m
[94.995s] [ 60%] [32m[1mLinking CXX shared library libmoveit_robot_state_rviz_plugin.so[0m
[95.638s] [ 60%] Built target moveit_planning_scene_rviz_plugin
[95.728s] [ 62%] [34m[1mAutomatic MOC for target moveit_motion_planning_rviz_plugin_core[0m
[96.294s] [ 62%] Built target moveit_robot_state_rviz_plugin
[96.711s] [ 62%] Built target moveit_motion_planning_rviz_plugin_core_autogen
[96.745s] [ 67%] [34m[1mGenerating ui_motion_planning_rviz_plugin_frame.h[0m
[96.746s] [ 67%] [34m[1mGenerating ui_motion_planning_rviz_plugin_frame_joints.h[0m
[96.746s] [ 67%] [34m[1mAutomatic RCC for src/icons/icons.qrc[0m
[96.929s] [ 70%] [32mBuilding CXX object motion_planning_rviz_plugin/CMakeFiles/moveit_motion_planning_rviz_plugin_core.dir/src/motion_planning_frame_context.cpp.o[0m
[96.930s] [ 70%] [32mBuilding CXX object motion_planning_rviz_plugin/CMakeFiles/moveit_motion_planning_rviz_plugin_core.dir/moveit_motion_planning_rviz_plugin_core_autogen/mocs_compilation.cpp.o[0m
[96.931s] [ 74%] [32mBuilding CXX object motion_planning_rviz_plugin/CMakeFiles/moveit_motion_planning_rviz_plugin_core.dir/src/motion_planning_frame_planning.cpp.o[0m
[96.931s] [ 74%] [32mBuilding CXX object motion_planning_rviz_plugin/CMakeFiles/moveit_motion_planning_rviz_plugin_core.dir/src/motion_planning_frame.cpp.o[0m
[96.934s] [ 75%] [32mBuilding CXX object motion_planning_rviz_plugin/CMakeFiles/moveit_motion_planning_rviz_plugin_core.dir/src/motion_planning_frame_objects.cpp.o[0m
[109.352s] [ 77%] [32m[1mLinking CXX shared library libmoveit_trajectory_rviz_plugin.so[0m
[110.961s] [ 77%] Built target moveit_trajectory_rviz_plugin
[159.933s] [ 79%] [32mBuilding CXX object motion_planning_rviz_plugin/CMakeFiles/moveit_motion_planning_rviz_plugin_core.dir/src/motion_planning_frame_manipulation.cpp.o[0m
[179.236s] [ 81%] [32mBuilding CXX object motion_planning_rviz_plugin/CMakeFiles/moveit_motion_planning_rviz_plugin_core.dir/src/motion_planning_param_widget.cpp.o[0m
[189.311s] [ 82%] [32mBuilding CXX object motion_planning_rviz_plugin/CMakeFiles/moveit_motion_planning_rviz_plugin_core.dir/src/interactive_marker_display.cpp.o[0m
[197.309s] [ 86%] [32mBuilding CXX object motion_planning_rviz_plugin/CMakeFiles/moveit_motion_planning_rviz_plugin_core.dir/src/motion_planning_display.cpp.o[0m
[197.310s] [ 86%] [32mBuilding CXX object motion_planning_rviz_plugin/CMakeFiles/moveit_motion_planning_rviz_plugin_core.dir/moveit_motion_planning_rviz_plugin_core_autogen/2OST2OT5Q2/qrc_icons.cpp.o[0m
[197.382s] [ 87%] [32mBuilding CXX object motion_planning_rviz_plugin/CMakeFiles/moveit_motion_planning_rviz_plugin_core.dir/src/motion_planning_frame_joints_widget.cpp.o[0m
[227.157s] [ 91%] [32mBuilding CXX object motion_planning_rviz_plugin/CMakeFiles/moveit_motion_planning_rviz_plugin_core.dir/src/motion_planning_frame_states.cpp.o[0m
[227.157s] [ 91%] [32mBuilding CXX object motion_planning_rviz_plugin/CMakeFiles/moveit_motion_planning_rviz_plugin_core.dir/src/motion_planning_frame_scenes.cpp.o[0m
[247.882s] [ 93%] [32m[1mLinking CXX shared library libmoveit_motion_planning_rviz_plugin_core.so[0m
[255.520s] [ 93%] Built target moveit_motion_planning_rviz_plugin_core
[255.590s] [ 94%] [34m[1mAutomatic MOC for target moveit_motion_planning_rviz_plugin[0m
[255.678s] [ 94%] Built target moveit_motion_planning_rviz_plugin_autogen
[255.742s] [ 96%] [32mBuilding CXX object motion_planning_rviz_plugin/CMakeFiles/moveit_motion_planning_rviz_plugin.dir/moveit_motion_planning_rviz_plugin_autogen/mocs_compilation.cpp.o[0m
[255.743s] [ 98%] [32mBuilding CXX object motion_planning_rviz_plugin/CMakeFiles/moveit_motion_planning_rviz_plugin.dir/src/plugin_init.cpp.o[0m
[272.609s] [100%] [32m[1mLinking CXX shared library libmoveit_motion_planning_rviz_plugin.so[0m
[273.825s] [100%] Built target moveit_motion_planning_rviz_plugin
[273.922s] Invoked command in '/home/thisum/my_ws/src/build/moveit_ros_visualization' returned '0': AMENT_PREFIX_PATH=/home/thisum/my_ws/src/install/moveit_ros_planning_interface:/home/thisum/my_ws/src/install/moveit_ros_move_group:/home/thisum/my_ws/src/install/moveit_ros_warehouse:/home/thisum/my_ws/src/install/moveit_ros_robot_interaction:/home/thisum/my_ws/src/install/moveit_planners_ompl:/home/thisum/my_ws/src/install/moveit_kinematics:/home/thisum/my_ws/src/install/moveit_ros_planning:/home/thisum/my_ws/src/install/moveit_simple_controller_manager:/home/thisum/my_ws/src/install/moveit_ros_occupancy_map_monitor:/home/thisum/my_ws/src/install/moveit_core:/home/thisum/my_ws/src/install/moveit_resources_panda_moveit_config:/home/thisum/my_ws/src/install/moveit_resources_fanuc_moveit_config:/home/thisum/my_ws/src/install/moveit_configs_utils:/home/thisum/my_ws/src/install/srdfdom:/home/thisum/my_ws/src/install/moveit_resources_pr2_description:/home/thisum/my_ws/src/install/moveit_resources_panda_description:/home/thisum/my_ws/src/install/moveit_resources_fanuc_description:/home/thisum/my_ws/src/install/moveit_common:/home/thisum/my_ws/src/install/launch_param_builder:${AMENT_PREFIX_PATH} CMAKE_PREFIX_PATH=/home/thisum/my_ws/src/install/moveit_ros_planning_interface:/home/thisum/my_ws/src/install/moveit_ros_move_group:/home/thisum/my_ws/src/install/moveit_ros_warehouse:/home/thisum/my_ws/src/install/moveit_ros_robot_interaction:/home/thisum/my_ws/src/install/moveit_planners_ompl:/home/thisum/my_ws/src/install/moveit_kinematics:/home/thisum/my_ws/src/install/moveit_ros_planning:/home/thisum/my_ws/src/install/moveit_simple_controller_manager:/home/thisum/my_ws/src/install/moveit_ros_occupancy_map_monitor:/home/thisum/my_ws/src/install/moveit_core:/home/thisum/my_ws/src/install/moveit_resources_panda_moveit_config:/home/thisum/my_ws/src/install/moveit_resources_fanuc_moveit_config:/home/thisum/my_ws/src/install/srdfdom:/home/thisum/my_ws/src/install/moveit_resources_pr2_description:/home/thisum/my_ws/src/install/moveit_resources_panda_description:/home/thisum/my_ws/src/install/moveit_resources_fanuc_description:/home/thisum/my_ws/src/install/moveit_common:/home/thisum/my_ws/install/pilz_industrial_motion_planner_testutils:/home/thisum/my_ws/install/moveit_runtime:/home/thisum/my_ws/install/moveit2_tutorials:/home/thisum/my_ws/install/moveit:/home/thisum/my_ws/install/arm_config:/home/thisum/my_ws/install/moveit_planners:/home/thisum/my_ws/install/pilz_industrial_motion_planner:/home/thisum/my_ws/install/moveit_visual_tools:/home/thisum/my_ws/install/moveit_task_constructor_visualization:/home/thisum/my_ws/install/moveit_task_constructor_demo:/home/thisum/my_ws/install/moveit_task_constructor_capabilities:/home/thisum/my_ws/install/moveit_task_constructor_core:/home/thisum/my_ws/install/moveit_ros_control_interface:/home/thisum/my_ws/install/moveit_plugins:/home/thisum/my_ws/install/moveit_simple_controller_manager:/home/thisum/my_ws/install/moveit_setup_assistant:/home/thisum/my_ws/install/moveit_setup_srdf_plugins:/home/thisum/my_ws/install/moveit_setup_core_plugins:/home/thisum/my_ws/install/moveit_setup_controllers:/home/thisum/my_ws/install/moveit_setup_app_plugins:/home/thisum/my_ws/install/moveit_setup_framework:/home/thisum/my_ws/install/moveit_servo:/home/thisum/my_ws/install/moveit_ros:/home/thisum/my_ws/install/moveit_ros_visualization:/home/thisum/my_ws/install/moveit_hybrid_planning:/home/thisum/my_ws/install/moveit_ros_planning_interface:/home/thisum/my_ws/install/moveit_ros_benchmarks:/home/thisum/my_ws/install/moveit_ros_warehouse:/home/thisum/my_ws/install/moveit_ros_robot_interaction:/home/thisum/my_ws/install/moveit_ros_perception:/home/thisum/my_ws/install/moveit_resources_prbt_pg70_support:/home/thisum/my_ws/install/moveit_resources_prbt_moveit_config:/home/thisum/my_ws/install/moveit_ros_move_group:/home/thisum/my_ws/install/moveit_planners_ompl:/home/thisum/my_ws/install/moveit_ros_planning:/home/thisum/my_ws/install/moveit_ros_occupancy_map_monitor:/home/thisum/my_ws/install/moveit_resources_prbt_ikfast_manipulator_plugin:/home/thisum/my_ws/install/moveit_planners_chomp:/home/thisum/my_ws/install/moveit_kinematics:/home/thisum/my_ws/install/moveit_chomp_optimizer_adapter:/home/thisum/my_ws/install/chomp_motion_planner:/home/thisum/my_ws/install/moveit_core:/home/thisum/my_ws/install/srdfdom:/home/thisum/my_ws/install/rviz_marker_tools:/home/thisum/my_ws/install/rosparam_shortcuts:/home/thisum/my_ws/install/new_full_arm:/home/thisum/my_ws/install/moveit_task_constructor_msgs:/home/thisum/my_ws/install/moveit_resources_prbt_support:/home/thisum/my_ws/install/moveit_resources:/home/thisum/my_ws/install/moveit_resources_pr2_description:/home/thisum/my_ws/install/moveit_resources_panda_moveit_config:/home/thisum/my_ws/install/moveit_resources_panda_description:/home/thisum/my_ws/install/moveit_resources_fanuc_moveit_config:/home/thisum/my_ws/install/moveit_resources_fanuc_description:/home/thisum/my_ws/install/moveit_common:/home/thisum/arm_ws/install/x:/home/thisum/arm_ws/install/robotiq_description:/home/thisum/arm_ws/install/robotiq_controllers:/home/thisum/arm_ws/install/arm_config:/home/thisum/my_ws/install/moveit_configs_utils:/home/thisum/my_ws/install/launch_param_builder:/home/thisum/arm_ws/install/moveit_configs_utils:/opt/ros/humble:/home/thisum/arm_ws/install/new_full_arm:/home/thisum/arm_ws/install/moveit_resources_prbt_support:/home/thisum/arm_ws/install/moveit_resources_pr2_description:/home/thisum/arm_ws/install/moveit_resources_panda_description:/home/thisum/arm_ws/install/moveit_resources_fanuc_description:/home/thisum/arm_ws/install/moveit_msgs:/home/thisum/arm_ws/install/moveit_common:/home/thisum/arm_ws/install/kortex_api LD_LIBRARY_PATH=/home/thisum/my_ws/src/install/moveit_ros_planning_interface/lib:/home/thisum/my_ws/src/install/moveit_ros_move_group/lib:/home/thisum/my_ws/src/install/moveit_ros_warehouse/lib:/home/thisum/my_ws/src/install/moveit_ros_robot_interaction/lib:/home/thisum/my_ws/src/install/moveit_planners_ompl/lib:/home/thisum/my_ws/src/install/moveit_kinematics/lib:/home/thisum/my_ws/src/install/moveit_ros_planning/lib:/home/thisum/my_ws/src/install/moveit_simple_controller_manager/lib:/home/thisum/my_ws/src/install/moveit_ros_occupancy_map_monitor/lib:/home/thisum/my_ws/src/install/moveit_core/lib:/home/thisum/my_ws/src/install/srdfdom/lib:${LD_LIBRARY_PATH} PATH=/home/thisum/my_ws/src/install/moveit_core/bin:${PATH} PYTHONPATH=/home/thisum/my_ws/src/install/moveit_configs_utils/lib/python3.10/site-packages:/home/thisum/my_ws/src/install/srdfdom/local/lib/python3.10/dist-packages:/home/thisum/my_ws/src/install/launch_param_builder/lib/python3.10/site-packages:${PYTHONPATH} /usr/bin/cmake --build /home/thisum/my_ws/src/build/moveit_ros_visualization -- -j6 -l6
[274.097s] Invoking command in '/home/thisum/my_ws/src/build/moveit_ros_visualization': AMENT_PREFIX_PATH=/home/thisum/my_ws/src/install/moveit_ros_planning_interface:/home/thisum/my_ws/src/install/moveit_ros_move_group:/home/thisum/my_ws/src/install/moveit_ros_warehouse:/home/thisum/my_ws/src/install/moveit_ros_robot_interaction:/home/thisum/my_ws/src/install/moveit_planners_ompl:/home/thisum/my_ws/src/install/moveit_kinematics:/home/thisum/my_ws/src/install/moveit_ros_planning:/home/thisum/my_ws/src/install/moveit_simple_controller_manager:/home/thisum/my_ws/src/install/moveit_ros_occupancy_map_monitor:/home/thisum/my_ws/src/install/moveit_core:/home/thisum/my_ws/src/install/moveit_resources_panda_moveit_config:/home/thisum/my_ws/src/install/moveit_resources_fanuc_moveit_config:/home/thisum/my_ws/src/install/moveit_configs_utils:/home/thisum/my_ws/src/install/srdfdom:/home/thisum/my_ws/src/install/moveit_resources_pr2_description:/home/thisum/my_ws/src/install/moveit_resources_panda_description:/home/thisum/my_ws/src/install/moveit_resources_fanuc_description:/home/thisum/my_ws/src/install/moveit_common:/home/thisum/my_ws/src/install/launch_param_builder:${AMENT_PREFIX_PATH} CMAKE_PREFIX_PATH=/home/thisum/my_ws/src/install/moveit_ros_planning_interface:/home/thisum/my_ws/src/install/moveit_ros_move_group:/home/thisum/my_ws/src/install/moveit_ros_warehouse:/home/thisum/my_ws/src/install/moveit_ros_robot_interaction:/home/thisum/my_ws/src/install/moveit_planners_ompl:/home/thisum/my_ws/src/install/moveit_kinematics:/home/thisum/my_ws/src/install/moveit_ros_planning:/home/thisum/my_ws/src/install/moveit_simple_controller_manager:/home/thisum/my_ws/src/install/moveit_ros_occupancy_map_monitor:/home/thisum/my_ws/src/install/moveit_core:/home/thisum/my_ws/src/install/moveit_resources_panda_moveit_config:/home/thisum/my_ws/src/install/moveit_resources_fanuc_moveit_config:/home/thisum/my_ws/src/install/srdfdom:/home/thisum/my_ws/src/install/moveit_resources_pr2_description:/home/thisum/my_ws/src/install/moveit_resources_panda_description:/home/thisum/my_ws/src/install/moveit_resources_fanuc_description:/home/thisum/my_ws/src/install/moveit_common:/home/thisum/my_ws/install/pilz_industrial_motion_planner_testutils:/home/thisum/my_ws/install/moveit_runtime:/home/thisum/my_ws/install/moveit2_tutorials:/home/thisum/my_ws/install/moveit:/home/thisum/my_ws/install/arm_config:/home/thisum/my_ws/install/moveit_planners:/home/thisum/my_ws/install/pilz_industrial_motion_planner:/home/thisum/my_ws/install/moveit_visual_tools:/home/thisum/my_ws/install/moveit_task_constructor_visualization:/home/thisum/my_ws/install/moveit_task_constructor_demo:/home/thisum/my_ws/install/moveit_task_constructor_capabilities:/home/thisum/my_ws/install/moveit_task_constructor_core:/home/thisum/my_ws/install/moveit_ros_control_interface:/home/thisum/my_ws/install/moveit_plugins:/home/thisum/my_ws/install/moveit_simple_controller_manager:/home/thisum/my_ws/install/moveit_setup_assistant:/home/thisum/my_ws/install/moveit_setup_srdf_plugins:/home/thisum/my_ws/install/moveit_setup_core_plugins:/home/thisum/my_ws/install/moveit_setup_controllers:/home/thisum/my_ws/install/moveit_setup_app_plugins:/home/thisum/my_ws/install/moveit_setup_framework:/home/thisum/my_ws/install/moveit_servo:/home/thisum/my_ws/install/moveit_ros:/home/thisum/my_ws/install/moveit_ros_visualization:/home/thisum/my_ws/install/moveit_hybrid_planning:/home/thisum/my_ws/install/moveit_ros_planning_interface:/home/thisum/my_ws/install/moveit_ros_benchmarks:/home/thisum/my_ws/install/moveit_ros_warehouse:/home/thisum/my_ws/install/moveit_ros_robot_interaction:/home/thisum/my_ws/install/moveit_ros_perception:/home/thisum/my_ws/install/moveit_resources_prbt_pg70_support:/home/thisum/my_ws/install/moveit_resources_prbt_moveit_config:/home/thisum/my_ws/install/moveit_ros_move_group:/home/thisum/my_ws/install/moveit_planners_ompl:/home/thisum/my_ws/install/moveit_ros_planning:/home/thisum/my_ws/install/moveit_ros_occupancy_map_monitor:/home/thisum/my_ws/install/moveit_resources_prbt_ikfast_manipulator_plugin:/home/thisum/my_ws/install/moveit_planners_chomp:/home/thisum/my_ws/install/moveit_kinematics:/home/thisum/my_ws/install/moveit_chomp_optimizer_adapter:/home/thisum/my_ws/install/chomp_motion_planner:/home/thisum/my_ws/install/moveit_core:/home/thisum/my_ws/install/srdfdom:/home/thisum/my_ws/install/rviz_marker_tools:/home/thisum/my_ws/install/rosparam_shortcuts:/home/thisum/my_ws/install/new_full_arm:/home/thisum/my_ws/install/moveit_task_constructor_msgs:/home/thisum/my_ws/install/moveit_resources_prbt_support:/home/thisum/my_ws/install/moveit_resources:/home/thisum/my_ws/install/moveit_resources_pr2_description:/home/thisum/my_ws/install/moveit_resources_panda_moveit_config:/home/thisum/my_ws/install/moveit_resources_panda_description:/home/thisum/my_ws/install/moveit_resources_fanuc_moveit_config:/home/thisum/my_ws/install/moveit_resources_fanuc_description:/home/thisum/my_ws/install/moveit_common:/home/thisum/arm_ws/install/x:/home/thisum/arm_ws/install/robotiq_description:/home/thisum/arm_ws/install/robotiq_controllers:/home/thisum/arm_ws/install/arm_config:/home/thisum/my_ws/install/moveit_configs_utils:/home/thisum/my_ws/install/launch_param_builder:/home/thisum/arm_ws/install/moveit_configs_utils:/opt/ros/humble:/home/thisum/arm_ws/install/new_full_arm:/home/thisum/arm_ws/install/moveit_resources_prbt_support:/home/thisum/arm_ws/install/moveit_resources_pr2_description:/home/thisum/arm_ws/install/moveit_resources_panda_description:/home/thisum/arm_ws/install/moveit_resources_fanuc_description:/home/thisum/arm_ws/install/moveit_msgs:/home/thisum/arm_ws/install/moveit_common:/home/thisum/arm_ws/install/kortex_api LD_LIBRARY_PATH=/home/thisum/my_ws/src/install/moveit_ros_planning_interface/lib:/home/thisum/my_ws/src/install/moveit_ros_move_group/lib:/home/thisum/my_ws/src/install/moveit_ros_warehouse/lib:/home/thisum/my_ws/src/install/moveit_ros_robot_interaction/lib:/home/thisum/my_ws/src/install/moveit_planners_ompl/lib:/home/thisum/my_ws/src/install/moveit_kinematics/lib:/home/thisum/my_ws/src/install/moveit_ros_planning/lib:/home/thisum/my_ws/src/install/moveit_simple_controller_manager/lib:/home/thisum/my_ws/src/install/moveit_ros_occupancy_map_monitor/lib:/home/thisum/my_ws/src/install/moveit_core/lib:/home/thisum/my_ws/src/install/srdfdom/lib:${LD_LIBRARY_PATH} PATH=/home/thisum/my_ws/src/install/moveit_core/bin:${PATH} PYTHONPATH=/home/thisum/my_ws/src/install/moveit_configs_utils/lib/python3.10/site-packages:/home/thisum/my_ws/src/install/srdfdom/local/lib/python3.10/dist-packages:/home/thisum/my_ws/src/install/launch_param_builder/lib/python3.10/site-packages:${PYTHONPATH} /usr/bin/cmake --install /home/thisum/my_ws/src/build/moveit_ros_visualization
[274.119s] -- Install configuration: "Release"
[274.119s] -- Installing: /home/thisum/my_ws/src/install/moveit_ros_visualization/include
[274.120s] -- Installing: /home/thisum/my_ws/src/install/moveit_ros_visualization/include/moveit
[274.120s] -- Installing: /home/thisum/my_ws/src/install/moveit_ros_visualization/include/moveit/rviz_plugin_render_tools
[274.120s] -- Installing: /home/thisum/my_ws/src/install/moveit_ros_visualization/include/moveit/rviz_plugin_render_tools/planning_link_updater.h
[274.120s] -- Installing: /home/thisum/my_ws/src/install/moveit_ros_visualization/include/moveit/rviz_plugin_render_tools/render_shapes.h
[274.121s] -- Installing: /home/thisum/my_ws/src/install/moveit_ros_visualization/include/moveit/rviz_plugin_render_tools/trajectory_visualization.h
[274.121s] -- Installing: /home/thisum/my_ws/src/install/moveit_ros_visualization/include/moveit/rviz_plugin_render_tools/robot_state_visualization.h
[274.122s] -- Installing: /home/thisum/my_ws/src/install/moveit_ros_visualization/include/moveit/rviz_plugin_render_tools/octomap_render.h
[274.122s] -- Installing: /home/thisum/my_ws/src/install/moveit_ros_visualization/include/moveit/rviz_plugin_render_tools/trajectory_panel.h
[274.122s] -- Installing: /home/thisum/my_ws/src/install/moveit_ros_visualization/include/moveit/rviz_plugin_render_tools/planning_scene_render.h
[274.123s] -- Installing: /home/thisum/my_ws/src/install/moveit_ros_visualization/include/ogre_helpers
[274.123s] -- Installing: /home/thisum/my_ws/src/install/moveit_ros_visualization/include/ogre_helpers/mesh_shape.hpp
[274.125s] -- Up-to-date: /home/thisum/my_ws/src/install/moveit_ros_visualization/include
[274.125s] -- Up-to-date: /home/thisum/my_ws/src/install/moveit_ros_visualization/include/moveit
[274.126s] -- Installing: /home/thisum/my_ws/src/install/moveit_ros_visualization/include/moveit/robot_state_rviz_plugin
[274.126s] -- Installing: /home/thisum/my_ws/src/install/moveit_ros_visualization/include/moveit/robot_state_rviz_plugin/robot_state_display.h
[274.126s] -- Up-to-date: /home/thisum/my_ws/src/install/moveit_ros_visualization/include
[274.127s] -- Up-to-date: /home/thisum/my_ws/src/install/moveit_ros_visualization/include/moveit
[274.127s] -- Installing: /home/thisum/my_ws/src/install/moveit_ros_visualization/include/moveit/planning_scene_rviz_plugin
[274.127s] -- Installing: /home/thisum/my_ws/src/install/moveit_ros_visualization/include/moveit/planning_scene_rviz_plugin/background_processing.hpp
[274.127s] -- Installing: /home/thisum/my_ws/src/install/moveit_ros_visualization/include/moveit/planning_scene_rviz_plugin/planning_scene_display.h
[274.127s] -- Installing: /home/thisum/my_ws/src/install/moveit_ros_visualization/include/moveit_planning_scene_rviz_plugin_core_export.h
[274.128s] -- Up-to-date: /home/thisum/my_ws/src/install/moveit_ros_visualization/include
[274.128s] -- Up-to-date: /home/thisum/my_ws/src/install/moveit_ros_visualization/include/moveit
[274.128s] -- Installing: /home/thisum/my_ws/src/install/moveit_ros_visualization/include/moveit/motion_planning_rviz_plugin
[274.128s] -- Installing: /home/thisum/my_ws/src/install/moveit_ros_visualization/include/moveit/motion_planning_rviz_plugin/interactive_marker_display.h
[274.129s] -- Installing: /home/thisum/my_ws/src/install/moveit_ros_visualization/include/moveit/motion_planning_rviz_plugin/motion_planning_frame_joints_widget.h
[274.129s] -- Installing: /home/thisum/my_ws/src/install/moveit_ros_visualization/include/moveit/motion_planning_rviz_plugin/motion_planning_display.h
[274.130s] -- Installing: /home/thisum/my_ws/src/install/moveit_ros_visualization/include/moveit/motion_planning_rviz_plugin/motion_planning_frame.h
[274.130s] -- Installing: /home/thisum/my_ws/src/install/moveit_ros_visualization/include/moveit/motion_planning_rviz_plugin/motion_planning_param_widget.h
[274.131s] -- Up-to-date: /home/thisum/my_ws/src/install/moveit_ros_visualization/include
[274.131s] -- Up-to-date: /home/thisum/my_ws/src/install/moveit_ros_visualization/include/moveit
[274.131s] -- Installing: /home/thisum/my_ws/src/install/moveit_ros_visualization/include/moveit/trajectory_rviz_plugin
[274.132s] -- Installing: /home/thisum/my_ws/src/install/moveit_ros_visualization/include/moveit/trajectory_rviz_plugin/trajectory_display.h
[274.133s] -- Installing: /home/thisum/my_ws/src/install/moveit_ros_visualization/share/moveit_ros_visualization/icons
[274.133s] -- Installing: /home/thisum/my_ws/src/install/moveit_ros_visualization/share/moveit_ros_visualization/icons/classes
[274.133s] -- Installing: /home/thisum/my_ws/src/install/moveit_ros_visualization/share/moveit_ros_visualization/icons/classes/Trajectory.png
[274.135s] -- Installing: /home/thisum/my_ws/src/install/moveit_ros_visualization/share/moveit_ros_visualization/icons/classes/RobotState.png
[274.136s] -- Installing: /home/thisum/my_ws/src/install/moveit_ros_visualization/share/moveit_ros_visualization/icons/classes/PlanningScene.png
[274.137s] -- Installing: /home/thisum/my_ws/src/install/moveit_ros_visualization/share/moveit_ros_visualization/icons/classes/MotionPlanning.png
[274.138s] -- Installing: /home/thisum/my_ws/src/install/moveit_ros_visualization/share/moveit_ros_visualization/motion_planning_rviz_plugin_description.xml
[274.139s] -- Installing: /home/thisum/my_ws/src/install/moveit_ros_visualization/share/moveit_ros_visualization/trajectory_rviz_plugin_description.xml
[274.140s] -- Installing: /home/thisum/my_ws/src/install/moveit_ros_visualization/share/moveit_ros_visualization/planning_scene_rviz_plugin_description.xml
[274.141s] -- Installing: /home/thisum/my_ws/src/install/moveit_ros_visualization/share/moveit_ros_visualization/robot_state_rviz_plugin_description.xml
[274.142s] -- Installing: /home/thisum/my_ws/src/install/moveit_ros_visualization/lib/libmoveit_motion_planning_rviz_plugin.so.2.5.5
[274.143s] -- Set runtime path of "/home/thisum/my_ws/src/install/moveit_ros_visualization/lib/libmoveit_motion_planning_rviz_plugin.so.2.5.5" to ""
[274.143s] -- Installing: /home/thisum/my_ws/src/install/moveit_ros_visualization/lib/libmoveit_motion_planning_rviz_plugin.so
[274.144s] -- Installing: /home/thisum/my_ws/src/install/moveit_ros_visualization/lib/libmoveit_motion_planning_rviz_plugin_core.so.2.5.5
[274.153s] -- Set runtime path of "/home/thisum/my_ws/src/install/moveit_ros_visualization/lib/libmoveit_motion_planning_rviz_plugin_core.so.2.5.5" to ""
[274.153s] -- Installing: /home/thisum/my_ws/src/install/moveit_ros_visualization/lib/libmoveit_motion_planning_rviz_plugin_core.so
[274.154s] -- Installing: /home/thisum/my_ws/src/install/moveit_ros_visualization/lib/libmoveit_planning_scene_rviz_plugin.so.2.5.5
[274.154s] -- Set runtime path of "/home/thisum/my_ws/src/install/moveit_ros_visualization/lib/libmoveit_planning_scene_rviz_plugin.so.2.5.5" to ""
[274.155s] -- Installing: /home/thisum/my_ws/src/install/moveit_ros_visualization/lib/libmoveit_planning_scene_rviz_plugin.so
[274.155s] -- Installing: /home/thisum/my_ws/src/install/moveit_ros_visualization/lib/libmoveit_planning_scene_rviz_plugin_core.so.2.5.5
[274.156s] -- Set runtime path of "/home/thisum/my_ws/src/install/moveit_ros_visualization/lib/libmoveit_planning_scene_rviz_plugin_core.so.2.5.5" to ""
[274.156s] -- Installing: /home/thisum/my_ws/src/install/moveit_ros_visualization/lib/libmoveit_planning_scene_rviz_plugin_core.so
[274.159s] -- Installing: /home/thisum/my_ws/src/install/moveit_ros_visualization/lib/libmoveit_robot_state_rviz_plugin.so.2.5.5
[274.160s] -- Set runtime path of "/home/thisum/my_ws/src/install/moveit_ros_visualization/lib/libmoveit_robot_state_rviz_plugin.so.2.5.5" to ""
[274.160s] -- Installing: /home/thisum/my_ws/src/install/moveit_ros_visualization/lib/libmoveit_robot_state_rviz_plugin.so
[274.160s] -- Installing: /home/thisum/my_ws/src/install/moveit_ros_visualization/lib/libmoveit_robot_state_rviz_plugin_core.so.2.5.5
[274.171s] -- Set runtime path of "/home/thisum/my_ws/src/install/moveit_ros_visualization/lib/libmoveit_robot_state_rviz_plugin_core.so.2.5.5" to ""
[274.171s] -- Installing: /home/thisum/my_ws/src/install/moveit_ros_visualization/lib/libmoveit_robot_state_rviz_plugin_core.so
[274.171s] -- Installing: /home/thisum/my_ws/src/install/moveit_ros_visualization/lib/libmoveit_rviz_plugin_render_tools.so.2.5.5
[274.183s] -- Set runtime path of "/home/thisum/my_ws/src/install/moveit_ros_visualization/lib/libmoveit_rviz_plugin_render_tools.so.2.5.5" to ""
[274.184s] -- Installing: /home/thisum/my_ws/src/install/moveit_ros_visualization/lib/libmoveit_rviz_plugin_render_tools.so
[274.184s] -- Installing: /home/thisum/my_ws/src/install/moveit_ros_visualization/lib/libmoveit_trajectory_rviz_plugin.so.2.5.5
[274.184s] -- Set runtime path of "/home/thisum/my_ws/src/install/moveit_ros_visualization/lib/libmoveit_trajectory_rviz_plugin.so.2.5.5" to ""
[274.184s] -- Installing: /home/thisum/my_ws/src/install/moveit_ros_visualization/lib/libmoveit_trajectory_rviz_plugin.so
[274.184s] -- Installing: /home/thisum/my_ws/src/install/moveit_ros_visualization/lib/libmoveit_trajectory_rviz_plugin_core.so.2.5.5
[274.184s] -- Set runtime path of "/home/thisum/my_ws/src/install/moveit_ros_visualization/lib/libmoveit_trajectory_rviz_plugin_core.so.2.5.5" to ""
[274.184s] -- Installing: /home/thisum/my_ws/src/install/moveit_ros_visualization/lib/libmoveit_trajectory_rviz_plugin_core.so
[274.194s] -- Installing: /home/thisum/my_ws/src/install/moveit_ros_visualization/share/moveit_ros_visualization/environment/library_path.sh
[274.195s] -- Installing: /home/thisum/my_ws/src/install/moveit_ros_visualization/share/moveit_ros_visualization/environment/library_path.dsv
[274.195s] -- Installing: /home/thisum/my_ws/src/install/moveit_ros_visualization/share/ament_index/resource_index/package_run_dependencies/moveit_ros_visualization
[274.195s] -- Installing: /home/thisum/my_ws/src/install/moveit_ros_visualization/share/ament_index/resource_index/parent_prefix_path/moveit_ros_visualization
[274.195s] -- Installing: /home/thisum/my_ws/src/install/moveit_ros_visualization/share/moveit_ros_visualization/environment/ament_prefix_path.sh
[274.195s] -- Installing: /home/thisum/my_ws/src/install/moveit_ros_visualization/share/moveit_ros_visualization/environment/ament_prefix_path.dsv
[274.196s] -- Installing: /home/thisum/my_ws/src/install/moveit_ros_visualization/share/moveit_ros_visualization/environment/path.sh
[274.196s] -- Installing: /home/thisum/my_ws/src/install/moveit_ros_visualization/share/moveit_ros_visualization/environment/path.dsv
[274.196s] -- Installing: /home/thisum/my_ws/src/install/moveit_ros_visualization/share/moveit_ros_visualization/local_setup.bash
[274.197s] -- Installing: /home/thisum/my_ws/src/install/moveit_ros_visualization/share/moveit_ros_visualization/local_setup.sh
[274.198s] -- Installing: /home/thisum/my_ws/src/install/moveit_ros_visualization/share/moveit_ros_visualization/local_setup.zsh
[274.198s] -- Installing: /home/thisum/my_ws/src/install/moveit_ros_visualization/share/moveit_ros_visualization/local_setup.dsv
[274.198s] -- Installing: /home/thisum/my_ws/src/install/moveit_ros_visualization/share/moveit_ros_visualization/package.dsv
[274.201s] -- Installing: /home/thisum/my_ws/src/install/moveit_ros_visualization/share/ament_index/resource_index/packages/moveit_ros_visualization
[274.202s] -- Installing: /home/thisum/my_ws/src/install/moveit_ros_visualization/share/ament_index/resource_index/rviz_common__pluginlib__plugin/moveit_ros_visualization
[274.202s] -- Installing: /home/thisum/my_ws/src/install/moveit_ros_visualization/share/moveit_ros_visualization/cmake/export_moveit_ros_visualizationExport.cmake
[274.203s] -- Installing: /home/thisum/my_ws/src/install/moveit_ros_visualization/share/moveit_ros_visualization/cmake/export_moveit_ros_visualizationExport-release.cmake
[274.204s] -- Installing: /home/thisum/my_ws/src/install/moveit_ros_visualization/share/moveit_ros_visualization/cmake/ConfigExtras.cmake
[274.204s] -- Installing: /home/thisum/my_ws/src/install/moveit_ros_visualization/share/moveit_ros_visualization/cmake/ament_cmake_export_targets-extras.cmake
[274.205s] -- Installing: /home/thisum/my_ws/src/install/moveit_ros_visualization/share/moveit_ros_visualization/cmake/ament_cmake_export_dependencies-extras.cmake
[274.205s] -- Installing: /home/thisum/my_ws/src/install/moveit_ros_visualization/share/moveit_ros_visualization/cmake/moveit_ros_visualizationConfig.cmake
[274.206s] -- Installing: /home/thisum/my_ws/src/install/moveit_ros_visualization/share/moveit_ros_visualization/cmake/moveit_ros_visualizationConfig-version.cmake
[274.206s] -- Installing: /home/thisum/my_ws/src/install/moveit_ros_visualization/share/moveit_ros_visualization/package.xml
[274.218s] Invoked command in '/home/thisum/my_ws/src/build/moveit_ros_visualization' returned '0': AMENT_PREFIX_PATH=/home/thisum/my_ws/src/install/moveit_ros_planning_interface:/home/thisum/my_ws/src/install/moveit_ros_move_group:/home/thisum/my_ws/src/install/moveit_ros_warehouse:/home/thisum/my_ws/src/install/moveit_ros_robot_interaction:/home/thisum/my_ws/src/install/moveit_planners_ompl:/home/thisum/my_ws/src/install/moveit_kinematics:/home/thisum/my_ws/src/install/moveit_ros_planning:/home/thisum/my_ws/src/install/moveit_simple_controller_manager:/home/thisum/my_ws/src/install/moveit_ros_occupancy_map_monitor:/home/thisum/my_ws/src/install/moveit_core:/home/thisum/my_ws/src/install/moveit_resources_panda_moveit_config:/home/thisum/my_ws/src/install/moveit_resources_fanuc_moveit_config:/home/thisum/my_ws/src/install/moveit_configs_utils:/home/thisum/my_ws/src/install/srdfdom:/home/thisum/my_ws/src/install/moveit_resources_pr2_description:/home/thisum/my_ws/src/install/moveit_resources_panda_description:/home/thisum/my_ws/src/install/moveit_resources_fanuc_description:/home/thisum/my_ws/src/install/moveit_common:/home/thisum/my_ws/src/install/launch_param_builder:${AMENT_PREFIX_PATH} CMAKE_PREFIX_PATH=/home/thisum/my_ws/src/install/moveit_ros_planning_interface:/home/thisum/my_ws/src/install/moveit_ros_move_group:/home/thisum/my_ws/src/install/moveit_ros_warehouse:/home/thisum/my_ws/src/install/moveit_ros_robot_interaction:/home/thisum/my_ws/src/install/moveit_planners_ompl:/home/thisum/my_ws/src/install/moveit_kinematics:/home/thisum/my_ws/src/install/moveit_ros_planning:/home/thisum/my_ws/src/install/moveit_simple_controller_manager:/home/thisum/my_ws/src/install/moveit_ros_occupancy_map_monitor:/home/thisum/my_ws/src/install/moveit_core:/home/thisum/my_ws/src/install/moveit_resources_panda_moveit_config:/home/thisum/my_ws/src/install/moveit_resources_fanuc_moveit_config:/home/thisum/my_ws/src/install/srdfdom:/home/thisum/my_ws/src/install/moveit_resources_pr2_description:/home/thisum/my_ws/src/install/moveit_resources_panda_description:/home/thisum/my_ws/src/install/moveit_resources_fanuc_description:/home/thisum/my_ws/src/install/moveit_common:/home/thisum/my_ws/install/pilz_industrial_motion_planner_testutils:/home/thisum/my_ws/install/moveit_runtime:/home/thisum/my_ws/install/moveit2_tutorials:/home/thisum/my_ws/install/moveit:/home/thisum/my_ws/install/arm_config:/home/thisum/my_ws/install/moveit_planners:/home/thisum/my_ws/install/pilz_industrial_motion_planner:/home/thisum/my_ws/install/moveit_visual_tools:/home/thisum/my_ws/install/moveit_task_constructor_visualization:/home/thisum/my_ws/install/moveit_task_constructor_demo:/home/thisum/my_ws/install/moveit_task_constructor_capabilities:/home/thisum/my_ws/install/moveit_task_constructor_core:/home/thisum/my_ws/install/moveit_ros_control_interface:/home/thisum/my_ws/install/moveit_plugins:/home/thisum/my_ws/install/moveit_simple_controller_manager:/home/thisum/my_ws/install/moveit_setup_assistant:/home/thisum/my_ws/install/moveit_setup_srdf_plugins:/home/thisum/my_ws/install/moveit_setup_core_plugins:/home/thisum/my_ws/install/moveit_setup_controllers:/home/thisum/my_ws/install/moveit_setup_app_plugins:/home/thisum/my_ws/install/moveit_setup_framework:/home/thisum/my_ws/install/moveit_servo:/home/thisum/my_ws/install/moveit_ros:/home/thisum/my_ws/install/moveit_ros_visualization:/home/thisum/my_ws/install/moveit_hybrid_planning:/home/thisum/my_ws/install/moveit_ros_planning_interface:/home/thisum/my_ws/install/moveit_ros_benchmarks:/home/thisum/my_ws/install/moveit_ros_warehouse:/home/thisum/my_ws/install/moveit_ros_robot_interaction:/home/thisum/my_ws/install/moveit_ros_perception:/home/thisum/my_ws/install/moveit_resources_prbt_pg70_support:/home/thisum/my_ws/install/moveit_resources_prbt_moveit_config:/home/thisum/my_ws/install/moveit_ros_move_group:/home/thisum/my_ws/install/moveit_planners_ompl:/home/thisum/my_ws/install/moveit_ros_planning:/home/thisum/my_ws/install/moveit_ros_occupancy_map_monitor:/home/thisum/my_ws/install/moveit_resources_prbt_ikfast_manipulator_plugin:/home/thisum/my_ws/install/moveit_planners_chomp:/home/thisum/my_ws/install/moveit_kinematics:/home/thisum/my_ws/install/moveit_chomp_optimizer_adapter:/home/thisum/my_ws/install/chomp_motion_planner:/home/thisum/my_ws/install/moveit_core:/home/thisum/my_ws/install/srdfdom:/home/thisum/my_ws/install/rviz_marker_tools:/home/thisum/my_ws/install/rosparam_shortcuts:/home/thisum/my_ws/install/new_full_arm:/home/thisum/my_ws/install/moveit_task_constructor_msgs:/home/thisum/my_ws/install/moveit_resources_prbt_support:/home/thisum/my_ws/install/moveit_resources:/home/thisum/my_ws/install/moveit_resources_pr2_description:/home/thisum/my_ws/install/moveit_resources_panda_moveit_config:/home/thisum/my_ws/install/moveit_resources_panda_description:/home/thisum/my_ws/install/moveit_resources_fanuc_moveit_config:/home/thisum/my_ws/install/moveit_resources_fanuc_description:/home/thisum/my_ws/install/moveit_common:/home/thisum/arm_ws/install/x:/home/thisum/arm_ws/install/robotiq_description:/home/thisum/arm_ws/install/robotiq_controllers:/home/thisum/arm_ws/install/arm_config:/home/thisum/my_ws/install/moveit_configs_utils:/home/thisum/my_ws/install/launch_param_builder:/home/thisum/arm_ws/install/moveit_configs_utils:/opt/ros/humble:/home/thisum/arm_ws/install/new_full_arm:/home/thisum/arm_ws/install/moveit_resources_prbt_support:/home/thisum/arm_ws/install/moveit_resources_pr2_description:/home/thisum/arm_ws/install/moveit_resources_panda_description:/home/thisum/arm_ws/install/moveit_resources_fanuc_description:/home/thisum/arm_ws/install/moveit_msgs:/home/thisum/arm_ws/install/moveit_common:/home/thisum/arm_ws/install/kortex_api LD_LIBRARY_PATH=/home/thisum/my_ws/src/install/moveit_ros_planning_interface/lib:/home/thisum/my_ws/src/install/moveit_ros_move_group/lib:/home/thisum/my_ws/src/install/moveit_ros_warehouse/lib:/home/thisum/my_ws/src/install/moveit_ros_robot_interaction/lib:/home/thisum/my_ws/src/install/moveit_planners_ompl/lib:/home/thisum/my_ws/src/install/moveit_kinematics/lib:/home/thisum/my_ws/src/install/moveit_ros_planning/lib:/home/thisum/my_ws/src/install/moveit_simple_controller_manager/lib:/home/thisum/my_ws/src/install/moveit_ros_occupancy_map_monitor/lib:/home/thisum/my_ws/src/install/moveit_core/lib:/home/thisum/my_ws/src/install/srdfdom/lib:${LD_LIBRARY_PATH} PATH=/home/thisum/my_ws/src/install/moveit_core/bin:${PATH} PYTHONPATH=/home/thisum/my_ws/src/install/moveit_configs_utils/lib/python3.10/site-packages:/home/thisum/my_ws/src/install/srdfdom/local/lib/python3.10/dist-packages:/home/thisum/my_ws/src/install/launch_param_builder/lib/python3.10/site-packages:${PYTHONPATH} /usr/bin/cmake --install /home/thisum/my_ws/src/build/moveit_ros_visualization
