[0.116s] Invoking command in '/home/thisum/my_ws/build/moveit_resources_panda_description': CMAKE_PREFIX_PATH=${CMAKE_PREFIX_PATH}:/home/thisum/my_ws/install/moveit_configs_utils:/home/thisum/my_ws/install/launch_param_builder:/opt/ros/humble /usr/bin/cmake /home/thisum/my_ws/src/moveit_resources/panda_description -DCMAKE_INSTALL_PREFIX=/home/thisum/my_ws/install/moveit_resources_panda_description
[0.162s] -- Found ament_cmake: 1.3.9 (/opt/ros/humble/share/ament_cmake/cmake)
[0.430s] -- Configuring done
[0.441s] -- Generating done
[0.444s] -- Build files have been written to: /home/thisum/my_ws/build/moveit_resources_panda_description
[0.572s] Invoked command in '/home/thisum/my_ws/build/moveit_resources_panda_description' returned '0': CMAKE_PREFIX_PATH=${CMAKE_PREFIX_PATH}:/home/thisum/my_ws/install/moveit_configs_utils:/home/thisum/my_ws/install/launch_param_builder:/opt/ros/humble /usr/bin/cmake /home/thisum/my_ws/src/moveit_resources/panda_description -DCMAKE_INSTALL_PREFIX=/home/thisum/my_ws/install/moveit_resources_panda_description
[0.606s] Invoking command in '/home/thisum/my_ws/build/moveit_resources_panda_description': CMAKE_PREFIX_PATH=${CMAKE_PREFIX_PATH}:/home/thisum/my_ws/install/moveit_configs_utils:/home/thisum/my_ws/install/launch_param_builder:/opt/ros/humble /usr/bin/cmake --build /home/thisum/my_ws/build/moveit_resources_panda_description -- -j6 -l6
[0.710s] Invoked command in '/home/thisum/my_ws/build/moveit_resources_panda_description' returned '0': CMAKE_PREFIX_PATH=${CMAKE_PREFIX_PATH}:/home/thisum/my_ws/install/moveit_configs_utils:/home/thisum/my_ws/install/launch_param_builder:/opt/ros/humble /usr/bin/cmake --build /home/thisum/my_ws/build/moveit_resources_panda_description -- -j6 -l6
[0.852s] Invoking command in '/home/thisum/my_ws/build/moveit_resources_panda_description': CMAKE_PREFIX_PATH=${CMAKE_PREFIX_PATH}:/home/thisum/my_ws/install/moveit_configs_utils:/home/thisum/my_ws/install/launch_param_builder:/opt/ros/humble /usr/bin/cmake --install /home/thisum/my_ws/build/moveit_resources_panda_description
[0.873s] -- Install configuration: "Release"
[0.874s] -- Up-to-date: /home/thisum/my_ws/install/moveit_resources_panda_description/share/ament_index/resource_index/package_run_dependencies/moveit_resources_panda_description
[0.874s] -- Installing: /home/thisum/my_ws/install/moveit_resources_panda_description/share/ament_index/resource_index/parent_prefix_path/moveit_resources_panda_description
[0.874s] -- Up-to-date: /home/thisum/my_ws/install/moveit_resources_panda_description/share/moveit_resources_panda_description/environment/ament_prefix_path.sh
[0.874s] -- Installing: /home/thisum/my_ws/install/moveit_resources_panda_description/share/moveit_resources_panda_description/environment/ament_prefix_path.dsv
[0.874s] -- Up-to-date: /home/thisum/my_ws/install/moveit_resources_panda_description/share/moveit_resources_panda_description/environment/path.sh
[0.874s] -- Installing: /home/thisum/my_ws/install/moveit_resources_panda_description/share/moveit_resources_panda_description/environment/path.dsv
[0.874s] -- Up-to-date: /home/thisum/my_ws/install/moveit_resources_panda_description/share/moveit_resources_panda_description/local_setup.bash
[0.874s] -- Up-to-date: /home/thisum/my_ws/install/moveit_resources_panda_description/share/moveit_resources_panda_description/local_setup.sh
[0.874s] -- Up-to-date: /home/thisum/my_ws/install/moveit_resources_panda_description/share/moveit_resources_panda_description/local_setup.zsh
[0.886s] -- Installing: /home/thisum/my_ws/install/moveit_resources_panda_description/share/moveit_resources_panda_description/local_setup.dsv
[0.886s] -- Installing: /home/thisum/my_ws/install/moveit_resources_panda_description/share/moveit_resources_panda_description/package.dsv
[0.886s] -- Up-to-date: /home/thisum/my_ws/install/moveit_resources_panda_description/share/ament_index/resource_index/packages/moveit_resources_panda_description
[0.894s] -- Up-to-date: /home/thisum/my_ws/install/moveit_resources_panda_description/share/moveit_resources_panda_description/cmake/moveit_resources_panda_descriptionConfig.cmake
[0.895s] -- Up-to-date: /home/thisum/my_ws/install/moveit_resources_panda_description/share/moveit_resources_panda_description/cmake/moveit_resources_panda_descriptionConfig-version.cmake
[0.895s] -- Up-to-date: /home/thisum/my_ws/install/moveit_resources_panda_description/share/moveit_resources_panda_description/package.xml
[0.896s] -- Up-to-date: /home/thisum/my_ws/install/moveit_resources_panda_description/share/moveit_resources_panda_description/meshes
[0.909s] -- Up-to-date: /home/thisum/my_ws/install/moveit_resources_panda_description/share/moveit_resources_panda_description/meshes/collision
[0.909s] -- Up-to-date: /home/thisum/my_ws/install/moveit_resources_panda_description/share/moveit_resources_panda_description/meshes/collision/finger.stl
[0.909s] -- Up-to-date: /home/thisum/my_ws/install/moveit_resources_panda_description/share/moveit_resources_panda_description/meshes/collision/link7.stl
[0.909s] -- Up-to-date: /home/thisum/my_ws/install/moveit_resources_panda_description/share/moveit_resources_panda_description/meshes/collision/link3.stl
[0.909s] -- Up-to-date: /home/thisum/my_ws/install/moveit_resources_panda_description/share/moveit_resources_panda_description/meshes/collision/link2.stl
[0.909s] -- Up-to-date: /home/thisum/my_ws/install/moveit_resources_panda_description/share/moveit_resources_panda_description/meshes/collision/link5.stl
[0.909s] -- Up-to-date: /home/thisum/my_ws/install/moveit_resources_panda_description/share/moveit_resources_panda_description/meshes/collision/link0.stl
[0.909s] -- Up-to-date: /home/thisum/my_ws/install/moveit_resources_panda_description/share/moveit_resources_panda_description/meshes/collision/link4.stl
[0.909s] -- Up-to-date: /home/thisum/my_ws/install/moveit_resources_panda_description/share/moveit_resources_panda_description/meshes/collision/link6.stl
[0.909s] -- Up-to-date: /home/thisum/my_ws/install/moveit_resources_panda_description/share/moveit_resources_panda_description/meshes/collision/link1.stl
[0.909s] -- Up-to-date: /home/thisum/my_ws/install/moveit_resources_panda_description/share/moveit_resources_panda_description/meshes/collision/hand.stl
[0.909s] -- Up-to-date: /home/thisum/my_ws/install/moveit_resources_panda_description/share/moveit_resources_panda_description/meshes/visual
[0.909s] -- Up-to-date: /home/thisum/my_ws/install/moveit_resources_panda_description/share/moveit_resources_panda_description/meshes/visual/link5.dae
[0.910s] -- Up-to-date: /home/thisum/my_ws/install/moveit_resources_panda_description/share/moveit_resources_panda_description/meshes/visual/link0.dae
[0.910s] -- Up-to-date: /home/thisum/my_ws/install/moveit_resources_panda_description/share/moveit_resources_panda_description/meshes/visual/link4.dae
[0.910s] -- Up-to-date: /home/thisum/my_ws/install/moveit_resources_panda_description/share/moveit_resources_panda_description/meshes/visual/finger.dae
[0.910s] -- Up-to-date: /home/thisum/my_ws/install/moveit_resources_panda_description/share/moveit_resources_panda_description/meshes/visual/link1.dae
[0.910s] -- Up-to-date: /home/thisum/my_ws/install/moveit_resources_panda_description/share/moveit_resources_panda_description/meshes/visual/link7.dae
[0.910s] -- Up-to-date: /home/thisum/my_ws/install/moveit_resources_panda_description/share/moveit_resources_panda_description/meshes/visual/hand.dae
[0.910s] -- Up-to-date: /home/thisum/my_ws/install/moveit_resources_panda_description/share/moveit_resources_panda_description/meshes/visual/link6.dae
[0.910s] -- Up-to-date: /home/thisum/my_ws/install/moveit_resources_panda_description/share/moveit_resources_panda_description/meshes/visual/link3.dae
[0.910s] -- Up-to-date: /home/thisum/my_ws/install/moveit_resources_panda_description/share/moveit_resources_panda_description/meshes/visual/link2.dae
[0.910s] -- Up-to-date: /home/thisum/my_ws/install/moveit_resources_panda_description/share/moveit_resources_panda_description/urdf
[0.910s] -- Up-to-date: /home/thisum/my_ws/install/moveit_resources_panda_description/share/moveit_resources_panda_description/urdf/panda.urdf
[0.983s] Invoked command in '/home/thisum/my_ws/build/moveit_resources_panda_description' returned '0': CMAKE_PREFIX_PATH=${CMAKE_PREFIX_PATH}:/home/thisum/my_ws/install/moveit_configs_utils:/home/thisum/my_ws/install/launch_param_builder:/opt/ros/humble /usr/bin/cmake --install /home/thisum/my_ws/build/moveit_resources_panda_description
