[0.012s] Invoking command in '/home/thisum/my_ws/build/moveit_common': CMAKE_PREFIX_PATH=/opt/ros/humble /usr/bin/cmake --build /home/thisum/my_ws/build/moveit_common -- -j6 -l6
[0.076s] Invoked command in '/home/thisum/my_ws/build/moveit_common' returned '0': CMAKE_PREFIX_PATH=/opt/ros/humble /usr/bin/cmake --build /home/thisum/my_ws/build/moveit_common -- -j6 -l6
[0.134s] Invoking command in '/home/thisum/my_ws/build/moveit_common': CMAKE_PREFIX_PATH=/opt/ros/humble /usr/bin/cmake --install /home/thisum/my_ws/build/moveit_common
[0.142s] -- Install configuration: "Release"
[0.142s] -- Up-to-date: /home/thisum/my_ws/install/moveit_common/share/ament_index/resource_index/package_run_dependencies/moveit_common
[0.142s] -- Up-to-date: /home/thisum/my_ws/install/moveit_common/share/ament_index/resource_index/parent_prefix_path/moveit_common
[0.142s] -- Up-to-date: /home/thisum/my_ws/install/moveit_common/share/moveit_common/environment/ament_prefix_path.sh
[0.142s] -- Up-to-date: /home/thisum/my_ws/install/moveit_common/share/moveit_common/environment/ament_prefix_path.dsv
[0.142s] -- Up-to-date: /home/thisum/my_ws/install/moveit_common/share/moveit_common/environment/path.sh
[0.143s] -- Up-to-date: /home/thisum/my_ws/install/moveit_common/share/moveit_common/environment/path.dsv
[0.143s] -- Up-to-date: /home/thisum/my_ws/install/moveit_common/share/moveit_common/local_setup.bash
[0.143s] -- Up-to-date: /home/thisum/my_ws/install/moveit_common/share/moveit_common/local_setup.sh
[0.143s] -- Up-to-date: /home/thisum/my_ws/install/moveit_common/share/moveit_common/local_setup.zsh
[0.144s] -- Up-to-date: /home/thisum/my_ws/install/moveit_common/share/moveit_common/local_setup.dsv
[0.144s] -- Installing: /home/thisum/my_ws/install/moveit_common/share/moveit_common/package.dsv
[0.144s] -- Up-to-date: /home/thisum/my_ws/install/moveit_common/share/ament_index/resource_index/packages/moveit_common
[0.144s] -- Up-to-date: /home/thisum/my_ws/install/moveit_common/share/moveit_common/cmake/moveit_common-extras.cmake
[0.144s] -- Up-to-date: /home/thisum/my_ws/install/moveit_common/share/moveit_common/cmake/moveit_commonConfig.cmake
[0.144s] -- Up-to-date: /home/thisum/my_ws/install/moveit_common/share/moveit_common/cmake/moveit_commonConfig-version.cmake
[0.144s] -- Up-to-date: /home/thisum/my_ws/install/moveit_common/share/moveit_common/package.xml
[0.144s] -- Up-to-date: /home/thisum/my_ws/install/moveit_common/share/moveit_common/cmake
[0.145s] -- Up-to-date: /home/thisum/my_ws/install/moveit_common/share/moveit_common/cmake/moveit_package.cmake
[0.147s] Invoked command in '/home/thisum/my_ws/build/moveit_common' returned '0': CMAKE_PREFIX_PATH=/opt/ros/humble /usr/bin/cmake --install /home/thisum/my_ws/build/moveit_common
