[0.084s] Invoking command in '/home/thisum/my_ws/build/moveit_resources_fanuc_description': CMAKE_PREFIX_PATH=${CMAKE_PREFIX_PATH}:/home/thisum/my_ws/install/moveit_configs_utils:/home/thisum/my_ws/install/launch_param_builder:/opt/ros/humble /usr/bin/cmake /home/thisum/my_ws/src/moveit_resources/fanuc_description -DCMAKE_INSTALL_PREFIX=/home/thisum/my_ws/install/moveit_resources_fanuc_description
[0.114s] -- Found ament_cmake: 1.3.9 (/opt/ros/humble/share/ament_cmake/cmake)
[0.461s] -- Configuring done
[0.492s] -- Generating done
[0.501s] -- Build files have been written to: /home/thisum/my_ws/build/moveit_resources_fanuc_description
[0.552s] Invoked command in '/home/thisum/my_ws/build/moveit_resources_fanuc_description' returned '0': CMAKE_PREFIX_PATH=${CMAKE_PREFIX_PATH}:/home/thisum/my_ws/install/moveit_configs_utils:/home/thisum/my_ws/install/launch_param_builder:/opt/ros/humble /usr/bin/cmake /home/thisum/my_ws/src/moveit_resources/fanuc_description -DCMAKE_INSTALL_PREFIX=/home/thisum/my_ws/install/moveit_resources_fanuc_description
[0.552s] Invoking command in '/home/thisum/my_ws/build/moveit_resources_fanuc_description': CMAKE_PREFIX_PATH=${CMAKE_PREFIX_PATH}:/home/thisum/my_ws/install/moveit_configs_utils:/home/thisum/my_ws/install/launch_param_builder:/opt/ros/humble /usr/bin/cmake --build /home/thisum/my_ws/build/moveit_resources_fanuc_description -- -j6 -l6
[0.700s] Invoked command in '/home/thisum/my_ws/build/moveit_resources_fanuc_description' returned '0': CMAKE_PREFIX_PATH=${CMAKE_PREFIX_PATH}:/home/thisum/my_ws/install/moveit_configs_utils:/home/thisum/my_ws/install/launch_param_builder:/opt/ros/humble /usr/bin/cmake --build /home/thisum/my_ws/build/moveit_resources_fanuc_description -- -j6 -l6
[0.804s] Invoking command in '/home/thisum/my_ws/build/moveit_resources_fanuc_description': CMAKE_PREFIX_PATH=${CMAKE_PREFIX_PATH}:/home/thisum/my_ws/install/moveit_configs_utils:/home/thisum/my_ws/install/launch_param_builder:/opt/ros/humble /usr/bin/cmake --install /home/thisum/my_ws/build/moveit_resources_fanuc_description
[0.865s] -- Install configuration: "Release"
[0.871s] -- Up-to-date: /home/thisum/my_ws/install/moveit_resources_fanuc_description/share/ament_index/resource_index/package_run_dependencies/moveit_resources_fanuc_description
[0.872s] -- Installing: /home/thisum/my_ws/install/moveit_resources_fanuc_description/share/ament_index/resource_index/parent_prefix_path/moveit_resources_fanuc_description
[0.889s] -- Up-to-date: /home/thisum/my_ws/install/moveit_resources_fanuc_description/share/moveit_resources_fanuc_description/environment/ament_prefix_path.sh
[0.889s] -- Installing: /home/thisum/my_ws/install/moveit_resources_fanuc_description/share/moveit_resources_fanuc_description/environment/ament_prefix_path.dsv
[0.890s] -- Up-to-date: /home/thisum/my_ws/install/moveit_resources_fanuc_description/share/moveit_resources_fanuc_description/environment/path.sh
[0.890s] -- Installing: /home/thisum/my_ws/install/moveit_resources_fanuc_description/share/moveit_resources_fanuc_description/environment/path.dsv
[0.890s] -- Up-to-date: /home/thisum/my_ws/install/moveit_resources_fanuc_description/share/moveit_resources_fanuc_description/local_setup.bash
[0.891s] -- Up-to-date: /home/thisum/my_ws/install/moveit_resources_fanuc_description/share/moveit_resources_fanuc_description/local_setup.sh
[0.892s] -- Up-to-date: /home/thisum/my_ws/install/moveit_resources_fanuc_description/share/moveit_resources_fanuc_description/local_setup.zsh
[0.892s] -- Installing: /home/thisum/my_ws/install/moveit_resources_fanuc_description/share/moveit_resources_fanuc_description/local_setup.dsv
[0.895s] -- Installing: /home/thisum/my_ws/install/moveit_resources_fanuc_description/share/moveit_resources_fanuc_description/package.dsv
[0.896s] -- Up-to-date: /home/thisum/my_ws/install/moveit_resources_fanuc_description/share/ament_index/resource_index/packages/moveit_resources_fanuc_description
[0.921s] -- Up-to-date: /home/thisum/my_ws/install/moveit_resources_fanuc_description/share/moveit_resources_fanuc_description/cmake/moveit_resources_fanuc_descriptionConfig.cmake
[0.921s] -- Up-to-date: /home/thisum/my_ws/install/moveit_resources_fanuc_description/share/moveit_resources_fanuc_description/cmake/moveit_resources_fanuc_descriptionConfig-version.cmake
[0.921s] -- Up-to-date: /home/thisum/my_ws/install/moveit_resources_fanuc_description/share/moveit_resources_fanuc_description/package.xml
[0.921s] -- Up-to-date: /home/thisum/my_ws/install/moveit_resources_fanuc_description/share/moveit_resources_fanuc_description/meshes
[0.921s] -- Up-to-date: /home/thisum/my_ws/install/moveit_resources_fanuc_description/share/moveit_resources_fanuc_description/meshes/collision
[0.934s] -- Up-to-date: /home/thisum/my_ws/install/moveit_resources_fanuc_description/share/moveit_resources_fanuc_description/meshes/collision/link_5.stl
[0.936s] -- Up-to-date: /home/thisum/my_ws/install/moveit_resources_fanuc_description/share/moveit_resources_fanuc_description/meshes/collision/link_2.stl
[0.936s] -- Up-to-date: /home/thisum/my_ws/install/moveit_resources_fanuc_description/share/moveit_resources_fanuc_description/meshes/collision/base_link.stl
[0.937s] -- Up-to-date: /home/thisum/my_ws/install/moveit_resources_fanuc_description/share/moveit_resources_fanuc_description/meshes/collision/link_3.stl
[0.937s] -- Up-to-date: /home/thisum/my_ws/install/moveit_resources_fanuc_description/share/moveit_resources_fanuc_description/meshes/collision/link_4.stl
[0.937s] -- Up-to-date: /home/thisum/my_ws/install/moveit_resources_fanuc_description/share/moveit_resources_fanuc_description/meshes/collision/link_6.stl
[0.944s] -- Up-to-date: /home/thisum/my_ws/install/moveit_resources_fanuc_description/share/moveit_resources_fanuc_description/meshes/collision/link_1.stl
[0.944s] -- Up-to-date: /home/thisum/my_ws/install/moveit_resources_fanuc_description/share/moveit_resources_fanuc_description/meshes/visual
[0.944s] -- Up-to-date: /home/thisum/my_ws/install/moveit_resources_fanuc_description/share/moveit_resources_fanuc_description/meshes/visual/link_5.stl
[0.944s] -- Up-to-date: /home/thisum/my_ws/install/moveit_resources_fanuc_description/share/moveit_resources_fanuc_description/meshes/visual/link_2.stl
[0.944s] -- Up-to-date: /home/thisum/my_ws/install/moveit_resources_fanuc_description/share/moveit_resources_fanuc_description/meshes/visual/base_link.stl
[0.944s] -- Up-to-date: /home/thisum/my_ws/install/moveit_resources_fanuc_description/share/moveit_resources_fanuc_description/meshes/visual/link_3.stl
[0.944s] -- Up-to-date: /home/thisum/my_ws/install/moveit_resources_fanuc_description/share/moveit_resources_fanuc_description/meshes/visual/link_4.stl
[0.945s] -- Up-to-date: /home/thisum/my_ws/install/moveit_resources_fanuc_description/share/moveit_resources_fanuc_description/meshes/visual/link_6.stl
[0.945s] -- Up-to-date: /home/thisum/my_ws/install/moveit_resources_fanuc_description/share/moveit_resources_fanuc_description/meshes/visual/link_1.stl
[0.945s] -- Up-to-date: /home/thisum/my_ws/install/moveit_resources_fanuc_description/share/moveit_resources_fanuc_description/urdf
[0.957s] -- Up-to-date: /home/thisum/my_ws/install/moveit_resources_fanuc_description/share/moveit_resources_fanuc_description/urdf/fanuc.urdf
[0.995s] Invoked command in '/home/thisum/my_ws/build/moveit_resources_fanuc_description' returned '0': CMAKE_PREFIX_PATH=${CMAKE_PREFIX_PATH}:/home/thisum/my_ws/install/moveit_configs_utils:/home/thisum/my_ws/install/launch_param_builder:/opt/ros/humble /usr/bin/cmake --install /home/thisum/my_ws/build/moveit_resources_fanuc_description
