[0.000000] (-) TimerEvent: {}
[0.000788] (-) JobUnselected: {'identifier': 'arm_config'}
[0.000834] (-) JobUnselected: {'identifier': 'chomp_motion_planner'}
[0.000860] (-) JobUnselected: {'identifier': 'final_config'}
[0.000884] (-) JobUnselected: {'identifier': 'gzb'}
[0.000906] (-) JobUnselected: {'identifier': 'launch_param_builder'}
[0.000927] (-) JobUnselected: {'identifier': 'moveit'}
[0.000947] (-) JobUnselected: {'identifier': 'moveit2_tutorials'}
[0.000986] (-) JobUnselected: {'identifier': 'moveit_chomp_optimizer_adapter'}
[0.001007] (-) JobUnselected: {'identifier': 'moveit_common'}
[0.001025] (-) JobUnselected: {'identifier': 'moveit_configs_utils'}
[0.001043] (-) JobUnselected: {'identifier': 'moveit_core'}
[0.001061] (-) JobUnselected: {'identifier': 'moveit_hybrid_planning'}
[0.001079] (-) JobUnselected: {'identifier': 'moveit_kinematics'}
[0.001097] (-) JobUnselected: {'identifier': 'moveit_planners'}
[0.001114] (-) JobUnselected: {'identifier': 'moveit_planners_chomp'}
[0.001132] (-) JobUnselected: {'identifier': 'moveit_planners_ompl'}
[0.001149] (-) JobUnselected: {'identifier': 'moveit_plugins'}
[0.001167] (-) JobUnselected: {'identifier': 'moveit_resources'}
[0.001185] (-) JobUnselected: {'identifier': 'moveit_resources_fanuc_description'}
[0.001204] (-) JobUnselected: {'identifier': 'moveit_resources_fanuc_moveit_config'}
[0.001236] (-) JobUnselected: {'identifier': 'moveit_resources_panda_description'}
[0.001263] (-) JobUnselected: {'identifier': 'moveit_resources_panda_moveit_config'}
[0.001281] (-) JobUnselected: {'identifier': 'moveit_resources_pr2_description'}
[0.001300] (-) JobUnselected: {'identifier': 'moveit_resources_prbt_ikfast_manipulator_plugin'}
[0.001318] (-) JobUnselected: {'identifier': 'moveit_resources_prbt_moveit_config'}
[0.001337] (-) JobUnselected: {'identifier': 'moveit_resources_prbt_pg70_support'}
[0.001356] (-) JobUnselected: {'identifier': 'moveit_resources_prbt_support'}
[0.001374] (-) JobUnselected: {'identifier': 'moveit_ros'}
[0.001393] (-) JobUnselected: {'identifier': 'moveit_ros_benchmarks'}
[0.001412] (-) JobUnselected: {'identifier': 'moveit_ros_control_interface'}
[0.001431] (-) JobUnselected: {'identifier': 'moveit_ros_move_group'}
[0.001449] (-) JobUnselected: {'identifier': 'moveit_ros_occupancy_map_monitor'}
[0.001467] (-) JobUnselected: {'identifier': 'moveit_ros_perception'}
[0.001487] (-) JobUnselected: {'identifier': 'moveit_ros_planning'}
[0.001519] (-) JobUnselected: {'identifier': 'moveit_ros_planning_interface'}
[0.001537] (-) JobUnselected: {'identifier': 'moveit_ros_robot_interaction'}
[0.001555] (-) JobUnselected: {'identifier': 'moveit_ros_visualization'}
[0.001583] (-) JobUnselected: {'identifier': 'moveit_ros_warehouse'}
[0.001605] (-) JobUnselected: {'identifier': 'moveit_runtime'}
[0.001624] (-) JobUnselected: {'identifier': 'moveit_servo'}
[0.001642] (-) JobUnselected: {'identifier': 'moveit_setup_app_plugins'}
[0.001660] (-) JobUnselected: {'identifier': 'moveit_setup_assistant'}
[0.001677] (-) JobUnselected: {'identifier': 'moveit_setup_controllers'}
[0.001695] (-) JobUnselected: {'identifier': 'moveit_setup_core_plugins'}
[0.001713] (-) JobUnselected: {'identifier': 'moveit_setup_framework'}
[0.001730] (-) JobUnselected: {'identifier': 'moveit_setup_srdf_plugins'}
[0.001748] (-) JobUnselected: {'identifier': 'moveit_simple_controller_manager'}
[0.001766] (-) JobUnselected: {'identifier': 'moveit_task_constructor_capabilities'}
[0.001785] (-) JobUnselected: {'identifier': 'moveit_task_constructor_core'}
[0.001803] (-) JobUnselected: {'identifier': 'moveit_task_constructor_demo'}
[0.001821] (-) JobUnselected: {'identifier': 'moveit_task_constructor_msgs'}
[0.001839] (-) JobUnselected: {'identifier': 'moveit_task_constructor_visualization'}
[0.001857] (-) JobUnselected: {'identifier': 'moveit_visual_tools'}
[0.001875] (-) JobUnselected: {'identifier': 'narm_config'}
[0.001893] (-) JobUnselected: {'identifier': 'new_full_arm'}
[0.002009] (-) JobUnselected: {'identifier': 'pilz_industrial_motion_planner'}
[0.002038] (-) JobUnselected: {'identifier': 'pilz_industrial_motion_planner_testutils'}
[0.002074] (-) JobUnselected: {'identifier': 'rosparam_shortcuts'}
[0.002095] (-) JobUnselected: {'identifier': 'rviz_marker_tools'}
[0.002114] (-) JobUnselected: {'identifier': 'srdfdom'}
[0.002133] (-) EventReactorShutdown: {}
