[0.632s] Invoking command in '/home/thisum/my_ws/src/launch_param_builder': PYTHONPATH=/home/thisum/my_ws/build/launch_param_builder/prefix_override:/usr/lib/python3/dist-packages/colcon_core/task/python/colcon_distutils_commands:/home/thisum/my_ws/install/launch_param_builder/lib/python3.10/site-packages:${PYTHONPATH} /usr/bin/python3 -W ignore:setup.py install is deprecated setup.py egg_info --egg-base ../../build/launch_param_builder build --build-base /home/thisum/my_ws/build/launch_param_builder/build install --record /home/thisum/my_ws/build/launch_param_builder/install.log --single-version-externally-managed install_data
[0.833s] running egg_info
[0.835s] writing ../../build/launch_param_builder/launch_param_builder.egg-info/PKG-INFO
[0.835s] writing dependency_links to ../../build/launch_param_builder/launch_param_builder.egg-info/dependency_links.txt
[0.835s] writing entry points to ../../build/launch_param_builder/launch_param_builder.egg-info/entry_points.txt
[0.835s] writing requirements to ../../build/launch_param_builder/launch_param_builder.egg-info/requires.txt
[0.835s] writing top-level names to ../../build/launch_param_builder/launch_param_builder.egg-info/top_level.txt
[0.836s] reading manifest file '../../build/launch_param_builder/launch_param_builder.egg-info/SOURCES.txt'
[0.837s] adding license file 'LICENSE'
[0.839s] writing manifest file '../../build/launch_param_builder/launch_param_builder.egg-info/SOURCES.txt'
[0.839s] running build
[0.839s] running build_py
[0.839s] running install
[0.840s] running install_lib
[0.841s] running install_data
[0.841s] running install_egg_info
[0.844s] removing '/home/thisum/my_ws/install/launch_param_builder/lib/python3.10/site-packages/launch_param_builder-0.1.1-py3.10.egg-info' (and everything under it)
[0.845s] Copying ../../build/launch_param_builder/launch_param_builder.egg-info to /home/thisum/my_ws/install/launch_param_builder/lib/python3.10/site-packages/launch_param_builder-0.1.1-py3.10.egg-info
[0.846s] running install_scripts
[0.869s] writing list of installed files to '/home/thisum/my_ws/build/launch_param_builder/install.log'
[0.891s] Invoked command in '/home/thisum/my_ws/src/launch_param_builder' returned '0': PYTHONPATH=/home/thisum/my_ws/build/launch_param_builder/prefix_override:/usr/lib/python3/dist-packages/colcon_core/task/python/colcon_distutils_commands:/home/thisum/my_ws/install/launch_param_builder/lib/python3.10/site-packages:${PYTHONPATH} /usr/bin/python3 -W ignore:setup.py install is deprecated setup.py egg_info --egg-base ../../build/launch_param_builder build --build-base /home/thisum/my_ws/build/launch_param_builder/build install --record /home/thisum/my_ws/build/launch_param_builder/install.log --single-version-externally-managed install_data
