[0.046s] Invoking command in '/home/thisum/my_ws/build/moveit_kinematics': AMENT_PREFIX_PATH=/home/thisum/my_ws/install/moveit_ros_planning:/home/thisum/my_ws/install/moveit_ros_occupancy_map_monitor:/home/thisum/my_ws/install/moveit_core:/home/thisum/my_ws/install/moveit_resources_panda_moveit_config:/home/thisum/my_ws/install/moveit_resources_fanuc_moveit_config:/home/thisum/my_ws/install/moveit_configs_utils:/home/thisum/my_ws/install/srdfdom:/home/thisum/my_ws/install/moveit_resources_pr2_description:/home/thisum/my_ws/install/moveit_resources_panda_description:/home/thisum/my_ws/install/moveit_resources_fanuc_description:/home/thisum/my_ws/install/moveit_common:/home/thisum/my_ws/install/launch_param_builder:${AMENT_PREFIX_PATH} CMAKE_PREFIX_PATH=/home/thisum/my_ws/install/moveit_ros_planning:/home/thisum/my_ws/install/moveit_ros_occupancy_map_monitor:/home/thisum/my_ws/install/moveit_core:/home/thisum/my_ws/install/moveit_resources_panda_moveit_config:/home/thisum/my_ws/install/moveit_resources_fanuc_moveit_config:/home/thisum/my_ws/install/srdfdom:/home/thisum/my_ws/install/moveit_resources_pr2_description:/home/thisum/my_ws/install/moveit_resources_panda_description:/home/thisum/my_ws/install/moveit_resources_fanuc_description:/home/thisum/my_ws/install/moveit_common:/opt/ros/humble LD_LIBRARY_PATH=/home/thisum/my_ws/install/moveit_ros_planning/lib:/home/thisum/my_ws/install/moveit_ros_occupancy_map_monitor/lib:/home/thisum/my_ws/install/moveit_core/lib:/home/thisum/my_ws/install/srdfdom/lib:${LD_LIBRARY_PATH} PATH=/home/thisum/my_ws/install/moveit_core/bin:${PATH} PYTHONPATH=/home/thisum/my_ws/install/moveit_configs_utils/lib/python3.10/site-packages:/home/thisum/my_ws/install/srdfdom/local/lib/python3.10/dist-packages:/home/thisum/my_ws/install/launch_param_builder/lib/python3.10/site-packages:${PYTHONPATH} /usr/bin/cmake /home/thisum/my_ws/src/moveit2/moveit_kinematics -DCMAKE_BUILD_TYPE=Release -DCMAKE_INSTALL_PREFIX=/home/thisum/my_ws/install/moveit_kinematics
[0.124s] -- The C compiler identification is GNU 11.4.0
[0.186s] -- The CXX compiler identification is GNU 11.4.0
[0.205s] -- Detecting C compiler ABI info
[0.317s] -- Detecting C compiler ABI info - done
[0.324s] -- Check for working C compiler: /usr/bin/cc - skipped
[0.324s] -- Detecting C compile features
[0.325s] -- Detecting C compile features - done
[0.327s] -- Detecting CXX compiler ABI info
[0.436s] -- Detecting CXX compiler ABI info - done
[0.442s] -- Check for working CXX compiler: /usr/bin/c++ - skipped
[0.443s] -- Detecting CXX compile features
[0.443s] -- Detecting CXX compile features - done
[0.446s] -- Found moveit_common: 2.5.5 (/home/thisum/my_ws/install/moveit_common/share/moveit_common/cmake)
[0.450s] -- Found ament_cmake: 1.3.9 (/opt/ros/humble/share/ament_cmake/cmake)
[0.617s] -- Found Python3: /usr/bin/python3 (found version "3.10.12") found components: Interpreter 
[0.814s] -- Found libdw: /usr/lib/x86_64-linux-gnu/libdw.so  
[0.820s] -- Could NOT find libbfd (missing: LIBBFD_LIBRARY LIBBFD_INCLUDE_DIR) 
[0.820s] -- BACKWARD_HAS_UNWIND=1
[0.820s] -- BACKWARD_HAS_BACKTRACE=0
[0.820s] -- BACKWARD_HAS_BACKTRACE_SYMBOL=0
[0.820s] -- BACKWARD_HAS_DW=1
[0.820s] -- BACKWARD_HAS_BFD=0
[0.821s] -- Found Backward: /opt/ros/humble/share/backward_ros/cmake  
[0.834s] -- Found tf2_kdl: 0.25.7 (/opt/ros/humble/share/tf2_kdl/cmake)
[0.873s] -- Found rosidl_generator_c: 3.1.5 (/opt/ros/humble/share/rosidl_generator_c/cmake)
[0.880s] -- Found rosidl_adapter: 3.1.5 (/opt/ros/humble/share/rosidl_adapter/cmake)
[0.891s] -- Found rosidl_generator_cpp: 3.1.5 (/opt/ros/humble/share/rosidl_generator_cpp/cmake)
[0.909s] -- Using all available rosidl_typesupport_c: rosidl_typesupport_fastrtps_c;rosidl_typesupport_introspection_c
[0.932s] -- Using all available rosidl_typesupport_cpp: rosidl_typesupport_fastrtps_cpp;rosidl_typesupport_introspection_cpp
[1.052s] -- Found eigen3_cmake_module: 0.1.1 (/opt/ros/humble/share/eigen3_cmake_module/cmake)
[1.053s] -- Found Eigen3: TRUE (found version "3.4.0") 
[1.053s] -- Ensuring Eigen3 include directory is part of orocos-kdl CMake target
[1.206s] -- Found rmw_implementation_cmake: 6.1.2 (/opt/ros/humble/share/rmw_implementation_cmake/cmake)
[1.211s] -- Found rmw_fastrtps_cpp: 6.2.6 (/opt/ros/humble/share/rmw_fastrtps_cpp/cmake)
[1.367s] -- Found OpenSSL: /usr/lib/x86_64-linux-gnu/libcrypto.so (found version "3.0.2")  
[1.404s] -- Found FastRTPS: /opt/ros/humble/include  
[1.454s] -- Using RMW implementation 'rmw_fastrtps_cpp' as default
[1.469s] -- Looking for pthread.h
[1.609s] -- Looking for pthread.h - found
[1.610s] -- Performing Test CMAKE_HAVE_LIBC_PTHREAD
[1.739s] -- Performing Test CMAKE_HAVE_LIBC_PTHREAD - Success
[1.741s] -- Found Threads: TRUE  
[2.112s] -- Found kdl_parser: 2.6.4 (/opt/ros/humble/share/kdl_parser/cmake)
[2.124s] -- Found random_numbers: 2.0.1 (/opt/ros/humble/share/random_numbers/cmake)
[2.131s] -- Found pluginlib: 5.1.0 (/opt/ros/humble/share/pluginlib/cmake)
[2.152s] -- Found moveit_core: 2.5.5 (/home/thisum/my_ws/install/moveit_core/share/moveit_core/cmake)
[2.197s] -- Found Boost: /usr/lib/x86_64-linux-gnu/cmake/Boost-1.74.0/BoostConfig.cmake (found version "1.74.0") found components: chrono date_time filesystem iostreams program_options regex serialization system thread 
[2.237s] -- Found parameter_traits: 0.3.8 (/opt/ros/humble/share/parameter_traits/cmake)
[2.258s] -- Found rclcpp_lifecycle: 16.0.9 (/opt/ros/humble/share/rclcpp_lifecycle/cmake)
[2.307s] -- Found Boost: /usr/lib/x86_64-linux-gnu/cmake/Boost-1.74.0/BoostConfig.cmake (found version "1.74.0") found components: filesystem 
[2.440s] -- library: /usr/lib/x86_64-linux-gnu/libcurl.so
[3.399s] -- Found moveit_ros_planning: 2.5.5 (/home/thisum/my_ws/install/moveit_ros_planning/share/moveit_ros_planning/cmake)
[3.404s] -- Found Boost: /usr/lib/x86_64-linux-gnu/cmake/Boost-1.74.0/BoostConfig.cmake (found version "1.74.0") found components: system filesystem date_time program_options thread chrono 
[3.775s] -- Found Boost: /usr/lib/x86_64-linux-gnu/cmake/Boost-1.74.0/BoostConfig.cmake (found version "1.74.0") found components: program_options system 
[3.837s] -- Found ament_cmake_gtest: 1.3.9 (/opt/ros/humble/share/ament_cmake_gtest/cmake)
[3.841s] -- Found ros_testing: 0.4.0 (/opt/ros/humble/share/ros_testing/cmake)
[3.845s] -- Found launch_testing_ament_cmake: 1.0.6 (/opt/ros/humble/share/launch_testing_ament_cmake/cmake)
[3.849s] -- Found python_cmake_module: 0.10.0 (/opt/ros/humble/share/python_cmake_module/cmake)
[3.880s] -- Found PythonInterp: /usr/bin/python3 (found suitable version "3.10.12", minimum required is "3.6") 
[3.887s] -- Found PythonLibs: /usr/lib/x86_64-linux-gnu/libpython3.10.so (found suitable version "3.10.12", minimum required is "3.5") 
[3.887s] -- Using PYTHON_EXECUTABLE: /usr/bin/python3
[3.887s] -- Using PYTHON_INCLUDE_DIRS: /usr/include/python3.10
[3.888s] -- Using PYTHON_LIBRARIES: /usr/lib/x86_64-linux-gnu/libpython3.10.so
[3.917s] -- Found PythonExtra: .so  
[3.920s] -- Found moveit_resources_fanuc_description: 2.0.7 (/home/thisum/my_ws/install/moveit_resources_fanuc_description/share/moveit_resources_fanuc_description/cmake)
[3.921s] -- Found moveit_resources_fanuc_moveit_config: 2.0.7 (/home/thisum/my_ws/install/moveit_resources_fanuc_moveit_config/share/moveit_resources_fanuc_moveit_config/cmake)
[3.923s] -- Found moveit_resources_panda_description: 2.0.7 (/home/thisum/my_ws/install/moveit_resources_panda_description/share/moveit_resources_panda_description/cmake)
[3.924s] -- Found moveit_resources_panda_moveit_config: 2.0.7 (/home/thisum/my_ws/install/moveit_resources_panda_moveit_config/share/moveit_resources_panda_moveit_config/cmake)
[3.927s] -- Found gtest sources under '/opt/ros/humble/src/gtest_vendor': C++ tests using 'Google Test' will be built
[3.945s] -- Found ament_lint_auto: 0.12.11 (/opt/ros/humble/share/ament_lint_auto/cmake)
[3.959s] -- Found launch_testing_ament_cmake: 1.0.6 (/opt/ros/humble/share/launch_testing_ament_cmake/cmake)
[3.959s] -- Found python_cmake_module: 0.10.0 (/opt/ros/humble/share/python_cmake_module/cmake)
[3.988s] -- Using PYTHON_EXECUTABLE: /usr/bin/python3
[3.988s] -- Using PYTHON_INCLUDE_DIRS: /usr/include/python3.10
[3.988s] -- Using PYTHON_LIBRARIES: /usr/lib/x86_64-linux-gnu/libpython3.10.so
[4.034s] -- Added test 'cppcheck' to perform static code analysis on C / C++ code
[4.034s] -- Configured cppcheck include dirs: /home/thisum/my_ws/src/moveit2/moveit_kinematics/kdl_kinematics_plugin/include;/home/thisum/my_ws/src/moveit2/moveit_kinematics/lma_kinematics_plugin/include;/home/thisum/my_ws/src/moveit2/moveit_kinematics/srv_kinematics_plugin/include;/home/thisum/my_ws/src/moveit2/moveit_kinematics/cached_ik_kinematics_plugin/include
[4.034s] -- Configured cppcheck exclude dirs and/or files: 
[4.036s] -- Added test 'lint_cmake' to check CMake code style
[4.039s] -- Configuring done
[4.176s] -- Generating done
[4.179s] -- Build files have been written to: /home/thisum/my_ws/build/moveit_kinematics
[4.200s] Invoked command in '/home/thisum/my_ws/build/moveit_kinematics' returned '0': AMENT_PREFIX_PATH=/home/thisum/my_ws/install/moveit_ros_planning:/home/thisum/my_ws/install/moveit_ros_occupancy_map_monitor:/home/thisum/my_ws/install/moveit_core:/home/thisum/my_ws/install/moveit_resources_panda_moveit_config:/home/thisum/my_ws/install/moveit_resources_fanuc_moveit_config:/home/thisum/my_ws/install/moveit_configs_utils:/home/thisum/my_ws/install/srdfdom:/home/thisum/my_ws/install/moveit_resources_pr2_description:/home/thisum/my_ws/install/moveit_resources_panda_description:/home/thisum/my_ws/install/moveit_resources_fanuc_description:/home/thisum/my_ws/install/moveit_common:/home/thisum/my_ws/install/launch_param_builder:${AMENT_PREFIX_PATH} CMAKE_PREFIX_PATH=/home/thisum/my_ws/install/moveit_ros_planning:/home/thisum/my_ws/install/moveit_ros_occupancy_map_monitor:/home/thisum/my_ws/install/moveit_core:/home/thisum/my_ws/install/moveit_resources_panda_moveit_config:/home/thisum/my_ws/install/moveit_resources_fanuc_moveit_config:/home/thisum/my_ws/install/srdfdom:/home/thisum/my_ws/install/moveit_resources_pr2_description:/home/thisum/my_ws/install/moveit_resources_panda_description:/home/thisum/my_ws/install/moveit_resources_fanuc_description:/home/thisum/my_ws/install/moveit_common:/opt/ros/humble LD_LIBRARY_PATH=/home/thisum/my_ws/install/moveit_ros_planning/lib:/home/thisum/my_ws/install/moveit_ros_occupancy_map_monitor/lib:/home/thisum/my_ws/install/moveit_core/lib:/home/thisum/my_ws/install/srdfdom/lib:${LD_LIBRARY_PATH} PATH=/home/thisum/my_ws/install/moveit_core/bin:${PATH} PYTHONPATH=/home/thisum/my_ws/install/moveit_configs_utils/lib/python3.10/site-packages:/home/thisum/my_ws/install/srdfdom/local/lib/python3.10/dist-packages:/home/thisum/my_ws/install/launch_param_builder/lib/python3.10/site-packages:${PYTHONPATH} /usr/bin/cmake /home/thisum/my_ws/src/moveit2/moveit_kinematics -DCMAKE_BUILD_TYPE=Release -DCMAKE_INSTALL_PREFIX=/home/thisum/my_ws/install/moveit_kinematics
[4.203s] Invoking command in '/home/thisum/my_ws/build/moveit_kinematics': AMENT_PREFIX_PATH=/home/thisum/my_ws/install/moveit_ros_planning:/home/thisum/my_ws/install/moveit_ros_occupancy_map_monitor:/home/thisum/my_ws/install/moveit_core:/home/thisum/my_ws/install/moveit_resources_panda_moveit_config:/home/thisum/my_ws/install/moveit_resources_fanuc_moveit_config:/home/thisum/my_ws/install/moveit_configs_utils:/home/thisum/my_ws/install/srdfdom:/home/thisum/my_ws/install/moveit_resources_pr2_description:/home/thisum/my_ws/install/moveit_resources_panda_description:/home/thisum/my_ws/install/moveit_resources_fanuc_description:/home/thisum/my_ws/install/moveit_common:/home/thisum/my_ws/install/launch_param_builder:${AMENT_PREFIX_PATH} CMAKE_PREFIX_PATH=/home/thisum/my_ws/install/moveit_ros_planning:/home/thisum/my_ws/install/moveit_ros_occupancy_map_monitor:/home/thisum/my_ws/install/moveit_core:/home/thisum/my_ws/install/moveit_resources_panda_moveit_config:/home/thisum/my_ws/install/moveit_resources_fanuc_moveit_config:/home/thisum/my_ws/install/srdfdom:/home/thisum/my_ws/install/moveit_resources_pr2_description:/home/thisum/my_ws/install/moveit_resources_panda_description:/home/thisum/my_ws/install/moveit_resources_fanuc_description:/home/thisum/my_ws/install/moveit_common:/opt/ros/humble LD_LIBRARY_PATH=/home/thisum/my_ws/install/moveit_ros_planning/lib:/home/thisum/my_ws/install/moveit_ros_occupancy_map_monitor/lib:/home/thisum/my_ws/install/moveit_core/lib:/home/thisum/my_ws/install/srdfdom/lib:${LD_LIBRARY_PATH} PATH=/home/thisum/my_ws/install/moveit_core/bin:${PATH} PYTHONPATH=/home/thisum/my_ws/install/moveit_configs_utils/lib/python3.10/site-packages:/home/thisum/my_ws/install/srdfdom/local/lib/python3.10/dist-packages:/home/thisum/my_ws/install/launch_param_builder/lib/python3.10/site-packages:${PYTHONPATH} /usr/bin/cmake --build /home/thisum/my_ws/build/moveit_kinematics -- -j6 -l6
[4.285s] [ 15%] [32mBuilding CXX object kdl_kinematics_plugin/CMakeFiles/moveit_kdl_kinematics_plugin.dir/src/kdl_kinematics_plugin.cpp.o[0m
[4.285s] [ 15%] [32mBuilding CXX object srv_kinematics_plugin/CMakeFiles/moveit_srv_kinematics_plugin.dir/src/srv_kinematics_plugin.cpp.o[0m
[4.285s] [ 21%] [32mBuilding CXX object gtest/CMakeFiles/gtest_main.dir/src/gtest_main.cc.o[0m
[4.285s] [ 15%] [32mBuilding CXX object gtest/CMakeFiles/gtest.dir/src/gtest-all.cc.o[0m
[4.286s] [ 26%] [32mBuilding CXX object cached_ik_kinematics_plugin/CMakeFiles/moveit_cached_ik_kinematics_base.dir/src/ik_cache.cpp.o[0m
[4.286s] [ 31%] [32mBuilding CXX object lma_kinematics_plugin/CMakeFiles/moveit_lma_kinematics_plugin.dir/src/lma_kinematics_plugin.cpp.o[0m
[5.404s] [ 36%] [32m[1mLinking CXX static library libgtest_main.a[0m
[5.521s] [ 36%] Built target gtest_main
[5.667s] [ 42%] [32mBuilding CXX object test/CMakeFiles/benchmark_ik.dir/benchmark_ik.cpp.o[0m
[12.228s] [ 47%] [32m[1mLinking CXX static library libgtest.a[0m
[12.384s] [ 47%] Built target gtest
[12.475s] [ 52%] [32mBuilding CXX object kdl_kinematics_plugin/CMakeFiles/moveit_kdl_kinematics_plugin.dir/src/chainiksolver_vel_mimic_svd.cpp.o[0m
[14.398s] [ 57%] [32m[1mLinking CXX shared library libmoveit_lma_kinematics_plugin.so[0m
[14.783s] [ 57%] Built target moveit_lma_kinematics_plugin
[14.918s] [ 63%] [32m[1mLinking CXX shared library libmoveit_srv_kinematics_plugin.so[0m
[15.170s] [ 63%] Built target moveit_srv_kinematics_plugin
[15.469s] [ 68%] [32m[1mLinking CXX shared library libmoveit_cached_ik_kinematics_base.so[0m
[15.760s] [ 68%] Built target moveit_cached_ik_kinematics_base
[17.353s] [ 73%] [32m[1mLinking CXX executable benchmark_ik[0m
[17.681s] [ 73%] Built target benchmark_ik
[20.199s] [ 78%] [32m[1mLinking CXX shared library libmoveit_kdl_kinematics_plugin.so[0m
[20.400s] [ 78%] Built target moveit_kdl_kinematics_plugin
[20.433s] [ 89%] [32mBuilding CXX object test/CMakeFiles/test_kinematics_plugin.dir/test_kinematics_plugin.cpp.o[0m
[20.433s] [ 89%] [32mBuilding CXX object cached_ik_kinematics_plugin/CMakeFiles/moveit_cached_ik_kinematics_plugin.dir/src/cached_ik_kinematics_plugin.cpp.o[0m
[28.731s] [ 94%] [32m[1mLinking CXX shared library libmoveit_cached_ik_kinematics_plugin.so[0m
[28.990s] [ 94%] Built target moveit_cached_ik_kinematics_plugin
[38.794s] [100%] [32m[1mLinking CXX executable test_kinematics_plugin[0m
[39.168s] [100%] Built target test_kinematics_plugin
[39.186s] Invoked command in '/home/thisum/my_ws/build/moveit_kinematics' returned '0': AMENT_PREFIX_PATH=/home/thisum/my_ws/install/moveit_ros_planning:/home/thisum/my_ws/install/moveit_ros_occupancy_map_monitor:/home/thisum/my_ws/install/moveit_core:/home/thisum/my_ws/install/moveit_resources_panda_moveit_config:/home/thisum/my_ws/install/moveit_resources_fanuc_moveit_config:/home/thisum/my_ws/install/moveit_configs_utils:/home/thisum/my_ws/install/srdfdom:/home/thisum/my_ws/install/moveit_resources_pr2_description:/home/thisum/my_ws/install/moveit_resources_panda_description:/home/thisum/my_ws/install/moveit_resources_fanuc_description:/home/thisum/my_ws/install/moveit_common:/home/thisum/my_ws/install/launch_param_builder:${AMENT_PREFIX_PATH} CMAKE_PREFIX_PATH=/home/thisum/my_ws/install/moveit_ros_planning:/home/thisum/my_ws/install/moveit_ros_occupancy_map_monitor:/home/thisum/my_ws/install/moveit_core:/home/thisum/my_ws/install/moveit_resources_panda_moveit_config:/home/thisum/my_ws/install/moveit_resources_fanuc_moveit_config:/home/thisum/my_ws/install/srdfdom:/home/thisum/my_ws/install/moveit_resources_pr2_description:/home/thisum/my_ws/install/moveit_resources_panda_description:/home/thisum/my_ws/install/moveit_resources_fanuc_description:/home/thisum/my_ws/install/moveit_common:/opt/ros/humble LD_LIBRARY_PATH=/home/thisum/my_ws/install/moveit_ros_planning/lib:/home/thisum/my_ws/install/moveit_ros_occupancy_map_monitor/lib:/home/thisum/my_ws/install/moveit_core/lib:/home/thisum/my_ws/install/srdfdom/lib:${LD_LIBRARY_PATH} PATH=/home/thisum/my_ws/install/moveit_core/bin:${PATH} PYTHONPATH=/home/thisum/my_ws/install/moveit_configs_utils/lib/python3.10/site-packages:/home/thisum/my_ws/install/srdfdom/local/lib/python3.10/dist-packages:/home/thisum/my_ws/install/launch_param_builder/lib/python3.10/site-packages:${PYTHONPATH} /usr/bin/cmake --build /home/thisum/my_ws/build/moveit_kinematics -- -j6 -l6
[39.241s] Invoking command in '/home/thisum/my_ws/build/moveit_kinematics': AMENT_PREFIX_PATH=/home/thisum/my_ws/install/moveit_ros_planning:/home/thisum/my_ws/install/moveit_ros_occupancy_map_monitor:/home/thisum/my_ws/install/moveit_core:/home/thisum/my_ws/install/moveit_resources_panda_moveit_config:/home/thisum/my_ws/install/moveit_resources_fanuc_moveit_config:/home/thisum/my_ws/install/moveit_configs_utils:/home/thisum/my_ws/install/srdfdom:/home/thisum/my_ws/install/moveit_resources_pr2_description:/home/thisum/my_ws/install/moveit_resources_panda_description:/home/thisum/my_ws/install/moveit_resources_fanuc_description:/home/thisum/my_ws/install/moveit_common:/home/thisum/my_ws/install/launch_param_builder:${AMENT_PREFIX_PATH} CMAKE_PREFIX_PATH=/home/thisum/my_ws/install/moveit_ros_planning:/home/thisum/my_ws/install/moveit_ros_occupancy_map_monitor:/home/thisum/my_ws/install/moveit_core:/home/thisum/my_ws/install/moveit_resources_panda_moveit_config:/home/thisum/my_ws/install/moveit_resources_fanuc_moveit_config:/home/thisum/my_ws/install/srdfdom:/home/thisum/my_ws/install/moveit_resources_pr2_description:/home/thisum/my_ws/install/moveit_resources_panda_description:/home/thisum/my_ws/install/moveit_resources_fanuc_description:/home/thisum/my_ws/install/moveit_common:/opt/ros/humble LD_LIBRARY_PATH=/home/thisum/my_ws/install/moveit_ros_planning/lib:/home/thisum/my_ws/install/moveit_ros_occupancy_map_monitor/lib:/home/thisum/my_ws/install/moveit_core/lib:/home/thisum/my_ws/install/srdfdom/lib:${LD_LIBRARY_PATH} PATH=/home/thisum/my_ws/install/moveit_core/bin:${PATH} PYTHONPATH=/home/thisum/my_ws/install/moveit_configs_utils/lib/python3.10/site-packages:/home/thisum/my_ws/install/srdfdom/local/lib/python3.10/dist-packages:/home/thisum/my_ws/install/launch_param_builder/lib/python3.10/site-packages:${PYTHONPATH} /usr/bin/cmake --install /home/thisum/my_ws/build/moveit_kinematics
[39.252s] -- Install configuration: "Release"
[39.259s] -- Installing: /home/thisum/my_ws/install/moveit_kinematics/share/moveit_kinematics/kdl_kinematics_plugin_description.xml
[39.259s] -- Installing: /home/thisum/my_ws/install/moveit_kinematics/share/moveit_kinematics/lma_kinematics_plugin_description.xml
[39.259s] -- Installing: /home/thisum/my_ws/install/moveit_kinematics/share/moveit_kinematics/srv_kinematics_plugin_description.xml
[39.259s] -- Installing: /home/thisum/my_ws/install/moveit_kinematics/share/moveit_kinematics/cached_ik_kinematics_plugin_description.xml
[39.259s] -- Installing: /home/thisum/my_ws/install/moveit_kinematics/include
[39.259s] -- Installing: /home/thisum/my_ws/install/moveit_kinematics/include/moveit
[39.259s] -- Installing: /home/thisum/my_ws/install/moveit_kinematics/include/moveit/cached_ik_kinematics_plugin
[39.259s] -- Installing: /home/thisum/my_ws/install/moveit_kinematics/include/moveit/cached_ik_kinematics_plugin/cached_ik_kinematics_plugin-inl.h
[39.259s] -- Installing: /home/thisum/my_ws/install/moveit_kinematics/include/moveit/cached_ik_kinematics_plugin/detail
[39.259s] -- Installing: /home/thisum/my_ws/install/moveit_kinematics/include/moveit/cached_ik_kinematics_plugin/detail/GreedyKCenters.h
[39.259s] -- Installing: /home/thisum/my_ws/install/moveit_kinematics/include/moveit/cached_ik_kinematics_plugin/detail/NearestNeighborsGNAT.h
[39.259s] -- Installing: /home/thisum/my_ws/install/moveit_kinematics/include/moveit/cached_ik_kinematics_plugin/detail/NearestNeighbors.h
[39.259s] -- Installing: /home/thisum/my_ws/install/moveit_kinematics/include/moveit/cached_ik_kinematics_plugin/cached_ik_kinematics_plugin.h
[39.259s] -- Installing: /home/thisum/my_ws/install/moveit_kinematics/share/moveit_kinematics/launch
[39.259s] -- Installing: /home/thisum/my_ws/install/moveit_kinematics/share/moveit_kinematics/launch/measure_ik_call_cost.launch
[39.259s] -- Installing: /home/thisum/my_ws/install/moveit_kinematics/lib/moveit_kinematics/auto_create_ikfast_moveit_plugin.sh
[39.259s] -- Installing: /home/thisum/my_ws/install/moveit_kinematics/lib/moveit_kinematics/create_ikfast_moveit_plugin.py
[39.259s] -- Installing: /home/thisum/my_ws/install/moveit_kinematics/lib/moveit_kinematics/round_collada_numbers.py
[39.259s] -- Installing: /home/thisum/my_ws/install/moveit_kinematics/share/moveit_kinematics/ikfast_kinematics_plugin/templates
[39.264s] -- Installing: /home/thisum/my_ws/install/moveit_kinematics/share/moveit_kinematics/ikfast_kinematics_plugin/templates/CMakeLists.txt
[39.264s] -- Installing: /home/thisum/my_ws/install/moveit_kinematics/share/moveit_kinematics/ikfast_kinematics_plugin/templates/ikfast.h
[39.265s] -- Installing: /home/thisum/my_ws/install/moveit_kinematics/share/moveit_kinematics/ikfast_kinematics_plugin/templates/ikfast61_moveit_plugin_template.cpp
[39.266s] -- Up-to-date: /home/thisum/my_ws/install/moveit_kinematics/include
[39.266s] -- Up-to-date: /home/thisum/my_ws/install/moveit_kinematics/include/moveit
[39.266s] -- Installing: /home/thisum/my_ws/install/moveit_kinematics/include/moveit/kdl_kinematics_plugin
[39.266s] -- Installing: /home/thisum/my_ws/install/moveit_kinematics/include/moveit/kdl_kinematics_plugin/kdl_kinematics_plugin.h
[39.267s] -- Installing: /home/thisum/my_ws/install/moveit_kinematics/include/moveit/kdl_kinematics_plugin/joint_mimic.hpp
[39.267s] -- Installing: /home/thisum/my_ws/install/moveit_kinematics/include/moveit/kdl_kinematics_plugin/chainiksolver_vel_mimic_svd.hpp
[39.267s] -- Up-to-date: /home/thisum/my_ws/install/moveit_kinematics/include
[39.267s] -- Up-to-date: /home/thisum/my_ws/install/moveit_kinematics/include/moveit
[39.267s] -- Installing: /home/thisum/my_ws/install/moveit_kinematics/include/moveit/lma_kinematics_plugin
[39.267s] -- Installing: /home/thisum/my_ws/install/moveit_kinematics/include/moveit/lma_kinematics_plugin/lma_kinematics_plugin.h
[39.268s] -- Up-to-date: /home/thisum/my_ws/install/moveit_kinematics/include
[39.268s] -- Up-to-date: /home/thisum/my_ws/install/moveit_kinematics/include/moveit
[39.268s] -- Installing: /home/thisum/my_ws/install/moveit_kinematics/include/moveit/srv_kinematics_plugin
[39.268s] -- Installing: /home/thisum/my_ws/install/moveit_kinematics/include/moveit/srv_kinematics_plugin/srv_kinematics_plugin.h
[39.269s] -- Installing: /home/thisum/my_ws/install/moveit_kinematics/share/moveit_kinematics/config
[39.269s] -- Installing: /home/thisum/my_ws/install/moveit_kinematics/share/moveit_kinematics/config/fanuc-lma-test.yaml
[39.270s] -- Installing: /home/thisum/my_ws/install/moveit_kinematics/share/moveit_kinematics/config/fanuc-kdl-singular-test.yaml
[39.270s] -- Installing: /home/thisum/my_ws/install/moveit_kinematics/share/moveit_kinematics/config/fanuc-lma-singular-test.yaml
[39.270s] -- Installing: /home/thisum/my_ws/install/moveit_kinematics/share/moveit_kinematics/config/panda-kdl-singular-test.yaml
[39.271s] -- Installing: /home/thisum/my_ws/install/moveit_kinematics/share/moveit_kinematics/config/panda-lma-singular-test.yaml
[39.271s] -- Installing: /home/thisum/my_ws/install/moveit_kinematics/share/moveit_kinematics/config/fanuc-kdl-test.yaml
[39.271s] -- Installing: /home/thisum/my_ws/install/moveit_kinematics/share/moveit_kinematics/config/panda-kdl-test.yaml
[39.271s] -- Installing: /home/thisum/my_ws/install/moveit_kinematics/share/moveit_kinematics/config/panda-lma-test.yaml
[39.272s] -- Up-to-date: /home/thisum/my_ws/install/moveit_kinematics/share/moveit_kinematics/launch
[39.272s] -- Installing: /home/thisum/my_ws/install/moveit_kinematics/share/moveit_kinematics/launch/fanuc-kdl.test.py
[39.273s] -- Installing: /home/thisum/my_ws/install/moveit_kinematics/share/moveit_kinematics/launch/panda-lma-singular.test.py
[39.273s] -- Installing: /home/thisum/my_ws/install/moveit_kinematics/share/moveit_kinematics/launch/fanuc-lma-singular.test.py
[39.273s] -- Installing: /home/thisum/my_ws/install/moveit_kinematics/share/moveit_kinematics/launch/panda-kdl-singular.test.py
[39.274s] -- Installing: /home/thisum/my_ws/install/moveit_kinematics/share/moveit_kinematics/launch/panda-kdl.test.py
[39.274s] -- Installing: /home/thisum/my_ws/install/moveit_kinematics/share/moveit_kinematics/launch/fanuc-lma.test.py
[39.274s] -- Installing: /home/thisum/my_ws/install/moveit_kinematics/share/moveit_kinematics/launch/panda-lma.test.py
[39.275s] -- Installing: /home/thisum/my_ws/install/moveit_kinematics/share/moveit_kinematics/launch/fanuc-kdl-singular.test.py
[39.275s] -- Installing: /home/thisum/my_ws/install/moveit_kinematics/lib/moveit_kinematics/benchmark_ik
[39.276s] -- Set runtime path of "/home/thisum/my_ws/install/moveit_kinematics/lib/moveit_kinematics/benchmark_ik" to ""
[39.276s] -- Installing: /home/thisum/my_ws/install/moveit_kinematics/lib/moveit_kinematics/test_kinematics_plugin
[39.279s] -- Set runtime path of "/home/thisum/my_ws/install/moveit_kinematics/lib/moveit_kinematics/test_kinematics_plugin" to ""
[39.279s] -- Installing: /home/thisum/my_ws/install/moveit_kinematics/lib/libmoveit_cached_ik_kinematics_base.so.2.5.5
[39.280s] -- Set runtime path of "/home/thisum/my_ws/install/moveit_kinematics/lib/libmoveit_cached_ik_kinematics_base.so.2.5.5" to ""
[39.280s] -- Installing: /home/thisum/my_ws/install/moveit_kinematics/lib/libmoveit_cached_ik_kinematics_base.so
[39.280s] -- Installing: /home/thisum/my_ws/install/moveit_kinematics/lib/libmoveit_cached_ik_kinematics_plugin.so.2.5.5
[39.281s] -- Set runtime path of "/home/thisum/my_ws/install/moveit_kinematics/lib/libmoveit_cached_ik_kinematics_plugin.so.2.5.5" to ""
[39.281s] -- Installing: /home/thisum/my_ws/install/moveit_kinematics/lib/libmoveit_cached_ik_kinematics_plugin.so
[39.281s] -- Installing: /home/thisum/my_ws/install/moveit_kinematics/lib/libmoveit_kdl_kinematics_plugin.so
[39.282s] -- Set runtime path of "/home/thisum/my_ws/install/moveit_kinematics/lib/libmoveit_kdl_kinematics_plugin.so" to ""
[39.282s] -- Installing: /home/thisum/my_ws/install/moveit_kinematics/lib/libmoveit_lma_kinematics_plugin.so.2.5.5
[39.283s] -- Set runtime path of "/home/thisum/my_ws/install/moveit_kinematics/lib/libmoveit_lma_kinematics_plugin.so.2.5.5" to ""
[39.283s] -- Installing: /home/thisum/my_ws/install/moveit_kinematics/lib/libmoveit_lma_kinematics_plugin.so
[39.284s] -- Installing: /home/thisum/my_ws/install/moveit_kinematics/lib/libmoveit_srv_kinematics_plugin.so.2.5.5
[39.285s] -- Set runtime path of "/home/thisum/my_ws/install/moveit_kinematics/lib/libmoveit_srv_kinematics_plugin.so.2.5.5" to ""
[39.285s] -- Installing: /home/thisum/my_ws/install/moveit_kinematics/lib/libmoveit_srv_kinematics_plugin.so
[39.285s] -- Installing: /home/thisum/my_ws/install/moveit_kinematics/share/moveit_kinematics/environment/library_path.sh
[39.285s] -- Installing: /home/thisum/my_ws/install/moveit_kinematics/share/moveit_kinematics/environment/library_path.dsv
[39.286s] -- Installing: /home/thisum/my_ws/install/moveit_kinematics/share/ament_index/resource_index/package_run_dependencies/moveit_kinematics
[39.286s] -- Installing: /home/thisum/my_ws/install/moveit_kinematics/share/ament_index/resource_index/parent_prefix_path/moveit_kinematics
[39.286s] -- Installing: /home/thisum/my_ws/install/moveit_kinematics/share/moveit_kinematics/environment/ament_prefix_path.sh
[39.287s] -- Installing: /home/thisum/my_ws/install/moveit_kinematics/share/moveit_kinematics/environment/ament_prefix_path.dsv
[39.287s] -- Installing: /home/thisum/my_ws/install/moveit_kinematics/share/moveit_kinematics/environment/path.sh
[39.287s] -- Installing: /home/thisum/my_ws/install/moveit_kinematics/share/moveit_kinematics/environment/path.dsv
[39.287s] -- Installing: /home/thisum/my_ws/install/moveit_kinematics/share/moveit_kinematics/local_setup.bash
[39.289s] -- Installing: /home/thisum/my_ws/install/moveit_kinematics/share/moveit_kinematics/local_setup.sh
[39.289s] -- Installing: /home/thisum/my_ws/install/moveit_kinematics/share/moveit_kinematics/local_setup.zsh
[39.290s] -- Installing: /home/thisum/my_ws/install/moveit_kinematics/share/moveit_kinematics/local_setup.dsv
[39.290s] -- Installing: /home/thisum/my_ws/install/moveit_kinematics/share/moveit_kinematics/package.dsv
[39.290s] -- Installing: /home/thisum/my_ws/install/moveit_kinematics/share/ament_index/resource_index/packages/moveit_kinematics
[39.291s] -- Installing: /home/thisum/my_ws/install/moveit_kinematics/share/ament_index/resource_index/moveit_core__pluginlib__plugin/moveit_kinematics
[39.291s] -- Installing: /home/thisum/my_ws/install/moveit_kinematics/share/moveit_kinematics/cmake/export_moveit_kinematicsExport.cmake
[39.291s] -- Installing: /home/thisum/my_ws/install/moveit_kinematics/share/moveit_kinematics/cmake/export_moveit_kinematicsExport-release.cmake
[39.291s] -- Installing: /home/thisum/my_ws/install/moveit_kinematics/share/moveit_kinematics/cmake/ConfigExtras.cmake
[39.292s] -- Installing: /home/thisum/my_ws/install/moveit_kinematics/share/moveit_kinematics/cmake/ament_cmake_export_targets-extras.cmake
[39.292s] -- Installing: /home/thisum/my_ws/install/moveit_kinematics/share/moveit_kinematics/cmake/ament_cmake_export_dependencies-extras.cmake
[39.292s] -- Installing: /home/thisum/my_ws/install/moveit_kinematics/share/moveit_kinematics/cmake/moveit_kinematicsConfig.cmake
[39.293s] -- Installing: /home/thisum/my_ws/install/moveit_kinematics/share/moveit_kinematics/cmake/moveit_kinematicsConfig-version.cmake
[39.293s] -- Installing: /home/thisum/my_ws/install/moveit_kinematics/share/moveit_kinematics/package.xml
[39.297s] Invoked command in '/home/thisum/my_ws/build/moveit_kinematics' returned '0': AMENT_PREFIX_PATH=/home/thisum/my_ws/install/moveit_ros_planning:/home/thisum/my_ws/install/moveit_ros_occupancy_map_monitor:/home/thisum/my_ws/install/moveit_core:/home/thisum/my_ws/install/moveit_resources_panda_moveit_config:/home/thisum/my_ws/install/moveit_resources_fanuc_moveit_config:/home/thisum/my_ws/install/moveit_configs_utils:/home/thisum/my_ws/install/srdfdom:/home/thisum/my_ws/install/moveit_resources_pr2_description:/home/thisum/my_ws/install/moveit_resources_panda_description:/home/thisum/my_ws/install/moveit_resources_fanuc_description:/home/thisum/my_ws/install/moveit_common:/home/thisum/my_ws/install/launch_param_builder:${AMENT_PREFIX_PATH} CMAKE_PREFIX_PATH=/home/thisum/my_ws/install/moveit_ros_planning:/home/thisum/my_ws/install/moveit_ros_occupancy_map_monitor:/home/thisum/my_ws/install/moveit_core:/home/thisum/my_ws/install/moveit_resources_panda_moveit_config:/home/thisum/my_ws/install/moveit_resources_fanuc_moveit_config:/home/thisum/my_ws/install/srdfdom:/home/thisum/my_ws/install/moveit_resources_pr2_description:/home/thisum/my_ws/install/moveit_resources_panda_description:/home/thisum/my_ws/install/moveit_resources_fanuc_description:/home/thisum/my_ws/install/moveit_common:/opt/ros/humble LD_LIBRARY_PATH=/home/thisum/my_ws/install/moveit_ros_planning/lib:/home/thisum/my_ws/install/moveit_ros_occupancy_map_monitor/lib:/home/thisum/my_ws/install/moveit_core/lib:/home/thisum/my_ws/install/srdfdom/lib:${LD_LIBRARY_PATH} PATH=/home/thisum/my_ws/install/moveit_core/bin:${PATH} PYTHONPATH=/home/thisum/my_ws/install/moveit_configs_utils/lib/python3.10/site-packages:/home/thisum/my_ws/install/srdfdom/local/lib/python3.10/dist-packages:/home/thisum/my_ws/install/launch_param_builder/lib/python3.10/site-packages:${PYTHONPATH} /usr/bin/cmake --install /home/thisum/my_ws/build/moveit_kinematics
