[0.032s] Invoking command in '/home/thisum/my_ws/build/chomp_motion_planner': AMENT_PREFIX_PATH=/home/thisum/my_ws/install/moveit_core:/home/thisum/my_ws/install/moveit_resources_panda_moveit_config:/home/thisum/my_ws/install/srdfdom:/home/thisum/my_ws/install/moveit_resources_pr2_description:/home/thisum/my_ws/install/moveit_resources_panda_description:/home/thisum/my_ws/install/moveit_common:${AMENT_PREFIX_PATH} CMAKE_PREFIX_PATH=/home/thisum/my_ws/install/moveit_core:/home/thisum/my_ws/install/moveit_resources_panda_moveit_config:/home/thisum/my_ws/install/srdfdom:/home/thisum/my_ws/install/moveit_resources_pr2_description:/home/thisum/my_ws/install/moveit_resources_panda_description:/home/thisum/my_ws/install/moveit_common:/opt/ros/humble LD_LIBRARY_PATH=/home/thisum/my_ws/install/moveit_core/lib:/home/thisum/my_ws/install/srdfdom/lib:${LD_LIBRARY_PATH} PATH=/home/thisum/my_ws/install/moveit_core/bin:${PATH} PYTHONPATH=/home/thisum/my_ws/install/srdfdom/local/lib/python3.10/dist-packages:${PYTHONPATH} /usr/bin/cmake --build /home/thisum/my_ws/build/chomp_motion_planner -- -j6 -l6
[0.142s] [35m[1mConsolidate compiler generated dependencies of target chomp_motion_planner[0m
[0.206s] [100%] Built target chomp_motion_planner
[0.227s] Invoked command in '/home/thisum/my_ws/build/chomp_motion_planner' returned '0': AMENT_PREFIX_PATH=/home/thisum/my_ws/install/moveit_core:/home/thisum/my_ws/install/moveit_resources_panda_moveit_config:/home/thisum/my_ws/install/srdfdom:/home/thisum/my_ws/install/moveit_resources_pr2_description:/home/thisum/my_ws/install/moveit_resources_panda_description:/home/thisum/my_ws/install/moveit_common:${AMENT_PREFIX_PATH} CMAKE_PREFIX_PATH=/home/thisum/my_ws/install/moveit_core:/home/thisum/my_ws/install/moveit_resources_panda_moveit_config:/home/thisum/my_ws/install/srdfdom:/home/thisum/my_ws/install/moveit_resources_pr2_description:/home/thisum/my_ws/install/moveit_resources_panda_description:/home/thisum/my_ws/install/moveit_common:/opt/ros/humble LD_LIBRARY_PATH=/home/thisum/my_ws/install/moveit_core/lib:/home/thisum/my_ws/install/srdfdom/lib:${LD_LIBRARY_PATH} PATH=/home/thisum/my_ws/install/moveit_core/bin:${PATH} PYTHONPATH=/home/thisum/my_ws/install/srdfdom/local/lib/python3.10/dist-packages:${PYTHONPATH} /usr/bin/cmake --build /home/thisum/my_ws/build/chomp_motion_planner -- -j6 -l6
[0.314s] Invoking command in '/home/thisum/my_ws/build/chomp_motion_planner': AMENT_PREFIX_PATH=/home/thisum/my_ws/install/moveit_core:/home/thisum/my_ws/install/moveit_resources_panda_moveit_config:/home/thisum/my_ws/install/srdfdom:/home/thisum/my_ws/install/moveit_resources_pr2_description:/home/thisum/my_ws/install/moveit_resources_panda_description:/home/thisum/my_ws/install/moveit_common:${AMENT_PREFIX_PATH} CMAKE_PREFIX_PATH=/home/thisum/my_ws/install/moveit_core:/home/thisum/my_ws/install/moveit_resources_panda_moveit_config:/home/thisum/my_ws/install/srdfdom:/home/thisum/my_ws/install/moveit_resources_pr2_description:/home/thisum/my_ws/install/moveit_resources_panda_description:/home/thisum/my_ws/install/moveit_common:/opt/ros/humble LD_LIBRARY_PATH=/home/thisum/my_ws/install/moveit_core/lib:/home/thisum/my_ws/install/srdfdom/lib:${LD_LIBRARY_PATH} PATH=/home/thisum/my_ws/install/moveit_core/bin:${PATH} PYTHONPATH=/home/thisum/my_ws/install/srdfdom/local/lib/python3.10/dist-packages:${PYTHONPATH} /usr/bin/cmake --install /home/thisum/my_ws/build/chomp_motion_planner
[0.325s] -- Install configuration: "Release"
[0.329s] -- Up-to-date: /home/thisum/my_ws/install/chomp_motion_planner/lib/libchomp_motion_planner.so.2.5.5
[0.329s] -- Up-to-date: /home/thisum/my_ws/install/chomp_motion_planner/lib/libchomp_motion_planner.so
[0.329s] -- Up-to-date: /home/thisum/my_ws/install/chomp_motion_planner/include
[0.329s] -- Up-to-date: /home/thisum/my_ws/install/chomp_motion_planner/include/chomp_motion_planner
[0.330s] -- Up-to-date: /home/thisum/my_ws/install/chomp_motion_planner/include/chomp_motion_planner/chomp_parameters.h
[0.330s] -- Up-to-date: /home/thisum/my_ws/install/chomp_motion_planner/include/chomp_motion_planner/chomp_utils.h
[0.330s] -- Up-to-date: /home/thisum/my_ws/install/chomp_motion_planner/include/chomp_motion_planner/multivariate_gaussian.h
[0.330s] -- Up-to-date: /home/thisum/my_ws/install/chomp_motion_planner/include/chomp_motion_planner/chomp_planner.h
[0.330s] -- Up-to-date: /home/thisum/my_ws/install/chomp_motion_planner/include/chomp_motion_planner/chomp_optimizer.h
[0.330s] -- Up-to-date: /home/thisum/my_ws/install/chomp_motion_planner/include/chomp_motion_planner/chomp_trajectory.h
[0.330s] -- Up-to-date: /home/thisum/my_ws/install/chomp_motion_planner/include/chomp_motion_planner/chomp_cost.h
[0.334s] -- Up-to-date: /home/thisum/my_ws/install/chomp_motion_planner/share/chomp_motion_planner/environment/library_path.sh
[0.334s] -- Up-to-date: /home/thisum/my_ws/install/chomp_motion_planner/share/chomp_motion_planner/environment/library_path.dsv
[0.336s] -- Up-to-date: /home/thisum/my_ws/install/chomp_motion_planner/share/ament_index/resource_index/package_run_dependencies/chomp_motion_planner
[0.336s] -- Up-to-date: /home/thisum/my_ws/install/chomp_motion_planner/share/ament_index/resource_index/parent_prefix_path/chomp_motion_planner
[0.337s] -- Up-to-date: /home/thisum/my_ws/install/chomp_motion_planner/share/chomp_motion_planner/environment/ament_prefix_path.sh
[0.337s] -- Up-to-date: /home/thisum/my_ws/install/chomp_motion_planner/share/chomp_motion_planner/environment/ament_prefix_path.dsv
[0.337s] -- Up-to-date: /home/thisum/my_ws/install/chomp_motion_planner/share/chomp_motion_planner/environment/path.sh
[0.337s] -- Up-to-date: /home/thisum/my_ws/install/chomp_motion_planner/share/chomp_motion_planner/environment/path.dsv
[0.337s] -- Up-to-date: /home/thisum/my_ws/install/chomp_motion_planner/share/chomp_motion_planner/local_setup.bash
[0.337s] -- Up-to-date: /home/thisum/my_ws/install/chomp_motion_planner/share/chomp_motion_planner/local_setup.sh
[0.338s] -- Up-to-date: /home/thisum/my_ws/install/chomp_motion_planner/share/chomp_motion_planner/local_setup.zsh
[0.338s] -- Up-to-date: /home/thisum/my_ws/install/chomp_motion_planner/share/chomp_motion_planner/local_setup.dsv
[0.338s] -- Installing: /home/thisum/my_ws/install/chomp_motion_planner/share/chomp_motion_planner/package.dsv
[0.339s] -- Up-to-date: /home/thisum/my_ws/install/chomp_motion_planner/share/ament_index/resource_index/packages/chomp_motion_planner
[0.343s] -- Up-to-date: /home/thisum/my_ws/install/chomp_motion_planner/share/chomp_motion_planner/cmake/chomp_motion_plannerTargetsExport.cmake
[0.343s] -- Up-to-date: /home/thisum/my_ws/install/chomp_motion_planner/share/chomp_motion_planner/cmake/chomp_motion_plannerTargetsExport-release.cmake
[0.344s] -- Up-to-date: /home/thisum/my_ws/install/chomp_motion_planner/share/chomp_motion_planner/cmake/ament_cmake_export_targets-extras.cmake
[0.344s] -- Up-to-date: /home/thisum/my_ws/install/chomp_motion_planner/share/chomp_motion_planner/cmake/chomp_motion_plannerConfig.cmake
[0.345s] -- Up-to-date: /home/thisum/my_ws/install/chomp_motion_planner/share/chomp_motion_planner/cmake/chomp_motion_plannerConfig-version.cmake
[0.345s] -- Up-to-date: /home/thisum/my_ws/install/chomp_motion_planner/share/chomp_motion_planner/package.xml
[0.348s] Invoked command in '/home/thisum/my_ws/build/chomp_motion_planner' returned '0': AMENT_PREFIX_PATH=/home/thisum/my_ws/install/moveit_core:/home/thisum/my_ws/install/moveit_resources_panda_moveit_config:/home/thisum/my_ws/install/srdfdom:/home/thisum/my_ws/install/moveit_resources_pr2_description:/home/thisum/my_ws/install/moveit_resources_panda_description:/home/thisum/my_ws/install/moveit_common:${AMENT_PREFIX_PATH} CMAKE_PREFIX_PATH=/home/thisum/my_ws/install/moveit_core:/home/thisum/my_ws/install/moveit_resources_panda_moveit_config:/home/thisum/my_ws/install/srdfdom:/home/thisum/my_ws/install/moveit_resources_pr2_description:/home/thisum/my_ws/install/moveit_resources_panda_description:/home/thisum/my_ws/install/moveit_common:/opt/ros/humble LD_LIBRARY_PATH=/home/thisum/my_ws/install/moveit_core/lib:/home/thisum/my_ws/install/srdfdom/lib:${LD_LIBRARY_PATH} PATH=/home/thisum/my_ws/install/moveit_core/bin:${PATH} PYTHONPATH=/home/thisum/my_ws/install/srdfdom/local/lib/python3.10/dist-packages:${PYTHONPATH} /usr/bin/cmake --install /home/thisum/my_ws/build/chomp_motion_planner
