[0.011s] Invoking command in '/home/thisum/my_ws/build/srdfdom': CMAKE_PREFIX_PATH=/opt/ros/humble /usr/bin/cmake /home/thisum/my_ws/src/srdfdom -DCMAKE_BUILD_TYPE=Release -DCMAKE_INSTALL_PREFIX=/home/thisum/my_ws/install/srdfdom
[0.138s] -- The CXX compiler identification is GNU 11.4.0
[0.148s] -- Detecting CXX compiler ABI info
[0.299s] -- Detecting CXX compiler ABI info - done
[0.305s] -- Check for working CXX compiler: /usr/bin/c++ - skipped
[0.305s] -- Detecting CXX compile features
[0.305s] -- Detecting CXX compile features - done
[0.318s] -- Found Boost: /usr/lib/x86_64-linux-gnu/cmake/Boost-1.74.0/BoostConfig.cmake (found version "1.74.0")  
[0.332s] -- Found ament_cmake: 1.3.9 (/opt/ros/humble/share/ament_cmake/cmake)
[0.539s] -- Found Python3: /usr/bin/python3 (found version "3.10.12") found components: Interpreter 
[0.657s] -- Found urdf: 2.6.0 (/opt/ros/humble/share/urdf/cmake)
[0.730s] -- Found TinyXML2 via Config file: TinyXML2_DIR-NOTFOUND
[0.837s] -- Found ament_cmake_gtest: 1.3.9 (/opt/ros/humble/share/ament_cmake_gtest/cmake)
[0.839s] -- Found ament_cmake_pytest: 1.3.9 (/opt/ros/humble/share/ament_cmake_pytest/cmake)
[1.829s] -- Found gtest sources under '/opt/ros/humble/src/gtest_vendor': C++ tests using 'Google Test' will be built
[1.888s] -- The C compiler identification is GNU 11.4.0
[1.907s] -- Detecting C compiler ABI info
[2.038s] -- Detecting C compiler ABI info - done
[2.045s] -- Check for working C compiler: /usr/bin/cc - skipped
[2.046s] -- Detecting C compile features
[2.046s] -- Detecting C compile features - done
[2.059s] -- Looking for C++ include pthread.h
[2.220s] -- Looking for C++ include pthread.h - found
[2.221s] -- Performing Test CMAKE_HAVE_LIBC_PTHREAD
[2.378s] -- Performing Test CMAKE_HAVE_LIBC_PTHREAD - Success
[2.379s] -- Found Threads: TRUE  
[2.383s] -- Found ament_lint_auto: 0.12.11 (/opt/ros/humble/share/ament_lint_auto/cmake)
[2.416s] -- Configuring done
[2.439s] -- Generating done
[2.442s] -- Build files have been written to: /home/thisum/my_ws/build/srdfdom
[2.451s] Invoked command in '/home/thisum/my_ws/build/srdfdom' returned '0': CMAKE_PREFIX_PATH=/opt/ros/humble /usr/bin/cmake /home/thisum/my_ws/src/srdfdom -DCMAKE_BUILD_TYPE=Release -DCMAKE_INSTALL_PREFIX=/home/thisum/my_ws/install/srdfdom
[2.454s] Invoking command in '/home/thisum/my_ws/build/srdfdom': CMAKE_PREFIX_PATH=/opt/ros/humble /usr/bin/cmake --build /home/thisum/my_ws/build/srdfdom -- -j6 -l6
[2.552s] [  9%] [32mBuilding CXX object gtest/CMakeFiles/gtest_main.dir/src/gtest_main.cc.o[0m
[2.553s] [ 18%] [32mBuilding CXX object gtest/CMakeFiles/gtest.dir/src/gtest-all.cc.o[0m
[2.553s] [ 36%] [32mBuilding CXX object CMakeFiles/srdfdom.dir/src/srdf_writer.cpp.o[0m
[2.553s] [ 36%] [32mBuilding CXX object CMakeFiles/srdfdom.dir/src/model.cpp.o[0m
[2.568s] [ 36%] Built target ament_cmake_python_copy_srdfdom
[2.838s] running egg_info
[2.841s] creating srdfdom.egg-info
[2.841s] writing srdfdom.egg-info/PKG-INFO
[2.842s] writing dependency_links to srdfdom.egg-info/dependency_links.txt
[2.842s] writing top-level names to srdfdom.egg-info/top_level.txt
[2.843s] writing manifest file 'srdfdom.egg-info/SOURCES.txt'
[2.847s] reading manifest file 'srdfdom.egg-info/SOURCES.txt'
[2.848s] writing manifest file 'srdfdom.egg-info/SOURCES.txt'
[2.890s] [ 36%] Built target ament_cmake_python_build_srdfdom_egg
[3.353s] [ 45%] [32m[1mLinking CXX static library libgtest_main.a[0m
[3.445s] [ 45%] Built target gtest_main
[6.127s] [ 54%] [32m[1mLinking CXX shared library libsrdfdom.so[0m
[6.304s] [ 54%] Built target srdfdom
[10.151s] [ 63%] [32m[1mLinking CXX static library libgtest.a[0m
[10.291s] [ 63%] Built target gtest
[10.342s] [ 81%] [32mBuilding CXX object CMakeFiles/test_cpp_nl_NL.UTF-8.dir/test/test_parser.cpp.o[0m
[10.342s] [ 81%] [32mBuilding CXX object CMakeFiles/test_cpp_C.dir/test/test_parser.cpp.o[0m
[13.020s] [ 90%] [32m[1mLinking CXX executable test_cpp_C[0m
[13.044s] [100%] [32m[1mLinking CXX executable test_cpp_nl_NL.UTF-8[0m
[13.213s] [100%] Built target test_cpp_C
[13.239s] [100%] Built target test_cpp_nl_NL.UTF-8
[13.260s] Invoked command in '/home/thisum/my_ws/build/srdfdom' returned '0': CMAKE_PREFIX_PATH=/opt/ros/humble /usr/bin/cmake --build /home/thisum/my_ws/build/srdfdom -- -j6 -l6
[13.362s] Invoking command in '/home/thisum/my_ws/build/srdfdom': CMAKE_PREFIX_PATH=/opt/ros/humble /usr/bin/cmake --install /home/thisum/my_ws/build/srdfdom
[13.374s] -- Install configuration: "Release"
[13.374s] -- Installing: /home/thisum/my_ws/install/srdfdom/lib/libsrdfdom.so.2.0.4
[13.375s] -- Set runtime path of "/home/thisum/my_ws/install/srdfdom/lib/libsrdfdom.so.2.0.4" to ""
[13.375s] -- Installing: /home/thisum/my_ws/install/srdfdom/lib/libsrdfdom.so
[13.375s] -- Installing: /home/thisum/my_ws/install/srdfdom/include/srdfdom
[13.375s] -- Installing: /home/thisum/my_ws/install/srdfdom/include/srdfdom/srdf_writer.h
[13.376s] -- Installing: /home/thisum/my_ws/install/srdfdom/include/srdfdom/model.h
[13.376s] -- Installing: /home/thisum/my_ws/install/srdfdom/include/srdfdom/visibility_control.h
[13.377s] -- Installing: /home/thisum/my_ws/install/srdfdom/lib/srdfdom/display_srdf
[13.377s] -- Installing: /home/thisum/my_ws/install/srdfdom/share/srdfdom/environment/pythonpath.sh
[13.378s] -- Installing: /home/thisum/my_ws/install/srdfdom/share/srdfdom/environment/pythonpath.dsv
[13.378s] -- Installing: /home/thisum/my_ws/install/srdfdom/local/lib/python3.10/dist-packages/srdfdom-2.0.4-py3.10.egg-info
[13.379s] -- Installing: /home/thisum/my_ws/install/srdfdom/local/lib/python3.10/dist-packages/srdfdom-2.0.4-py3.10.egg-info/PKG-INFO
[13.379s] -- Installing: /home/thisum/my_ws/install/srdfdom/local/lib/python3.10/dist-packages/srdfdom-2.0.4-py3.10.egg-info/dependency_links.txt
[13.380s] -- Installing: /home/thisum/my_ws/install/srdfdom/local/lib/python3.10/dist-packages/srdfdom-2.0.4-py3.10.egg-info/SOURCES.txt
[13.380s] -- Installing: /home/thisum/my_ws/install/srdfdom/local/lib/python3.10/dist-packages/srdfdom-2.0.4-py3.10.egg-info/top_level.txt
[13.380s] -- Installing: /home/thisum/my_ws/install/srdfdom/local/lib/python3.10/dist-packages/srdfdom
[13.380s] -- Installing: /home/thisum/my_ws/install/srdfdom/local/lib/python3.10/dist-packages/srdfdom/__init__.py
[13.381s] -- Installing: /home/thisum/my_ws/install/srdfdom/local/lib/python3.10/dist-packages/srdfdom/srdf.py
[13.433s] Listing '/home/thisum/my_ws/install/srdfdom/local/lib/python3.10/dist-packages/srdfdom'...
[13.433s] Compiling '/home/thisum/my_ws/install/srdfdom/local/lib/python3.10/dist-packages/srdfdom/__init__.py'...
[13.433s] Compiling '/home/thisum/my_ws/install/srdfdom/local/lib/python3.10/dist-packages/srdfdom/srdf.py'...
[13.436s] -- Installing: /home/thisum/my_ws/install/srdfdom/share/srdfdom/environment/library_path.sh
[13.437s] -- Installing: /home/thisum/my_ws/install/srdfdom/share/srdfdom/environment/library_path.dsv
[13.437s] -- Installing: /home/thisum/my_ws/install/srdfdom/share/ament_index/resource_index/package_run_dependencies/srdfdom
[13.438s] -- Installing: /home/thisum/my_ws/install/srdfdom/share/ament_index/resource_index/parent_prefix_path/srdfdom
[13.438s] -- Installing: /home/thisum/my_ws/install/srdfdom/share/srdfdom/environment/ament_prefix_path.sh
[13.438s] -- Installing: /home/thisum/my_ws/install/srdfdom/share/srdfdom/environment/ament_prefix_path.dsv
[13.438s] -- Installing: /home/thisum/my_ws/install/srdfdom/share/srdfdom/environment/path.sh
[13.439s] -- Installing: /home/thisum/my_ws/install/srdfdom/share/srdfdom/environment/path.dsv
[13.439s] -- Installing: /home/thisum/my_ws/install/srdfdom/share/srdfdom/local_setup.bash
[13.439s] -- Installing: /home/thisum/my_ws/install/srdfdom/share/srdfdom/local_setup.sh
[13.440s] -- Installing: /home/thisum/my_ws/install/srdfdom/share/srdfdom/local_setup.zsh
[13.440s] -- Installing: /home/thisum/my_ws/install/srdfdom/share/srdfdom/local_setup.dsv
[13.440s] -- Installing: /home/thisum/my_ws/install/srdfdom/share/srdfdom/package.dsv
[13.441s] -- Installing: /home/thisum/my_ws/install/srdfdom/share/ament_index/resource_index/packages/srdfdom
[13.441s] -- Installing: /home/thisum/my_ws/install/srdfdom/share/srdfdom/cmake/srdfdomTargetsExport.cmake
[13.442s] -- Installing: /home/thisum/my_ws/install/srdfdom/share/srdfdom/cmake/srdfdomTargetsExport-release.cmake
[13.451s] -- Installing: /home/thisum/my_ws/install/srdfdom/share/srdfdom/cmake/ament_cmake_export_targets-extras.cmake
[13.451s] -- Installing: /home/thisum/my_ws/install/srdfdom/share/srdfdom/cmake/ament_cmake_export_dependencies-extras.cmake
[13.451s] -- Installing: /home/thisum/my_ws/install/srdfdom/share/srdfdom/cmake/srdfdomConfig.cmake
[13.451s] -- Installing: /home/thisum/my_ws/install/srdfdom/share/srdfdom/cmake/srdfdomConfig-version.cmake
[13.452s] -- Installing: /home/thisum/my_ws/install/srdfdom/share/srdfdom/package.xml
[13.458s] Invoked command in '/home/thisum/my_ws/build/srdfdom' returned '0': CMAKE_PREFIX_PATH=/opt/ros/humble /usr/bin/cmake --install /home/thisum/my_ws/build/srdfdom
