[0.696s] Invoking command in '/home/thisum/my_ws/src/moveit2/moveit_configs_utils': AMENT_PREFIX_PATH=/home/thisum/my_ws/src/install/srdfdom:/home/thisum/my_ws/src/install/launch_param_builder:${AMENT_PREFIX_PATH} CMAKE_PREFIX_PATH=/home/thisum/my_ws/src/install/srdfdom:${CMAKE_PREFIX_PATH} LD_LIBRARY_PATH=/home/thisum/my_ws/src/install/srdfdom/lib:${LD_LIBRARY_PATH} PYTHONPATH=/home/thisum/my_ws/src/build/moveit_configs_utils/prefix_override:/usr/lib/python3/dist-packages/colcon_core/task/python/colcon_distutils_commands:/home/thisum/my_ws/src/install/moveit_configs_utils/lib/python3.10/site-packages:/home/thisum/my_ws/src/install/srdfdom/local/lib/python3.10/dist-packages:/home/thisum/my_ws/src/install/launch_param_builder/lib/python3.10/site-packages:${PYTHONPATH} /usr/bin/python3 -W ignore:setup.py install is deprecated setup.py egg_info --egg-base ../../build/moveit_configs_utils build --build-base /home/thisum/my_ws/src/build/moveit_configs_utils/build install --record /home/thisum/my_ws/src/build/moveit_configs_utils/install.log --single-version-externally-managed install_data
[0.941s] running egg_info
[0.942s] creating ../../build/moveit_configs_utils/moveit_configs_utils.egg-info
[0.942s] writing ../../build/moveit_configs_utils/moveit_configs_utils.egg-info/PKG-INFO
[0.943s] writing dependency_links to ../../build/moveit_configs_utils/moveit_configs_utils.egg-info/dependency_links.txt
[0.943s] writing entry points to ../../build/moveit_configs_utils/moveit_configs_utils.egg-info/entry_points.txt
[0.943s] writing requirements to ../../build/moveit_configs_utils/moveit_configs_utils.egg-info/requires.txt
[0.943s] writing top-level names to ../../build/moveit_configs_utils/moveit_configs_utils.egg-info/top_level.txt
[0.943s] writing manifest file '../../build/moveit_configs_utils/moveit_configs_utils.egg-info/SOURCES.txt'
[0.945s] reading manifest file '../../build/moveit_configs_utils/moveit_configs_utils.egg-info/SOURCES.txt'
[0.946s] writing manifest file '../../build/moveit_configs_utils/moveit_configs_utils.egg-info/SOURCES.txt'
[0.946s] running build
[0.946s] running build_py
[0.946s] creating /home/thisum/my_ws/src/build/moveit_configs_utils/build
[0.947s] creating /home/thisum/my_ws/src/build/moveit_configs_utils/build/lib
[0.947s] creating /home/thisum/my_ws/src/build/moveit_configs_utils/build/lib/moveit_configs_utils
[0.947s] copying moveit_configs_utils/launch_utils.py -> /home/thisum/my_ws/src/build/moveit_configs_utils/build/lib/moveit_configs_utils
[0.947s] copying moveit_configs_utils/__init__.py -> /home/thisum/my_ws/src/build/moveit_configs_utils/build/lib/moveit_configs_utils
[0.947s] copying moveit_configs_utils/launches.py -> /home/thisum/my_ws/src/build/moveit_configs_utils/build/lib/moveit_configs_utils
[0.947s] copying moveit_configs_utils/moveit_configs_builder.py -> /home/thisum/my_ws/src/build/moveit_configs_utils/build/lib/moveit_configs_utils
[0.947s] creating /home/thisum/my_ws/src/build/moveit_configs_utils/build/lib/moveit_configs_utils/substitutions
[0.947s] copying moveit_configs_utils/substitutions/__init__.py -> /home/thisum/my_ws/src/build/moveit_configs_utils/build/lib/moveit_configs_utils/substitutions
[0.948s] copying moveit_configs_utils/substitutions/xacro.py -> /home/thisum/my_ws/src/build/moveit_configs_utils/build/lib/moveit_configs_utils/substitutions
[0.948s] running install
[0.948s] running install_lib
[0.949s] creating /home/thisum/my_ws/src/install/moveit_configs_utils/lib/python3.10/site-packages/moveit_configs_utils
[0.949s] creating /home/thisum/my_ws/src/install/moveit_configs_utils/lib/python3.10/site-packages/moveit_configs_utils/substitutions
[0.949s] copying /home/thisum/my_ws/src/build/moveit_configs_utils/build/lib/moveit_configs_utils/substitutions/__init__.py -> /home/thisum/my_ws/src/install/moveit_configs_utils/lib/python3.10/site-packages/moveit_configs_utils/substitutions
[0.950s] copying /home/thisum/my_ws/src/build/moveit_configs_utils/build/lib/moveit_configs_utils/substitutions/xacro.py -> /home/thisum/my_ws/src/install/moveit_configs_utils/lib/python3.10/site-packages/moveit_configs_utils/substitutions
[0.950s] copying /home/thisum/my_ws/src/build/moveit_configs_utils/build/lib/moveit_configs_utils/launch_utils.py -> /home/thisum/my_ws/src/install/moveit_configs_utils/lib/python3.10/site-packages/moveit_configs_utils
[0.950s] copying /home/thisum/my_ws/src/build/moveit_configs_utils/build/lib/moveit_configs_utils/__init__.py -> /home/thisum/my_ws/src/install/moveit_configs_utils/lib/python3.10/site-packages/moveit_configs_utils
[0.950s] copying /home/thisum/my_ws/src/build/moveit_configs_utils/build/lib/moveit_configs_utils/launches.py -> /home/thisum/my_ws/src/install/moveit_configs_utils/lib/python3.10/site-packages/moveit_configs_utils
[0.951s] copying /home/thisum/my_ws/src/build/moveit_configs_utils/build/lib/moveit_configs_utils/moveit_configs_builder.py -> /home/thisum/my_ws/src/install/moveit_configs_utils/lib/python3.10/site-packages/moveit_configs_utils
[0.951s] byte-compiling /home/thisum/my_ws/src/install/moveit_configs_utils/lib/python3.10/site-packages/moveit_configs_utils/substitutions/__init__.py to __init__.cpython-310.pyc
[0.952s] byte-compiling /home/thisum/my_ws/src/install/moveit_configs_utils/lib/python3.10/site-packages/moveit_configs_utils/substitutions/xacro.py to xacro.cpython-310.pyc
[0.953s] byte-compiling /home/thisum/my_ws/src/install/moveit_configs_utils/lib/python3.10/site-packages/moveit_configs_utils/launch_utils.py to launch_utils.cpython-310.pyc
[0.953s] byte-compiling /home/thisum/my_ws/src/install/moveit_configs_utils/lib/python3.10/site-packages/moveit_configs_utils/__init__.py to __init__.cpython-310.pyc
[0.953s] byte-compiling /home/thisum/my_ws/src/install/moveit_configs_utils/lib/python3.10/site-packages/moveit_configs_utils/launches.py to launches.cpython-310.pyc
[0.955s] byte-compiling /home/thisum/my_ws/src/install/moveit_configs_utils/lib/python3.10/site-packages/moveit_configs_utils/moveit_configs_builder.py to moveit_configs_builder.cpython-310.pyc
[0.957s] running install_data
[0.957s] creating /home/thisum/my_ws/src/install/moveit_configs_utils/share/ament_index
[0.957s] creating /home/thisum/my_ws/src/install/moveit_configs_utils/share/ament_index/resource_index
[0.957s] creating /home/thisum/my_ws/src/install/moveit_configs_utils/share/ament_index/resource_index/packages
[0.957s] copying resource/moveit_configs_utils -> /home/thisum/my_ws/src/install/moveit_configs_utils/share/ament_index/resource_index/packages
[0.958s] copying package.xml -> /home/thisum/my_ws/src/install/moveit_configs_utils/share/moveit_configs_utils
[0.958s] creating /home/thisum/my_ws/src/install/moveit_configs_utils/share/moveit_configs_utils/default_configs
[0.959s] copying default_configs/ompl_planning.yaml -> /home/thisum/my_ws/src/install/moveit_configs_utils/share/moveit_configs_utils/default_configs
[0.959s] copying default_configs/chomp_planning.yaml -> /home/thisum/my_ws/src/install/moveit_configs_utils/share/moveit_configs_utils/default_configs
[0.959s] copying default_configs/ompl_defaults.yaml -> /home/thisum/my_ws/src/install/moveit_configs_utils/share/moveit_configs_utils/default_configs
[0.959s] copying default_configs/pilz_industrial_motion_planner_planning.yaml -> /home/thisum/my_ws/src/install/moveit_configs_utils/share/moveit_configs_utils/default_configs
[0.959s] running install_egg_info
[0.961s] Copying ../../build/moveit_configs_utils/moveit_configs_utils.egg-info to /home/thisum/my_ws/src/install/moveit_configs_utils/lib/python3.10/site-packages/moveit_configs_utils-2.5.5-py3.10.egg-info
[0.962s] running install_scripts
[0.986s] writing list of installed files to '/home/thisum/my_ws/src/build/moveit_configs_utils/install.log'
[1.013s] Invoked command in '/home/thisum/my_ws/src/moveit2/moveit_configs_utils' returned '0': AMENT_PREFIX_PATH=/home/thisum/my_ws/src/install/srdfdom:/home/thisum/my_ws/src/install/launch_param_builder:${AMENT_PREFIX_PATH} CMAKE_PREFIX_PATH=/home/thisum/my_ws/src/install/srdfdom:${CMAKE_PREFIX_PATH} LD_LIBRARY_PATH=/home/thisum/my_ws/src/install/srdfdom/lib:${LD_LIBRARY_PATH} PYTHONPATH=/home/thisum/my_ws/src/build/moveit_configs_utils/prefix_override:/usr/lib/python3/dist-packages/colcon_core/task/python/colcon_distutils_commands:/home/thisum/my_ws/src/install/moveit_configs_utils/lib/python3.10/site-packages:/home/thisum/my_ws/src/install/srdfdom/local/lib/python3.10/dist-packages:/home/thisum/my_ws/src/install/launch_param_builder/lib/python3.10/site-packages:${PYTHONPATH} /usr/bin/python3 -W ignore:setup.py install is deprecated setup.py egg_info --egg-base ../../build/moveit_configs_utils build --build-base /home/thisum/my_ws/src/build/moveit_configs_utils/build install --record /home/thisum/my_ws/src/build/moveit_configs_utils/install.log --single-version-externally-managed install_data
