[0.046s] Invoking command in '/home/thisum/my_ws/build/moveit_ros_perception': AMENT_PREFIX_PATH=/home/thisum/my_ws/install/moveit_ros_planning:/home/thisum/my_ws/install/moveit_ros_occupancy_map_monitor:/home/thisum/my_ws/install/moveit_core:/home/thisum/my_ws/install/moveit_resources_panda_moveit_config:/home/thisum/my_ws/install/srdfdom:/home/thisum/my_ws/install/moveit_resources_pr2_description:/home/thisum/my_ws/install/moveit_resources_panda_description:/home/thisum/my_ws/install/moveit_common:${AMENT_PREFIX_PATH} CMAKE_PREFIX_PATH=/home/thisum/my_ws/install/moveit_ros_planning:/home/thisum/my_ws/install/moveit_ros_occupancy_map_monitor:/home/thisum/my_ws/install/moveit_core:/home/thisum/my_ws/install/moveit_resources_panda_moveit_config:/home/thisum/my_ws/install/srdfdom:/home/thisum/my_ws/install/moveit_resources_pr2_description:/home/thisum/my_ws/install/moveit_resources_panda_description:/home/thisum/my_ws/install/moveit_common:/opt/ros/humble LD_LIBRARY_PATH=/home/thisum/my_ws/install/moveit_ros_planning/lib:/home/thisum/my_ws/install/moveit_ros_occupancy_map_monitor/lib:/home/thisum/my_ws/install/moveit_core/lib:/home/thisum/my_ws/install/srdfdom/lib:${LD_LIBRARY_PATH} PATH=/home/thisum/my_ws/install/moveit_core/bin:${PATH} PYTHONPATH=/home/thisum/my_ws/install/srdfdom/local/lib/python3.10/dist-packages:${PYTHONPATH} /usr/bin/cmake /home/thisum/my_ws/src/moveit2/moveit_ros/perception -DCMAKE_BUILD_TYPE=Release -DCMAKE_INSTALL_PREFIX=/home/thisum/my_ws/install/moveit_ros_perception
[0.118s] -- The C compiler identification is GNU 11.4.0
[0.186s] -- The CXX compiler identification is GNU 11.4.0
[0.193s] -- Detecting C compiler ABI info
[0.296s] -- Detecting C compiler ABI info - done
[0.301s] -- Check for working C compiler: /usr/bin/cc - skipped
[0.302s] -- Detecting C compile features
[0.302s] -- Detecting C compile features - done
[0.305s] -- Detecting CXX compiler ABI info
[0.410s] -- Detecting CXX compiler ABI info - done
[0.423s] -- Check for working CXX compiler: /usr/bin/c++ - skipped
[0.423s] -- Detecting CXX compile features
[0.423s] -- Detecting CXX compile features - done
[0.423s] -- Found moveit_common: 2.5.5 (/home/thisum/my_ws/install/moveit_common/share/moveit_common/cmake)
[0.423s] -- Found ament_cmake: 1.3.9 (/opt/ros/humble/share/ament_cmake/cmake)
[0.584s] -- Found Python3: /usr/bin/python3 (found version "3.10.12") found components: Interpreter 
[0.760s] -- Found libdw: /usr/lib/x86_64-linux-gnu/libdw.so  
[0.765s] -- Could NOT find libbfd (missing: LIBBFD_LIBRARY LIBBFD_INCLUDE_DIR) 
[0.765s] -- BACKWARD_HAS_UNWIND=1
[0.765s] -- BACKWARD_HAS_BACKTRACE=0
[0.765s] -- BACKWARD_HAS_BACKTRACE_SYMBOL=0
[0.765s] -- BACKWARD_HAS_DW=1
[0.765s] -- BACKWARD_HAS_BFD=0
[0.766s] -- Found Backward: /opt/ros/humble/share/backward_ros/cmake  
[0.776s] -- Found OpenGL: /usr/lib/x86_64-linux-gnu/libOpenGL.so   
[0.824s] -- Found GLEW: /usr/include (found version "2.2.0") 
[0.834s] -- Found PkgConfig: /usr/bin/pkg-config (found version "0.29.2") 
[0.834s] -- Checking for module 'glut'
[0.841s] --   No package 'glut' found
[0.844s] -- Found GLUT: /usr/lib/x86_64-linux-gnu/libglut.so  
[0.852s] -- Found cv_bridge: 3.2.1 (/opt/ros/humble/share/cv_bridge/cmake)
[0.927s] -- Found rosidl_generator_c: 3.1.5 (/opt/ros/humble/share/rosidl_generator_c/cmake)
[0.927s] -- Found rosidl_adapter: 3.1.5 (/opt/ros/humble/share/rosidl_adapter/cmake)
[0.935s] -- Found rosidl_generator_cpp: 3.1.5 (/opt/ros/humble/share/rosidl_generator_cpp/cmake)
[0.951s] -- Using all available rosidl_typesupport_c: rosidl_typesupport_fastrtps_c;rosidl_typesupport_introspection_c
[0.972s] -- Using all available rosidl_typesupport_cpp: rosidl_typesupport_fastrtps_cpp;rosidl_typesupport_introspection_cpp
[1.186s] -- Found moveit_core: 2.5.5 (/home/thisum/my_ws/install/moveit_core/share/moveit_core/cmake)
[1.480s] -- Found Boost: /usr/lib/x86_64-linux-gnu/cmake/Boost-1.74.0/BoostConfig.cmake (found version "1.74.0") found components: chrono date_time filesystem iostreams program_options regex serialization system thread 
[1.538s] -- Found parameter_traits: 0.3.8 (/opt/ros/humble/share/parameter_traits/cmake)
[1.607s] -- Found rmw_implementation_cmake: 6.1.2 (/opt/ros/humble/share/rmw_implementation_cmake/cmake)
[1.611s] -- Found rmw_fastrtps_cpp: 6.2.6 (/opt/ros/humble/share/rmw_fastrtps_cpp/cmake)
[1.761s] -- Found OpenSSL: /usr/lib/x86_64-linux-gnu/libcrypto.so (found version "3.0.2")  
[1.789s] -- Found FastRTPS: /opt/ros/humble/include  
[1.844s] -- Using RMW implementation 'rmw_fastrtps_cpp' as default
[1.857s] -- Found Threads: TRUE  
[2.006s] -- Found Eigen3: TRUE (found version "3.4.0") 
[2.009s] -- Found rclcpp_lifecycle: 16.0.9 (/opt/ros/humble/share/rclcpp_lifecycle/cmake)
[2.060s] -- Found Boost: /usr/lib/x86_64-linux-gnu/cmake/Boost-1.74.0/BoostConfig.cmake (found version "1.74.0") found components: filesystem 
[2.205s] -- library: /usr/lib/x86_64-linux-gnu/libcurl.so
[2.427s] -- Ensuring Eigen3 include directory is part of orocos-kdl CMake target
[3.511s] -- Found image_transport: 3.1.9 (/opt/ros/humble/share/image_transport/cmake)
[3.527s] -- Found moveit_ros_occupancy_map_monitor: 2.5.5 (/home/thisum/my_ws/install/moveit_ros_occupancy_map_monitor/share/moveit_ros_occupancy_map_monitor/cmake)
[4.136s] -- Found OpenMP_C: -fopenmp (found version "4.5") 
[4.279s] -- Found OpenMP_CXX: -fopenmp (found version "4.5") 
[4.279s] -- Found OpenMP: TRUE (found version "4.5")  
[4.284s] -- Found OpenCV: /usr (found version "4.5.4") 
[4.289s] -- Found Boost: /usr/lib/x86_64-linux-gnu/cmake/Boost-1.74.0/BoostConfig.cmake (found version "1.74.0") found components: thread 
[4.313s] -- Performing Test COMPILER_HAS_HIDDEN_VISIBILITY
[4.446s] -- Performing Test COMPILER_HAS_HIDDEN_VISIBILITY - Success
[4.447s] -- Performing Test COMPILER_HAS_HIDDEN_INLINE_VISIBILITY
[4.590s] -- Performing Test COMPILER_HAS_HIDDEN_INLINE_VISIBILITY - Success
[4.590s] -- Performing Test COMPILER_HAS_DEPRECATED_ATTR
[4.709s] -- Performing Test COMPILER_HAS_DEPRECATED_ATTR - Success
[4.741s] -- Found ament_lint_auto: 0.12.11 (/opt/ros/humble/share/ament_lint_auto/cmake)
[4.770s] -- Added test 'cppcheck' to perform static code analysis on C / C++ code
[4.771s] -- Configured cppcheck include dirs: /home/thisum/my_ws/src/moveit2/moveit_ros/perception/depth_image_octomap_updater/include;/home/thisum/my_ws/src/moveit2/moveit_ros/perception/lazy_free_space_updater/include;/home/thisum/my_ws/src/moveit2/moveit_ros/perception/mesh_filter/include;/home/thisum/my_ws/src/moveit2/moveit_ros/perception/point_containment_filter/include;/home/thisum/my_ws/src/moveit2/moveit_ros/perception/pointcloud_octomap_updater/include;/home/thisum/my_ws/src/moveit2/moveit_ros/perception/semantic_world/include
[4.771s] -- Configured cppcheck exclude dirs and/or files: 
[4.774s] -- Added test 'lint_cmake' to check CMake code style
[4.776s] -- Added test 'xmllint' to check XML markup files
[4.778s] -- Configuring done
[4.944s] -- Generating done
[4.949s] -- Build files have been written to: /home/thisum/my_ws/build/moveit_ros_perception
[4.969s] Invoked command in '/home/thisum/my_ws/build/moveit_ros_perception' returned '0': AMENT_PREFIX_PATH=/home/thisum/my_ws/install/moveit_ros_planning:/home/thisum/my_ws/install/moveit_ros_occupancy_map_monitor:/home/thisum/my_ws/install/moveit_core:/home/thisum/my_ws/install/moveit_resources_panda_moveit_config:/home/thisum/my_ws/install/srdfdom:/home/thisum/my_ws/install/moveit_resources_pr2_description:/home/thisum/my_ws/install/moveit_resources_panda_description:/home/thisum/my_ws/install/moveit_common:${AMENT_PREFIX_PATH} CMAKE_PREFIX_PATH=/home/thisum/my_ws/install/moveit_ros_planning:/home/thisum/my_ws/install/moveit_ros_occupancy_map_monitor:/home/thisum/my_ws/install/moveit_core:/home/thisum/my_ws/install/moveit_resources_panda_moveit_config:/home/thisum/my_ws/install/srdfdom:/home/thisum/my_ws/install/moveit_resources_pr2_description:/home/thisum/my_ws/install/moveit_resources_panda_description:/home/thisum/my_ws/install/moveit_common:/opt/ros/humble LD_LIBRARY_PATH=/home/thisum/my_ws/install/moveit_ros_planning/lib:/home/thisum/my_ws/install/moveit_ros_occupancy_map_monitor/lib:/home/thisum/my_ws/install/moveit_core/lib:/home/thisum/my_ws/install/srdfdom/lib:${LD_LIBRARY_PATH} PATH=/home/thisum/my_ws/install/moveit_core/bin:${PATH} PYTHONPATH=/home/thisum/my_ws/install/srdfdom/local/lib/python3.10/dist-packages:${PYTHONPATH} /usr/bin/cmake /home/thisum/my_ws/src/moveit2/moveit_ros/perception -DCMAKE_BUILD_TYPE=Release -DCMAKE_INSTALL_PREFIX=/home/thisum/my_ws/install/moveit_ros_perception
[4.970s] Invoking command in '/home/thisum/my_ws/build/moveit_ros_perception': AMENT_PREFIX_PATH=/home/thisum/my_ws/install/moveit_ros_planning:/home/thisum/my_ws/install/moveit_ros_occupancy_map_monitor:/home/thisum/my_ws/install/moveit_core:/home/thisum/my_ws/install/moveit_resources_panda_moveit_config:/home/thisum/my_ws/install/srdfdom:/home/thisum/my_ws/install/moveit_resources_pr2_description:/home/thisum/my_ws/install/moveit_resources_panda_description:/home/thisum/my_ws/install/moveit_common:${AMENT_PREFIX_PATH} CMAKE_PREFIX_PATH=/home/thisum/my_ws/install/moveit_ros_planning:/home/thisum/my_ws/install/moveit_ros_occupancy_map_monitor:/home/thisum/my_ws/install/moveit_core:/home/thisum/my_ws/install/moveit_resources_panda_moveit_config:/home/thisum/my_ws/install/srdfdom:/home/thisum/my_ws/install/moveit_resources_pr2_description:/home/thisum/my_ws/install/moveit_resources_panda_description:/home/thisum/my_ws/install/moveit_common:/opt/ros/humble LD_LIBRARY_PATH=/home/thisum/my_ws/install/moveit_ros_planning/lib:/home/thisum/my_ws/install/moveit_ros_occupancy_map_monitor/lib:/home/thisum/my_ws/install/moveit_core/lib:/home/thisum/my_ws/install/srdfdom/lib:${LD_LIBRARY_PATH} PATH=/home/thisum/my_ws/install/moveit_core/bin:${PATH} PYTHONPATH=/home/thisum/my_ws/install/srdfdom/local/lib/python3.10/dist-packages:${PYTHONPATH} /usr/bin/cmake --build /home/thisum/my_ws/build/moveit_ros_perception -- -j6 -l6
[5.060s] [  5%] [32mBuilding CXX object mesh_filter/CMakeFiles/moveit_mesh_filter.dir/src/sensor_model.cpp.o[0m
[5.060s] [ 10%] [32mBuilding CXX object mesh_filter/CMakeFiles/moveit_mesh_filter.dir/src/mesh_filter_base.cpp.o[0m
[5.061s] [ 15%] [32mBuilding CXX object point_containment_filter/CMakeFiles/moveit_point_containment_filter.dir/src/shape_mask.cpp.o[0m
[5.061s] [ 20%] [32mBuilding CXX object lazy_free_space_updater/CMakeFiles/moveit_lazy_free_space_updater.dir/src/lazy_free_space_updater.cpp.o[0m
[5.062s] [ 25%] [32mBuilding CXX object semantic_world/CMakeFiles/moveit_semantic_world.dir/src/semantic_world.cpp.o[0m
[5.063s] [ 30%] [32mBuilding CXX object mesh_filter/CMakeFiles/moveit_mesh_filter.dir/src/stereo_camera_model.cpp.o[0m
[6.501s] [ 35%] [32mBuilding CXX object mesh_filter/CMakeFiles/moveit_mesh_filter.dir/src/gl_renderer.cpp.o[0m
[6.522s] [ 40%] [32mBuilding CXX object mesh_filter/CMakeFiles/moveit_mesh_filter.dir/src/gl_mesh.cpp.o[0m
[7.511s] [ 45%] [32m[1mLinking CXX shared library libmoveit_lazy_free_space_updater.so[0m
[7.772s] [ 45%] Built target moveit_lazy_free_space_updater
[8.536s] [ 50%] [32m[1mLinking CXX shared library libmoveit_point_containment_filter.so[0m
[8.709s] [ 50%] Built target moveit_point_containment_filter
[8.751s] [ 55%] [32mBuilding CXX object pointcloud_octomap_updater/CMakeFiles/moveit_pointcloud_octomap_updater_core.dir/src/pointcloud_octomap_updater.cpp.o[0m
[9.647s] [ 60%] [32m[1mLinking CXX shared library libmoveit_mesh_filter.so[0m
[10.012s] [ 60%] Built target moveit_mesh_filter
[10.063s] [ 65%] [32mBuilding CXX object depth_image_octomap_updater/CMakeFiles/moveit_depth_image_octomap_updater_core.dir/src/depth_image_octomap_updater.cpp.o[0m
[16.526s] [ 70%] [32m[1mLinking CXX shared library libmoveit_depth_image_octomap_updater_core.so[0m
[16.774s] [ 70%] Built target moveit_depth_image_octomap_updater_core
[16.816s] [ 75%] [32mBuilding CXX object depth_image_octomap_updater/CMakeFiles/moveit_depth_image_octomap_updater.dir/src/updater_plugin.cpp.o[0m
[21.327s] [ 80%] [32m[1mLinking CXX shared library libmoveit_depth_image_octomap_updater.so[0m
[21.578s] [ 80%] Built target moveit_depth_image_octomap_updater
[22.988s] [ 85%] [32m[1mLinking CXX shared library libmoveit_pointcloud_octomap_updater_core.so[0m
[23.288s] [ 85%] Built target moveit_pointcloud_octomap_updater_core
[23.321s] [ 90%] [32mBuilding CXX object pointcloud_octomap_updater/CMakeFiles/moveit_pointcloud_octomap_updater.dir/src/plugin_init.cpp.o[0m
[25.574s] [ 95%] [32m[1mLinking CXX shared library libmoveit_semantic_world.so[0m
[26.124s] [ 95%] Built target moveit_semantic_world
[27.885s] [100%] [32m[1mLinking CXX shared library libmoveit_pointcloud_octomap_updater.so[0m
[28.074s] [100%] Built target moveit_pointcloud_octomap_updater
[28.089s] Invoked command in '/home/thisum/my_ws/build/moveit_ros_perception' returned '0': AMENT_PREFIX_PATH=/home/thisum/my_ws/install/moveit_ros_planning:/home/thisum/my_ws/install/moveit_ros_occupancy_map_monitor:/home/thisum/my_ws/install/moveit_core:/home/thisum/my_ws/install/moveit_resources_panda_moveit_config:/home/thisum/my_ws/install/srdfdom:/home/thisum/my_ws/install/moveit_resources_pr2_description:/home/thisum/my_ws/install/moveit_resources_panda_description:/home/thisum/my_ws/install/moveit_common:${AMENT_PREFIX_PATH} CMAKE_PREFIX_PATH=/home/thisum/my_ws/install/moveit_ros_planning:/home/thisum/my_ws/install/moveit_ros_occupancy_map_monitor:/home/thisum/my_ws/install/moveit_core:/home/thisum/my_ws/install/moveit_resources_panda_moveit_config:/home/thisum/my_ws/install/srdfdom:/home/thisum/my_ws/install/moveit_resources_pr2_description:/home/thisum/my_ws/install/moveit_resources_panda_description:/home/thisum/my_ws/install/moveit_common:/opt/ros/humble LD_LIBRARY_PATH=/home/thisum/my_ws/install/moveit_ros_planning/lib:/home/thisum/my_ws/install/moveit_ros_occupancy_map_monitor/lib:/home/thisum/my_ws/install/moveit_core/lib:/home/thisum/my_ws/install/srdfdom/lib:${LD_LIBRARY_PATH} PATH=/home/thisum/my_ws/install/moveit_core/bin:${PATH} PYTHONPATH=/home/thisum/my_ws/install/srdfdom/local/lib/python3.10/dist-packages:${PYTHONPATH} /usr/bin/cmake --build /home/thisum/my_ws/build/moveit_ros_perception -- -j6 -l6
[28.142s] Invoking command in '/home/thisum/my_ws/build/moveit_ros_perception': AMENT_PREFIX_PATH=/home/thisum/my_ws/install/moveit_ros_planning:/home/thisum/my_ws/install/moveit_ros_occupancy_map_monitor:/home/thisum/my_ws/install/moveit_core:/home/thisum/my_ws/install/moveit_resources_panda_moveit_config:/home/thisum/my_ws/install/srdfdom:/home/thisum/my_ws/install/moveit_resources_pr2_description:/home/thisum/my_ws/install/moveit_resources_panda_description:/home/thisum/my_ws/install/moveit_common:${AMENT_PREFIX_PATH} CMAKE_PREFIX_PATH=/home/thisum/my_ws/install/moveit_ros_planning:/home/thisum/my_ws/install/moveit_ros_occupancy_map_monitor:/home/thisum/my_ws/install/moveit_core:/home/thisum/my_ws/install/moveit_resources_panda_moveit_config:/home/thisum/my_ws/install/srdfdom:/home/thisum/my_ws/install/moveit_resources_pr2_description:/home/thisum/my_ws/install/moveit_resources_panda_description:/home/thisum/my_ws/install/moveit_common:/opt/ros/humble LD_LIBRARY_PATH=/home/thisum/my_ws/install/moveit_ros_planning/lib:/home/thisum/my_ws/install/moveit_ros_occupancy_map_monitor/lib:/home/thisum/my_ws/install/moveit_core/lib:/home/thisum/my_ws/install/srdfdom/lib:${LD_LIBRARY_PATH} PATH=/home/thisum/my_ws/install/moveit_core/bin:${PATH} PYTHONPATH=/home/thisum/my_ws/install/srdfdom/local/lib/python3.10/dist-packages:${PYTHONPATH} /usr/bin/cmake --install /home/thisum/my_ws/build/moveit_ros_perception
[28.151s] -- Install configuration: "Release"
[28.151s] -- Installing: /home/thisum/my_ws/install/moveit_ros_perception/include
[28.151s] -- Installing: /home/thisum/my_ws/install/moveit_ros_perception/include/moveit
[28.152s] -- Installing: /home/thisum/my_ws/install/moveit_ros_perception/include/moveit/lazy_free_space_updater
[28.152s] -- Installing: /home/thisum/my_ws/install/moveit_ros_perception/include/moveit/lazy_free_space_updater/lazy_free_space_updater.h
[28.152s] -- Up-to-date: /home/thisum/my_ws/install/moveit_ros_perception/include
[28.152s] -- Up-to-date: /home/thisum/my_ws/install/moveit_ros_perception/include/moveit
[28.152s] -- Installing: /home/thisum/my_ws/install/moveit_ros_perception/include/moveit/point_containment_filter
[28.152s] -- Installing: /home/thisum/my_ws/install/moveit_ros_perception/include/moveit/point_containment_filter/shape_mask.h
[28.153s] -- Up-to-date: /home/thisum/my_ws/install/moveit_ros_perception/include
[28.153s] -- Up-to-date: /home/thisum/my_ws/install/moveit_ros_perception/include/moveit
[28.153s] -- Installing: /home/thisum/my_ws/install/moveit_ros_perception/include/moveit/pointcloud_octomap_updater
[28.153s] -- Installing: /home/thisum/my_ws/install/moveit_ros_perception/include/moveit/pointcloud_octomap_updater/pointcloud_octomap_updater.h
[28.153s] -- Up-to-date: /home/thisum/my_ws/install/moveit_ros_perception/include
[28.154s] -- Up-to-date: /home/thisum/my_ws/install/moveit_ros_perception/include/moveit
[28.154s] -- Installing: /home/thisum/my_ws/install/moveit_ros_perception/include/moveit/mesh_filter
[28.154s] -- Installing: /home/thisum/my_ws/install/moveit_ros_perception/include/moveit/mesh_filter/transform_provider.h
[28.154s] -- Installing: /home/thisum/my_ws/install/moveit_ros_perception/include/moveit/mesh_filter/gl_mesh.h
[28.155s] -- Installing: /home/thisum/my_ws/install/moveit_ros_perception/include/moveit/mesh_filter/stereo_camera_model.h
[28.155s] -- Installing: /home/thisum/my_ws/install/moveit_ros_perception/include/moveit/mesh_filter/sensor_model.h
[28.161s] -- Installing: /home/thisum/my_ws/install/moveit_ros_perception/include/moveit/mesh_filter/mesh_filter_base.h
[28.161s] -- Installing: /home/thisum/my_ws/install/moveit_ros_perception/include/moveit/mesh_filter/depth_self_filter_nodelet.h
[28.162s] -- Installing: /home/thisum/my_ws/install/moveit_ros_perception/include/moveit/mesh_filter/gl_renderer.h
[28.162s] -- Installing: /home/thisum/my_ws/install/moveit_ros_perception/include/moveit/mesh_filter/filter_job.h
[28.162s] -- Installing: /home/thisum/my_ws/install/moveit_ros_perception/include/moveit/mesh_filter/mesh_filter.h
[28.162s] -- Installing: /home/thisum/my_ws/install/moveit_ros_perception/include/moveit_mesh_filter_export.h
[28.163s] -- Up-to-date: /home/thisum/my_ws/install/moveit_ros_perception/include
[28.163s] -- Up-to-date: /home/thisum/my_ws/install/moveit_ros_perception/include/moveit
[28.163s] -- Installing: /home/thisum/my_ws/install/moveit_ros_perception/include/moveit/depth_image_octomap_updater
[28.163s] -- Installing: /home/thisum/my_ws/install/moveit_ros_perception/include/moveit/depth_image_octomap_updater/depth_image_octomap_updater.h
[28.164s] -- Up-to-date: /home/thisum/my_ws/install/moveit_ros_perception/include
[28.164s] -- Up-to-date: /home/thisum/my_ws/install/moveit_ros_perception/include/moveit
[28.164s] -- Installing: /home/thisum/my_ws/install/moveit_ros_perception/include/moveit/semantic_world
[28.164s] -- Installing: /home/thisum/my_ws/install/moveit_ros_perception/include/moveit/semantic_world/semantic_world.h
[28.164s] -- Installing: /home/thisum/my_ws/install/moveit_ros_perception/lib/libmoveit_depth_image_octomap_updater.so.2.5.5
[28.165s] -- Set runtime path of "/home/thisum/my_ws/install/moveit_ros_perception/lib/libmoveit_depth_image_octomap_updater.so.2.5.5" to ""
[28.165s] -- Installing: /home/thisum/my_ws/install/moveit_ros_perception/lib/libmoveit_depth_image_octomap_updater.so
[28.165s] -- Installing: /home/thisum/my_ws/install/moveit_ros_perception/lib/libmoveit_depth_image_octomap_updater_core.so.2.5.5
[28.166s] -- Set runtime path of "/home/thisum/my_ws/install/moveit_ros_perception/lib/libmoveit_depth_image_octomap_updater_core.so.2.5.5" to ""
[28.166s] -- Installing: /home/thisum/my_ws/install/moveit_ros_perception/lib/libmoveit_depth_image_octomap_updater_core.so
[28.166s] -- Installing: /home/thisum/my_ws/install/moveit_ros_perception/lib/libmoveit_lazy_free_space_updater.so.2.5.5
[28.167s] -- Set runtime path of "/home/thisum/my_ws/install/moveit_ros_perception/lib/libmoveit_lazy_free_space_updater.so.2.5.5" to ""
[28.167s] -- Installing: /home/thisum/my_ws/install/moveit_ros_perception/lib/libmoveit_lazy_free_space_updater.so
[28.167s] -- Installing: /home/thisum/my_ws/install/moveit_ros_perception/lib/libmoveit_mesh_filter.so.2.5.5
[28.168s] -- Set runtime path of "/home/thisum/my_ws/install/moveit_ros_perception/lib/libmoveit_mesh_filter.so.2.5.5" to ""
[28.168s] -- Installing: /home/thisum/my_ws/install/moveit_ros_perception/lib/libmoveit_mesh_filter.so
[28.168s] -- Installing: /home/thisum/my_ws/install/moveit_ros_perception/lib/libmoveit_point_containment_filter.so.2.5.5
[28.168s] -- Set runtime path of "/home/thisum/my_ws/install/moveit_ros_perception/lib/libmoveit_point_containment_filter.so.2.5.5" to ""
[28.168s] -- Installing: /home/thisum/my_ws/install/moveit_ros_perception/lib/libmoveit_point_containment_filter.so
[28.168s] -- Installing: /home/thisum/my_ws/install/moveit_ros_perception/lib/libmoveit_pointcloud_octomap_updater.so.2.5.5
[28.169s] -- Set runtime path of "/home/thisum/my_ws/install/moveit_ros_perception/lib/libmoveit_pointcloud_octomap_updater.so.2.5.5" to ""
[28.169s] -- Installing: /home/thisum/my_ws/install/moveit_ros_perception/lib/libmoveit_pointcloud_octomap_updater.so
[28.169s] -- Installing: /home/thisum/my_ws/install/moveit_ros_perception/lib/libmoveit_pointcloud_octomap_updater_core.so.2.5.5
[28.172s] -- Set runtime path of "/home/thisum/my_ws/install/moveit_ros_perception/lib/libmoveit_pointcloud_octomap_updater_core.so.2.5.5" to ""
[28.172s] -- Installing: /home/thisum/my_ws/install/moveit_ros_perception/lib/libmoveit_pointcloud_octomap_updater_core.so
[28.172s] -- Installing: /home/thisum/my_ws/install/moveit_ros_perception/lib/libmoveit_semantic_world.so.2.5.5
[28.175s] -- Set runtime path of "/home/thisum/my_ws/install/moveit_ros_perception/lib/libmoveit_semantic_world.so.2.5.5" to ""
[28.175s] -- Installing: /home/thisum/my_ws/install/moveit_ros_perception/lib/libmoveit_semantic_world.so
[28.175s] -- Installing: /home/thisum/my_ws/install/moveit_ros_perception/share/moveit_ros_perception/environment/library_path.sh
[28.175s] -- Installing: /home/thisum/my_ws/install/moveit_ros_perception/share/moveit_ros_perception/environment/library_path.dsv
[28.175s] -- Installing: /home/thisum/my_ws/install/moveit_ros_perception/share/moveit_ros_perception/pointcloud_octomap_updater_plugin_description.xml
[28.175s] -- Installing: /home/thisum/my_ws/install/moveit_ros_perception/share/moveit_ros_perception/depth_image_octomap_updater_plugin_description.xml
[28.176s] -- Installing: /home/thisum/my_ws/install/moveit_ros_perception/share/ament_index/resource_index/package_run_dependencies/moveit_ros_perception
[28.176s] -- Installing: /home/thisum/my_ws/install/moveit_ros_perception/share/ament_index/resource_index/parent_prefix_path/moveit_ros_perception
[28.176s] -- Installing: /home/thisum/my_ws/install/moveit_ros_perception/share/moveit_ros_perception/environment/ament_prefix_path.sh
[28.177s] -- Installing: /home/thisum/my_ws/install/moveit_ros_perception/share/moveit_ros_perception/environment/ament_prefix_path.dsv
[28.177s] -- Installing: /home/thisum/my_ws/install/moveit_ros_perception/share/moveit_ros_perception/environment/path.sh
[28.177s] -- Installing: /home/thisum/my_ws/install/moveit_ros_perception/share/moveit_ros_perception/environment/path.dsv
[28.178s] -- Installing: /home/thisum/my_ws/install/moveit_ros_perception/share/moveit_ros_perception/local_setup.bash
[28.178s] -- Installing: /home/thisum/my_ws/install/moveit_ros_perception/share/moveit_ros_perception/local_setup.sh
[28.178s] -- Installing: /home/thisum/my_ws/install/moveit_ros_perception/share/moveit_ros_perception/local_setup.zsh
[28.179s] -- Installing: /home/thisum/my_ws/install/moveit_ros_perception/share/moveit_ros_perception/local_setup.dsv
[28.179s] -- Installing: /home/thisum/my_ws/install/moveit_ros_perception/share/moveit_ros_perception/package.dsv
[28.179s] -- Installing: /home/thisum/my_ws/install/moveit_ros_perception/share/ament_index/resource_index/packages/moveit_ros_perception
[28.179s] -- Installing: /home/thisum/my_ws/install/moveit_ros_perception/share/ament_index/resource_index/moveit_ros_occupancy_map_monitor__pluginlib__plugin/moveit_ros_perception
[28.180s] -- Installing: /home/thisum/my_ws/install/moveit_ros_perception/share/moveit_ros_perception/cmake/export_moveit_ros_perceptionExport.cmake
[28.180s] -- Installing: /home/thisum/my_ws/install/moveit_ros_perception/share/moveit_ros_perception/cmake/export_moveit_ros_perceptionExport-release.cmake
[28.180s] -- Installing: /home/thisum/my_ws/install/moveit_ros_perception/share/moveit_ros_perception/cmake/ConfigExtras.cmake
[28.180s] -- Installing: /home/thisum/my_ws/install/moveit_ros_perception/share/moveit_ros_perception/cmake/ament_cmake_export_targets-extras.cmake
[28.181s] -- Installing: /home/thisum/my_ws/install/moveit_ros_perception/share/moveit_ros_perception/cmake/ament_cmake_export_dependencies-extras.cmake
[28.181s] -- Installing: /home/thisum/my_ws/install/moveit_ros_perception/share/moveit_ros_perception/cmake/moveit_ros_perceptionConfig.cmake
[28.181s] -- Installing: /home/thisum/my_ws/install/moveit_ros_perception/share/moveit_ros_perception/cmake/moveit_ros_perceptionConfig-version.cmake
[28.181s] -- Installing: /home/thisum/my_ws/install/moveit_ros_perception/share/moveit_ros_perception/package.xml
[28.185s] Invoked command in '/home/thisum/my_ws/build/moveit_ros_perception' returned '0': AMENT_PREFIX_PATH=/home/thisum/my_ws/install/moveit_ros_planning:/home/thisum/my_ws/install/moveit_ros_occupancy_map_monitor:/home/thisum/my_ws/install/moveit_core:/home/thisum/my_ws/install/moveit_resources_panda_moveit_config:/home/thisum/my_ws/install/srdfdom:/home/thisum/my_ws/install/moveit_resources_pr2_description:/home/thisum/my_ws/install/moveit_resources_panda_description:/home/thisum/my_ws/install/moveit_common:${AMENT_PREFIX_PATH} CMAKE_PREFIX_PATH=/home/thisum/my_ws/install/moveit_ros_planning:/home/thisum/my_ws/install/moveit_ros_occupancy_map_monitor:/home/thisum/my_ws/install/moveit_core:/home/thisum/my_ws/install/moveit_resources_panda_moveit_config:/home/thisum/my_ws/install/srdfdom:/home/thisum/my_ws/install/moveit_resources_pr2_description:/home/thisum/my_ws/install/moveit_resources_panda_description:/home/thisum/my_ws/install/moveit_common:/opt/ros/humble LD_LIBRARY_PATH=/home/thisum/my_ws/install/moveit_ros_planning/lib:/home/thisum/my_ws/install/moveit_ros_occupancy_map_monitor/lib:/home/thisum/my_ws/install/moveit_core/lib:/home/thisum/my_ws/install/srdfdom/lib:${LD_LIBRARY_PATH} PATH=/home/thisum/my_ws/install/moveit_core/bin:${PATH} PYTHONPATH=/home/thisum/my_ws/install/srdfdom/local/lib/python3.10/dist-packages:${PYTHONPATH} /usr/bin/cmake --install /home/thisum/my_ws/build/moveit_ros_perception
