[0.036s] Invoking command in '/home/thisum/my_ws/build/moveit_ros_warehouse': AMENT_PREFIX_PATH=/home/thisum/my_ws/install/moveit_ros_planning:/home/thisum/my_ws/install/moveit_ros_occupancy_map_monitor:/home/thisum/my_ws/install/moveit_core:/home/thisum/my_ws/install/moveit_resources_panda_moveit_config:/home/thisum/my_ws/install/srdfdom:/home/thisum/my_ws/install/moveit_resources_pr2_description:/home/thisum/my_ws/install/moveit_resources_panda_description:/home/thisum/my_ws/install/moveit_common:${AMENT_PREFIX_PATH} CMAKE_PREFIX_PATH=/home/thisum/my_ws/install/moveit_ros_planning:/home/thisum/my_ws/install/moveit_ros_occupancy_map_monitor:/home/thisum/my_ws/install/moveit_core:/home/thisum/my_ws/install/moveit_resources_panda_moveit_config:/home/thisum/my_ws/install/srdfdom:/home/thisum/my_ws/install/moveit_resources_pr2_description:/home/thisum/my_ws/install/moveit_resources_panda_description:/home/thisum/my_ws/install/moveit_common:/opt/ros/humble LD_LIBRARY_PATH=/home/thisum/my_ws/install/moveit_ros_planning/lib:/home/thisum/my_ws/install/moveit_ros_occupancy_map_monitor/lib:/home/thisum/my_ws/install/moveit_core/lib:/home/thisum/my_ws/install/srdfdom/lib:${LD_LIBRARY_PATH} PATH=/home/thisum/my_ws/install/moveit_core/bin:${PATH} PYTHONPATH=/home/thisum/my_ws/install/srdfdom/local/lib/python3.10/dist-packages:${PYTHONPATH} /usr/bin/cmake --build /home/thisum/my_ws/build/moveit_ros_warehouse -- -j6 -l6
[0.155s] [35m[1mConsolidate compiler generated dependencies of target moveit_warehouse[0m
[0.220s] [ 40%] Built target moveit_warehouse
[0.253s] [35m[1mConsolidate compiler generated dependencies of target moveit_warehouse_services[0m
[0.253s] [35m[1mConsolidate compiler generated dependencies of target moveit_warehouse_broadcast[0m
[0.255s] [35m[1mConsolidate compiler generated dependencies of target moveit_save_to_warehouse[0m
[0.255s] [35m[1mConsolidate compiler generated dependencies of target moveit_warehouse_import_from_text[0m
[0.264s] [35m[1mConsolidate compiler generated dependencies of target moveit_warehouse_save_as_text[0m
[0.265s] [35m[1mConsolidate compiler generated dependencies of target moveit_init_demo_warehouse[0m
[0.313s] [ 50%] Built target moveit_warehouse_services
[0.328s] [ 60%] Built target moveit_warehouse_broadcast
[0.329s] [ 75%] Built target moveit_save_to_warehouse
[0.330s] [ 80%] Built target moveit_warehouse_save_as_text
[0.332s] [ 90%] Built target moveit_init_demo_warehouse
[0.338s] [100%] Built target moveit_warehouse_import_from_text
[0.355s] Invoked command in '/home/thisum/my_ws/build/moveit_ros_warehouse' returned '0': AMENT_PREFIX_PATH=/home/thisum/my_ws/install/moveit_ros_planning:/home/thisum/my_ws/install/moveit_ros_occupancy_map_monitor:/home/thisum/my_ws/install/moveit_core:/home/thisum/my_ws/install/moveit_resources_panda_moveit_config:/home/thisum/my_ws/install/srdfdom:/home/thisum/my_ws/install/moveit_resources_pr2_description:/home/thisum/my_ws/install/moveit_resources_panda_description:/home/thisum/my_ws/install/moveit_common:${AMENT_PREFIX_PATH} CMAKE_PREFIX_PATH=/home/thisum/my_ws/install/moveit_ros_planning:/home/thisum/my_ws/install/moveit_ros_occupancy_map_monitor:/home/thisum/my_ws/install/moveit_core:/home/thisum/my_ws/install/moveit_resources_panda_moveit_config:/home/thisum/my_ws/install/srdfdom:/home/thisum/my_ws/install/moveit_resources_pr2_description:/home/thisum/my_ws/install/moveit_resources_panda_description:/home/thisum/my_ws/install/moveit_common:/opt/ros/humble LD_LIBRARY_PATH=/home/thisum/my_ws/install/moveit_ros_planning/lib:/home/thisum/my_ws/install/moveit_ros_occupancy_map_monitor/lib:/home/thisum/my_ws/install/moveit_core/lib:/home/thisum/my_ws/install/srdfdom/lib:${LD_LIBRARY_PATH} PATH=/home/thisum/my_ws/install/moveit_core/bin:${PATH} PYTHONPATH=/home/thisum/my_ws/install/srdfdom/local/lib/python3.10/dist-packages:${PYTHONPATH} /usr/bin/cmake --build /home/thisum/my_ws/build/moveit_ros_warehouse -- -j6 -l6
[0.497s] Invoking command in '/home/thisum/my_ws/build/moveit_ros_warehouse': AMENT_PREFIX_PATH=/home/thisum/my_ws/install/moveit_ros_planning:/home/thisum/my_ws/install/moveit_ros_occupancy_map_monitor:/home/thisum/my_ws/install/moveit_core:/home/thisum/my_ws/install/moveit_resources_panda_moveit_config:/home/thisum/my_ws/install/srdfdom:/home/thisum/my_ws/install/moveit_resources_pr2_description:/home/thisum/my_ws/install/moveit_resources_panda_description:/home/thisum/my_ws/install/moveit_common:${AMENT_PREFIX_PATH} CMAKE_PREFIX_PATH=/home/thisum/my_ws/install/moveit_ros_planning:/home/thisum/my_ws/install/moveit_ros_occupancy_map_monitor:/home/thisum/my_ws/install/moveit_core:/home/thisum/my_ws/install/moveit_resources_panda_moveit_config:/home/thisum/my_ws/install/srdfdom:/home/thisum/my_ws/install/moveit_resources_pr2_description:/home/thisum/my_ws/install/moveit_resources_panda_description:/home/thisum/my_ws/install/moveit_common:/opt/ros/humble LD_LIBRARY_PATH=/home/thisum/my_ws/install/moveit_ros_planning/lib:/home/thisum/my_ws/install/moveit_ros_occupancy_map_monitor/lib:/home/thisum/my_ws/install/moveit_core/lib:/home/thisum/my_ws/install/srdfdom/lib:${LD_LIBRARY_PATH} PATH=/home/thisum/my_ws/install/moveit_core/bin:${PATH} PYTHONPATH=/home/thisum/my_ws/install/srdfdom/local/lib/python3.10/dist-packages:${PYTHONPATH} /usr/bin/cmake --install /home/thisum/my_ws/build/moveit_ros_warehouse
[0.510s] -- Install configuration: "Release"
[0.514s] -- Up-to-date: /home/thisum/my_ws/install/moveit_ros_warehouse/lib/moveit_ros_warehouse/moveit_save_to_warehouse
[0.516s] -- Up-to-date: /home/thisum/my_ws/install/moveit_ros_warehouse/lib/moveit_ros_warehouse/moveit_warehouse_broadcast
[0.518s] -- Up-to-date: /home/thisum/my_ws/install/moveit_ros_warehouse/lib/moveit_ros_warehouse/moveit_warehouse_import_from_text
[0.521s] -- Up-to-date: /home/thisum/my_ws/install/moveit_ros_warehouse/lib/moveit_ros_warehouse/moveit_warehouse_save_as_text
[0.523s] -- Up-to-date: /home/thisum/my_ws/install/moveit_ros_warehouse/lib/moveit_ros_warehouse/moveit_init_demo_warehouse
[0.525s] -- Up-to-date: /home/thisum/my_ws/install/moveit_ros_warehouse/lib/moveit_ros_warehouse/moveit_warehouse_services
[0.525s] -- Up-to-date: /home/thisum/my_ws/install/moveit_ros_warehouse/include
[0.526s] -- Up-to-date: /home/thisum/my_ws/install/moveit_ros_warehouse/include/moveit
[0.526s] -- Up-to-date: /home/thisum/my_ws/install/moveit_ros_warehouse/include/moveit/warehouse
[0.526s] -- Up-to-date: /home/thisum/my_ws/install/moveit_ros_warehouse/include/moveit/warehouse/planning_scene_world_storage.h
[0.526s] -- Up-to-date: /home/thisum/my_ws/install/moveit_ros_warehouse/include/moveit/warehouse/moveit_message_storage.h
[0.526s] -- Up-to-date: /home/thisum/my_ws/install/moveit_ros_warehouse/include/moveit/warehouse/state_storage.h
[0.526s] -- Up-to-date: /home/thisum/my_ws/install/moveit_ros_warehouse/include/moveit/warehouse/planning_scene_storage.h
[0.526s] -- Up-to-date: /home/thisum/my_ws/install/moveit_ros_warehouse/include/moveit/warehouse/warehouse_connector.h
[0.526s] -- Up-to-date: /home/thisum/my_ws/install/moveit_ros_warehouse/include/moveit/warehouse/constraints_storage.h
[0.526s] -- Up-to-date: /home/thisum/my_ws/install/moveit_ros_warehouse/include/moveit/warehouse/trajectory_constraints_storage.h
[0.526s] -- Up-to-date: /home/thisum/my_ws/install/moveit_ros_warehouse/include/moveit_warehouse_export.h
[0.527s] -- Up-to-date: /home/thisum/my_ws/install/moveit_ros_warehouse/lib/libmoveit_warehouse.so.2.5.5
[0.527s] -- Up-to-date: /home/thisum/my_ws/install/moveit_ros_warehouse/lib/libmoveit_warehouse.so
[0.527s] -- Up-to-date: /home/thisum/my_ws/install/moveit_ros_warehouse/share/moveit_ros_warehouse/environment/library_path.sh
[0.528s] -- Up-to-date: /home/thisum/my_ws/install/moveit_ros_warehouse/share/moveit_ros_warehouse/environment/library_path.dsv
[0.529s] -- Up-to-date: /home/thisum/my_ws/install/moveit_ros_warehouse/share/ament_index/resource_index/package_run_dependencies/moveit_ros_warehouse
[0.529s] -- Up-to-date: /home/thisum/my_ws/install/moveit_ros_warehouse/share/ament_index/resource_index/parent_prefix_path/moveit_ros_warehouse
[0.529s] -- Up-to-date: /home/thisum/my_ws/install/moveit_ros_warehouse/share/moveit_ros_warehouse/environment/ament_prefix_path.sh
[0.530s] -- Up-to-date: /home/thisum/my_ws/install/moveit_ros_warehouse/share/moveit_ros_warehouse/environment/ament_prefix_path.dsv
[0.530s] -- Up-to-date: /home/thisum/my_ws/install/moveit_ros_warehouse/share/moveit_ros_warehouse/environment/path.sh
[0.530s] -- Up-to-date: /home/thisum/my_ws/install/moveit_ros_warehouse/share/moveit_ros_warehouse/environment/path.dsv
[0.530s] -- Up-to-date: /home/thisum/my_ws/install/moveit_ros_warehouse/share/moveit_ros_warehouse/local_setup.bash
[0.530s] -- Up-to-date: /home/thisum/my_ws/install/moveit_ros_warehouse/share/moveit_ros_warehouse/local_setup.sh
[0.530s] -- Up-to-date: /home/thisum/my_ws/install/moveit_ros_warehouse/share/moveit_ros_warehouse/local_setup.zsh
[0.531s] -- Up-to-date: /home/thisum/my_ws/install/moveit_ros_warehouse/share/moveit_ros_warehouse/local_setup.dsv
[0.531s] -- Installing: /home/thisum/my_ws/install/moveit_ros_warehouse/share/moveit_ros_warehouse/package.dsv
[0.532s] -- Up-to-date: /home/thisum/my_ws/install/moveit_ros_warehouse/share/ament_index/resource_index/packages/moveit_ros_warehouse
[0.535s] -- Up-to-date: /home/thisum/my_ws/install/moveit_ros_warehouse/share/moveit_ros_warehouse/cmake/export_moveit_ros_warehouseExport.cmake
[0.535s] -- Up-to-date: /home/thisum/my_ws/install/moveit_ros_warehouse/share/moveit_ros_warehouse/cmake/export_moveit_ros_warehouseExport-release.cmake
[0.535s] -- Up-to-date: /home/thisum/my_ws/install/moveit_ros_warehouse/share/moveit_ros_warehouse/cmake/ConfigExtras.cmake
[0.535s] -- Up-to-date: /home/thisum/my_ws/install/moveit_ros_warehouse/share/moveit_ros_warehouse/cmake/ament_cmake_export_targets-extras.cmake
[0.535s] -- Up-to-date: /home/thisum/my_ws/install/moveit_ros_warehouse/share/moveit_ros_warehouse/cmake/ament_cmake_export_dependencies-extras.cmake
[0.536s] -- Up-to-date: /home/thisum/my_ws/install/moveit_ros_warehouse/share/moveit_ros_warehouse/cmake/moveit_ros_warehouseConfig.cmake
[0.536s] -- Up-to-date: /home/thisum/my_ws/install/moveit_ros_warehouse/share/moveit_ros_warehouse/cmake/moveit_ros_warehouseConfig-version.cmake
[0.536s] -- Up-to-date: /home/thisum/my_ws/install/moveit_ros_warehouse/share/moveit_ros_warehouse/package.xml
[0.540s] Invoked command in '/home/thisum/my_ws/build/moveit_ros_warehouse' returned '0': AMENT_PREFIX_PATH=/home/thisum/my_ws/install/moveit_ros_planning:/home/thisum/my_ws/install/moveit_ros_occupancy_map_monitor:/home/thisum/my_ws/install/moveit_core:/home/thisum/my_ws/install/moveit_resources_panda_moveit_config:/home/thisum/my_ws/install/srdfdom:/home/thisum/my_ws/install/moveit_resources_pr2_description:/home/thisum/my_ws/install/moveit_resources_panda_description:/home/thisum/my_ws/install/moveit_common:${AMENT_PREFIX_PATH} CMAKE_PREFIX_PATH=/home/thisum/my_ws/install/moveit_ros_planning:/home/thisum/my_ws/install/moveit_ros_occupancy_map_monitor:/home/thisum/my_ws/install/moveit_core:/home/thisum/my_ws/install/moveit_resources_panda_moveit_config:/home/thisum/my_ws/install/srdfdom:/home/thisum/my_ws/install/moveit_resources_pr2_description:/home/thisum/my_ws/install/moveit_resources_panda_description:/home/thisum/my_ws/install/moveit_common:/opt/ros/humble LD_LIBRARY_PATH=/home/thisum/my_ws/install/moveit_ros_planning/lib:/home/thisum/my_ws/install/moveit_ros_occupancy_map_monitor/lib:/home/thisum/my_ws/install/moveit_core/lib:/home/thisum/my_ws/install/srdfdom/lib:${LD_LIBRARY_PATH} PATH=/home/thisum/my_ws/install/moveit_core/bin:${PATH} PYTHONPATH=/home/thisum/my_ws/install/srdfdom/local/lib/python3.10/dist-packages:${PYTHONPATH} /usr/bin/cmake --install /home/thisum/my_ws/build/moveit_ros_warehouse
