[0.035s] Invoking command in '/home/thisum/my_ws/build/moveit_chomp_optimizer_adapter': AMENT_PREFIX_PATH=/home/thisum/my_ws/install/chomp_motion_planner:/home/thisum/my_ws/install/moveit_core:/home/thisum/my_ws/install/moveit_resources_panda_moveit_config:/home/thisum/my_ws/install/srdfdom:/home/thisum/my_ws/install/moveit_resources_pr2_description:/home/thisum/my_ws/install/moveit_resources_panda_description:/home/thisum/my_ws/install/moveit_common:${AMENT_PREFIX_PATH} CMAKE_PREFIX_PATH=/home/thisum/my_ws/install/chomp_motion_planner:/home/thisum/my_ws/install/moveit_core:/home/thisum/my_ws/install/moveit_resources_panda_moveit_config:/home/thisum/my_ws/install/srdfdom:/home/thisum/my_ws/install/moveit_resources_pr2_description:/home/thisum/my_ws/install/moveit_resources_panda_description:/home/thisum/my_ws/install/moveit_common:/opt/ros/humble LD_LIBRARY_PATH=/home/thisum/my_ws/install/chomp_motion_planner/lib:/home/thisum/my_ws/install/moveit_core/lib:/home/thisum/my_ws/install/srdfdom/lib:${LD_LIBRARY_PATH} PATH=/home/thisum/my_ws/install/moveit_core/bin:${PATH} PYTHONPATH=/home/thisum/my_ws/install/srdfdom/local/lib/python3.10/dist-packages:${PYTHONPATH} /usr/bin/cmake --build /home/thisum/my_ws/build/moveit_chomp_optimizer_adapter -- -j6 -l6
[0.125s] [100%] Built target moveit_chomp_optimizer_adapter
[0.144s] Invoked command in '/home/thisum/my_ws/build/moveit_chomp_optimizer_adapter' returned '0': AMENT_PREFIX_PATH=/home/thisum/my_ws/install/chomp_motion_planner:/home/thisum/my_ws/install/moveit_core:/home/thisum/my_ws/install/moveit_resources_panda_moveit_config:/home/thisum/my_ws/install/srdfdom:/home/thisum/my_ws/install/moveit_resources_pr2_description:/home/thisum/my_ws/install/moveit_resources_panda_description:/home/thisum/my_ws/install/moveit_common:${AMENT_PREFIX_PATH} CMAKE_PREFIX_PATH=/home/thisum/my_ws/install/chomp_motion_planner:/home/thisum/my_ws/install/moveit_core:/home/thisum/my_ws/install/moveit_resources_panda_moveit_config:/home/thisum/my_ws/install/srdfdom:/home/thisum/my_ws/install/moveit_resources_pr2_description:/home/thisum/my_ws/install/moveit_resources_panda_description:/home/thisum/my_ws/install/moveit_common:/opt/ros/humble LD_LIBRARY_PATH=/home/thisum/my_ws/install/chomp_motion_planner/lib:/home/thisum/my_ws/install/moveit_core/lib:/home/thisum/my_ws/install/srdfdom/lib:${LD_LIBRARY_PATH} PATH=/home/thisum/my_ws/install/moveit_core/bin:${PATH} PYTHONPATH=/home/thisum/my_ws/install/srdfdom/local/lib/python3.10/dist-packages:${PYTHONPATH} /usr/bin/cmake --build /home/thisum/my_ws/build/moveit_chomp_optimizer_adapter -- -j6 -l6
[0.202s] Invoking command in '/home/thisum/my_ws/build/moveit_chomp_optimizer_adapter': AMENT_PREFIX_PATH=/home/thisum/my_ws/install/chomp_motion_planner:/home/thisum/my_ws/install/moveit_core:/home/thisum/my_ws/install/moveit_resources_panda_moveit_config:/home/thisum/my_ws/install/srdfdom:/home/thisum/my_ws/install/moveit_resources_pr2_description:/home/thisum/my_ws/install/moveit_resources_panda_description:/home/thisum/my_ws/install/moveit_common:${AMENT_PREFIX_PATH} CMAKE_PREFIX_PATH=/home/thisum/my_ws/install/chomp_motion_planner:/home/thisum/my_ws/install/moveit_core:/home/thisum/my_ws/install/moveit_resources_panda_moveit_config:/home/thisum/my_ws/install/srdfdom:/home/thisum/my_ws/install/moveit_resources_pr2_description:/home/thisum/my_ws/install/moveit_resources_panda_description:/home/thisum/my_ws/install/moveit_common:/opt/ros/humble LD_LIBRARY_PATH=/home/thisum/my_ws/install/chomp_motion_planner/lib:/home/thisum/my_ws/install/moveit_core/lib:/home/thisum/my_ws/install/srdfdom/lib:${LD_LIBRARY_PATH} PATH=/home/thisum/my_ws/install/moveit_core/bin:${PATH} PYTHONPATH=/home/thisum/my_ws/install/srdfdom/local/lib/python3.10/dist-packages:${PYTHONPATH} /usr/bin/cmake --install /home/thisum/my_ws/build/moveit_chomp_optimizer_adapter
[0.210s] -- Install configuration: "Release"
[0.210s] -- Up-to-date: /home/thisum/my_ws/install/moveit_chomp_optimizer_adapter/lib/libmoveit_chomp_optimizer_adapter.so.2.5.5
[0.211s] -- Up-to-date: /home/thisum/my_ws/install/moveit_chomp_optimizer_adapter/lib/libmoveit_chomp_optimizer_adapter.so
[0.211s] -- Up-to-date: /home/thisum/my_ws/install/moveit_chomp_optimizer_adapter/share/moveit_chomp_optimizer_adapter/environment/library_path.sh
[0.211s] -- Up-to-date: /home/thisum/my_ws/install/moveit_chomp_optimizer_adapter/share/moveit_chomp_optimizer_adapter/environment/library_path.dsv
[0.211s] -- Up-to-date: /home/thisum/my_ws/install/moveit_chomp_optimizer_adapter/share/moveit_chomp_optimizer_adapter/chomp_optimizer_adapter_plugin_description.xml
[0.212s] -- Up-to-date: /home/thisum/my_ws/install/moveit_chomp_optimizer_adapter/share/ament_index/resource_index/package_run_dependencies/moveit_chomp_optimizer_adapter
[0.212s] -- Up-to-date: /home/thisum/my_ws/install/moveit_chomp_optimizer_adapter/share/ament_index/resource_index/parent_prefix_path/moveit_chomp_optimizer_adapter
[0.212s] -- Up-to-date: /home/thisum/my_ws/install/moveit_chomp_optimizer_adapter/share/moveit_chomp_optimizer_adapter/environment/ament_prefix_path.sh
[0.212s] -- Up-to-date: /home/thisum/my_ws/install/moveit_chomp_optimizer_adapter/share/moveit_chomp_optimizer_adapter/environment/ament_prefix_path.dsv
[0.212s] -- Up-to-date: /home/thisum/my_ws/install/moveit_chomp_optimizer_adapter/share/moveit_chomp_optimizer_adapter/environment/path.sh
[0.212s] -- Up-to-date: /home/thisum/my_ws/install/moveit_chomp_optimizer_adapter/share/moveit_chomp_optimizer_adapter/environment/path.dsv
[0.212s] -- Up-to-date: /home/thisum/my_ws/install/moveit_chomp_optimizer_adapter/share/moveit_chomp_optimizer_adapter/local_setup.bash
[0.212s] -- Up-to-date: /home/thisum/my_ws/install/moveit_chomp_optimizer_adapter/share/moveit_chomp_optimizer_adapter/local_setup.sh
[0.212s] -- Up-to-date: /home/thisum/my_ws/install/moveit_chomp_optimizer_adapter/share/moveit_chomp_optimizer_adapter/local_setup.zsh
[0.213s] -- Up-to-date: /home/thisum/my_ws/install/moveit_chomp_optimizer_adapter/share/moveit_chomp_optimizer_adapter/local_setup.dsv
[0.213s] -- Installing: /home/thisum/my_ws/install/moveit_chomp_optimizer_adapter/share/moveit_chomp_optimizer_adapter/package.dsv
[0.213s] -- Up-to-date: /home/thisum/my_ws/install/moveit_chomp_optimizer_adapter/share/ament_index/resource_index/packages/moveit_chomp_optimizer_adapter
[0.213s] -- Up-to-date: /home/thisum/my_ws/install/moveit_chomp_optimizer_adapter/share/ament_index/resource_index/moveit_core__pluginlib__plugin/moveit_chomp_optimizer_adapter
[0.213s] -- Up-to-date: /home/thisum/my_ws/install/moveit_chomp_optimizer_adapter/share/moveit_chomp_optimizer_adapter/cmake/moveit_chomp_optimizer_adapterTargetsExport.cmake
[0.214s] -- Up-to-date: /home/thisum/my_ws/install/moveit_chomp_optimizer_adapter/share/moveit_chomp_optimizer_adapter/cmake/moveit_chomp_optimizer_adapterTargetsExport-release.cmake
[0.214s] -- Up-to-date: /home/thisum/my_ws/install/moveit_chomp_optimizer_adapter/share/moveit_chomp_optimizer_adapter/cmake/ament_cmake_export_targets-extras.cmake
[0.214s] -- Up-to-date: /home/thisum/my_ws/install/moveit_chomp_optimizer_adapter/share/moveit_chomp_optimizer_adapter/cmake/moveit_chomp_optimizer_adapterConfig.cmake
[0.214s] -- Up-to-date: /home/thisum/my_ws/install/moveit_chomp_optimizer_adapter/share/moveit_chomp_optimizer_adapter/cmake/moveit_chomp_optimizer_adapterConfig-version.cmake
[0.214s] -- Up-to-date: /home/thisum/my_ws/install/moveit_chomp_optimizer_adapter/share/moveit_chomp_optimizer_adapter/package.xml
[0.217s] Invoked command in '/home/thisum/my_ws/build/moveit_chomp_optimizer_adapter' returned '0': AMENT_PREFIX_PATH=/home/thisum/my_ws/install/chomp_motion_planner:/home/thisum/my_ws/install/moveit_core:/home/thisum/my_ws/install/moveit_resources_panda_moveit_config:/home/thisum/my_ws/install/srdfdom:/home/thisum/my_ws/install/moveit_resources_pr2_description:/home/thisum/my_ws/install/moveit_resources_panda_description:/home/thisum/my_ws/install/moveit_common:${AMENT_PREFIX_PATH} CMAKE_PREFIX_PATH=/home/thisum/my_ws/install/chomp_motion_planner:/home/thisum/my_ws/install/moveit_core:/home/thisum/my_ws/install/moveit_resources_panda_moveit_config:/home/thisum/my_ws/install/srdfdom:/home/thisum/my_ws/install/moveit_resources_pr2_description:/home/thisum/my_ws/install/moveit_resources_panda_description:/home/thisum/my_ws/install/moveit_common:/opt/ros/humble LD_LIBRARY_PATH=/home/thisum/my_ws/install/chomp_motion_planner/lib:/home/thisum/my_ws/install/moveit_core/lib:/home/thisum/my_ws/install/srdfdom/lib:${LD_LIBRARY_PATH} PATH=/home/thisum/my_ws/install/moveit_core/bin:${PATH} PYTHONPATH=/home/thisum/my_ws/install/srdfdom/local/lib/python3.10/dist-packages:${PYTHONPATH} /usr/bin/cmake --install /home/thisum/my_ws/build/moveit_chomp_optimizer_adapter
