[1.953s] Invoking command in '/home/thisum/my_ws/src/launch_param_builder': PYTHONPATH=/home/thisum/my_ws/build/launch_param_builder/prefix_override:/usr/lib/python3/dist-packages/colcon_core/task/python/colcon_distutils_commands:/home/thisum/my_ws/install/launch_param_builder/lib/python3.10/site-packages:${PYTHONPATH} /usr/bin/python3 -W ignore:setup.py install is deprecated setup.py egg_info --egg-base ../../build/launch_param_builder build --build-base /home/thisum/my_ws/build/launch_param_builder/build install --record /home/thisum/my_ws/build/launch_param_builder/install.log --single-version-externally-managed install_data
[2.414s] running egg_info
[2.416s] writing ../../build/launch_param_builder/launch_param_builder.egg-info/PKG-INFO
[2.437s] writing dependency_links to ../../build/launch_param_builder/launch_param_builder.egg-info/dependency_links.txt
[2.437s] writing entry points to ../../build/launch_param_builder/launch_param_builder.egg-info/entry_points.txt
[2.437s] writing requirements to ../../build/launch_param_builder/launch_param_builder.egg-info/requires.txt
[2.438s] writing top-level names to ../../build/launch_param_builder/launch_param_builder.egg-info/top_level.txt
[2.445s] reading manifest file '../../build/launch_param_builder/launch_param_builder.egg-info/SOURCES.txt'
[2.446s] adding license file 'LICENSE'
[2.448s] writing manifest file '../../build/launch_param_builder/launch_param_builder.egg-info/SOURCES.txt'
[2.449s] running build
[2.449s] running build_py
[2.470s] running install
[2.471s] running install_lib
[2.487s] running install_data
[2.490s] running install_egg_info
[2.494s] removing '/home/thisum/my_ws/install/launch_param_builder/lib/python3.10/site-packages/launch_param_builder-0.1.1-py3.10.egg-info' (and everything under it)
[2.496s] Copying ../../build/launch_param_builder/launch_param_builder.egg-info to /home/thisum/my_ws/install/launch_param_builder/lib/python3.10/site-packages/launch_param_builder-0.1.1-py3.10.egg-info
[2.498s] running install_scripts
[2.532s] writing list of installed files to '/home/thisum/my_ws/build/launch_param_builder/install.log'
[2.586s] Invoked command in '/home/thisum/my_ws/src/launch_param_builder' returned '0': PYTHONPATH=/home/thisum/my_ws/build/launch_param_builder/prefix_override:/usr/lib/python3/dist-packages/colcon_core/task/python/colcon_distutils_commands:/home/thisum/my_ws/install/launch_param_builder/lib/python3.10/site-packages:${PYTHONPATH} /usr/bin/python3 -W ignore:setup.py install is deprecated setup.py egg_info --egg-base ../../build/launch_param_builder build --build-base /home/thisum/my_ws/build/launch_param_builder/build install --record /home/thisum/my_ws/build/launch_param_builder/install.log --single-version-externally-managed install_data
