[0.061s] Invoking command in '/home/thisum/my_ws/build/moveit_ros_warehouse': AMENT_PREFIX_PATH=/home/thisum/my_ws/install/moveit_ros_planning:/home/thisum/my_ws/install/moveit_ros_occupancy_map_monitor:/home/thisum/my_ws/install/moveit_core:/home/thisum/my_ws/install/moveit_resources_panda_moveit_config:/home/thisum/my_ws/install/srdfdom:/home/thisum/my_ws/install/moveit_resources_pr2_description:/home/thisum/my_ws/install/moveit_resources_panda_description:/home/thisum/my_ws/install/moveit_common:${AMENT_PREFIX_PATH} CMAKE_PREFIX_PATH=/home/thisum/my_ws/install/moveit_ros_planning:/home/thisum/my_ws/install/moveit_ros_occupancy_map_monitor:/home/thisum/my_ws/install/moveit_core:/home/thisum/my_ws/install/moveit_resources_panda_moveit_config:/home/thisum/my_ws/install/srdfdom:/home/thisum/my_ws/install/moveit_resources_pr2_description:/home/thisum/my_ws/install/moveit_resources_panda_description:/home/thisum/my_ws/install/moveit_common:/opt/ros/humble LD_LIBRARY_PATH=/home/thisum/my_ws/install/moveit_ros_planning/lib:/home/thisum/my_ws/install/moveit_ros_occupancy_map_monitor/lib:/home/thisum/my_ws/install/moveit_core/lib:/home/thisum/my_ws/install/srdfdom/lib:${LD_LIBRARY_PATH} PATH=/home/thisum/my_ws/install/moveit_core/bin:${PATH} PYTHONPATH=/home/thisum/my_ws/install/srdfdom/local/lib/python3.10/dist-packages:${PYTHONPATH} /usr/bin/cmake --build /home/thisum/my_ws/build/moveit_ros_warehouse -- -j6 -l6
[0.161s] [ 40%] Built target moveit_warehouse
[0.222s] [ 50%] Built target moveit_warehouse_services
[0.242s] [ 60%] Built target moveit_warehouse_save_as_text
[0.243s] [ 70%] Built target moveit_warehouse_import_from_text
[0.252s] [ 80%] Built target moveit_warehouse_broadcast
[0.256s] [100%] Built target moveit_save_to_warehouse
[0.256s] [100%] Built target moveit_init_demo_warehouse
[0.272s] Invoked command in '/home/thisum/my_ws/build/moveit_ros_warehouse' returned '0': AMENT_PREFIX_PATH=/home/thisum/my_ws/install/moveit_ros_planning:/home/thisum/my_ws/install/moveit_ros_occupancy_map_monitor:/home/thisum/my_ws/install/moveit_core:/home/thisum/my_ws/install/moveit_resources_panda_moveit_config:/home/thisum/my_ws/install/srdfdom:/home/thisum/my_ws/install/moveit_resources_pr2_description:/home/thisum/my_ws/install/moveit_resources_panda_description:/home/thisum/my_ws/install/moveit_common:${AMENT_PREFIX_PATH} CMAKE_PREFIX_PATH=/home/thisum/my_ws/install/moveit_ros_planning:/home/thisum/my_ws/install/moveit_ros_occupancy_map_monitor:/home/thisum/my_ws/install/moveit_core:/home/thisum/my_ws/install/moveit_resources_panda_moveit_config:/home/thisum/my_ws/install/srdfdom:/home/thisum/my_ws/install/moveit_resources_pr2_description:/home/thisum/my_ws/install/moveit_resources_panda_description:/home/thisum/my_ws/install/moveit_common:/opt/ros/humble LD_LIBRARY_PATH=/home/thisum/my_ws/install/moveit_ros_planning/lib:/home/thisum/my_ws/install/moveit_ros_occupancy_map_monitor/lib:/home/thisum/my_ws/install/moveit_core/lib:/home/thisum/my_ws/install/srdfdom/lib:${LD_LIBRARY_PATH} PATH=/home/thisum/my_ws/install/moveit_core/bin:${PATH} PYTHONPATH=/home/thisum/my_ws/install/srdfdom/local/lib/python3.10/dist-packages:${PYTHONPATH} /usr/bin/cmake --build /home/thisum/my_ws/build/moveit_ros_warehouse -- -j6 -l6
[0.407s] Invoking command in '/home/thisum/my_ws/build/moveit_ros_warehouse': AMENT_PREFIX_PATH=/home/thisum/my_ws/install/moveit_ros_planning:/home/thisum/my_ws/install/moveit_ros_occupancy_map_monitor:/home/thisum/my_ws/install/moveit_core:/home/thisum/my_ws/install/moveit_resources_panda_moveit_config:/home/thisum/my_ws/install/srdfdom:/home/thisum/my_ws/install/moveit_resources_pr2_description:/home/thisum/my_ws/install/moveit_resources_panda_description:/home/thisum/my_ws/install/moveit_common:${AMENT_PREFIX_PATH} CMAKE_PREFIX_PATH=/home/thisum/my_ws/install/moveit_ros_planning:/home/thisum/my_ws/install/moveit_ros_occupancy_map_monitor:/home/thisum/my_ws/install/moveit_core:/home/thisum/my_ws/install/moveit_resources_panda_moveit_config:/home/thisum/my_ws/install/srdfdom:/home/thisum/my_ws/install/moveit_resources_pr2_description:/home/thisum/my_ws/install/moveit_resources_panda_description:/home/thisum/my_ws/install/moveit_common:/opt/ros/humble LD_LIBRARY_PATH=/home/thisum/my_ws/install/moveit_ros_planning/lib:/home/thisum/my_ws/install/moveit_ros_occupancy_map_monitor/lib:/home/thisum/my_ws/install/moveit_core/lib:/home/thisum/my_ws/install/srdfdom/lib:${LD_LIBRARY_PATH} PATH=/home/thisum/my_ws/install/moveit_core/bin:${PATH} PYTHONPATH=/home/thisum/my_ws/install/srdfdom/local/lib/python3.10/dist-packages:${PYTHONPATH} /usr/bin/cmake --install /home/thisum/my_ws/build/moveit_ros_warehouse
[0.417s] -- Install configuration: "Release"
[0.417s] -- Up-to-date: /home/thisum/my_ws/install/moveit_ros_warehouse/lib/moveit_ros_warehouse/moveit_save_to_warehouse
[0.418s] -- Up-to-date: /home/thisum/my_ws/install/moveit_ros_warehouse/lib/moveit_ros_warehouse/moveit_warehouse_broadcast
[0.418s] -- Up-to-date: /home/thisum/my_ws/install/moveit_ros_warehouse/lib/moveit_ros_warehouse/moveit_warehouse_import_from_text
[0.418s] -- Up-to-date: /home/thisum/my_ws/install/moveit_ros_warehouse/lib/moveit_ros_warehouse/moveit_warehouse_save_as_text
[0.419s] -- Up-to-date: /home/thisum/my_ws/install/moveit_ros_warehouse/lib/moveit_ros_warehouse/moveit_init_demo_warehouse
[0.419s] -- Up-to-date: /home/thisum/my_ws/install/moveit_ros_warehouse/lib/moveit_ros_warehouse/moveit_warehouse_services
[0.420s] -- Up-to-date: /home/thisum/my_ws/install/moveit_ros_warehouse/include
[0.420s] -- Up-to-date: /home/thisum/my_ws/install/moveit_ros_warehouse/include/moveit
[0.420s] -- Up-to-date: /home/thisum/my_ws/install/moveit_ros_warehouse/include/moveit/warehouse
[0.420s] -- Up-to-date: /home/thisum/my_ws/install/moveit_ros_warehouse/include/moveit/warehouse/planning_scene_world_storage.h
[0.420s] -- Up-to-date: /home/thisum/my_ws/install/moveit_ros_warehouse/include/moveit/warehouse/moveit_message_storage.h
[0.420s] -- Up-to-date: /home/thisum/my_ws/install/moveit_ros_warehouse/include/moveit/warehouse/state_storage.h
[0.420s] -- Up-to-date: /home/thisum/my_ws/install/moveit_ros_warehouse/include/moveit/warehouse/planning_scene_storage.h
[0.421s] -- Up-to-date: /home/thisum/my_ws/install/moveit_ros_warehouse/include/moveit/warehouse/warehouse_connector.h
[0.421s] -- Up-to-date: /home/thisum/my_ws/install/moveit_ros_warehouse/include/moveit/warehouse/constraints_storage.h
[0.421s] -- Up-to-date: /home/thisum/my_ws/install/moveit_ros_warehouse/include/moveit/warehouse/trajectory_constraints_storage.h
[0.421s] -- Up-to-date: /home/thisum/my_ws/install/moveit_ros_warehouse/include/moveit_warehouse_export.h
[0.421s] -- Up-to-date: /home/thisum/my_ws/install/moveit_ros_warehouse/lib/libmoveit_warehouse.so.2.5.5
[0.421s] -- Up-to-date: /home/thisum/my_ws/install/moveit_ros_warehouse/lib/libmoveit_warehouse.so
[0.422s] -- Up-to-date: /home/thisum/my_ws/install/moveit_ros_warehouse/share/moveit_ros_warehouse/environment/library_path.sh
[0.422s] -- Up-to-date: /home/thisum/my_ws/install/moveit_ros_warehouse/share/moveit_ros_warehouse/environment/library_path.dsv
[0.422s] -- Up-to-date: /home/thisum/my_ws/install/moveit_ros_warehouse/share/ament_index/resource_index/package_run_dependencies/moveit_ros_warehouse
[0.422s] -- Up-to-date: /home/thisum/my_ws/install/moveit_ros_warehouse/share/ament_index/resource_index/parent_prefix_path/moveit_ros_warehouse
[0.422s] -- Up-to-date: /home/thisum/my_ws/install/moveit_ros_warehouse/share/moveit_ros_warehouse/environment/ament_prefix_path.sh
[0.422s] -- Up-to-date: /home/thisum/my_ws/install/moveit_ros_warehouse/share/moveit_ros_warehouse/environment/ament_prefix_path.dsv
[0.422s] -- Up-to-date: /home/thisum/my_ws/install/moveit_ros_warehouse/share/moveit_ros_warehouse/environment/path.sh
[0.422s] -- Up-to-date: /home/thisum/my_ws/install/moveit_ros_warehouse/share/moveit_ros_warehouse/environment/path.dsv
[0.423s] -- Up-to-date: /home/thisum/my_ws/install/moveit_ros_warehouse/share/moveit_ros_warehouse/local_setup.bash
[0.423s] -- Up-to-date: /home/thisum/my_ws/install/moveit_ros_warehouse/share/moveit_ros_warehouse/local_setup.sh
[0.423s] -- Up-to-date: /home/thisum/my_ws/install/moveit_ros_warehouse/share/moveit_ros_warehouse/local_setup.zsh
[0.423s] -- Up-to-date: /home/thisum/my_ws/install/moveit_ros_warehouse/share/moveit_ros_warehouse/local_setup.dsv
[0.423s] -- Installing: /home/thisum/my_ws/install/moveit_ros_warehouse/share/moveit_ros_warehouse/package.dsv
[0.423s] -- Up-to-date: /home/thisum/my_ws/install/moveit_ros_warehouse/share/ament_index/resource_index/packages/moveit_ros_warehouse
[0.423s] -- Up-to-date: /home/thisum/my_ws/install/moveit_ros_warehouse/share/moveit_ros_warehouse/cmake/export_moveit_ros_warehouseExport.cmake
[0.423s] -- Up-to-date: /home/thisum/my_ws/install/moveit_ros_warehouse/share/moveit_ros_warehouse/cmake/export_moveit_ros_warehouseExport-release.cmake
[0.423s] -- Up-to-date: /home/thisum/my_ws/install/moveit_ros_warehouse/share/moveit_ros_warehouse/cmake/ConfigExtras.cmake
[0.423s] -- Up-to-date: /home/thisum/my_ws/install/moveit_ros_warehouse/share/moveit_ros_warehouse/cmake/ament_cmake_export_targets-extras.cmake
[0.423s] -- Up-to-date: /home/thisum/my_ws/install/moveit_ros_warehouse/share/moveit_ros_warehouse/cmake/ament_cmake_export_dependencies-extras.cmake
[0.423s] -- Up-to-date: /home/thisum/my_ws/install/moveit_ros_warehouse/share/moveit_ros_warehouse/cmake/moveit_ros_warehouseConfig.cmake
[0.423s] -- Up-to-date: /home/thisum/my_ws/install/moveit_ros_warehouse/share/moveit_ros_warehouse/cmake/moveit_ros_warehouseConfig-version.cmake
[0.423s] -- Up-to-date: /home/thisum/my_ws/install/moveit_ros_warehouse/share/moveit_ros_warehouse/package.xml
[0.427s] Invoked command in '/home/thisum/my_ws/build/moveit_ros_warehouse' returned '0': AMENT_PREFIX_PATH=/home/thisum/my_ws/install/moveit_ros_planning:/home/thisum/my_ws/install/moveit_ros_occupancy_map_monitor:/home/thisum/my_ws/install/moveit_core:/home/thisum/my_ws/install/moveit_resources_panda_moveit_config:/home/thisum/my_ws/install/srdfdom:/home/thisum/my_ws/install/moveit_resources_pr2_description:/home/thisum/my_ws/install/moveit_resources_panda_description:/home/thisum/my_ws/install/moveit_common:${AMENT_PREFIX_PATH} CMAKE_PREFIX_PATH=/home/thisum/my_ws/install/moveit_ros_planning:/home/thisum/my_ws/install/moveit_ros_occupancy_map_monitor:/home/thisum/my_ws/install/moveit_core:/home/thisum/my_ws/install/moveit_resources_panda_moveit_config:/home/thisum/my_ws/install/srdfdom:/home/thisum/my_ws/install/moveit_resources_pr2_description:/home/thisum/my_ws/install/moveit_resources_panda_description:/home/thisum/my_ws/install/moveit_common:/opt/ros/humble LD_LIBRARY_PATH=/home/thisum/my_ws/install/moveit_ros_planning/lib:/home/thisum/my_ws/install/moveit_ros_occupancy_map_monitor/lib:/home/thisum/my_ws/install/moveit_core/lib:/home/thisum/my_ws/install/srdfdom/lib:${LD_LIBRARY_PATH} PATH=/home/thisum/my_ws/install/moveit_core/bin:${PATH} PYTHONPATH=/home/thisum/my_ws/install/srdfdom/local/lib/python3.10/dist-packages:${PYTHONPATH} /usr/bin/cmake --install /home/thisum/my_ws/build/moveit_ros_warehouse
