[0.035s] Invoking command in '/home/thisum/my_ws/build/moveit_planners_ompl': AMENT_PREFIX_PATH=/home/thisum/my_ws/install/moveit_ros_planning:/home/thisum/my_ws/install/moveit_ros_occupancy_map_monitor:/home/thisum/my_ws/install/moveit_core:/home/thisum/my_ws/install/moveit_resources_panda_moveit_config:/home/thisum/my_ws/install/moveit_resources_fanuc_moveit_config:/home/thisum/my_ws/install/srdfdom:/home/thisum/my_ws/install/moveit_resources_pr2_description:/home/thisum/my_ws/install/moveit_resources_panda_description:/home/thisum/my_ws/install/moveit_resources_fanuc_description:/home/thisum/my_ws/install/moveit_common:${AMENT_PREFIX_PATH} CMAKE_PREFIX_PATH=/home/thisum/my_ws/install/moveit_ros_planning:/home/thisum/my_ws/install/moveit_ros_occupancy_map_monitor:/home/thisum/my_ws/install/moveit_core:/home/thisum/my_ws/install/moveit_resources_panda_moveit_config:/home/thisum/my_ws/install/moveit_resources_fanuc_moveit_config:/home/thisum/my_ws/install/srdfdom:/home/thisum/my_ws/install/moveit_resources_pr2_description:/home/thisum/my_ws/install/moveit_resources_panda_description:/home/thisum/my_ws/install/moveit_resources_fanuc_description:/home/thisum/my_ws/install/moveit_common:/opt/ros/humble LD_LIBRARY_PATH=/home/thisum/my_ws/install/moveit_ros_planning/lib:/home/thisum/my_ws/install/moveit_ros_occupancy_map_monitor/lib:/home/thisum/my_ws/install/moveit_core/lib:/home/thisum/my_ws/install/srdfdom/lib:${LD_LIBRARY_PATH} PATH=/home/thisum/my_ws/install/moveit_core/bin:${PATH} PYTHONPATH=/home/thisum/my_ws/install/srdfdom/local/lib/python3.10/dist-packages:${PYTHONPATH} /usr/bin/cmake --build /home/thisum/my_ws/build/moveit_planners_ompl -- -j6 -l6
[0.135s] [  9%] Built target gtest
[0.135s] [  9%] Built target gtest_main
[0.199s] [ 60%] Built target moveit_ompl_interface
[0.249s] [ 65%] Built target test_constrained_planning_state_space
[0.252s] [ 70%] Built target test_state_space
[0.252s] [ 75%] Built target test_planning_context_manager
[0.252s] [ 85%] Built target moveit_generate_state_database
[0.252s] [ 85%] Built target test_state_validity_checker
[0.254s] [ 90%] Built target moveit_ompl_planner_plugin
[0.310s] [100%] Built target test_constrained_state_validity_checker
[0.310s] [100%] Built target test_threadsafe_state_storage
[0.326s] Invoked command in '/home/thisum/my_ws/build/moveit_planners_ompl' returned '0': AMENT_PREFIX_PATH=/home/thisum/my_ws/install/moveit_ros_planning:/home/thisum/my_ws/install/moveit_ros_occupancy_map_monitor:/home/thisum/my_ws/install/moveit_core:/home/thisum/my_ws/install/moveit_resources_panda_moveit_config:/home/thisum/my_ws/install/moveit_resources_fanuc_moveit_config:/home/thisum/my_ws/install/srdfdom:/home/thisum/my_ws/install/moveit_resources_pr2_description:/home/thisum/my_ws/install/moveit_resources_panda_description:/home/thisum/my_ws/install/moveit_resources_fanuc_description:/home/thisum/my_ws/install/moveit_common:${AMENT_PREFIX_PATH} CMAKE_PREFIX_PATH=/home/thisum/my_ws/install/moveit_ros_planning:/home/thisum/my_ws/install/moveit_ros_occupancy_map_monitor:/home/thisum/my_ws/install/moveit_core:/home/thisum/my_ws/install/moveit_resources_panda_moveit_config:/home/thisum/my_ws/install/moveit_resources_fanuc_moveit_config:/home/thisum/my_ws/install/srdfdom:/home/thisum/my_ws/install/moveit_resources_pr2_description:/home/thisum/my_ws/install/moveit_resources_panda_description:/home/thisum/my_ws/install/moveit_resources_fanuc_description:/home/thisum/my_ws/install/moveit_common:/opt/ros/humble LD_LIBRARY_PATH=/home/thisum/my_ws/install/moveit_ros_planning/lib:/home/thisum/my_ws/install/moveit_ros_occupancy_map_monitor/lib:/home/thisum/my_ws/install/moveit_core/lib:/home/thisum/my_ws/install/srdfdom/lib:${LD_LIBRARY_PATH} PATH=/home/thisum/my_ws/install/moveit_core/bin:${PATH} PYTHONPATH=/home/thisum/my_ws/install/srdfdom/local/lib/python3.10/dist-packages:${PYTHONPATH} /usr/bin/cmake --build /home/thisum/my_ws/build/moveit_planners_ompl -- -j6 -l6
[0.400s] Invoking command in '/home/thisum/my_ws/build/moveit_planners_ompl': AMENT_PREFIX_PATH=/home/thisum/my_ws/install/moveit_ros_planning:/home/thisum/my_ws/install/moveit_ros_occupancy_map_monitor:/home/thisum/my_ws/install/moveit_core:/home/thisum/my_ws/install/moveit_resources_panda_moveit_config:/home/thisum/my_ws/install/moveit_resources_fanuc_moveit_config:/home/thisum/my_ws/install/srdfdom:/home/thisum/my_ws/install/moveit_resources_pr2_description:/home/thisum/my_ws/install/moveit_resources_panda_description:/home/thisum/my_ws/install/moveit_resources_fanuc_description:/home/thisum/my_ws/install/moveit_common:${AMENT_PREFIX_PATH} CMAKE_PREFIX_PATH=/home/thisum/my_ws/install/moveit_ros_planning:/home/thisum/my_ws/install/moveit_ros_occupancy_map_monitor:/home/thisum/my_ws/install/moveit_core:/home/thisum/my_ws/install/moveit_resources_panda_moveit_config:/home/thisum/my_ws/install/moveit_resources_fanuc_moveit_config:/home/thisum/my_ws/install/srdfdom:/home/thisum/my_ws/install/moveit_resources_pr2_description:/home/thisum/my_ws/install/moveit_resources_panda_description:/home/thisum/my_ws/install/moveit_resources_fanuc_description:/home/thisum/my_ws/install/moveit_common:/opt/ros/humble LD_LIBRARY_PATH=/home/thisum/my_ws/install/moveit_ros_planning/lib:/home/thisum/my_ws/install/moveit_ros_occupancy_map_monitor/lib:/home/thisum/my_ws/install/moveit_core/lib:/home/thisum/my_ws/install/srdfdom/lib:${LD_LIBRARY_PATH} PATH=/home/thisum/my_ws/install/moveit_core/bin:${PATH} PYTHONPATH=/home/thisum/my_ws/install/srdfdom/local/lib/python3.10/dist-packages:${PYTHONPATH} /usr/bin/cmake --install /home/thisum/my_ws/build/moveit_planners_ompl
[0.423s] -- Install configuration: "Release"
[0.423s] -- Up-to-date: /home/thisum/my_ws/install/moveit_planners_ompl/lib/moveit_planners_ompl/generate_state_database
[0.423s] -- Up-to-date: /home/thisum/my_ws/install/moveit_planners_ompl/include
[0.424s] -- Up-to-date: /home/thisum/my_ws/install/moveit_planners_ompl/include/moveit
[0.424s] -- Up-to-date: /home/thisum/my_ws/install/moveit_planners_ompl/include/moveit/ompl_interface
[0.424s] -- Up-to-date: /home/thisum/my_ws/install/moveit_planners_ompl/include/moveit/ompl_interface/ompl_interface.h
[0.425s] -- Up-to-date: /home/thisum/my_ws/install/moveit_planners_ompl/include/moveit/ompl_interface/planning_context_manager.h
[0.425s] -- Up-to-date: /home/thisum/my_ws/install/moveit_planners_ompl/include/moveit/ompl_interface/detail
[0.425s] -- Up-to-date: /home/thisum/my_ws/install/moveit_planners_ompl/include/moveit/ompl_interface/detail/constrained_sampler.h
[0.425s] -- Up-to-date: /home/thisum/my_ws/install/moveit_planners_ompl/include/moveit/ompl_interface/detail/goal_union.h
[0.425s] -- Up-to-date: /home/thisum/my_ws/install/moveit_planners_ompl/include/moveit/ompl_interface/detail/ompl_constraints.h
[0.425s] -- Up-to-date: /home/thisum/my_ws/install/moveit_planners_ompl/include/moveit/ompl_interface/detail/constrained_goal_sampler.h
[0.425s] -- Up-to-date: /home/thisum/my_ws/install/moveit_planners_ompl/include/moveit/ompl_interface/detail/constraint_approximations.h
[0.425s] -- Up-to-date: /home/thisum/my_ws/install/moveit_planners_ompl/include/moveit/ompl_interface/detail/constraints_library.h
[0.425s] -- Up-to-date: /home/thisum/my_ws/install/moveit_planners_ompl/include/moveit/ompl_interface/detail/threadsafe_state_storage.h
[0.425s] -- Up-to-date: /home/thisum/my_ws/install/moveit_planners_ompl/include/moveit/ompl_interface/detail/projection_evaluators.h
[0.425s] -- Up-to-date: /home/thisum/my_ws/install/moveit_planners_ompl/include/moveit/ompl_interface/detail/state_validity_checker.h
[0.425s] -- Up-to-date: /home/thisum/my_ws/install/moveit_planners_ompl/include/moveit/ompl_interface/detail/constrained_valid_state_sampler.h
[0.425s] -- Up-to-date: /home/thisum/my_ws/install/moveit_planners_ompl/include/moveit/ompl_interface/model_based_planning_context.h
[0.426s] -- Up-to-date: /home/thisum/my_ws/install/moveit_planners_ompl/include/moveit/ompl_interface/parameterization
[0.426s] -- Up-to-date: /home/thisum/my_ws/install/moveit_planners_ompl/include/moveit/ompl_interface/parameterization/joint_space
[0.426s] -- Up-to-date: /home/thisum/my_ws/install/moveit_planners_ompl/include/moveit/ompl_interface/parameterization/joint_space/joint_model_state_space.h
[0.426s] -- Up-to-date: /home/thisum/my_ws/install/moveit_planners_ompl/include/moveit/ompl_interface/parameterization/joint_space/constrained_planning_state_space_factory.h
[0.427s] -- Up-to-date: /home/thisum/my_ws/install/moveit_planners_ompl/include/moveit/ompl_interface/parameterization/joint_space/constrained_planning_state_space.h
[0.430s] -- Up-to-date: /home/thisum/my_ws/install/moveit_planners_ompl/include/moveit/ompl_interface/parameterization/joint_space/joint_model_state_space_factory.h
[0.430s] -- Up-to-date: /home/thisum/my_ws/install/moveit_planners_ompl/include/moveit/ompl_interface/parameterization/work_space
[0.430s] -- Up-to-date: /home/thisum/my_ws/install/moveit_planners_ompl/include/moveit/ompl_interface/parameterization/work_space/pose_model_state_space.h
[0.430s] -- Up-to-date: /home/thisum/my_ws/install/moveit_planners_ompl/include/moveit/ompl_interface/parameterization/work_space/pose_model_state_space_factory.h
[0.431s] -- Up-to-date: /home/thisum/my_ws/install/moveit_planners_ompl/include/moveit/ompl_interface/parameterization/model_based_state_space.h
[0.432s] -- Up-to-date: /home/thisum/my_ws/install/moveit_planners_ompl/include/moveit/ompl_interface/parameterization/model_based_state_space_factory.h
[0.433s] -- Up-to-date: /home/thisum/my_ws/install/moveit_planners_ompl/lib/libmoveit_ompl_interface.so.2.5.5
[0.435s] -- Up-to-date: /home/thisum/my_ws/install/moveit_planners_ompl/lib/libmoveit_ompl_interface.so
[0.435s] -- Up-to-date: /home/thisum/my_ws/install/moveit_planners_ompl/lib/libmoveit_ompl_planner_plugin.so.2.5.5
[0.435s] -- Up-to-date: /home/thisum/my_ws/install/moveit_planners_ompl/lib/libmoveit_ompl_planner_plugin.so
[0.436s] -- Up-to-date: /home/thisum/my_ws/install/moveit_planners_ompl/share/moveit_planners_ompl/environment/library_path.sh
[0.436s] -- Up-to-date: /home/thisum/my_ws/install/moveit_planners_ompl/share/moveit_planners_ompl/environment/library_path.dsv
[0.436s] -- Up-to-date: /home/thisum/my_ws/install/moveit_planners_ompl/share/moveit_planners_ompl/ompl_interface_plugin_description.xml
[0.436s] -- Up-to-date: /home/thisum/my_ws/install/moveit_planners_ompl/share/ament_index/resource_index/package_run_dependencies/moveit_planners_ompl
[0.436s] -- Up-to-date: /home/thisum/my_ws/install/moveit_planners_ompl/share/ament_index/resource_index/parent_prefix_path/moveit_planners_ompl
[0.436s] -- Up-to-date: /home/thisum/my_ws/install/moveit_planners_ompl/share/moveit_planners_ompl/environment/ament_prefix_path.sh
[0.437s] -- Up-to-date: /home/thisum/my_ws/install/moveit_planners_ompl/share/moveit_planners_ompl/environment/ament_prefix_path.dsv
[0.440s] -- Up-to-date: /home/thisum/my_ws/install/moveit_planners_ompl/share/moveit_planners_ompl/environment/path.sh
[0.440s] -- Up-to-date: /home/thisum/my_ws/install/moveit_planners_ompl/share/moveit_planners_ompl/environment/path.dsv
[0.440s] -- Up-to-date: /home/thisum/my_ws/install/moveit_planners_ompl/share/moveit_planners_ompl/local_setup.bash
[0.440s] -- Up-to-date: /home/thisum/my_ws/install/moveit_planners_ompl/share/moveit_planners_ompl/local_setup.sh
[0.441s] -- Up-to-date: /home/thisum/my_ws/install/moveit_planners_ompl/share/moveit_planners_ompl/local_setup.zsh
[0.441s] -- Up-to-date: /home/thisum/my_ws/install/moveit_planners_ompl/share/moveit_planners_ompl/local_setup.dsv
[0.441s] -- Installing: /home/thisum/my_ws/install/moveit_planners_ompl/share/moveit_planners_ompl/package.dsv
[0.442s] -- Up-to-date: /home/thisum/my_ws/install/moveit_planners_ompl/share/ament_index/resource_index/packages/moveit_planners_ompl
[0.442s] -- Up-to-date: /home/thisum/my_ws/install/moveit_planners_ompl/share/ament_index/resource_index/moveit_core__pluginlib__plugin/moveit_planners_ompl
[0.443s] -- Up-to-date: /home/thisum/my_ws/install/moveit_planners_ompl/share/moveit_planners_ompl/cmake/export_moveit_planners_omplExport.cmake
[0.443s] -- Up-to-date: /home/thisum/my_ws/install/moveit_planners_ompl/share/moveit_planners_ompl/cmake/export_moveit_planners_omplExport-release.cmake
[0.443s] -- Up-to-date: /home/thisum/my_ws/install/moveit_planners_ompl/share/moveit_planners_ompl/cmake/ament_cmake_export_targets-extras.cmake
[0.444s] -- Up-to-date: /home/thisum/my_ws/install/moveit_planners_ompl/share/moveit_planners_ompl/cmake/ament_cmake_export_dependencies-extras.cmake
[0.444s] -- Up-to-date: /home/thisum/my_ws/install/moveit_planners_ompl/share/moveit_planners_ompl/cmake/moveit_planners_omplConfig.cmake
[0.444s] -- Up-to-date: /home/thisum/my_ws/install/moveit_planners_ompl/share/moveit_planners_ompl/cmake/moveit_planners_omplConfig-version.cmake
[0.444s] -- Up-to-date: /home/thisum/my_ws/install/moveit_planners_ompl/share/moveit_planners_ompl/package.xml
[0.444s] Invoked command in '/home/thisum/my_ws/build/moveit_planners_ompl' returned '0': AMENT_PREFIX_PATH=/home/thisum/my_ws/install/moveit_ros_planning:/home/thisum/my_ws/install/moveit_ros_occupancy_map_monitor:/home/thisum/my_ws/install/moveit_core:/home/thisum/my_ws/install/moveit_resources_panda_moveit_config:/home/thisum/my_ws/install/moveit_resources_fanuc_moveit_config:/home/thisum/my_ws/install/srdfdom:/home/thisum/my_ws/install/moveit_resources_pr2_description:/home/thisum/my_ws/install/moveit_resources_panda_description:/home/thisum/my_ws/install/moveit_resources_fanuc_description:/home/thisum/my_ws/install/moveit_common:${AMENT_PREFIX_PATH} CMAKE_PREFIX_PATH=/home/thisum/my_ws/install/moveit_ros_planning:/home/thisum/my_ws/install/moveit_ros_occupancy_map_monitor:/home/thisum/my_ws/install/moveit_core:/home/thisum/my_ws/install/moveit_resources_panda_moveit_config:/home/thisum/my_ws/install/moveit_resources_fanuc_moveit_config:/home/thisum/my_ws/install/srdfdom:/home/thisum/my_ws/install/moveit_resources_pr2_description:/home/thisum/my_ws/install/moveit_resources_panda_description:/home/thisum/my_ws/install/moveit_resources_fanuc_description:/home/thisum/my_ws/install/moveit_common:/opt/ros/humble LD_LIBRARY_PATH=/home/thisum/my_ws/install/moveit_ros_planning/lib:/home/thisum/my_ws/install/moveit_ros_occupancy_map_monitor/lib:/home/thisum/my_ws/install/moveit_core/lib:/home/thisum/my_ws/install/srdfdom/lib:${LD_LIBRARY_PATH} PATH=/home/thisum/my_ws/install/moveit_core/bin:${PATH} PYTHONPATH=/home/thisum/my_ws/install/srdfdom/local/lib/python3.10/dist-packages:${PYTHONPATH} /usr/bin/cmake --install /home/thisum/my_ws/build/moveit_planners_ompl
