[0.025s] Invoking command in '/home/thisum/my_ws/build/rviz_visual_tools': /usr/bin/cmake /home/thisum/my_ws/src/rviz_visual_tools -DCMAKE_BUILD_TYPE=Release -DCATKIN_INSTALL_INTO_PREFIX_ROOT=0 -DCMAKE_INSTALL_PREFIX=/home/thisum/my_ws/install/rviz_visual_tools
[0.071s] [31mCMake Error at CMakeLists.txt:6 (find_package):
[0.071s]   By not providing "Findcatkin.cmake" in CMAKE_MODULE_PATH this project has
[0.071s]   asked CMake to find a package configuration file provided by "catkin", but
[0.071s]   CMake did not find one.
[0.071s] 
[0.071s]   Could not find a package configuration file provided by "catkin" with any
[0.071s]   of the following names:
[0.071s] 
[0.071s]     catkinConfig.cmake
[0.072s]     catkin-config.cmake
[0.072s] 
[0.072s]   Add the installation prefix of "catkin" to CMAKE_PREFIX_PATH or set
[0.072s]   "catkin_DIR" to a directory containing one of the above files.  If "catkin"
[0.072s]   provides a separate development package or SDK, be sure it has been
[0.072s]   installed.
[0.072s] 
[0.072s] [0m
[0.072s] -- Configuring incomplete, errors occurred!
[0.072s] See also "/home/thisum/my_ws/build/rviz_visual_tools/CMakeFiles/CMakeOutput.log".
[0.074s] Invoked command in '/home/thisum/my_ws/build/rviz_visual_tools' returned '1': /usr/bin/cmake /home/thisum/my_ws/src/rviz_visual_tools -DCMAKE_BUILD_TYPE=Release -DCATKIN_INSTALL_INTO_PREFIX_ROOT=0 -DCMAKE_INSTALL_PREFIX=/home/thisum/my_ws/install/rviz_visual_tools
