[0.212s] Invoking command in '/home/thisum/my_ws/build/moveit_task_constructor_core': AMENT_PREFIX_PATH=/home/thisum/my_ws/install/moveit_configs_utils:/home/thisum/my_ws/install/launch_param_builder:/home/thisum/my_ws/install/pilz_industrial_motion_planner_testutils:/home/thisum/my_ws/install/narm_config:/home/thisum/my_ws/install/moveit_runtime:/home/thisum/my_ws/install/moveit2_tutorials:/home/thisum/my_ws/install/moveit:/home/thisum/my_ws/install/arm_config:/home/thisum/my_ws/install/moveit_planners:/home/thisum/my_ws/install/pilz_industrial_motion_planner:/home/thisum/my_ws/install/moveit_visual_tools:/home/thisum/my_ws/install/moveit_task_constructor_visualization:/home/thisum/my_ws/install/moveit_task_constructor_demo:/home/thisum/my_ws/install/moveit_task_constructor_capabilities:/home/thisum/my_ws/install/moveit_task_constructor_core:/home/thisum/my_ws/install/moveit_ros_control_interface:/home/thisum/my_ws/install/moveit_plugins:/home/thisum/my_ws/install/moveit_simple_controller_manager:/home/thisum/my_ws/install/moveit_setup_assistant:/home/thisum/my_ws/install/moveit_setup_srdf_plugins:/home/thisum/my_ws/install/moveit_setup_core_plugins:/home/thisum/my_ws/install/moveit_setup_controllers:/home/thisum/my_ws/install/moveit_setup_app_plugins:/home/thisum/my_ws/install/moveit_setup_framework:/home/thisum/my_ws/install/moveit_servo:/home/thisum/my_ws/install/moveit_ros:/home/thisum/my_ws/install/moveit_ros_visualization:/home/thisum/my_ws/install/moveit_hybrid_planning:/home/thisum/my_ws/install/moveit_ros_planning_interface:/home/thisum/my_ws/install/moveit_ros_benchmarks:/home/thisum/my_ws/install/moveit_ros_warehouse:/home/thisum/my_ws/install/moveit_ros_robot_interaction:/home/thisum/my_ws/install/moveit_ros_perception:/home/thisum/my_ws/install/moveit_resources_prbt_pg70_support:/home/thisum/my_ws/install/moveit_resources_prbt_moveit_config:/home/thisum/my_ws/install/moveit_ros_move_group:/home/thisum/my_ws/install/moveit_planners_ompl:/home/thisum/my_ws/install/moveit_ros_planning:/home/thisum/my_ws/install/moveit_ros_occupancy_map_monitor:/home/thisum/my_ws/install/moveit_resources_prbt_ikfast_manipulator_plugin:/home/thisum/my_ws/install/moveit_planners_chomp:/home/thisum/my_ws/install/moveit_kinematics:/home/thisum/my_ws/install/moveit_chomp_optimizer_adapter:/home/thisum/my_ws/install/chomp_motion_planner:/home/thisum/my_ws/install/moveit_core:/home/thisum/my_ws/install/srdfdom:/home/thisum/my_ws/install/rviz_marker_tools:/home/thisum/my_ws/install/rosparam_shortcuts:/home/thisum/my_ws/install/new_full_arm:/home/thisum/my_ws/install/moveit_task_constructor_msgs:/home/thisum/my_ws/install/moveit_resources_prbt_support:/home/thisum/my_ws/install/moveit_resources:/home/thisum/my_ws/install/moveit_resources_pr2_description:/home/thisum/my_ws/install/moveit_resources_panda_moveit_config:/home/thisum/my_ws/install/moveit_resources_panda_description:/home/thisum/my_ws/install/moveit_resources_fanuc_moveit_config:/home/thisum/my_ws/install/moveit_resources_fanuc_description:/home/thisum/my_ws/install/moveit_common:/opt/ros/humble CMAKE_PREFIX_PATH=/home/thisum/my_ws/install/moveit_planners:/home/thisum/my_ws/install/pilz_industrial_motion_planner:/home/thisum/my_ws/install/moveit_resources_prbt_pg70_support:/home/thisum/my_ws/install/moveit_ros_planning_interface:/home/thisum/my_ws/install/moveit_resources_prbt_moveit_config:/home/thisum/my_ws/install/moveit_ros_move_group:/home/thisum/my_ws/install/moveit_ros_warehouse:/home/thisum/my_ws/install/moveit_planners_ompl:/home/thisum/my_ws/install/moveit_kinematics:/home/thisum/my_ws/install/moveit_ros_planning:/home/thisum/my_ws/install/pilz_industrial_motion_planner_testutils:/home/thisum/my_ws/install/moveit_simple_controller_manager:/home/thisum/my_ws/install/moveit_ros_occupancy_map_monitor:/home/thisum/my_ws/install/moveit_resources_prbt_ikfast_manipulator_plugin:/home/thisum/my_ws/install/moveit_core:/home/thisum/my_ws/install/rviz_marker_tools:/home/thisum/my_ws/install/moveit_resources_panda_moveit_config:/home/thisum/my_ws/install/moveit_resources_fanuc_moveit_config:/home/thisum/my_ws/install/srdfdom:/home/thisum/my_ws/install/moveit_task_constructor_msgs:/home/thisum/my_ws/install/moveit_resources_prbt_support:/home/thisum/my_ws/install/moveit_resources_pr2_description:/home/thisum/my_ws/install/moveit_resources_panda_description:/home/thisum/my_ws/install/moveit_resources_fanuc_description:/home/thisum/my_ws/install/moveit_common:/home/thisum/my_ws/install/narm_config:/home/thisum/my_ws/install/moveit_runtime:/home/thisum/my_ws/install/moveit2_tutorials:/home/thisum/my_ws/install/moveit:/home/thisum/my_ws/install/arm_config:/home/thisum/my_ws/install/moveit_visual_tools:/home/thisum/my_ws/install/moveit_task_constructor_visualization:/home/thisum/my_ws/install/moveit_task_constructor_demo:/home/thisum/my_ws/install/moveit_task_constructor_capabilities:/home/thisum/my_ws/install/moveit_task_constructor_core:/home/thisum/my_ws/install/moveit_ros_control_interface:/home/thisum/my_ws/install/moveit_plugins:/home/thisum/my_ws/install/moveit_setup_assistant:/home/thisum/my_ws/install/moveit_setup_srdf_plugins:/home/thisum/my_ws/install/moveit_setup_core_plugins:/home/thisum/my_ws/install/moveit_setup_controllers:/home/thisum/my_ws/install/moveit_setup_app_plugins:/home/thisum/my_ws/install/moveit_setup_framework:/home/thisum/my_ws/install/moveit_servo:/home/thisum/my_ws/install/moveit_ros:/home/thisum/my_ws/install/moveit_ros_visualization:/home/thisum/my_ws/install/moveit_hybrid_planning:/home/thisum/my_ws/install/moveit_ros_benchmarks:/home/thisum/my_ws/install/moveit_ros_robot_interaction:/home/thisum/my_ws/install/moveit_ros_perception:/home/thisum/my_ws/install/moveit_planners_chomp:/home/thisum/my_ws/install/moveit_chomp_optimizer_adapter:/home/thisum/my_ws/install/chomp_motion_planner:/home/thisum/my_ws/install/rosparam_shortcuts:/home/thisum/my_ws/install/new_full_arm:/home/thisum/my_ws/install/moveit_resources:/home/thisum/my_ws/install/moveit_configs_utils:/home/thisum/my_ws/install/launch_param_builder:/opt/ros/humble LD_LIBRARY_PATH=/home/thisum/my_ws/install/pilz_industrial_motion_planner/lib:/home/thisum/my_ws/install/moveit_ros_planning_interface/lib:/home/thisum/my_ws/install/moveit_ros_move_group/lib:/home/thisum/my_ws/install/moveit_ros_warehouse/lib:/home/thisum/my_ws/install/moveit_planners_ompl/lib:/home/thisum/my_ws/install/moveit_kinematics/lib:/home/thisum/my_ws/install/moveit_ros_planning/lib:/home/thisum/my_ws/install/pilz_industrial_motion_planner_testutils/lib:/home/thisum/my_ws/install/moveit_simple_controller_manager/lib:/home/thisum/my_ws/install/moveit_ros_occupancy_map_monitor/lib:/home/thisum/my_ws/install/moveit_resources_prbt_ikfast_manipulator_plugin/lib:/home/thisum/my_ws/install/moveit_core/lib:/home/thisum/my_ws/install/rviz_marker_tools/lib:/home/thisum/my_ws/install/srdfdom/lib:/home/thisum/my_ws/install/moveit_task_constructor_msgs/lib:/home/thisum/my_ws/install/moveit_visual_tools/lib:/home/thisum/my_ws/install/moveit_task_constructor_visualization/lib:/home/thisum/my_ws/install/moveit_task_constructor_demo/lib:/home/thisum/my_ws/install/moveit_task_constructor_capabilities/lib:/home/thisum/my_ws/install/moveit_task_constructor_core/lib:/home/thisum/my_ws/install/moveit_ros_control_interface/lib:/home/thisum/my_ws/install/moveit_setup_assistant/lib:/home/thisum/my_ws/install/moveit_setup_srdf_plugins/lib:/home/thisum/my_ws/install/moveit_setup_core_plugins/lib:/home/thisum/my_ws/install/moveit_setup_controllers/lib:/home/thisum/my_ws/install/moveit_setup_app_plugins/lib:/home/thisum/my_ws/install/moveit_setup_framework/lib:/home/thisum/my_ws/install/moveit_servo/lib:/home/thisum/my_ws/install/moveit_ros_visualization/lib:/home/thisum/my_ws/install/moveit_hybrid_planning/lib:/home/thisum/my_ws/install/moveit_ros_benchmarks/lib:/home/thisum/my_ws/install/moveit_ros_robot_interaction/lib:/home/thisum/my_ws/install/moveit_ros_perception/lib:/home/thisum/my_ws/install/moveit_planners_chomp/lib:/home/thisum/my_ws/install/moveit_chomp_optimizer_adapter/lib:/home/thisum/my_ws/install/chomp_motion_planner/lib:/home/thisum/my_ws/install/rosparam_shortcuts/lib:/usr/lib/x86_64-linux-gnu/gazebo-11/plugins:/opt/ros/humble/opt/rviz_ogre_vendor/lib:/opt/ros/humble/lib/x86_64-linux-gnu:/opt/ros/humble/lib PYTHONPATH=/home/thisum/my_ws/install/moveit_configs_utils/lib/python3.10/site-packages:/home/thisum/my_ws/install/launch_param_builder/lib/python3.10/site-packages:/home/thisum/my_ws/install/moveit_task_constructor_core/local/lib/python3.10/dist-packages:/home/thisum/my_ws/install/srdfdom/local/lib/python3.10/dist-packages:/home/thisum/my_ws/install/moveit_task_constructor_msgs/local/lib/python3.10/dist-packages:/opt/ros/humble/lib/python3.10/site-packages:/opt/ros/humble/local/lib/python3.10/dist-packages /usr/bin/cmake /home/thisum/my_ws/src/moveit_task_constructor/core -DCMAKE_INSTALL_PREFIX=/home/thisum/my_ws/install/moveit_task_constructor_core
[0.250s] -- Found ament_cmake: 1.3.9 (/opt/ros/humble/share/ament_cmake/cmake)
[0.319s] -- Found Python3: /usr/bin/python3 (found version "3.10.12") found components: Interpreter 
[0.410s] -- Found Boost: /usr/lib/x86_64-linux-gnu/cmake/Boost-1.74.0/BoostConfig.cmake (found version "1.74.0")  
[0.411s] -- Found geometry_msgs: 4.2.4 (/opt/ros/humble/share/geometry_msgs/cmake)
[0.446s] -- Found rosidl_generator_c: 3.1.5 (/opt/ros/humble/share/rosidl_generator_c/cmake)
[0.446s] -- Found rosidl_adapter: 3.1.5 (/opt/ros/humble/share/rosidl_adapter/cmake)
[0.453s] -- Found rosidl_generator_cpp: 3.1.5 (/opt/ros/humble/share/rosidl_generator_cpp/cmake)
[0.470s] -- Using all available rosidl_typesupport_c: rosidl_typesupport_fastrtps_c;rosidl_typesupport_introspection_c
[0.490s] -- Using all available rosidl_typesupport_cpp: rosidl_typesupport_fastrtps_cpp;rosidl_typesupport_introspection_cpp
[0.625s] -- Found moveit_common: 2.5.5 (/home/thisum/my_ws/install/moveit_common/share/moveit_common/cmake)
[0.718s] -- Could NOT find libbfd (missing: LIBBFD_LIBRARY LIBBFD_INCLUDE_DIR) 
[0.719s] -- BACKWARD_HAS_UNWIND=1
[0.719s] -- BACKWARD_HAS_BACKTRACE=0
[0.719s] -- BACKWARD_HAS_BACKTRACE_SYMBOL=0
[0.719s] -- BACKWARD_HAS_DW=1
[0.719s] -- BACKWARD_HAS_BFD=0
[0.719s] -- Found Backward: /opt/ros/humble/share/backward_ros/cmake  
[0.720s] -- Found moveit_core: 2.5.5 (/home/thisum/my_ws/install/moveit_core/share/moveit_core/cmake)
[0.736s] -- Found Boost: /usr/lib/x86_64-linux-gnu/cmake/Boost-1.74.0/BoostConfig.cmake (found version "1.74.0") found components: chrono date_time filesystem iostreams program_options regex serialization system thread 
[0.775s] -- Found parameter_traits: 0.3.8 (/opt/ros/humble/share/parameter_traits/cmake)
[0.837s] -- Found rmw_implementation_cmake: 6.1.2 (/opt/ros/humble/share/rmw_implementation_cmake/cmake)
[0.838s] -- Found rmw_fastrtps_cpp: 6.2.6 (/opt/ros/humble/share/rmw_fastrtps_cpp/cmake)
[1.024s] -- Using RMW implementation 'rmw_fastrtps_cpp' as default
[1.168s] -- Found rclcpp_lifecycle: 16.0.9 (/opt/ros/humble/share/rclcpp_lifecycle/cmake)
[1.209s] -- Found Boost: /usr/lib/x86_64-linux-gnu/cmake/Boost-1.74.0/BoostConfig.cmake (found version "1.74.0") found components: filesystem 
[1.288s] -- library: /usr/lib/x86_64-linux-gnu/libcurl.so
[1.636s] -- Ensuring Eigen3 include directory is part of orocos-kdl CMake target
[2.798s] -- Found moveit_ros_planning: 2.5.5 (/home/thisum/my_ws/install/moveit_ros_planning/share/moveit_ros_planning/cmake)
[2.804s] -- Found Boost: /usr/lib/x86_64-linux-gnu/cmake/Boost-1.74.0/BoostConfig.cmake (found version "1.74.0") found components: system filesystem date_time program_options thread chrono 
[3.259s] -- Found moveit_ros_planning_interface: 2.5.5 (/home/thisum/my_ws/install/moveit_ros_planning_interface/share/moveit_ros_planning_interface/cmake)
[3.260s] -- Found Boost: /usr/lib/x86_64-linux-gnu/cmake/Boost-1.74.0/BoostConfig.cmake (found version "1.74.0") found components: date_time filesystem program_options system thread 
[3.455s] -- Found Boost: /usr/lib/x86_64-linux-gnu/cmake/Boost-1.74.0/BoostConfig.cmake (found version "1.74.0") found components: thread system filesystem regex date_time program_options 
[3.717s] -- Found Boost: /usr/lib/x86_64-linux-gnu/cmake/Boost-1.74.0/BoostConfig.cmake (found version "1.74.0") found components: system filesystem date_time program_options thread 
[4.176s] -- Found moveit_task_constructor_msgs: 0.1.3 (/home/thisum/my_ws/install/moveit_task_constructor_msgs/share/moveit_task_constructor_msgs/cmake)
[4.501s] -- Found py_binding_tools: 2.0.0 (/opt/ros/humble/share/py_binding_tools/cmake)
[4.514s] -- Found rviz_marker_tools: 0.1.3 (/home/thisum/my_ws/install/rviz_marker_tools/share/rviz_marker_tools/cmake)
[4.687s] -- Found Python3: /usr/bin/python3 (found version "3.10.12") found components: Interpreter Development Development.Module Development.Embed 
[4.699s] -- pybind11 v2.13.0 dev1
[4.772s] -- Found ament_cmake_pytest: 1.3.9 (/opt/ros/humble/share/ament_cmake_pytest/cmake)
[4.774s] -- Found launch_testing_ament_cmake: 1.0.6 (/opt/ros/humble/share/launch_testing_ament_cmake/cmake)
[4.774s] -- Found python_cmake_module: 0.10.0 (/opt/ros/humble/share/python_cmake_module/cmake)
[4.803s] -- Using PYTHON_EXECUTABLE: /usr/bin/python3
[4.803s] -- Using PYTHON_INCLUDE_DIRS: /usr/include/python3.10
[4.803s] -- Using PYTHON_LIBRARIES: /usr/lib/x86_64-linux-gnu/libpython3.10.so
[5.163s] -- Found ament_cmake_gtest: 1.3.9 (/opt/ros/humble/share/ament_cmake_gtest/cmake)
[5.163s] -- Found ament_cmake_gmock: 1.3.9 (/opt/ros/humble/share/ament_cmake_gmock/cmake)
[5.163s] -- Found launch_testing_ament_cmake: 1.0.6 (/opt/ros/humble/share/launch_testing_ament_cmake/cmake)
[5.163s] -- Found python_cmake_module: 0.10.0 (/opt/ros/humble/share/python_cmake_module/cmake)
[5.192s] -- Using PYTHON_EXECUTABLE: /usr/bin/python3
[5.192s] -- Using PYTHON_INCLUDE_DIRS: /usr/include/python3.10
[5.192s] -- Using PYTHON_LIBRARIES: /usr/lib/x86_64-linux-gnu/libpython3.10.so
[5.192s] -- Found gmock sources under '/opt/ros/humble/src/gmock_vendor': C++ tests using 'Google Mock' will be built
[5.198s] -- Found gtest sources under '/opt/ros/humble/src/gtest_vendor': C++ tests using 'Google Test' will be built
[5.240s] -- Configuring done
[6.282s] -- Generating done
[6.317s] -- Build files have been written to: /home/thisum/my_ws/build/moveit_task_constructor_core
[6.363s] Invoked command in '/home/thisum/my_ws/build/moveit_task_constructor_core' returned '0': AMENT_PREFIX_PATH=/home/thisum/my_ws/install/moveit_configs_utils:/home/thisum/my_ws/install/launch_param_builder:/home/thisum/my_ws/install/pilz_industrial_motion_planner_testutils:/home/thisum/my_ws/install/narm_config:/home/thisum/my_ws/install/moveit_runtime:/home/thisum/my_ws/install/moveit2_tutorials:/home/thisum/my_ws/install/moveit:/home/thisum/my_ws/install/arm_config:/home/thisum/my_ws/install/moveit_planners:/home/thisum/my_ws/install/pilz_industrial_motion_planner:/home/thisum/my_ws/install/moveit_visual_tools:/home/thisum/my_ws/install/moveit_task_constructor_visualization:/home/thisum/my_ws/install/moveit_task_constructor_demo:/home/thisum/my_ws/install/moveit_task_constructor_capabilities:/home/thisum/my_ws/install/moveit_task_constructor_core:/home/thisum/my_ws/install/moveit_ros_control_interface:/home/thisum/my_ws/install/moveit_plugins:/home/thisum/my_ws/install/moveit_simple_controller_manager:/home/thisum/my_ws/install/moveit_setup_assistant:/home/thisum/my_ws/install/moveit_setup_srdf_plugins:/home/thisum/my_ws/install/moveit_setup_core_plugins:/home/thisum/my_ws/install/moveit_setup_controllers:/home/thisum/my_ws/install/moveit_setup_app_plugins:/home/thisum/my_ws/install/moveit_setup_framework:/home/thisum/my_ws/install/moveit_servo:/home/thisum/my_ws/install/moveit_ros:/home/thisum/my_ws/install/moveit_ros_visualization:/home/thisum/my_ws/install/moveit_hybrid_planning:/home/thisum/my_ws/install/moveit_ros_planning_interface:/home/thisum/my_ws/install/moveit_ros_benchmarks:/home/thisum/my_ws/install/moveit_ros_warehouse:/home/thisum/my_ws/install/moveit_ros_robot_interaction:/home/thisum/my_ws/install/moveit_ros_perception:/home/thisum/my_ws/install/moveit_resources_prbt_pg70_support:/home/thisum/my_ws/install/moveit_resources_prbt_moveit_config:/home/thisum/my_ws/install/moveit_ros_move_group:/home/thisum/my_ws/install/moveit_planners_ompl:/home/thisum/my_ws/install/moveit_ros_planning:/home/thisum/my_ws/install/moveit_ros_occupancy_map_monitor:/home/thisum/my_ws/install/moveit_resources_prbt_ikfast_manipulator_plugin:/home/thisum/my_ws/install/moveit_planners_chomp:/home/thisum/my_ws/install/moveit_kinematics:/home/thisum/my_ws/install/moveit_chomp_optimizer_adapter:/home/thisum/my_ws/install/chomp_motion_planner:/home/thisum/my_ws/install/moveit_core:/home/thisum/my_ws/install/srdfdom:/home/thisum/my_ws/install/rviz_marker_tools:/home/thisum/my_ws/install/rosparam_shortcuts:/home/thisum/my_ws/install/new_full_arm:/home/thisum/my_ws/install/moveit_task_constructor_msgs:/home/thisum/my_ws/install/moveit_resources_prbt_support:/home/thisum/my_ws/install/moveit_resources:/home/thisum/my_ws/install/moveit_resources_pr2_description:/home/thisum/my_ws/install/moveit_resources_panda_moveit_config:/home/thisum/my_ws/install/moveit_resources_panda_description:/home/thisum/my_ws/install/moveit_resources_fanuc_moveit_config:/home/thisum/my_ws/install/moveit_resources_fanuc_description:/home/thisum/my_ws/install/moveit_common:/opt/ros/humble CMAKE_PREFIX_PATH=/home/thisum/my_ws/install/moveit_planners:/home/thisum/my_ws/install/pilz_industrial_motion_planner:/home/thisum/my_ws/install/moveit_resources_prbt_pg70_support:/home/thisum/my_ws/install/moveit_ros_planning_interface:/home/thisum/my_ws/install/moveit_resources_prbt_moveit_config:/home/thisum/my_ws/install/moveit_ros_move_group:/home/thisum/my_ws/install/moveit_ros_warehouse:/home/thisum/my_ws/install/moveit_planners_ompl:/home/thisum/my_ws/install/moveit_kinematics:/home/thisum/my_ws/install/moveit_ros_planning:/home/thisum/my_ws/install/pilz_industrial_motion_planner_testutils:/home/thisum/my_ws/install/moveit_simple_controller_manager:/home/thisum/my_ws/install/moveit_ros_occupancy_map_monitor:/home/thisum/my_ws/install/moveit_resources_prbt_ikfast_manipulator_plugin:/home/thisum/my_ws/install/moveit_core:/home/thisum/my_ws/install/rviz_marker_tools:/home/thisum/my_ws/install/moveit_resources_panda_moveit_config:/home/thisum/my_ws/install/moveit_resources_fanuc_moveit_config:/home/thisum/my_ws/install/srdfdom:/home/thisum/my_ws/install/moveit_task_constructor_msgs:/home/thisum/my_ws/install/moveit_resources_prbt_support:/home/thisum/my_ws/install/moveit_resources_pr2_description:/home/thisum/my_ws/install/moveit_resources_panda_description:/home/thisum/my_ws/install/moveit_resources_fanuc_description:/home/thisum/my_ws/install/moveit_common:/home/thisum/my_ws/install/narm_config:/home/thisum/my_ws/install/moveit_runtime:/home/thisum/my_ws/install/moveit2_tutorials:/home/thisum/my_ws/install/moveit:/home/thisum/my_ws/install/arm_config:/home/thisum/my_ws/install/moveit_visual_tools:/home/thisum/my_ws/install/moveit_task_constructor_visualization:/home/thisum/my_ws/install/moveit_task_constructor_demo:/home/thisum/my_ws/install/moveit_task_constructor_capabilities:/home/thisum/my_ws/install/moveit_task_constructor_core:/home/thisum/my_ws/install/moveit_ros_control_interface:/home/thisum/my_ws/install/moveit_plugins:/home/thisum/my_ws/install/moveit_setup_assistant:/home/thisum/my_ws/install/moveit_setup_srdf_plugins:/home/thisum/my_ws/install/moveit_setup_core_plugins:/home/thisum/my_ws/install/moveit_setup_controllers:/home/thisum/my_ws/install/moveit_setup_app_plugins:/home/thisum/my_ws/install/moveit_setup_framework:/home/thisum/my_ws/install/moveit_servo:/home/thisum/my_ws/install/moveit_ros:/home/thisum/my_ws/install/moveit_ros_visualization:/home/thisum/my_ws/install/moveit_hybrid_planning:/home/thisum/my_ws/install/moveit_ros_benchmarks:/home/thisum/my_ws/install/moveit_ros_robot_interaction:/home/thisum/my_ws/install/moveit_ros_perception:/home/thisum/my_ws/install/moveit_planners_chomp:/home/thisum/my_ws/install/moveit_chomp_optimizer_adapter:/home/thisum/my_ws/install/chomp_motion_planner:/home/thisum/my_ws/install/rosparam_shortcuts:/home/thisum/my_ws/install/new_full_arm:/home/thisum/my_ws/install/moveit_resources:/home/thisum/my_ws/install/moveit_configs_utils:/home/thisum/my_ws/install/launch_param_builder:/opt/ros/humble LD_LIBRARY_PATH=/home/thisum/my_ws/install/pilz_industrial_motion_planner/lib:/home/thisum/my_ws/install/moveit_ros_planning_interface/lib:/home/thisum/my_ws/install/moveit_ros_move_group/lib:/home/thisum/my_ws/install/moveit_ros_warehouse/lib:/home/thisum/my_ws/install/moveit_planners_ompl/lib:/home/thisum/my_ws/install/moveit_kinematics/lib:/home/thisum/my_ws/install/moveit_ros_planning/lib:/home/thisum/my_ws/install/pilz_industrial_motion_planner_testutils/lib:/home/thisum/my_ws/install/moveit_simple_controller_manager/lib:/home/thisum/my_ws/install/moveit_ros_occupancy_map_monitor/lib:/home/thisum/my_ws/install/moveit_resources_prbt_ikfast_manipulator_plugin/lib:/home/thisum/my_ws/install/moveit_core/lib:/home/thisum/my_ws/install/rviz_marker_tools/lib:/home/thisum/my_ws/install/srdfdom/lib:/home/thisum/my_ws/install/moveit_task_constructor_msgs/lib:/home/thisum/my_ws/install/moveit_visual_tools/lib:/home/thisum/my_ws/install/moveit_task_constructor_visualization/lib:/home/thisum/my_ws/install/moveit_task_constructor_demo/lib:/home/thisum/my_ws/install/moveit_task_constructor_capabilities/lib:/home/thisum/my_ws/install/moveit_task_constructor_core/lib:/home/thisum/my_ws/install/moveit_ros_control_interface/lib:/home/thisum/my_ws/install/moveit_setup_assistant/lib:/home/thisum/my_ws/install/moveit_setup_srdf_plugins/lib:/home/thisum/my_ws/install/moveit_setup_core_plugins/lib:/home/thisum/my_ws/install/moveit_setup_controllers/lib:/home/thisum/my_ws/install/moveit_setup_app_plugins/lib:/home/thisum/my_ws/install/moveit_setup_framework/lib:/home/thisum/my_ws/install/moveit_servo/lib:/home/thisum/my_ws/install/moveit_ros_visualization/lib:/home/thisum/my_ws/install/moveit_hybrid_planning/lib:/home/thisum/my_ws/install/moveit_ros_benchmarks/lib:/home/thisum/my_ws/install/moveit_ros_robot_interaction/lib:/home/thisum/my_ws/install/moveit_ros_perception/lib:/home/thisum/my_ws/install/moveit_planners_chomp/lib:/home/thisum/my_ws/install/moveit_chomp_optimizer_adapter/lib:/home/thisum/my_ws/install/chomp_motion_planner/lib:/home/thisum/my_ws/install/rosparam_shortcuts/lib:/usr/lib/x86_64-linux-gnu/gazebo-11/plugins:/opt/ros/humble/opt/rviz_ogre_vendor/lib:/opt/ros/humble/lib/x86_64-linux-gnu:/opt/ros/humble/lib PYTHONPATH=/home/thisum/my_ws/install/moveit_configs_utils/lib/python3.10/site-packages:/home/thisum/my_ws/install/launch_param_builder/lib/python3.10/site-packages:/home/thisum/my_ws/install/moveit_task_constructor_core/local/lib/python3.10/dist-packages:/home/thisum/my_ws/install/srdfdom/local/lib/python3.10/dist-packages:/home/thisum/my_ws/install/moveit_task_constructor_msgs/local/lib/python3.10/dist-packages:/opt/ros/humble/lib/python3.10/site-packages:/opt/ros/humble/local/lib/python3.10/dist-packages /usr/bin/cmake /home/thisum/my_ws/src/moveit_task_constructor/core -DCMAKE_INSTALL_PREFIX=/home/thisum/my_ws/install/moveit_task_constructor_core
[6.364s] Invoking command in '/home/thisum/my_ws/build/moveit_task_constructor_core': AMENT_PREFIX_PATH=/home/thisum/my_ws/install/moveit_configs_utils:/home/thisum/my_ws/install/launch_param_builder:/home/thisum/my_ws/install/pilz_industrial_motion_planner_testutils:/home/thisum/my_ws/install/narm_config:/home/thisum/my_ws/install/moveit_runtime:/home/thisum/my_ws/install/moveit2_tutorials:/home/thisum/my_ws/install/moveit:/home/thisum/my_ws/install/arm_config:/home/thisum/my_ws/install/moveit_planners:/home/thisum/my_ws/install/pilz_industrial_motion_planner:/home/thisum/my_ws/install/moveit_visual_tools:/home/thisum/my_ws/install/moveit_task_constructor_visualization:/home/thisum/my_ws/install/moveit_task_constructor_demo:/home/thisum/my_ws/install/moveit_task_constructor_capabilities:/home/thisum/my_ws/install/moveit_task_constructor_core:/home/thisum/my_ws/install/moveit_ros_control_interface:/home/thisum/my_ws/install/moveit_plugins:/home/thisum/my_ws/install/moveit_simple_controller_manager:/home/thisum/my_ws/install/moveit_setup_assistant:/home/thisum/my_ws/install/moveit_setup_srdf_plugins:/home/thisum/my_ws/install/moveit_setup_core_plugins:/home/thisum/my_ws/install/moveit_setup_controllers:/home/thisum/my_ws/install/moveit_setup_app_plugins:/home/thisum/my_ws/install/moveit_setup_framework:/home/thisum/my_ws/install/moveit_servo:/home/thisum/my_ws/install/moveit_ros:/home/thisum/my_ws/install/moveit_ros_visualization:/home/thisum/my_ws/install/moveit_hybrid_planning:/home/thisum/my_ws/install/moveit_ros_planning_interface:/home/thisum/my_ws/install/moveit_ros_benchmarks:/home/thisum/my_ws/install/moveit_ros_warehouse:/home/thisum/my_ws/install/moveit_ros_robot_interaction:/home/thisum/my_ws/install/moveit_ros_perception:/home/thisum/my_ws/install/moveit_resources_prbt_pg70_support:/home/thisum/my_ws/install/moveit_resources_prbt_moveit_config:/home/thisum/my_ws/install/moveit_ros_move_group:/home/thisum/my_ws/install/moveit_planners_ompl:/home/thisum/my_ws/install/moveit_ros_planning:/home/thisum/my_ws/install/moveit_ros_occupancy_map_monitor:/home/thisum/my_ws/install/moveit_resources_prbt_ikfast_manipulator_plugin:/home/thisum/my_ws/install/moveit_planners_chomp:/home/thisum/my_ws/install/moveit_kinematics:/home/thisum/my_ws/install/moveit_chomp_optimizer_adapter:/home/thisum/my_ws/install/chomp_motion_planner:/home/thisum/my_ws/install/moveit_core:/home/thisum/my_ws/install/srdfdom:/home/thisum/my_ws/install/rviz_marker_tools:/home/thisum/my_ws/install/rosparam_shortcuts:/home/thisum/my_ws/install/new_full_arm:/home/thisum/my_ws/install/moveit_task_constructor_msgs:/home/thisum/my_ws/install/moveit_resources_prbt_support:/home/thisum/my_ws/install/moveit_resources:/home/thisum/my_ws/install/moveit_resources_pr2_description:/home/thisum/my_ws/install/moveit_resources_panda_moveit_config:/home/thisum/my_ws/install/moveit_resources_panda_description:/home/thisum/my_ws/install/moveit_resources_fanuc_moveit_config:/home/thisum/my_ws/install/moveit_resources_fanuc_description:/home/thisum/my_ws/install/moveit_common:/opt/ros/humble CMAKE_PREFIX_PATH=/home/thisum/my_ws/install/moveit_planners:/home/thisum/my_ws/install/pilz_industrial_motion_planner:/home/thisum/my_ws/install/moveit_resources_prbt_pg70_support:/home/thisum/my_ws/install/moveit_ros_planning_interface:/home/thisum/my_ws/install/moveit_resources_prbt_moveit_config:/home/thisum/my_ws/install/moveit_ros_move_group:/home/thisum/my_ws/install/moveit_ros_warehouse:/home/thisum/my_ws/install/moveit_planners_ompl:/home/thisum/my_ws/install/moveit_kinematics:/home/thisum/my_ws/install/moveit_ros_planning:/home/thisum/my_ws/install/pilz_industrial_motion_planner_testutils:/home/thisum/my_ws/install/moveit_simple_controller_manager:/home/thisum/my_ws/install/moveit_ros_occupancy_map_monitor:/home/thisum/my_ws/install/moveit_resources_prbt_ikfast_manipulator_plugin:/home/thisum/my_ws/install/moveit_core:/home/thisum/my_ws/install/rviz_marker_tools:/home/thisum/my_ws/install/moveit_resources_panda_moveit_config:/home/thisum/my_ws/install/moveit_resources_fanuc_moveit_config:/home/thisum/my_ws/install/srdfdom:/home/thisum/my_ws/install/moveit_task_constructor_msgs:/home/thisum/my_ws/install/moveit_resources_prbt_support:/home/thisum/my_ws/install/moveit_resources_pr2_description:/home/thisum/my_ws/install/moveit_resources_panda_description:/home/thisum/my_ws/install/moveit_resources_fanuc_description:/home/thisum/my_ws/install/moveit_common:/home/thisum/my_ws/install/narm_config:/home/thisum/my_ws/install/moveit_runtime:/home/thisum/my_ws/install/moveit2_tutorials:/home/thisum/my_ws/install/moveit:/home/thisum/my_ws/install/arm_config:/home/thisum/my_ws/install/moveit_visual_tools:/home/thisum/my_ws/install/moveit_task_constructor_visualization:/home/thisum/my_ws/install/moveit_task_constructor_demo:/home/thisum/my_ws/install/moveit_task_constructor_capabilities:/home/thisum/my_ws/install/moveit_task_constructor_core:/home/thisum/my_ws/install/moveit_ros_control_interface:/home/thisum/my_ws/install/moveit_plugins:/home/thisum/my_ws/install/moveit_setup_assistant:/home/thisum/my_ws/install/moveit_setup_srdf_plugins:/home/thisum/my_ws/install/moveit_setup_core_plugins:/home/thisum/my_ws/install/moveit_setup_controllers:/home/thisum/my_ws/install/moveit_setup_app_plugins:/home/thisum/my_ws/install/moveit_setup_framework:/home/thisum/my_ws/install/moveit_servo:/home/thisum/my_ws/install/moveit_ros:/home/thisum/my_ws/install/moveit_ros_visualization:/home/thisum/my_ws/install/moveit_hybrid_planning:/home/thisum/my_ws/install/moveit_ros_benchmarks:/home/thisum/my_ws/install/moveit_ros_robot_interaction:/home/thisum/my_ws/install/moveit_ros_perception:/home/thisum/my_ws/install/moveit_planners_chomp:/home/thisum/my_ws/install/moveit_chomp_optimizer_adapter:/home/thisum/my_ws/install/chomp_motion_planner:/home/thisum/my_ws/install/rosparam_shortcuts:/home/thisum/my_ws/install/new_full_arm:/home/thisum/my_ws/install/moveit_resources:/home/thisum/my_ws/install/moveit_configs_utils:/home/thisum/my_ws/install/launch_param_builder:/opt/ros/humble LD_LIBRARY_PATH=/home/thisum/my_ws/install/pilz_industrial_motion_planner/lib:/home/thisum/my_ws/install/moveit_ros_planning_interface/lib:/home/thisum/my_ws/install/moveit_ros_move_group/lib:/home/thisum/my_ws/install/moveit_ros_warehouse/lib:/home/thisum/my_ws/install/moveit_planners_ompl/lib:/home/thisum/my_ws/install/moveit_kinematics/lib:/home/thisum/my_ws/install/moveit_ros_planning/lib:/home/thisum/my_ws/install/pilz_industrial_motion_planner_testutils/lib:/home/thisum/my_ws/install/moveit_simple_controller_manager/lib:/home/thisum/my_ws/install/moveit_ros_occupancy_map_monitor/lib:/home/thisum/my_ws/install/moveit_resources_prbt_ikfast_manipulator_plugin/lib:/home/thisum/my_ws/install/moveit_core/lib:/home/thisum/my_ws/install/rviz_marker_tools/lib:/home/thisum/my_ws/install/srdfdom/lib:/home/thisum/my_ws/install/moveit_task_constructor_msgs/lib:/home/thisum/my_ws/install/moveit_visual_tools/lib:/home/thisum/my_ws/install/moveit_task_constructor_visualization/lib:/home/thisum/my_ws/install/moveit_task_constructor_demo/lib:/home/thisum/my_ws/install/moveit_task_constructor_capabilities/lib:/home/thisum/my_ws/install/moveit_task_constructor_core/lib:/home/thisum/my_ws/install/moveit_ros_control_interface/lib:/home/thisum/my_ws/install/moveit_setup_assistant/lib:/home/thisum/my_ws/install/moveit_setup_srdf_plugins/lib:/home/thisum/my_ws/install/moveit_setup_core_plugins/lib:/home/thisum/my_ws/install/moveit_setup_controllers/lib:/home/thisum/my_ws/install/moveit_setup_app_plugins/lib:/home/thisum/my_ws/install/moveit_setup_framework/lib:/home/thisum/my_ws/install/moveit_servo/lib:/home/thisum/my_ws/install/moveit_ros_visualization/lib:/home/thisum/my_ws/install/moveit_hybrid_planning/lib:/home/thisum/my_ws/install/moveit_ros_benchmarks/lib:/home/thisum/my_ws/install/moveit_ros_robot_interaction/lib:/home/thisum/my_ws/install/moveit_ros_perception/lib:/home/thisum/my_ws/install/moveit_planners_chomp/lib:/home/thisum/my_ws/install/moveit_chomp_optimizer_adapter/lib:/home/thisum/my_ws/install/chomp_motion_planner/lib:/home/thisum/my_ws/install/rosparam_shortcuts/lib:/usr/lib/x86_64-linux-gnu/gazebo-11/plugins:/opt/ros/humble/opt/rviz_ogre_vendor/lib:/opt/ros/humble/lib/x86_64-linux-gnu:/opt/ros/humble/lib PYTHONPATH=/home/thisum/my_ws/install/moveit_configs_utils/lib/python3.10/site-packages:/home/thisum/my_ws/install/launch_param_builder/lib/python3.10/site-packages:/home/thisum/my_ws/install/moveit_task_constructor_core/local/lib/python3.10/dist-packages:/home/thisum/my_ws/install/srdfdom/local/lib/python3.10/dist-packages:/home/thisum/my_ws/install/moveit_task_constructor_msgs/local/lib/python3.10/dist-packages:/opt/ros/humble/lib/python3.10/site-packages:/opt/ros/humble/local/lib/python3.10/dist-packages /usr/bin/cmake --build /home/thisum/my_ws/build/moveit_task_constructor_core -- -j6 -l6
[6.522s] [35m[1mConsolidate compiler generated dependencies of target gmock_main[0m
[6.552s] [35m[1mConsolidate compiler generated dependencies of target gtest_main[0m
[6.564s] [35m[1mConsolidate compiler generated dependencies of target gmock[0m
[6.577s] [35m[1mConsolidate compiler generated dependencies of target gtest[0m
[6.585s] [  2%] Built target gmock_main
[6.615s] [  4%] Built target gtest_main
[6.633s] [35m[1mConsolidate compiler generated dependencies of target moveit_task_constructor_core[0m
[6.661s] [  8%] Built target gmock
[6.677s] [ 10%] Built target gtest
[6.697s] [ 10%] Built target ament_cmake_python_copy_moveit
[6.836s] [ 11%] [32m[1mLinking CXX shared library libmoveit_task_constructor_core.so[0m
[7.057s] running egg_info
[7.058s] writing moveit.egg-info/PKG-INFO
[7.058s] writing dependency_links to moveit.egg-info/dependency_links.txt
[7.059s] writing top-level names to moveit.egg-info/top_level.txt
[7.062s] reading manifest file 'moveit.egg-info/SOURCES.txt'
[7.064s] writing manifest file 'moveit.egg-info/SOURCES.txt'
[7.107s] [ 11%] Built target ament_cmake_python_build_moveit_egg
[7.412s] [ 29%] Built target moveit_task_constructor_core
[7.447s] [35m[1mConsolidate compiler generated dependencies of target gtest_utils[0m
[7.488s] [35m[1mConsolidate compiler generated dependencies of target moveit_task_constructor_core_stages[0m
[7.522s] [ 30%] [32m[1mLinking CXX shared library libgtest_utils.so[0m
[7.653s] [ 31%] [32m[1mLinking CXX shared library libmoveit_task_constructor_core_stages.so[0m
[7.952s] [ 35%] Built target gtest_utils
[8.353s] [ 55%] Built target moveit_task_constructor_core_stages
[8.443s] [35m[1mConsolidate compiler generated dependencies of target moveit_task_constructor_core-test-mockups[0m
[8.444s] [35m[1mConsolidate compiler generated dependencies of target moveit_task_constructor_core-test-container[0m
[8.465s] [35m[1mConsolidate compiler generated dependencies of target moveit_task_constructor_core_stage_plugins[0m
[8.503s] [35m[1mConsolidate compiler generated dependencies of target pymoveit_mtc[0m
[8.528s] [ 56%] [32m[1mLinking CXX shared library libmoveit_task_constructor_core_stage_plugins.so[0m
[8.562s] [35m[1mConsolidate compiler generated dependencies of target moveit_task_constructor_core-test-stage[0m
[8.603s] [35m[1mConsolidate compiler generated dependencies of target moveit_task_constructor_core-test-serial[0m
[8.644s] [ 57%] [32m[1mLinking CXX executable moveit_task_constructor_core-test-mockups[0m
[8.645s] [ 58%] [32m[1mLinking CXX executable moveit_task_constructor_core-test-container[0m
[8.672s] [ 60%] [32m[1mLinking CXX shared module pymoveit_mtc.cpython-310-x86_64-linux-gnu.so[0m
[8.732s] [ 61%] [32m[1mLinking CXX executable moveit_task_constructor_core-test-serial[0m
[8.751s] [ 62%] [32m[1mLinking CXX executable moveit_task_constructor_core-test-stage[0m
[9.073s] [ 63%] Built target moveit_task_constructor_core_stage_plugins
[9.743s] [35m[1mConsolidate compiler generated dependencies of target moveit_task_constructor_core-test-pruning[0m
[9.854s] [ 64%] Built target moveit_task_constructor_core-test-stage
[9.928s] [ 65%] [32m[1mLinking CXX executable moveit_task_constructor_core-test-pruning[0m
[9.956s] [35m[1mConsolidate compiler generated dependencies of target moveit_task_constructor_core-test-properties[0m
[9.969s] [ 67%] Built target moveit_task_constructor_core-test-container
[10.010s] [35m[1mConsolidate compiler generated dependencies of target moveit_task_constructor_core-test-cost-terms[0m
[10.026s] [ 68%] Built target moveit_task_constructor_core-test-serial
[10.077s] [ 69%] Built target moveit_task_constructor_core-test-mockups
[10.114s] [ 70%] [32m[1mLinking CXX executable moveit_task_constructor_core-test-properties[0m
[10.148s] [35m[1mConsolidate compiler generated dependencies of target moveit_task_constructor_core-test-fallback[0m
[10.192s] [ 71%] [32m[1mLinking CXX executable moveit_task_constructor_core-test-cost-terms[0m
[10.379s] [35m[1mConsolidate compiler generated dependencies of target moveit_task_constructor_core-test-cost-queue[0m
[10.509s] [ 72%] [32m[1mLinking CXX executable moveit_task_constructor_core-test-cost-queue[0m
[10.632s] [ 74%] Built target moveit_task_constructor_core-test-pruning
[10.654s] [ 75%] [32m[1mLinking CXX executable moveit_task_constructor_core-test-fallback[0m
[11.072s] [35m[1mConsolidate compiler generated dependencies of target moveit_task_constructor_core-test-interface-state[0m
[11.564s] [ 76%] Built target moveit_task_constructor_core-test-cost-terms
[11.596s] [ 77%] Built target moveit_task_constructor_core-test-fallback
[11.671s] [35m[1mConsolidate compiler generated dependencies of target moveit_task_constructor_core-test-move-relative[0m
[11.684s] [ 78%] [32m[1mLinking CXX executable moveit_task_constructor_core-test-interface-state[0m
[11.734s] [ 80%] Built target moveit_task_constructor_core-test-properties
[11.742s] [35m[1mConsolidate compiler generated dependencies of target moveit_task_constructor_core-test-move-to[0m
[11.757s] [ 81%] [32m[1mLinking CXX executable moveit_task_constructor_core-test-move-relative[0m
[11.796s] [ 82%] [32m[1mLinking CXX executable moveit_task_constructor_core-test-move-to[0m
[11.815s] [ 83%] Built target moveit_task_constructor_core-test-cost-queue
[11.911s] [35m[1mConsolidate compiler generated dependencies of target pick_pr2[0m
[12.109s] [35m[1mConsolidate compiler generated dependencies of target pick_ur5[0m
[12.198s] [ 84%] [32m[1mLinking CXX executable pick_pr2[0m
[12.495s] [ 85%] [32m[1mLinking CXX executable pick_ur5[0m
[12.545s] [ 87%] Built target moveit_task_constructor_core-test-interface-state
[12.754s] [35m[1mConsolidate compiler generated dependencies of target pick_pa10[0m
[12.803s] [ 88%] Built target moveit_task_constructor_core-test-move-relative
[13.008s] [ 89%] Built target moveit_task_constructor_core-test-move-to
[13.098s] [ 90%] [32m[1mLinking CXX executable pick_pa10[0m
[13.238s] [ 91%] Built target pick_pr2
[13.474s] [ 92%] Built target pick_ur5
[13.908s] [ 94%] Built target pick_pa10
[14.918s] lto-wrapper: warning: using serial compilation of 12 LTRANS jobs
[27.616s] [100%] Built target pymoveit_mtc
[27.653s] Invoked command in '/home/thisum/my_ws/build/moveit_task_constructor_core' returned '0': AMENT_PREFIX_PATH=/home/thisum/my_ws/install/moveit_configs_utils:/home/thisum/my_ws/install/launch_param_builder:/home/thisum/my_ws/install/pilz_industrial_motion_planner_testutils:/home/thisum/my_ws/install/narm_config:/home/thisum/my_ws/install/moveit_runtime:/home/thisum/my_ws/install/moveit2_tutorials:/home/thisum/my_ws/install/moveit:/home/thisum/my_ws/install/arm_config:/home/thisum/my_ws/install/moveit_planners:/home/thisum/my_ws/install/pilz_industrial_motion_planner:/home/thisum/my_ws/install/moveit_visual_tools:/home/thisum/my_ws/install/moveit_task_constructor_visualization:/home/thisum/my_ws/install/moveit_task_constructor_demo:/home/thisum/my_ws/install/moveit_task_constructor_capabilities:/home/thisum/my_ws/install/moveit_task_constructor_core:/home/thisum/my_ws/install/moveit_ros_control_interface:/home/thisum/my_ws/install/moveit_plugins:/home/thisum/my_ws/install/moveit_simple_controller_manager:/home/thisum/my_ws/install/moveit_setup_assistant:/home/thisum/my_ws/install/moveit_setup_srdf_plugins:/home/thisum/my_ws/install/moveit_setup_core_plugins:/home/thisum/my_ws/install/moveit_setup_controllers:/home/thisum/my_ws/install/moveit_setup_app_plugins:/home/thisum/my_ws/install/moveit_setup_framework:/home/thisum/my_ws/install/moveit_servo:/home/thisum/my_ws/install/moveit_ros:/home/thisum/my_ws/install/moveit_ros_visualization:/home/thisum/my_ws/install/moveit_hybrid_planning:/home/thisum/my_ws/install/moveit_ros_planning_interface:/home/thisum/my_ws/install/moveit_ros_benchmarks:/home/thisum/my_ws/install/moveit_ros_warehouse:/home/thisum/my_ws/install/moveit_ros_robot_interaction:/home/thisum/my_ws/install/moveit_ros_perception:/home/thisum/my_ws/install/moveit_resources_prbt_pg70_support:/home/thisum/my_ws/install/moveit_resources_prbt_moveit_config:/home/thisum/my_ws/install/moveit_ros_move_group:/home/thisum/my_ws/install/moveit_planners_ompl:/home/thisum/my_ws/install/moveit_ros_planning:/home/thisum/my_ws/install/moveit_ros_occupancy_map_monitor:/home/thisum/my_ws/install/moveit_resources_prbt_ikfast_manipulator_plugin:/home/thisum/my_ws/install/moveit_planners_chomp:/home/thisum/my_ws/install/moveit_kinematics:/home/thisum/my_ws/install/moveit_chomp_optimizer_adapter:/home/thisum/my_ws/install/chomp_motion_planner:/home/thisum/my_ws/install/moveit_core:/home/thisum/my_ws/install/srdfdom:/home/thisum/my_ws/install/rviz_marker_tools:/home/thisum/my_ws/install/rosparam_shortcuts:/home/thisum/my_ws/install/new_full_arm:/home/thisum/my_ws/install/moveit_task_constructor_msgs:/home/thisum/my_ws/install/moveit_resources_prbt_support:/home/thisum/my_ws/install/moveit_resources:/home/thisum/my_ws/install/moveit_resources_pr2_description:/home/thisum/my_ws/install/moveit_resources_panda_moveit_config:/home/thisum/my_ws/install/moveit_resources_panda_description:/home/thisum/my_ws/install/moveit_resources_fanuc_moveit_config:/home/thisum/my_ws/install/moveit_resources_fanuc_description:/home/thisum/my_ws/install/moveit_common:/opt/ros/humble CMAKE_PREFIX_PATH=/home/thisum/my_ws/install/moveit_planners:/home/thisum/my_ws/install/pilz_industrial_motion_planner:/home/thisum/my_ws/install/moveit_resources_prbt_pg70_support:/home/thisum/my_ws/install/moveit_ros_planning_interface:/home/thisum/my_ws/install/moveit_resources_prbt_moveit_config:/home/thisum/my_ws/install/moveit_ros_move_group:/home/thisum/my_ws/install/moveit_ros_warehouse:/home/thisum/my_ws/install/moveit_planners_ompl:/home/thisum/my_ws/install/moveit_kinematics:/home/thisum/my_ws/install/moveit_ros_planning:/home/thisum/my_ws/install/pilz_industrial_motion_planner_testutils:/home/thisum/my_ws/install/moveit_simple_controller_manager:/home/thisum/my_ws/install/moveit_ros_occupancy_map_monitor:/home/thisum/my_ws/install/moveit_resources_prbt_ikfast_manipulator_plugin:/home/thisum/my_ws/install/moveit_core:/home/thisum/my_ws/install/rviz_marker_tools:/home/thisum/my_ws/install/moveit_resources_panda_moveit_config:/home/thisum/my_ws/install/moveit_resources_fanuc_moveit_config:/home/thisum/my_ws/install/srdfdom:/home/thisum/my_ws/install/moveit_task_constructor_msgs:/home/thisum/my_ws/install/moveit_resources_prbt_support:/home/thisum/my_ws/install/moveit_resources_pr2_description:/home/thisum/my_ws/install/moveit_resources_panda_description:/home/thisum/my_ws/install/moveit_resources_fanuc_description:/home/thisum/my_ws/install/moveit_common:/home/thisum/my_ws/install/narm_config:/home/thisum/my_ws/install/moveit_runtime:/home/thisum/my_ws/install/moveit2_tutorials:/home/thisum/my_ws/install/moveit:/home/thisum/my_ws/install/arm_config:/home/thisum/my_ws/install/moveit_visual_tools:/home/thisum/my_ws/install/moveit_task_constructor_visualization:/home/thisum/my_ws/install/moveit_task_constructor_demo:/home/thisum/my_ws/install/moveit_task_constructor_capabilities:/home/thisum/my_ws/install/moveit_task_constructor_core:/home/thisum/my_ws/install/moveit_ros_control_interface:/home/thisum/my_ws/install/moveit_plugins:/home/thisum/my_ws/install/moveit_setup_assistant:/home/thisum/my_ws/install/moveit_setup_srdf_plugins:/home/thisum/my_ws/install/moveit_setup_core_plugins:/home/thisum/my_ws/install/moveit_setup_controllers:/home/thisum/my_ws/install/moveit_setup_app_plugins:/home/thisum/my_ws/install/moveit_setup_framework:/home/thisum/my_ws/install/moveit_servo:/home/thisum/my_ws/install/moveit_ros:/home/thisum/my_ws/install/moveit_ros_visualization:/home/thisum/my_ws/install/moveit_hybrid_planning:/home/thisum/my_ws/install/moveit_ros_benchmarks:/home/thisum/my_ws/install/moveit_ros_robot_interaction:/home/thisum/my_ws/install/moveit_ros_perception:/home/thisum/my_ws/install/moveit_planners_chomp:/home/thisum/my_ws/install/moveit_chomp_optimizer_adapter:/home/thisum/my_ws/install/chomp_motion_planner:/home/thisum/my_ws/install/rosparam_shortcuts:/home/thisum/my_ws/install/new_full_arm:/home/thisum/my_ws/install/moveit_resources:/home/thisum/my_ws/install/moveit_configs_utils:/home/thisum/my_ws/install/launch_param_builder:/opt/ros/humble LD_LIBRARY_PATH=/home/thisum/my_ws/install/pilz_industrial_motion_planner/lib:/home/thisum/my_ws/install/moveit_ros_planning_interface/lib:/home/thisum/my_ws/install/moveit_ros_move_group/lib:/home/thisum/my_ws/install/moveit_ros_warehouse/lib:/home/thisum/my_ws/install/moveit_planners_ompl/lib:/home/thisum/my_ws/install/moveit_kinematics/lib:/home/thisum/my_ws/install/moveit_ros_planning/lib:/home/thisum/my_ws/install/pilz_industrial_motion_planner_testutils/lib:/home/thisum/my_ws/install/moveit_simple_controller_manager/lib:/home/thisum/my_ws/install/moveit_ros_occupancy_map_monitor/lib:/home/thisum/my_ws/install/moveit_resources_prbt_ikfast_manipulator_plugin/lib:/home/thisum/my_ws/install/moveit_core/lib:/home/thisum/my_ws/install/rviz_marker_tools/lib:/home/thisum/my_ws/install/srdfdom/lib:/home/thisum/my_ws/install/moveit_task_constructor_msgs/lib:/home/thisum/my_ws/install/moveit_visual_tools/lib:/home/thisum/my_ws/install/moveit_task_constructor_visualization/lib:/home/thisum/my_ws/install/moveit_task_constructor_demo/lib:/home/thisum/my_ws/install/moveit_task_constructor_capabilities/lib:/home/thisum/my_ws/install/moveit_task_constructor_core/lib:/home/thisum/my_ws/install/moveit_ros_control_interface/lib:/home/thisum/my_ws/install/moveit_setup_assistant/lib:/home/thisum/my_ws/install/moveit_setup_srdf_plugins/lib:/home/thisum/my_ws/install/moveit_setup_core_plugins/lib:/home/thisum/my_ws/install/moveit_setup_controllers/lib:/home/thisum/my_ws/install/moveit_setup_app_plugins/lib:/home/thisum/my_ws/install/moveit_setup_framework/lib:/home/thisum/my_ws/install/moveit_servo/lib:/home/thisum/my_ws/install/moveit_ros_visualization/lib:/home/thisum/my_ws/install/moveit_hybrid_planning/lib:/home/thisum/my_ws/install/moveit_ros_benchmarks/lib:/home/thisum/my_ws/install/moveit_ros_robot_interaction/lib:/home/thisum/my_ws/install/moveit_ros_perception/lib:/home/thisum/my_ws/install/moveit_planners_chomp/lib:/home/thisum/my_ws/install/moveit_chomp_optimizer_adapter/lib:/home/thisum/my_ws/install/chomp_motion_planner/lib:/home/thisum/my_ws/install/rosparam_shortcuts/lib:/usr/lib/x86_64-linux-gnu/gazebo-11/plugins:/opt/ros/humble/opt/rviz_ogre_vendor/lib:/opt/ros/humble/lib/x86_64-linux-gnu:/opt/ros/humble/lib PYTHONPATH=/home/thisum/my_ws/install/moveit_configs_utils/lib/python3.10/site-packages:/home/thisum/my_ws/install/launch_param_builder/lib/python3.10/site-packages:/home/thisum/my_ws/install/moveit_task_constructor_core/local/lib/python3.10/dist-packages:/home/thisum/my_ws/install/srdfdom/local/lib/python3.10/dist-packages:/home/thisum/my_ws/install/moveit_task_constructor_msgs/local/lib/python3.10/dist-packages:/opt/ros/humble/lib/python3.10/site-packages:/opt/ros/humble/local/lib/python3.10/dist-packages /usr/bin/cmake --build /home/thisum/my_ws/build/moveit_task_constructor_core -- -j6 -l6
[27.830s] Invoking command in '/home/thisum/my_ws/build/moveit_task_constructor_core': AMENT_PREFIX_PATH=/home/thisum/my_ws/install/moveit_configs_utils:/home/thisum/my_ws/install/launch_param_builder:/home/thisum/my_ws/install/pilz_industrial_motion_planner_testutils:/home/thisum/my_ws/install/narm_config:/home/thisum/my_ws/install/moveit_runtime:/home/thisum/my_ws/install/moveit2_tutorials:/home/thisum/my_ws/install/moveit:/home/thisum/my_ws/install/arm_config:/home/thisum/my_ws/install/moveit_planners:/home/thisum/my_ws/install/pilz_industrial_motion_planner:/home/thisum/my_ws/install/moveit_visual_tools:/home/thisum/my_ws/install/moveit_task_constructor_visualization:/home/thisum/my_ws/install/moveit_task_constructor_demo:/home/thisum/my_ws/install/moveit_task_constructor_capabilities:/home/thisum/my_ws/install/moveit_task_constructor_core:/home/thisum/my_ws/install/moveit_ros_control_interface:/home/thisum/my_ws/install/moveit_plugins:/home/thisum/my_ws/install/moveit_simple_controller_manager:/home/thisum/my_ws/install/moveit_setup_assistant:/home/thisum/my_ws/install/moveit_setup_srdf_plugins:/home/thisum/my_ws/install/moveit_setup_core_plugins:/home/thisum/my_ws/install/moveit_setup_controllers:/home/thisum/my_ws/install/moveit_setup_app_plugins:/home/thisum/my_ws/install/moveit_setup_framework:/home/thisum/my_ws/install/moveit_servo:/home/thisum/my_ws/install/moveit_ros:/home/thisum/my_ws/install/moveit_ros_visualization:/home/thisum/my_ws/install/moveit_hybrid_planning:/home/thisum/my_ws/install/moveit_ros_planning_interface:/home/thisum/my_ws/install/moveit_ros_benchmarks:/home/thisum/my_ws/install/moveit_ros_warehouse:/home/thisum/my_ws/install/moveit_ros_robot_interaction:/home/thisum/my_ws/install/moveit_ros_perception:/home/thisum/my_ws/install/moveit_resources_prbt_pg70_support:/home/thisum/my_ws/install/moveit_resources_prbt_moveit_config:/home/thisum/my_ws/install/moveit_ros_move_group:/home/thisum/my_ws/install/moveit_planners_ompl:/home/thisum/my_ws/install/moveit_ros_planning:/home/thisum/my_ws/install/moveit_ros_occupancy_map_monitor:/home/thisum/my_ws/install/moveit_resources_prbt_ikfast_manipulator_plugin:/home/thisum/my_ws/install/moveit_planners_chomp:/home/thisum/my_ws/install/moveit_kinematics:/home/thisum/my_ws/install/moveit_chomp_optimizer_adapter:/home/thisum/my_ws/install/chomp_motion_planner:/home/thisum/my_ws/install/moveit_core:/home/thisum/my_ws/install/srdfdom:/home/thisum/my_ws/install/rviz_marker_tools:/home/thisum/my_ws/install/rosparam_shortcuts:/home/thisum/my_ws/install/new_full_arm:/home/thisum/my_ws/install/moveit_task_constructor_msgs:/home/thisum/my_ws/install/moveit_resources_prbt_support:/home/thisum/my_ws/install/moveit_resources:/home/thisum/my_ws/install/moveit_resources_pr2_description:/home/thisum/my_ws/install/moveit_resources_panda_moveit_config:/home/thisum/my_ws/install/moveit_resources_panda_description:/home/thisum/my_ws/install/moveit_resources_fanuc_moveit_config:/home/thisum/my_ws/install/moveit_resources_fanuc_description:/home/thisum/my_ws/install/moveit_common:/opt/ros/humble CMAKE_PREFIX_PATH=/home/thisum/my_ws/install/moveit_planners:/home/thisum/my_ws/install/pilz_industrial_motion_planner:/home/thisum/my_ws/install/moveit_resources_prbt_pg70_support:/home/thisum/my_ws/install/moveit_ros_planning_interface:/home/thisum/my_ws/install/moveit_resources_prbt_moveit_config:/home/thisum/my_ws/install/moveit_ros_move_group:/home/thisum/my_ws/install/moveit_ros_warehouse:/home/thisum/my_ws/install/moveit_planners_ompl:/home/thisum/my_ws/install/moveit_kinematics:/home/thisum/my_ws/install/moveit_ros_planning:/home/thisum/my_ws/install/pilz_industrial_motion_planner_testutils:/home/thisum/my_ws/install/moveit_simple_controller_manager:/home/thisum/my_ws/install/moveit_ros_occupancy_map_monitor:/home/thisum/my_ws/install/moveit_resources_prbt_ikfast_manipulator_plugin:/home/thisum/my_ws/install/moveit_core:/home/thisum/my_ws/install/rviz_marker_tools:/home/thisum/my_ws/install/moveit_resources_panda_moveit_config:/home/thisum/my_ws/install/moveit_resources_fanuc_moveit_config:/home/thisum/my_ws/install/srdfdom:/home/thisum/my_ws/install/moveit_task_constructor_msgs:/home/thisum/my_ws/install/moveit_resources_prbt_support:/home/thisum/my_ws/install/moveit_resources_pr2_description:/home/thisum/my_ws/install/moveit_resources_panda_description:/home/thisum/my_ws/install/moveit_resources_fanuc_description:/home/thisum/my_ws/install/moveit_common:/home/thisum/my_ws/install/narm_config:/home/thisum/my_ws/install/moveit_runtime:/home/thisum/my_ws/install/moveit2_tutorials:/home/thisum/my_ws/install/moveit:/home/thisum/my_ws/install/arm_config:/home/thisum/my_ws/install/moveit_visual_tools:/home/thisum/my_ws/install/moveit_task_constructor_visualization:/home/thisum/my_ws/install/moveit_task_constructor_demo:/home/thisum/my_ws/install/moveit_task_constructor_capabilities:/home/thisum/my_ws/install/moveit_task_constructor_core:/home/thisum/my_ws/install/moveit_ros_control_interface:/home/thisum/my_ws/install/moveit_plugins:/home/thisum/my_ws/install/moveit_setup_assistant:/home/thisum/my_ws/install/moveit_setup_srdf_plugins:/home/thisum/my_ws/install/moveit_setup_core_plugins:/home/thisum/my_ws/install/moveit_setup_controllers:/home/thisum/my_ws/install/moveit_setup_app_plugins:/home/thisum/my_ws/install/moveit_setup_framework:/home/thisum/my_ws/install/moveit_servo:/home/thisum/my_ws/install/moveit_ros:/home/thisum/my_ws/install/moveit_ros_visualization:/home/thisum/my_ws/install/moveit_hybrid_planning:/home/thisum/my_ws/install/moveit_ros_benchmarks:/home/thisum/my_ws/install/moveit_ros_robot_interaction:/home/thisum/my_ws/install/moveit_ros_perception:/home/thisum/my_ws/install/moveit_planners_chomp:/home/thisum/my_ws/install/moveit_chomp_optimizer_adapter:/home/thisum/my_ws/install/chomp_motion_planner:/home/thisum/my_ws/install/rosparam_shortcuts:/home/thisum/my_ws/install/new_full_arm:/home/thisum/my_ws/install/moveit_resources:/home/thisum/my_ws/install/moveit_configs_utils:/home/thisum/my_ws/install/launch_param_builder:/opt/ros/humble LD_LIBRARY_PATH=/home/thisum/my_ws/install/pilz_industrial_motion_planner/lib:/home/thisum/my_ws/install/moveit_ros_planning_interface/lib:/home/thisum/my_ws/install/moveit_ros_move_group/lib:/home/thisum/my_ws/install/moveit_ros_warehouse/lib:/home/thisum/my_ws/install/moveit_planners_ompl/lib:/home/thisum/my_ws/install/moveit_kinematics/lib:/home/thisum/my_ws/install/moveit_ros_planning/lib:/home/thisum/my_ws/install/pilz_industrial_motion_planner_testutils/lib:/home/thisum/my_ws/install/moveit_simple_controller_manager/lib:/home/thisum/my_ws/install/moveit_ros_occupancy_map_monitor/lib:/home/thisum/my_ws/install/moveit_resources_prbt_ikfast_manipulator_plugin/lib:/home/thisum/my_ws/install/moveit_core/lib:/home/thisum/my_ws/install/rviz_marker_tools/lib:/home/thisum/my_ws/install/srdfdom/lib:/home/thisum/my_ws/install/moveit_task_constructor_msgs/lib:/home/thisum/my_ws/install/moveit_visual_tools/lib:/home/thisum/my_ws/install/moveit_task_constructor_visualization/lib:/home/thisum/my_ws/install/moveit_task_constructor_demo/lib:/home/thisum/my_ws/install/moveit_task_constructor_capabilities/lib:/home/thisum/my_ws/install/moveit_task_constructor_core/lib:/home/thisum/my_ws/install/moveit_ros_control_interface/lib:/home/thisum/my_ws/install/moveit_setup_assistant/lib:/home/thisum/my_ws/install/moveit_setup_srdf_plugins/lib:/home/thisum/my_ws/install/moveit_setup_core_plugins/lib:/home/thisum/my_ws/install/moveit_setup_controllers/lib:/home/thisum/my_ws/install/moveit_setup_app_plugins/lib:/home/thisum/my_ws/install/moveit_setup_framework/lib:/home/thisum/my_ws/install/moveit_servo/lib:/home/thisum/my_ws/install/moveit_ros_visualization/lib:/home/thisum/my_ws/install/moveit_hybrid_planning/lib:/home/thisum/my_ws/install/moveit_ros_benchmarks/lib:/home/thisum/my_ws/install/moveit_ros_robot_interaction/lib:/home/thisum/my_ws/install/moveit_ros_perception/lib:/home/thisum/my_ws/install/moveit_planners_chomp/lib:/home/thisum/my_ws/install/moveit_chomp_optimizer_adapter/lib:/home/thisum/my_ws/install/chomp_motion_planner/lib:/home/thisum/my_ws/install/rosparam_shortcuts/lib:/usr/lib/x86_64-linux-gnu/gazebo-11/plugins:/opt/ros/humble/opt/rviz_ogre_vendor/lib:/opt/ros/humble/lib/x86_64-linux-gnu:/opt/ros/humble/lib PYTHONPATH=/home/thisum/my_ws/install/moveit_configs_utils/lib/python3.10/site-packages:/home/thisum/my_ws/install/launch_param_builder/lib/python3.10/site-packages:/home/thisum/my_ws/install/moveit_task_constructor_core/local/lib/python3.10/dist-packages:/home/thisum/my_ws/install/srdfdom/local/lib/python3.10/dist-packages:/home/thisum/my_ws/install/moveit_task_constructor_msgs/local/lib/python3.10/dist-packages:/opt/ros/humble/lib/python3.10/site-packages:/opt/ros/humble/local/lib/python3.10/dist-packages /usr/bin/cmake --install /home/thisum/my_ws/build/moveit_task_constructor_core
[27.845s] -- Install configuration: "Release"
[27.845s] -- Up-to-date: /home/thisum/my_ws/install/moveit_task_constructor_core/share/moveit_task_constructor_core/environment/pythonpath.sh
[27.846s] -- Installing: /home/thisum/my_ws/install/moveit_task_constructor_core/share/moveit_task_constructor_core/environment/pythonpath.dsv
[27.846s] -- Up-to-date: /home/thisum/my_ws/install/moveit_task_constructor_core/local/lib/python3.10/dist-packages/moveit-0.1.3-py3.10.egg-info
[27.846s] -- Installing: /home/thisum/my_ws/install/moveit_task_constructor_core/local/lib/python3.10/dist-packages/moveit-0.1.3-py3.10.egg-info/PKG-INFO
[27.846s] -- Installing: /home/thisum/my_ws/install/moveit_task_constructor_core/local/lib/python3.10/dist-packages/moveit-0.1.3-py3.10.egg-info/dependency_links.txt
[27.846s] -- Installing: /home/thisum/my_ws/install/moveit_task_constructor_core/local/lib/python3.10/dist-packages/moveit-0.1.3-py3.10.egg-info/SOURCES.txt
[27.846s] -- Installing: /home/thisum/my_ws/install/moveit_task_constructor_core/local/lib/python3.10/dist-packages/moveit-0.1.3-py3.10.egg-info/top_level.txt
[27.847s] -- Up-to-date: /home/thisum/my_ws/install/moveit_task_constructor_core/local/lib/python3.10/dist-packages/moveit
[27.855s] -- Up-to-date: /home/thisum/my_ws/install/moveit_task_constructor_core/local/lib/python3.10/dist-packages/moveit/__init__.py
[27.855s] -- Up-to-date: /home/thisum/my_ws/install/moveit_task_constructor_core/local/lib/python3.10/dist-packages/moveit/task_constructor
[27.857s] -- Up-to-date: /home/thisum/my_ws/install/moveit_task_constructor_core/local/lib/python3.10/dist-packages/moveit/task_constructor/core.py
[27.857s] -- Up-to-date: /home/thisum/my_ws/install/moveit_task_constructor_core/local/lib/python3.10/dist-packages/moveit/task_constructor/__init__.py
[27.858s] -- Up-to-date: /home/thisum/my_ws/install/moveit_task_constructor_core/local/lib/python3.10/dist-packages/moveit/task_constructor/stages.py
[27.903s] Listing '/home/thisum/my_ws/install/moveit_task_constructor_core/local/lib/python3.10/dist-packages/moveit'...
[27.903s] Listing '/home/thisum/my_ws/install/moveit_task_constructor_core/local/lib/python3.10/dist-packages/moveit/task_constructor'...
[27.907s] -- Up-to-date: /home/thisum/my_ws/install/moveit_task_constructor_core/include
[27.907s] -- Up-to-date: /home/thisum/my_ws/install/moveit_task_constructor_core/include/moveit
[27.907s] -- Up-to-date: /home/thisum/my_ws/install/moveit_task_constructor_core/include/moveit/task_constructor
[27.908s] -- Up-to-date: /home/thisum/my_ws/install/moveit_task_constructor_core/include/moveit/task_constructor/task.h
[27.908s] -- Up-to-date: /home/thisum/my_ws/install/moveit_task_constructor_core/include/moveit/task_constructor/storage.h
[27.908s] -- Up-to-date: /home/thisum/my_ws/install/moveit_task_constructor_core/include/moveit/task_constructor/stage.h
[27.908s] -- Up-to-date: /home/thisum/my_ws/install/moveit_task_constructor_core/include/moveit/task_constructor/stages
[27.912s] -- Up-to-date: /home/thisum/my_ws/install/moveit_task_constructor_core/include/moveit/task_constructor/stages/generate_place_pose.h
[27.912s] -- Up-to-date: /home/thisum/my_ws/install/moveit_task_constructor_core/include/moveit/task_constructor/stages/noop.h
[27.912s] -- Up-to-date: /home/thisum/my_ws/install/moveit_task_constructor_core/include/moveit/task_constructor/stages/fix_collision_objects.h
[27.912s] -- Up-to-date: /home/thisum/my_ws/install/moveit_task_constructor_core/include/moveit/task_constructor/stages/compute_ik.h
[27.913s] -- Up-to-date: /home/thisum/my_ws/install/moveit_task_constructor_core/include/moveit/task_constructor/stages/move_to.h
[27.913s] -- Up-to-date: /home/thisum/my_ws/install/moveit_task_constructor_core/include/moveit/task_constructor/stages/generate_random_pose.h
[27.913s] -- Up-to-date: /home/thisum/my_ws/install/moveit_task_constructor_core/include/moveit/task_constructor/stages/pick.h
[27.913s] -- Up-to-date: /home/thisum/my_ws/install/moveit_task_constructor_core/include/moveit/task_constructor/stages/generate_grasp_pose.h
[27.913s] -- Up-to-date: /home/thisum/my_ws/install/moveit_task_constructor_core/include/moveit/task_constructor/stages/modify_planning_scene.h
[27.913s] -- Up-to-date: /home/thisum/my_ws/install/moveit_task_constructor_core/include/moveit/task_constructor/stages/current_state.h
[27.914s] -- Up-to-date: /home/thisum/my_ws/install/moveit_task_constructor_core/include/moveit/task_constructor/stages/simple_grasp.h
[27.914s] -- Up-to-date: /home/thisum/my_ws/install/moveit_task_constructor_core/include/moveit/task_constructor/stages/passthrough.h
[27.914s] -- Up-to-date: /home/thisum/my_ws/install/moveit_task_constructor_core/include/moveit/task_constructor/stages/connect.h
[27.914s] -- Up-to-date: /home/thisum/my_ws/install/moveit_task_constructor_core/include/moveit/task_constructor/stages/generate_pose.h
[27.914s] -- Up-to-date: /home/thisum/my_ws/install/moveit_task_constructor_core/include/moveit/task_constructor/stages/move_relative.h
[27.914s] -- Up-to-date: /home/thisum/my_ws/install/moveit_task_constructor_core/include/moveit/task_constructor/stages/fixed_cartesian_poses.h
[27.914s] -- Up-to-date: /home/thisum/my_ws/install/moveit_task_constructor_core/include/moveit/task_constructor/stages/fixed_state.h
[27.914s] -- Up-to-date: /home/thisum/my_ws/install/moveit_task_constructor_core/include/moveit/task_constructor/stages/predicate_filter.h
[27.914s] -- Up-to-date: /home/thisum/my_ws/install/moveit_task_constructor_core/include/moveit/task_constructor/container.h
[27.914s] -- Up-to-date: /home/thisum/my_ws/install/moveit_task_constructor_core/include/moveit/task_constructor/introspection.h
[27.914s] -- Up-to-date: /home/thisum/my_ws/install/moveit_task_constructor_core/include/moveit/task_constructor/cost_queue.h
[27.914s] -- Up-to-date: /home/thisum/my_ws/install/moveit_task_constructor_core/include/moveit/task_constructor/stages.h
[27.915s] -- Up-to-date: /home/thisum/my_ws/install/moveit_task_constructor_core/include/moveit/task_constructor/solvers
[27.915s] -- Up-to-date: /home/thisum/my_ws/install/moveit_task_constructor_core/include/moveit/task_constructor/solvers/cartesian_path.h
[27.915s] -- Up-to-date: /home/thisum/my_ws/install/moveit_task_constructor_core/include/moveit/task_constructor/solvers/multi_planner.h
[27.915s] -- Up-to-date: /home/thisum/my_ws/install/moveit_task_constructor_core/include/moveit/task_constructor/solvers/planner_interface.h
[27.916s] -- Up-to-date: /home/thisum/my_ws/install/moveit_task_constructor_core/include/moveit/task_constructor/solvers/joint_interpolation.h
[27.916s] -- Up-to-date: /home/thisum/my_ws/install/moveit_task_constructor_core/include/moveit/task_constructor/solvers/pipeline_planner.h
[27.916s] -- Up-to-date: /home/thisum/my_ws/install/moveit_task_constructor_core/include/moveit/task_constructor/properties.h
[27.916s] -- Up-to-date: /home/thisum/my_ws/install/moveit_task_constructor_core/include/moveit/task_constructor/cost_terms.h
[27.916s] -- Up-to-date: /home/thisum/my_ws/install/moveit_task_constructor_core/include/moveit/task_constructor/trajectory_execution_info.h
[27.916s] -- Up-to-date: /home/thisum/my_ws/install/moveit_task_constructor_core/include/moveit/task_constructor/utils.h
[27.916s] -- Up-to-date: /home/thisum/my_ws/install/moveit_task_constructor_core/include/moveit/task_constructor/marker_tools.h
[27.916s] -- Up-to-date: /home/thisum/my_ws/install/moveit_task_constructor_core/include/moveit/task_constructor/moveit_compat.h
[27.916s] -- Up-to-date: /home/thisum/my_ws/install/moveit_task_constructor_core/include/moveit/task_constructor/solvers.h
[27.916s] -- Up-to-date: /home/thisum/my_ws/install/moveit_task_constructor_core/include/moveit/task_constructor/type_traits.h
[27.916s] -- Up-to-date: /home/thisum/my_ws/install/moveit_task_constructor_core/include/moveit/task_constructor/merge.h
[27.916s] -- Up-to-date: /home/thisum/my_ws/install/moveit_task_constructor_core/include/moveit/python
[27.916s] -- Up-to-date: /home/thisum/my_ws/install/moveit_task_constructor_core/include/moveit/python/task_constructor
[27.916s] -- Up-to-date: /home/thisum/my_ws/install/moveit_task_constructor_core/include/moveit/python/task_constructor/properties.h
[27.916s] -- Up-to-date: /home/thisum/my_ws/install/moveit_task_constructor_core/share/moveit_task_constructor_core/motion_planning_stages_plugin_description.xml
[27.917s] -- Up-to-date: /home/thisum/my_ws/install/moveit_task_constructor_core/share/moveit_task_constructor_core/environment/library_path.sh
[27.917s] -- Installing: /home/thisum/my_ws/install/moveit_task_constructor_core/share/moveit_task_constructor_core/environment/library_path.dsv
[27.918s] -- Up-to-date: /home/thisum/my_ws/install/moveit_task_constructor_core/share/ament_index/resource_index/package_run_dependencies/moveit_task_constructor_core
[27.918s] -- Installing: /home/thisum/my_ws/install/moveit_task_constructor_core/share/ament_index/resource_index/parent_prefix_path/moveit_task_constructor_core
[27.918s] -- Up-to-date: /home/thisum/my_ws/install/moveit_task_constructor_core/share/moveit_task_constructor_core/environment/ament_prefix_path.sh
[27.918s] -- Installing: /home/thisum/my_ws/install/moveit_task_constructor_core/share/moveit_task_constructor_core/environment/ament_prefix_path.dsv
[27.919s] -- Up-to-date: /home/thisum/my_ws/install/moveit_task_constructor_core/share/moveit_task_constructor_core/environment/path.sh
[27.919s] -- Installing: /home/thisum/my_ws/install/moveit_task_constructor_core/share/moveit_task_constructor_core/environment/path.dsv
[27.919s] -- Up-to-date: /home/thisum/my_ws/install/moveit_task_constructor_core/share/moveit_task_constructor_core/local_setup.bash
[27.919s] -- Up-to-date: /home/thisum/my_ws/install/moveit_task_constructor_core/share/moveit_task_constructor_core/local_setup.sh
[27.919s] -- Up-to-date: /home/thisum/my_ws/install/moveit_task_constructor_core/share/moveit_task_constructor_core/local_setup.zsh
[27.919s] -- Installing: /home/thisum/my_ws/install/moveit_task_constructor_core/share/moveit_task_constructor_core/local_setup.dsv
[27.920s] -- Installing: /home/thisum/my_ws/install/moveit_task_constructor_core/share/moveit_task_constructor_core/package.dsv
[27.920s] -- Up-to-date: /home/thisum/my_ws/install/moveit_task_constructor_core/share/ament_index/resource_index/packages/moveit_task_constructor_core
[27.921s] -- Up-to-date: /home/thisum/my_ws/install/moveit_task_constructor_core/share/ament_index/resource_index/moveit_task_constructor_core__pluginlib__plugin/moveit_task_constructor_core
[27.922s] -- Up-to-date: /home/thisum/my_ws/install/moveit_task_constructor_core/share/moveit_task_constructor_core/cmake/moveit_task_constructor_coreTargetsExport.cmake
[27.922s] -- Up-to-date: /home/thisum/my_ws/install/moveit_task_constructor_core/share/moveit_task_constructor_core/cmake/moveit_task_constructor_coreTargetsExport-release.cmake
[27.922s] -- Up-to-date: /home/thisum/my_ws/install/moveit_task_constructor_core/share/moveit_task_constructor_core/cmake/ament_cmake_export_targets-extras.cmake
[27.923s] -- Up-to-date: /home/thisum/my_ws/install/moveit_task_constructor_core/share/moveit_task_constructor_core/cmake/ament_cmake_export_dependencies-extras.cmake
[27.923s] -- Up-to-date: /home/thisum/my_ws/install/moveit_task_constructor_core/share/moveit_task_constructor_core/cmake/moveit_task_constructor_coreConfig.cmake
[27.923s] -- Up-to-date: /home/thisum/my_ws/install/moveit_task_constructor_core/share/moveit_task_constructor_core/cmake/moveit_task_constructor_coreConfig-version.cmake
[27.923s] -- Up-to-date: /home/thisum/my_ws/install/moveit_task_constructor_core/share/moveit_task_constructor_core/package.xml
[27.926s] -- Installing: /home/thisum/my_ws/install/moveit_task_constructor_core/lib/libmoveit_task_constructor_core.so
[27.929s] -- Set runtime path of "/home/thisum/my_ws/install/moveit_task_constructor_core/lib/libmoveit_task_constructor_core.so" to ""
[27.932s] -- Installing: /home/thisum/my_ws/install/moveit_task_constructor_core/lib/libmoveit_task_constructor_core_stages.so
[27.934s] -- Set runtime path of "/home/thisum/my_ws/install/moveit_task_constructor_core/lib/libmoveit_task_constructor_core_stages.so" to ""
[27.936s] -- Installing: /home/thisum/my_ws/install/moveit_task_constructor_core/lib/libmoveit_task_constructor_core_stage_plugins.so
[27.936s] -- Set runtime path of "/home/thisum/my_ws/install/moveit_task_constructor_core/lib/libmoveit_task_constructor_core_stage_plugins.so" to ""
[27.938s] -- Installing: /home/thisum/my_ws/install/moveit_task_constructor_core/local/lib/python3.10/dist-packages/pymoveit_mtc.cpython-310-x86_64-linux-gnu.so
[27.940s] -- Set runtime path of "/home/thisum/my_ws/install/moveit_task_constructor_core/local/lib/python3.10/dist-packages/pymoveit_mtc.cpython-310-x86_64-linux-gnu.so" to ""
[27.946s] Invoked command in '/home/thisum/my_ws/build/moveit_task_constructor_core' returned '0': AMENT_PREFIX_PATH=/home/thisum/my_ws/install/moveit_configs_utils:/home/thisum/my_ws/install/launch_param_builder:/home/thisum/my_ws/install/pilz_industrial_motion_planner_testutils:/home/thisum/my_ws/install/narm_config:/home/thisum/my_ws/install/moveit_runtime:/home/thisum/my_ws/install/moveit2_tutorials:/home/thisum/my_ws/install/moveit:/home/thisum/my_ws/install/arm_config:/home/thisum/my_ws/install/moveit_planners:/home/thisum/my_ws/install/pilz_industrial_motion_planner:/home/thisum/my_ws/install/moveit_visual_tools:/home/thisum/my_ws/install/moveit_task_constructor_visualization:/home/thisum/my_ws/install/moveit_task_constructor_demo:/home/thisum/my_ws/install/moveit_task_constructor_capabilities:/home/thisum/my_ws/install/moveit_task_constructor_core:/home/thisum/my_ws/install/moveit_ros_control_interface:/home/thisum/my_ws/install/moveit_plugins:/home/thisum/my_ws/install/moveit_simple_controller_manager:/home/thisum/my_ws/install/moveit_setup_assistant:/home/thisum/my_ws/install/moveit_setup_srdf_plugins:/home/thisum/my_ws/install/moveit_setup_core_plugins:/home/thisum/my_ws/install/moveit_setup_controllers:/home/thisum/my_ws/install/moveit_setup_app_plugins:/home/thisum/my_ws/install/moveit_setup_framework:/home/thisum/my_ws/install/moveit_servo:/home/thisum/my_ws/install/moveit_ros:/home/thisum/my_ws/install/moveit_ros_visualization:/home/thisum/my_ws/install/moveit_hybrid_planning:/home/thisum/my_ws/install/moveit_ros_planning_interface:/home/thisum/my_ws/install/moveit_ros_benchmarks:/home/thisum/my_ws/install/moveit_ros_warehouse:/home/thisum/my_ws/install/moveit_ros_robot_interaction:/home/thisum/my_ws/install/moveit_ros_perception:/home/thisum/my_ws/install/moveit_resources_prbt_pg70_support:/home/thisum/my_ws/install/moveit_resources_prbt_moveit_config:/home/thisum/my_ws/install/moveit_ros_move_group:/home/thisum/my_ws/install/moveit_planners_ompl:/home/thisum/my_ws/install/moveit_ros_planning:/home/thisum/my_ws/install/moveit_ros_occupancy_map_monitor:/home/thisum/my_ws/install/moveit_resources_prbt_ikfast_manipulator_plugin:/home/thisum/my_ws/install/moveit_planners_chomp:/home/thisum/my_ws/install/moveit_kinematics:/home/thisum/my_ws/install/moveit_chomp_optimizer_adapter:/home/thisum/my_ws/install/chomp_motion_planner:/home/thisum/my_ws/install/moveit_core:/home/thisum/my_ws/install/srdfdom:/home/thisum/my_ws/install/rviz_marker_tools:/home/thisum/my_ws/install/rosparam_shortcuts:/home/thisum/my_ws/install/new_full_arm:/home/thisum/my_ws/install/moveit_task_constructor_msgs:/home/thisum/my_ws/install/moveit_resources_prbt_support:/home/thisum/my_ws/install/moveit_resources:/home/thisum/my_ws/install/moveit_resources_pr2_description:/home/thisum/my_ws/install/moveit_resources_panda_moveit_config:/home/thisum/my_ws/install/moveit_resources_panda_description:/home/thisum/my_ws/install/moveit_resources_fanuc_moveit_config:/home/thisum/my_ws/install/moveit_resources_fanuc_description:/home/thisum/my_ws/install/moveit_common:/opt/ros/humble CMAKE_PREFIX_PATH=/home/thisum/my_ws/install/moveit_planners:/home/thisum/my_ws/install/pilz_industrial_motion_planner:/home/thisum/my_ws/install/moveit_resources_prbt_pg70_support:/home/thisum/my_ws/install/moveit_ros_planning_interface:/home/thisum/my_ws/install/moveit_resources_prbt_moveit_config:/home/thisum/my_ws/install/moveit_ros_move_group:/home/thisum/my_ws/install/moveit_ros_warehouse:/home/thisum/my_ws/install/moveit_planners_ompl:/home/thisum/my_ws/install/moveit_kinematics:/home/thisum/my_ws/install/moveit_ros_planning:/home/thisum/my_ws/install/pilz_industrial_motion_planner_testutils:/home/thisum/my_ws/install/moveit_simple_controller_manager:/home/thisum/my_ws/install/moveit_ros_occupancy_map_monitor:/home/thisum/my_ws/install/moveit_resources_prbt_ikfast_manipulator_plugin:/home/thisum/my_ws/install/moveit_core:/home/thisum/my_ws/install/rviz_marker_tools:/home/thisum/my_ws/install/moveit_resources_panda_moveit_config:/home/thisum/my_ws/install/moveit_resources_fanuc_moveit_config:/home/thisum/my_ws/install/srdfdom:/home/thisum/my_ws/install/moveit_task_constructor_msgs:/home/thisum/my_ws/install/moveit_resources_prbt_support:/home/thisum/my_ws/install/moveit_resources_pr2_description:/home/thisum/my_ws/install/moveit_resources_panda_description:/home/thisum/my_ws/install/moveit_resources_fanuc_description:/home/thisum/my_ws/install/moveit_common:/home/thisum/my_ws/install/narm_config:/home/thisum/my_ws/install/moveit_runtime:/home/thisum/my_ws/install/moveit2_tutorials:/home/thisum/my_ws/install/moveit:/home/thisum/my_ws/install/arm_config:/home/thisum/my_ws/install/moveit_visual_tools:/home/thisum/my_ws/install/moveit_task_constructor_visualization:/home/thisum/my_ws/install/moveit_task_constructor_demo:/home/thisum/my_ws/install/moveit_task_constructor_capabilities:/home/thisum/my_ws/install/moveit_task_constructor_core:/home/thisum/my_ws/install/moveit_ros_control_interface:/home/thisum/my_ws/install/moveit_plugins:/home/thisum/my_ws/install/moveit_setup_assistant:/home/thisum/my_ws/install/moveit_setup_srdf_plugins:/home/thisum/my_ws/install/moveit_setup_core_plugins:/home/thisum/my_ws/install/moveit_setup_controllers:/home/thisum/my_ws/install/moveit_setup_app_plugins:/home/thisum/my_ws/install/moveit_setup_framework:/home/thisum/my_ws/install/moveit_servo:/home/thisum/my_ws/install/moveit_ros:/home/thisum/my_ws/install/moveit_ros_visualization:/home/thisum/my_ws/install/moveit_hybrid_planning:/home/thisum/my_ws/install/moveit_ros_benchmarks:/home/thisum/my_ws/install/moveit_ros_robot_interaction:/home/thisum/my_ws/install/moveit_ros_perception:/home/thisum/my_ws/install/moveit_planners_chomp:/home/thisum/my_ws/install/moveit_chomp_optimizer_adapter:/home/thisum/my_ws/install/chomp_motion_planner:/home/thisum/my_ws/install/rosparam_shortcuts:/home/thisum/my_ws/install/new_full_arm:/home/thisum/my_ws/install/moveit_resources:/home/thisum/my_ws/install/moveit_configs_utils:/home/thisum/my_ws/install/launch_param_builder:/opt/ros/humble LD_LIBRARY_PATH=/home/thisum/my_ws/install/pilz_industrial_motion_planner/lib:/home/thisum/my_ws/install/moveit_ros_planning_interface/lib:/home/thisum/my_ws/install/moveit_ros_move_group/lib:/home/thisum/my_ws/install/moveit_ros_warehouse/lib:/home/thisum/my_ws/install/moveit_planners_ompl/lib:/home/thisum/my_ws/install/moveit_kinematics/lib:/home/thisum/my_ws/install/moveit_ros_planning/lib:/home/thisum/my_ws/install/pilz_industrial_motion_planner_testutils/lib:/home/thisum/my_ws/install/moveit_simple_controller_manager/lib:/home/thisum/my_ws/install/moveit_ros_occupancy_map_monitor/lib:/home/thisum/my_ws/install/moveit_resources_prbt_ikfast_manipulator_plugin/lib:/home/thisum/my_ws/install/moveit_core/lib:/home/thisum/my_ws/install/rviz_marker_tools/lib:/home/thisum/my_ws/install/srdfdom/lib:/home/thisum/my_ws/install/moveit_task_constructor_msgs/lib:/home/thisum/my_ws/install/moveit_visual_tools/lib:/home/thisum/my_ws/install/moveit_task_constructor_visualization/lib:/home/thisum/my_ws/install/moveit_task_constructor_demo/lib:/home/thisum/my_ws/install/moveit_task_constructor_capabilities/lib:/home/thisum/my_ws/install/moveit_task_constructor_core/lib:/home/thisum/my_ws/install/moveit_ros_control_interface/lib:/home/thisum/my_ws/install/moveit_setup_assistant/lib:/home/thisum/my_ws/install/moveit_setup_srdf_plugins/lib:/home/thisum/my_ws/install/moveit_setup_core_plugins/lib:/home/thisum/my_ws/install/moveit_setup_controllers/lib:/home/thisum/my_ws/install/moveit_setup_app_plugins/lib:/home/thisum/my_ws/install/moveit_setup_framework/lib:/home/thisum/my_ws/install/moveit_servo/lib:/home/thisum/my_ws/install/moveit_ros_visualization/lib:/home/thisum/my_ws/install/moveit_hybrid_planning/lib:/home/thisum/my_ws/install/moveit_ros_benchmarks/lib:/home/thisum/my_ws/install/moveit_ros_robot_interaction/lib:/home/thisum/my_ws/install/moveit_ros_perception/lib:/home/thisum/my_ws/install/moveit_planners_chomp/lib:/home/thisum/my_ws/install/moveit_chomp_optimizer_adapter/lib:/home/thisum/my_ws/install/chomp_motion_planner/lib:/home/thisum/my_ws/install/rosparam_shortcuts/lib:/usr/lib/x86_64-linux-gnu/gazebo-11/plugins:/opt/ros/humble/opt/rviz_ogre_vendor/lib:/opt/ros/humble/lib/x86_64-linux-gnu:/opt/ros/humble/lib PYTHONPATH=/home/thisum/my_ws/install/moveit_configs_utils/lib/python3.10/site-packages:/home/thisum/my_ws/install/launch_param_builder/lib/python3.10/site-packages:/home/thisum/my_ws/install/moveit_task_constructor_core/local/lib/python3.10/dist-packages:/home/thisum/my_ws/install/srdfdom/local/lib/python3.10/dist-packages:/home/thisum/my_ws/install/moveit_task_constructor_msgs/local/lib/python3.10/dist-packages:/opt/ros/humble/lib/python3.10/site-packages:/opt/ros/humble/local/lib/python3.10/dist-packages /usr/bin/cmake --install /home/thisum/my_ws/build/moveit_task_constructor_core
