[0.686s] Invoking command in '/home/thisum/my_ws/src/launch_param_builder': PYTHONPATH=/home/thisum/my_ws/src/build/launch_param_builder/prefix_override:/usr/lib/python3/dist-packages/colcon_core/task/python/colcon_distutils_commands:/home/thisum/my_ws/src/install/launch_param_builder/lib/python3.10/site-packages:${PYTHONPATH} /usr/bin/python3 -W ignore:setup.py install is deprecated setup.py egg_info --egg-base ../build/launch_param_builder build --build-base /home/thisum/my_ws/src/build/launch_param_builder/build install --record /home/thisum/my_ws/src/build/launch_param_builder/install.log --single-version-externally-managed install_data
[0.926s] running egg_info
[0.926s] writing ../build/launch_param_builder/launch_param_builder.egg-info/PKG-INFO
[0.927s] writing dependency_links to ../build/launch_param_builder/launch_param_builder.egg-info/dependency_links.txt
[0.927s] writing entry points to ../build/launch_param_builder/launch_param_builder.egg-info/entry_points.txt
[0.928s] writing requirements to ../build/launch_param_builder/launch_param_builder.egg-info/requires.txt
[0.929s] writing top-level names to ../build/launch_param_builder/launch_param_builder.egg-info/top_level.txt
[0.931s] reading manifest file '../build/launch_param_builder/launch_param_builder.egg-info/SOURCES.txt'
[0.931s] adding license file 'LICENSE'
[0.932s] writing manifest file '../build/launch_param_builder/launch_param_builder.egg-info/SOURCES.txt'
[0.932s] running build
[0.932s] running build_py
[0.933s] running install
[0.933s] running install_lib
[0.934s] running install_data
[0.934s] running install_egg_info
[0.937s] removing '/home/thisum/my_ws/src/install/launch_param_builder/lib/python3.10/site-packages/launch_param_builder-0.1.1-py3.10.egg-info' (and everything under it)
[0.937s] Copying ../build/launch_param_builder/launch_param_builder.egg-info to /home/thisum/my_ws/src/install/launch_param_builder/lib/python3.10/site-packages/launch_param_builder-0.1.1-py3.10.egg-info
[0.942s] running install_scripts
[0.962s] writing list of installed files to '/home/thisum/my_ws/src/build/launch_param_builder/install.log'
[0.988s] Invoked command in '/home/thisum/my_ws/src/launch_param_builder' returned '0': PYTHONPATH=/home/thisum/my_ws/src/build/launch_param_builder/prefix_override:/usr/lib/python3/dist-packages/colcon_core/task/python/colcon_distutils_commands:/home/thisum/my_ws/src/install/launch_param_builder/lib/python3.10/site-packages:${PYTHONPATH} /usr/bin/python3 -W ignore:setup.py install is deprecated setup.py egg_info --egg-base ../build/launch_param_builder build --build-base /home/thisum/my_ws/src/build/launch_param_builder/build install --record /home/thisum/my_ws/src/build/launch_param_builder/install.log --single-version-externally-managed install_data
