[0.017s] Invoking command in '/home/thisum/my_ws/build/moveit_resources_panda_moveit_config': AMENT_PREFIX_PATH=/home/thisum/my_ws/install/moveit_resources_panda_description:${AMENT_PREFIX_PATH} CMAKE_PREFIX_PATH=/home/thisum/my_ws/install/moveit_resources_panda_description:/opt/ros/humble /usr/bin/cmake /home/thisum/my_ws/src/moveit_resources/panda_moveit_config -DCMAKE_BUILD_TYPE=Release -DCMAKE_INSTALL_PREFIX=/home/thisum/my_ws/install/moveit_resources_panda_moveit_config
[0.122s] -- The C compiler identification is GNU 11.4.0
[0.204s] -- The CXX compiler identification is GNU 11.4.0
[0.214s] -- Detecting C compiler ABI info
[0.339s] -- Detecting C compiler ABI info - done
[0.346s] -- Check for working C compiler: /usr/bin/cc - skipped
[0.347s] -- Detecting C compile features
[0.347s] -- Detecting C compile features - done
[0.352s] -- Detecting CXX compiler ABI info
[0.496s] -- Detecting CXX compiler ABI info - done
[0.505s] -- Check for working CXX compiler: /usr/bin/c++ - skipped
[0.506s] -- Detecting CXX compile features
[0.506s] -- Detecting CXX compile features - done
[0.509s] -- Found ament_cmake: 1.3.9 (/opt/ros/humble/share/ament_cmake/cmake)
[0.703s] -- Found Python3: /usr/bin/python3 (found version "3.10.12") found components: Interpreter 
[0.893s] -- Configuring done
[0.903s] -- Generating done
[0.904s] -- Build files have been written to: /home/thisum/my_ws/build/moveit_resources_panda_moveit_config
[0.913s] Invoked command in '/home/thisum/my_ws/build/moveit_resources_panda_moveit_config' returned '0': AMENT_PREFIX_PATH=/home/thisum/my_ws/install/moveit_resources_panda_description:${AMENT_PREFIX_PATH} CMAKE_PREFIX_PATH=/home/thisum/my_ws/install/moveit_resources_panda_description:/opt/ros/humble /usr/bin/cmake /home/thisum/my_ws/src/moveit_resources/panda_moveit_config -DCMAKE_BUILD_TYPE=Release -DCMAKE_INSTALL_PREFIX=/home/thisum/my_ws/install/moveit_resources_panda_moveit_config
[0.914s] Invoking command in '/home/thisum/my_ws/build/moveit_resources_panda_moveit_config': AMENT_PREFIX_PATH=/home/thisum/my_ws/install/moveit_resources_panda_description:${AMENT_PREFIX_PATH} CMAKE_PREFIX_PATH=/home/thisum/my_ws/install/moveit_resources_panda_description:/opt/ros/humble /usr/bin/cmake --build /home/thisum/my_ws/build/moveit_resources_panda_moveit_config -- -j6 -l6
[0.975s] Invoked command in '/home/thisum/my_ws/build/moveit_resources_panda_moveit_config' returned '0': AMENT_PREFIX_PATH=/home/thisum/my_ws/install/moveit_resources_panda_description:${AMENT_PREFIX_PATH} CMAKE_PREFIX_PATH=/home/thisum/my_ws/install/moveit_resources_panda_description:/opt/ros/humble /usr/bin/cmake --build /home/thisum/my_ws/build/moveit_resources_panda_moveit_config -- -j6 -l6
[1.031s] Invoking command in '/home/thisum/my_ws/build/moveit_resources_panda_moveit_config': AMENT_PREFIX_PATH=/home/thisum/my_ws/install/moveit_resources_panda_description:${AMENT_PREFIX_PATH} CMAKE_PREFIX_PATH=/home/thisum/my_ws/install/moveit_resources_panda_description:/opt/ros/humble /usr/bin/cmake --install /home/thisum/my_ws/build/moveit_resources_panda_moveit_config
[1.047s] -- Install configuration: "Release"
[1.047s] -- Installing: /home/thisum/my_ws/install/moveit_resources_panda_moveit_config/share/ament_index/resource_index/package_run_dependencies/moveit_resources_panda_moveit_config
[1.048s] -- Installing: /home/thisum/my_ws/install/moveit_resources_panda_moveit_config/share/ament_index/resource_index/parent_prefix_path/moveit_resources_panda_moveit_config
[1.049s] -- Installing: /home/thisum/my_ws/install/moveit_resources_panda_moveit_config/share/moveit_resources_panda_moveit_config/environment/ament_prefix_path.sh
[1.049s] -- Installing: /home/thisum/my_ws/install/moveit_resources_panda_moveit_config/share/moveit_resources_panda_moveit_config/environment/ament_prefix_path.dsv
[1.049s] -- Installing: /home/thisum/my_ws/install/moveit_resources_panda_moveit_config/share/moveit_resources_panda_moveit_config/environment/path.sh
[1.050s] -- Installing: /home/thisum/my_ws/install/moveit_resources_panda_moveit_config/share/moveit_resources_panda_moveit_config/environment/path.dsv
[1.050s] -- Installing: /home/thisum/my_ws/install/moveit_resources_panda_moveit_config/share/moveit_resources_panda_moveit_config/local_setup.bash
[1.050s] -- Installing: /home/thisum/my_ws/install/moveit_resources_panda_moveit_config/share/moveit_resources_panda_moveit_config/local_setup.sh
[1.051s] -- Installing: /home/thisum/my_ws/install/moveit_resources_panda_moveit_config/share/moveit_resources_panda_moveit_config/local_setup.zsh
[1.051s] -- Installing: /home/thisum/my_ws/install/moveit_resources_panda_moveit_config/share/moveit_resources_panda_moveit_config/local_setup.dsv
[1.051s] -- Installing: /home/thisum/my_ws/install/moveit_resources_panda_moveit_config/share/moveit_resources_panda_moveit_config/package.dsv
[1.052s] -- Installing: /home/thisum/my_ws/install/moveit_resources_panda_moveit_config/share/ament_index/resource_index/packages/moveit_resources_panda_moveit_config
[1.052s] -- Installing: /home/thisum/my_ws/install/moveit_resources_panda_moveit_config/share/moveit_resources_panda_moveit_config/cmake/moveit_resources_panda_moveit_configConfig.cmake
[1.053s] -- Installing: /home/thisum/my_ws/install/moveit_resources_panda_moveit_config/share/moveit_resources_panda_moveit_config/cmake/moveit_resources_panda_moveit_configConfig-version.cmake
[1.053s] -- Installing: /home/thisum/my_ws/install/moveit_resources_panda_moveit_config/share/moveit_resources_panda_moveit_config/package.xml
[1.053s] -- Installing: /home/thisum/my_ws/install/moveit_resources_panda_moveit_config/share/moveit_resources_panda_moveit_config/launch
[1.053s] -- Installing: /home/thisum/my_ws/install/moveit_resources_panda_moveit_config/share/moveit_resources_panda_moveit_config/launch/moveit_empty.rviz
[1.053s] -- Installing: /home/thisum/my_ws/install/moveit_resources_panda_moveit_config/share/moveit_resources_panda_moveit_config/launch/demo.launch.py
[1.054s] -- Installing: /home/thisum/my_ws/install/moveit_resources_panda_moveit_config/share/moveit_resources_panda_moveit_config/launch/moveit_rviz.launch.py
[1.054s] -- Installing: /home/thisum/my_ws/install/moveit_resources_panda_moveit_config/share/moveit_resources_panda_moveit_config/launch/moveit.rviz
[1.054s] -- Installing: /home/thisum/my_ws/install/moveit_resources_panda_moveit_config/share/moveit_resources_panda_moveit_config/config
[1.054s] -- Installing: /home/thisum/my_ws/install/moveit_resources_panda_moveit_config/share/moveit_resources_panda_moveit_config/config/panda_arm.srdf.xacro
[1.055s] -- Installing: /home/thisum/my_ws/install/moveit_resources_panda_moveit_config/share/moveit_resources_panda_moveit_config/config/trajopt_planning.yaml
[1.055s] -- Installing: /home/thisum/my_ws/install/moveit_resources_panda_moveit_config/share/moveit_resources_panda_moveit_config/config/kinematics.yaml
[1.055s] -- Installing: /home/thisum/my_ws/install/moveit_resources_panda_moveit_config/share/moveit_resources_panda_moveit_config/config/ompl_planning.yaml
[1.055s] -- Installing: /home/thisum/my_ws/install/moveit_resources_panda_moveit_config/share/moveit_resources_panda_moveit_config/config/moveit_controllers.yaml
[1.056s] -- Installing: /home/thisum/my_ws/install/moveit_resources_panda_moveit_config/share/moveit_resources_panda_moveit_config/config/ros2_controllers.yaml
[1.057s] -- Installing: /home/thisum/my_ws/install/moveit_resources_panda_moveit_config/share/moveit_resources_panda_moveit_config/config/panda_arm_hand.srdf.xacro
[1.057s] -- Installing: /home/thisum/my_ws/install/moveit_resources_panda_moveit_config/share/moveit_resources_panda_moveit_config/config/panda.ros2_control.xacro
[1.057s] -- Installing: /home/thisum/my_ws/install/moveit_resources_panda_moveit_config/share/moveit_resources_panda_moveit_config/config/panda_hand.ros2_control.xacro
[1.057s] -- Installing: /home/thisum/my_ws/install/moveit_resources_panda_moveit_config/share/moveit_resources_panda_moveit_config/config/chomp_planning.yaml
[1.057s] -- Installing: /home/thisum/my_ws/install/moveit_resources_panda_moveit_config/share/moveit_resources_panda_moveit_config/config/sensors_kinect_pointcloud.yaml
[1.057s] -- Installing: /home/thisum/my_ws/install/moveit_resources_panda_moveit_config/share/moveit_resources_panda_moveit_config/config/panda.urdf.xacro
[1.058s] -- Installing: /home/thisum/my_ws/install/moveit_resources_panda_moveit_config/share/moveit_resources_panda_moveit_config/config/panda.srdf
[1.058s] -- Installing: /home/thisum/my_ws/install/moveit_resources_panda_moveit_config/share/moveit_resources_panda_moveit_config/config/lerp_planning.yaml
[1.058s] -- Installing: /home/thisum/my_ws/install/moveit_resources_panda_moveit_config/share/moveit_resources_panda_moveit_config/config/joint_limits.yaml
[1.058s] -- Installing: /home/thisum/my_ws/install/moveit_resources_panda_moveit_config/share/moveit_resources_panda_moveit_config/config/initial_positions.yaml
[1.059s] -- Installing: /home/thisum/my_ws/install/moveit_resources_panda_moveit_config/share/moveit_resources_panda_moveit_config/config/sensors_kinect_depthmap.yaml
[1.059s] -- Installing: /home/thisum/my_ws/install/moveit_resources_panda_moveit_config/share/moveit_resources_panda_moveit_config/config/pilz_industrial_motion_planner_planning.yaml
[1.059s] -- Installing: /home/thisum/my_ws/install/moveit_resources_panda_moveit_config/share/moveit_resources_panda_moveit_config/config/hand.xacro
[1.060s] -- Installing: /home/thisum/my_ws/install/moveit_resources_panda_moveit_config/share/moveit_resources_panda_moveit_config/config/pilz_cartesian_limits.yaml
[1.060s] -- Installing: /home/thisum/my_ws/install/moveit_resources_panda_moveit_config/share/moveit_resources_panda_moveit_config/config/gripper_moveit_controllers.yaml
[1.060s] -- Installing: /home/thisum/my_ws/install/moveit_resources_panda_moveit_config/share/moveit_resources_panda_moveit_config/config/panda_arm.xacro
[1.060s] -- Installing: /home/thisum/my_ws/install/moveit_resources_panda_moveit_config/share/moveit_resources_panda_moveit_config/.setup_assistant
[1.064s] Invoked command in '/home/thisum/my_ws/build/moveit_resources_panda_moveit_config' returned '0': AMENT_PREFIX_PATH=/home/thisum/my_ws/install/moveit_resources_panda_description:${AMENT_PREFIX_PATH} CMAKE_PREFIX_PATH=/home/thisum/my_ws/install/moveit_resources_panda_description:/opt/ros/humble /usr/bin/cmake --install /home/thisum/my_ws/build/moveit_resources_panda_moveit_config
