[0.036s] Invoking command in '/home/thisum/my_ws/build/rviz_visual_tools': /usr/bin/cmake /home/thisum/my_ws/src/rviz_visual_tools -DCATKIN_INSTALL_INTO_PREFIX_ROOT=0 -DCMAKE_INSTALL_PREFIX=/home/thisum/my_ws/install/rviz_visual_tools
[0.241s] -- The C compiler identification is GNU 11.4.0
[0.336s] -- The CXX compiler identification is GNU 11.4.0
[0.350s] -- Detecting C compiler ABI info
[0.492s] -- Detecting C compiler ABI info - done
[0.499s] -- Check for working C compiler: /usr/bin/cc - skipped
[0.500s] -- Detecting C compile features
[0.500s] -- Detecting C compile features - done
[0.504s] -- Detecting CXX compiler ABI info
[0.656s] -- Detecting CXX compiler ABI info - done
[0.664s] -- Check for working CXX compiler: /usr/bin/c++ - skipped
[0.664s] -- Detecting CXX compile features
[0.666s] -- Detecting CXX compile features - done
[0.692s] [31mCMake Error at CMakeLists.txt:6 (find_package):
[0.692s]   By not providing "Findcatkin.cmake" in CMAKE_MODULE_PATH this project has
[0.692s]   asked CMake to find a package configuration file provided by "catkin", but
[0.692s]   CMake did not find one.
[0.692s] 
[0.692s]   Could not find a package configuration file provided by "catkin" with any
[0.692s]   of the following names:
[0.692s] 
[0.692s]     catkinConfig.cmake
[0.693s]     catkin-config.cmake
[0.693s] 
[0.693s]   Add the installation prefix of "catkin" to CMAKE_PREFIX_PATH or set
[0.693s]   "catkin_DIR" to a directory containing one of the above files.  If "catkin"
[0.693s]   provides a separate development package or SDK, be sure it has been
[0.693s]   installed.
[0.693s] 
[0.693s] [0m
[0.693s] -- Configuring incomplete, errors occurred!
[0.693s] See also "/home/thisum/my_ws/build/rviz_visual_tools/CMakeFiles/CMakeOutput.log".
[0.697s] Invoked command in '/home/thisum/my_ws/build/rviz_visual_tools' returned '1': /usr/bin/cmake /home/thisum/my_ws/src/rviz_visual_tools -DCATKIN_INSTALL_INTO_PREFIX_ROOT=0 -DCMAKE_INSTALL_PREFIX=/home/thisum/my_ws/install/rviz_visual_tools
