[0.152s] Invoking command in '/home/thisum/my_ws/src/build/moveit_setup_controllers': AMENT_PREFIX_PATH=/home/thisum/my_ws/src/install/moveit_setup_framework:/home/thisum/my_ws/src/install/moveit_ros_visualization:/home/thisum/my_ws/src/install/moveit_ros_planning_interface:/home/thisum/my_ws/src/install/moveit_ros_move_group:/home/thisum/my_ws/src/install/moveit_ros_warehouse:/home/thisum/my_ws/src/install/moveit_ros_robot_interaction:/home/thisum/my_ws/src/install/moveit_planners_ompl:/home/thisum/my_ws/src/install/moveit_kinematics:/home/thisum/my_ws/src/install/moveit_ros_planning:/home/thisum/my_ws/src/install/moveit_simple_controller_manager:/home/thisum/my_ws/src/install/moveit_ros_occupancy_map_monitor:/home/thisum/my_ws/src/install/moveit_core:/home/thisum/my_ws/src/install/moveit_resources_panda_moveit_config:/home/thisum/my_ws/src/install/moveit_resources_fanuc_moveit_config:/home/thisum/my_ws/src/install/moveit_configs_utils:/home/thisum/my_ws/src/install/srdfdom:/home/thisum/my_ws/src/install/moveit_resources_pr2_description:/home/thisum/my_ws/src/install/moveit_resources_panda_description:/home/thisum/my_ws/src/install/moveit_resources_fanuc_description:/home/thisum/my_ws/src/install/moveit_common:/home/thisum/my_ws/src/install/launch_param_builder:${AMENT_PREFIX_PATH} CMAKE_PREFIX_PATH=/home/thisum/my_ws/src/install/moveit_setup_framework:/home/thisum/my_ws/src/install/moveit_ros_visualization:/home/thisum/my_ws/src/install/moveit_ros_planning_interface:/home/thisum/my_ws/src/install/moveit_ros_move_group:/home/thisum/my_ws/src/install/moveit_ros_warehouse:/home/thisum/my_ws/src/install/moveit_ros_robot_interaction:/home/thisum/my_ws/src/install/moveit_planners_ompl:/home/thisum/my_ws/src/install/moveit_kinematics:/home/thisum/my_ws/src/install/moveit_ros_planning:/home/thisum/my_ws/src/install/moveit_simple_controller_manager:/home/thisum/my_ws/src/install/moveit_ros_occupancy_map_monitor:/home/thisum/my_ws/src/install/moveit_core:/home/thisum/my_ws/src/install/moveit_resources_panda_moveit_config:/home/thisum/my_ws/src/install/moveit_resources_fanuc_moveit_config:/home/thisum/my_ws/src/install/srdfdom:/home/thisum/my_ws/src/install/moveit_resources_pr2_description:/home/thisum/my_ws/src/install/moveit_resources_panda_description:/home/thisum/my_ws/src/install/moveit_resources_fanuc_description:/home/thisum/my_ws/src/install/moveit_common:/home/thisum/my_ws/install/pilz_industrial_motion_planner_testutils:/home/thisum/my_ws/install/moveit_runtime:/home/thisum/my_ws/install/moveit2_tutorials:/home/thisum/my_ws/install/moveit:/home/thisum/my_ws/install/arm_config:/home/thisum/my_ws/install/moveit_planners:/home/thisum/my_ws/install/pilz_industrial_motion_planner:/home/thisum/my_ws/install/moveit_visual_tools:/home/thisum/my_ws/install/moveit_task_constructor_visualization:/home/thisum/my_ws/install/moveit_task_constructor_demo:/home/thisum/my_ws/install/moveit_task_constructor_capabilities:/home/thisum/my_ws/install/moveit_task_constructor_core:/home/thisum/my_ws/install/moveit_ros_control_interface:/home/thisum/my_ws/install/moveit_plugins:/home/thisum/my_ws/install/moveit_simple_controller_manager:/home/thisum/my_ws/install/moveit_setup_assistant:/home/thisum/my_ws/install/moveit_setup_srdf_plugins:/home/thisum/my_ws/install/moveit_setup_core_plugins:/home/thisum/my_ws/install/moveit_setup_controllers:/home/thisum/my_ws/install/moveit_setup_app_plugins:/home/thisum/my_ws/install/moveit_setup_framework:/home/thisum/my_ws/install/moveit_servo:/home/thisum/my_ws/install/moveit_ros:/home/thisum/my_ws/install/moveit_ros_visualization:/home/thisum/my_ws/install/moveit_hybrid_planning:/home/thisum/my_ws/install/moveit_ros_planning_interface:/home/thisum/my_ws/install/moveit_ros_benchmarks:/home/thisum/my_ws/install/moveit_ros_warehouse:/home/thisum/my_ws/install/moveit_ros_robot_interaction:/home/thisum/my_ws/install/moveit_ros_perception:/home/thisum/my_ws/install/moveit_resources_prbt_pg70_support:/home/thisum/my_ws/install/moveit_resources_prbt_moveit_config:/home/thisum/my_ws/install/moveit_ros_move_group:/home/thisum/my_ws/install/moveit_planners_ompl:/home/thisum/my_ws/install/moveit_ros_planning:/home/thisum/my_ws/install/moveit_ros_occupancy_map_monitor:/home/thisum/my_ws/install/moveit_resources_prbt_ikfast_manipulator_plugin:/home/thisum/my_ws/install/moveit_planners_chomp:/home/thisum/my_ws/install/moveit_kinematics:/home/thisum/my_ws/install/moveit_chomp_optimizer_adapter:/home/thisum/my_ws/install/chomp_motion_planner:/home/thisum/my_ws/install/moveit_core:/home/thisum/my_ws/install/srdfdom:/home/thisum/my_ws/install/rviz_marker_tools:/home/thisum/my_ws/install/rosparam_shortcuts:/home/thisum/my_ws/install/new_full_arm:/home/thisum/my_ws/install/moveit_task_constructor_msgs:/home/thisum/my_ws/install/moveit_resources_prbt_support:/home/thisum/my_ws/install/moveit_resources:/home/thisum/my_ws/install/moveit_resources_pr2_description:/home/thisum/my_ws/install/moveit_resources_panda_moveit_config:/home/thisum/my_ws/install/moveit_resources_panda_description:/home/thisum/my_ws/install/moveit_resources_fanuc_moveit_config:/home/thisum/my_ws/install/moveit_resources_fanuc_description:/home/thisum/my_ws/install/moveit_common:/home/thisum/arm_ws/install/x:/home/thisum/arm_ws/install/robotiq_description:/home/thisum/arm_ws/install/robotiq_controllers:/home/thisum/arm_ws/install/arm_config:/home/thisum/my_ws/install/moveit_configs_utils:/home/thisum/my_ws/install/launch_param_builder:/home/thisum/arm_ws/install/moveit_configs_utils:/opt/ros/humble:/home/thisum/arm_ws/install/new_full_arm:/home/thisum/arm_ws/install/moveit_resources_prbt_support:/home/thisum/arm_ws/install/moveit_resources_pr2_description:/home/thisum/arm_ws/install/moveit_resources_panda_description:/home/thisum/arm_ws/install/moveit_resources_fanuc_description:/home/thisum/arm_ws/install/moveit_msgs:/home/thisum/arm_ws/install/moveit_common:/home/thisum/arm_ws/install/kortex_api LD_LIBRARY_PATH=/home/thisum/my_ws/src/install/moveit_setup_framework/lib:/home/thisum/my_ws/src/install/moveit_ros_visualization/lib:/home/thisum/my_ws/src/install/moveit_ros_planning_interface/lib:/home/thisum/my_ws/src/install/moveit_ros_move_group/lib:/home/thisum/my_ws/src/install/moveit_ros_warehouse/lib:/home/thisum/my_ws/src/install/moveit_ros_robot_interaction/lib:/home/thisum/my_ws/src/install/moveit_planners_ompl/lib:/home/thisum/my_ws/src/install/moveit_kinematics/lib:/home/thisum/my_ws/src/install/moveit_ros_planning/lib:/home/thisum/my_ws/src/install/moveit_simple_controller_manager/lib:/home/thisum/my_ws/src/install/moveit_ros_occupancy_map_monitor/lib:/home/thisum/my_ws/src/install/moveit_core/lib:/home/thisum/my_ws/src/install/srdfdom/lib:${LD_LIBRARY_PATH} PATH=/home/thisum/my_ws/src/install/moveit_core/bin:${PATH} PYTHONPATH=/home/thisum/my_ws/src/install/moveit_configs_utils/lib/python3.10/site-packages:/home/thisum/my_ws/src/install/srdfdom/local/lib/python3.10/dist-packages:/home/thisum/my_ws/src/install/launch_param_builder/lib/python3.10/site-packages:${PYTHONPATH} /usr/bin/cmake /home/thisum/my_ws/src/moveit2/moveit_setup_assistant/moveit_setup_controllers -DCMAKE_BUILD_TYPE=Release -DCMAKE_INSTALL_PREFIX=/home/thisum/my_ws/src/install/moveit_setup_controllers
[0.262s] -- The C compiler identification is GNU 11.4.0
[0.347s] -- The CXX compiler identification is GNU 11.4.0
[0.359s] -- Detecting C compiler ABI info
[0.510s] -- Detecting C compiler ABI info - done
[0.516s] -- Check for working C compiler: /usr/bin/cc - skipped
[0.516s] -- Detecting C compile features
[0.516s] -- Detecting C compile features - done
[0.520s] -- Detecting CXX compiler ABI info
[0.699s] -- Detecting CXX compiler ABI info - done
[0.707s] -- Check for working CXX compiler: /usr/bin/c++ - skipped
[0.707s] -- Detecting CXX compile features
[0.708s] -- Detecting CXX compile features - done
[0.713s] -- Found moveit_common: 2.5.5 (/home/thisum/my_ws/src/install/moveit_common/share/moveit_common/cmake)
[0.728s] -- Found ament_cmake: 1.3.9 (/opt/ros/humble/share/ament_cmake/cmake)
[0.959s] -- Found Python3: /usr/bin/python3 (found version "3.10.12") found components: Interpreter 
[1.333s] -- Found libdw: /usr/lib/x86_64-linux-gnu/libdw.so  
[1.342s] -- Could NOT find libbfd (missing: LIBBFD_LIBRARY LIBBFD_INCLUDE_DIR) 
[1.342s] -- BACKWARD_HAS_UNWIND=1
[1.342s] -- BACKWARD_HAS_BACKTRACE=0
[1.342s] -- BACKWARD_HAS_BACKTRACE_SYMBOL=0
[1.342s] -- BACKWARD_HAS_DW=1
[1.342s] -- BACKWARD_HAS_BFD=0
[1.342s] -- Found Backward: /opt/ros/humble/share/backward_ros/cmake  
[1.356s] -- Found ament_cmake_ros: 0.10.0 (/opt/ros/humble/share/ament_cmake_ros/cmake)
[1.413s] -- Found ament_index_cpp: 1.4.0 (/opt/ros/humble/share/ament_index_cpp/cmake)
[1.414s] -- Found moveit_setup_framework: 2.5.5 (/home/thisum/my_ws/src/install/moveit_setup_framework/share/moveit_setup_framework/cmake)
[1.608s] -- Found rosidl_generator_c: 3.1.5 (/opt/ros/humble/share/rosidl_generator_c/cmake)
[1.645s] -- Found rosidl_adapter: 3.1.5 (/opt/ros/humble/share/rosidl_adapter/cmake)
[1.678s] -- Found rosidl_generator_cpp: 3.1.5 (/opt/ros/humble/share/rosidl_generator_cpp/cmake)
[1.723s] -- Using all available rosidl_typesupport_c: rosidl_typesupport_fastrtps_c;rosidl_typesupport_introspection_c
[1.787s] -- Using all available rosidl_typesupport_cpp: rosidl_typesupport_fastrtps_cpp;rosidl_typesupport_introspection_cpp
[1.999s] -- Found rmw_implementation_cmake: 6.1.2 (/opt/ros/humble/share/rmw_implementation_cmake/cmake)
[2.021s] -- Found rmw_fastrtps_cpp: 6.2.6 (/opt/ros/humble/share/rmw_fastrtps_cpp/cmake)
[2.304s] -- Found OpenSSL: /usr/lib/x86_64-linux-gnu/libcrypto.so (found version "3.0.2")  
[2.356s] -- Found FastRTPS: /opt/ros/humble/include  
[2.451s] -- Using RMW implementation 'rmw_fastrtps_cpp' as default
[2.500s] -- Looking for pthread.h
[2.695s] -- Looking for pthread.h - found
[2.695s] -- Performing Test CMAKE_HAVE_LIBC_PTHREAD
[2.879s] -- Performing Test CMAKE_HAVE_LIBC_PTHREAD - Success
[2.880s] -- Found Threads: TRUE  
[3.349s] -- Found Boost: /usr/lib/x86_64-linux-gnu/cmake/Boost-1.74.0/BoostConfig.cmake (found version "1.74.0") found components: chrono date_time filesystem iostreams program_options regex serialization system thread 
[3.518s] -- Found parameter_traits: 0.3.8 (/opt/ros/humble/share/parameter_traits/cmake)
[3.576s] -- Found Eigen3: TRUE (found version "3.4.0") 
[3.591s] -- Found rclcpp_lifecycle: 16.0.9 (/opt/ros/humble/share/rclcpp_lifecycle/cmake)
[3.674s] -- Found Boost: /usr/lib/x86_64-linux-gnu/cmake/Boost-1.74.0/BoostConfig.cmake (found version "1.74.0") found components: filesystem 
[4.044s] -- library: /usr/lib/x86_64-linux-gnu/libcurl.so
[4.441s] -- Ensuring Eigen3 include directory is part of orocos-kdl CMake target
[6.005s] -- Found Boost: /usr/lib/x86_64-linux-gnu/cmake/Boost-1.74.0/BoostConfig.cmake (found version "1.74.0") found components: system filesystem date_time program_options thread chrono 
[6.537s] -- Found Boost: /usr/lib/x86_64-linux-gnu/cmake/Boost-1.74.0/BoostConfig.cmake (found version "1.74.0") found components: thread date_time system filesystem 
[6.625s] -- Found Boost: /usr/lib/x86_64-linux-gnu/cmake/Boost-1.74.0/BoostConfig.cmake (found version "1.74.0") found components: date_time filesystem program_options system thread 
[6.819s] -- Found Boost: /usr/lib/x86_64-linux-gnu/cmake/Boost-1.74.0/BoostConfig.cmake (found version "1.74.0") found components: thread system filesystem regex date_time program_options 
[7.089s] -- Found Boost: /usr/lib/x86_64-linux-gnu/cmake/Boost-1.74.0/BoostConfig.cmake (found version "1.74.0") found components: system filesystem date_time program_options thread 
[8.264s] -- Setting OGRE_DIR to: '/opt/ros/humble/share/rviz_ogre_vendor/cmake/../../../opt/rviz_ogre_vendor/lib/OGRE/cmake'
[8.266s] -- Found OGRE
[8.266s] --   static     : OFF
[8.266s] --   components : HLMS;MeshLodGenerator;Overlay;Paging;Property;RTShaderSystem;Terrain;Volume
[8.266s] --   plugins    : Plugin_BSPSceneManager;Plugin_OctreeSceneManager;Plugin_PCZSceneManager;Plugin_ParticleFX;RenderSystem_GL;RenderSystem_GL3Plus;Codec_STBI
[8.266s] --   media      : /opt/ros/humble/opt/rviz_ogre_vendor/share/OGRE/Media
[8.266s] -- OGRE_LIBRARIES: OgreHLMS;OgreMeshLodGenerator;OgreOverlay;OgrePaging;OgreProperty;OgreRTShaderSystem;OgreTerrain;OgreVolume;OgreMain
[8.266s] -- OGRE_LIBRARY_DIRS: /opt/ros/humble/opt/rviz_ogre_vendor/lib
[8.266s] -- OGRE_PLUGINS: Plugin_BSPSceneManager;Plugin_OctreeSceneManager;Plugin_PCZSceneManager;Plugin_ParticleFX;RenderSystem_GL;RenderSystem_GL3Plus;Codec_STBI
[8.266s] -- OGRE_PLUGIN_DIR: /opt/ros/humble/opt/rviz_ogre_vendor/lib/OGRE
[8.267s] -- rviz_ogre_vendor::OgreOverlay for IMPORTED_LOCATION_RELEASE: /opt/ros/humble/opt/rviz_ogre_vendor/lib/libOgreOverlay.so
[8.267s] -- rviz_ogre_vendor::OgreOverlay for IMPORTED_LOCATION_DEBUG: /opt/ros/humble/opt/rviz_ogre_vendor/lib/libOgreOverlay.so
[8.267s] -- rviz_ogre_vendor::OgreMain for IMPORTED_LOCATION_RELEASE: /opt/ros/humble/opt/rviz_ogre_vendor/lib/libOgreMain.so
[8.267s] -- rviz_ogre_vendor::OgreMain for IMPORTED_LOCATION_DEBUG: /opt/ros/humble/opt/rviz_ogre_vendor/lib/libOgreMain.so
[8.311s] -- Found ZLIB: /usr/lib/x86_64-linux-gnu/libz.so (found version "1.2.11") 
[8.324s] -- Found OpenGL: /usr/lib/x86_64-linux-gnu/libOpenGL.so   
[8.579s] -- Found X11: /usr/include   
[8.579s] -- Looking for XOpenDisplay in /usr/lib/x86_64-linux-gnu/libX11.so;/usr/lib/x86_64-linux-gnu/libXext.so
[8.796s] -- Looking for XOpenDisplay in /usr/lib/x86_64-linux-gnu/libX11.so;/usr/lib/x86_64-linux-gnu/libXext.so - found
[8.796s] -- Looking for gethostbyname
[8.981s] -- Looking for gethostbyname - found
[8.981s] -- Looking for connect
[9.162s] -- Looking for connect - found
[9.163s] -- Looking for remove
[9.352s] -- Looking for remove - found
[9.353s] -- Looking for shmat
[9.533s] -- Looking for shmat - found
[9.533s] -- Looking for IceConnectionNumber in ICE
[9.725s] -- Looking for IceConnectionNumber in ICE - found
[9.730s] -- rviz_ogre_vendor::RenderSystem_GL for IMPORTED_LOCATION_RELEASE: _render_system_gl_static_library_abs-NOTFOUND
[9.730s] -- rviz_ogre_vendor::RenderSystem_GL for IMPORTED_LOCATION_DEBUG: _render_system_gl_static_library_abs-NOTFOUND
[10.627s] -- Found ament_lint_auto: 0.12.11 (/opt/ros/humble/share/ament_lint_auto/cmake)
[10.734s] -- Found gtest sources under '/opt/ros/humble/src/gtest_vendor': C++ tests using 'Google Test' will be built
[10.748s] -- Added test 'lint_cmake' to check CMake code style
[10.750s] -- Added test 'xmllint' to check XML markup files
[10.757s] -- Configuring done
[10.909s] -- Generating done
[10.916s] -- Build files have been written to: /home/thisum/my_ws/src/build/moveit_setup_controllers
[10.945s] Invoked command in '/home/thisum/my_ws/src/build/moveit_setup_controllers' returned '0': AMENT_PREFIX_PATH=/home/thisum/my_ws/src/install/moveit_setup_framework:/home/thisum/my_ws/src/install/moveit_ros_visualization:/home/thisum/my_ws/src/install/moveit_ros_planning_interface:/home/thisum/my_ws/src/install/moveit_ros_move_group:/home/thisum/my_ws/src/install/moveit_ros_warehouse:/home/thisum/my_ws/src/install/moveit_ros_robot_interaction:/home/thisum/my_ws/src/install/moveit_planners_ompl:/home/thisum/my_ws/src/install/moveit_kinematics:/home/thisum/my_ws/src/install/moveit_ros_planning:/home/thisum/my_ws/src/install/moveit_simple_controller_manager:/home/thisum/my_ws/src/install/moveit_ros_occupancy_map_monitor:/home/thisum/my_ws/src/install/moveit_core:/home/thisum/my_ws/src/install/moveit_resources_panda_moveit_config:/home/thisum/my_ws/src/install/moveit_resources_fanuc_moveit_config:/home/thisum/my_ws/src/install/moveit_configs_utils:/home/thisum/my_ws/src/install/srdfdom:/home/thisum/my_ws/src/install/moveit_resources_pr2_description:/home/thisum/my_ws/src/install/moveit_resources_panda_description:/home/thisum/my_ws/src/install/moveit_resources_fanuc_description:/home/thisum/my_ws/src/install/moveit_common:/home/thisum/my_ws/src/install/launch_param_builder:${AMENT_PREFIX_PATH} CMAKE_PREFIX_PATH=/home/thisum/my_ws/src/install/moveit_setup_framework:/home/thisum/my_ws/src/install/moveit_ros_visualization:/home/thisum/my_ws/src/install/moveit_ros_planning_interface:/home/thisum/my_ws/src/install/moveit_ros_move_group:/home/thisum/my_ws/src/install/moveit_ros_warehouse:/home/thisum/my_ws/src/install/moveit_ros_robot_interaction:/home/thisum/my_ws/src/install/moveit_planners_ompl:/home/thisum/my_ws/src/install/moveit_kinematics:/home/thisum/my_ws/src/install/moveit_ros_planning:/home/thisum/my_ws/src/install/moveit_simple_controller_manager:/home/thisum/my_ws/src/install/moveit_ros_occupancy_map_monitor:/home/thisum/my_ws/src/install/moveit_core:/home/thisum/my_ws/src/install/moveit_resources_panda_moveit_config:/home/thisum/my_ws/src/install/moveit_resources_fanuc_moveit_config:/home/thisum/my_ws/src/install/srdfdom:/home/thisum/my_ws/src/install/moveit_resources_pr2_description:/home/thisum/my_ws/src/install/moveit_resources_panda_description:/home/thisum/my_ws/src/install/moveit_resources_fanuc_description:/home/thisum/my_ws/src/install/moveit_common:/home/thisum/my_ws/install/pilz_industrial_motion_planner_testutils:/home/thisum/my_ws/install/moveit_runtime:/home/thisum/my_ws/install/moveit2_tutorials:/home/thisum/my_ws/install/moveit:/home/thisum/my_ws/install/arm_config:/home/thisum/my_ws/install/moveit_planners:/home/thisum/my_ws/install/pilz_industrial_motion_planner:/home/thisum/my_ws/install/moveit_visual_tools:/home/thisum/my_ws/install/moveit_task_constructor_visualization:/home/thisum/my_ws/install/moveit_task_constructor_demo:/home/thisum/my_ws/install/moveit_task_constructor_capabilities:/home/thisum/my_ws/install/moveit_task_constructor_core:/home/thisum/my_ws/install/moveit_ros_control_interface:/home/thisum/my_ws/install/moveit_plugins:/home/thisum/my_ws/install/moveit_simple_controller_manager:/home/thisum/my_ws/install/moveit_setup_assistant:/home/thisum/my_ws/install/moveit_setup_srdf_plugins:/home/thisum/my_ws/install/moveit_setup_core_plugins:/home/thisum/my_ws/install/moveit_setup_controllers:/home/thisum/my_ws/install/moveit_setup_app_plugins:/home/thisum/my_ws/install/moveit_setup_framework:/home/thisum/my_ws/install/moveit_servo:/home/thisum/my_ws/install/moveit_ros:/home/thisum/my_ws/install/moveit_ros_visualization:/home/thisum/my_ws/install/moveit_hybrid_planning:/home/thisum/my_ws/install/moveit_ros_planning_interface:/home/thisum/my_ws/install/moveit_ros_benchmarks:/home/thisum/my_ws/install/moveit_ros_warehouse:/home/thisum/my_ws/install/moveit_ros_robot_interaction:/home/thisum/my_ws/install/moveit_ros_perception:/home/thisum/my_ws/install/moveit_resources_prbt_pg70_support:/home/thisum/my_ws/install/moveit_resources_prbt_moveit_config:/home/thisum/my_ws/install/moveit_ros_move_group:/home/thisum/my_ws/install/moveit_planners_ompl:/home/thisum/my_ws/install/moveit_ros_planning:/home/thisum/my_ws/install/moveit_ros_occupancy_map_monitor:/home/thisum/my_ws/install/moveit_resources_prbt_ikfast_manipulator_plugin:/home/thisum/my_ws/install/moveit_planners_chomp:/home/thisum/my_ws/install/moveit_kinematics:/home/thisum/my_ws/install/moveit_chomp_optimizer_adapter:/home/thisum/my_ws/install/chomp_motion_planner:/home/thisum/my_ws/install/moveit_core:/home/thisum/my_ws/install/srdfdom:/home/thisum/my_ws/install/rviz_marker_tools:/home/thisum/my_ws/install/rosparam_shortcuts:/home/thisum/my_ws/install/new_full_arm:/home/thisum/my_ws/install/moveit_task_constructor_msgs:/home/thisum/my_ws/install/moveit_resources_prbt_support:/home/thisum/my_ws/install/moveit_resources:/home/thisum/my_ws/install/moveit_resources_pr2_description:/home/thisum/my_ws/install/moveit_resources_panda_moveit_config:/home/thisum/my_ws/install/moveit_resources_panda_description:/home/thisum/my_ws/install/moveit_resources_fanuc_moveit_config:/home/thisum/my_ws/install/moveit_resources_fanuc_description:/home/thisum/my_ws/install/moveit_common:/home/thisum/arm_ws/install/x:/home/thisum/arm_ws/install/robotiq_description:/home/thisum/arm_ws/install/robotiq_controllers:/home/thisum/arm_ws/install/arm_config:/home/thisum/my_ws/install/moveit_configs_utils:/home/thisum/my_ws/install/launch_param_builder:/home/thisum/arm_ws/install/moveit_configs_utils:/opt/ros/humble:/home/thisum/arm_ws/install/new_full_arm:/home/thisum/arm_ws/install/moveit_resources_prbt_support:/home/thisum/arm_ws/install/moveit_resources_pr2_description:/home/thisum/arm_ws/install/moveit_resources_panda_description:/home/thisum/arm_ws/install/moveit_resources_fanuc_description:/home/thisum/arm_ws/install/moveit_msgs:/home/thisum/arm_ws/install/moveit_common:/home/thisum/arm_ws/install/kortex_api LD_LIBRARY_PATH=/home/thisum/my_ws/src/install/moveit_setup_framework/lib:/home/thisum/my_ws/src/install/moveit_ros_visualization/lib:/home/thisum/my_ws/src/install/moveit_ros_planning_interface/lib:/home/thisum/my_ws/src/install/moveit_ros_move_group/lib:/home/thisum/my_ws/src/install/moveit_ros_warehouse/lib:/home/thisum/my_ws/src/install/moveit_ros_robot_interaction/lib:/home/thisum/my_ws/src/install/moveit_planners_ompl/lib:/home/thisum/my_ws/src/install/moveit_kinematics/lib:/home/thisum/my_ws/src/install/moveit_ros_planning/lib:/home/thisum/my_ws/src/install/moveit_simple_controller_manager/lib:/home/thisum/my_ws/src/install/moveit_ros_occupancy_map_monitor/lib:/home/thisum/my_ws/src/install/moveit_core/lib:/home/thisum/my_ws/src/install/srdfdom/lib:${LD_LIBRARY_PATH} PATH=/home/thisum/my_ws/src/install/moveit_core/bin:${PATH} PYTHONPATH=/home/thisum/my_ws/src/install/moveit_configs_utils/lib/python3.10/site-packages:/home/thisum/my_ws/src/install/srdfdom/local/lib/python3.10/dist-packages:/home/thisum/my_ws/src/install/launch_param_builder/lib/python3.10/site-packages:${PYTHONPATH} /usr/bin/cmake /home/thisum/my_ws/src/moveit2/moveit_setup_assistant/moveit_setup_controllers -DCMAKE_BUILD_TYPE=Release -DCMAKE_INSTALL_PREFIX=/home/thisum/my_ws/src/install/moveit_setup_controllers
[10.946s] Invoking command in '/home/thisum/my_ws/src/build/moveit_setup_controllers': AMENT_PREFIX_PATH=/home/thisum/my_ws/src/install/moveit_setup_framework:/home/thisum/my_ws/src/install/moveit_ros_visualization:/home/thisum/my_ws/src/install/moveit_ros_planning_interface:/home/thisum/my_ws/src/install/moveit_ros_move_group:/home/thisum/my_ws/src/install/moveit_ros_warehouse:/home/thisum/my_ws/src/install/moveit_ros_robot_interaction:/home/thisum/my_ws/src/install/moveit_planners_ompl:/home/thisum/my_ws/src/install/moveit_kinematics:/home/thisum/my_ws/src/install/moveit_ros_planning:/home/thisum/my_ws/src/install/moveit_simple_controller_manager:/home/thisum/my_ws/src/install/moveit_ros_occupancy_map_monitor:/home/thisum/my_ws/src/install/moveit_core:/home/thisum/my_ws/src/install/moveit_resources_panda_moveit_config:/home/thisum/my_ws/src/install/moveit_resources_fanuc_moveit_config:/home/thisum/my_ws/src/install/moveit_configs_utils:/home/thisum/my_ws/src/install/srdfdom:/home/thisum/my_ws/src/install/moveit_resources_pr2_description:/home/thisum/my_ws/src/install/moveit_resources_panda_description:/home/thisum/my_ws/src/install/moveit_resources_fanuc_description:/home/thisum/my_ws/src/install/moveit_common:/home/thisum/my_ws/src/install/launch_param_builder:${AMENT_PREFIX_PATH} CMAKE_PREFIX_PATH=/home/thisum/my_ws/src/install/moveit_setup_framework:/home/thisum/my_ws/src/install/moveit_ros_visualization:/home/thisum/my_ws/src/install/moveit_ros_planning_interface:/home/thisum/my_ws/src/install/moveit_ros_move_group:/home/thisum/my_ws/src/install/moveit_ros_warehouse:/home/thisum/my_ws/src/install/moveit_ros_robot_interaction:/home/thisum/my_ws/src/install/moveit_planners_ompl:/home/thisum/my_ws/src/install/moveit_kinematics:/home/thisum/my_ws/src/install/moveit_ros_planning:/home/thisum/my_ws/src/install/moveit_simple_controller_manager:/home/thisum/my_ws/src/install/moveit_ros_occupancy_map_monitor:/home/thisum/my_ws/src/install/moveit_core:/home/thisum/my_ws/src/install/moveit_resources_panda_moveit_config:/home/thisum/my_ws/src/install/moveit_resources_fanuc_moveit_config:/home/thisum/my_ws/src/install/srdfdom:/home/thisum/my_ws/src/install/moveit_resources_pr2_description:/home/thisum/my_ws/src/install/moveit_resources_panda_description:/home/thisum/my_ws/src/install/moveit_resources_fanuc_description:/home/thisum/my_ws/src/install/moveit_common:/home/thisum/my_ws/install/pilz_industrial_motion_planner_testutils:/home/thisum/my_ws/install/moveit_runtime:/home/thisum/my_ws/install/moveit2_tutorials:/home/thisum/my_ws/install/moveit:/home/thisum/my_ws/install/arm_config:/home/thisum/my_ws/install/moveit_planners:/home/thisum/my_ws/install/pilz_industrial_motion_planner:/home/thisum/my_ws/install/moveit_visual_tools:/home/thisum/my_ws/install/moveit_task_constructor_visualization:/home/thisum/my_ws/install/moveit_task_constructor_demo:/home/thisum/my_ws/install/moveit_task_constructor_capabilities:/home/thisum/my_ws/install/moveit_task_constructor_core:/home/thisum/my_ws/install/moveit_ros_control_interface:/home/thisum/my_ws/install/moveit_plugins:/home/thisum/my_ws/install/moveit_simple_controller_manager:/home/thisum/my_ws/install/moveit_setup_assistant:/home/thisum/my_ws/install/moveit_setup_srdf_plugins:/home/thisum/my_ws/install/moveit_setup_core_plugins:/home/thisum/my_ws/install/moveit_setup_controllers:/home/thisum/my_ws/install/moveit_setup_app_plugins:/home/thisum/my_ws/install/moveit_setup_framework:/home/thisum/my_ws/install/moveit_servo:/home/thisum/my_ws/install/moveit_ros:/home/thisum/my_ws/install/moveit_ros_visualization:/home/thisum/my_ws/install/moveit_hybrid_planning:/home/thisum/my_ws/install/moveit_ros_planning_interface:/home/thisum/my_ws/install/moveit_ros_benchmarks:/home/thisum/my_ws/install/moveit_ros_warehouse:/home/thisum/my_ws/install/moveit_ros_robot_interaction:/home/thisum/my_ws/install/moveit_ros_perception:/home/thisum/my_ws/install/moveit_resources_prbt_pg70_support:/home/thisum/my_ws/install/moveit_resources_prbt_moveit_config:/home/thisum/my_ws/install/moveit_ros_move_group:/home/thisum/my_ws/install/moveit_planners_ompl:/home/thisum/my_ws/install/moveit_ros_planning:/home/thisum/my_ws/install/moveit_ros_occupancy_map_monitor:/home/thisum/my_ws/install/moveit_resources_prbt_ikfast_manipulator_plugin:/home/thisum/my_ws/install/moveit_planners_chomp:/home/thisum/my_ws/install/moveit_kinematics:/home/thisum/my_ws/install/moveit_chomp_optimizer_adapter:/home/thisum/my_ws/install/chomp_motion_planner:/home/thisum/my_ws/install/moveit_core:/home/thisum/my_ws/install/srdfdom:/home/thisum/my_ws/install/rviz_marker_tools:/home/thisum/my_ws/install/rosparam_shortcuts:/home/thisum/my_ws/install/new_full_arm:/home/thisum/my_ws/install/moveit_task_constructor_msgs:/home/thisum/my_ws/install/moveit_resources_prbt_support:/home/thisum/my_ws/install/moveit_resources:/home/thisum/my_ws/install/moveit_resources_pr2_description:/home/thisum/my_ws/install/moveit_resources_panda_moveit_config:/home/thisum/my_ws/install/moveit_resources_panda_description:/home/thisum/my_ws/install/moveit_resources_fanuc_moveit_config:/home/thisum/my_ws/install/moveit_resources_fanuc_description:/home/thisum/my_ws/install/moveit_common:/home/thisum/arm_ws/install/x:/home/thisum/arm_ws/install/robotiq_description:/home/thisum/arm_ws/install/robotiq_controllers:/home/thisum/arm_ws/install/arm_config:/home/thisum/my_ws/install/moveit_configs_utils:/home/thisum/my_ws/install/launch_param_builder:/home/thisum/arm_ws/install/moveit_configs_utils:/opt/ros/humble:/home/thisum/arm_ws/install/new_full_arm:/home/thisum/arm_ws/install/moveit_resources_prbt_support:/home/thisum/arm_ws/install/moveit_resources_pr2_description:/home/thisum/arm_ws/install/moveit_resources_panda_description:/home/thisum/arm_ws/install/moveit_resources_fanuc_description:/home/thisum/arm_ws/install/moveit_msgs:/home/thisum/arm_ws/install/moveit_common:/home/thisum/arm_ws/install/kortex_api LD_LIBRARY_PATH=/home/thisum/my_ws/src/install/moveit_setup_framework/lib:/home/thisum/my_ws/src/install/moveit_ros_visualization/lib:/home/thisum/my_ws/src/install/moveit_ros_planning_interface/lib:/home/thisum/my_ws/src/install/moveit_ros_move_group/lib:/home/thisum/my_ws/src/install/moveit_ros_warehouse/lib:/home/thisum/my_ws/src/install/moveit_ros_robot_interaction/lib:/home/thisum/my_ws/src/install/moveit_planners_ompl/lib:/home/thisum/my_ws/src/install/moveit_kinematics/lib:/home/thisum/my_ws/src/install/moveit_ros_planning/lib:/home/thisum/my_ws/src/install/moveit_simple_controller_manager/lib:/home/thisum/my_ws/src/install/moveit_ros_occupancy_map_monitor/lib:/home/thisum/my_ws/src/install/moveit_core/lib:/home/thisum/my_ws/src/install/srdfdom/lib:${LD_LIBRARY_PATH} PATH=/home/thisum/my_ws/src/install/moveit_core/bin:${PATH} PYTHONPATH=/home/thisum/my_ws/src/install/moveit_configs_utils/lib/python3.10/site-packages:/home/thisum/my_ws/src/install/srdfdom/local/lib/python3.10/dist-packages:/home/thisum/my_ws/src/install/launch_param_builder/lib/python3.10/site-packages:${PYTHONPATH} /usr/bin/cmake --build /home/thisum/my_ws/src/build/moveit_setup_controllers -- -j6 -l6
[11.085s] [  6%] [34m[1mAutomatic MOC for target gtest[0m
[11.085s] [  6%] [34m[1mAutomatic MOC for target moveit_setup_controllers[0m
[11.085s] [  9%] [34m[1mAutomatic MOC for target gtest_main[0m
[11.169s] [  9%] Built target gtest_autogen
[11.176s] [  9%] Built target moveit_setup_controllers_autogen
[11.176s] [  9%] Built target gtest_main_autogen
[11.207s] [ 12%] [34m[1mGenerating include/moveit_setup_controllers/moc_controller_edit_widget.cpp[0m
[11.208s] [ 15%] [34m[1mGenerating include/moveit_setup_controllers/moc_urdf_modifications_widget.cpp[0m
[11.208s] [ 18%] [34m[1mGenerating include/moveit_setup_controllers/moc_controllers_widget.cpp[0m
[11.231s] [ 21%] [32mBuilding CXX object gtest/CMakeFiles/gtest.dir/gtest_autogen/mocs_compilation.cpp.o[0m
[11.238s] [ 24%] [32mBuilding CXX object gtest/CMakeFiles/gtest.dir/src/gtest-all.cc.o[0m
[11.239s] [ 27%] [32mBuilding CXX object gtest/CMakeFiles/gtest_main.dir/gtest_main_autogen/mocs_compilation.cpp.o[0m
[11.255s] [ 30%] [32mBuilding CXX object gtest/CMakeFiles/gtest_main.dir/src/gtest_main.cc.o[0m
[11.291s] [ 33%] [32mBuilding CXX object CMakeFiles/moveit_setup_controllers.dir/moveit_setup_controllers_autogen/mocs_compilation.cpp.o[0m
[11.292s] [ 36%] [32mBuilding CXX object CMakeFiles/moveit_setup_controllers.dir/src/control_xacro_config.cpp.o[0m
[11.299s] [ 39%] [32mBuilding CXX object CMakeFiles/moveit_setup_controllers.dir/src/controller_edit_widget.cpp.o[0m
[11.306s] [ 42%] [32mBuilding CXX object CMakeFiles/moveit_setup_controllers.dir/src/controllers.cpp.o[0m
[11.360s] [ 45%] [32mBuilding CXX object CMakeFiles/moveit_setup_controllers.dir/src/controllers_widget.cpp.o[0m
[12.662s] [ 48%] [32m[1mLinking CXX static library libgtest_main.a[0m
[13.240s] [ 48%] Built target gtest_main
[13.276s] [ 51%] [32mBuilding CXX object CMakeFiles/moveit_setup_controllers.dir/src/controllers_config.cpp.o[0m
[19.955s] [ 54%] [32m[1mLinking CXX static library libgtest.a[0m
[20.147s] [ 54%] Built target gtest
[30.735s] [ 57%] [32mBuilding CXX object CMakeFiles/moveit_setup_controllers.dir/src/ros2_controllers_widget.cpp.o[0m
[44.201s] [ 60%] [32mBuilding CXX object CMakeFiles/moveit_setup_controllers.dir/src/urdf_modifications.cpp.o[0m
[52.248s] [ 66%] [32mBuilding CXX object CMakeFiles/moveit_setup_controllers.dir/src/ros2_controllers_config.cpp.o[0m
[52.248s] [ 66%] [32mBuilding CXX object CMakeFiles/moveit_setup_controllers.dir/src/urdf_modifications_widget.cpp.o[0m
[53.284s] [ 69%] [32mBuilding CXX object CMakeFiles/moveit_setup_controllers.dir/src/moveit_controllers_widget.cpp.o[0m
[53.712s] [ 72%] [32mBuilding CXX object CMakeFiles/moveit_setup_controllers.dir/src/moveit_controllers_config.cpp.o[0m
[55.646s] [ 75%] [32mBuilding CXX object CMakeFiles/moveit_setup_controllers.dir/include/moveit_setup_controllers/moc_controller_edit_widget.cpp.o[0m
[55.674s] [ 78%] [32mBuilding CXX object CMakeFiles/moveit_setup_controllers.dir/src/modified_urdf_config.cpp.o[0m
[61.718s] [ 81%] [32mBuilding CXX object CMakeFiles/moveit_setup_controllers.dir/include/moveit_setup_controllers/moc_controllers_widget.cpp.o[0m
[77.009s] [ 84%] [32mBuilding CXX object CMakeFiles/moveit_setup_controllers.dir/include/moveit_setup_controllers/moc_urdf_modifications_widget.cpp.o[0m
[90.216s] [ 87%] [32m[1mLinking CXX shared library libmoveit_setup_controllers.so[0m
[90.850s] [ 87%] Built target moveit_setup_controllers
[90.907s] [ 90%] [34m[1mAutomatic MOC for target test_controllers[0m
[90.992s] [ 90%] Built target test_controllers_autogen
[91.051s] [ 96%] [32mBuilding CXX object CMakeFiles/test_controllers.dir/test_controllers_autogen/mocs_compilation.cpp.o[0m
[91.051s] [ 96%] [32mBuilding CXX object CMakeFiles/test_controllers.dir/test/test_controllers.cpp.o[0m
[104.970s] [100%] [32m[1mLinking CXX executable test_controllers[0m
[105.762s] [100%] Built target test_controllers
[105.791s] Invoked command in '/home/thisum/my_ws/src/build/moveit_setup_controllers' returned '0': AMENT_PREFIX_PATH=/home/thisum/my_ws/src/install/moveit_setup_framework:/home/thisum/my_ws/src/install/moveit_ros_visualization:/home/thisum/my_ws/src/install/moveit_ros_planning_interface:/home/thisum/my_ws/src/install/moveit_ros_move_group:/home/thisum/my_ws/src/install/moveit_ros_warehouse:/home/thisum/my_ws/src/install/moveit_ros_robot_interaction:/home/thisum/my_ws/src/install/moveit_planners_ompl:/home/thisum/my_ws/src/install/moveit_kinematics:/home/thisum/my_ws/src/install/moveit_ros_planning:/home/thisum/my_ws/src/install/moveit_simple_controller_manager:/home/thisum/my_ws/src/install/moveit_ros_occupancy_map_monitor:/home/thisum/my_ws/src/install/moveit_core:/home/thisum/my_ws/src/install/moveit_resources_panda_moveit_config:/home/thisum/my_ws/src/install/moveit_resources_fanuc_moveit_config:/home/thisum/my_ws/src/install/moveit_configs_utils:/home/thisum/my_ws/src/install/srdfdom:/home/thisum/my_ws/src/install/moveit_resources_pr2_description:/home/thisum/my_ws/src/install/moveit_resources_panda_description:/home/thisum/my_ws/src/install/moveit_resources_fanuc_description:/home/thisum/my_ws/src/install/moveit_common:/home/thisum/my_ws/src/install/launch_param_builder:${AMENT_PREFIX_PATH} CMAKE_PREFIX_PATH=/home/thisum/my_ws/src/install/moveit_setup_framework:/home/thisum/my_ws/src/install/moveit_ros_visualization:/home/thisum/my_ws/src/install/moveit_ros_planning_interface:/home/thisum/my_ws/src/install/moveit_ros_move_group:/home/thisum/my_ws/src/install/moveit_ros_warehouse:/home/thisum/my_ws/src/install/moveit_ros_robot_interaction:/home/thisum/my_ws/src/install/moveit_planners_ompl:/home/thisum/my_ws/src/install/moveit_kinematics:/home/thisum/my_ws/src/install/moveit_ros_planning:/home/thisum/my_ws/src/install/moveit_simple_controller_manager:/home/thisum/my_ws/src/install/moveit_ros_occupancy_map_monitor:/home/thisum/my_ws/src/install/moveit_core:/home/thisum/my_ws/src/install/moveit_resources_panda_moveit_config:/home/thisum/my_ws/src/install/moveit_resources_fanuc_moveit_config:/home/thisum/my_ws/src/install/srdfdom:/home/thisum/my_ws/src/install/moveit_resources_pr2_description:/home/thisum/my_ws/src/install/moveit_resources_panda_description:/home/thisum/my_ws/src/install/moveit_resources_fanuc_description:/home/thisum/my_ws/src/install/moveit_common:/home/thisum/my_ws/install/pilz_industrial_motion_planner_testutils:/home/thisum/my_ws/install/moveit_runtime:/home/thisum/my_ws/install/moveit2_tutorials:/home/thisum/my_ws/install/moveit:/home/thisum/my_ws/install/arm_config:/home/thisum/my_ws/install/moveit_planners:/home/thisum/my_ws/install/pilz_industrial_motion_planner:/home/thisum/my_ws/install/moveit_visual_tools:/home/thisum/my_ws/install/moveit_task_constructor_visualization:/home/thisum/my_ws/install/moveit_task_constructor_demo:/home/thisum/my_ws/install/moveit_task_constructor_capabilities:/home/thisum/my_ws/install/moveit_task_constructor_core:/home/thisum/my_ws/install/moveit_ros_control_interface:/home/thisum/my_ws/install/moveit_plugins:/home/thisum/my_ws/install/moveit_simple_controller_manager:/home/thisum/my_ws/install/moveit_setup_assistant:/home/thisum/my_ws/install/moveit_setup_srdf_plugins:/home/thisum/my_ws/install/moveit_setup_core_plugins:/home/thisum/my_ws/install/moveit_setup_controllers:/home/thisum/my_ws/install/moveit_setup_app_plugins:/home/thisum/my_ws/install/moveit_setup_framework:/home/thisum/my_ws/install/moveit_servo:/home/thisum/my_ws/install/moveit_ros:/home/thisum/my_ws/install/moveit_ros_visualization:/home/thisum/my_ws/install/moveit_hybrid_planning:/home/thisum/my_ws/install/moveit_ros_planning_interface:/home/thisum/my_ws/install/moveit_ros_benchmarks:/home/thisum/my_ws/install/moveit_ros_warehouse:/home/thisum/my_ws/install/moveit_ros_robot_interaction:/home/thisum/my_ws/install/moveit_ros_perception:/home/thisum/my_ws/install/moveit_resources_prbt_pg70_support:/home/thisum/my_ws/install/moveit_resources_prbt_moveit_config:/home/thisum/my_ws/install/moveit_ros_move_group:/home/thisum/my_ws/install/moveit_planners_ompl:/home/thisum/my_ws/install/moveit_ros_planning:/home/thisum/my_ws/install/moveit_ros_occupancy_map_monitor:/home/thisum/my_ws/install/moveit_resources_prbt_ikfast_manipulator_plugin:/home/thisum/my_ws/install/moveit_planners_chomp:/home/thisum/my_ws/install/moveit_kinematics:/home/thisum/my_ws/install/moveit_chomp_optimizer_adapter:/home/thisum/my_ws/install/chomp_motion_planner:/home/thisum/my_ws/install/moveit_core:/home/thisum/my_ws/install/srdfdom:/home/thisum/my_ws/install/rviz_marker_tools:/home/thisum/my_ws/install/rosparam_shortcuts:/home/thisum/my_ws/install/new_full_arm:/home/thisum/my_ws/install/moveit_task_constructor_msgs:/home/thisum/my_ws/install/moveit_resources_prbt_support:/home/thisum/my_ws/install/moveit_resources:/home/thisum/my_ws/install/moveit_resources_pr2_description:/home/thisum/my_ws/install/moveit_resources_panda_moveit_config:/home/thisum/my_ws/install/moveit_resources_panda_description:/home/thisum/my_ws/install/moveit_resources_fanuc_moveit_config:/home/thisum/my_ws/install/moveit_resources_fanuc_description:/home/thisum/my_ws/install/moveit_common:/home/thisum/arm_ws/install/x:/home/thisum/arm_ws/install/robotiq_description:/home/thisum/arm_ws/install/robotiq_controllers:/home/thisum/arm_ws/install/arm_config:/home/thisum/my_ws/install/moveit_configs_utils:/home/thisum/my_ws/install/launch_param_builder:/home/thisum/arm_ws/install/moveit_configs_utils:/opt/ros/humble:/home/thisum/arm_ws/install/new_full_arm:/home/thisum/arm_ws/install/moveit_resources_prbt_support:/home/thisum/arm_ws/install/moveit_resources_pr2_description:/home/thisum/arm_ws/install/moveit_resources_panda_description:/home/thisum/arm_ws/install/moveit_resources_fanuc_description:/home/thisum/arm_ws/install/moveit_msgs:/home/thisum/arm_ws/install/moveit_common:/home/thisum/arm_ws/install/kortex_api LD_LIBRARY_PATH=/home/thisum/my_ws/src/install/moveit_setup_framework/lib:/home/thisum/my_ws/src/install/moveit_ros_visualization/lib:/home/thisum/my_ws/src/install/moveit_ros_planning_interface/lib:/home/thisum/my_ws/src/install/moveit_ros_move_group/lib:/home/thisum/my_ws/src/install/moveit_ros_warehouse/lib:/home/thisum/my_ws/src/install/moveit_ros_robot_interaction/lib:/home/thisum/my_ws/src/install/moveit_planners_ompl/lib:/home/thisum/my_ws/src/install/moveit_kinematics/lib:/home/thisum/my_ws/src/install/moveit_ros_planning/lib:/home/thisum/my_ws/src/install/moveit_simple_controller_manager/lib:/home/thisum/my_ws/src/install/moveit_ros_occupancy_map_monitor/lib:/home/thisum/my_ws/src/install/moveit_core/lib:/home/thisum/my_ws/src/install/srdfdom/lib:${LD_LIBRARY_PATH} PATH=/home/thisum/my_ws/src/install/moveit_core/bin:${PATH} PYTHONPATH=/home/thisum/my_ws/src/install/moveit_configs_utils/lib/python3.10/site-packages:/home/thisum/my_ws/src/install/srdfdom/local/lib/python3.10/dist-packages:/home/thisum/my_ws/src/install/launch_param_builder/lib/python3.10/site-packages:${PYTHONPATH} /usr/bin/cmake --build /home/thisum/my_ws/src/build/moveit_setup_controllers -- -j6 -l6
[106.091s] Invoking command in '/home/thisum/my_ws/src/build/moveit_setup_controllers': AMENT_PREFIX_PATH=/home/thisum/my_ws/src/install/moveit_setup_framework:/home/thisum/my_ws/src/install/moveit_ros_visualization:/home/thisum/my_ws/src/install/moveit_ros_planning_interface:/home/thisum/my_ws/src/install/moveit_ros_move_group:/home/thisum/my_ws/src/install/moveit_ros_warehouse:/home/thisum/my_ws/src/install/moveit_ros_robot_interaction:/home/thisum/my_ws/src/install/moveit_planners_ompl:/home/thisum/my_ws/src/install/moveit_kinematics:/home/thisum/my_ws/src/install/moveit_ros_planning:/home/thisum/my_ws/src/install/moveit_simple_controller_manager:/home/thisum/my_ws/src/install/moveit_ros_occupancy_map_monitor:/home/thisum/my_ws/src/install/moveit_core:/home/thisum/my_ws/src/install/moveit_resources_panda_moveit_config:/home/thisum/my_ws/src/install/moveit_resources_fanuc_moveit_config:/home/thisum/my_ws/src/install/moveit_configs_utils:/home/thisum/my_ws/src/install/srdfdom:/home/thisum/my_ws/src/install/moveit_resources_pr2_description:/home/thisum/my_ws/src/install/moveit_resources_panda_description:/home/thisum/my_ws/src/install/moveit_resources_fanuc_description:/home/thisum/my_ws/src/install/moveit_common:/home/thisum/my_ws/src/install/launch_param_builder:${AMENT_PREFIX_PATH} CMAKE_PREFIX_PATH=/home/thisum/my_ws/src/install/moveit_setup_framework:/home/thisum/my_ws/src/install/moveit_ros_visualization:/home/thisum/my_ws/src/install/moveit_ros_planning_interface:/home/thisum/my_ws/src/install/moveit_ros_move_group:/home/thisum/my_ws/src/install/moveit_ros_warehouse:/home/thisum/my_ws/src/install/moveit_ros_robot_interaction:/home/thisum/my_ws/src/install/moveit_planners_ompl:/home/thisum/my_ws/src/install/moveit_kinematics:/home/thisum/my_ws/src/install/moveit_ros_planning:/home/thisum/my_ws/src/install/moveit_simple_controller_manager:/home/thisum/my_ws/src/install/moveit_ros_occupancy_map_monitor:/home/thisum/my_ws/src/install/moveit_core:/home/thisum/my_ws/src/install/moveit_resources_panda_moveit_config:/home/thisum/my_ws/src/install/moveit_resources_fanuc_moveit_config:/home/thisum/my_ws/src/install/srdfdom:/home/thisum/my_ws/src/install/moveit_resources_pr2_description:/home/thisum/my_ws/src/install/moveit_resources_panda_description:/home/thisum/my_ws/src/install/moveit_resources_fanuc_description:/home/thisum/my_ws/src/install/moveit_common:/home/thisum/my_ws/install/pilz_industrial_motion_planner_testutils:/home/thisum/my_ws/install/moveit_runtime:/home/thisum/my_ws/install/moveit2_tutorials:/home/thisum/my_ws/install/moveit:/home/thisum/my_ws/install/arm_config:/home/thisum/my_ws/install/moveit_planners:/home/thisum/my_ws/install/pilz_industrial_motion_planner:/home/thisum/my_ws/install/moveit_visual_tools:/home/thisum/my_ws/install/moveit_task_constructor_visualization:/home/thisum/my_ws/install/moveit_task_constructor_demo:/home/thisum/my_ws/install/moveit_task_constructor_capabilities:/home/thisum/my_ws/install/moveit_task_constructor_core:/home/thisum/my_ws/install/moveit_ros_control_interface:/home/thisum/my_ws/install/moveit_plugins:/home/thisum/my_ws/install/moveit_simple_controller_manager:/home/thisum/my_ws/install/moveit_setup_assistant:/home/thisum/my_ws/install/moveit_setup_srdf_plugins:/home/thisum/my_ws/install/moveit_setup_core_plugins:/home/thisum/my_ws/install/moveit_setup_controllers:/home/thisum/my_ws/install/moveit_setup_app_plugins:/home/thisum/my_ws/install/moveit_setup_framework:/home/thisum/my_ws/install/moveit_servo:/home/thisum/my_ws/install/moveit_ros:/home/thisum/my_ws/install/moveit_ros_visualization:/home/thisum/my_ws/install/moveit_hybrid_planning:/home/thisum/my_ws/install/moveit_ros_planning_interface:/home/thisum/my_ws/install/moveit_ros_benchmarks:/home/thisum/my_ws/install/moveit_ros_warehouse:/home/thisum/my_ws/install/moveit_ros_robot_interaction:/home/thisum/my_ws/install/moveit_ros_perception:/home/thisum/my_ws/install/moveit_resources_prbt_pg70_support:/home/thisum/my_ws/install/moveit_resources_prbt_moveit_config:/home/thisum/my_ws/install/moveit_ros_move_group:/home/thisum/my_ws/install/moveit_planners_ompl:/home/thisum/my_ws/install/moveit_ros_planning:/home/thisum/my_ws/install/moveit_ros_occupancy_map_monitor:/home/thisum/my_ws/install/moveit_resources_prbt_ikfast_manipulator_plugin:/home/thisum/my_ws/install/moveit_planners_chomp:/home/thisum/my_ws/install/moveit_kinematics:/home/thisum/my_ws/install/moveit_chomp_optimizer_adapter:/home/thisum/my_ws/install/chomp_motion_planner:/home/thisum/my_ws/install/moveit_core:/home/thisum/my_ws/install/srdfdom:/home/thisum/my_ws/install/rviz_marker_tools:/home/thisum/my_ws/install/rosparam_shortcuts:/home/thisum/my_ws/install/new_full_arm:/home/thisum/my_ws/install/moveit_task_constructor_msgs:/home/thisum/my_ws/install/moveit_resources_prbt_support:/home/thisum/my_ws/install/moveit_resources:/home/thisum/my_ws/install/moveit_resources_pr2_description:/home/thisum/my_ws/install/moveit_resources_panda_moveit_config:/home/thisum/my_ws/install/moveit_resources_panda_description:/home/thisum/my_ws/install/moveit_resources_fanuc_moveit_config:/home/thisum/my_ws/install/moveit_resources_fanuc_description:/home/thisum/my_ws/install/moveit_common:/home/thisum/arm_ws/install/x:/home/thisum/arm_ws/install/robotiq_description:/home/thisum/arm_ws/install/robotiq_controllers:/home/thisum/arm_ws/install/arm_config:/home/thisum/my_ws/install/moveit_configs_utils:/home/thisum/my_ws/install/launch_param_builder:/home/thisum/arm_ws/install/moveit_configs_utils:/opt/ros/humble:/home/thisum/arm_ws/install/new_full_arm:/home/thisum/arm_ws/install/moveit_resources_prbt_support:/home/thisum/arm_ws/install/moveit_resources_pr2_description:/home/thisum/arm_ws/install/moveit_resources_panda_description:/home/thisum/arm_ws/install/moveit_resources_fanuc_description:/home/thisum/arm_ws/install/moveit_msgs:/home/thisum/arm_ws/install/moveit_common:/home/thisum/arm_ws/install/kortex_api LD_LIBRARY_PATH=/home/thisum/my_ws/src/install/moveit_setup_framework/lib:/home/thisum/my_ws/src/install/moveit_ros_visualization/lib:/home/thisum/my_ws/src/install/moveit_ros_planning_interface/lib:/home/thisum/my_ws/src/install/moveit_ros_move_group/lib:/home/thisum/my_ws/src/install/moveit_ros_warehouse/lib:/home/thisum/my_ws/src/install/moveit_ros_robot_interaction/lib:/home/thisum/my_ws/src/install/moveit_planners_ompl/lib:/home/thisum/my_ws/src/install/moveit_kinematics/lib:/home/thisum/my_ws/src/install/moveit_ros_planning/lib:/home/thisum/my_ws/src/install/moveit_simple_controller_manager/lib:/home/thisum/my_ws/src/install/moveit_ros_occupancy_map_monitor/lib:/home/thisum/my_ws/src/install/moveit_core/lib:/home/thisum/my_ws/src/install/srdfdom/lib:${LD_LIBRARY_PATH} PATH=/home/thisum/my_ws/src/install/moveit_core/bin:${PATH} PYTHONPATH=/home/thisum/my_ws/src/install/moveit_configs_utils/lib/python3.10/site-packages:/home/thisum/my_ws/src/install/srdfdom/local/lib/python3.10/dist-packages:/home/thisum/my_ws/src/install/launch_param_builder/lib/python3.10/site-packages:${PYTHONPATH} /usr/bin/cmake --install /home/thisum/my_ws/src/build/moveit_setup_controllers
[106.109s] -- Install configuration: "Release"
[106.110s] -- Installing: /home/thisum/my_ws/src/install/moveit_setup_controllers/share/moveit_setup_controllers/templates
[106.110s] -- Installing: /home/thisum/my_ws/src/install/moveit_setup_controllers/share/moveit_setup_controllers/templates/config
[106.110s] -- Installing: /home/thisum/my_ws/src/install/moveit_setup_controllers/share/moveit_setup_controllers/templates/config/ros2_control.xacro
[106.112s] -- Installing: /home/thisum/my_ws/src/install/moveit_setup_controllers/share/moveit_setup_controllers/templates/config/gazebo_controllers.yaml
[106.113s] -- Installing: /home/thisum/my_ws/src/install/moveit_setup_controllers/share/moveit_setup_controllers/templates/config/modified.urdf.xacro
[106.114s] -- Installing: /home/thisum/my_ws/src/install/moveit_setup_controllers/lib/libmoveit_setup_controllers.so
[106.116s] -- Set runtime path of "/home/thisum/my_ws/src/install/moveit_setup_controllers/lib/libmoveit_setup_controllers.so" to ""
[106.116s] -- Installing: /home/thisum/my_ws/src/install/moveit_setup_controllers/share/moveit_setup_controllers/moveit_setup_framework_plugins.xml
[106.118s] -- Installing: /home/thisum/my_ws/src/install/moveit_setup_controllers/include
[106.118s] -- Installing: /home/thisum/my_ws/src/install/moveit_setup_controllers/include/moveit_setup_controllers
[106.118s] -- Installing: /home/thisum/my_ws/src/install/moveit_setup_controllers/include/moveit_setup_controllers/controllers_config.hpp
[106.118s] -- Installing: /home/thisum/my_ws/src/install/moveit_setup_controllers/include/moveit_setup_controllers/controllers.hpp
[106.119s] -- Installing: /home/thisum/my_ws/src/install/moveit_setup_controllers/include/moveit_setup_controllers/urdf_modifications_widget.hpp
[106.119s] -- Installing: /home/thisum/my_ws/src/install/moveit_setup_controllers/include/moveit_setup_controllers/controller_edit_widget.hpp
[106.119s] -- Installing: /home/thisum/my_ws/src/install/moveit_setup_controllers/include/moveit_setup_controllers/ros2_controllers_config.hpp
[106.120s] -- Installing: /home/thisum/my_ws/src/install/moveit_setup_controllers/include/moveit_setup_controllers/controllers_widget.hpp
[106.120s] -- Installing: /home/thisum/my_ws/src/install/moveit_setup_controllers/include/moveit_setup_controllers/ros2_controllers.hpp
[106.120s] -- Installing: /home/thisum/my_ws/src/install/moveit_setup_controllers/include/moveit_setup_controllers/modified_urdf_config.hpp
[106.120s] -- Installing: /home/thisum/my_ws/src/install/moveit_setup_controllers/include/moveit_setup_controllers/control_xacro_config.hpp
[106.121s] -- Installing: /home/thisum/my_ws/src/install/moveit_setup_controllers/include/moveit_setup_controllers/included_xacro_config.hpp
[106.121s] -- Installing: /home/thisum/my_ws/src/install/moveit_setup_controllers/include/moveit_setup_controllers/urdf_modifications.hpp
[106.121s] -- Installing: /home/thisum/my_ws/src/install/moveit_setup_controllers/include/moveit_setup_controllers/moveit_controllers_config.hpp
[106.122s] -- Installing: /home/thisum/my_ws/src/install/moveit_setup_controllers/include/moveit_setup_controllers/moveit_controllers.hpp
[106.123s] -- Installing: /home/thisum/my_ws/src/install/moveit_setup_controllers/share/moveit_setup_controllers/launch
[106.123s] -- Installing: /home/thisum/my_ws/src/install/moveit_setup_controllers/share/moveit_setup_controllers/launch/control.launch.py
[106.125s] -- Installing: /home/thisum/my_ws/src/install/moveit_setup_controllers/share/moveit_setup_controllers/environment/library_path.sh
[106.125s] -- Installing: /home/thisum/my_ws/src/install/moveit_setup_controllers/share/moveit_setup_controllers/environment/library_path.dsv
[106.125s] -- Up-to-date: /home/thisum/my_ws/src/install/moveit_setup_controllers/share/moveit_setup_controllers/moveit_setup_framework_plugins.xml
[106.127s] -- Installing: /home/thisum/my_ws/src/install/moveit_setup_controllers/share/ament_index/resource_index/package_run_dependencies/moveit_setup_controllers
[106.128s] -- Installing: /home/thisum/my_ws/src/install/moveit_setup_controllers/share/ament_index/resource_index/parent_prefix_path/moveit_setup_controllers
[106.128s] -- Installing: /home/thisum/my_ws/src/install/moveit_setup_controllers/share/moveit_setup_controllers/environment/ament_prefix_path.sh
[106.133s] -- Installing: /home/thisum/my_ws/src/install/moveit_setup_controllers/share/moveit_setup_controllers/environment/ament_prefix_path.dsv
[106.133s] -- Installing: /home/thisum/my_ws/src/install/moveit_setup_controllers/share/moveit_setup_controllers/environment/path.sh
[106.133s] -- Installing: /home/thisum/my_ws/src/install/moveit_setup_controllers/share/moveit_setup_controllers/environment/path.dsv
[106.133s] -- Installing: /home/thisum/my_ws/src/install/moveit_setup_controllers/share/moveit_setup_controllers/local_setup.bash
[106.133s] -- Installing: /home/thisum/my_ws/src/install/moveit_setup_controllers/share/moveit_setup_controllers/local_setup.sh
[106.133s] -- Installing: /home/thisum/my_ws/src/install/moveit_setup_controllers/share/moveit_setup_controllers/local_setup.zsh
[106.133s] -- Installing: /home/thisum/my_ws/src/install/moveit_setup_controllers/share/moveit_setup_controllers/local_setup.dsv
[106.133s] -- Installing: /home/thisum/my_ws/src/install/moveit_setup_controllers/share/moveit_setup_controllers/package.dsv
[106.133s] -- Installing: /home/thisum/my_ws/src/install/moveit_setup_controllers/share/ament_index/resource_index/packages/moveit_setup_controllers
[106.133s] -- Installing: /home/thisum/my_ws/src/install/moveit_setup_controllers/share/ament_index/resource_index/moveit_setup_framework__pluginlib__plugin/moveit_setup_controllers
[106.133s] -- Installing: /home/thisum/my_ws/src/install/moveit_setup_controllers/share/moveit_setup_controllers/cmake/export_moveit_setup_controllersExport.cmake
[106.134s] -- Installing: /home/thisum/my_ws/src/install/moveit_setup_controllers/share/moveit_setup_controllers/cmake/export_moveit_setup_controllersExport-release.cmake
[106.134s] -- Installing: /home/thisum/my_ws/src/install/moveit_setup_controllers/share/moveit_setup_controllers/cmake/ament_cmake_export_include_directories-extras.cmake
[106.134s] -- Installing: /home/thisum/my_ws/src/install/moveit_setup_controllers/share/moveit_setup_controllers/cmake/ament_cmake_export_libraries-extras.cmake
[106.134s] -- Installing: /home/thisum/my_ws/src/install/moveit_setup_controllers/share/moveit_setup_controllers/cmake/ament_cmake_export_targets-extras.cmake
[106.134s] -- Installing: /home/thisum/my_ws/src/install/moveit_setup_controllers/share/moveit_setup_controllers/cmake/moveit_setup_controllersConfig.cmake
[106.134s] -- Installing: /home/thisum/my_ws/src/install/moveit_setup_controllers/share/moveit_setup_controllers/cmake/moveit_setup_controllersConfig-version.cmake
[106.134s] -- Installing: /home/thisum/my_ws/src/install/moveit_setup_controllers/share/moveit_setup_controllers/package.xml
[106.140s] Invoked command in '/home/thisum/my_ws/src/build/moveit_setup_controllers' returned '0': AMENT_PREFIX_PATH=/home/thisum/my_ws/src/install/moveit_setup_framework:/home/thisum/my_ws/src/install/moveit_ros_visualization:/home/thisum/my_ws/src/install/moveit_ros_planning_interface:/home/thisum/my_ws/src/install/moveit_ros_move_group:/home/thisum/my_ws/src/install/moveit_ros_warehouse:/home/thisum/my_ws/src/install/moveit_ros_robot_interaction:/home/thisum/my_ws/src/install/moveit_planners_ompl:/home/thisum/my_ws/src/install/moveit_kinematics:/home/thisum/my_ws/src/install/moveit_ros_planning:/home/thisum/my_ws/src/install/moveit_simple_controller_manager:/home/thisum/my_ws/src/install/moveit_ros_occupancy_map_monitor:/home/thisum/my_ws/src/install/moveit_core:/home/thisum/my_ws/src/install/moveit_resources_panda_moveit_config:/home/thisum/my_ws/src/install/moveit_resources_fanuc_moveit_config:/home/thisum/my_ws/src/install/moveit_configs_utils:/home/thisum/my_ws/src/install/srdfdom:/home/thisum/my_ws/src/install/moveit_resources_pr2_description:/home/thisum/my_ws/src/install/moveit_resources_panda_description:/home/thisum/my_ws/src/install/moveit_resources_fanuc_description:/home/thisum/my_ws/src/install/moveit_common:/home/thisum/my_ws/src/install/launch_param_builder:${AMENT_PREFIX_PATH} CMAKE_PREFIX_PATH=/home/thisum/my_ws/src/install/moveit_setup_framework:/home/thisum/my_ws/src/install/moveit_ros_visualization:/home/thisum/my_ws/src/install/moveit_ros_planning_interface:/home/thisum/my_ws/src/install/moveit_ros_move_group:/home/thisum/my_ws/src/install/moveit_ros_warehouse:/home/thisum/my_ws/src/install/moveit_ros_robot_interaction:/home/thisum/my_ws/src/install/moveit_planners_ompl:/home/thisum/my_ws/src/install/moveit_kinematics:/home/thisum/my_ws/src/install/moveit_ros_planning:/home/thisum/my_ws/src/install/moveit_simple_controller_manager:/home/thisum/my_ws/src/install/moveit_ros_occupancy_map_monitor:/home/thisum/my_ws/src/install/moveit_core:/home/thisum/my_ws/src/install/moveit_resources_panda_moveit_config:/home/thisum/my_ws/src/install/moveit_resources_fanuc_moveit_config:/home/thisum/my_ws/src/install/srdfdom:/home/thisum/my_ws/src/install/moveit_resources_pr2_description:/home/thisum/my_ws/src/install/moveit_resources_panda_description:/home/thisum/my_ws/src/install/moveit_resources_fanuc_description:/home/thisum/my_ws/src/install/moveit_common:/home/thisum/my_ws/install/pilz_industrial_motion_planner_testutils:/home/thisum/my_ws/install/moveit_runtime:/home/thisum/my_ws/install/moveit2_tutorials:/home/thisum/my_ws/install/moveit:/home/thisum/my_ws/install/arm_config:/home/thisum/my_ws/install/moveit_planners:/home/thisum/my_ws/install/pilz_industrial_motion_planner:/home/thisum/my_ws/install/moveit_visual_tools:/home/thisum/my_ws/install/moveit_task_constructor_visualization:/home/thisum/my_ws/install/moveit_task_constructor_demo:/home/thisum/my_ws/install/moveit_task_constructor_capabilities:/home/thisum/my_ws/install/moveit_task_constructor_core:/home/thisum/my_ws/install/moveit_ros_control_interface:/home/thisum/my_ws/install/moveit_plugins:/home/thisum/my_ws/install/moveit_simple_controller_manager:/home/thisum/my_ws/install/moveit_setup_assistant:/home/thisum/my_ws/install/moveit_setup_srdf_plugins:/home/thisum/my_ws/install/moveit_setup_core_plugins:/home/thisum/my_ws/install/moveit_setup_controllers:/home/thisum/my_ws/install/moveit_setup_app_plugins:/home/thisum/my_ws/install/moveit_setup_framework:/home/thisum/my_ws/install/moveit_servo:/home/thisum/my_ws/install/moveit_ros:/home/thisum/my_ws/install/moveit_ros_visualization:/home/thisum/my_ws/install/moveit_hybrid_planning:/home/thisum/my_ws/install/moveit_ros_planning_interface:/home/thisum/my_ws/install/moveit_ros_benchmarks:/home/thisum/my_ws/install/moveit_ros_warehouse:/home/thisum/my_ws/install/moveit_ros_robot_interaction:/home/thisum/my_ws/install/moveit_ros_perception:/home/thisum/my_ws/install/moveit_resources_prbt_pg70_support:/home/thisum/my_ws/install/moveit_resources_prbt_moveit_config:/home/thisum/my_ws/install/moveit_ros_move_group:/home/thisum/my_ws/install/moveit_planners_ompl:/home/thisum/my_ws/install/moveit_ros_planning:/home/thisum/my_ws/install/moveit_ros_occupancy_map_monitor:/home/thisum/my_ws/install/moveit_resources_prbt_ikfast_manipulator_plugin:/home/thisum/my_ws/install/moveit_planners_chomp:/home/thisum/my_ws/install/moveit_kinematics:/home/thisum/my_ws/install/moveit_chomp_optimizer_adapter:/home/thisum/my_ws/install/chomp_motion_planner:/home/thisum/my_ws/install/moveit_core:/home/thisum/my_ws/install/srdfdom:/home/thisum/my_ws/install/rviz_marker_tools:/home/thisum/my_ws/install/rosparam_shortcuts:/home/thisum/my_ws/install/new_full_arm:/home/thisum/my_ws/install/moveit_task_constructor_msgs:/home/thisum/my_ws/install/moveit_resources_prbt_support:/home/thisum/my_ws/install/moveit_resources:/home/thisum/my_ws/install/moveit_resources_pr2_description:/home/thisum/my_ws/install/moveit_resources_panda_moveit_config:/home/thisum/my_ws/install/moveit_resources_panda_description:/home/thisum/my_ws/install/moveit_resources_fanuc_moveit_config:/home/thisum/my_ws/install/moveit_resources_fanuc_description:/home/thisum/my_ws/install/moveit_common:/home/thisum/arm_ws/install/x:/home/thisum/arm_ws/install/robotiq_description:/home/thisum/arm_ws/install/robotiq_controllers:/home/thisum/arm_ws/install/arm_config:/home/thisum/my_ws/install/moveit_configs_utils:/home/thisum/my_ws/install/launch_param_builder:/home/thisum/arm_ws/install/moveit_configs_utils:/opt/ros/humble:/home/thisum/arm_ws/install/new_full_arm:/home/thisum/arm_ws/install/moveit_resources_prbt_support:/home/thisum/arm_ws/install/moveit_resources_pr2_description:/home/thisum/arm_ws/install/moveit_resources_panda_description:/home/thisum/arm_ws/install/moveit_resources_fanuc_description:/home/thisum/arm_ws/install/moveit_msgs:/home/thisum/arm_ws/install/moveit_common:/home/thisum/arm_ws/install/kortex_api LD_LIBRARY_PATH=/home/thisum/my_ws/src/install/moveit_setup_framework/lib:/home/thisum/my_ws/src/install/moveit_ros_visualization/lib:/home/thisum/my_ws/src/install/moveit_ros_planning_interface/lib:/home/thisum/my_ws/src/install/moveit_ros_move_group/lib:/home/thisum/my_ws/src/install/moveit_ros_warehouse/lib:/home/thisum/my_ws/src/install/moveit_ros_robot_interaction/lib:/home/thisum/my_ws/src/install/moveit_planners_ompl/lib:/home/thisum/my_ws/src/install/moveit_kinematics/lib:/home/thisum/my_ws/src/install/moveit_ros_planning/lib:/home/thisum/my_ws/src/install/moveit_simple_controller_manager/lib:/home/thisum/my_ws/src/install/moveit_ros_occupancy_map_monitor/lib:/home/thisum/my_ws/src/install/moveit_core/lib:/home/thisum/my_ws/src/install/srdfdom/lib:${LD_LIBRARY_PATH} PATH=/home/thisum/my_ws/src/install/moveit_core/bin:${PATH} PYTHONPATH=/home/thisum/my_ws/src/install/moveit_configs_utils/lib/python3.10/site-packages:/home/thisum/my_ws/src/install/srdfdom/local/lib/python3.10/dist-packages:/home/thisum/my_ws/src/install/launch_param_builder/lib/python3.10/site-packages:${PYTHONPATH} /usr/bin/cmake --install /home/thisum/my_ws/src/build/moveit_setup_controllers
