[0.090s] Invoking command in '/home/thisum/my_ws/build/moveit_setup_framework': AMENT_PREFIX_PATH=/home/thisum/my_ws/install/moveit_ros_visualization:/home/thisum/my_ws/install/moveit_ros_planning_interface:/home/thisum/my_ws/install/moveit_ros_move_group:/home/thisum/my_ws/install/moveit_ros_warehouse:/home/thisum/my_ws/install/moveit_ros_robot_interaction:/home/thisum/my_ws/install/moveit_planners_ompl:/home/thisum/my_ws/install/moveit_kinematics:/home/thisum/my_ws/install/moveit_ros_planning:/home/thisum/my_ws/install/moveit_simple_controller_manager:/home/thisum/my_ws/install/moveit_ros_occupancy_map_monitor:/home/thisum/my_ws/install/moveit_core:/home/thisum/my_ws/install/moveit_resources_panda_moveit_config:/home/thisum/my_ws/install/moveit_resources_fanuc_moveit_config:/home/thisum/my_ws/install/moveit_configs_utils:/home/thisum/my_ws/install/srdfdom:/home/thisum/my_ws/install/moveit_resources_pr2_description:/home/thisum/my_ws/install/moveit_resources_panda_description:/home/thisum/my_ws/install/moveit_resources_fanuc_description:/home/thisum/my_ws/install/moveit_common:/home/thisum/my_ws/install/launch_param_builder:${AMENT_PREFIX_PATH} CMAKE_PREFIX_PATH=/home/thisum/my_ws/install/moveit_ros_visualization:/home/thisum/my_ws/install/moveit_ros_planning_interface:/home/thisum/my_ws/install/moveit_ros_move_group:/home/thisum/my_ws/install/moveit_ros_warehouse:/home/thisum/my_ws/install/moveit_ros_robot_interaction:/home/thisum/my_ws/install/moveit_planners_ompl:/home/thisum/my_ws/install/moveit_kinematics:/home/thisum/my_ws/install/moveit_ros_planning:/home/thisum/my_ws/install/moveit_simple_controller_manager:/home/thisum/my_ws/install/moveit_ros_occupancy_map_monitor:/home/thisum/my_ws/install/moveit_core:/home/thisum/my_ws/install/moveit_resources_panda_moveit_config:/home/thisum/my_ws/install/moveit_resources_fanuc_moveit_config:/home/thisum/my_ws/install/srdfdom:/home/thisum/my_ws/install/moveit_resources_pr2_description:/home/thisum/my_ws/install/moveit_resources_panda_description:/home/thisum/my_ws/install/moveit_resources_fanuc_description:/home/thisum/my_ws/install/moveit_common:/opt/ros/humble LD_LIBRARY_PATH=/home/thisum/my_ws/install/moveit_ros_visualization/lib:/home/thisum/my_ws/install/moveit_ros_planning_interface/lib:/home/thisum/my_ws/install/moveit_ros_move_group/lib:/home/thisum/my_ws/install/moveit_ros_warehouse/lib:/home/thisum/my_ws/install/moveit_ros_robot_interaction/lib:/home/thisum/my_ws/install/moveit_planners_ompl/lib:/home/thisum/my_ws/install/moveit_kinematics/lib:/home/thisum/my_ws/install/moveit_ros_planning/lib:/home/thisum/my_ws/install/moveit_simple_controller_manager/lib:/home/thisum/my_ws/install/moveit_ros_occupancy_map_monitor/lib:/home/thisum/my_ws/install/moveit_core/lib:/home/thisum/my_ws/install/srdfdom/lib:${LD_LIBRARY_PATH} PATH=/home/thisum/my_ws/install/moveit_core/bin:${PATH} PYTHONPATH=/home/thisum/my_ws/install/moveit_configs_utils/lib/python3.10/site-packages:/home/thisum/my_ws/install/srdfdom/local/lib/python3.10/dist-packages:/home/thisum/my_ws/install/launch_param_builder/lib/python3.10/site-packages:${PYTHONPATH} /usr/bin/cmake /home/thisum/my_ws/src/moveit2/moveit_setup_assistant/moveit_setup_framework -DCMAKE_BUILD_TYPE=Release -DCMAKE_INSTALL_PREFIX=/home/thisum/my_ws/install/moveit_setup_framework
[0.170s] -- The C compiler identification is GNU 11.4.0
[0.246s] -- The CXX compiler identification is GNU 11.4.0
[0.254s] -- Detecting C compiler ABI info
[0.357s] -- Detecting C compiler ABI info - done
[0.363s] -- Check for working C compiler: /usr/bin/cc - skipped
[0.363s] -- Detecting C compile features
[0.364s] -- Detecting C compile features - done
[0.367s] -- Detecting CXX compiler ABI info
[0.496s] -- Detecting CXX compiler ABI info - done
[0.497s] -- Check for working CXX compiler: /usr/bin/c++ - skipped
[0.497s] -- Detecting CXX compile features
[0.497s] -- Detecting CXX compile features - done
[0.497s] -- Found moveit_common: 2.5.5 (/home/thisum/my_ws/install/moveit_common/share/moveit_common/cmake)
[0.502s] -- Found ament_cmake: 1.3.9 (/opt/ros/humble/share/ament_cmake/cmake)
[0.686s] -- Found Python3: /usr/bin/python3 (found version "3.10.12") found components: Interpreter 
[0.907s] -- Found libdw: /usr/lib/x86_64-linux-gnu/libdw.so  
[0.915s] -- Could NOT find libbfd (missing: LIBBFD_LIBRARY LIBBFD_INCLUDE_DIR) 
[0.915s] -- BACKWARD_HAS_UNWIND=1
[0.915s] -- BACKWARD_HAS_BACKTRACE=0
[0.915s] -- BACKWARD_HAS_BACKTRACE_SYMBOL=0
[0.915s] -- BACKWARD_HAS_DW=1
[0.915s] -- BACKWARD_HAS_BFD=0
[0.915s] -- Found Backward: /opt/ros/humble/share/backward_ros/cmake  
[0.922s] -- Found ament_cmake_ros: 0.10.0 (/opt/ros/humble/share/ament_cmake_ros/cmake)
[0.953s] -- Found ament_index_cpp: 1.4.0 (/opt/ros/humble/share/ament_index_cpp/cmake)
[0.955s] -- Found moveit_core: 2.5.5 (/home/thisum/my_ws/install/moveit_core/share/moveit_core/cmake)
[1.311s] -- Found Boost: /usr/lib/x86_64-linux-gnu/cmake/Boost-1.74.0/BoostConfig.cmake (found version "1.74.0") found components: chrono date_time filesystem iostreams program_options regex serialization system thread 
[1.386s] -- Found parameter_traits: 0.3.8 (/opt/ros/humble/share/parameter_traits/cmake)
[1.452s] -- Found rosidl_generator_c: 3.1.5 (/opt/ros/humble/share/rosidl_generator_c/cmake)
[1.462s] -- Found rosidl_adapter: 3.1.5 (/opt/ros/humble/share/rosidl_adapter/cmake)
[1.477s] -- Found rosidl_generator_cpp: 3.1.5 (/opt/ros/humble/share/rosidl_generator_cpp/cmake)
[1.502s] -- Using all available rosidl_typesupport_c: rosidl_typesupport_fastrtps_c;rosidl_typesupport_introspection_c
[1.532s] -- Using all available rosidl_typesupport_cpp: rosidl_typesupport_fastrtps_cpp;rosidl_typesupport_introspection_cpp
[1.639s] -- Found rmw_implementation_cmake: 6.1.2 (/opt/ros/humble/share/rmw_implementation_cmake/cmake)
[1.645s] -- Found rmw_fastrtps_cpp: 6.2.6 (/opt/ros/humble/share/rmw_fastrtps_cpp/cmake)
[1.808s] -- Found OpenSSL: /usr/lib/x86_64-linux-gnu/libcrypto.so (found version "3.0.2")  
[1.840s] -- Found FastRTPS: /opt/ros/humble/include  
[1.900s] -- Using RMW implementation 'rmw_fastrtps_cpp' as default
[1.922s] -- Found Threads: TRUE  
[2.109s] -- Found Eigen3: TRUE (found version "3.4.0") 
[2.117s] -- Found rclcpp_lifecycle: 16.0.9 (/opt/ros/humble/share/rclcpp_lifecycle/cmake)
[2.171s] -- Found Boost: /usr/lib/x86_64-linux-gnu/cmake/Boost-1.74.0/BoostConfig.cmake (found version "1.74.0") found components: filesystem 
[2.380s] -- library: /usr/lib/x86_64-linux-gnu/libcurl.so
[2.698s] -- Ensuring Eigen3 include directory is part of orocos-kdl CMake target
[3.733s] -- Found moveit_ros_planning: 2.5.5 (/home/thisum/my_ws/install/moveit_ros_planning/share/moveit_ros_planning/cmake)
[3.738s] -- Found Boost: /usr/lib/x86_64-linux-gnu/cmake/Boost-1.74.0/BoostConfig.cmake (found version "1.74.0") found components: system filesystem date_time program_options thread chrono 
[4.113s] -- Found moveit_ros_visualization: 2.5.5 (/home/thisum/my_ws/install/moveit_ros_visualization/share/moveit_ros_visualization/cmake)
[4.120s] -- Found Boost: /usr/lib/x86_64-linux-gnu/cmake/Boost-1.74.0/BoostConfig.cmake (found version "1.74.0") found components: thread date_time system filesystem 
[4.223s] -- Found Boost: /usr/lib/x86_64-linux-gnu/cmake/Boost-1.74.0/BoostConfig.cmake (found version "1.74.0") found components: date_time filesystem program_options system thread 
[4.420s] -- Found Boost: /usr/lib/x86_64-linux-gnu/cmake/Boost-1.74.0/BoostConfig.cmake (found version "1.74.0") found components: thread system filesystem regex date_time program_options 
[4.664s] -- Found Boost: /usr/lib/x86_64-linux-gnu/cmake/Boost-1.74.0/BoostConfig.cmake (found version "1.74.0") found components: system filesystem date_time program_options thread 
[5.786s] -- Setting OGRE_DIR to: '/opt/ros/humble/share/rviz_ogre_vendor/cmake/../../../opt/rviz_ogre_vendor/lib/OGRE/cmake'
[5.791s] -- Found OGRE
[5.791s] --   static     : OFF
[5.791s] --   components : HLMS;MeshLodGenerator;Overlay;Paging;Property;RTShaderSystem;Terrain;Volume
[5.791s] --   plugins    : Plugin_BSPSceneManager;Plugin_OctreeSceneManager;Plugin_PCZSceneManager;Plugin_ParticleFX;RenderSystem_GL;RenderSystem_GL3Plus;Codec_STBI
[5.791s] --   media      : /opt/ros/humble/opt/rviz_ogre_vendor/share/OGRE/Media
[5.791s] -- OGRE_LIBRARIES: OgreHLMS;OgreMeshLodGenerator;OgreOverlay;OgrePaging;OgreProperty;OgreRTShaderSystem;OgreTerrain;OgreVolume;OgreMain
[5.791s] -- OGRE_LIBRARY_DIRS: /opt/ros/humble/opt/rviz_ogre_vendor/lib
[5.791s] -- OGRE_PLUGINS: Plugin_BSPSceneManager;Plugin_OctreeSceneManager;Plugin_PCZSceneManager;Plugin_ParticleFX;RenderSystem_GL;RenderSystem_GL3Plus;Codec_STBI
[5.791s] -- OGRE_PLUGIN_DIR: /opt/ros/humble/opt/rviz_ogre_vendor/lib/OGRE
[5.791s] -- rviz_ogre_vendor::OgreOverlay for IMPORTED_LOCATION_RELEASE: /opt/ros/humble/opt/rviz_ogre_vendor/lib/libOgreOverlay.so
[5.791s] -- rviz_ogre_vendor::OgreOverlay for IMPORTED_LOCATION_DEBUG: /opt/ros/humble/opt/rviz_ogre_vendor/lib/libOgreOverlay.so
[5.791s] -- rviz_ogre_vendor::OgreMain for IMPORTED_LOCATION_RELEASE: /opt/ros/humble/opt/rviz_ogre_vendor/lib/libOgreMain.so
[5.791s] -- rviz_ogre_vendor::OgreMain for IMPORTED_LOCATION_DEBUG: /opt/ros/humble/opt/rviz_ogre_vendor/lib/libOgreMain.so
[5.820s] -- Found ZLIB: /usr/lib/x86_64-linux-gnu/libz.so (found version "1.2.11") 
[5.830s] -- Found OpenGL: /usr/lib/x86_64-linux-gnu/libOpenGL.so   
[6.000s] -- Found X11: /usr/include   
[6.001s] -- Looking for XOpenDisplay in /usr/lib/x86_64-linux-gnu/libX11.so;/usr/lib/x86_64-linux-gnu/libXext.so
[6.139s] -- Looking for XOpenDisplay in /usr/lib/x86_64-linux-gnu/libX11.so;/usr/lib/x86_64-linux-gnu/libXext.so - found
[6.139s] -- Looking for gethostbyname
[6.269s] -- Looking for gethostbyname - found
[6.269s] -- Looking for connect
[6.403s] -- Looking for connect - found
[6.403s] -- Looking for remove
[6.531s] -- Looking for remove - found
[6.532s] -- Looking for shmat
[6.667s] -- Looking for shmat - found
[6.667s] -- Looking for IceConnectionNumber in ICE
[6.817s] -- Looking for IceConnectionNumber in ICE - found
[6.820s] -- rviz_ogre_vendor::RenderSystem_GL for IMPORTED_LOCATION_RELEASE: _render_system_gl_static_library_abs-NOTFOUND
[6.820s] -- rviz_ogre_vendor::RenderSystem_GL for IMPORTED_LOCATION_DEBUG: _render_system_gl_static_library_abs-NOTFOUND
[7.615s] -- Found ament_lint_auto: 0.12.11 (/opt/ros/humble/share/ament_lint_auto/cmake)
[7.651s] -- Added test 'lint_cmake' to check CMake code style
[7.651s] -- Added test 'xmllint' to check XML markup files
[7.656s] -- Configuring done
[7.733s] -- Generating done
[7.736s] -- Build files have been written to: /home/thisum/my_ws/build/moveit_setup_framework
[7.760s] Invoked command in '/home/thisum/my_ws/build/moveit_setup_framework' returned '0': AMENT_PREFIX_PATH=/home/thisum/my_ws/install/moveit_ros_visualization:/home/thisum/my_ws/install/moveit_ros_planning_interface:/home/thisum/my_ws/install/moveit_ros_move_group:/home/thisum/my_ws/install/moveit_ros_warehouse:/home/thisum/my_ws/install/moveit_ros_robot_interaction:/home/thisum/my_ws/install/moveit_planners_ompl:/home/thisum/my_ws/install/moveit_kinematics:/home/thisum/my_ws/install/moveit_ros_planning:/home/thisum/my_ws/install/moveit_simple_controller_manager:/home/thisum/my_ws/install/moveit_ros_occupancy_map_monitor:/home/thisum/my_ws/install/moveit_core:/home/thisum/my_ws/install/moveit_resources_panda_moveit_config:/home/thisum/my_ws/install/moveit_resources_fanuc_moveit_config:/home/thisum/my_ws/install/moveit_configs_utils:/home/thisum/my_ws/install/srdfdom:/home/thisum/my_ws/install/moveit_resources_pr2_description:/home/thisum/my_ws/install/moveit_resources_panda_description:/home/thisum/my_ws/install/moveit_resources_fanuc_description:/home/thisum/my_ws/install/moveit_common:/home/thisum/my_ws/install/launch_param_builder:${AMENT_PREFIX_PATH} CMAKE_PREFIX_PATH=/home/thisum/my_ws/install/moveit_ros_visualization:/home/thisum/my_ws/install/moveit_ros_planning_interface:/home/thisum/my_ws/install/moveit_ros_move_group:/home/thisum/my_ws/install/moveit_ros_warehouse:/home/thisum/my_ws/install/moveit_ros_robot_interaction:/home/thisum/my_ws/install/moveit_planners_ompl:/home/thisum/my_ws/install/moveit_kinematics:/home/thisum/my_ws/install/moveit_ros_planning:/home/thisum/my_ws/install/moveit_simple_controller_manager:/home/thisum/my_ws/install/moveit_ros_occupancy_map_monitor:/home/thisum/my_ws/install/moveit_core:/home/thisum/my_ws/install/moveit_resources_panda_moveit_config:/home/thisum/my_ws/install/moveit_resources_fanuc_moveit_config:/home/thisum/my_ws/install/srdfdom:/home/thisum/my_ws/install/moveit_resources_pr2_description:/home/thisum/my_ws/install/moveit_resources_panda_description:/home/thisum/my_ws/install/moveit_resources_fanuc_description:/home/thisum/my_ws/install/moveit_common:/opt/ros/humble LD_LIBRARY_PATH=/home/thisum/my_ws/install/moveit_ros_visualization/lib:/home/thisum/my_ws/install/moveit_ros_planning_interface/lib:/home/thisum/my_ws/install/moveit_ros_move_group/lib:/home/thisum/my_ws/install/moveit_ros_warehouse/lib:/home/thisum/my_ws/install/moveit_ros_robot_interaction/lib:/home/thisum/my_ws/install/moveit_planners_ompl/lib:/home/thisum/my_ws/install/moveit_kinematics/lib:/home/thisum/my_ws/install/moveit_ros_planning/lib:/home/thisum/my_ws/install/moveit_simple_controller_manager/lib:/home/thisum/my_ws/install/moveit_ros_occupancy_map_monitor/lib:/home/thisum/my_ws/install/moveit_core/lib:/home/thisum/my_ws/install/srdfdom/lib:${LD_LIBRARY_PATH} PATH=/home/thisum/my_ws/install/moveit_core/bin:${PATH} PYTHONPATH=/home/thisum/my_ws/install/moveit_configs_utils/lib/python3.10/site-packages:/home/thisum/my_ws/install/srdfdom/local/lib/python3.10/dist-packages:/home/thisum/my_ws/install/launch_param_builder/lib/python3.10/site-packages:${PYTHONPATH} /usr/bin/cmake /home/thisum/my_ws/src/moveit2/moveit_setup_assistant/moveit_setup_framework -DCMAKE_BUILD_TYPE=Release -DCMAKE_INSTALL_PREFIX=/home/thisum/my_ws/install/moveit_setup_framework
[7.764s] Invoking command in '/home/thisum/my_ws/build/moveit_setup_framework': AMENT_PREFIX_PATH=/home/thisum/my_ws/install/moveit_ros_visualization:/home/thisum/my_ws/install/moveit_ros_planning_interface:/home/thisum/my_ws/install/moveit_ros_move_group:/home/thisum/my_ws/install/moveit_ros_warehouse:/home/thisum/my_ws/install/moveit_ros_robot_interaction:/home/thisum/my_ws/install/moveit_planners_ompl:/home/thisum/my_ws/install/moveit_kinematics:/home/thisum/my_ws/install/moveit_ros_planning:/home/thisum/my_ws/install/moveit_simple_controller_manager:/home/thisum/my_ws/install/moveit_ros_occupancy_map_monitor:/home/thisum/my_ws/install/moveit_core:/home/thisum/my_ws/install/moveit_resources_panda_moveit_config:/home/thisum/my_ws/install/moveit_resources_fanuc_moveit_config:/home/thisum/my_ws/install/moveit_configs_utils:/home/thisum/my_ws/install/srdfdom:/home/thisum/my_ws/install/moveit_resources_pr2_description:/home/thisum/my_ws/install/moveit_resources_panda_description:/home/thisum/my_ws/install/moveit_resources_fanuc_description:/home/thisum/my_ws/install/moveit_common:/home/thisum/my_ws/install/launch_param_builder:${AMENT_PREFIX_PATH} CMAKE_PREFIX_PATH=/home/thisum/my_ws/install/moveit_ros_visualization:/home/thisum/my_ws/install/moveit_ros_planning_interface:/home/thisum/my_ws/install/moveit_ros_move_group:/home/thisum/my_ws/install/moveit_ros_warehouse:/home/thisum/my_ws/install/moveit_ros_robot_interaction:/home/thisum/my_ws/install/moveit_planners_ompl:/home/thisum/my_ws/install/moveit_kinematics:/home/thisum/my_ws/install/moveit_ros_planning:/home/thisum/my_ws/install/moveit_simple_controller_manager:/home/thisum/my_ws/install/moveit_ros_occupancy_map_monitor:/home/thisum/my_ws/install/moveit_core:/home/thisum/my_ws/install/moveit_resources_panda_moveit_config:/home/thisum/my_ws/install/moveit_resources_fanuc_moveit_config:/home/thisum/my_ws/install/srdfdom:/home/thisum/my_ws/install/moveit_resources_pr2_description:/home/thisum/my_ws/install/moveit_resources_panda_description:/home/thisum/my_ws/install/moveit_resources_fanuc_description:/home/thisum/my_ws/install/moveit_common:/opt/ros/humble LD_LIBRARY_PATH=/home/thisum/my_ws/install/moveit_ros_visualization/lib:/home/thisum/my_ws/install/moveit_ros_planning_interface/lib:/home/thisum/my_ws/install/moveit_ros_move_group/lib:/home/thisum/my_ws/install/moveit_ros_warehouse/lib:/home/thisum/my_ws/install/moveit_ros_robot_interaction/lib:/home/thisum/my_ws/install/moveit_planners_ompl/lib:/home/thisum/my_ws/install/moveit_kinematics/lib:/home/thisum/my_ws/install/moveit_ros_planning/lib:/home/thisum/my_ws/install/moveit_simple_controller_manager/lib:/home/thisum/my_ws/install/moveit_ros_occupancy_map_monitor/lib:/home/thisum/my_ws/install/moveit_core/lib:/home/thisum/my_ws/install/srdfdom/lib:${LD_LIBRARY_PATH} PATH=/home/thisum/my_ws/install/moveit_core/bin:${PATH} PYTHONPATH=/home/thisum/my_ws/install/moveit_configs_utils/lib/python3.10/site-packages:/home/thisum/my_ws/install/srdfdom/local/lib/python3.10/dist-packages:/home/thisum/my_ws/install/launch_param_builder/lib/python3.10/site-packages:${PYTHONPATH} /usr/bin/cmake --build /home/thisum/my_ws/build/moveit_setup_framework -- -j6 -l6
[7.837s] [ 21%] [34m[1mGenerating include/moveit_setup_framework/qt/moc_setup_step_widget.cpp[0m
[7.837s] [ 10%] [34m[1mGenerating include/moveit_setup_framework/qt/moc_double_list_widget.cpp[0m
[7.837s] [ 21%] [34m[1mGenerating include/moveit_setup_framework/qt/moc_helper_widgets.cpp[0m
[7.837s] [ 21%] [34m[1mGenerating include/moveit_setup_framework/qt/moc_rviz_panel.cpp[0m
[7.882s] [ 36%] [32mBuilding CXX object CMakeFiles/moveit_setup_framework.dir/src/double_list_widget.cpp.o[0m
[7.882s] [ 36%] [32mBuilding CXX object CMakeFiles/moveit_setup_framework.dir/src/helper_widgets.cpp.o[0m
[7.882s] [ 42%] [32mBuilding CXX object CMakeFiles/moveit_setup_framework.dir/src/srdf_config.cpp.o[0m
[7.882s] [ 47%] [32mBuilding CXX object CMakeFiles/moveit_setup_framework.dir/src/package_settings_config.cpp.o[0m
[7.882s] [ 52%] [32mBuilding CXX object CMakeFiles/moveit_setup_framework.dir/src/rviz_panel.cpp.o[0m
[7.883s] [ 36%] [32mBuilding CXX object CMakeFiles/moveit_setup_framework.dir/src/urdf_config.cpp.o[0m
[9.682s] [ 57%] [32mBuilding CXX object CMakeFiles/moveit_setup_framework.dir/src/data_warehouse.cpp.o[0m
[10.002s] [ 63%] [32mBuilding CXX object CMakeFiles/moveit_setup_framework.dir/src/templates.cpp.o[0m
[15.572s] [ 68%] [32mBuilding CXX object CMakeFiles/moveit_setup_framework.dir/src/utilities.cpp.o[0m
[15.972s] [ 73%] [32mBuilding CXX object CMakeFiles/moveit_setup_framework.dir/src/xml_syntax_highlighter.cpp.o[0m
[16.950s] [ 78%] [32mBuilding CXX object CMakeFiles/moveit_setup_framework.dir/include/moveit_setup_framework/qt/moc_helper_widgets.cpp.o[0m
[17.258s] [ 84%] [32mBuilding CXX object CMakeFiles/moveit_setup_framework.dir/include/moveit_setup_framework/qt/moc_setup_step_widget.cpp.o[0m
[17.736s] [ 89%] [32mBuilding CXX object CMakeFiles/moveit_setup_framework.dir/include/moveit_setup_framework/qt/moc_rviz_panel.cpp.o[0m
[18.561s] [ 94%] [32mBuilding CXX object CMakeFiles/moveit_setup_framework.dir/include/moveit_setup_framework/qt/moc_double_list_widget.cpp.o[0m
[29.608s] [100%] [32m[1mLinking CXX shared library libmoveit_setup_framework.so[0m
[33.588s] [100%] Built target moveit_setup_framework
[33.609s] Invoked command in '/home/thisum/my_ws/build/moveit_setup_framework' returned '0': AMENT_PREFIX_PATH=/home/thisum/my_ws/install/moveit_ros_visualization:/home/thisum/my_ws/install/moveit_ros_planning_interface:/home/thisum/my_ws/install/moveit_ros_move_group:/home/thisum/my_ws/install/moveit_ros_warehouse:/home/thisum/my_ws/install/moveit_ros_robot_interaction:/home/thisum/my_ws/install/moveit_planners_ompl:/home/thisum/my_ws/install/moveit_kinematics:/home/thisum/my_ws/install/moveit_ros_planning:/home/thisum/my_ws/install/moveit_simple_controller_manager:/home/thisum/my_ws/install/moveit_ros_occupancy_map_monitor:/home/thisum/my_ws/install/moveit_core:/home/thisum/my_ws/install/moveit_resources_panda_moveit_config:/home/thisum/my_ws/install/moveit_resources_fanuc_moveit_config:/home/thisum/my_ws/install/moveit_configs_utils:/home/thisum/my_ws/install/srdfdom:/home/thisum/my_ws/install/moveit_resources_pr2_description:/home/thisum/my_ws/install/moveit_resources_panda_description:/home/thisum/my_ws/install/moveit_resources_fanuc_description:/home/thisum/my_ws/install/moveit_common:/home/thisum/my_ws/install/launch_param_builder:${AMENT_PREFIX_PATH} CMAKE_PREFIX_PATH=/home/thisum/my_ws/install/moveit_ros_visualization:/home/thisum/my_ws/install/moveit_ros_planning_interface:/home/thisum/my_ws/install/moveit_ros_move_group:/home/thisum/my_ws/install/moveit_ros_warehouse:/home/thisum/my_ws/install/moveit_ros_robot_interaction:/home/thisum/my_ws/install/moveit_planners_ompl:/home/thisum/my_ws/install/moveit_kinematics:/home/thisum/my_ws/install/moveit_ros_planning:/home/thisum/my_ws/install/moveit_simple_controller_manager:/home/thisum/my_ws/install/moveit_ros_occupancy_map_monitor:/home/thisum/my_ws/install/moveit_core:/home/thisum/my_ws/install/moveit_resources_panda_moveit_config:/home/thisum/my_ws/install/moveit_resources_fanuc_moveit_config:/home/thisum/my_ws/install/srdfdom:/home/thisum/my_ws/install/moveit_resources_pr2_description:/home/thisum/my_ws/install/moveit_resources_panda_description:/home/thisum/my_ws/install/moveit_resources_fanuc_description:/home/thisum/my_ws/install/moveit_common:/opt/ros/humble LD_LIBRARY_PATH=/home/thisum/my_ws/install/moveit_ros_visualization/lib:/home/thisum/my_ws/install/moveit_ros_planning_interface/lib:/home/thisum/my_ws/install/moveit_ros_move_group/lib:/home/thisum/my_ws/install/moveit_ros_warehouse/lib:/home/thisum/my_ws/install/moveit_ros_robot_interaction/lib:/home/thisum/my_ws/install/moveit_planners_ompl/lib:/home/thisum/my_ws/install/moveit_kinematics/lib:/home/thisum/my_ws/install/moveit_ros_planning/lib:/home/thisum/my_ws/install/moveit_simple_controller_manager/lib:/home/thisum/my_ws/install/moveit_ros_occupancy_map_monitor/lib:/home/thisum/my_ws/install/moveit_core/lib:/home/thisum/my_ws/install/srdfdom/lib:${LD_LIBRARY_PATH} PATH=/home/thisum/my_ws/install/moveit_core/bin:${PATH} PYTHONPATH=/home/thisum/my_ws/install/moveit_configs_utils/lib/python3.10/site-packages:/home/thisum/my_ws/install/srdfdom/local/lib/python3.10/dist-packages:/home/thisum/my_ws/install/launch_param_builder/lib/python3.10/site-packages:${PYTHONPATH} /usr/bin/cmake --build /home/thisum/my_ws/build/moveit_setup_framework -- -j6 -l6
[33.743s] Invoking command in '/home/thisum/my_ws/build/moveit_setup_framework': AMENT_PREFIX_PATH=/home/thisum/my_ws/install/moveit_ros_visualization:/home/thisum/my_ws/install/moveit_ros_planning_interface:/home/thisum/my_ws/install/moveit_ros_move_group:/home/thisum/my_ws/install/moveit_ros_warehouse:/home/thisum/my_ws/install/moveit_ros_robot_interaction:/home/thisum/my_ws/install/moveit_planners_ompl:/home/thisum/my_ws/install/moveit_kinematics:/home/thisum/my_ws/install/moveit_ros_planning:/home/thisum/my_ws/install/moveit_simple_controller_manager:/home/thisum/my_ws/install/moveit_ros_occupancy_map_monitor:/home/thisum/my_ws/install/moveit_core:/home/thisum/my_ws/install/moveit_resources_panda_moveit_config:/home/thisum/my_ws/install/moveit_resources_fanuc_moveit_config:/home/thisum/my_ws/install/moveit_configs_utils:/home/thisum/my_ws/install/srdfdom:/home/thisum/my_ws/install/moveit_resources_pr2_description:/home/thisum/my_ws/install/moveit_resources_panda_description:/home/thisum/my_ws/install/moveit_resources_fanuc_description:/home/thisum/my_ws/install/moveit_common:/home/thisum/my_ws/install/launch_param_builder:${AMENT_PREFIX_PATH} CMAKE_PREFIX_PATH=/home/thisum/my_ws/install/moveit_ros_visualization:/home/thisum/my_ws/install/moveit_ros_planning_interface:/home/thisum/my_ws/install/moveit_ros_move_group:/home/thisum/my_ws/install/moveit_ros_warehouse:/home/thisum/my_ws/install/moveit_ros_robot_interaction:/home/thisum/my_ws/install/moveit_planners_ompl:/home/thisum/my_ws/install/moveit_kinematics:/home/thisum/my_ws/install/moveit_ros_planning:/home/thisum/my_ws/install/moveit_simple_controller_manager:/home/thisum/my_ws/install/moveit_ros_occupancy_map_monitor:/home/thisum/my_ws/install/moveit_core:/home/thisum/my_ws/install/moveit_resources_panda_moveit_config:/home/thisum/my_ws/install/moveit_resources_fanuc_moveit_config:/home/thisum/my_ws/install/srdfdom:/home/thisum/my_ws/install/moveit_resources_pr2_description:/home/thisum/my_ws/install/moveit_resources_panda_description:/home/thisum/my_ws/install/moveit_resources_fanuc_description:/home/thisum/my_ws/install/moveit_common:/opt/ros/humble LD_LIBRARY_PATH=/home/thisum/my_ws/install/moveit_ros_visualization/lib:/home/thisum/my_ws/install/moveit_ros_planning_interface/lib:/home/thisum/my_ws/install/moveit_ros_move_group/lib:/home/thisum/my_ws/install/moveit_ros_warehouse/lib:/home/thisum/my_ws/install/moveit_ros_robot_interaction/lib:/home/thisum/my_ws/install/moveit_planners_ompl/lib:/home/thisum/my_ws/install/moveit_kinematics/lib:/home/thisum/my_ws/install/moveit_ros_planning/lib:/home/thisum/my_ws/install/moveit_simple_controller_manager/lib:/home/thisum/my_ws/install/moveit_ros_occupancy_map_monitor/lib:/home/thisum/my_ws/install/moveit_core/lib:/home/thisum/my_ws/install/srdfdom/lib:${LD_LIBRARY_PATH} PATH=/home/thisum/my_ws/install/moveit_core/bin:${PATH} PYTHONPATH=/home/thisum/my_ws/install/moveit_configs_utils/lib/python3.10/site-packages:/home/thisum/my_ws/install/srdfdom/local/lib/python3.10/dist-packages:/home/thisum/my_ws/install/launch_param_builder/lib/python3.10/site-packages:${PYTHONPATH} /usr/bin/cmake --install /home/thisum/my_ws/build/moveit_setup_framework
[33.759s] -- Install configuration: "Release"
[33.759s] -- Installing: /home/thisum/my_ws/install/moveit_setup_framework/include
[33.759s] -- Installing: /home/thisum/my_ws/install/moveit_setup_framework/include/moveit_setup_framework
[33.759s] -- Installing: /home/thisum/my_ws/install/moveit_setup_framework/include/moveit_setup_framework/data_warehouse.hpp
[33.759s] -- Installing: /home/thisum/my_ws/install/moveit_setup_framework/include/moveit_setup_framework/templates.hpp
[33.759s] -- Installing: /home/thisum/my_ws/install/moveit_setup_framework/include/moveit_setup_framework/utilities.hpp
[33.759s] -- Installing: /home/thisum/my_ws/install/moveit_setup_framework/include/moveit_setup_framework/generated_file.hpp
[33.759s] -- Installing: /home/thisum/my_ws/install/moveit_setup_framework/include/moveit_setup_framework/testing_utils.hpp
[33.765s] -- Installing: /home/thisum/my_ws/install/moveit_setup_framework/include/moveit_setup_framework/data
[33.766s] -- Installing: /home/thisum/my_ws/install/moveit_setup_framework/include/moveit_setup_framework/data/srdf_config.hpp
[33.766s] -- Installing: /home/thisum/my_ws/install/moveit_setup_framework/include/moveit_setup_framework/data/package_settings_config.hpp
[33.766s] -- Installing: /home/thisum/my_ws/install/moveit_setup_framework/include/moveit_setup_framework/data/urdf_config.hpp
[33.766s] -- Installing: /home/thisum/my_ws/install/moveit_setup_framework/include/moveit_setup_framework/setup_step.hpp
[33.767s] -- Installing: /home/thisum/my_ws/install/moveit_setup_framework/include/moveit_setup_framework/config.hpp
[33.767s] -- Installing: /home/thisum/my_ws/install/moveit_setup_framework/include/moveit_setup_framework/generated_time.hpp
[33.767s] -- Installing: /home/thisum/my_ws/install/moveit_setup_framework/include/moveit_setup_framework/qt
[33.767s] -- Installing: /home/thisum/my_ws/install/moveit_setup_framework/include/moveit_setup_framework/qt/setup_step_widget.hpp
[33.767s] -- Installing: /home/thisum/my_ws/install/moveit_setup_framework/include/moveit_setup_framework/qt/double_list_widget.hpp
[33.768s] -- Installing: /home/thisum/my_ws/install/moveit_setup_framework/include/moveit_setup_framework/qt/rviz_panel.hpp
[33.768s] -- Installing: /home/thisum/my_ws/install/moveit_setup_framework/include/moveit_setup_framework/qt/xml_syntax_highlighter.hpp
[33.768s] -- Installing: /home/thisum/my_ws/install/moveit_setup_framework/include/moveit_setup_framework/qt/helper_widgets.hpp
[33.769s] -- Installing: /home/thisum/my_ws/install/moveit_setup_framework/share/moveit_setup_framework/moveit_setup_framework_plugins.xml
[33.770s] -- Installing: /home/thisum/my_ws/install/moveit_setup_framework/share/moveit_setup_framework/templates
[33.771s] -- Installing: /home/thisum/my_ws/install/moveit_setup_framework/share/moveit_setup_framework/templates/CMakeLists.txt
[33.772s] -- Installing: /home/thisum/my_ws/install/moveit_setup_framework/share/moveit_setup_framework/templates/package.xml.template
[33.773s] -- Installing: /home/thisum/my_ws/install/moveit_setup_framework/share/moveit_setup_framework/templates/config
[33.774s] -- Installing: /home/thisum/my_ws/install/moveit_setup_framework/share/moveit_setup_framework/templates/config/pilz_cartesian_limits.yaml
[33.775s] -- Installing: /home/thisum/my_ws/install/moveit_setup_framework/share/moveit_setup_framework/environment/library_path.sh
[33.775s] -- Installing: /home/thisum/my_ws/install/moveit_setup_framework/share/moveit_setup_framework/environment/library_path.dsv
[33.775s] -- Installing: /home/thisum/my_ws/install/moveit_setup_framework/lib/libmoveit_setup_framework.so
[33.778s] -- Set runtime path of "/home/thisum/my_ws/install/moveit_setup_framework/lib/libmoveit_setup_framework.so" to ""
[33.778s] -- Up-to-date: /home/thisum/my_ws/install/moveit_setup_framework/share/moveit_setup_framework/moveit_setup_framework_plugins.xml
[33.778s] -- Installing: /home/thisum/my_ws/install/moveit_setup_framework/share/ament_index/resource_index/package_run_dependencies/moveit_setup_framework
[33.779s] -- Installing: /home/thisum/my_ws/install/moveit_setup_framework/share/ament_index/resource_index/parent_prefix_path/moveit_setup_framework
[33.779s] -- Installing: /home/thisum/my_ws/install/moveit_setup_framework/share/moveit_setup_framework/environment/ament_prefix_path.sh
[33.779s] -- Installing: /home/thisum/my_ws/install/moveit_setup_framework/share/moveit_setup_framework/environment/ament_prefix_path.dsv
[33.779s] -- Installing: /home/thisum/my_ws/install/moveit_setup_framework/share/moveit_setup_framework/environment/path.sh
[33.780s] -- Installing: /home/thisum/my_ws/install/moveit_setup_framework/share/moveit_setup_framework/environment/path.dsv
[33.780s] -- Installing: /home/thisum/my_ws/install/moveit_setup_framework/share/moveit_setup_framework/local_setup.bash
[33.780s] -- Installing: /home/thisum/my_ws/install/moveit_setup_framework/share/moveit_setup_framework/local_setup.sh
[33.780s] -- Installing: /home/thisum/my_ws/install/moveit_setup_framework/share/moveit_setup_framework/local_setup.zsh
[33.784s] -- Installing: /home/thisum/my_ws/install/moveit_setup_framework/share/moveit_setup_framework/local_setup.dsv
[33.785s] -- Installing: /home/thisum/my_ws/install/moveit_setup_framework/share/moveit_setup_framework/package.dsv
[33.785s] -- Installing: /home/thisum/my_ws/install/moveit_setup_framework/share/ament_index/resource_index/packages/moveit_setup_framework
[33.786s] -- Installing: /home/thisum/my_ws/install/moveit_setup_framework/share/ament_index/resource_index/moveit_setup_framework__pluginlib__plugin/moveit_setup_framework
[33.787s] -- Installing: /home/thisum/my_ws/install/moveit_setup_framework/share/moveit_setup_framework/cmake/export_moveit_setup_frameworkExport.cmake
[33.787s] -- Installing: /home/thisum/my_ws/install/moveit_setup_framework/share/moveit_setup_framework/cmake/export_moveit_setup_frameworkExport-release.cmake
[33.787s] -- Installing: /home/thisum/my_ws/install/moveit_setup_framework/share/moveit_setup_framework/cmake/ament_cmake_export_targets-extras.cmake
[33.787s] -- Installing: /home/thisum/my_ws/install/moveit_setup_framework/share/moveit_setup_framework/cmake/ament_cmake_export_include_directories-extras.cmake
[33.788s] -- Installing: /home/thisum/my_ws/install/moveit_setup_framework/share/moveit_setup_framework/cmake/ament_cmake_export_dependencies-extras.cmake
[33.788s] -- Installing: /home/thisum/my_ws/install/moveit_setup_framework/share/moveit_setup_framework/cmake/moveit_setup_frameworkConfig.cmake
[33.789s] -- Installing: /home/thisum/my_ws/install/moveit_setup_framework/share/moveit_setup_framework/cmake/moveit_setup_frameworkConfig-version.cmake
[33.789s] -- Installing: /home/thisum/my_ws/install/moveit_setup_framework/share/moveit_setup_framework/package.xml
[33.793s] Invoked command in '/home/thisum/my_ws/build/moveit_setup_framework' returned '0': AMENT_PREFIX_PATH=/home/thisum/my_ws/install/moveit_ros_visualization:/home/thisum/my_ws/install/moveit_ros_planning_interface:/home/thisum/my_ws/install/moveit_ros_move_group:/home/thisum/my_ws/install/moveit_ros_warehouse:/home/thisum/my_ws/install/moveit_ros_robot_interaction:/home/thisum/my_ws/install/moveit_planners_ompl:/home/thisum/my_ws/install/moveit_kinematics:/home/thisum/my_ws/install/moveit_ros_planning:/home/thisum/my_ws/install/moveit_simple_controller_manager:/home/thisum/my_ws/install/moveit_ros_occupancy_map_monitor:/home/thisum/my_ws/install/moveit_core:/home/thisum/my_ws/install/moveit_resources_panda_moveit_config:/home/thisum/my_ws/install/moveit_resources_fanuc_moveit_config:/home/thisum/my_ws/install/moveit_configs_utils:/home/thisum/my_ws/install/srdfdom:/home/thisum/my_ws/install/moveit_resources_pr2_description:/home/thisum/my_ws/install/moveit_resources_panda_description:/home/thisum/my_ws/install/moveit_resources_fanuc_description:/home/thisum/my_ws/install/moveit_common:/home/thisum/my_ws/install/launch_param_builder:${AMENT_PREFIX_PATH} CMAKE_PREFIX_PATH=/home/thisum/my_ws/install/moveit_ros_visualization:/home/thisum/my_ws/install/moveit_ros_planning_interface:/home/thisum/my_ws/install/moveit_ros_move_group:/home/thisum/my_ws/install/moveit_ros_warehouse:/home/thisum/my_ws/install/moveit_ros_robot_interaction:/home/thisum/my_ws/install/moveit_planners_ompl:/home/thisum/my_ws/install/moveit_kinematics:/home/thisum/my_ws/install/moveit_ros_planning:/home/thisum/my_ws/install/moveit_simple_controller_manager:/home/thisum/my_ws/install/moveit_ros_occupancy_map_monitor:/home/thisum/my_ws/install/moveit_core:/home/thisum/my_ws/install/moveit_resources_panda_moveit_config:/home/thisum/my_ws/install/moveit_resources_fanuc_moveit_config:/home/thisum/my_ws/install/srdfdom:/home/thisum/my_ws/install/moveit_resources_pr2_description:/home/thisum/my_ws/install/moveit_resources_panda_description:/home/thisum/my_ws/install/moveit_resources_fanuc_description:/home/thisum/my_ws/install/moveit_common:/opt/ros/humble LD_LIBRARY_PATH=/home/thisum/my_ws/install/moveit_ros_visualization/lib:/home/thisum/my_ws/install/moveit_ros_planning_interface/lib:/home/thisum/my_ws/install/moveit_ros_move_group/lib:/home/thisum/my_ws/install/moveit_ros_warehouse/lib:/home/thisum/my_ws/install/moveit_ros_robot_interaction/lib:/home/thisum/my_ws/install/moveit_planners_ompl/lib:/home/thisum/my_ws/install/moveit_kinematics/lib:/home/thisum/my_ws/install/moveit_ros_planning/lib:/home/thisum/my_ws/install/moveit_simple_controller_manager/lib:/home/thisum/my_ws/install/moveit_ros_occupancy_map_monitor/lib:/home/thisum/my_ws/install/moveit_core/lib:/home/thisum/my_ws/install/srdfdom/lib:${LD_LIBRARY_PATH} PATH=/home/thisum/my_ws/install/moveit_core/bin:${PATH} PYTHONPATH=/home/thisum/my_ws/install/moveit_configs_utils/lib/python3.10/site-packages:/home/thisum/my_ws/install/srdfdom/local/lib/python3.10/dist-packages:/home/thisum/my_ws/install/launch_param_builder/lib/python3.10/site-packages:${PYTHONPATH} /usr/bin/cmake --install /home/thisum/my_ws/build/moveit_setup_framework
