[0.073s] Invoking command in '/home/thisum/my_ws/src/build/moveit_planners_ompl': AMENT_PREFIX_PATH=/home/thisum/my_ws/src/install/moveit_ros_planning:/home/thisum/my_ws/src/install/moveit_ros_occupancy_map_monitor:/home/thisum/my_ws/src/install/moveit_core:/home/thisum/my_ws/src/install/moveit_resources_panda_moveit_config:/home/thisum/my_ws/src/install/moveit_resources_fanuc_moveit_config:/home/thisum/my_ws/src/install/srdfdom:/home/thisum/my_ws/src/install/moveit_resources_pr2_description:/home/thisum/my_ws/src/install/moveit_resources_panda_description:/home/thisum/my_ws/src/install/moveit_resources_fanuc_description:/home/thisum/my_ws/src/install/moveit_common:${AMENT_PREFIX_PATH} CMAKE_PREFIX_PATH=/home/thisum/my_ws/src/install/moveit_ros_planning:/home/thisum/my_ws/src/install/moveit_ros_occupancy_map_monitor:/home/thisum/my_ws/src/install/moveit_core:/home/thisum/my_ws/src/install/moveit_resources_panda_moveit_config:/home/thisum/my_ws/src/install/moveit_resources_fanuc_moveit_config:/home/thisum/my_ws/src/install/srdfdom:/home/thisum/my_ws/src/install/moveit_resources_pr2_description:/home/thisum/my_ws/src/install/moveit_resources_panda_description:/home/thisum/my_ws/src/install/moveit_resources_fanuc_description:/home/thisum/my_ws/src/install/moveit_common:/home/thisum/my_ws/install/pilz_industrial_motion_planner_testutils:/home/thisum/my_ws/install/moveit_runtime:/home/thisum/my_ws/install/moveit2_tutorials:/home/thisum/my_ws/install/moveit:/home/thisum/my_ws/install/arm_config:/home/thisum/my_ws/install/moveit_planners:/home/thisum/my_ws/install/pilz_industrial_motion_planner:/home/thisum/my_ws/install/moveit_visual_tools:/home/thisum/my_ws/install/moveit_task_constructor_visualization:/home/thisum/my_ws/install/moveit_task_constructor_demo:/home/thisum/my_ws/install/moveit_task_constructor_capabilities:/home/thisum/my_ws/install/moveit_task_constructor_core:/home/thisum/my_ws/install/moveit_ros_control_interface:/home/thisum/my_ws/install/moveit_plugins:/home/thisum/my_ws/install/moveit_simple_controller_manager:/home/thisum/my_ws/install/moveit_setup_assistant:/home/thisum/my_ws/install/moveit_setup_srdf_plugins:/home/thisum/my_ws/install/moveit_setup_core_plugins:/home/thisum/my_ws/install/moveit_setup_controllers:/home/thisum/my_ws/install/moveit_setup_app_plugins:/home/thisum/my_ws/install/moveit_setup_framework:/home/thisum/my_ws/install/moveit_servo:/home/thisum/my_ws/install/moveit_ros:/home/thisum/my_ws/install/moveit_ros_visualization:/home/thisum/my_ws/install/moveit_hybrid_planning:/home/thisum/my_ws/install/moveit_ros_planning_interface:/home/thisum/my_ws/install/moveit_ros_benchmarks:/home/thisum/my_ws/install/moveit_ros_warehouse:/home/thisum/my_ws/install/moveit_ros_robot_interaction:/home/thisum/my_ws/install/moveit_ros_perception:/home/thisum/my_ws/install/moveit_resources_prbt_pg70_support:/home/thisum/my_ws/install/moveit_resources_prbt_moveit_config:/home/thisum/my_ws/install/moveit_ros_move_group:/home/thisum/my_ws/install/moveit_planners_ompl:/home/thisum/my_ws/install/moveit_ros_planning:/home/thisum/my_ws/install/moveit_ros_occupancy_map_monitor:/home/thisum/my_ws/install/moveit_resources_prbt_ikfast_manipulator_plugin:/home/thisum/my_ws/install/moveit_planners_chomp:/home/thisum/my_ws/install/moveit_kinematics:/home/thisum/my_ws/install/moveit_chomp_optimizer_adapter:/home/thisum/my_ws/install/chomp_motion_planner:/home/thisum/my_ws/install/moveit_core:/home/thisum/my_ws/install/srdfdom:/home/thisum/my_ws/install/rviz_marker_tools:/home/thisum/my_ws/install/rosparam_shortcuts:/home/thisum/my_ws/install/new_full_arm:/home/thisum/my_ws/install/moveit_task_constructor_msgs:/home/thisum/my_ws/install/moveit_resources_prbt_support:/home/thisum/my_ws/install/moveit_resources:/home/thisum/my_ws/install/moveit_resources_pr2_description:/home/thisum/my_ws/install/moveit_resources_panda_moveit_config:/home/thisum/my_ws/install/moveit_resources_panda_description:/home/thisum/my_ws/install/moveit_resources_fanuc_moveit_config:/home/thisum/my_ws/install/moveit_resources_fanuc_description:/home/thisum/my_ws/install/moveit_common:/home/thisum/arm_ws/install/x:/home/thisum/arm_ws/install/robotiq_description:/home/thisum/arm_ws/install/robotiq_controllers:/home/thisum/arm_ws/install/arm_config:/home/thisum/my_ws/install/moveit_configs_utils:/home/thisum/my_ws/install/launch_param_builder:/home/thisum/arm_ws/install/moveit_configs_utils:/opt/ros/humble:/home/thisum/arm_ws/install/new_full_arm:/home/thisum/arm_ws/install/moveit_resources_prbt_support:/home/thisum/arm_ws/install/moveit_resources_pr2_description:/home/thisum/arm_ws/install/moveit_resources_panda_description:/home/thisum/arm_ws/install/moveit_resources_fanuc_description:/home/thisum/arm_ws/install/moveit_msgs:/home/thisum/arm_ws/install/moveit_common:/home/thisum/arm_ws/install/kortex_api LD_LIBRARY_PATH=/home/thisum/my_ws/src/install/moveit_ros_planning/lib:/home/thisum/my_ws/src/install/moveit_ros_occupancy_map_monitor/lib:/home/thisum/my_ws/src/install/moveit_core/lib:/home/thisum/my_ws/src/install/srdfdom/lib:${LD_LIBRARY_PATH} PATH=/home/thisum/my_ws/src/install/moveit_core/bin:${PATH} PYTHONPATH=/home/thisum/my_ws/src/install/srdfdom/local/lib/python3.10/dist-packages:${PYTHONPATH} /usr/bin/cmake /home/thisum/my_ws/src/moveit2/moveit_planners/ompl -DCMAKE_BUILD_TYPE=Release -DCMAKE_INSTALL_PREFIX=/home/thisum/my_ws/src/install/moveit_planners_ompl
[0.186s] -- The C compiler identification is GNU 11.4.0
[0.275s] -- The CXX compiler identification is GNU 11.4.0
[0.287s] -- Detecting C compiler ABI info
[0.451s] -- Detecting C compiler ABI info - done
[0.459s] -- Check for working C compiler: /usr/bin/cc - skipped
[0.460s] -- Detecting C compile features
[0.460s] -- Detecting C compile features - done
[0.463s] -- Detecting CXX compiler ABI info
[0.620s] -- Detecting CXX compiler ABI info - done
[0.627s] -- Check for working CXX compiler: /usr/bin/c++ - skipped
[0.627s] -- Detecting CXX compile features
[0.627s] -- Detecting CXX compile features - done
[0.630s] -- Found moveit_common: 2.5.5 (/home/thisum/my_ws/src/install/moveit_common/share/moveit_common/cmake)
[0.648s] -- Found ament_cmake: 1.3.9 (/opt/ros/humble/share/ament_cmake/cmake)
[0.883s] -- Found Python3: /usr/bin/python3 (found version "3.10.12") found components: Interpreter 
[1.240s] -- Found libdw: /usr/lib/x86_64-linux-gnu/libdw.so  
[1.252s] -- Could NOT find libbfd (missing: LIBBFD_LIBRARY LIBBFD_INCLUDE_DIR) 
[1.252s] -- BACKWARD_HAS_UNWIND=1
[1.252s] -- BACKWARD_HAS_BACKTRACE=0
[1.252s] -- BACKWARD_HAS_BACKTRACE_SYMBOL=0
[1.252s] -- BACKWARD_HAS_DW=1
[1.252s] -- BACKWARD_HAS_BFD=0
[1.252s] -- Found Backward: /opt/ros/humble/share/backward_ros/cmake  
[1.760s] -- Found Boost: /usr/lib/x86_64-linux-gnu/cmake/Boost-1.74.0/BoostConfig.cmake (found version "1.74.0") found components: system filesystem date_time thread serialization 
[1.763s] -- Found moveit_core: 2.5.5 (/home/thisum/my_ws/src/install/moveit_core/share/moveit_core/cmake)
[1.831s] -- Found Boost: /usr/lib/x86_64-linux-gnu/cmake/Boost-1.74.0/BoostConfig.cmake (found version "1.74.0") found components: chrono date_time filesystem iostreams program_options regex serialization system thread 
[2.019s] -- Found parameter_traits: 0.3.8 (/opt/ros/humble/share/parameter_traits/cmake)
[2.220s] -- Found rosidl_generator_c: 3.1.5 (/opt/ros/humble/share/rosidl_generator_c/cmake)
[2.245s] -- Found rosidl_adapter: 3.1.5 (/opt/ros/humble/share/rosidl_adapter/cmake)
[2.283s] -- Found rosidl_generator_cpp: 3.1.5 (/opt/ros/humble/share/rosidl_generator_cpp/cmake)
[2.323s] -- Using all available rosidl_typesupport_c: rosidl_typesupport_fastrtps_c;rosidl_typesupport_introspection_c
[2.376s] -- Using all available rosidl_typesupport_cpp: rosidl_typesupport_fastrtps_cpp;rosidl_typesupport_introspection_cpp
[2.544s] -- Found rmw_implementation_cmake: 6.1.2 (/opt/ros/humble/share/rmw_implementation_cmake/cmake)
[2.560s] -- Found rmw_fastrtps_cpp: 6.2.6 (/opt/ros/humble/share/rmw_fastrtps_cpp/cmake)
[2.829s] -- Found OpenSSL: /usr/lib/x86_64-linux-gnu/libcrypto.so (found version "3.0.2")  
[2.876s] -- Found FastRTPS: /opt/ros/humble/include  
[2.958s] -- Using RMW implementation 'rmw_fastrtps_cpp' as default
[3.005s] -- Found Threads: TRUE  
[3.237s] -- Found Eigen3: TRUE (found version "3.4.0") 
[3.257s] -- Found rclcpp_lifecycle: 16.0.9 (/opt/ros/humble/share/rclcpp_lifecycle/cmake)
[3.335s] -- Found Boost: /usr/lib/x86_64-linux-gnu/cmake/Boost-1.74.0/BoostConfig.cmake (found version "1.74.0") found components: filesystem 
[3.667s] -- library: /usr/lib/x86_64-linux-gnu/libcurl.so
[4.143s] -- Ensuring Eigen3 include directory is part of orocos-kdl CMake target
[5.707s] -- Found moveit_ros_planning: 2.5.5 (/home/thisum/my_ws/src/install/moveit_ros_planning/share/moveit_ros_planning/cmake)
[5.712s] -- Found Boost: /usr/lib/x86_64-linux-gnu/cmake/Boost-1.74.0/BoostConfig.cmake (found version "1.74.0") found components: system filesystem date_time program_options thread chrono 
[6.191s] -- Found ompl: /opt/ros/humble/include/ompl-1.6;/usr/include;/usr/include/eigen3  
[6.800s] -- Found OpenMP_C: -fopenmp (found version "4.5") 
[7.011s] -- Found OpenMP_CXX: -fopenmp (found version "4.5") 
[7.011s] -- Found OpenMP: TRUE (found version "4.5")  
[7.092s] -- Found ament_cmake_gtest: 1.3.9 (/opt/ros/humble/share/ament_cmake_gtest/cmake)
[7.110s] -- Found gtest sources under '/opt/ros/humble/src/gtest_vendor': C++ tests using 'Google Test' will be built
[7.271s] -- Found ament_lint_auto: 0.12.11 (/opt/ros/humble/share/ament_lint_auto/cmake)
[7.401s] -- Added test 'cppcheck' to perform static code analysis on C / C++ code
[7.401s] -- Configured cppcheck include dirs: /home/thisum/my_ws/src/moveit2/moveit_planners/ompl/ompl_interface/include
[7.402s] -- Configured cppcheck exclude dirs and/or files: 
[7.405s] -- Added test 'lint_cmake' to check CMake code style
[7.409s] -- Added test 'xmllint' to check XML markup files
[7.414s] -- Configuring done
[7.640s] -- Generating done
[7.643s] -- Build files have been written to: /home/thisum/my_ws/src/build/moveit_planners_ompl
[7.666s] Invoked command in '/home/thisum/my_ws/src/build/moveit_planners_ompl' returned '0': AMENT_PREFIX_PATH=/home/thisum/my_ws/src/install/moveit_ros_planning:/home/thisum/my_ws/src/install/moveit_ros_occupancy_map_monitor:/home/thisum/my_ws/src/install/moveit_core:/home/thisum/my_ws/src/install/moveit_resources_panda_moveit_config:/home/thisum/my_ws/src/install/moveit_resources_fanuc_moveit_config:/home/thisum/my_ws/src/install/srdfdom:/home/thisum/my_ws/src/install/moveit_resources_pr2_description:/home/thisum/my_ws/src/install/moveit_resources_panda_description:/home/thisum/my_ws/src/install/moveit_resources_fanuc_description:/home/thisum/my_ws/src/install/moveit_common:${AMENT_PREFIX_PATH} CMAKE_PREFIX_PATH=/home/thisum/my_ws/src/install/moveit_ros_planning:/home/thisum/my_ws/src/install/moveit_ros_occupancy_map_monitor:/home/thisum/my_ws/src/install/moveit_core:/home/thisum/my_ws/src/install/moveit_resources_panda_moveit_config:/home/thisum/my_ws/src/install/moveit_resources_fanuc_moveit_config:/home/thisum/my_ws/src/install/srdfdom:/home/thisum/my_ws/src/install/moveit_resources_pr2_description:/home/thisum/my_ws/src/install/moveit_resources_panda_description:/home/thisum/my_ws/src/install/moveit_resources_fanuc_description:/home/thisum/my_ws/src/install/moveit_common:/home/thisum/my_ws/install/pilz_industrial_motion_planner_testutils:/home/thisum/my_ws/install/moveit_runtime:/home/thisum/my_ws/install/moveit2_tutorials:/home/thisum/my_ws/install/moveit:/home/thisum/my_ws/install/arm_config:/home/thisum/my_ws/install/moveit_planners:/home/thisum/my_ws/install/pilz_industrial_motion_planner:/home/thisum/my_ws/install/moveit_visual_tools:/home/thisum/my_ws/install/moveit_task_constructor_visualization:/home/thisum/my_ws/install/moveit_task_constructor_demo:/home/thisum/my_ws/install/moveit_task_constructor_capabilities:/home/thisum/my_ws/install/moveit_task_constructor_core:/home/thisum/my_ws/install/moveit_ros_control_interface:/home/thisum/my_ws/install/moveit_plugins:/home/thisum/my_ws/install/moveit_simple_controller_manager:/home/thisum/my_ws/install/moveit_setup_assistant:/home/thisum/my_ws/install/moveit_setup_srdf_plugins:/home/thisum/my_ws/install/moveit_setup_core_plugins:/home/thisum/my_ws/install/moveit_setup_controllers:/home/thisum/my_ws/install/moveit_setup_app_plugins:/home/thisum/my_ws/install/moveit_setup_framework:/home/thisum/my_ws/install/moveit_servo:/home/thisum/my_ws/install/moveit_ros:/home/thisum/my_ws/install/moveit_ros_visualization:/home/thisum/my_ws/install/moveit_hybrid_planning:/home/thisum/my_ws/install/moveit_ros_planning_interface:/home/thisum/my_ws/install/moveit_ros_benchmarks:/home/thisum/my_ws/install/moveit_ros_warehouse:/home/thisum/my_ws/install/moveit_ros_robot_interaction:/home/thisum/my_ws/install/moveit_ros_perception:/home/thisum/my_ws/install/moveit_resources_prbt_pg70_support:/home/thisum/my_ws/install/moveit_resources_prbt_moveit_config:/home/thisum/my_ws/install/moveit_ros_move_group:/home/thisum/my_ws/install/moveit_planners_ompl:/home/thisum/my_ws/install/moveit_ros_planning:/home/thisum/my_ws/install/moveit_ros_occupancy_map_monitor:/home/thisum/my_ws/install/moveit_resources_prbt_ikfast_manipulator_plugin:/home/thisum/my_ws/install/moveit_planners_chomp:/home/thisum/my_ws/install/moveit_kinematics:/home/thisum/my_ws/install/moveit_chomp_optimizer_adapter:/home/thisum/my_ws/install/chomp_motion_planner:/home/thisum/my_ws/install/moveit_core:/home/thisum/my_ws/install/srdfdom:/home/thisum/my_ws/install/rviz_marker_tools:/home/thisum/my_ws/install/rosparam_shortcuts:/home/thisum/my_ws/install/new_full_arm:/home/thisum/my_ws/install/moveit_task_constructor_msgs:/home/thisum/my_ws/install/moveit_resources_prbt_support:/home/thisum/my_ws/install/moveit_resources:/home/thisum/my_ws/install/moveit_resources_pr2_description:/home/thisum/my_ws/install/moveit_resources_panda_moveit_config:/home/thisum/my_ws/install/moveit_resources_panda_description:/home/thisum/my_ws/install/moveit_resources_fanuc_moveit_config:/home/thisum/my_ws/install/moveit_resources_fanuc_description:/home/thisum/my_ws/install/moveit_common:/home/thisum/arm_ws/install/x:/home/thisum/arm_ws/install/robotiq_description:/home/thisum/arm_ws/install/robotiq_controllers:/home/thisum/arm_ws/install/arm_config:/home/thisum/my_ws/install/moveit_configs_utils:/home/thisum/my_ws/install/launch_param_builder:/home/thisum/arm_ws/install/moveit_configs_utils:/opt/ros/humble:/home/thisum/arm_ws/install/new_full_arm:/home/thisum/arm_ws/install/moveit_resources_prbt_support:/home/thisum/arm_ws/install/moveit_resources_pr2_description:/home/thisum/arm_ws/install/moveit_resources_panda_description:/home/thisum/arm_ws/install/moveit_resources_fanuc_description:/home/thisum/arm_ws/install/moveit_msgs:/home/thisum/arm_ws/install/moveit_common:/home/thisum/arm_ws/install/kortex_api LD_LIBRARY_PATH=/home/thisum/my_ws/src/install/moveit_ros_planning/lib:/home/thisum/my_ws/src/install/moveit_ros_occupancy_map_monitor/lib:/home/thisum/my_ws/src/install/moveit_core/lib:/home/thisum/my_ws/src/install/srdfdom/lib:${LD_LIBRARY_PATH} PATH=/home/thisum/my_ws/src/install/moveit_core/bin:${PATH} PYTHONPATH=/home/thisum/my_ws/src/install/srdfdom/local/lib/python3.10/dist-packages:${PYTHONPATH} /usr/bin/cmake /home/thisum/my_ws/src/moveit2/moveit_planners/ompl -DCMAKE_BUILD_TYPE=Release -DCMAKE_INSTALL_PREFIX=/home/thisum/my_ws/src/install/moveit_planners_ompl
[7.668s] Invoking command in '/home/thisum/my_ws/src/build/moveit_planners_ompl': AMENT_PREFIX_PATH=/home/thisum/my_ws/src/install/moveit_ros_planning:/home/thisum/my_ws/src/install/moveit_ros_occupancy_map_monitor:/home/thisum/my_ws/src/install/moveit_core:/home/thisum/my_ws/src/install/moveit_resources_panda_moveit_config:/home/thisum/my_ws/src/install/moveit_resources_fanuc_moveit_config:/home/thisum/my_ws/src/install/srdfdom:/home/thisum/my_ws/src/install/moveit_resources_pr2_description:/home/thisum/my_ws/src/install/moveit_resources_panda_description:/home/thisum/my_ws/src/install/moveit_resources_fanuc_description:/home/thisum/my_ws/src/install/moveit_common:${AMENT_PREFIX_PATH} CMAKE_PREFIX_PATH=/home/thisum/my_ws/src/install/moveit_ros_planning:/home/thisum/my_ws/src/install/moveit_ros_occupancy_map_monitor:/home/thisum/my_ws/src/install/moveit_core:/home/thisum/my_ws/src/install/moveit_resources_panda_moveit_config:/home/thisum/my_ws/src/install/moveit_resources_fanuc_moveit_config:/home/thisum/my_ws/src/install/srdfdom:/home/thisum/my_ws/src/install/moveit_resources_pr2_description:/home/thisum/my_ws/src/install/moveit_resources_panda_description:/home/thisum/my_ws/src/install/moveit_resources_fanuc_description:/home/thisum/my_ws/src/install/moveit_common:/home/thisum/my_ws/install/pilz_industrial_motion_planner_testutils:/home/thisum/my_ws/install/moveit_runtime:/home/thisum/my_ws/install/moveit2_tutorials:/home/thisum/my_ws/install/moveit:/home/thisum/my_ws/install/arm_config:/home/thisum/my_ws/install/moveit_planners:/home/thisum/my_ws/install/pilz_industrial_motion_planner:/home/thisum/my_ws/install/moveit_visual_tools:/home/thisum/my_ws/install/moveit_task_constructor_visualization:/home/thisum/my_ws/install/moveit_task_constructor_demo:/home/thisum/my_ws/install/moveit_task_constructor_capabilities:/home/thisum/my_ws/install/moveit_task_constructor_core:/home/thisum/my_ws/install/moveit_ros_control_interface:/home/thisum/my_ws/install/moveit_plugins:/home/thisum/my_ws/install/moveit_simple_controller_manager:/home/thisum/my_ws/install/moveit_setup_assistant:/home/thisum/my_ws/install/moveit_setup_srdf_plugins:/home/thisum/my_ws/install/moveit_setup_core_plugins:/home/thisum/my_ws/install/moveit_setup_controllers:/home/thisum/my_ws/install/moveit_setup_app_plugins:/home/thisum/my_ws/install/moveit_setup_framework:/home/thisum/my_ws/install/moveit_servo:/home/thisum/my_ws/install/moveit_ros:/home/thisum/my_ws/install/moveit_ros_visualization:/home/thisum/my_ws/install/moveit_hybrid_planning:/home/thisum/my_ws/install/moveit_ros_planning_interface:/home/thisum/my_ws/install/moveit_ros_benchmarks:/home/thisum/my_ws/install/moveit_ros_warehouse:/home/thisum/my_ws/install/moveit_ros_robot_interaction:/home/thisum/my_ws/install/moveit_ros_perception:/home/thisum/my_ws/install/moveit_resources_prbt_pg70_support:/home/thisum/my_ws/install/moveit_resources_prbt_moveit_config:/home/thisum/my_ws/install/moveit_ros_move_group:/home/thisum/my_ws/install/moveit_planners_ompl:/home/thisum/my_ws/install/moveit_ros_planning:/home/thisum/my_ws/install/moveit_ros_occupancy_map_monitor:/home/thisum/my_ws/install/moveit_resources_prbt_ikfast_manipulator_plugin:/home/thisum/my_ws/install/moveit_planners_chomp:/home/thisum/my_ws/install/moveit_kinematics:/home/thisum/my_ws/install/moveit_chomp_optimizer_adapter:/home/thisum/my_ws/install/chomp_motion_planner:/home/thisum/my_ws/install/moveit_core:/home/thisum/my_ws/install/srdfdom:/home/thisum/my_ws/install/rviz_marker_tools:/home/thisum/my_ws/install/rosparam_shortcuts:/home/thisum/my_ws/install/new_full_arm:/home/thisum/my_ws/install/moveit_task_constructor_msgs:/home/thisum/my_ws/install/moveit_resources_prbt_support:/home/thisum/my_ws/install/moveit_resources:/home/thisum/my_ws/install/moveit_resources_pr2_description:/home/thisum/my_ws/install/moveit_resources_panda_moveit_config:/home/thisum/my_ws/install/moveit_resources_panda_description:/home/thisum/my_ws/install/moveit_resources_fanuc_moveit_config:/home/thisum/my_ws/install/moveit_resources_fanuc_description:/home/thisum/my_ws/install/moveit_common:/home/thisum/arm_ws/install/x:/home/thisum/arm_ws/install/robotiq_description:/home/thisum/arm_ws/install/robotiq_controllers:/home/thisum/arm_ws/install/arm_config:/home/thisum/my_ws/install/moveit_configs_utils:/home/thisum/my_ws/install/launch_param_builder:/home/thisum/arm_ws/install/moveit_configs_utils:/opt/ros/humble:/home/thisum/arm_ws/install/new_full_arm:/home/thisum/arm_ws/install/moveit_resources_prbt_support:/home/thisum/arm_ws/install/moveit_resources_pr2_description:/home/thisum/arm_ws/install/moveit_resources_panda_description:/home/thisum/arm_ws/install/moveit_resources_fanuc_description:/home/thisum/arm_ws/install/moveit_msgs:/home/thisum/arm_ws/install/moveit_common:/home/thisum/arm_ws/install/kortex_api LD_LIBRARY_PATH=/home/thisum/my_ws/src/install/moveit_ros_planning/lib:/home/thisum/my_ws/src/install/moveit_ros_occupancy_map_monitor/lib:/home/thisum/my_ws/src/install/moveit_core/lib:/home/thisum/my_ws/src/install/srdfdom/lib:${LD_LIBRARY_PATH} PATH=/home/thisum/my_ws/src/install/moveit_core/bin:${PATH} PYTHONPATH=/home/thisum/my_ws/src/install/srdfdom/local/lib/python3.10/dist-packages:${PYTHONPATH} /usr/bin/cmake --build /home/thisum/my_ws/src/build/moveit_planners_ompl -- -j6 -l6
[7.801s] [  2%] [32mBuilding CXX object gtest/CMakeFiles/gtest.dir/src/gtest-all.cc.o[0m
[7.803s] [  4%] [32mBuilding CXX object ompl_interface/CMakeFiles/moveit_ompl_interface.dir/src/parameterization/model_based_state_space.cpp.o[0m
[7.806s] [  7%] [32mBuilding CXX object ompl_interface/CMakeFiles/moveit_ompl_interface.dir/src/planning_context_manager.cpp.o[0m
[7.807s] [  9%] [32mBuilding CXX object ompl_interface/CMakeFiles/moveit_ompl_interface.dir/src/ompl_interface.cpp.o[0m
[7.810s] [ 12%] [32mBuilding CXX object gtest/CMakeFiles/gtest_main.dir/src/gtest_main.cc.o[0m
[7.810s] [ 14%] [32mBuilding CXX object ompl_interface/CMakeFiles/moveit_ompl_interface.dir/src/model_based_planning_context.cpp.o[0m
[9.079s] [ 17%] [32m[1mLinking CXX static library libgtest_main.a[0m
[9.248s] [ 17%] Built target gtest_main
[9.269s] [ 19%] [32mBuilding CXX object ompl_interface/CMakeFiles/moveit_ompl_interface.dir/src/parameterization/model_based_state_space_factory.cpp.o[0m
[17.393s] [ 21%] [32m[1mLinking CXX static library libgtest.a[0m
[17.599s] [ 21%] Built target gtest
[17.625s] [ 24%] [32mBuilding CXX object ompl_interface/CMakeFiles/moveit_ompl_interface.dir/src/parameterization/joint_space/constrained_planning_state_space.cpp.o[0m
[20.228s] [ 26%] [32mBuilding CXX object ompl_interface/CMakeFiles/moveit_ompl_interface.dir/src/parameterization/joint_space/constrained_planning_state_space_factory.cpp.o[0m
[21.824s] [ 29%] [32mBuilding CXX object ompl_interface/CMakeFiles/moveit_ompl_interface.dir/src/parameterization/joint_space/joint_model_state_space.cpp.o[0m
[23.972s] [ 31%] [32mBuilding CXX object ompl_interface/CMakeFiles/moveit_ompl_interface.dir/src/parameterization/joint_space/joint_model_state_space_factory.cpp.o[0m
[28.914s] [ 34%] [32mBuilding CXX object ompl_interface/CMakeFiles/moveit_ompl_interface.dir/src/parameterization/work_space/pose_model_state_space.cpp.o[0m
[30.190s] [ 36%] [32mBuilding CXX object ompl_interface/CMakeFiles/moveit_ompl_interface.dir/src/parameterization/work_space/pose_model_state_space_factory.cpp.o[0m
[32.976s] [ 39%] [32mBuilding CXX object ompl_interface/CMakeFiles/moveit_ompl_interface.dir/src/detail/ompl_constraints.cpp.o[0m
[34.003s] [ 41%] [32mBuilding CXX object ompl_interface/CMakeFiles/moveit_ompl_interface.dir/src/detail/threadsafe_state_storage.cpp.o[0m
[34.591s] [ 43%] [32mBuilding CXX object ompl_interface/CMakeFiles/moveit_ompl_interface.dir/src/detail/state_validity_checker.cpp.o[0m
[36.656s] [ 46%] [32mBuilding CXX object ompl_interface/CMakeFiles/moveit_ompl_interface.dir/src/detail/projection_evaluators.cpp.o[0m
[41.519s] [ 48%] [32mBuilding CXX object ompl_interface/CMakeFiles/moveit_ompl_interface.dir/src/detail/goal_union.cpp.o[0m
[42.793s] [ 51%] [32mBuilding CXX object ompl_interface/CMakeFiles/moveit_ompl_interface.dir/src/detail/constraints_library.cpp.o[0m
[43.106s] [ 53%] [32mBuilding CXX object ompl_interface/CMakeFiles/moveit_ompl_interface.dir/src/detail/constrained_sampler.cpp.o[0m
[44.205s] [ 56%] [32mBuilding CXX object ompl_interface/CMakeFiles/moveit_ompl_interface.dir/src/detail/constrained_valid_state_sampler.cpp.o[0m
[54.673s] [ 58%] [32mBuilding CXX object ompl_interface/CMakeFiles/moveit_ompl_interface.dir/src/detail/constrained_goal_sampler.cpp.o[0m
[65.139s] [ 60%] [32m[1mLinking CXX shared library libmoveit_ompl_interface.so[0m
[65.769s] [ 60%] Built target moveit_ompl_interface
[65.842s] [ 65%] [32mBuilding CXX object ompl_interface/CMakeFiles/test_state_validity_checker.dir/test/test_state_validity_checker.cpp.o[0m
[65.842s] [ 68%] [32mBuilding CXX object ompl_interface/CMakeFiles/test_planning_context_manager.dir/test/test_planning_context_manager.cpp.o[0m
[65.842s] [ 68%] [32mBuilding CXX object ompl_interface/CMakeFiles/moveit_generate_state_database.dir/scripts/generate_state_database.cpp.o[0m
[65.842s] [ 70%] [32mBuilding CXX object ompl_interface/CMakeFiles/test_state_space.dir/test/test_state_space.cpp.o[0m
[65.846s] [ 73%] [32mBuilding CXX object ompl_interface/CMakeFiles/moveit_ompl_planner_plugin.dir/src/ompl_planner_manager.cpp.o[0m
[68.170s] [ 75%] [32mBuilding CXX object ompl_interface/CMakeFiles/test_constrained_planning_state_space.dir/test/test_constrained_planning_state_space.cpp.o[0m
[80.860s] [ 78%] [32m[1mLinking CXX executable test_state_space[0m
[81.886s] [ 78%] Built target test_state_space
[82.199s] [ 80%] [32m[1mLinking CXX shared library libmoveit_ompl_planner_plugin.so[0m
[83.002s] [ 80%] Built target moveit_ompl_planner_plugin
[83.793s] [ 82%] [32m[1mLinking CXX executable test_state_validity_checker[0m
[84.596s] [ 82%] Built target test_state_validity_checker
[84.945s] [ 85%] [32m[1mLinking CXX executable test_constrained_planning_state_space[0m
[85.630s] [ 85%] Built target test_constrained_planning_state_space
[87.154s] [ 87%] [32m[1mLinking CXX executable test_planning_context_manager[0m
[87.187s] [ 90%] [32m[1mLinking CXX executable generate_state_database[0m
[87.853s] [ 90%] Built target moveit_generate_state_database
[87.860s] [ 90%] Built target test_planning_context_manager
[87.920s] [ 92%] [32mBuilding CXX object ompl_interface/CMakeFiles/test_threadsafe_state_storage.dir/test/test_threadsafe_state_storage.cpp.o[0m
[94.194s] [ 95%] [32m[1mLinking CXX executable test_threadsafe_state_storage[0m
[94.759s] [ 95%] Built target test_threadsafe_state_storage
[94.813s] [ 97%] [32mBuilding CXX object ompl_interface/CMakeFiles/test_constrained_state_validity_checker.dir/test/test_constrained_state_validity_checker.cpp.o[0m
[107.731s] [100%] [32m[1mLinking CXX executable test_constrained_state_validity_checker[0m
[108.453s] [100%] Built target test_constrained_state_validity_checker
[108.488s] Invoked command in '/home/thisum/my_ws/src/build/moveit_planners_ompl' returned '0': AMENT_PREFIX_PATH=/home/thisum/my_ws/src/install/moveit_ros_planning:/home/thisum/my_ws/src/install/moveit_ros_occupancy_map_monitor:/home/thisum/my_ws/src/install/moveit_core:/home/thisum/my_ws/src/install/moveit_resources_panda_moveit_config:/home/thisum/my_ws/src/install/moveit_resources_fanuc_moveit_config:/home/thisum/my_ws/src/install/srdfdom:/home/thisum/my_ws/src/install/moveit_resources_pr2_description:/home/thisum/my_ws/src/install/moveit_resources_panda_description:/home/thisum/my_ws/src/install/moveit_resources_fanuc_description:/home/thisum/my_ws/src/install/moveit_common:${AMENT_PREFIX_PATH} CMAKE_PREFIX_PATH=/home/thisum/my_ws/src/install/moveit_ros_planning:/home/thisum/my_ws/src/install/moveit_ros_occupancy_map_monitor:/home/thisum/my_ws/src/install/moveit_core:/home/thisum/my_ws/src/install/moveit_resources_panda_moveit_config:/home/thisum/my_ws/src/install/moveit_resources_fanuc_moveit_config:/home/thisum/my_ws/src/install/srdfdom:/home/thisum/my_ws/src/install/moveit_resources_pr2_description:/home/thisum/my_ws/src/install/moveit_resources_panda_description:/home/thisum/my_ws/src/install/moveit_resources_fanuc_description:/home/thisum/my_ws/src/install/moveit_common:/home/thisum/my_ws/install/pilz_industrial_motion_planner_testutils:/home/thisum/my_ws/install/moveit_runtime:/home/thisum/my_ws/install/moveit2_tutorials:/home/thisum/my_ws/install/moveit:/home/thisum/my_ws/install/arm_config:/home/thisum/my_ws/install/moveit_planners:/home/thisum/my_ws/install/pilz_industrial_motion_planner:/home/thisum/my_ws/install/moveit_visual_tools:/home/thisum/my_ws/install/moveit_task_constructor_visualization:/home/thisum/my_ws/install/moveit_task_constructor_demo:/home/thisum/my_ws/install/moveit_task_constructor_capabilities:/home/thisum/my_ws/install/moveit_task_constructor_core:/home/thisum/my_ws/install/moveit_ros_control_interface:/home/thisum/my_ws/install/moveit_plugins:/home/thisum/my_ws/install/moveit_simple_controller_manager:/home/thisum/my_ws/install/moveit_setup_assistant:/home/thisum/my_ws/install/moveit_setup_srdf_plugins:/home/thisum/my_ws/install/moveit_setup_core_plugins:/home/thisum/my_ws/install/moveit_setup_controllers:/home/thisum/my_ws/install/moveit_setup_app_plugins:/home/thisum/my_ws/install/moveit_setup_framework:/home/thisum/my_ws/install/moveit_servo:/home/thisum/my_ws/install/moveit_ros:/home/thisum/my_ws/install/moveit_ros_visualization:/home/thisum/my_ws/install/moveit_hybrid_planning:/home/thisum/my_ws/install/moveit_ros_planning_interface:/home/thisum/my_ws/install/moveit_ros_benchmarks:/home/thisum/my_ws/install/moveit_ros_warehouse:/home/thisum/my_ws/install/moveit_ros_robot_interaction:/home/thisum/my_ws/install/moveit_ros_perception:/home/thisum/my_ws/install/moveit_resources_prbt_pg70_support:/home/thisum/my_ws/install/moveit_resources_prbt_moveit_config:/home/thisum/my_ws/install/moveit_ros_move_group:/home/thisum/my_ws/install/moveit_planners_ompl:/home/thisum/my_ws/install/moveit_ros_planning:/home/thisum/my_ws/install/moveit_ros_occupancy_map_monitor:/home/thisum/my_ws/install/moveit_resources_prbt_ikfast_manipulator_plugin:/home/thisum/my_ws/install/moveit_planners_chomp:/home/thisum/my_ws/install/moveit_kinematics:/home/thisum/my_ws/install/moveit_chomp_optimizer_adapter:/home/thisum/my_ws/install/chomp_motion_planner:/home/thisum/my_ws/install/moveit_core:/home/thisum/my_ws/install/srdfdom:/home/thisum/my_ws/install/rviz_marker_tools:/home/thisum/my_ws/install/rosparam_shortcuts:/home/thisum/my_ws/install/new_full_arm:/home/thisum/my_ws/install/moveit_task_constructor_msgs:/home/thisum/my_ws/install/moveit_resources_prbt_support:/home/thisum/my_ws/install/moveit_resources:/home/thisum/my_ws/install/moveit_resources_pr2_description:/home/thisum/my_ws/install/moveit_resources_panda_moveit_config:/home/thisum/my_ws/install/moveit_resources_panda_description:/home/thisum/my_ws/install/moveit_resources_fanuc_moveit_config:/home/thisum/my_ws/install/moveit_resources_fanuc_description:/home/thisum/my_ws/install/moveit_common:/home/thisum/arm_ws/install/x:/home/thisum/arm_ws/install/robotiq_description:/home/thisum/arm_ws/install/robotiq_controllers:/home/thisum/arm_ws/install/arm_config:/home/thisum/my_ws/install/moveit_configs_utils:/home/thisum/my_ws/install/launch_param_builder:/home/thisum/arm_ws/install/moveit_configs_utils:/opt/ros/humble:/home/thisum/arm_ws/install/new_full_arm:/home/thisum/arm_ws/install/moveit_resources_prbt_support:/home/thisum/arm_ws/install/moveit_resources_pr2_description:/home/thisum/arm_ws/install/moveit_resources_panda_description:/home/thisum/arm_ws/install/moveit_resources_fanuc_description:/home/thisum/arm_ws/install/moveit_msgs:/home/thisum/arm_ws/install/moveit_common:/home/thisum/arm_ws/install/kortex_api LD_LIBRARY_PATH=/home/thisum/my_ws/src/install/moveit_ros_planning/lib:/home/thisum/my_ws/src/install/moveit_ros_occupancy_map_monitor/lib:/home/thisum/my_ws/src/install/moveit_core/lib:/home/thisum/my_ws/src/install/srdfdom/lib:${LD_LIBRARY_PATH} PATH=/home/thisum/my_ws/src/install/moveit_core/bin:${PATH} PYTHONPATH=/home/thisum/my_ws/src/install/srdfdom/local/lib/python3.10/dist-packages:${PYTHONPATH} /usr/bin/cmake --build /home/thisum/my_ws/src/build/moveit_planners_ompl -- -j6 -l6
[108.611s] Invoking command in '/home/thisum/my_ws/src/build/moveit_planners_ompl': AMENT_PREFIX_PATH=/home/thisum/my_ws/src/install/moveit_ros_planning:/home/thisum/my_ws/src/install/moveit_ros_occupancy_map_monitor:/home/thisum/my_ws/src/install/moveit_core:/home/thisum/my_ws/src/install/moveit_resources_panda_moveit_config:/home/thisum/my_ws/src/install/moveit_resources_fanuc_moveit_config:/home/thisum/my_ws/src/install/srdfdom:/home/thisum/my_ws/src/install/moveit_resources_pr2_description:/home/thisum/my_ws/src/install/moveit_resources_panda_description:/home/thisum/my_ws/src/install/moveit_resources_fanuc_description:/home/thisum/my_ws/src/install/moveit_common:${AMENT_PREFIX_PATH} CMAKE_PREFIX_PATH=/home/thisum/my_ws/src/install/moveit_ros_planning:/home/thisum/my_ws/src/install/moveit_ros_occupancy_map_monitor:/home/thisum/my_ws/src/install/moveit_core:/home/thisum/my_ws/src/install/moveit_resources_panda_moveit_config:/home/thisum/my_ws/src/install/moveit_resources_fanuc_moveit_config:/home/thisum/my_ws/src/install/srdfdom:/home/thisum/my_ws/src/install/moveit_resources_pr2_description:/home/thisum/my_ws/src/install/moveit_resources_panda_description:/home/thisum/my_ws/src/install/moveit_resources_fanuc_description:/home/thisum/my_ws/src/install/moveit_common:/home/thisum/my_ws/install/pilz_industrial_motion_planner_testutils:/home/thisum/my_ws/install/moveit_runtime:/home/thisum/my_ws/install/moveit2_tutorials:/home/thisum/my_ws/install/moveit:/home/thisum/my_ws/install/arm_config:/home/thisum/my_ws/install/moveit_planners:/home/thisum/my_ws/install/pilz_industrial_motion_planner:/home/thisum/my_ws/install/moveit_visual_tools:/home/thisum/my_ws/install/moveit_task_constructor_visualization:/home/thisum/my_ws/install/moveit_task_constructor_demo:/home/thisum/my_ws/install/moveit_task_constructor_capabilities:/home/thisum/my_ws/install/moveit_task_constructor_core:/home/thisum/my_ws/install/moveit_ros_control_interface:/home/thisum/my_ws/install/moveit_plugins:/home/thisum/my_ws/install/moveit_simple_controller_manager:/home/thisum/my_ws/install/moveit_setup_assistant:/home/thisum/my_ws/install/moveit_setup_srdf_plugins:/home/thisum/my_ws/install/moveit_setup_core_plugins:/home/thisum/my_ws/install/moveit_setup_controllers:/home/thisum/my_ws/install/moveit_setup_app_plugins:/home/thisum/my_ws/install/moveit_setup_framework:/home/thisum/my_ws/install/moveit_servo:/home/thisum/my_ws/install/moveit_ros:/home/thisum/my_ws/install/moveit_ros_visualization:/home/thisum/my_ws/install/moveit_hybrid_planning:/home/thisum/my_ws/install/moveit_ros_planning_interface:/home/thisum/my_ws/install/moveit_ros_benchmarks:/home/thisum/my_ws/install/moveit_ros_warehouse:/home/thisum/my_ws/install/moveit_ros_robot_interaction:/home/thisum/my_ws/install/moveit_ros_perception:/home/thisum/my_ws/install/moveit_resources_prbt_pg70_support:/home/thisum/my_ws/install/moveit_resources_prbt_moveit_config:/home/thisum/my_ws/install/moveit_ros_move_group:/home/thisum/my_ws/install/moveit_planners_ompl:/home/thisum/my_ws/install/moveit_ros_planning:/home/thisum/my_ws/install/moveit_ros_occupancy_map_monitor:/home/thisum/my_ws/install/moveit_resources_prbt_ikfast_manipulator_plugin:/home/thisum/my_ws/install/moveit_planners_chomp:/home/thisum/my_ws/install/moveit_kinematics:/home/thisum/my_ws/install/moveit_chomp_optimizer_adapter:/home/thisum/my_ws/install/chomp_motion_planner:/home/thisum/my_ws/install/moveit_core:/home/thisum/my_ws/install/srdfdom:/home/thisum/my_ws/install/rviz_marker_tools:/home/thisum/my_ws/install/rosparam_shortcuts:/home/thisum/my_ws/install/new_full_arm:/home/thisum/my_ws/install/moveit_task_constructor_msgs:/home/thisum/my_ws/install/moveit_resources_prbt_support:/home/thisum/my_ws/install/moveit_resources:/home/thisum/my_ws/install/moveit_resources_pr2_description:/home/thisum/my_ws/install/moveit_resources_panda_moveit_config:/home/thisum/my_ws/install/moveit_resources_panda_description:/home/thisum/my_ws/install/moveit_resources_fanuc_moveit_config:/home/thisum/my_ws/install/moveit_resources_fanuc_description:/home/thisum/my_ws/install/moveit_common:/home/thisum/arm_ws/install/x:/home/thisum/arm_ws/install/robotiq_description:/home/thisum/arm_ws/install/robotiq_controllers:/home/thisum/arm_ws/install/arm_config:/home/thisum/my_ws/install/moveit_configs_utils:/home/thisum/my_ws/install/launch_param_builder:/home/thisum/arm_ws/install/moveit_configs_utils:/opt/ros/humble:/home/thisum/arm_ws/install/new_full_arm:/home/thisum/arm_ws/install/moveit_resources_prbt_support:/home/thisum/arm_ws/install/moveit_resources_pr2_description:/home/thisum/arm_ws/install/moveit_resources_panda_description:/home/thisum/arm_ws/install/moveit_resources_fanuc_description:/home/thisum/arm_ws/install/moveit_msgs:/home/thisum/arm_ws/install/moveit_common:/home/thisum/arm_ws/install/kortex_api LD_LIBRARY_PATH=/home/thisum/my_ws/src/install/moveit_ros_planning/lib:/home/thisum/my_ws/src/install/moveit_ros_occupancy_map_monitor/lib:/home/thisum/my_ws/src/install/moveit_core/lib:/home/thisum/my_ws/src/install/srdfdom/lib:${LD_LIBRARY_PATH} PATH=/home/thisum/my_ws/src/install/moveit_core/bin:${PATH} PYTHONPATH=/home/thisum/my_ws/src/install/srdfdom/local/lib/python3.10/dist-packages:${PYTHONPATH} /usr/bin/cmake --install /home/thisum/my_ws/src/build/moveit_planners_ompl
[108.629s] -- Install configuration: "Release"
[108.629s] -- Installing: /home/thisum/my_ws/src/install/moveit_planners_ompl/lib/moveit_planners_ompl/generate_state_database
[108.630s] -- Set runtime path of "/home/thisum/my_ws/src/install/moveit_planners_ompl/lib/moveit_planners_ompl/generate_state_database" to ""
[108.631s] -- Installing: /home/thisum/my_ws/src/install/moveit_planners_ompl/include
[108.631s] -- Installing: /home/thisum/my_ws/src/install/moveit_planners_ompl/include/moveit
[108.631s] -- Installing: /home/thisum/my_ws/src/install/moveit_planners_ompl/include/moveit/ompl_interface
[108.631s] -- Installing: /home/thisum/my_ws/src/install/moveit_planners_ompl/include/moveit/ompl_interface/ompl_interface.h
[108.632s] -- Installing: /home/thisum/my_ws/src/install/moveit_planners_ompl/include/moveit/ompl_interface/planning_context_manager.h
[108.632s] -- Installing: /home/thisum/my_ws/src/install/moveit_planners_ompl/include/moveit/ompl_interface/detail
[108.632s] -- Installing: /home/thisum/my_ws/src/install/moveit_planners_ompl/include/moveit/ompl_interface/detail/constrained_sampler.h
[108.632s] -- Installing: /home/thisum/my_ws/src/install/moveit_planners_ompl/include/moveit/ompl_interface/detail/goal_union.h
[108.632s] -- Installing: /home/thisum/my_ws/src/install/moveit_planners_ompl/include/moveit/ompl_interface/detail/ompl_constraints.h
[108.632s] -- Installing: /home/thisum/my_ws/src/install/moveit_planners_ompl/include/moveit/ompl_interface/detail/constrained_goal_sampler.h
[108.632s] -- Installing: /home/thisum/my_ws/src/install/moveit_planners_ompl/include/moveit/ompl_interface/detail/constraint_approximations.h
[108.633s] -- Installing: /home/thisum/my_ws/src/install/moveit_planners_ompl/include/moveit/ompl_interface/detail/constraints_library.h
[108.633s] -- Installing: /home/thisum/my_ws/src/install/moveit_planners_ompl/include/moveit/ompl_interface/detail/threadsafe_state_storage.h
[108.633s] -- Installing: /home/thisum/my_ws/src/install/moveit_planners_ompl/include/moveit/ompl_interface/detail/projection_evaluators.h
[108.633s] -- Installing: /home/thisum/my_ws/src/install/moveit_planners_ompl/include/moveit/ompl_interface/detail/state_validity_checker.h
[108.633s] -- Installing: /home/thisum/my_ws/src/install/moveit_planners_ompl/include/moveit/ompl_interface/detail/constrained_valid_state_sampler.h
[108.634s] -- Installing: /home/thisum/my_ws/src/install/moveit_planners_ompl/include/moveit/ompl_interface/model_based_planning_context.h
[108.634s] -- Installing: /home/thisum/my_ws/src/install/moveit_planners_ompl/include/moveit/ompl_interface/parameterization
[108.634s] -- Installing: /home/thisum/my_ws/src/install/moveit_planners_ompl/include/moveit/ompl_interface/parameterization/joint_space
[108.635s] -- Installing: /home/thisum/my_ws/src/install/moveit_planners_ompl/include/moveit/ompl_interface/parameterization/joint_space/joint_model_state_space.h
[108.635s] -- Installing: /home/thisum/my_ws/src/install/moveit_planners_ompl/include/moveit/ompl_interface/parameterization/joint_space/constrained_planning_state_space_factory.h
[108.635s] -- Installing: /home/thisum/my_ws/src/install/moveit_planners_ompl/include/moveit/ompl_interface/parameterization/joint_space/constrained_planning_state_space.h
[108.635s] -- Installing: /home/thisum/my_ws/src/install/moveit_planners_ompl/include/moveit/ompl_interface/parameterization/joint_space/joint_model_state_space_factory.h
[108.635s] -- Installing: /home/thisum/my_ws/src/install/moveit_planners_ompl/include/moveit/ompl_interface/parameterization/work_space
[108.635s] -- Installing: /home/thisum/my_ws/src/install/moveit_planners_ompl/include/moveit/ompl_interface/parameterization/work_space/pose_model_state_space.h
[108.636s] -- Installing: /home/thisum/my_ws/src/install/moveit_planners_ompl/include/moveit/ompl_interface/parameterization/work_space/pose_model_state_space_factory.h
[108.636s] -- Installing: /home/thisum/my_ws/src/install/moveit_planners_ompl/include/moveit/ompl_interface/parameterization/model_based_state_space.h
[108.636s] -- Installing: /home/thisum/my_ws/src/install/moveit_planners_ompl/include/moveit/ompl_interface/parameterization/model_based_state_space_factory.h
[108.636s] -- Installing: /home/thisum/my_ws/src/install/moveit_planners_ompl/lib/libmoveit_ompl_interface.so.2.5.5
[108.640s] -- Set runtime path of "/home/thisum/my_ws/src/install/moveit_planners_ompl/lib/libmoveit_ompl_interface.so.2.5.5" to ""
[108.640s] -- Installing: /home/thisum/my_ws/src/install/moveit_planners_ompl/lib/libmoveit_ompl_interface.so
[108.641s] -- Installing: /home/thisum/my_ws/src/install/moveit_planners_ompl/lib/libmoveit_ompl_planner_plugin.so.2.5.5
[108.641s] -- Set runtime path of "/home/thisum/my_ws/src/install/moveit_planners_ompl/lib/libmoveit_ompl_planner_plugin.so.2.5.5" to ""
[108.641s] -- Installing: /home/thisum/my_ws/src/install/moveit_planners_ompl/lib/libmoveit_ompl_planner_plugin.so
[108.642s] -- Installing: /home/thisum/my_ws/src/install/moveit_planners_ompl/share/moveit_planners_ompl/environment/library_path.sh
[108.642s] -- Installing: /home/thisum/my_ws/src/install/moveit_planners_ompl/share/moveit_planners_ompl/environment/library_path.dsv
[108.642s] -- Installing: /home/thisum/my_ws/src/install/moveit_planners_ompl/share/moveit_planners_ompl/ompl_interface_plugin_description.xml
[108.643s] -- Installing: /home/thisum/my_ws/src/install/moveit_planners_ompl/share/ament_index/resource_index/package_run_dependencies/moveit_planners_ompl
[108.643s] -- Installing: /home/thisum/my_ws/src/install/moveit_planners_ompl/share/ament_index/resource_index/parent_prefix_path/moveit_planners_ompl
[108.643s] -- Installing: /home/thisum/my_ws/src/install/moveit_planners_ompl/share/moveit_planners_ompl/environment/ament_prefix_path.sh
[108.644s] -- Installing: /home/thisum/my_ws/src/install/moveit_planners_ompl/share/moveit_planners_ompl/environment/ament_prefix_path.dsv
[108.644s] -- Installing: /home/thisum/my_ws/src/install/moveit_planners_ompl/share/moveit_planners_ompl/environment/path.sh
[108.644s] -- Installing: /home/thisum/my_ws/src/install/moveit_planners_ompl/share/moveit_planners_ompl/environment/path.dsv
[108.644s] -- Installing: /home/thisum/my_ws/src/install/moveit_planners_ompl/share/moveit_planners_ompl/local_setup.bash
[108.645s] -- Installing: /home/thisum/my_ws/src/install/moveit_planners_ompl/share/moveit_planners_ompl/local_setup.sh
[108.645s] -- Installing: /home/thisum/my_ws/src/install/moveit_planners_ompl/share/moveit_planners_ompl/local_setup.zsh
[108.645s] -- Installing: /home/thisum/my_ws/src/install/moveit_planners_ompl/share/moveit_planners_ompl/local_setup.dsv
[108.645s] -- Installing: /home/thisum/my_ws/src/install/moveit_planners_ompl/share/moveit_planners_ompl/package.dsv
[108.646s] -- Installing: /home/thisum/my_ws/src/install/moveit_planners_ompl/share/ament_index/resource_index/packages/moveit_planners_ompl
[108.646s] -- Installing: /home/thisum/my_ws/src/install/moveit_planners_ompl/share/ament_index/resource_index/moveit_core__pluginlib__plugin/moveit_planners_ompl
[108.647s] -- Installing: /home/thisum/my_ws/src/install/moveit_planners_ompl/share/moveit_planners_ompl/cmake/export_moveit_planners_omplExport.cmake
[108.647s] -- Installing: /home/thisum/my_ws/src/install/moveit_planners_ompl/share/moveit_planners_ompl/cmake/export_moveit_planners_omplExport-release.cmake
[108.648s] -- Installing: /home/thisum/my_ws/src/install/moveit_planners_ompl/share/moveit_planners_ompl/cmake/ament_cmake_export_targets-extras.cmake
[108.648s] -- Installing: /home/thisum/my_ws/src/install/moveit_planners_ompl/share/moveit_planners_ompl/cmake/ament_cmake_export_dependencies-extras.cmake
[108.648s] -- Installing: /home/thisum/my_ws/src/install/moveit_planners_ompl/share/moveit_planners_ompl/cmake/moveit_planners_omplConfig.cmake
[108.648s] -- Installing: /home/thisum/my_ws/src/install/moveit_planners_ompl/share/moveit_planners_ompl/cmake/moveit_planners_omplConfig-version.cmake
[108.649s] -- Installing: /home/thisum/my_ws/src/install/moveit_planners_ompl/share/moveit_planners_ompl/package.xml
[108.653s] Invoked command in '/home/thisum/my_ws/src/build/moveit_planners_ompl' returned '0': AMENT_PREFIX_PATH=/home/thisum/my_ws/src/install/moveit_ros_planning:/home/thisum/my_ws/src/install/moveit_ros_occupancy_map_monitor:/home/thisum/my_ws/src/install/moveit_core:/home/thisum/my_ws/src/install/moveit_resources_panda_moveit_config:/home/thisum/my_ws/src/install/moveit_resources_fanuc_moveit_config:/home/thisum/my_ws/src/install/srdfdom:/home/thisum/my_ws/src/install/moveit_resources_pr2_description:/home/thisum/my_ws/src/install/moveit_resources_panda_description:/home/thisum/my_ws/src/install/moveit_resources_fanuc_description:/home/thisum/my_ws/src/install/moveit_common:${AMENT_PREFIX_PATH} CMAKE_PREFIX_PATH=/home/thisum/my_ws/src/install/moveit_ros_planning:/home/thisum/my_ws/src/install/moveit_ros_occupancy_map_monitor:/home/thisum/my_ws/src/install/moveit_core:/home/thisum/my_ws/src/install/moveit_resources_panda_moveit_config:/home/thisum/my_ws/src/install/moveit_resources_fanuc_moveit_config:/home/thisum/my_ws/src/install/srdfdom:/home/thisum/my_ws/src/install/moveit_resources_pr2_description:/home/thisum/my_ws/src/install/moveit_resources_panda_description:/home/thisum/my_ws/src/install/moveit_resources_fanuc_description:/home/thisum/my_ws/src/install/moveit_common:/home/thisum/my_ws/install/pilz_industrial_motion_planner_testutils:/home/thisum/my_ws/install/moveit_runtime:/home/thisum/my_ws/install/moveit2_tutorials:/home/thisum/my_ws/install/moveit:/home/thisum/my_ws/install/arm_config:/home/thisum/my_ws/install/moveit_planners:/home/thisum/my_ws/install/pilz_industrial_motion_planner:/home/thisum/my_ws/install/moveit_visual_tools:/home/thisum/my_ws/install/moveit_task_constructor_visualization:/home/thisum/my_ws/install/moveit_task_constructor_demo:/home/thisum/my_ws/install/moveit_task_constructor_capabilities:/home/thisum/my_ws/install/moveit_task_constructor_core:/home/thisum/my_ws/install/moveit_ros_control_interface:/home/thisum/my_ws/install/moveit_plugins:/home/thisum/my_ws/install/moveit_simple_controller_manager:/home/thisum/my_ws/install/moveit_setup_assistant:/home/thisum/my_ws/install/moveit_setup_srdf_plugins:/home/thisum/my_ws/install/moveit_setup_core_plugins:/home/thisum/my_ws/install/moveit_setup_controllers:/home/thisum/my_ws/install/moveit_setup_app_plugins:/home/thisum/my_ws/install/moveit_setup_framework:/home/thisum/my_ws/install/moveit_servo:/home/thisum/my_ws/install/moveit_ros:/home/thisum/my_ws/install/moveit_ros_visualization:/home/thisum/my_ws/install/moveit_hybrid_planning:/home/thisum/my_ws/install/moveit_ros_planning_interface:/home/thisum/my_ws/install/moveit_ros_benchmarks:/home/thisum/my_ws/install/moveit_ros_warehouse:/home/thisum/my_ws/install/moveit_ros_robot_interaction:/home/thisum/my_ws/install/moveit_ros_perception:/home/thisum/my_ws/install/moveit_resources_prbt_pg70_support:/home/thisum/my_ws/install/moveit_resources_prbt_moveit_config:/home/thisum/my_ws/install/moveit_ros_move_group:/home/thisum/my_ws/install/moveit_planners_ompl:/home/thisum/my_ws/install/moveit_ros_planning:/home/thisum/my_ws/install/moveit_ros_occupancy_map_monitor:/home/thisum/my_ws/install/moveit_resources_prbt_ikfast_manipulator_plugin:/home/thisum/my_ws/install/moveit_planners_chomp:/home/thisum/my_ws/install/moveit_kinematics:/home/thisum/my_ws/install/moveit_chomp_optimizer_adapter:/home/thisum/my_ws/install/chomp_motion_planner:/home/thisum/my_ws/install/moveit_core:/home/thisum/my_ws/install/srdfdom:/home/thisum/my_ws/install/rviz_marker_tools:/home/thisum/my_ws/install/rosparam_shortcuts:/home/thisum/my_ws/install/new_full_arm:/home/thisum/my_ws/install/moveit_task_constructor_msgs:/home/thisum/my_ws/install/moveit_resources_prbt_support:/home/thisum/my_ws/install/moveit_resources:/home/thisum/my_ws/install/moveit_resources_pr2_description:/home/thisum/my_ws/install/moveit_resources_panda_moveit_config:/home/thisum/my_ws/install/moveit_resources_panda_description:/home/thisum/my_ws/install/moveit_resources_fanuc_moveit_config:/home/thisum/my_ws/install/moveit_resources_fanuc_description:/home/thisum/my_ws/install/moveit_common:/home/thisum/arm_ws/install/x:/home/thisum/arm_ws/install/robotiq_description:/home/thisum/arm_ws/install/robotiq_controllers:/home/thisum/arm_ws/install/arm_config:/home/thisum/my_ws/install/moveit_configs_utils:/home/thisum/my_ws/install/launch_param_builder:/home/thisum/arm_ws/install/moveit_configs_utils:/opt/ros/humble:/home/thisum/arm_ws/install/new_full_arm:/home/thisum/arm_ws/install/moveit_resources_prbt_support:/home/thisum/arm_ws/install/moveit_resources_pr2_description:/home/thisum/arm_ws/install/moveit_resources_panda_description:/home/thisum/arm_ws/install/moveit_resources_fanuc_description:/home/thisum/arm_ws/install/moveit_msgs:/home/thisum/arm_ws/install/moveit_common:/home/thisum/arm_ws/install/kortex_api LD_LIBRARY_PATH=/home/thisum/my_ws/src/install/moveit_ros_planning/lib:/home/thisum/my_ws/src/install/moveit_ros_occupancy_map_monitor/lib:/home/thisum/my_ws/src/install/moveit_core/lib:/home/thisum/my_ws/src/install/srdfdom/lib:${LD_LIBRARY_PATH} PATH=/home/thisum/my_ws/src/install/moveit_core/bin:${PATH} PYTHONPATH=/home/thisum/my_ws/src/install/srdfdom/local/lib/python3.10/dist-packages:${PYTHONPATH} /usr/bin/cmake --install /home/thisum/my_ws/src/build/moveit_planners_ompl
