-- Found ament_cmake: 1.3.9 (/opt/ros/humble/share/ament_cmake/cmake)
-- Configuring done
-- Generating done
-- Build files have been written to: /home/thisum/my_ws/build/moveit_resources
-- Install configuration: "Release"
-- Up-to-date: /home/thisum/my_ws/install/moveit_resources/share/ament_index/resource_index/package_run_dependencies/moveit_resources
-- Installing: /home/thisum/my_ws/install/moveit_resources/share/ament_index/resource_index/parent_prefix_path/moveit_resources
-- Up-to-date: /home/thisum/my_ws/install/moveit_resources/share/moveit_resources/environment/ament_prefix_path.sh
-- Installing: /home/thisum/my_ws/install/moveit_resources/share/moveit_resources/environment/ament_prefix_path.dsv
-- Up-to-date: /home/thisum/my_ws/install/moveit_resources/share/moveit_resources/environment/path.sh
-- Installing: /home/thisum/my_ws/install/moveit_resources/share/moveit_resources/environment/path.dsv
-- Up-to-date: /home/thisum/my_ws/install/moveit_resources/share/moveit_resources/local_setup.bash
-- Up-to-date: /home/thisum/my_ws/install/moveit_resources/share/moveit_resources/local_setup.sh
-- Up-to-date: /home/thisum/my_ws/install/moveit_resources/share/moveit_resources/local_setup.zsh
-- Installing: /home/thisum/my_ws/install/moveit_resources/share/moveit_resources/local_setup.dsv
-- Installing: /home/thisum/my_ws/install/moveit_resources/share/moveit_resources/package.dsv
-- Up-to-date: /home/thisum/my_ws/install/moveit_resources/share/ament_index/resource_index/packages/moveit_resources
-- Up-to-date: /home/thisum/my_ws/install/moveit_resources/share/moveit_resources/cmake/moveit_resourcesConfig.cmake
-- Up-to-date: /home/thisum/my_ws/install/moveit_resources/share/moveit_resources/cmake/moveit_resourcesConfig-version.cmake
-- Up-to-date: /home/thisum/my_ws/install/moveit_resources/share/moveit_resources/package.xml
