[0.187s] Invoking command in '/home/thisum/my_ws/src/build/moveit_task_constructor_visualization': AMENT_PREFIX_PATH=/home/thisum/my_ws/src/install/moveit_task_constructor_core:/home/thisum/my_ws/src/install/moveit_planners:/home/thisum/my_ws/src/install/pilz_industrial_motion_planner:/home/thisum/my_ws/src/install/moveit_ros_visualization:/home/thisum/my_ws/src/install/moveit_resources_prbt_pg70_support:/home/thisum/my_ws/src/install/moveit_ros_planning_interface:/home/thisum/my_ws/src/install/moveit_resources_prbt_moveit_config:/home/thisum/my_ws/src/install/moveit_ros_move_group:/home/thisum/my_ws/src/install/moveit_ros_warehouse:/home/thisum/my_ws/src/install/moveit_ros_robot_interaction:/home/thisum/my_ws/src/install/moveit_planners_ompl:/home/thisum/my_ws/src/install/moveit_kinematics:/home/thisum/my_ws/src/install/moveit_ros_planning:/home/thisum/my_ws/src/install/pilz_industrial_motion_planner_testutils:/home/thisum/my_ws/src/install/moveit_simple_controller_manager:/home/thisum/my_ws/src/install/moveit_ros_occupancy_map_monitor:/home/thisum/my_ws/src/install/moveit_resources_prbt_ikfast_manipulator_plugin:/home/thisum/my_ws/src/install/moveit_core:/home/thisum/my_ws/src/install/rviz_marker_tools:/home/thisum/my_ws/src/install/moveit_resources_panda_moveit_config:/home/thisum/my_ws/src/install/moveit_resources_fanuc_moveit_config:/home/thisum/my_ws/src/install/moveit_configs_utils:/home/thisum/my_ws/src/install/srdfdom:/home/thisum/my_ws/src/install/moveit_task_constructor_msgs:/home/thisum/my_ws/src/install/moveit_resources_prbt_support:/home/thisum/my_ws/src/install/moveit_resources_pr2_description:/home/thisum/my_ws/src/install/moveit_resources_panda_description:/home/thisum/my_ws/src/install/moveit_resources_fanuc_description:/home/thisum/my_ws/src/install/moveit_common:/home/thisum/my_ws/src/install/launch_param_builder:${AMENT_PREFIX_PATH} CMAKE_PREFIX_PATH=/home/thisum/my_ws/src/install/moveit_task_constructor_core:/home/thisum/my_ws/src/install/moveit_planners:/home/thisum/my_ws/src/install/pilz_industrial_motion_planner:/home/thisum/my_ws/src/install/moveit_ros_visualization:/home/thisum/my_ws/src/install/moveit_resources_prbt_pg70_support:/home/thisum/my_ws/src/install/moveit_ros_planning_interface:/home/thisum/my_ws/src/install/moveit_resources_prbt_moveit_config:/home/thisum/my_ws/src/install/moveit_ros_move_group:/home/thisum/my_ws/src/install/moveit_ros_warehouse:/home/thisum/my_ws/src/install/moveit_ros_robot_interaction:/home/thisum/my_ws/src/install/moveit_planners_ompl:/home/thisum/my_ws/src/install/moveit_kinematics:/home/thisum/my_ws/src/install/moveit_ros_planning:/home/thisum/my_ws/src/install/pilz_industrial_motion_planner_testutils:/home/thisum/my_ws/src/install/moveit_simple_controller_manager:/home/thisum/my_ws/src/install/moveit_ros_occupancy_map_monitor:/home/thisum/my_ws/src/install/moveit_resources_prbt_ikfast_manipulator_plugin:/home/thisum/my_ws/src/install/moveit_core:/home/thisum/my_ws/src/install/rviz_marker_tools:/home/thisum/my_ws/src/install/moveit_resources_panda_moveit_config:/home/thisum/my_ws/src/install/moveit_resources_fanuc_moveit_config:/home/thisum/my_ws/src/install/srdfdom:/home/thisum/my_ws/src/install/moveit_task_constructor_msgs:/home/thisum/my_ws/src/install/moveit_resources_prbt_support:/home/thisum/my_ws/src/install/moveit_resources_pr2_description:/home/thisum/my_ws/src/install/moveit_resources_panda_description:/home/thisum/my_ws/src/install/moveit_resources_fanuc_description:/home/thisum/my_ws/src/install/moveit_common:/home/thisum/my_ws/install/pilz_industrial_motion_planner_testutils:/home/thisum/my_ws/install/moveit_runtime:/home/thisum/my_ws/install/moveit2_tutorials:/home/thisum/my_ws/install/moveit:/home/thisum/my_ws/install/arm_config:/home/thisum/my_ws/install/moveit_planners:/home/thisum/my_ws/install/pilz_industrial_motion_planner:/home/thisum/my_ws/install/moveit_visual_tools:/home/thisum/my_ws/install/moveit_task_constructor_visualization:/home/thisum/my_ws/install/moveit_task_constructor_demo:/home/thisum/my_ws/install/moveit_task_constructor_capabilities:/home/thisum/my_ws/install/moveit_task_constructor_core:/home/thisum/my_ws/install/moveit_ros_control_interface:/home/thisum/my_ws/install/moveit_plugins:/home/thisum/my_ws/install/moveit_simple_controller_manager:/home/thisum/my_ws/install/moveit_setup_assistant:/home/thisum/my_ws/install/moveit_setup_srdf_plugins:/home/thisum/my_ws/install/moveit_setup_core_plugins:/home/thisum/my_ws/install/moveit_setup_controllers:/home/thisum/my_ws/install/moveit_setup_app_plugins:/home/thisum/my_ws/install/moveit_setup_framework:/home/thisum/my_ws/install/moveit_servo:/home/thisum/my_ws/install/moveit_ros:/home/thisum/my_ws/install/moveit_ros_visualization:/home/thisum/my_ws/install/moveit_hybrid_planning:/home/thisum/my_ws/install/moveit_ros_planning_interface:/home/thisum/my_ws/install/moveit_ros_benchmarks:/home/thisum/my_ws/install/moveit_ros_warehouse:/home/thisum/my_ws/install/moveit_ros_robot_interaction:/home/thisum/my_ws/install/moveit_ros_perception:/home/thisum/my_ws/install/moveit_resources_prbt_pg70_support:/home/thisum/my_ws/install/moveit_resources_prbt_moveit_config:/home/thisum/my_ws/install/moveit_ros_move_group:/home/thisum/my_ws/install/moveit_planners_ompl:/home/thisum/my_ws/install/moveit_ros_planning:/home/thisum/my_ws/install/moveit_ros_occupancy_map_monitor:/home/thisum/my_ws/install/moveit_resources_prbt_ikfast_manipulator_plugin:/home/thisum/my_ws/install/moveit_planners_chomp:/home/thisum/my_ws/install/moveit_kinematics:/home/thisum/my_ws/install/moveit_chomp_optimizer_adapter:/home/thisum/my_ws/install/chomp_motion_planner:/home/thisum/my_ws/install/moveit_core:/home/thisum/my_ws/install/srdfdom:/home/thisum/my_ws/install/rviz_marker_tools:/home/thisum/my_ws/install/rosparam_shortcuts:/home/thisum/my_ws/install/new_full_arm:/home/thisum/my_ws/install/moveit_task_constructor_msgs:/home/thisum/my_ws/install/moveit_resources_prbt_support:/home/thisum/my_ws/install/moveit_resources:/home/thisum/my_ws/install/moveit_resources_pr2_description:/home/thisum/my_ws/install/moveit_resources_panda_moveit_config:/home/thisum/my_ws/install/moveit_resources_panda_description:/home/thisum/my_ws/install/moveit_resources_fanuc_moveit_config:/home/thisum/my_ws/install/moveit_resources_fanuc_description:/home/thisum/my_ws/install/moveit_common:/home/thisum/arm_ws/install/x:/home/thisum/arm_ws/install/robotiq_description:/home/thisum/arm_ws/install/robotiq_controllers:/home/thisum/arm_ws/install/arm_config:/home/thisum/my_ws/install/moveit_configs_utils:/home/thisum/my_ws/install/launch_param_builder:/home/thisum/arm_ws/install/moveit_configs_utils:/opt/ros/humble:/home/thisum/arm_ws/install/new_full_arm:/home/thisum/arm_ws/install/moveit_resources_prbt_support:/home/thisum/arm_ws/install/moveit_resources_pr2_description:/home/thisum/arm_ws/install/moveit_resources_panda_description:/home/thisum/arm_ws/install/moveit_resources_fanuc_description:/home/thisum/arm_ws/install/moveit_msgs:/home/thisum/arm_ws/install/moveit_common:/home/thisum/arm_ws/install/kortex_api LD_LIBRARY_PATH=/home/thisum/my_ws/src/install/moveit_task_constructor_core/lib:/home/thisum/my_ws/src/install/pilz_industrial_motion_planner/lib:/home/thisum/my_ws/src/install/moveit_ros_visualization/lib:/home/thisum/my_ws/src/install/moveit_ros_planning_interface/lib:/home/thisum/my_ws/src/install/moveit_ros_move_group/lib:/home/thisum/my_ws/src/install/moveit_ros_warehouse/lib:/home/thisum/my_ws/src/install/moveit_ros_robot_interaction/lib:/home/thisum/my_ws/src/install/moveit_planners_ompl/lib:/home/thisum/my_ws/src/install/moveit_kinematics/lib:/home/thisum/my_ws/src/install/moveit_ros_planning/lib:/home/thisum/my_ws/src/install/pilz_industrial_motion_planner_testutils/lib:/home/thisum/my_ws/src/install/moveit_simple_controller_manager/lib:/home/thisum/my_ws/src/install/moveit_ros_occupancy_map_monitor/lib:/home/thisum/my_ws/src/install/moveit_resources_prbt_ikfast_manipulator_plugin/lib:/home/thisum/my_ws/src/install/moveit_core/lib:/home/thisum/my_ws/src/install/rviz_marker_tools/lib:/home/thisum/my_ws/src/install/srdfdom/lib:/home/thisum/my_ws/src/install/moveit_task_constructor_msgs/lib:${LD_LIBRARY_PATH} PATH=/home/thisum/my_ws/src/install/moveit_core/bin:${PATH} PYTHONPATH=/home/thisum/my_ws/src/install/moveit_task_constructor_core/local/lib/python3.10/dist-packages:/home/thisum/my_ws/src/install/moveit_configs_utils/lib/python3.10/site-packages:/home/thisum/my_ws/src/install/srdfdom/local/lib/python3.10/dist-packages:/home/thisum/my_ws/src/install/moveit_task_constructor_msgs/local/lib/python3.10/dist-packages:/home/thisum/my_ws/src/install/launch_param_builder/lib/python3.10/site-packages:${PYTHONPATH} /usr/bin/cmake /home/thisum/my_ws/src/moveit_task_constructor/visualization -DCMAKE_BUILD_TYPE=Release -DCMAKE_INSTALL_PREFIX=/home/thisum/my_ws/src/install/moveit_task_constructor_visualization
[0.306s] -- The C compiler identification is GNU 11.4.0
[0.405s] -- The CXX compiler identification is GNU 11.4.0
[0.417s] -- Detecting C compiler ABI info
[0.581s] -- Detecting C compiler ABI info - done
[0.587s] -- Check for working C compiler: /usr/bin/cc - skipped
[0.587s] -- Detecting C compile features
[0.588s] -- Detecting C compile features - done
[0.591s] -- Detecting CXX compiler ABI info
[0.751s] -- Detecting CXX compiler ABI info - done
[0.757s] -- Check for working CXX compiler: /usr/bin/c++ - skipped
[0.759s] -- Detecting CXX compile features
[0.759s] -- Detecting CXX compile features - done
[0.778s] -- Found ament_cmake: 1.3.9 (/opt/ros/humble/share/ament_cmake/cmake)
[1.009s] -- Found Python3: /usr/bin/python3 (found version "3.10.12") found components: Interpreter 
[1.364s] -- Found Boost: /usr/lib/x86_64-linux-gnu/cmake/Boost-1.74.0/BoostConfig.cmake (found version "1.74.0")  
[1.371s] -- Found moveit_common: 2.5.5 (/home/thisum/my_ws/src/install/moveit_common/share/moveit_common/cmake)
[1.486s] -- Found libdw: /usr/lib/x86_64-linux-gnu/libdw.so  
[1.499s] -- Could NOT find libbfd (missing: LIBBFD_LIBRARY LIBBFD_INCLUDE_DIR) 
[1.499s] -- BACKWARD_HAS_UNWIND=1
[1.499s] -- BACKWARD_HAS_BACKTRACE=0
[1.500s] -- BACKWARD_HAS_BACKTRACE_SYMBOL=0
[1.500s] -- BACKWARD_HAS_DW=1
[1.500s] -- BACKWARD_HAS_BFD=0
[1.500s] -- Found Backward: /opt/ros/humble/share/backward_ros/cmake  
[1.503s] -- Found moveit_core: 2.5.5 (/home/thisum/my_ws/src/install/moveit_core/share/moveit_core/cmake)
[2.147s] -- Found Boost: /usr/lib/x86_64-linux-gnu/cmake/Boost-1.74.0/BoostConfig.cmake (found version "1.74.0") found components: chrono date_time filesystem iostreams program_options regex serialization system thread 
[2.354s] -- Found parameter_traits: 0.3.8 (/opt/ros/humble/share/parameter_traits/cmake)
[2.556s] -- Found rosidl_generator_c: 3.1.5 (/opt/ros/humble/share/rosidl_generator_c/cmake)
[2.593s] -- Found rosidl_adapter: 3.1.5 (/opt/ros/humble/share/rosidl_adapter/cmake)
[2.630s] -- Found rosidl_generator_cpp: 3.1.5 (/opt/ros/humble/share/rosidl_generator_cpp/cmake)
[2.673s] -- Using all available rosidl_typesupport_c: rosidl_typesupport_fastrtps_c;rosidl_typesupport_introspection_c
[2.737s] -- Using all available rosidl_typesupport_cpp: rosidl_typesupport_fastrtps_cpp;rosidl_typesupport_introspection_cpp
[2.954s] -- Found rmw_implementation_cmake: 6.1.2 (/opt/ros/humble/share/rmw_implementation_cmake/cmake)
[2.975s] -- Found rmw_fastrtps_cpp: 6.2.6 (/opt/ros/humble/share/rmw_fastrtps_cpp/cmake)
[3.263s] -- Found OpenSSL: /usr/lib/x86_64-linux-gnu/libcrypto.so (found version "3.0.2")  
[3.318s] -- Found FastRTPS: /opt/ros/humble/include  
[3.412s] -- Using RMW implementation 'rmw_fastrtps_cpp' as default
[3.463s] -- Found Threads: TRUE  
[3.734s] -- Found Eigen3: TRUE (found version "3.4.0") 
[3.752s] -- Found rclcpp_lifecycle: 16.0.9 (/opt/ros/humble/share/rclcpp_lifecycle/cmake)
[3.847s] -- Found Boost: /usr/lib/x86_64-linux-gnu/cmake/Boost-1.74.0/BoostConfig.cmake (found version "1.74.0") found components: filesystem 
[4.235s] -- library: /usr/lib/x86_64-linux-gnu/libcurl.so
[4.639s] -- Ensuring Eigen3 include directory is part of orocos-kdl CMake target
[6.133s] -- Found moveit_ros_visualization: 2.5.5 (/home/thisum/my_ws/src/install/moveit_ros_visualization/share/moveit_ros_visualization/cmake)
[6.138s] -- Found Boost: /usr/lib/x86_64-linux-gnu/cmake/Boost-1.74.0/BoostConfig.cmake (found version "1.74.0") found components: thread date_time system filesystem 
[6.184s] -- Found Boost: /usr/lib/x86_64-linux-gnu/cmake/Boost-1.74.0/BoostConfig.cmake (found version "1.74.0") found components: system filesystem date_time program_options thread chrono 
[6.721s] -- Found Boost: /usr/lib/x86_64-linux-gnu/cmake/Boost-1.74.0/BoostConfig.cmake (found version "1.74.0") found components: date_time filesystem program_options system thread 
[6.900s] -- Found Boost: /usr/lib/x86_64-linux-gnu/cmake/Boost-1.74.0/BoostConfig.cmake (found version "1.74.0") found components: thread system filesystem regex date_time program_options 
[7.158s] -- Found Boost: /usr/lib/x86_64-linux-gnu/cmake/Boost-1.74.0/BoostConfig.cmake (found version "1.74.0") found components: system filesystem date_time program_options thread 
[8.285s] -- Setting OGRE_DIR to: '/opt/ros/humble/share/rviz_ogre_vendor/cmake/../../../opt/rviz_ogre_vendor/lib/OGRE/cmake'
[8.286s] -- Found OGRE
[8.286s] --   static     : OFF
[8.286s] --   components : HLMS;MeshLodGenerator;Overlay;Paging;Property;RTShaderSystem;Terrain;Volume
[8.286s] --   plugins    : Plugin_BSPSceneManager;Plugin_OctreeSceneManager;Plugin_PCZSceneManager;Plugin_ParticleFX;RenderSystem_GL;RenderSystem_GL3Plus;Codec_STBI
[8.286s] --   media      : /opt/ros/humble/opt/rviz_ogre_vendor/share/OGRE/Media
[8.286s] -- OGRE_LIBRARIES: OgreHLMS;OgreMeshLodGenerator;OgreOverlay;OgrePaging;OgreProperty;OgreRTShaderSystem;OgreTerrain;OgreVolume;OgreMain
[8.286s] -- OGRE_LIBRARY_DIRS: /opt/ros/humble/opt/rviz_ogre_vendor/lib
[8.287s] -- OGRE_PLUGINS: Plugin_BSPSceneManager;Plugin_OctreeSceneManager;Plugin_PCZSceneManager;Plugin_ParticleFX;RenderSystem_GL;RenderSystem_GL3Plus;Codec_STBI
[8.287s] -- OGRE_PLUGIN_DIR: /opt/ros/humble/opt/rviz_ogre_vendor/lib/OGRE
[8.287s] -- rviz_ogre_vendor::OgreOverlay for IMPORTED_LOCATION_RELEASE: /opt/ros/humble/opt/rviz_ogre_vendor/lib/libOgreOverlay.so
[8.287s] -- rviz_ogre_vendor::OgreOverlay for IMPORTED_LOCATION_DEBUG: /opt/ros/humble/opt/rviz_ogre_vendor/lib/libOgreOverlay.so
[8.287s] -- rviz_ogre_vendor::OgreMain for IMPORTED_LOCATION_RELEASE: /opt/ros/humble/opt/rviz_ogre_vendor/lib/libOgreMain.so
[8.287s] -- rviz_ogre_vendor::OgreMain for IMPORTED_LOCATION_DEBUG: /opt/ros/humble/opt/rviz_ogre_vendor/lib/libOgreMain.so
[8.338s] -- Found ZLIB: /usr/lib/x86_64-linux-gnu/libz.so (found version "1.2.11") 
[8.352s] -- Found OpenGL: /usr/lib/x86_64-linux-gnu/libOpenGL.so   
[8.615s] -- Found X11: /usr/include   
[8.615s] -- Looking for XOpenDisplay in /usr/lib/x86_64-linux-gnu/libX11.so;/usr/lib/x86_64-linux-gnu/libXext.so
[8.807s] -- Looking for XOpenDisplay in /usr/lib/x86_64-linux-gnu/libX11.so;/usr/lib/x86_64-linux-gnu/libXext.so - found
[8.807s] -- Looking for gethostbyname
[8.996s] -- Looking for gethostbyname - found
[8.996s] -- Looking for connect
[9.170s] -- Looking for connect - found
[9.171s] -- Looking for remove
[9.356s] -- Looking for remove - found
[9.357s] -- Looking for shmat
[9.549s] -- Looking for shmat - found
[9.550s] -- Looking for IceConnectionNumber in ICE
[9.751s] -- Looking for IceConnectionNumber in ICE - found
[9.754s] -- rviz_ogre_vendor::RenderSystem_GL for IMPORTED_LOCATION_RELEASE: _render_system_gl_static_library_abs-NOTFOUND
[9.755s] -- rviz_ogre_vendor::RenderSystem_GL for IMPORTED_LOCATION_DEBUG: _render_system_gl_static_library_abs-NOTFOUND
[10.543s] -- Found moveit_task_constructor_core: 0.1.3 (/home/thisum/my_ws/src/install/moveit_task_constructor_core/share/moveit_task_constructor_core/cmake)
[11.222s] -- Found PkgConfig: /usr/bin/pkg-config (found version "0.29.2") 
[11.223s] -- Checking for module 'yaml-0.1'
[11.268s] --   Found yaml-0.1, version 0.2.2
[11.415s] -- Found ament_cmake_gtest: 1.3.9 (/opt/ros/humble/share/ament_cmake_gtest/cmake)
[11.432s] -- Found ament_cmake_gmock: 1.3.9 (/opt/ros/humble/share/ament_cmake_gmock/cmake)
[11.446s] -- Found launch_testing_ament_cmake: 1.0.6 (/opt/ros/humble/share/launch_testing_ament_cmake/cmake)
[11.460s] -- Found python_cmake_module: 0.10.0 (/opt/ros/humble/share/python_cmake_module/cmake)
[11.491s] -- Found PythonInterp: /usr/bin/python3 (found suitable version "3.10.12", minimum required is "3.6") 
[11.502s] -- Found PythonLibs: /usr/lib/x86_64-linux-gnu/libpython3.10.so (found suitable version "3.10.12", minimum required is "3.5") 
[11.502s] -- Using PYTHON_EXECUTABLE: /usr/bin/python3
[11.503s] -- Using PYTHON_INCLUDE_DIRS: /usr/include/python3.10
[11.503s] -- Using PYTHON_LIBRARIES: /usr/lib/x86_64-linux-gnu/libpython3.10.so
[11.533s] -- Found PythonExtra: .so  
[11.549s] -- Found gtest sources under '/opt/ros/humble/src/gtest_vendor': C++ tests using 'Google Test' will be built
[11.571s] -- Found gmock sources under '/opt/ros/humble/src/gmock_vendor': C++ tests using 'Google Mock' will be built
[11.586s] -- Configuring done
[11.965s] -- Generating done
[11.972s] -- Build files have been written to: /home/thisum/my_ws/src/build/moveit_task_constructor_visualization
[12.013s] Invoked command in '/home/thisum/my_ws/src/build/moveit_task_constructor_visualization' returned '0': AMENT_PREFIX_PATH=/home/thisum/my_ws/src/install/moveit_task_constructor_core:/home/thisum/my_ws/src/install/moveit_planners:/home/thisum/my_ws/src/install/pilz_industrial_motion_planner:/home/thisum/my_ws/src/install/moveit_ros_visualization:/home/thisum/my_ws/src/install/moveit_resources_prbt_pg70_support:/home/thisum/my_ws/src/install/moveit_ros_planning_interface:/home/thisum/my_ws/src/install/moveit_resources_prbt_moveit_config:/home/thisum/my_ws/src/install/moveit_ros_move_group:/home/thisum/my_ws/src/install/moveit_ros_warehouse:/home/thisum/my_ws/src/install/moveit_ros_robot_interaction:/home/thisum/my_ws/src/install/moveit_planners_ompl:/home/thisum/my_ws/src/install/moveit_kinematics:/home/thisum/my_ws/src/install/moveit_ros_planning:/home/thisum/my_ws/src/install/pilz_industrial_motion_planner_testutils:/home/thisum/my_ws/src/install/moveit_simple_controller_manager:/home/thisum/my_ws/src/install/moveit_ros_occupancy_map_monitor:/home/thisum/my_ws/src/install/moveit_resources_prbt_ikfast_manipulator_plugin:/home/thisum/my_ws/src/install/moveit_core:/home/thisum/my_ws/src/install/rviz_marker_tools:/home/thisum/my_ws/src/install/moveit_resources_panda_moveit_config:/home/thisum/my_ws/src/install/moveit_resources_fanuc_moveit_config:/home/thisum/my_ws/src/install/moveit_configs_utils:/home/thisum/my_ws/src/install/srdfdom:/home/thisum/my_ws/src/install/moveit_task_constructor_msgs:/home/thisum/my_ws/src/install/moveit_resources_prbt_support:/home/thisum/my_ws/src/install/moveit_resources_pr2_description:/home/thisum/my_ws/src/install/moveit_resources_panda_description:/home/thisum/my_ws/src/install/moveit_resources_fanuc_description:/home/thisum/my_ws/src/install/moveit_common:/home/thisum/my_ws/src/install/launch_param_builder:${AMENT_PREFIX_PATH} CMAKE_PREFIX_PATH=/home/thisum/my_ws/src/install/moveit_task_constructor_core:/home/thisum/my_ws/src/install/moveit_planners:/home/thisum/my_ws/src/install/pilz_industrial_motion_planner:/home/thisum/my_ws/src/install/moveit_ros_visualization:/home/thisum/my_ws/src/install/moveit_resources_prbt_pg70_support:/home/thisum/my_ws/src/install/moveit_ros_planning_interface:/home/thisum/my_ws/src/install/moveit_resources_prbt_moveit_config:/home/thisum/my_ws/src/install/moveit_ros_move_group:/home/thisum/my_ws/src/install/moveit_ros_warehouse:/home/thisum/my_ws/src/install/moveit_ros_robot_interaction:/home/thisum/my_ws/src/install/moveit_planners_ompl:/home/thisum/my_ws/src/install/moveit_kinematics:/home/thisum/my_ws/src/install/moveit_ros_planning:/home/thisum/my_ws/src/install/pilz_industrial_motion_planner_testutils:/home/thisum/my_ws/src/install/moveit_simple_controller_manager:/home/thisum/my_ws/src/install/moveit_ros_occupancy_map_monitor:/home/thisum/my_ws/src/install/moveit_resources_prbt_ikfast_manipulator_plugin:/home/thisum/my_ws/src/install/moveit_core:/home/thisum/my_ws/src/install/rviz_marker_tools:/home/thisum/my_ws/src/install/moveit_resources_panda_moveit_config:/home/thisum/my_ws/src/install/moveit_resources_fanuc_moveit_config:/home/thisum/my_ws/src/install/srdfdom:/home/thisum/my_ws/src/install/moveit_task_constructor_msgs:/home/thisum/my_ws/src/install/moveit_resources_prbt_support:/home/thisum/my_ws/src/install/moveit_resources_pr2_description:/home/thisum/my_ws/src/install/moveit_resources_panda_description:/home/thisum/my_ws/src/install/moveit_resources_fanuc_description:/home/thisum/my_ws/src/install/moveit_common:/home/thisum/my_ws/install/pilz_industrial_motion_planner_testutils:/home/thisum/my_ws/install/moveit_runtime:/home/thisum/my_ws/install/moveit2_tutorials:/home/thisum/my_ws/install/moveit:/home/thisum/my_ws/install/arm_config:/home/thisum/my_ws/install/moveit_planners:/home/thisum/my_ws/install/pilz_industrial_motion_planner:/home/thisum/my_ws/install/moveit_visual_tools:/home/thisum/my_ws/install/moveit_task_constructor_visualization:/home/thisum/my_ws/install/moveit_task_constructor_demo:/home/thisum/my_ws/install/moveit_task_constructor_capabilities:/home/thisum/my_ws/install/moveit_task_constructor_core:/home/thisum/my_ws/install/moveit_ros_control_interface:/home/thisum/my_ws/install/moveit_plugins:/home/thisum/my_ws/install/moveit_simple_controller_manager:/home/thisum/my_ws/install/moveit_setup_assistant:/home/thisum/my_ws/install/moveit_setup_srdf_plugins:/home/thisum/my_ws/install/moveit_setup_core_plugins:/home/thisum/my_ws/install/moveit_setup_controllers:/home/thisum/my_ws/install/moveit_setup_app_plugins:/home/thisum/my_ws/install/moveit_setup_framework:/home/thisum/my_ws/install/moveit_servo:/home/thisum/my_ws/install/moveit_ros:/home/thisum/my_ws/install/moveit_ros_visualization:/home/thisum/my_ws/install/moveit_hybrid_planning:/home/thisum/my_ws/install/moveit_ros_planning_interface:/home/thisum/my_ws/install/moveit_ros_benchmarks:/home/thisum/my_ws/install/moveit_ros_warehouse:/home/thisum/my_ws/install/moveit_ros_robot_interaction:/home/thisum/my_ws/install/moveit_ros_perception:/home/thisum/my_ws/install/moveit_resources_prbt_pg70_support:/home/thisum/my_ws/install/moveit_resources_prbt_moveit_config:/home/thisum/my_ws/install/moveit_ros_move_group:/home/thisum/my_ws/install/moveit_planners_ompl:/home/thisum/my_ws/install/moveit_ros_planning:/home/thisum/my_ws/install/moveit_ros_occupancy_map_monitor:/home/thisum/my_ws/install/moveit_resources_prbt_ikfast_manipulator_plugin:/home/thisum/my_ws/install/moveit_planners_chomp:/home/thisum/my_ws/install/moveit_kinematics:/home/thisum/my_ws/install/moveit_chomp_optimizer_adapter:/home/thisum/my_ws/install/chomp_motion_planner:/home/thisum/my_ws/install/moveit_core:/home/thisum/my_ws/install/srdfdom:/home/thisum/my_ws/install/rviz_marker_tools:/home/thisum/my_ws/install/rosparam_shortcuts:/home/thisum/my_ws/install/new_full_arm:/home/thisum/my_ws/install/moveit_task_constructor_msgs:/home/thisum/my_ws/install/moveit_resources_prbt_support:/home/thisum/my_ws/install/moveit_resources:/home/thisum/my_ws/install/moveit_resources_pr2_description:/home/thisum/my_ws/install/moveit_resources_panda_moveit_config:/home/thisum/my_ws/install/moveit_resources_panda_description:/home/thisum/my_ws/install/moveit_resources_fanuc_moveit_config:/home/thisum/my_ws/install/moveit_resources_fanuc_description:/home/thisum/my_ws/install/moveit_common:/home/thisum/arm_ws/install/x:/home/thisum/arm_ws/install/robotiq_description:/home/thisum/arm_ws/install/robotiq_controllers:/home/thisum/arm_ws/install/arm_config:/home/thisum/my_ws/install/moveit_configs_utils:/home/thisum/my_ws/install/launch_param_builder:/home/thisum/arm_ws/install/moveit_configs_utils:/opt/ros/humble:/home/thisum/arm_ws/install/new_full_arm:/home/thisum/arm_ws/install/moveit_resources_prbt_support:/home/thisum/arm_ws/install/moveit_resources_pr2_description:/home/thisum/arm_ws/install/moveit_resources_panda_description:/home/thisum/arm_ws/install/moveit_resources_fanuc_description:/home/thisum/arm_ws/install/moveit_msgs:/home/thisum/arm_ws/install/moveit_common:/home/thisum/arm_ws/install/kortex_api LD_LIBRARY_PATH=/home/thisum/my_ws/src/install/moveit_task_constructor_core/lib:/home/thisum/my_ws/src/install/pilz_industrial_motion_planner/lib:/home/thisum/my_ws/src/install/moveit_ros_visualization/lib:/home/thisum/my_ws/src/install/moveit_ros_planning_interface/lib:/home/thisum/my_ws/src/install/moveit_ros_move_group/lib:/home/thisum/my_ws/src/install/moveit_ros_warehouse/lib:/home/thisum/my_ws/src/install/moveit_ros_robot_interaction/lib:/home/thisum/my_ws/src/install/moveit_planners_ompl/lib:/home/thisum/my_ws/src/install/moveit_kinematics/lib:/home/thisum/my_ws/src/install/moveit_ros_planning/lib:/home/thisum/my_ws/src/install/pilz_industrial_motion_planner_testutils/lib:/home/thisum/my_ws/src/install/moveit_simple_controller_manager/lib:/home/thisum/my_ws/src/install/moveit_ros_occupancy_map_monitor/lib:/home/thisum/my_ws/src/install/moveit_resources_prbt_ikfast_manipulator_plugin/lib:/home/thisum/my_ws/src/install/moveit_core/lib:/home/thisum/my_ws/src/install/rviz_marker_tools/lib:/home/thisum/my_ws/src/install/srdfdom/lib:/home/thisum/my_ws/src/install/moveit_task_constructor_msgs/lib:${LD_LIBRARY_PATH} PATH=/home/thisum/my_ws/src/install/moveit_core/bin:${PATH} PYTHONPATH=/home/thisum/my_ws/src/install/moveit_task_constructor_core/local/lib/python3.10/dist-packages:/home/thisum/my_ws/src/install/moveit_configs_utils/lib/python3.10/site-packages:/home/thisum/my_ws/src/install/srdfdom/local/lib/python3.10/dist-packages:/home/thisum/my_ws/src/install/moveit_task_constructor_msgs/local/lib/python3.10/dist-packages:/home/thisum/my_ws/src/install/launch_param_builder/lib/python3.10/site-packages:${PYTHONPATH} /usr/bin/cmake /home/thisum/my_ws/src/moveit_task_constructor/visualization -DCMAKE_BUILD_TYPE=Release -DCMAKE_INSTALL_PREFIX=/home/thisum/my_ws/src/install/moveit_task_constructor_visualization
[12.014s] Invoking command in '/home/thisum/my_ws/src/build/moveit_task_constructor_visualization': AMENT_PREFIX_PATH=/home/thisum/my_ws/src/install/moveit_task_constructor_core:/home/thisum/my_ws/src/install/moveit_planners:/home/thisum/my_ws/src/install/pilz_industrial_motion_planner:/home/thisum/my_ws/src/install/moveit_ros_visualization:/home/thisum/my_ws/src/install/moveit_resources_prbt_pg70_support:/home/thisum/my_ws/src/install/moveit_ros_planning_interface:/home/thisum/my_ws/src/install/moveit_resources_prbt_moveit_config:/home/thisum/my_ws/src/install/moveit_ros_move_group:/home/thisum/my_ws/src/install/moveit_ros_warehouse:/home/thisum/my_ws/src/install/moveit_ros_robot_interaction:/home/thisum/my_ws/src/install/moveit_planners_ompl:/home/thisum/my_ws/src/install/moveit_kinematics:/home/thisum/my_ws/src/install/moveit_ros_planning:/home/thisum/my_ws/src/install/pilz_industrial_motion_planner_testutils:/home/thisum/my_ws/src/install/moveit_simple_controller_manager:/home/thisum/my_ws/src/install/moveit_ros_occupancy_map_monitor:/home/thisum/my_ws/src/install/moveit_resources_prbt_ikfast_manipulator_plugin:/home/thisum/my_ws/src/install/moveit_core:/home/thisum/my_ws/src/install/rviz_marker_tools:/home/thisum/my_ws/src/install/moveit_resources_panda_moveit_config:/home/thisum/my_ws/src/install/moveit_resources_fanuc_moveit_config:/home/thisum/my_ws/src/install/moveit_configs_utils:/home/thisum/my_ws/src/install/srdfdom:/home/thisum/my_ws/src/install/moveit_task_constructor_msgs:/home/thisum/my_ws/src/install/moveit_resources_prbt_support:/home/thisum/my_ws/src/install/moveit_resources_pr2_description:/home/thisum/my_ws/src/install/moveit_resources_panda_description:/home/thisum/my_ws/src/install/moveit_resources_fanuc_description:/home/thisum/my_ws/src/install/moveit_common:/home/thisum/my_ws/src/install/launch_param_builder:${AMENT_PREFIX_PATH} CMAKE_PREFIX_PATH=/home/thisum/my_ws/src/install/moveit_task_constructor_core:/home/thisum/my_ws/src/install/moveit_planners:/home/thisum/my_ws/src/install/pilz_industrial_motion_planner:/home/thisum/my_ws/src/install/moveit_ros_visualization:/home/thisum/my_ws/src/install/moveit_resources_prbt_pg70_support:/home/thisum/my_ws/src/install/moveit_ros_planning_interface:/home/thisum/my_ws/src/install/moveit_resources_prbt_moveit_config:/home/thisum/my_ws/src/install/moveit_ros_move_group:/home/thisum/my_ws/src/install/moveit_ros_warehouse:/home/thisum/my_ws/src/install/moveit_ros_robot_interaction:/home/thisum/my_ws/src/install/moveit_planners_ompl:/home/thisum/my_ws/src/install/moveit_kinematics:/home/thisum/my_ws/src/install/moveit_ros_planning:/home/thisum/my_ws/src/install/pilz_industrial_motion_planner_testutils:/home/thisum/my_ws/src/install/moveit_simple_controller_manager:/home/thisum/my_ws/src/install/moveit_ros_occupancy_map_monitor:/home/thisum/my_ws/src/install/moveit_resources_prbt_ikfast_manipulator_plugin:/home/thisum/my_ws/src/install/moveit_core:/home/thisum/my_ws/src/install/rviz_marker_tools:/home/thisum/my_ws/src/install/moveit_resources_panda_moveit_config:/home/thisum/my_ws/src/install/moveit_resources_fanuc_moveit_config:/home/thisum/my_ws/src/install/srdfdom:/home/thisum/my_ws/src/install/moveit_task_constructor_msgs:/home/thisum/my_ws/src/install/moveit_resources_prbt_support:/home/thisum/my_ws/src/install/moveit_resources_pr2_description:/home/thisum/my_ws/src/install/moveit_resources_panda_description:/home/thisum/my_ws/src/install/moveit_resources_fanuc_description:/home/thisum/my_ws/src/install/moveit_common:/home/thisum/my_ws/install/pilz_industrial_motion_planner_testutils:/home/thisum/my_ws/install/moveit_runtime:/home/thisum/my_ws/install/moveit2_tutorials:/home/thisum/my_ws/install/moveit:/home/thisum/my_ws/install/arm_config:/home/thisum/my_ws/install/moveit_planners:/home/thisum/my_ws/install/pilz_industrial_motion_planner:/home/thisum/my_ws/install/moveit_visual_tools:/home/thisum/my_ws/install/moveit_task_constructor_visualization:/home/thisum/my_ws/install/moveit_task_constructor_demo:/home/thisum/my_ws/install/moveit_task_constructor_capabilities:/home/thisum/my_ws/install/moveit_task_constructor_core:/home/thisum/my_ws/install/moveit_ros_control_interface:/home/thisum/my_ws/install/moveit_plugins:/home/thisum/my_ws/install/moveit_simple_controller_manager:/home/thisum/my_ws/install/moveit_setup_assistant:/home/thisum/my_ws/install/moveit_setup_srdf_plugins:/home/thisum/my_ws/install/moveit_setup_core_plugins:/home/thisum/my_ws/install/moveit_setup_controllers:/home/thisum/my_ws/install/moveit_setup_app_plugins:/home/thisum/my_ws/install/moveit_setup_framework:/home/thisum/my_ws/install/moveit_servo:/home/thisum/my_ws/install/moveit_ros:/home/thisum/my_ws/install/moveit_ros_visualization:/home/thisum/my_ws/install/moveit_hybrid_planning:/home/thisum/my_ws/install/moveit_ros_planning_interface:/home/thisum/my_ws/install/moveit_ros_benchmarks:/home/thisum/my_ws/install/moveit_ros_warehouse:/home/thisum/my_ws/install/moveit_ros_robot_interaction:/home/thisum/my_ws/install/moveit_ros_perception:/home/thisum/my_ws/install/moveit_resources_prbt_pg70_support:/home/thisum/my_ws/install/moveit_resources_prbt_moveit_config:/home/thisum/my_ws/install/moveit_ros_move_group:/home/thisum/my_ws/install/moveit_planners_ompl:/home/thisum/my_ws/install/moveit_ros_planning:/home/thisum/my_ws/install/moveit_ros_occupancy_map_monitor:/home/thisum/my_ws/install/moveit_resources_prbt_ikfast_manipulator_plugin:/home/thisum/my_ws/install/moveit_planners_chomp:/home/thisum/my_ws/install/moveit_kinematics:/home/thisum/my_ws/install/moveit_chomp_optimizer_adapter:/home/thisum/my_ws/install/chomp_motion_planner:/home/thisum/my_ws/install/moveit_core:/home/thisum/my_ws/install/srdfdom:/home/thisum/my_ws/install/rviz_marker_tools:/home/thisum/my_ws/install/rosparam_shortcuts:/home/thisum/my_ws/install/new_full_arm:/home/thisum/my_ws/install/moveit_task_constructor_msgs:/home/thisum/my_ws/install/moveit_resources_prbt_support:/home/thisum/my_ws/install/moveit_resources:/home/thisum/my_ws/install/moveit_resources_pr2_description:/home/thisum/my_ws/install/moveit_resources_panda_moveit_config:/home/thisum/my_ws/install/moveit_resources_panda_description:/home/thisum/my_ws/install/moveit_resources_fanuc_moveit_config:/home/thisum/my_ws/install/moveit_resources_fanuc_description:/home/thisum/my_ws/install/moveit_common:/home/thisum/arm_ws/install/x:/home/thisum/arm_ws/install/robotiq_description:/home/thisum/arm_ws/install/robotiq_controllers:/home/thisum/arm_ws/install/arm_config:/home/thisum/my_ws/install/moveit_configs_utils:/home/thisum/my_ws/install/launch_param_builder:/home/thisum/arm_ws/install/moveit_configs_utils:/opt/ros/humble:/home/thisum/arm_ws/install/new_full_arm:/home/thisum/arm_ws/install/moveit_resources_prbt_support:/home/thisum/arm_ws/install/moveit_resources_pr2_description:/home/thisum/arm_ws/install/moveit_resources_panda_description:/home/thisum/arm_ws/install/moveit_resources_fanuc_description:/home/thisum/arm_ws/install/moveit_msgs:/home/thisum/arm_ws/install/moveit_common:/home/thisum/arm_ws/install/kortex_api LD_LIBRARY_PATH=/home/thisum/my_ws/src/install/moveit_task_constructor_core/lib:/home/thisum/my_ws/src/install/pilz_industrial_motion_planner/lib:/home/thisum/my_ws/src/install/moveit_ros_visualization/lib:/home/thisum/my_ws/src/install/moveit_ros_planning_interface/lib:/home/thisum/my_ws/src/install/moveit_ros_move_group/lib:/home/thisum/my_ws/src/install/moveit_ros_warehouse/lib:/home/thisum/my_ws/src/install/moveit_ros_robot_interaction/lib:/home/thisum/my_ws/src/install/moveit_planners_ompl/lib:/home/thisum/my_ws/src/install/moveit_kinematics/lib:/home/thisum/my_ws/src/install/moveit_ros_planning/lib:/home/thisum/my_ws/src/install/pilz_industrial_motion_planner_testutils/lib:/home/thisum/my_ws/src/install/moveit_simple_controller_manager/lib:/home/thisum/my_ws/src/install/moveit_ros_occupancy_map_monitor/lib:/home/thisum/my_ws/src/install/moveit_resources_prbt_ikfast_manipulator_plugin/lib:/home/thisum/my_ws/src/install/moveit_core/lib:/home/thisum/my_ws/src/install/rviz_marker_tools/lib:/home/thisum/my_ws/src/install/srdfdom/lib:/home/thisum/my_ws/src/install/moveit_task_constructor_msgs/lib:${LD_LIBRARY_PATH} PATH=/home/thisum/my_ws/src/install/moveit_core/bin:${PATH} PYTHONPATH=/home/thisum/my_ws/src/install/moveit_task_constructor_core/local/lib/python3.10/dist-packages:/home/thisum/my_ws/src/install/moveit_configs_utils/lib/python3.10/site-packages:/home/thisum/my_ws/src/install/srdfdom/local/lib/python3.10/dist-packages:/home/thisum/my_ws/src/install/moveit_task_constructor_msgs/local/lib/python3.10/dist-packages:/home/thisum/my_ws/src/install/launch_param_builder/lib/python3.10/site-packages:${PYTHONPATH} /usr/bin/cmake --build /home/thisum/my_ws/src/build/moveit_task_constructor_visualization -- -j6 -l6
[12.166s] [  1%] [34m[1mAutomatic MOC for target gmock_main[0m
[12.175s] [  6%] [34m[1mAutomatic MOC for target gtest[0m
[12.176s] [  7%] [34m[1mAutomatic MOC for target motion_planning_tasks_properties[0m
[12.176s] [  7%] [34m[1mAutomatic MOC for target motion_planning_tasks_utils[0m
[12.177s] [  7%] [34m[1mAutomatic MOC for target moveit_task_visualization_tools[0m
[12.177s] [  9%] [34m[1mAutomatic MOC for target gtest_main[0m
[12.270s] [  9%] Built target gtest_main_autogen
[12.277s] [  9%] Built target gmock_main_autogen
[12.299s] [  9%] Built target motion_planning_tasks_properties_autogen
[12.307s] [  9%] Built target gtest_autogen
[12.424s] [ 10%] [32mBuilding CXX object gmock/CMakeFiles/gmock_main.dir/gmock_main_autogen/mocs_compilation.cpp.o[0m
[12.453s] [ 12%] [32mBuilding CXX object gmock/CMakeFiles/gmock_main.dir/src/gmock_main.cc.o[0m
[12.466s] [ 13%] [34m[1mAutomatic MOC for target gmock[0m
[12.544s] [ 13%] Built target motion_planning_tasks_utils_autogen
[12.564s] [ 15%] [32mBuilding CXX object gtest/CMakeFiles/gtest_main.dir/gtest_main_autogen/mocs_compilation.cpp.o[0m
[12.589s] [ 16%] [32mBuilding CXX object gtest/CMakeFiles/gtest_main.dir/src/gtest_main.cc.o[0m
[12.615s] [ 16%] Built target gmock_autogen
[12.642s] [ 18%] [32mBuilding CXX object motion_planning_tasks/utils/CMakeFiles/motion_planning_tasks_utils.dir/motion_planning_tasks_utils_autogen/mocs_compilation.cpp.o[0m
[12.660s] [ 18%] Built target moveit_task_visualization_tools_autogen
[12.663s] [ 20%] [32mBuilding CXX object motion_planning_tasks/utils/CMakeFiles/motion_planning_tasks_utils.dir/flat_merge_proxy_model.cpp.o[0m
[12.736s] [ 21%] [32mBuilding CXX object motion_planning_tasks/properties/CMakeFiles/motion_planning_tasks_properties.dir/motion_planning_tasks_properties_autogen/mocs_compilation.cpp.o[0m
[12.748s] [ 23%] [32mBuilding CXX object gtest/CMakeFiles/gtest.dir/gtest_autogen/mocs_compilation.cpp.o[0m
[12.755s] [ 24%] [32mBuilding CXX object motion_planning_tasks/utils/CMakeFiles/motion_planning_tasks_utils.dir/tree_merge_proxy_model.cpp.o[0m
[12.820s] [ 26%] [32mBuilding CXX object motion_planning_tasks/properties/CMakeFiles/motion_planning_tasks_properties.dir/property_factory.cpp.o[0m
[12.836s] [ 27%] [32mBuilding CXX object gtest/CMakeFiles/gtest.dir/src/gtest-all.cc.o[0m
[13.904s] [ 29%] [32m[1mLinking CXX static library libgtest_main.a[0m
[14.058s] [ 29%] Built target gtest_main
[14.088s] [ 30%] [32m[1mLinking CXX static library libgmock_main.a[0m
[14.122s] [ 32%] [32mBuilding CXX object gmock/CMakeFiles/gmock.dir/gmock_autogen/mocs_compilation.cpp.o[0m
[14.185s] [ 33%] [32mBuilding CXX object gmock/CMakeFiles/gmock.dir/opt/ros/humble/src/gtest_vendor/src/gtest-all.cc.o[0m
[14.242s] [ 33%] Built target gmock_main
[14.333s] [ 35%] [32mBuilding CXX object visualization_tools/CMakeFiles/moveit_task_visualization_tools.dir/moveit_task_visualization_tools_autogen/mocs_compilation.cpp.o[0m
[15.455s] [ 36%] [32mBuilding CXX object motion_planning_tasks/utils/CMakeFiles/motion_planning_tasks_utils.dir/icon.cpp.o[0m
[15.488s] [ 38%] [32mBuilding CXX object visualization_tools/CMakeFiles/moveit_task_visualization_tools.dir/src/display_solution.cpp.o[0m
[17.304s] [ 40%] [32m[1mLinking CXX shared library libmotion_planning_tasks_utils.so[0m
[17.857s] [ 40%] Built target motion_planning_tasks_utils
[17.892s] [ 41%] [32mBuilding CXX object visualization_tools/CMakeFiles/moveit_task_visualization_tools.dir/src/marker_visualization.cpp.o[0m
[17.967s] [ 43%] [32mBuilding CXX object motion_planning_tasks/properties/CMakeFiles/motion_planning_tasks_properties.dir/property_from_yaml.cpp.o[0m
[20.160s] [ 44%] [32m[1mLinking CXX shared library libmotion_planning_tasks_properties.so[0m
[21.291s] [ 44%] Built target motion_planning_tasks_properties
[21.325s] [ 46%] [32mBuilding CXX object visualization_tools/CMakeFiles/moveit_task_visualization_tools.dir/src/task_solution_panel.cpp.o[0m
[21.587s] [ 47%] [32m[1mLinking CXX static library libgtest.a[0m
[21.751s] [ 47%] Built target gtest
[21.823s] [ 49%] [34m[1mAutomatic MOC for target moveit_task_constructor_visualization-test-merge-models[0m
[21.930s] [ 49%] Built target moveit_task_constructor_visualization-test-merge-models_autogen
[21.991s] [ 50%] [32mBuilding CXX object motion_planning_tasks/test/CMakeFiles/moveit_task_constructor_visualization-test-merge-models.dir/moveit_task_constructor_visualization-test-merge-models_autogen/mocs_compilation.cpp.o[0m
[22.056s] [ 52%] [32mBuilding CXX object motion_planning_tasks/test/CMakeFiles/moveit_task_constructor_visualization-test-merge-models.dir/test_merge_models.cpp.o[0m
[22.276s] [ 53%] [32mBuilding CXX object visualization_tools/CMakeFiles/moveit_task_visualization_tools.dir/src/task_solution_visualization.cpp.o[0m
[23.211s] [ 55%] [32mBuilding CXX object gmock/CMakeFiles/gmock.dir/src/gmock-all.cc.o[0m
[25.532s] [ 56%] [32m[1mLinking CXX executable moveit_task_constructor_visualization-test-merge-models[0m
[26.113s] [ 56%] Built target moveit_task_constructor_visualization-test-merge-models
[26.798s] [ 58%] [32m[1mLinking CXX static library libgmock.a[0m
[26.953s] [ 58%] Built target gmock
[38.983s] [ 60%] [32m[1mLinking CXX shared library libmoveit_task_visualization_tools.so[0m
[43.901s] [ 60%] Built target moveit_task_visualization_tools
[43.964s] [ 61%] [34m[1mAutomatic MOC for target motion_planning_tasks_rviz_plugin[0m
[45.135s] [ 61%] Built target motion_planning_tasks_rviz_plugin_autogen
[45.177s] [ 66%] [34m[1mAutomatic RCC for resources.qrc[0m
[45.178s] [ 66%] [34m[1mGenerating ui_global_settings.h[0m
[45.178s] [ 66%] [34m[1mGenerating ui_task_view.h[0m
[45.190s] [ 67%] [34m[1mGenerating ui_task_panel.h[0m
[45.319s] [ 69%] [32mBuilding CXX object motion_planning_tasks/src/CMakeFiles/motion_planning_tasks_rviz_plugin.dir/motion_planning_tasks_rviz_plugin_autogen/mocs_compilation.cpp.o[0m
[45.320s] [ 70%] [32mBuilding CXX object motion_planning_tasks/src/CMakeFiles/motion_planning_tasks_rviz_plugin.dir/icons.cpp.o[0m
[45.322s] [ 73%] [32mBuilding CXX object motion_planning_tasks/src/CMakeFiles/motion_planning_tasks_rviz_plugin.dir/factory_model.cpp.o[0m
[45.322s] [ 73%] [32mBuilding CXX object motion_planning_tasks/src/CMakeFiles/motion_planning_tasks_rviz_plugin.dir/local_task_model.cpp.o[0m
[45.322s] [ 75%] [32mBuilding CXX object motion_planning_tasks/src/CMakeFiles/motion_planning_tasks_rviz_plugin.dir/job_queue.cpp.o[0m
[45.323s] [ 76%] [32mBuilding CXX object motion_planning_tasks/src/CMakeFiles/motion_planning_tasks_rviz_plugin.dir/meta_task_list_model.cpp.o[0m
[46.549s] [ 78%] [32mBuilding CXX object motion_planning_tasks/src/CMakeFiles/motion_planning_tasks_rviz_plugin.dir/plugin_init.cpp.o[0m
[47.530s] [ 80%] [32mBuilding CXX object motion_planning_tasks/src/CMakeFiles/motion_planning_tasks_rviz_plugin.dir/remote_task_model.cpp.o[0m
[48.975s] [ 81%] [32mBuilding CXX object motion_planning_tasks/src/CMakeFiles/motion_planning_tasks_rviz_plugin.dir/task_display.cpp.o[0m
[52.672s] [ 83%] [32mBuilding CXX object motion_planning_tasks/src/CMakeFiles/motion_planning_tasks_rviz_plugin.dir/task_list_model.cpp.o[0m
[56.420s] [ 84%] [32mBuilding CXX object motion_planning_tasks/src/CMakeFiles/motion_planning_tasks_rviz_plugin.dir/task_panel.cpp.o[0m
[56.453s] [ 86%] [32mBuilding CXX object motion_planning_tasks/src/CMakeFiles/motion_planning_tasks_rviz_plugin.dir/motion_planning_tasks_rviz_plugin_autogen/EWIEGA46WW/qrc_resources.cpp.o[0m
[76.424s] [ 87%] [32m[1mLinking CXX shared library libmotion_planning_tasks_rviz_plugin.so[0m
[79.780s] [ 87%] Built target motion_planning_tasks_rviz_plugin
[79.841s] [ 89%] [34m[1mAutomatic MOC for target moveit_task_constructor_visualization-test-solution-models[0m
[79.922s] [ 89%] Built target moveit_task_constructor_visualization-test-solution-models_autogen
[79.989s] [ 90%] [34m[1mAutomatic MOC for target moveit_task_constructor_visualization-test-task_model[0m
[80.071s] [ 90%] Built target moveit_task_constructor_visualization-test-task_model_autogen
[80.133s] [ 92%] [32mBuilding CXX object motion_planning_tasks/test/CMakeFiles/moveit_task_constructor_visualization-test-solution-models.dir/moveit_task_constructor_visualization-test-solution-models_autogen/mocs_compilation.cpp.o[0m
[80.200s] [ 93%] [32mBuilding CXX object motion_planning_tasks/test/CMakeFiles/moveit_task_constructor_visualization-test-solution-models.dir/test_solution_models.cpp.o[0m
[86.695s] [ 95%] [32m[1mLinking CXX executable moveit_task_constructor_visualization-test-solution-models[0m
[87.596s] [ 95%] Built target moveit_task_constructor_visualization-test-solution-models
[87.660s] [ 98%] [32mBuilding CXX object motion_planning_tasks/test/CMakeFiles/moveit_task_constructor_visualization-test-task_model.dir/test_task_model.cpp.o[0m
[87.660s] [ 98%] [32mBuilding CXX object motion_planning_tasks/test/CMakeFiles/moveit_task_constructor_visualization-test-task_model.dir/moveit_task_constructor_visualization-test-task_model_autogen/mocs_compilation.cpp.o[0m
[94.513s] [100%] [32m[1mLinking CXX executable moveit_task_constructor_visualization-test-task_model[0m
[95.334s] [100%] Built target moveit_task_constructor_visualization-test-task_model
[95.370s] Invoked command in '/home/thisum/my_ws/src/build/moveit_task_constructor_visualization' returned '0': AMENT_PREFIX_PATH=/home/thisum/my_ws/src/install/moveit_task_constructor_core:/home/thisum/my_ws/src/install/moveit_planners:/home/thisum/my_ws/src/install/pilz_industrial_motion_planner:/home/thisum/my_ws/src/install/moveit_ros_visualization:/home/thisum/my_ws/src/install/moveit_resources_prbt_pg70_support:/home/thisum/my_ws/src/install/moveit_ros_planning_interface:/home/thisum/my_ws/src/install/moveit_resources_prbt_moveit_config:/home/thisum/my_ws/src/install/moveit_ros_move_group:/home/thisum/my_ws/src/install/moveit_ros_warehouse:/home/thisum/my_ws/src/install/moveit_ros_robot_interaction:/home/thisum/my_ws/src/install/moveit_planners_ompl:/home/thisum/my_ws/src/install/moveit_kinematics:/home/thisum/my_ws/src/install/moveit_ros_planning:/home/thisum/my_ws/src/install/pilz_industrial_motion_planner_testutils:/home/thisum/my_ws/src/install/moveit_simple_controller_manager:/home/thisum/my_ws/src/install/moveit_ros_occupancy_map_monitor:/home/thisum/my_ws/src/install/moveit_resources_prbt_ikfast_manipulator_plugin:/home/thisum/my_ws/src/install/moveit_core:/home/thisum/my_ws/src/install/rviz_marker_tools:/home/thisum/my_ws/src/install/moveit_resources_panda_moveit_config:/home/thisum/my_ws/src/install/moveit_resources_fanuc_moveit_config:/home/thisum/my_ws/src/install/moveit_configs_utils:/home/thisum/my_ws/src/install/srdfdom:/home/thisum/my_ws/src/install/moveit_task_constructor_msgs:/home/thisum/my_ws/src/install/moveit_resources_prbt_support:/home/thisum/my_ws/src/install/moveit_resources_pr2_description:/home/thisum/my_ws/src/install/moveit_resources_panda_description:/home/thisum/my_ws/src/install/moveit_resources_fanuc_description:/home/thisum/my_ws/src/install/moveit_common:/home/thisum/my_ws/src/install/launch_param_builder:${AMENT_PREFIX_PATH} CMAKE_PREFIX_PATH=/home/thisum/my_ws/src/install/moveit_task_constructor_core:/home/thisum/my_ws/src/install/moveit_planners:/home/thisum/my_ws/src/install/pilz_industrial_motion_planner:/home/thisum/my_ws/src/install/moveit_ros_visualization:/home/thisum/my_ws/src/install/moveit_resources_prbt_pg70_support:/home/thisum/my_ws/src/install/moveit_ros_planning_interface:/home/thisum/my_ws/src/install/moveit_resources_prbt_moveit_config:/home/thisum/my_ws/src/install/moveit_ros_move_group:/home/thisum/my_ws/src/install/moveit_ros_warehouse:/home/thisum/my_ws/src/install/moveit_ros_robot_interaction:/home/thisum/my_ws/src/install/moveit_planners_ompl:/home/thisum/my_ws/src/install/moveit_kinematics:/home/thisum/my_ws/src/install/moveit_ros_planning:/home/thisum/my_ws/src/install/pilz_industrial_motion_planner_testutils:/home/thisum/my_ws/src/install/moveit_simple_controller_manager:/home/thisum/my_ws/src/install/moveit_ros_occupancy_map_monitor:/home/thisum/my_ws/src/install/moveit_resources_prbt_ikfast_manipulator_plugin:/home/thisum/my_ws/src/install/moveit_core:/home/thisum/my_ws/src/install/rviz_marker_tools:/home/thisum/my_ws/src/install/moveit_resources_panda_moveit_config:/home/thisum/my_ws/src/install/moveit_resources_fanuc_moveit_config:/home/thisum/my_ws/src/install/srdfdom:/home/thisum/my_ws/src/install/moveit_task_constructor_msgs:/home/thisum/my_ws/src/install/moveit_resources_prbt_support:/home/thisum/my_ws/src/install/moveit_resources_pr2_description:/home/thisum/my_ws/src/install/moveit_resources_panda_description:/home/thisum/my_ws/src/install/moveit_resources_fanuc_description:/home/thisum/my_ws/src/install/moveit_common:/home/thisum/my_ws/install/pilz_industrial_motion_planner_testutils:/home/thisum/my_ws/install/moveit_runtime:/home/thisum/my_ws/install/moveit2_tutorials:/home/thisum/my_ws/install/moveit:/home/thisum/my_ws/install/arm_config:/home/thisum/my_ws/install/moveit_planners:/home/thisum/my_ws/install/pilz_industrial_motion_planner:/home/thisum/my_ws/install/moveit_visual_tools:/home/thisum/my_ws/install/moveit_task_constructor_visualization:/home/thisum/my_ws/install/moveit_task_constructor_demo:/home/thisum/my_ws/install/moveit_task_constructor_capabilities:/home/thisum/my_ws/install/moveit_task_constructor_core:/home/thisum/my_ws/install/moveit_ros_control_interface:/home/thisum/my_ws/install/moveit_plugins:/home/thisum/my_ws/install/moveit_simple_controller_manager:/home/thisum/my_ws/install/moveit_setup_assistant:/home/thisum/my_ws/install/moveit_setup_srdf_plugins:/home/thisum/my_ws/install/moveit_setup_core_plugins:/home/thisum/my_ws/install/moveit_setup_controllers:/home/thisum/my_ws/install/moveit_setup_app_plugins:/home/thisum/my_ws/install/moveit_setup_framework:/home/thisum/my_ws/install/moveit_servo:/home/thisum/my_ws/install/moveit_ros:/home/thisum/my_ws/install/moveit_ros_visualization:/home/thisum/my_ws/install/moveit_hybrid_planning:/home/thisum/my_ws/install/moveit_ros_planning_interface:/home/thisum/my_ws/install/moveit_ros_benchmarks:/home/thisum/my_ws/install/moveit_ros_warehouse:/home/thisum/my_ws/install/moveit_ros_robot_interaction:/home/thisum/my_ws/install/moveit_ros_perception:/home/thisum/my_ws/install/moveit_resources_prbt_pg70_support:/home/thisum/my_ws/install/moveit_resources_prbt_moveit_config:/home/thisum/my_ws/install/moveit_ros_move_group:/home/thisum/my_ws/install/moveit_planners_ompl:/home/thisum/my_ws/install/moveit_ros_planning:/home/thisum/my_ws/install/moveit_ros_occupancy_map_monitor:/home/thisum/my_ws/install/moveit_resources_prbt_ikfast_manipulator_plugin:/home/thisum/my_ws/install/moveit_planners_chomp:/home/thisum/my_ws/install/moveit_kinematics:/home/thisum/my_ws/install/moveit_chomp_optimizer_adapter:/home/thisum/my_ws/install/chomp_motion_planner:/home/thisum/my_ws/install/moveit_core:/home/thisum/my_ws/install/srdfdom:/home/thisum/my_ws/install/rviz_marker_tools:/home/thisum/my_ws/install/rosparam_shortcuts:/home/thisum/my_ws/install/new_full_arm:/home/thisum/my_ws/install/moveit_task_constructor_msgs:/home/thisum/my_ws/install/moveit_resources_prbt_support:/home/thisum/my_ws/install/moveit_resources:/home/thisum/my_ws/install/moveit_resources_pr2_description:/home/thisum/my_ws/install/moveit_resources_panda_moveit_config:/home/thisum/my_ws/install/moveit_resources_panda_description:/home/thisum/my_ws/install/moveit_resources_fanuc_moveit_config:/home/thisum/my_ws/install/moveit_resources_fanuc_description:/home/thisum/my_ws/install/moveit_common:/home/thisum/arm_ws/install/x:/home/thisum/arm_ws/install/robotiq_description:/home/thisum/arm_ws/install/robotiq_controllers:/home/thisum/arm_ws/install/arm_config:/home/thisum/my_ws/install/moveit_configs_utils:/home/thisum/my_ws/install/launch_param_builder:/home/thisum/arm_ws/install/moveit_configs_utils:/opt/ros/humble:/home/thisum/arm_ws/install/new_full_arm:/home/thisum/arm_ws/install/moveit_resources_prbt_support:/home/thisum/arm_ws/install/moveit_resources_pr2_description:/home/thisum/arm_ws/install/moveit_resources_panda_description:/home/thisum/arm_ws/install/moveit_resources_fanuc_description:/home/thisum/arm_ws/install/moveit_msgs:/home/thisum/arm_ws/install/moveit_common:/home/thisum/arm_ws/install/kortex_api LD_LIBRARY_PATH=/home/thisum/my_ws/src/install/moveit_task_constructor_core/lib:/home/thisum/my_ws/src/install/pilz_industrial_motion_planner/lib:/home/thisum/my_ws/src/install/moveit_ros_visualization/lib:/home/thisum/my_ws/src/install/moveit_ros_planning_interface/lib:/home/thisum/my_ws/src/install/moveit_ros_move_group/lib:/home/thisum/my_ws/src/install/moveit_ros_warehouse/lib:/home/thisum/my_ws/src/install/moveit_ros_robot_interaction/lib:/home/thisum/my_ws/src/install/moveit_planners_ompl/lib:/home/thisum/my_ws/src/install/moveit_kinematics/lib:/home/thisum/my_ws/src/install/moveit_ros_planning/lib:/home/thisum/my_ws/src/install/pilz_industrial_motion_planner_testutils/lib:/home/thisum/my_ws/src/install/moveit_simple_controller_manager/lib:/home/thisum/my_ws/src/install/moveit_ros_occupancy_map_monitor/lib:/home/thisum/my_ws/src/install/moveit_resources_prbt_ikfast_manipulator_plugin/lib:/home/thisum/my_ws/src/install/moveit_core/lib:/home/thisum/my_ws/src/install/rviz_marker_tools/lib:/home/thisum/my_ws/src/install/srdfdom/lib:/home/thisum/my_ws/src/install/moveit_task_constructor_msgs/lib:${LD_LIBRARY_PATH} PATH=/home/thisum/my_ws/src/install/moveit_core/bin:${PATH} PYTHONPATH=/home/thisum/my_ws/src/install/moveit_task_constructor_core/local/lib/python3.10/dist-packages:/home/thisum/my_ws/src/install/moveit_configs_utils/lib/python3.10/site-packages:/home/thisum/my_ws/src/install/srdfdom/local/lib/python3.10/dist-packages:/home/thisum/my_ws/src/install/moveit_task_constructor_msgs/local/lib/python3.10/dist-packages:/home/thisum/my_ws/src/install/launch_param_builder/lib/python3.10/site-packages:${PYTHONPATH} /usr/bin/cmake --build /home/thisum/my_ws/src/build/moveit_task_constructor_visualization -- -j6 -l6
[95.516s] Invoking command in '/home/thisum/my_ws/src/build/moveit_task_constructor_visualization': AMENT_PREFIX_PATH=/home/thisum/my_ws/src/install/moveit_task_constructor_core:/home/thisum/my_ws/src/install/moveit_planners:/home/thisum/my_ws/src/install/pilz_industrial_motion_planner:/home/thisum/my_ws/src/install/moveit_ros_visualization:/home/thisum/my_ws/src/install/moveit_resources_prbt_pg70_support:/home/thisum/my_ws/src/install/moveit_ros_planning_interface:/home/thisum/my_ws/src/install/moveit_resources_prbt_moveit_config:/home/thisum/my_ws/src/install/moveit_ros_move_group:/home/thisum/my_ws/src/install/moveit_ros_warehouse:/home/thisum/my_ws/src/install/moveit_ros_robot_interaction:/home/thisum/my_ws/src/install/moveit_planners_ompl:/home/thisum/my_ws/src/install/moveit_kinematics:/home/thisum/my_ws/src/install/moveit_ros_planning:/home/thisum/my_ws/src/install/pilz_industrial_motion_planner_testutils:/home/thisum/my_ws/src/install/moveit_simple_controller_manager:/home/thisum/my_ws/src/install/moveit_ros_occupancy_map_monitor:/home/thisum/my_ws/src/install/moveit_resources_prbt_ikfast_manipulator_plugin:/home/thisum/my_ws/src/install/moveit_core:/home/thisum/my_ws/src/install/rviz_marker_tools:/home/thisum/my_ws/src/install/moveit_resources_panda_moveit_config:/home/thisum/my_ws/src/install/moveit_resources_fanuc_moveit_config:/home/thisum/my_ws/src/install/moveit_configs_utils:/home/thisum/my_ws/src/install/srdfdom:/home/thisum/my_ws/src/install/moveit_task_constructor_msgs:/home/thisum/my_ws/src/install/moveit_resources_prbt_support:/home/thisum/my_ws/src/install/moveit_resources_pr2_description:/home/thisum/my_ws/src/install/moveit_resources_panda_description:/home/thisum/my_ws/src/install/moveit_resources_fanuc_description:/home/thisum/my_ws/src/install/moveit_common:/home/thisum/my_ws/src/install/launch_param_builder:${AMENT_PREFIX_PATH} CMAKE_PREFIX_PATH=/home/thisum/my_ws/src/install/moveit_task_constructor_core:/home/thisum/my_ws/src/install/moveit_planners:/home/thisum/my_ws/src/install/pilz_industrial_motion_planner:/home/thisum/my_ws/src/install/moveit_ros_visualization:/home/thisum/my_ws/src/install/moveit_resources_prbt_pg70_support:/home/thisum/my_ws/src/install/moveit_ros_planning_interface:/home/thisum/my_ws/src/install/moveit_resources_prbt_moveit_config:/home/thisum/my_ws/src/install/moveit_ros_move_group:/home/thisum/my_ws/src/install/moveit_ros_warehouse:/home/thisum/my_ws/src/install/moveit_ros_robot_interaction:/home/thisum/my_ws/src/install/moveit_planners_ompl:/home/thisum/my_ws/src/install/moveit_kinematics:/home/thisum/my_ws/src/install/moveit_ros_planning:/home/thisum/my_ws/src/install/pilz_industrial_motion_planner_testutils:/home/thisum/my_ws/src/install/moveit_simple_controller_manager:/home/thisum/my_ws/src/install/moveit_ros_occupancy_map_monitor:/home/thisum/my_ws/src/install/moveit_resources_prbt_ikfast_manipulator_plugin:/home/thisum/my_ws/src/install/moveit_core:/home/thisum/my_ws/src/install/rviz_marker_tools:/home/thisum/my_ws/src/install/moveit_resources_panda_moveit_config:/home/thisum/my_ws/src/install/moveit_resources_fanuc_moveit_config:/home/thisum/my_ws/src/install/srdfdom:/home/thisum/my_ws/src/install/moveit_task_constructor_msgs:/home/thisum/my_ws/src/install/moveit_resources_prbt_support:/home/thisum/my_ws/src/install/moveit_resources_pr2_description:/home/thisum/my_ws/src/install/moveit_resources_panda_description:/home/thisum/my_ws/src/install/moveit_resources_fanuc_description:/home/thisum/my_ws/src/install/moveit_common:/home/thisum/my_ws/install/pilz_industrial_motion_planner_testutils:/home/thisum/my_ws/install/moveit_runtime:/home/thisum/my_ws/install/moveit2_tutorials:/home/thisum/my_ws/install/moveit:/home/thisum/my_ws/install/arm_config:/home/thisum/my_ws/install/moveit_planners:/home/thisum/my_ws/install/pilz_industrial_motion_planner:/home/thisum/my_ws/install/moveit_visual_tools:/home/thisum/my_ws/install/moveit_task_constructor_visualization:/home/thisum/my_ws/install/moveit_task_constructor_demo:/home/thisum/my_ws/install/moveit_task_constructor_capabilities:/home/thisum/my_ws/install/moveit_task_constructor_core:/home/thisum/my_ws/install/moveit_ros_control_interface:/home/thisum/my_ws/install/moveit_plugins:/home/thisum/my_ws/install/moveit_simple_controller_manager:/home/thisum/my_ws/install/moveit_setup_assistant:/home/thisum/my_ws/install/moveit_setup_srdf_plugins:/home/thisum/my_ws/install/moveit_setup_core_plugins:/home/thisum/my_ws/install/moveit_setup_controllers:/home/thisum/my_ws/install/moveit_setup_app_plugins:/home/thisum/my_ws/install/moveit_setup_framework:/home/thisum/my_ws/install/moveit_servo:/home/thisum/my_ws/install/moveit_ros:/home/thisum/my_ws/install/moveit_ros_visualization:/home/thisum/my_ws/install/moveit_hybrid_planning:/home/thisum/my_ws/install/moveit_ros_planning_interface:/home/thisum/my_ws/install/moveit_ros_benchmarks:/home/thisum/my_ws/install/moveit_ros_warehouse:/home/thisum/my_ws/install/moveit_ros_robot_interaction:/home/thisum/my_ws/install/moveit_ros_perception:/home/thisum/my_ws/install/moveit_resources_prbt_pg70_support:/home/thisum/my_ws/install/moveit_resources_prbt_moveit_config:/home/thisum/my_ws/install/moveit_ros_move_group:/home/thisum/my_ws/install/moveit_planners_ompl:/home/thisum/my_ws/install/moveit_ros_planning:/home/thisum/my_ws/install/moveit_ros_occupancy_map_monitor:/home/thisum/my_ws/install/moveit_resources_prbt_ikfast_manipulator_plugin:/home/thisum/my_ws/install/moveit_planners_chomp:/home/thisum/my_ws/install/moveit_kinematics:/home/thisum/my_ws/install/moveit_chomp_optimizer_adapter:/home/thisum/my_ws/install/chomp_motion_planner:/home/thisum/my_ws/install/moveit_core:/home/thisum/my_ws/install/srdfdom:/home/thisum/my_ws/install/rviz_marker_tools:/home/thisum/my_ws/install/rosparam_shortcuts:/home/thisum/my_ws/install/new_full_arm:/home/thisum/my_ws/install/moveit_task_constructor_msgs:/home/thisum/my_ws/install/moveit_resources_prbt_support:/home/thisum/my_ws/install/moveit_resources:/home/thisum/my_ws/install/moveit_resources_pr2_description:/home/thisum/my_ws/install/moveit_resources_panda_moveit_config:/home/thisum/my_ws/install/moveit_resources_panda_description:/home/thisum/my_ws/install/moveit_resources_fanuc_moveit_config:/home/thisum/my_ws/install/moveit_resources_fanuc_description:/home/thisum/my_ws/install/moveit_common:/home/thisum/arm_ws/install/x:/home/thisum/arm_ws/install/robotiq_description:/home/thisum/arm_ws/install/robotiq_controllers:/home/thisum/arm_ws/install/arm_config:/home/thisum/my_ws/install/moveit_configs_utils:/home/thisum/my_ws/install/launch_param_builder:/home/thisum/arm_ws/install/moveit_configs_utils:/opt/ros/humble:/home/thisum/arm_ws/install/new_full_arm:/home/thisum/arm_ws/install/moveit_resources_prbt_support:/home/thisum/arm_ws/install/moveit_resources_pr2_description:/home/thisum/arm_ws/install/moveit_resources_panda_description:/home/thisum/arm_ws/install/moveit_resources_fanuc_description:/home/thisum/arm_ws/install/moveit_msgs:/home/thisum/arm_ws/install/moveit_common:/home/thisum/arm_ws/install/kortex_api LD_LIBRARY_PATH=/home/thisum/my_ws/src/install/moveit_task_constructor_core/lib:/home/thisum/my_ws/src/install/pilz_industrial_motion_planner/lib:/home/thisum/my_ws/src/install/moveit_ros_visualization/lib:/home/thisum/my_ws/src/install/moveit_ros_planning_interface/lib:/home/thisum/my_ws/src/install/moveit_ros_move_group/lib:/home/thisum/my_ws/src/install/moveit_ros_warehouse/lib:/home/thisum/my_ws/src/install/moveit_ros_robot_interaction/lib:/home/thisum/my_ws/src/install/moveit_planners_ompl/lib:/home/thisum/my_ws/src/install/moveit_kinematics/lib:/home/thisum/my_ws/src/install/moveit_ros_planning/lib:/home/thisum/my_ws/src/install/pilz_industrial_motion_planner_testutils/lib:/home/thisum/my_ws/src/install/moveit_simple_controller_manager/lib:/home/thisum/my_ws/src/install/moveit_ros_occupancy_map_monitor/lib:/home/thisum/my_ws/src/install/moveit_resources_prbt_ikfast_manipulator_plugin/lib:/home/thisum/my_ws/src/install/moveit_core/lib:/home/thisum/my_ws/src/install/rviz_marker_tools/lib:/home/thisum/my_ws/src/install/srdfdom/lib:/home/thisum/my_ws/src/install/moveit_task_constructor_msgs/lib:${LD_LIBRARY_PATH} PATH=/home/thisum/my_ws/src/install/moveit_core/bin:${PATH} PYTHONPATH=/home/thisum/my_ws/src/install/moveit_task_constructor_core/local/lib/python3.10/dist-packages:/home/thisum/my_ws/src/install/moveit_configs_utils/lib/python3.10/site-packages:/home/thisum/my_ws/src/install/srdfdom/local/lib/python3.10/dist-packages:/home/thisum/my_ws/src/install/moveit_task_constructor_msgs/local/lib/python3.10/dist-packages:/home/thisum/my_ws/src/install/launch_param_builder/lib/python3.10/site-packages:${PYTHONPATH} /usr/bin/cmake --install /home/thisum/my_ws/src/build/moveit_task_constructor_visualization
[95.537s] -- Install configuration: "Release"
[95.537s] -- Installing: /home/thisum/my_ws/src/install/moveit_task_constructor_visualization/share/icons
[95.540s] -- Installing: /home/thisum/my_ws/src/install/moveit_task_constructor_visualization/share/icons/classes
[95.541s] -- Installing: /home/thisum/my_ws/src/install/moveit_task_constructor_visualization/share/icons/classes/Motion Planning Tasks.svg
[95.544s] -- Installing: /home/thisum/my_ws/src/install/moveit_task_constructor_visualization/share/moveit_task_constructor_visualization/motion_planning_tasks_rviz_plugin_description.xml
[95.545s] -- Installing: /home/thisum/my_ws/src/install/moveit_task_constructor_visualization/share/moveit_task_constructor_visualization/environment/library_path.sh
[95.545s] -- Installing: /home/thisum/my_ws/src/install/moveit_task_constructor_visualization/share/moveit_task_constructor_visualization/environment/library_path.dsv
[95.546s] -- Installing: /home/thisum/my_ws/src/install/moveit_task_constructor_visualization/share/ament_index/resource_index/package_run_dependencies/moveit_task_constructor_visualization
[95.546s] -- Installing: /home/thisum/my_ws/src/install/moveit_task_constructor_visualization/share/ament_index/resource_index/parent_prefix_path/moveit_task_constructor_visualization
[95.546s] -- Installing: /home/thisum/my_ws/src/install/moveit_task_constructor_visualization/share/moveit_task_constructor_visualization/environment/ament_prefix_path.sh
[95.547s] -- Installing: /home/thisum/my_ws/src/install/moveit_task_constructor_visualization/share/moveit_task_constructor_visualization/environment/ament_prefix_path.dsv
[95.547s] -- Installing: /home/thisum/my_ws/src/install/moveit_task_constructor_visualization/share/moveit_task_constructor_visualization/environment/path.sh
[95.547s] -- Installing: /home/thisum/my_ws/src/install/moveit_task_constructor_visualization/share/moveit_task_constructor_visualization/environment/path.dsv
[95.548s] -- Installing: /home/thisum/my_ws/src/install/moveit_task_constructor_visualization/share/moveit_task_constructor_visualization/local_setup.bash
[95.548s] -- Installing: /home/thisum/my_ws/src/install/moveit_task_constructor_visualization/share/moveit_task_constructor_visualization/local_setup.sh
[95.548s] -- Installing: /home/thisum/my_ws/src/install/moveit_task_constructor_visualization/share/moveit_task_constructor_visualization/local_setup.zsh
[95.549s] -- Installing: /home/thisum/my_ws/src/install/moveit_task_constructor_visualization/share/moveit_task_constructor_visualization/local_setup.dsv
[95.549s] -- Installing: /home/thisum/my_ws/src/install/moveit_task_constructor_visualization/share/moveit_task_constructor_visualization/package.dsv
[95.549s] -- Installing: /home/thisum/my_ws/src/install/moveit_task_constructor_visualization/share/ament_index/resource_index/packages/moveit_task_constructor_visualization
[95.550s] -- Installing: /home/thisum/my_ws/src/install/moveit_task_constructor_visualization/share/ament_index/resource_index/rviz_common__pluginlib__plugin/moveit_task_constructor_visualization
[95.550s] -- Installing: /home/thisum/my_ws/src/install/moveit_task_constructor_visualization/share/moveit_task_constructor_visualization/cmake/ament_cmake_export_include_directories-extras.cmake
[95.550s] -- Installing: /home/thisum/my_ws/src/install/moveit_task_constructor_visualization/share/moveit_task_constructor_visualization/cmake/ament_cmake_export_libraries-extras.cmake
[95.551s] -- Installing: /home/thisum/my_ws/src/install/moveit_task_constructor_visualization/share/moveit_task_constructor_visualization/cmake/ament_cmake_export_dependencies-extras.cmake
[95.551s] -- Installing: /home/thisum/my_ws/src/install/moveit_task_constructor_visualization/share/moveit_task_constructor_visualization/cmake/moveit_task_constructor_visualizationConfig.cmake
[95.551s] -- Installing: /home/thisum/my_ws/src/install/moveit_task_constructor_visualization/share/moveit_task_constructor_visualization/cmake/moveit_task_constructor_visualizationConfig-version.cmake
[95.551s] -- Installing: /home/thisum/my_ws/src/install/moveit_task_constructor_visualization/share/moveit_task_constructor_visualization/package.xml
[95.552s] -- Installing: /home/thisum/my_ws/src/install/moveit_task_constructor_visualization/include
[95.552s] -- Installing: /home/thisum/my_ws/src/install/moveit_task_constructor_visualization/include/moveit
[95.552s] -- Installing: /home/thisum/my_ws/src/install/moveit_task_constructor_visualization/include/moveit/visualization_tools
[95.553s] -- Installing: /home/thisum/my_ws/src/install/moveit_task_constructor_visualization/include/moveit/visualization_tools/marker_visualization.h
[95.553s] -- Installing: /home/thisum/my_ws/src/install/moveit_task_constructor_visualization/include/moveit/visualization_tools/task_solution_panel.h
[95.553s] -- Installing: /home/thisum/my_ws/src/install/moveit_task_constructor_visualization/include/moveit/visualization_tools/display_solution.h
[95.553s] -- Installing: /home/thisum/my_ws/src/install/moveit_task_constructor_visualization/include/moveit/visualization_tools/task_solution_visualization.h
[95.555s] -- Installing: /home/thisum/my_ws/src/install/moveit_task_constructor_visualization/lib/libmoveit_task_visualization_tools.so.0.1.3
[95.556s] -- Set runtime path of "/home/thisum/my_ws/src/install/moveit_task_constructor_visualization/lib/libmoveit_task_visualization_tools.so.0.1.3" to ""
[95.556s] -- Installing: /home/thisum/my_ws/src/install/moveit_task_constructor_visualization/lib/libmoveit_task_visualization_tools.so
[95.557s] -- Installing: /home/thisum/my_ws/src/install/moveit_task_constructor_visualization/lib/libmotion_planning_tasks_utils.so
[95.558s] -- Installing: /home/thisum/my_ws/src/install/moveit_task_constructor_visualization/lib/libmotion_planning_tasks_properties.so
[95.559s] -- Set runtime path of "/home/thisum/my_ws/src/install/moveit_task_constructor_visualization/lib/libmotion_planning_tasks_properties.so" to ""
[95.559s] -- Installing: /home/thisum/my_ws/src/install/moveit_task_constructor_visualization/lib/libmotion_planning_tasks_rviz_plugin.so.0.1.3
[95.566s] -- Set runtime path of "/home/thisum/my_ws/src/install/moveit_task_constructor_visualization/lib/libmotion_planning_tasks_rviz_plugin.so.0.1.3" to ""
[95.566s] -- Installing: /home/thisum/my_ws/src/install/moveit_task_constructor_visualization/lib/libmotion_planning_tasks_rviz_plugin.so
[95.571s] Invoked command in '/home/thisum/my_ws/src/build/moveit_task_constructor_visualization' returned '0': AMENT_PREFIX_PATH=/home/thisum/my_ws/src/install/moveit_task_constructor_core:/home/thisum/my_ws/src/install/moveit_planners:/home/thisum/my_ws/src/install/pilz_industrial_motion_planner:/home/thisum/my_ws/src/install/moveit_ros_visualization:/home/thisum/my_ws/src/install/moveit_resources_prbt_pg70_support:/home/thisum/my_ws/src/install/moveit_ros_planning_interface:/home/thisum/my_ws/src/install/moveit_resources_prbt_moveit_config:/home/thisum/my_ws/src/install/moveit_ros_move_group:/home/thisum/my_ws/src/install/moveit_ros_warehouse:/home/thisum/my_ws/src/install/moveit_ros_robot_interaction:/home/thisum/my_ws/src/install/moveit_planners_ompl:/home/thisum/my_ws/src/install/moveit_kinematics:/home/thisum/my_ws/src/install/moveit_ros_planning:/home/thisum/my_ws/src/install/pilz_industrial_motion_planner_testutils:/home/thisum/my_ws/src/install/moveit_simple_controller_manager:/home/thisum/my_ws/src/install/moveit_ros_occupancy_map_monitor:/home/thisum/my_ws/src/install/moveit_resources_prbt_ikfast_manipulator_plugin:/home/thisum/my_ws/src/install/moveit_core:/home/thisum/my_ws/src/install/rviz_marker_tools:/home/thisum/my_ws/src/install/moveit_resources_panda_moveit_config:/home/thisum/my_ws/src/install/moveit_resources_fanuc_moveit_config:/home/thisum/my_ws/src/install/moveit_configs_utils:/home/thisum/my_ws/src/install/srdfdom:/home/thisum/my_ws/src/install/moveit_task_constructor_msgs:/home/thisum/my_ws/src/install/moveit_resources_prbt_support:/home/thisum/my_ws/src/install/moveit_resources_pr2_description:/home/thisum/my_ws/src/install/moveit_resources_panda_description:/home/thisum/my_ws/src/install/moveit_resources_fanuc_description:/home/thisum/my_ws/src/install/moveit_common:/home/thisum/my_ws/src/install/launch_param_builder:${AMENT_PREFIX_PATH} CMAKE_PREFIX_PATH=/home/thisum/my_ws/src/install/moveit_task_constructor_core:/home/thisum/my_ws/src/install/moveit_planners:/home/thisum/my_ws/src/install/pilz_industrial_motion_planner:/home/thisum/my_ws/src/install/moveit_ros_visualization:/home/thisum/my_ws/src/install/moveit_resources_prbt_pg70_support:/home/thisum/my_ws/src/install/moveit_ros_planning_interface:/home/thisum/my_ws/src/install/moveit_resources_prbt_moveit_config:/home/thisum/my_ws/src/install/moveit_ros_move_group:/home/thisum/my_ws/src/install/moveit_ros_warehouse:/home/thisum/my_ws/src/install/moveit_ros_robot_interaction:/home/thisum/my_ws/src/install/moveit_planners_ompl:/home/thisum/my_ws/src/install/moveit_kinematics:/home/thisum/my_ws/src/install/moveit_ros_planning:/home/thisum/my_ws/src/install/pilz_industrial_motion_planner_testutils:/home/thisum/my_ws/src/install/moveit_simple_controller_manager:/home/thisum/my_ws/src/install/moveit_ros_occupancy_map_monitor:/home/thisum/my_ws/src/install/moveit_resources_prbt_ikfast_manipulator_plugin:/home/thisum/my_ws/src/install/moveit_core:/home/thisum/my_ws/src/install/rviz_marker_tools:/home/thisum/my_ws/src/install/moveit_resources_panda_moveit_config:/home/thisum/my_ws/src/install/moveit_resources_fanuc_moveit_config:/home/thisum/my_ws/src/install/srdfdom:/home/thisum/my_ws/src/install/moveit_task_constructor_msgs:/home/thisum/my_ws/src/install/moveit_resources_prbt_support:/home/thisum/my_ws/src/install/moveit_resources_pr2_description:/home/thisum/my_ws/src/install/moveit_resources_panda_description:/home/thisum/my_ws/src/install/moveit_resources_fanuc_description:/home/thisum/my_ws/src/install/moveit_common:/home/thisum/my_ws/install/pilz_industrial_motion_planner_testutils:/home/thisum/my_ws/install/moveit_runtime:/home/thisum/my_ws/install/moveit2_tutorials:/home/thisum/my_ws/install/moveit:/home/thisum/my_ws/install/arm_config:/home/thisum/my_ws/install/moveit_planners:/home/thisum/my_ws/install/pilz_industrial_motion_planner:/home/thisum/my_ws/install/moveit_visual_tools:/home/thisum/my_ws/install/moveit_task_constructor_visualization:/home/thisum/my_ws/install/moveit_task_constructor_demo:/home/thisum/my_ws/install/moveit_task_constructor_capabilities:/home/thisum/my_ws/install/moveit_task_constructor_core:/home/thisum/my_ws/install/moveit_ros_control_interface:/home/thisum/my_ws/install/moveit_plugins:/home/thisum/my_ws/install/moveit_simple_controller_manager:/home/thisum/my_ws/install/moveit_setup_assistant:/home/thisum/my_ws/install/moveit_setup_srdf_plugins:/home/thisum/my_ws/install/moveit_setup_core_plugins:/home/thisum/my_ws/install/moveit_setup_controllers:/home/thisum/my_ws/install/moveit_setup_app_plugins:/home/thisum/my_ws/install/moveit_setup_framework:/home/thisum/my_ws/install/moveit_servo:/home/thisum/my_ws/install/moveit_ros:/home/thisum/my_ws/install/moveit_ros_visualization:/home/thisum/my_ws/install/moveit_hybrid_planning:/home/thisum/my_ws/install/moveit_ros_planning_interface:/home/thisum/my_ws/install/moveit_ros_benchmarks:/home/thisum/my_ws/install/moveit_ros_warehouse:/home/thisum/my_ws/install/moveit_ros_robot_interaction:/home/thisum/my_ws/install/moveit_ros_perception:/home/thisum/my_ws/install/moveit_resources_prbt_pg70_support:/home/thisum/my_ws/install/moveit_resources_prbt_moveit_config:/home/thisum/my_ws/install/moveit_ros_move_group:/home/thisum/my_ws/install/moveit_planners_ompl:/home/thisum/my_ws/install/moveit_ros_planning:/home/thisum/my_ws/install/moveit_ros_occupancy_map_monitor:/home/thisum/my_ws/install/moveit_resources_prbt_ikfast_manipulator_plugin:/home/thisum/my_ws/install/moveit_planners_chomp:/home/thisum/my_ws/install/moveit_kinematics:/home/thisum/my_ws/install/moveit_chomp_optimizer_adapter:/home/thisum/my_ws/install/chomp_motion_planner:/home/thisum/my_ws/install/moveit_core:/home/thisum/my_ws/install/srdfdom:/home/thisum/my_ws/install/rviz_marker_tools:/home/thisum/my_ws/install/rosparam_shortcuts:/home/thisum/my_ws/install/new_full_arm:/home/thisum/my_ws/install/moveit_task_constructor_msgs:/home/thisum/my_ws/install/moveit_resources_prbt_support:/home/thisum/my_ws/install/moveit_resources:/home/thisum/my_ws/install/moveit_resources_pr2_description:/home/thisum/my_ws/install/moveit_resources_panda_moveit_config:/home/thisum/my_ws/install/moveit_resources_panda_description:/home/thisum/my_ws/install/moveit_resources_fanuc_moveit_config:/home/thisum/my_ws/install/moveit_resources_fanuc_description:/home/thisum/my_ws/install/moveit_common:/home/thisum/arm_ws/install/x:/home/thisum/arm_ws/install/robotiq_description:/home/thisum/arm_ws/install/robotiq_controllers:/home/thisum/arm_ws/install/arm_config:/home/thisum/my_ws/install/moveit_configs_utils:/home/thisum/my_ws/install/launch_param_builder:/home/thisum/arm_ws/install/moveit_configs_utils:/opt/ros/humble:/home/thisum/arm_ws/install/new_full_arm:/home/thisum/arm_ws/install/moveit_resources_prbt_support:/home/thisum/arm_ws/install/moveit_resources_pr2_description:/home/thisum/arm_ws/install/moveit_resources_panda_description:/home/thisum/arm_ws/install/moveit_resources_fanuc_description:/home/thisum/arm_ws/install/moveit_msgs:/home/thisum/arm_ws/install/moveit_common:/home/thisum/arm_ws/install/kortex_api LD_LIBRARY_PATH=/home/thisum/my_ws/src/install/moveit_task_constructor_core/lib:/home/thisum/my_ws/src/install/pilz_industrial_motion_planner/lib:/home/thisum/my_ws/src/install/moveit_ros_visualization/lib:/home/thisum/my_ws/src/install/moveit_ros_planning_interface/lib:/home/thisum/my_ws/src/install/moveit_ros_move_group/lib:/home/thisum/my_ws/src/install/moveit_ros_warehouse/lib:/home/thisum/my_ws/src/install/moveit_ros_robot_interaction/lib:/home/thisum/my_ws/src/install/moveit_planners_ompl/lib:/home/thisum/my_ws/src/install/moveit_kinematics/lib:/home/thisum/my_ws/src/install/moveit_ros_planning/lib:/home/thisum/my_ws/src/install/pilz_industrial_motion_planner_testutils/lib:/home/thisum/my_ws/src/install/moveit_simple_controller_manager/lib:/home/thisum/my_ws/src/install/moveit_ros_occupancy_map_monitor/lib:/home/thisum/my_ws/src/install/moveit_resources_prbt_ikfast_manipulator_plugin/lib:/home/thisum/my_ws/src/install/moveit_core/lib:/home/thisum/my_ws/src/install/rviz_marker_tools/lib:/home/thisum/my_ws/src/install/srdfdom/lib:/home/thisum/my_ws/src/install/moveit_task_constructor_msgs/lib:${LD_LIBRARY_PATH} PATH=/home/thisum/my_ws/src/install/moveit_core/bin:${PATH} PYTHONPATH=/home/thisum/my_ws/src/install/moveit_task_constructor_core/local/lib/python3.10/dist-packages:/home/thisum/my_ws/src/install/moveit_configs_utils/lib/python3.10/site-packages:/home/thisum/my_ws/src/install/srdfdom/local/lib/python3.10/dist-packages:/home/thisum/my_ws/src/install/moveit_task_constructor_msgs/local/lib/python3.10/dist-packages:/home/thisum/my_ws/src/install/launch_param_builder/lib/python3.10/site-packages:${PYTHONPATH} /usr/bin/cmake --install /home/thisum/my_ws/src/build/moveit_task_constructor_visualization
