[0.000000] (-) TimerEvent: {}
[0.000241] (-) JobUnselected: {'identifier': 'arm_config'}
[0.000326] (-) JobUnselected: {'identifier': 'chomp_motion_planner'}
[0.000347] (-) JobUnselected: {'identifier': 'launch_param_builder'}
[0.000811] (-) JobUnselected: {'identifier': 'moveit'}
[0.000832] (-) JobUnselected: {'identifier': 'moveit2_tutorials'}
[0.000848] (-) JobUnselected: {'identifier': 'moveit_chomp_optimizer_adapter'}
[0.000918] (-) JobUnselected: {'identifier': 'moveit_common'}
[0.000937] (-) JobUnselected: {'identifier': 'moveit_configs_utils'}
[0.001001] (-) JobUnselected: {'identifier': 'moveit_core'}
[0.001021] (-) JobUnselected: {'identifier': 'moveit_hybrid_planning'}
[0.001243] (-) JobUnselected: {'identifier': 'moveit_kinematics'}
[0.001322] (-) JobUnselected: {'identifier': 'moveit_planners'}
[0.001342] (-) JobUnselected: {'identifier': 'moveit_planners_chomp'}
[0.001413] (-) JobUnselected: {'identifier': 'moveit_planners_ompl'}
[0.001432] (-) JobUnselected: {'identifier': 'moveit_plugins'}
[0.001502] (-) JobUnselected: {'identifier': 'moveit_resources'}
[0.001521] (-) JobUnselected: {'identifier': 'moveit_resources_fanuc_description'}
[0.001593] (-) JobUnselected: {'identifier': 'moveit_resources_fanuc_moveit_config'}
[0.001613] (-) JobUnselected: {'identifier': 'moveit_resources_panda_description'}
[0.001629] (-) JobUnselected: {'identifier': 'moveit_resources_panda_moveit_config'}
[0.002058] (-) JobUnselected: {'identifier': 'moveit_resources_pr2_description'}
[0.002083] (-) JobUnselected: {'identifier': 'moveit_resources_prbt_ikfast_manipulator_plugin'}
[0.002098] (-) JobUnselected: {'identifier': 'moveit_resources_prbt_moveit_config'}
[0.002112] (-) JobUnselected: {'identifier': 'moveit_resources_prbt_pg70_support'}
[0.002124] (-) JobUnselected: {'identifier': 'moveit_resources_prbt_support'}
[0.002137] (-) JobUnselected: {'identifier': 'moveit_ros'}
[0.002150] (-) JobUnselected: {'identifier': 'moveit_ros_benchmarks'}
[0.002163] (-) JobUnselected: {'identifier': 'moveit_ros_control_interface'}
[0.002177] (-) JobUnselected: {'identifier': 'moveit_ros_move_group'}
[0.002191] (-) JobUnselected: {'identifier': 'moveit_ros_occupancy_map_monitor'}
[0.002204] (-) JobUnselected: {'identifier': 'moveit_ros_perception'}
[0.002217] (-) JobUnselected: {'identifier': 'moveit_ros_planning'}
[0.002229] (-) JobUnselected: {'identifier': 'moveit_ros_planning_interface'}
[0.002241] (-) JobUnselected: {'identifier': 'moveit_ros_robot_interaction'}
[0.002253] (-) JobUnselected: {'identifier': 'moveit_ros_visualization'}
[0.002266] (-) JobUnselected: {'identifier': 'moveit_ros_warehouse'}
[0.002279] (-) JobUnselected: {'identifier': 'moveit_runtime'}
[0.002291] (-) JobUnselected: {'identifier': 'moveit_servo'}
[0.002303] (-) JobUnselected: {'identifier': 'moveit_setup_app_plugins'}
[0.002315] (-) JobUnselected: {'identifier': 'moveit_setup_assistant'}
[0.002327] (-) JobUnselected: {'identifier': 'moveit_setup_controllers'}
[0.002339] (-) JobUnselected: {'identifier': 'moveit_setup_core_plugins'}
[0.002351] (-) JobUnselected: {'identifier': 'moveit_setup_framework'}
[0.002363] (-) JobUnselected: {'identifier': 'moveit_setup_srdf_plugins'}
[0.002380] (-) JobUnselected: {'identifier': 'moveit_simple_controller_manager'}
[0.002399] (-) JobUnselected: {'identifier': 'moveit_task_constructor_capabilities'}
[0.002411] (-) JobUnselected: {'identifier': 'moveit_task_constructor_core'}
[0.002423] (-) JobUnselected: {'identifier': 'moveit_task_constructor_demo'}
[0.002434] (-) JobUnselected: {'identifier': 'moveit_task_constructor_msgs'}
[0.002446] (-) JobUnselected: {'identifier': 'moveit_task_constructor_visualization'}
[0.002458] (-) JobUnselected: {'identifier': 'moveit_visual_tools'}
[0.002469] (-) JobUnselected: {'identifier': 'narm_config'}
[0.002481] (-) JobUnselected: {'identifier': 'new_full_arm'}
[0.002493] (-) JobUnselected: {'identifier': 'pilz_industrial_motion_planner'}
[0.002515] (-) JobUnselected: {'identifier': 'pilz_industrial_motion_planner_testutils'}
[0.002528] (-) JobUnselected: {'identifier': 'rosparam_shortcuts'}
[0.002551] (-) JobUnselected: {'identifier': 'rviz_marker_tools'}
[0.002564] (-) JobUnselected: {'identifier': 'srdfdom'}
[0.002576] (-) EventReactorShutdown: {}
