[0.091s] Invoking command in '/home/thisum/my_ws/build/moveit_resources_prbt_support': CMAKE_PREFIX_PATH=${CMAKE_PREFIX_PATH}:/home/thisum/my_ws/install/moveit_configs_utils:/home/thisum/my_ws/install/launch_param_builder:/opt/ros/humble /usr/bin/cmake /home/thisum/my_ws/src/moveit2/moveit_planners/test_configs/prbt_support -DCMAKE_INSTALL_PREFIX=/home/thisum/my_ws/install/moveit_resources_prbt_support
[0.135s] -- Found ament_cmake: 1.3.9 (/opt/ros/humble/share/ament_cmake/cmake)
[0.450s] -- Configuring done
[0.473s] -- Generating done
[0.476s] -- Build files have been written to: /home/thisum/my_ws/build/moveit_resources_prbt_support
[0.496s] Invoked command in '/home/thisum/my_ws/build/moveit_resources_prbt_support' returned '0': CMAKE_PREFIX_PATH=${CMAKE_PREFIX_PATH}:/home/thisum/my_ws/install/moveit_configs_utils:/home/thisum/my_ws/install/launch_param_builder:/opt/ros/humble /usr/bin/cmake /home/thisum/my_ws/src/moveit2/moveit_planners/test_configs/prbt_support -DCMAKE_INSTALL_PREFIX=/home/thisum/my_ws/install/moveit_resources_prbt_support
[0.497s] Invoking command in '/home/thisum/my_ws/build/moveit_resources_prbt_support': CMAKE_PREFIX_PATH=${CMAKE_PREFIX_PATH}:/home/thisum/my_ws/install/moveit_configs_utils:/home/thisum/my_ws/install/launch_param_builder:/opt/ros/humble /usr/bin/cmake --build /home/thisum/my_ws/build/moveit_resources_prbt_support -- -j6 -l6
[0.613s] Invoked command in '/home/thisum/my_ws/build/moveit_resources_prbt_support' returned '0': CMAKE_PREFIX_PATH=${CMAKE_PREFIX_PATH}:/home/thisum/my_ws/install/moveit_configs_utils:/home/thisum/my_ws/install/launch_param_builder:/opt/ros/humble /usr/bin/cmake --build /home/thisum/my_ws/build/moveit_resources_prbt_support -- -j6 -l6
[0.725s] Invoking command in '/home/thisum/my_ws/build/moveit_resources_prbt_support': CMAKE_PREFIX_PATH=${CMAKE_PREFIX_PATH}:/home/thisum/my_ws/install/moveit_configs_utils:/home/thisum/my_ws/install/launch_param_builder:/opt/ros/humble /usr/bin/cmake --install /home/thisum/my_ws/build/moveit_resources_prbt_support
[0.765s] -- Install configuration: "Release"
[0.765s] -- Up-to-date: /home/thisum/my_ws/install/moveit_resources_prbt_support/share/ament_index/resource_index/package_run_dependencies/moveit_resources_prbt_support
[0.765s] -- Installing: /home/thisum/my_ws/install/moveit_resources_prbt_support/share/ament_index/resource_index/parent_prefix_path/moveit_resources_prbt_support
[0.766s] -- Up-to-date: /home/thisum/my_ws/install/moveit_resources_prbt_support/share/moveit_resources_prbt_support/environment/ament_prefix_path.sh
[0.767s] -- Installing: /home/thisum/my_ws/install/moveit_resources_prbt_support/share/moveit_resources_prbt_support/environment/ament_prefix_path.dsv
[0.768s] -- Up-to-date: /home/thisum/my_ws/install/moveit_resources_prbt_support/share/moveit_resources_prbt_support/environment/path.sh
[0.769s] -- Installing: /home/thisum/my_ws/install/moveit_resources_prbt_support/share/moveit_resources_prbt_support/environment/path.dsv
[0.769s] -- Up-to-date: /home/thisum/my_ws/install/moveit_resources_prbt_support/share/moveit_resources_prbt_support/local_setup.bash
[0.769s] -- Up-to-date: /home/thisum/my_ws/install/moveit_resources_prbt_support/share/moveit_resources_prbt_support/local_setup.sh
[0.769s] -- Up-to-date: /home/thisum/my_ws/install/moveit_resources_prbt_support/share/moveit_resources_prbt_support/local_setup.zsh
[0.769s] -- Installing: /home/thisum/my_ws/install/moveit_resources_prbt_support/share/moveit_resources_prbt_support/local_setup.dsv
[0.770s] -- Installing: /home/thisum/my_ws/install/moveit_resources_prbt_support/share/moveit_resources_prbt_support/package.dsv
[0.771s] -- Up-to-date: /home/thisum/my_ws/install/moveit_resources_prbt_support/share/ament_index/resource_index/packages/moveit_resources_prbt_support
[0.773s] -- Up-to-date: /home/thisum/my_ws/install/moveit_resources_prbt_support/share/moveit_resources_prbt_support/cmake/moveit_resources_prbt_supportConfig.cmake
[0.773s] -- Up-to-date: /home/thisum/my_ws/install/moveit_resources_prbt_support/share/moveit_resources_prbt_support/cmake/moveit_resources_prbt_supportConfig-version.cmake
[0.773s] -- Up-to-date: /home/thisum/my_ws/install/moveit_resources_prbt_support/share/moveit_resources_prbt_support/package.xml
[0.774s] -- Up-to-date: /home/thisum/my_ws/install/moveit_resources_prbt_support/share/moveit_resources_prbt_support/urdf
[0.776s] -- Up-to-date: /home/thisum/my_ws/install/moveit_resources_prbt_support/share/moveit_resources_prbt_support/urdf/simple_gripper_brackets.urdf.xacro
[0.776s] -- Up-to-date: /home/thisum/my_ws/install/moveit_resources_prbt_support/share/moveit_resources_prbt_support/urdf/prbt.xacro
[0.776s] -- Up-to-date: /home/thisum/my_ws/install/moveit_resources_prbt_support/share/moveit_resources_prbt_support/urdf/prbt_macro.xacro
[0.777s] -- Up-to-date: /home/thisum/my_ws/install/moveit_resources_prbt_support/share/moveit_resources_prbt_support/urdf/prbt.ros2_control.xacro
[0.777s] -- Up-to-date: /home/thisum/my_ws/install/moveit_resources_prbt_support/share/moveit_resources_prbt_support/meshes
[0.781s] -- Up-to-date: /home/thisum/my_ws/install/moveit_resources_prbt_support/share/moveit_resources_prbt_support/meshes/link_4.dae
[0.781s] -- Up-to-date: /home/thisum/my_ws/install/moveit_resources_prbt_support/share/moveit_resources_prbt_support/meshes/link_5.stl
[0.781s] -- Up-to-date: /home/thisum/my_ws/install/moveit_resources_prbt_support/share/moveit_resources_prbt_support/meshes/link_2.stl
[0.781s] -- Up-to-date: /home/thisum/my_ws/install/moveit_resources_prbt_support/share/moveit_resources_prbt_support/meshes/foot.dae
[0.781s] -- Up-to-date: /home/thisum/my_ws/install/moveit_resources_prbt_support/share/moveit_resources_prbt_support/meshes/link_5.dae
[0.781s] -- Up-to-date: /home/thisum/my_ws/install/moveit_resources_prbt_support/share/moveit_resources_prbt_support/meshes/link_3.stl
[0.781s] -- Up-to-date: /home/thisum/my_ws/install/moveit_resources_prbt_support/share/moveit_resources_prbt_support/meshes/link_1.dae
[0.781s] -- Up-to-date: /home/thisum/my_ws/install/moveit_resources_prbt_support/share/moveit_resources_prbt_support/meshes/flange.stl
[0.782s] -- Up-to-date: /home/thisum/my_ws/install/moveit_resources_prbt_support/share/moveit_resources_prbt_support/meshes/link_3.dae
[0.782s] -- Up-to-date: /home/thisum/my_ws/install/moveit_resources_prbt_support/share/moveit_resources_prbt_support/meshes/foot.stl
[0.782s] -- Up-to-date: /home/thisum/my_ws/install/moveit_resources_prbt_support/share/moveit_resources_prbt_support/meshes/flange.dae
[0.783s] -- Up-to-date: /home/thisum/my_ws/install/moveit_resources_prbt_support/share/moveit_resources_prbt_support/meshes/link_2.dae
[0.784s] -- Up-to-date: /home/thisum/my_ws/install/moveit_resources_prbt_support/share/moveit_resources_prbt_support/meshes/link_4.stl
[0.784s] -- Up-to-date: /home/thisum/my_ws/install/moveit_resources_prbt_support/share/moveit_resources_prbt_support/meshes/link_1.stl
[0.784s] -- Up-to-date: /home/thisum/my_ws/install/moveit_resources_prbt_support/share/moveit_resources_prbt_support/config
[0.797s] -- Up-to-date: /home/thisum/my_ws/install/moveit_resources_prbt_support/share/moveit_resources_prbt_support/config/manipulator_controller.yaml
[0.797s] -- Up-to-date: /home/thisum/my_ws/install/moveit_resources_prbt_support/share/moveit_resources_prbt_support/config/manipulator_driver.yaml
[0.797s] -- Up-to-date: /home/thisum/my_ws/install/moveit_resources_prbt_support/share/moveit_resources_prbt_support/config/prbt_0_1.dcf
[0.829s] Invoked command in '/home/thisum/my_ws/build/moveit_resources_prbt_support' returned '0': CMAKE_PREFIX_PATH=${CMAKE_PREFIX_PATH}:/home/thisum/my_ws/install/moveit_configs_utils:/home/thisum/my_ws/install/launch_param_builder:/opt/ros/humble /usr/bin/cmake --install /home/thisum/my_ws/build/moveit_resources_prbt_support
