[0.013s] Invoking command in '/home/thisum/my_ws/build/rosparam_shortcuts': CMAKE_PREFIX_PATH=/opt/ros/humble /usr/bin/cmake --build /home/thisum/my_ws/build/rosparam_shortcuts -- -j6 -l6
[0.098s] [35m[1mConsolidate compiler generated dependencies of target gtest_main[0m
[0.099s] [35m[1mConsolidate compiler generated dependencies of target gtest[0m
[0.101s] [35m[1mConsolidate compiler generated dependencies of target rosparam_shortcuts[0m
[0.120s] [ 30%] Built target gtest
[0.120s] [ 30%] Built target gtest_main
[0.158s] [ 53%] Built target rosparam_shortcuts
[0.186s] [35m[1mConsolidate compiler generated dependencies of target rosparam_shortcuts_example[0m
[0.186s] [35m[1mConsolidate compiler generated dependencies of target rosparam_shortcuts_node_parameters_example[0m
[0.186s] [35m[1mConsolidate compiler generated dependencies of target test_node_parameters[0m
[0.217s] [100%] Built target test_node_parameters
[0.217s] [100%] Built target rosparam_shortcuts_node_parameters_example
[0.217s] [100%] Built target rosparam_shortcuts_example
[0.233s] Invoked command in '/home/thisum/my_ws/build/rosparam_shortcuts' returned '0': CMAKE_PREFIX_PATH=/opt/ros/humble /usr/bin/cmake --build /home/thisum/my_ws/build/rosparam_shortcuts -- -j6 -l6
[0.314s] Invoking command in '/home/thisum/my_ws/build/rosparam_shortcuts': CMAKE_PREFIX_PATH=/opt/ros/humble /usr/bin/cmake --install /home/thisum/my_ws/build/rosparam_shortcuts
[0.326s] -- Install configuration: "Release"
[0.329s] -- Up-to-date: /home/thisum/my_ws/install/rosparam_shortcuts/lib/librosparam_shortcuts.so
[0.332s] -- Up-to-date: /home/thisum/my_ws/install/rosparam_shortcuts/lib/rosparam_shortcuts/example
[0.334s] -- Up-to-date: /home/thisum/my_ws/install/rosparam_shortcuts/lib/rosparam_shortcuts/node_parameters_example
[0.334s] -- Up-to-date: /home/thisum/my_ws/install/rosparam_shortcuts/include
[0.335s] -- Up-to-date: /home/thisum/my_ws/install/rosparam_shortcuts/include/rosparam_shortcuts
[0.336s] -- Up-to-date: /home/thisum/my_ws/install/rosparam_shortcuts/include/rosparam_shortcuts/node_parameters.h
[0.336s] -- Up-to-date: /home/thisum/my_ws/install/rosparam_shortcuts/include/rosparam_shortcuts/rosparam_shortcuts.h
[0.337s] -- Up-to-date: /home/thisum/my_ws/install/rosparam_shortcuts/share/rosparam_shortcuts/launch
[0.353s] -- Up-to-date: /home/thisum/my_ws/install/rosparam_shortcuts/share/rosparam_shortcuts/launch/example.launch.py
[0.355s] -- Up-to-date: /home/thisum/my_ws/install/rosparam_shortcuts/share/rosparam_shortcuts/config
[0.355s] -- Up-to-date: /home/thisum/my_ws/install/rosparam_shortcuts/share/rosparam_shortcuts/config/example.yaml
[0.357s] -- Up-to-date: /home/thisum/my_ws/install/rosparam_shortcuts/share/rosparam_shortcuts/environment/library_path.sh
[0.359s] -- Up-to-date: /home/thisum/my_ws/install/rosparam_shortcuts/share/rosparam_shortcuts/environment/library_path.dsv
[0.359s] -- Up-to-date: /home/thisum/my_ws/install/rosparam_shortcuts/share/ament_index/resource_index/package_run_dependencies/rosparam_shortcuts
[0.359s] -- Up-to-date: /home/thisum/my_ws/install/rosparam_shortcuts/share/ament_index/resource_index/parent_prefix_path/rosparam_shortcuts
[0.359s] -- Up-to-date: /home/thisum/my_ws/install/rosparam_shortcuts/share/rosparam_shortcuts/environment/ament_prefix_path.sh
[0.359s] -- Up-to-date: /home/thisum/my_ws/install/rosparam_shortcuts/share/rosparam_shortcuts/environment/ament_prefix_path.dsv
[0.359s] -- Up-to-date: /home/thisum/my_ws/install/rosparam_shortcuts/share/rosparam_shortcuts/environment/path.sh
[0.360s] -- Up-to-date: /home/thisum/my_ws/install/rosparam_shortcuts/share/rosparam_shortcuts/environment/path.dsv
[0.360s] -- Up-to-date: /home/thisum/my_ws/install/rosparam_shortcuts/share/rosparam_shortcuts/local_setup.bash
[0.360s] -- Up-to-date: /home/thisum/my_ws/install/rosparam_shortcuts/share/rosparam_shortcuts/local_setup.sh
[0.360s] -- Up-to-date: /home/thisum/my_ws/install/rosparam_shortcuts/share/rosparam_shortcuts/local_setup.zsh
[0.360s] -- Up-to-date: /home/thisum/my_ws/install/rosparam_shortcuts/share/rosparam_shortcuts/local_setup.dsv
[0.360s] -- Installing: /home/thisum/my_ws/install/rosparam_shortcuts/share/rosparam_shortcuts/package.dsv
[0.360s] -- Up-to-date: /home/thisum/my_ws/install/rosparam_shortcuts/share/ament_index/resource_index/packages/rosparam_shortcuts
[0.360s] -- Up-to-date: /home/thisum/my_ws/install/rosparam_shortcuts/share/rosparam_shortcuts/cmake/export_rosparam_shortcutsExport.cmake
[0.360s] -- Up-to-date: /home/thisum/my_ws/install/rosparam_shortcuts/share/rosparam_shortcuts/cmake/export_rosparam_shortcutsExport-release.cmake
[0.360s] -- Up-to-date: /home/thisum/my_ws/install/rosparam_shortcuts/share/rosparam_shortcuts/cmake/ament_cmake_export_targets-extras.cmake
[0.361s] -- Up-to-date: /home/thisum/my_ws/install/rosparam_shortcuts/share/rosparam_shortcuts/cmake/ament_cmake_export_dependencies-extras.cmake
[0.362s] -- Up-to-date: /home/thisum/my_ws/install/rosparam_shortcuts/share/rosparam_shortcuts/cmake/rosparam_shortcutsConfig.cmake
[0.362s] -- Up-to-date: /home/thisum/my_ws/install/rosparam_shortcuts/share/rosparam_shortcuts/cmake/rosparam_shortcutsConfig-version.cmake
[0.362s] -- Up-to-date: /home/thisum/my_ws/install/rosparam_shortcuts/share/rosparam_shortcuts/package.xml
[0.363s] Invoked command in '/home/thisum/my_ws/build/rosparam_shortcuts' returned '0': CMAKE_PREFIX_PATH=/opt/ros/humble /usr/bin/cmake --install /home/thisum/my_ws/build/rosparam_shortcuts
