[0.035s] Invoking command in '/home/thisum/my_ws/src/build/moveit_core': AMENT_PREFIX_PATH=/home/thisum/my_ws/src/install/moveit_resources_panda_moveit_config:/home/thisum/my_ws/src/install/srdfdom:/home/thisum/my_ws/src/install/moveit_resources_pr2_description:/home/thisum/my_ws/src/install/moveit_resources_panda_description:/home/thisum/my_ws/src/install/moveit_common:${AMENT_PREFIX_PATH} CMAKE_PREFIX_PATH=/home/thisum/my_ws/src/install/moveit_resources_panda_moveit_config:/home/thisum/my_ws/src/install/srdfdom:/home/thisum/my_ws/src/install/moveit_resources_pr2_description:/home/thisum/my_ws/src/install/moveit_resources_panda_description:/home/thisum/my_ws/src/install/moveit_common:/home/thisum/my_ws/install/pilz_industrial_motion_planner_testutils:/home/thisum/my_ws/install/moveit_runtime:/home/thisum/my_ws/install/moveit2_tutorials:/home/thisum/my_ws/install/moveit:/home/thisum/my_ws/install/arm_config:/home/thisum/my_ws/install/moveit_planners:/home/thisum/my_ws/install/pilz_industrial_motion_planner:/home/thisum/my_ws/install/moveit_visual_tools:/home/thisum/my_ws/install/moveit_task_constructor_visualization:/home/thisum/my_ws/install/moveit_task_constructor_demo:/home/thisum/my_ws/install/moveit_task_constructor_capabilities:/home/thisum/my_ws/install/moveit_task_constructor_core:/home/thisum/my_ws/install/moveit_ros_control_interface:/home/thisum/my_ws/install/moveit_plugins:/home/thisum/my_ws/install/moveit_simple_controller_manager:/home/thisum/my_ws/install/moveit_setup_assistant:/home/thisum/my_ws/install/moveit_setup_srdf_plugins:/home/thisum/my_ws/install/moveit_setup_core_plugins:/home/thisum/my_ws/install/moveit_setup_controllers:/home/thisum/my_ws/install/moveit_setup_app_plugins:/home/thisum/my_ws/install/moveit_setup_framework:/home/thisum/my_ws/install/moveit_servo:/home/thisum/my_ws/install/moveit_ros:/home/thisum/my_ws/install/moveit_ros_visualization:/home/thisum/my_ws/install/moveit_hybrid_planning:/home/thisum/my_ws/install/moveit_ros_planning_interface:/home/thisum/my_ws/install/moveit_ros_benchmarks:/home/thisum/my_ws/install/moveit_ros_warehouse:/home/thisum/my_ws/install/moveit_ros_robot_interaction:/home/thisum/my_ws/install/moveit_ros_perception:/home/thisum/my_ws/install/moveit_resources_prbt_pg70_support:/home/thisum/my_ws/install/moveit_resources_prbt_moveit_config:/home/thisum/my_ws/install/moveit_ros_move_group:/home/thisum/my_ws/install/moveit_planners_ompl:/home/thisum/my_ws/install/moveit_ros_planning:/home/thisum/my_ws/install/moveit_ros_occupancy_map_monitor:/home/thisum/my_ws/install/moveit_resources_prbt_ikfast_manipulator_plugin:/home/thisum/my_ws/install/moveit_planners_chomp:/home/thisum/my_ws/install/moveit_kinematics:/home/thisum/my_ws/install/moveit_chomp_optimizer_adapter:/home/thisum/my_ws/install/chomp_motion_planner:/home/thisum/my_ws/install/moveit_core:/home/thisum/my_ws/install/srdfdom:/home/thisum/my_ws/install/rviz_marker_tools:/home/thisum/my_ws/install/rosparam_shortcuts:/home/thisum/my_ws/install/new_full_arm:/home/thisum/my_ws/install/moveit_task_constructor_msgs:/home/thisum/my_ws/install/moveit_resources_prbt_support:/home/thisum/my_ws/install/moveit_resources:/home/thisum/my_ws/install/moveit_resources_pr2_description:/home/thisum/my_ws/install/moveit_resources_panda_moveit_config:/home/thisum/my_ws/install/moveit_resources_panda_description:/home/thisum/my_ws/install/moveit_resources_fanuc_moveit_config:/home/thisum/my_ws/install/moveit_resources_fanuc_description:/home/thisum/my_ws/install/moveit_common:/home/thisum/arm_ws/install/x:/home/thisum/arm_ws/install/robotiq_description:/home/thisum/arm_ws/install/robotiq_controllers:/home/thisum/arm_ws/install/arm_config:/home/thisum/my_ws/install/moveit_configs_utils:/home/thisum/my_ws/install/launch_param_builder:/home/thisum/arm_ws/install/moveit_configs_utils:/opt/ros/humble:/home/thisum/arm_ws/install/new_full_arm:/home/thisum/arm_ws/install/moveit_resources_prbt_support:/home/thisum/arm_ws/install/moveit_resources_pr2_description:/home/thisum/arm_ws/install/moveit_resources_panda_description:/home/thisum/arm_ws/install/moveit_resources_fanuc_description:/home/thisum/arm_ws/install/moveit_msgs:/home/thisum/arm_ws/install/moveit_common:/home/thisum/arm_ws/install/kortex_api LD_LIBRARY_PATH=/home/thisum/my_ws/src/install/srdfdom/lib:${LD_LIBRARY_PATH} PYTHONPATH=/home/thisum/my_ws/src/install/srdfdom/local/lib/python3.10/dist-packages:${PYTHONPATH} /usr/bin/cmake /home/thisum/my_ws/src/moveit2/moveit_core -DCMAKE_BUILD_TYPE=Release -DCMAKE_INSTALL_PREFIX=/home/thisum/my_ws/src/install/moveit_core
[0.149s] -- The CXX compiler identification is GNU 11.4.0
[0.162s] -- Detecting CXX compiler ABI info
[0.301s] -- Detecting CXX compiler ABI info - done
[0.307s] -- Check for working CXX compiler: /usr/bin/c++ - skipped
[0.307s] -- Detecting CXX compile features
[0.308s] -- Detecting CXX compile features - done
[0.314s] -- Found moveit_common: 2.5.5 (/home/thisum/my_ws/src/install/moveit_common/share/moveit_common/cmake)
[0.324s] -- Found ament_cmake: 1.3.9 (/opt/ros/humble/share/ament_cmake/cmake)
[0.539s] -- Found Python3: /usr/bin/python3 (found version "3.10.12") found components: Interpreter 
[0.854s] -- Found libdw: /usr/lib/x86_64-linux-gnu/libdw.so  
[0.861s] -- Could NOT find libbfd (missing: LIBBFD_LIBRARY LIBBFD_INCLUDE_DIR) 
[0.862s] -- BACKWARD_HAS_UNWIND=1
[0.862s] -- BACKWARD_HAS_BACKTRACE=0
[0.862s] -- BACKWARD_HAS_BACKTRACE_SYMBOL=0
[0.862s] -- BACKWARD_HAS_DW=1
[0.862s] -- BACKWARD_HAS_BFD=0
[0.862s] -- Found Backward: /opt/ros/humble/share/backward_ros/cmake  
[0.874s] -- Found angles: 1.15.0 (/opt/ros/humble/share/angles/cmake)
[0.915s] -- Found Bullet: /usr/lib/x86_64-linux-gnu/libBulletDynamics.so (Required is at least version "2.87") 
[0.929s] -- Found common_interfaces: 4.2.4 (/opt/ros/humble/share/common_interfaces/cmake)
[0.939s] -- Found eigen_stl_containers: 1.0.0 (/opt/ros/humble/share/eigen_stl_containers/cmake)
[0.967s] -- Found eigen3_cmake_module: 0.1.1 (/opt/ros/humble/share/eigen3_cmake_module/cmake)
[0.991s] -- Found Eigen3: TRUE (found version "3.4.0") 
[1.016s] -- Found generate_parameter_library: 0.3.8 (/opt/ros/humble/share/generate_parameter_library/cmake)
[1.040s] -- Found parameter_traits: 0.3.8 (/opt/ros/humble/share/parameter_traits/cmake)
[1.200s] -- Found rosidl_generator_c: 3.1.5 (/opt/ros/humble/share/rosidl_generator_c/cmake)
[1.223s] -- Found rosidl_adapter: 3.1.5 (/opt/ros/humble/share/rosidl_adapter/cmake)
[1.249s] -- Found rosidl_generator_cpp: 3.1.5 (/opt/ros/humble/share/rosidl_generator_cpp/cmake)
[1.284s] -- Using all available rosidl_typesupport_c: rosidl_typesupport_fastrtps_c;rosidl_typesupport_introspection_c
[1.335s] -- Using all available rosidl_typesupport_cpp: rosidl_typesupport_fastrtps_cpp;rosidl_typesupport_introspection_cpp
[1.500s] -- Found rmw_implementation_cmake: 6.1.2 (/opt/ros/humble/share/rmw_implementation_cmake/cmake)
[1.514s] -- Found rmw_fastrtps_cpp: 6.2.6 (/opt/ros/humble/share/rmw_fastrtps_cpp/cmake)
[1.763s] -- Found OpenSSL: /usr/lib/x86_64-linux-gnu/libcrypto.so (found version "3.0.2")  
[1.812s] -- Found FastRTPS: /opt/ros/humble/include  
[1.897s] -- Using RMW implementation 'rmw_fastrtps_cpp' as default
[1.942s] -- Looking for C++ include pthread.h
[2.121s] -- Looking for C++ include pthread.h - found
[2.121s] -- Performing Test CMAKE_HAVE_LIBC_PTHREAD
[2.307s] -- Performing Test CMAKE_HAVE_LIBC_PTHREAD - Success
[2.311s] -- Found Threads: TRUE  
[2.562s] -- Found rclcpp_lifecycle: 16.0.9 (/opt/ros/humble/share/rclcpp_lifecycle/cmake)
[2.641s] -- Found geometric_shapes: 2.1.3 (/opt/ros/humble/share/geometric_shapes/cmake)
[2.687s] -- Found Boost: /usr/lib/x86_64-linux-gnu/cmake/Boost-1.74.0/BoostConfig.cmake (found version "1.74.0") found components: filesystem 
[3.004s] -- library: /usr/lib/x86_64-linux-gnu/libcurl.so
[3.317s] -- Found kdl_parser: 2.6.4 (/opt/ros/humble/share/kdl_parser/cmake)
[3.355s] -- Ensuring Eigen3 include directory is part of orocos-kdl CMake target
[3.378s] -- Found moveit_msgs: 2.2.1 (/opt/ros/humble/share/moveit_msgs/cmake)
[4.021s] -- Found pluginlib: 5.1.0 (/opt/ros/humble/share/pluginlib/cmake)
[4.092s] -- Found srdfdom: 2.0.4 (/home/thisum/my_ws/src/install/srdfdom/share/srdfdom/cmake)
[4.148s] -- Found tf2_eigen: 0.25.7 (/opt/ros/humble/share/tf2_eigen/cmake)
[4.500s] -- Found tf2_geometry_msgs: 0.25.7 (/opt/ros/humble/share/tf2_geometry_msgs/cmake)
[4.529s] -- Found tf2_kdl: 0.25.7 (/opt/ros/humble/share/tf2_kdl/cmake)
[4.682s] -- Found Boost: /usr/lib/x86_64-linux-gnu/cmake/Boost-1.74.0/BoostConfig.cmake (found version "1.74.0") found components: chrono date_time filesystem iostreams program_options regex serialization system thread 
[4.683s] --  *** Building MoveIt 2.5.5-Alpha ***
[4.690s] -- Performing Test COMPILER_HAS_HIDDEN_VISIBILITY
[4.864s] -- Performing Test COMPILER_HAS_HIDDEN_VISIBILITY - Success
[4.864s] -- Performing Test COMPILER_HAS_HIDDEN_INLINE_VISIBILITY
[5.036s] -- Performing Test COMPILER_HAS_HIDDEN_INLINE_VISIBILITY - Success
[5.036s] -- Performing Test COMPILER_HAS_DEPRECATED_ATTR
[5.200s] -- Performing Test COMPILER_HAS_DEPRECATED_ATTR - Success
[5.238s] -- Found ament_cmake_gtest: 1.3.9 (/opt/ros/humble/share/ament_cmake_gtest/cmake)
[5.253s] -- Found gtest sources under '/opt/ros/humble/src/gtest_vendor': C++ tests using 'Google Test' will be built
[5.315s] -- The C compiler identification is GNU 11.4.0
[5.329s] -- Detecting C compiler ABI info
[5.481s] -- Detecting C compiler ABI info - done
[5.487s] -- Check for working C compiler: /usr/bin/cc - skipped
[5.487s] -- Detecting C compile features
[5.487s] -- Detecting C compile features - done
[5.533s] -- Found ament_cmake_gmock: 1.3.9 (/opt/ros/humble/share/ament_cmake_gmock/cmake)
[5.552s] -- Found gmock sources under '/opt/ros/humble/src/gmock_vendor': C++ tests using 'Google Mock' will be built
[5.556s] -- Found ament_cmake_gtest: 1.3.9 (/opt/ros/humble/share/ament_cmake_gtest/cmake)
[5.557s] -- Found gtest sources under '/opt/ros/humble/src/gtest_vendor': C++ tests using 'Google Test' will be built
[5.583s] -- Found ament_cmake_gtest: 1.3.9 (/opt/ros/humble/share/ament_cmake_gtest/cmake)
[5.584s] -- Found gtest sources under '/opt/ros/humble/src/gtest_vendor': C++ tests using 'Google Test' will be built
[5.664s] -- Found ament_cmake_gtest: 1.3.9 (/opt/ros/humble/share/ament_cmake_gtest/cmake)
[5.665s] -- Found gtest sources under '/opt/ros/humble/src/gtest_vendor': C++ tests using 'Google Test' will be built
[5.699s] -- Found ament_lint_auto: 0.12.11 (/opt/ros/humble/share/ament_lint_auto/cmake)
[5.700s] -- Found ament_cmake_gtest: 1.3.9 (/opt/ros/humble/share/ament_cmake_gtest/cmake)
[5.700s] -- Found gtest sources under '/opt/ros/humble/src/gtest_vendor': C++ tests using 'Google Test' will be built
[5.746s] -- Found ament_cmake_gtest: 1.3.9 (/opt/ros/humble/share/ament_cmake_gtest/cmake)
[5.747s] -- Found gtest sources under '/opt/ros/humble/src/gtest_vendor': C++ tests using 'Google Test' will be built
[5.780s] -- Found ament_cmake_gtest: 1.3.9 (/opt/ros/humble/share/ament_cmake_gtest/cmake)
[5.781s] -- Found gtest sources under '/opt/ros/humble/src/gtest_vendor': C++ tests using 'Google Test' will be built
[5.803s] -- Found ament_cmake_gtest: 1.3.9 (/opt/ros/humble/share/ament_cmake_gtest/cmake)
[5.804s] -- Found gtest sources under '/opt/ros/humble/src/gtest_vendor': C++ tests using 'Google Test' will be built
[5.822s] -- Found gtest sources under '/opt/ros/humble/src/gtest_vendor': C++ tests using 'Google Test' will be built
[5.846s] -- Found gtest sources under '/opt/ros/humble/src/gtest_vendor': C++ tests using 'Google Test' will be built
[5.874s] -- Found ament_cmake_gtest: 1.3.9 (/opt/ros/humble/share/ament_cmake_gtest/cmake)
[5.876s] -- Found gtest sources under '/opt/ros/humble/src/gtest_vendor': C++ tests using 'Google Test' will be built
[5.980s] -- Found gtest sources under '/opt/ros/humble/src/gtest_vendor': C++ tests using 'Google Test' will be built
[6.035s] -- Found gtest sources under '/opt/ros/humble/src/gtest_vendor': C++ tests using 'Google Test' will be built
[6.079s] -- Found gtest sources under '/opt/ros/humble/src/gtest_vendor': C++ tests using 'Google Test' will be built
[6.086s] -- Found ament_lint_auto: 0.12.11 (/opt/ros/humble/share/ament_lint_auto/cmake)
[6.173s] -- Added test 'cppcheck' to perform static code analysis on C / C++ code
[6.174s] -- Configured cppcheck include dirs: /home/thisum/my_ws/src/moveit2/moveit_core/exceptions/include;/home/thisum/my_ws/src/moveit2/moveit_core/collision_detection/include;/home/thisum/my_ws/src/moveit2/moveit_core/collision_detection_fcl/include;/home/thisum/my_ws/src/moveit2/moveit_core/collision_detection_bullet/include;/home/thisum/my_ws/src/moveit2/moveit_core/constraint_samplers/include;/home/thisum/my_ws/src/moveit2/moveit_core/controller_manager/include;/home/thisum/my_ws/src/moveit2/moveit_core/distance_field/include;/home/thisum/my_ws/src/moveit2/moveit_core/collision_distance_field/include;/home/thisum/my_ws/src/moveit2/moveit_core/dynamics_solver/include;/home/thisum/my_ws/src/moveit2/moveit_core/kinematics_base/include;/home/thisum/my_ws/src/moveit2/moveit_core/kinematics_metrics/include;/home/thisum/my_ws/src/moveit2/moveit_core/robot_model/include;/home/thisum/my_ws/src/moveit2/moveit_core/transforms/include;/home/thisum/my_ws/src/moveit2/moveit_core/robot_state/include;/home/thisum/my_ws/src/moveit2/moveit_core/robot_trajectory/include;/home/thisum/my_ws/src/moveit2/moveit_core/kinematic_constraints/include;/home/thisum/my_ws/src/moveit2/moveit_core/macros/include;/home/thisum/my_ws/src/moveit2/moveit_core/online_signal_smoothing/include;/home/thisum/my_ws/src/moveit2/moveit_core/planning_interface/include;/home/thisum/my_ws/src/moveit2/moveit_core/planning_request_adapter/include;/home/thisum/my_ws/src/moveit2/moveit_core/planning_scene/include;/home/thisum/my_ws/src/moveit2/moveit_core/sensor_manager/include;/home/thisum/my_ws/src/moveit2/moveit_core/trajectory_processing/include;/home/thisum/my_ws/src/moveit2/moveit_core/utils/include
[6.174s] -- Configured cppcheck exclude dirs and/or files: 
[6.180s] -- Added test 'pep257' to check Python code against some of the docstring style conventions in PEP 257
[6.185s] -- Added test 'xmllint' to check XML markup files
[6.190s] -- Configuring done
[7.095s] -- Generating done
[7.108s] -- Build files have been written to: /home/thisum/my_ws/src/build/moveit_core
[7.158s] Invoked command in '/home/thisum/my_ws/src/build/moveit_core' returned '0': AMENT_PREFIX_PATH=/home/thisum/my_ws/src/install/moveit_resources_panda_moveit_config:/home/thisum/my_ws/src/install/srdfdom:/home/thisum/my_ws/src/install/moveit_resources_pr2_description:/home/thisum/my_ws/src/install/moveit_resources_panda_description:/home/thisum/my_ws/src/install/moveit_common:${AMENT_PREFIX_PATH} CMAKE_PREFIX_PATH=/home/thisum/my_ws/src/install/moveit_resources_panda_moveit_config:/home/thisum/my_ws/src/install/srdfdom:/home/thisum/my_ws/src/install/moveit_resources_pr2_description:/home/thisum/my_ws/src/install/moveit_resources_panda_description:/home/thisum/my_ws/src/install/moveit_common:/home/thisum/my_ws/install/pilz_industrial_motion_planner_testutils:/home/thisum/my_ws/install/moveit_runtime:/home/thisum/my_ws/install/moveit2_tutorials:/home/thisum/my_ws/install/moveit:/home/thisum/my_ws/install/arm_config:/home/thisum/my_ws/install/moveit_planners:/home/thisum/my_ws/install/pilz_industrial_motion_planner:/home/thisum/my_ws/install/moveit_visual_tools:/home/thisum/my_ws/install/moveit_task_constructor_visualization:/home/thisum/my_ws/install/moveit_task_constructor_demo:/home/thisum/my_ws/install/moveit_task_constructor_capabilities:/home/thisum/my_ws/install/moveit_task_constructor_core:/home/thisum/my_ws/install/moveit_ros_control_interface:/home/thisum/my_ws/install/moveit_plugins:/home/thisum/my_ws/install/moveit_simple_controller_manager:/home/thisum/my_ws/install/moveit_setup_assistant:/home/thisum/my_ws/install/moveit_setup_srdf_plugins:/home/thisum/my_ws/install/moveit_setup_core_plugins:/home/thisum/my_ws/install/moveit_setup_controllers:/home/thisum/my_ws/install/moveit_setup_app_plugins:/home/thisum/my_ws/install/moveit_setup_framework:/home/thisum/my_ws/install/moveit_servo:/home/thisum/my_ws/install/moveit_ros:/home/thisum/my_ws/install/moveit_ros_visualization:/home/thisum/my_ws/install/moveit_hybrid_planning:/home/thisum/my_ws/install/moveit_ros_planning_interface:/home/thisum/my_ws/install/moveit_ros_benchmarks:/home/thisum/my_ws/install/moveit_ros_warehouse:/home/thisum/my_ws/install/moveit_ros_robot_interaction:/home/thisum/my_ws/install/moveit_ros_perception:/home/thisum/my_ws/install/moveit_resources_prbt_pg70_support:/home/thisum/my_ws/install/moveit_resources_prbt_moveit_config:/home/thisum/my_ws/install/moveit_ros_move_group:/home/thisum/my_ws/install/moveit_planners_ompl:/home/thisum/my_ws/install/moveit_ros_planning:/home/thisum/my_ws/install/moveit_ros_occupancy_map_monitor:/home/thisum/my_ws/install/moveit_resources_prbt_ikfast_manipulator_plugin:/home/thisum/my_ws/install/moveit_planners_chomp:/home/thisum/my_ws/install/moveit_kinematics:/home/thisum/my_ws/install/moveit_chomp_optimizer_adapter:/home/thisum/my_ws/install/chomp_motion_planner:/home/thisum/my_ws/install/moveit_core:/home/thisum/my_ws/install/srdfdom:/home/thisum/my_ws/install/rviz_marker_tools:/home/thisum/my_ws/install/rosparam_shortcuts:/home/thisum/my_ws/install/new_full_arm:/home/thisum/my_ws/install/moveit_task_constructor_msgs:/home/thisum/my_ws/install/moveit_resources_prbt_support:/home/thisum/my_ws/install/moveit_resources:/home/thisum/my_ws/install/moveit_resources_pr2_description:/home/thisum/my_ws/install/moveit_resources_panda_moveit_config:/home/thisum/my_ws/install/moveit_resources_panda_description:/home/thisum/my_ws/install/moveit_resources_fanuc_moveit_config:/home/thisum/my_ws/install/moveit_resources_fanuc_description:/home/thisum/my_ws/install/moveit_common:/home/thisum/arm_ws/install/x:/home/thisum/arm_ws/install/robotiq_description:/home/thisum/arm_ws/install/robotiq_controllers:/home/thisum/arm_ws/install/arm_config:/home/thisum/my_ws/install/moveit_configs_utils:/home/thisum/my_ws/install/launch_param_builder:/home/thisum/arm_ws/install/moveit_configs_utils:/opt/ros/humble:/home/thisum/arm_ws/install/new_full_arm:/home/thisum/arm_ws/install/moveit_resources_prbt_support:/home/thisum/arm_ws/install/moveit_resources_pr2_description:/home/thisum/arm_ws/install/moveit_resources_panda_description:/home/thisum/arm_ws/install/moveit_resources_fanuc_description:/home/thisum/arm_ws/install/moveit_msgs:/home/thisum/arm_ws/install/moveit_common:/home/thisum/arm_ws/install/kortex_api LD_LIBRARY_PATH=/home/thisum/my_ws/src/install/srdfdom/lib:${LD_LIBRARY_PATH} PYTHONPATH=/home/thisum/my_ws/src/install/srdfdom/local/lib/python3.10/dist-packages:${PYTHONPATH} /usr/bin/cmake /home/thisum/my_ws/src/moveit2/moveit_core -DCMAKE_BUILD_TYPE=Release -DCMAKE_INSTALL_PREFIX=/home/thisum/my_ws/src/install/moveit_core
[7.159s] Invoking command in '/home/thisum/my_ws/src/build/moveit_core': AMENT_PREFIX_PATH=/home/thisum/my_ws/src/install/moveit_resources_panda_moveit_config:/home/thisum/my_ws/src/install/srdfdom:/home/thisum/my_ws/src/install/moveit_resources_pr2_description:/home/thisum/my_ws/src/install/moveit_resources_panda_description:/home/thisum/my_ws/src/install/moveit_common:${AMENT_PREFIX_PATH} CMAKE_PREFIX_PATH=/home/thisum/my_ws/src/install/moveit_resources_panda_moveit_config:/home/thisum/my_ws/src/install/srdfdom:/home/thisum/my_ws/src/install/moveit_resources_pr2_description:/home/thisum/my_ws/src/install/moveit_resources_panda_description:/home/thisum/my_ws/src/install/moveit_common:/home/thisum/my_ws/install/pilz_industrial_motion_planner_testutils:/home/thisum/my_ws/install/moveit_runtime:/home/thisum/my_ws/install/moveit2_tutorials:/home/thisum/my_ws/install/moveit:/home/thisum/my_ws/install/arm_config:/home/thisum/my_ws/install/moveit_planners:/home/thisum/my_ws/install/pilz_industrial_motion_planner:/home/thisum/my_ws/install/moveit_visual_tools:/home/thisum/my_ws/install/moveit_task_constructor_visualization:/home/thisum/my_ws/install/moveit_task_constructor_demo:/home/thisum/my_ws/install/moveit_task_constructor_capabilities:/home/thisum/my_ws/install/moveit_task_constructor_core:/home/thisum/my_ws/install/moveit_ros_control_interface:/home/thisum/my_ws/install/moveit_plugins:/home/thisum/my_ws/install/moveit_simple_controller_manager:/home/thisum/my_ws/install/moveit_setup_assistant:/home/thisum/my_ws/install/moveit_setup_srdf_plugins:/home/thisum/my_ws/install/moveit_setup_core_plugins:/home/thisum/my_ws/install/moveit_setup_controllers:/home/thisum/my_ws/install/moveit_setup_app_plugins:/home/thisum/my_ws/install/moveit_setup_framework:/home/thisum/my_ws/install/moveit_servo:/home/thisum/my_ws/install/moveit_ros:/home/thisum/my_ws/install/moveit_ros_visualization:/home/thisum/my_ws/install/moveit_hybrid_planning:/home/thisum/my_ws/install/moveit_ros_planning_interface:/home/thisum/my_ws/install/moveit_ros_benchmarks:/home/thisum/my_ws/install/moveit_ros_warehouse:/home/thisum/my_ws/install/moveit_ros_robot_interaction:/home/thisum/my_ws/install/moveit_ros_perception:/home/thisum/my_ws/install/moveit_resources_prbt_pg70_support:/home/thisum/my_ws/install/moveit_resources_prbt_moveit_config:/home/thisum/my_ws/install/moveit_ros_move_group:/home/thisum/my_ws/install/moveit_planners_ompl:/home/thisum/my_ws/install/moveit_ros_planning:/home/thisum/my_ws/install/moveit_ros_occupancy_map_monitor:/home/thisum/my_ws/install/moveit_resources_prbt_ikfast_manipulator_plugin:/home/thisum/my_ws/install/moveit_planners_chomp:/home/thisum/my_ws/install/moveit_kinematics:/home/thisum/my_ws/install/moveit_chomp_optimizer_adapter:/home/thisum/my_ws/install/chomp_motion_planner:/home/thisum/my_ws/install/moveit_core:/home/thisum/my_ws/install/srdfdom:/home/thisum/my_ws/install/rviz_marker_tools:/home/thisum/my_ws/install/rosparam_shortcuts:/home/thisum/my_ws/install/new_full_arm:/home/thisum/my_ws/install/moveit_task_constructor_msgs:/home/thisum/my_ws/install/moveit_resources_prbt_support:/home/thisum/my_ws/install/moveit_resources:/home/thisum/my_ws/install/moveit_resources_pr2_description:/home/thisum/my_ws/install/moveit_resources_panda_moveit_config:/home/thisum/my_ws/install/moveit_resources_panda_description:/home/thisum/my_ws/install/moveit_resources_fanuc_moveit_config:/home/thisum/my_ws/install/moveit_resources_fanuc_description:/home/thisum/my_ws/install/moveit_common:/home/thisum/arm_ws/install/x:/home/thisum/arm_ws/install/robotiq_description:/home/thisum/arm_ws/install/robotiq_controllers:/home/thisum/arm_ws/install/arm_config:/home/thisum/my_ws/install/moveit_configs_utils:/home/thisum/my_ws/install/launch_param_builder:/home/thisum/arm_ws/install/moveit_configs_utils:/opt/ros/humble:/home/thisum/arm_ws/install/new_full_arm:/home/thisum/arm_ws/install/moveit_resources_prbt_support:/home/thisum/arm_ws/install/moveit_resources_pr2_description:/home/thisum/arm_ws/install/moveit_resources_panda_description:/home/thisum/arm_ws/install/moveit_resources_fanuc_description:/home/thisum/arm_ws/install/moveit_msgs:/home/thisum/arm_ws/install/moveit_common:/home/thisum/arm_ws/install/kortex_api LD_LIBRARY_PATH=/home/thisum/my_ws/src/install/srdfdom/lib:${LD_LIBRARY_PATH} PYTHONPATH=/home/thisum/my_ws/src/install/srdfdom/local/lib/python3.10/dist-packages:${PYTHONPATH} /usr/bin/cmake --build /home/thisum/my_ws/src/build/moveit_core -- -j6 -l6
[7.276s] [  0%] [32mBuilding CXX object transforms/CMakeFiles/moveit_transforms.dir/src/transforms.cpp.o[0m
[7.280s] [  1%] [32mBuilding CXX object distance_field/CMakeFiles/moveit_distance_field.dir/src/distance_field.cpp.o[0m
[7.280s] [  1%] [32mBuilding CXX object kinematics_base/CMakeFiles/moveit_kinematics_base.dir/src/kinematics_base.cpp.o[0m
[7.287s] [  2%] [32mBuilding CXX object utils/CMakeFiles/moveit_utils.dir/src/lexical_casts.cpp.o[0m
[7.288s] [  2%] [32mBuilding CXX object gtest/CMakeFiles/gtest.dir/src/gtest-all.cc.o[0m
[7.305s] [  2%] [32mBuilding CXX object exceptions/CMakeFiles/moveit_exceptions.dir/src/exceptions.cpp.o[0m
[8.239s] [  3%] [32m[1mLinking CXX shared library libmoveit_exceptions.so[0m
[8.239s] [  3%] [32mBuilding CXX object utils/CMakeFiles/moveit_utils.dir/src/message_checks.cpp.o[0m
[8.468s] [  3%] Built target moveit_exceptions
[8.531s] [  4%] [32mBuilding CXX object gtest/CMakeFiles/gtest_main.dir/src/gtest_main.cc.o[0m
[9.530s] [  5%] [32mBuilding CXX object utils/CMakeFiles/moveit_utils.dir/src/rclcpp_utils.cpp.o[0m
[9.670s] [  5%] [32m[1mLinking CXX static library libgtest_main.a[0m
[9.820s] [  5%] Built target gtest_main
[9.914s] [  5%] [32mBuilding CXX object gmock/CMakeFiles/gmock.dir/opt/ros/humble/src/gtest_vendor/src/gtest-all.cc.o[0m
[9.954s] [  5%] [32m[1mLinking CXX shared library libmoveit_utils.so[0m
[10.833s] [  5%] Built target moveit_utils
[10.899s] [  5%] [32mBuilding CXX object gmock/CMakeFiles/gmock_main.dir/src/gmock_main.cc.o[0m
[13.387s] [  6%] [32m[1mLinking CXX static library libgmock_main.a[0m
[13.538s] [  6%] Built target gmock_main
[13.607s] [  6%] [32mBuilding CXX object online_signal_smoothing/CMakeFiles/moveit_smoothing_base.dir/src/smoothing_base_class.cpp.o[0m
[14.732s] [  7%] [32m[1mLinking CXX shared library libmoveit_kinematics_base.so[0m
[15.011s] [  7%] Built target moveit_kinematics_base
[15.129s] [  8%] [34m[1mRunning `/opt/ros/humble/bin/generate_parameter_library_cpp /home/thisum/my_ws/src/build/moveit_core/online_signal_smoothing/moveit_butterworth_parameters/include//moveit_butterworth_parameters.hpp /home/thisum/my_ws/src/moveit2/moveit_core/online_signal_smoothing/src/butterworth_parameters.yaml `[0m
[15.409s] [  8%] Built target moveit_butterworth_parameters
[15.465s] [  9%] [32mBuilding CXX object version/CMakeFiles/moveit_version.dir/version.cpp.o[0m
[15.577s] [ 10%] [32m[1mLinking CXX executable moveit_version[0m
[15.724s] [ 10%] Built target moveit_version
[15.785s] [ 11%] [32mBuilding CXX object robot_model/CMakeFiles/moveit_robot_model.dir/src/aabb.cpp.o[0m
[16.525s] [ 12%] [32m[1mLinking CXX static library libgtest.a[0m
[16.683s] [ 12%] Built target gtest
[16.715s] [ 12%] [32mBuilding CXX object robot_model/CMakeFiles/moveit_robot_model.dir/src/fixed_joint_model.cpp.o[0m
[17.867s] [ 13%] [32m[1mLinking CXX shared library libmoveit_transforms.so[0m
[17.929s] [ 13%] [32mBuilding CXX object distance_field/CMakeFiles/moveit_distance_field.dir/src/find_internal_points.cpp.o[0m
[18.006s] [ 14%] [32m[1mLinking CXX shared library libmoveit_smoothing_base.so[0m
[18.192s] [ 14%] Built target moveit_transforms
[18.238s] [ 14%] Built target moveit_smoothing_base
[18.251s] [ 14%] [32mBuilding CXX object transforms/CMakeFiles/test_transforms.dir/test/test_transforms.cpp.o[0m
[18.265s] [ 15%] [32mBuilding CXX object robot_model/CMakeFiles/moveit_robot_model.dir/src/floating_joint_model.cpp.o[0m
[18.805s] [ 16%] [32mBuilding CXX object robot_model/CMakeFiles/moveit_robot_model.dir/src/joint_model.cpp.o[0m
[19.028s] [ 16%] [32mBuilding CXX object robot_model/CMakeFiles/moveit_robot_model.dir/src/joint_model_group.cpp.o[0m
[19.784s] [ 17%] [32mBuilding CXX object gmock/CMakeFiles/gmock.dir/src/gmock-all.cc.o[0m
[19.936s] [ 18%] [32mBuilding CXX object distance_field/CMakeFiles/moveit_distance_field.dir/src/propagation_distance_field.cpp.o[0m
[22.050s] [ 19%] [32m[1mLinking CXX executable test_transforms[0m
[22.256s] [ 20%] [32mBuilding CXX object robot_model/CMakeFiles/moveit_robot_model.dir/src/link_model.cpp.o[0m
[22.389s] [ 20%] Built target test_transforms
[22.418s] [ 20%] [32mBuilding CXX object robot_model/CMakeFiles/moveit_robot_model.dir/src/planar_joint_model.cpp.o[0m
[22.735s] [ 21%] [32mBuilding CXX object robot_model/CMakeFiles/moveit_robot_model.dir/src/prismatic_joint_model.cpp.o[0m
[23.394s] [ 22%] [32m[1mLinking CXX static library libgmock.a[0m
[23.553s] [ 22%] Built target gmock
[23.586s] [ 23%] [32mBuilding CXX object robot_model/CMakeFiles/moveit_robot_model.dir/src/revolute_joint_model.cpp.o[0m
[24.941s] [ 23%] [32mBuilding CXX object robot_model/CMakeFiles/moveit_robot_model.dir/src/robot_model.cpp.o[0m
[29.501s] [ 23%] [32m[1mLinking CXX shared library libmoveit_distance_field.so[0m
[29.757s] [ 23%] Built target moveit_distance_field
[29.815s] [ 23%] [32mBuilding CXX object distance_field/CMakeFiles/test_distance_field.dir/test/test_distance_field.cpp.o[0m
[29.815s] [ 24%] [32mBuilding CXX object distance_field/CMakeFiles/test_voxel_grid.dir/test/test_voxel_grid.cpp.o[0m
[35.029s] [ 25%] [32m[1mLinking CXX shared library libmoveit_robot_model.so[0m
[35.102s] [ 25%] [32m[1mLinking CXX executable test_voxel_grid[0m
[35.340s] [ 25%] Built target test_voxel_grid
[35.350s] [ 25%] Built target moveit_robot_model
[35.404s] [ 27%] [32mBuilding CXX object online_signal_smoothing/CMakeFiles/moveit_butterworth_filter.dir/src/butterworth_filter.cpp.o[0m
[35.404s] [ 27%] [32mBuilding CXX object robot_state/CMakeFiles/moveit_robot_state.dir/src/robot_state.cpp.o[0m
[35.405s] [ 28%] [32mBuilding CXX object robot_state/CMakeFiles/moveit_robot_state.dir/src/conversions.cpp.o[0m
[35.405s] [ 28%] [32mBuilding CXX object robot_state/CMakeFiles/moveit_robot_state.dir/src/attached_body.cpp.o[0m
[35.406s] [ 29%] [32mBuilding CXX object utils/CMakeFiles/moveit_test_utils.dir/src/robot_model_test_utils.cpp.o[0m
[39.968s] [ 29%] [32mBuilding CXX object robot_state/CMakeFiles/moveit_robot_state.dir/src/cartesian_interpolator.cpp.o[0m
[41.776s] [ 30%] [32m[1mLinking CXX executable test_distance_field[0m
[42.177s] [ 30%] Built target test_distance_field
[43.908s] [ 30%] [32m[1mLinking CXX shared library libmoveit_butterworth_filter.so[0m
[44.162s] [ 30%] Built target moveit_butterworth_filter
[47.390s] [ 30%] [32m[1mLinking CXX shared library libmoveit_test_utils.so[0m
[47.633s] [ 30%] Built target moveit_test_utils
[60.364s] [ 31%] [32m[1mLinking CXX shared library libmoveit_robot_state.so[0m
[60.635s] [ 31%] Built target moveit_robot_state
[60.702s] [ 33%] [32mBuilding CXX object robot_model/CMakeFiles/test_robot_model.dir/test/test.cpp.o[0m
[60.703s] [ 33%] [32mBuilding CXX object collision_detection/CMakeFiles/moveit_collision_detection.dir/src/allvalid/collision_env_allvalid.cpp.o[0m
[60.703s] [ 33%] [32mBuilding CXX object online_signal_smoothing/CMakeFiles/test_butterworth_filter.dir/test/test_butterworth_filter.cpp.o[0m
[61.760s] [ 34%] [32mBuilding CXX object dynamics_solver/CMakeFiles/moveit_dynamics_solver.dir/src/dynamics_solver.cpp.o[0m
[61.760s] [ 34%] [32mBuilding CXX object kinematics_metrics/CMakeFiles/moveit_kinematics_metrics.dir/src/kinematics_metrics.cpp.o[0m
[62.918s] [ 34%] [32mBuilding CXX object robot_trajectory/CMakeFiles/moveit_robot_trajectory.dir/src/robot_trajectory.cpp.o[0m
[67.496s] [ 34%] [32mBuilding CXX object collision_detection/CMakeFiles/moveit_collision_detection.dir/src/collision_common.cpp.o[0m
[67.983s] [ 34%] [32m[1mLinking CXX executable test_robot_model[0m
[68.401s] [ 34%] Built target test_robot_model
[68.455s] [ 35%] [32mBuilding CXX object robot_state/CMakeFiles/test_robot_state.dir/test/robot_state_test.cpp.o[0m
[69.141s] [ 36%] [32m[1mLinking CXX executable test_butterworth_filter[0m
[69.442s] [ 36%] Built target test_butterworth_filter
[69.500s] [ 36%] [32mBuilding CXX object robot_state/CMakeFiles/test_robot_state_benchmark.dir/test/robot_state_benchmark.cpp.o[0m
[69.721s] [ 37%] [32m[1mLinking CXX shared library libmoveit_dynamics_solver.so[0m
[70.024s] [ 37%] Built target moveit_dynamics_solver
[70.085s] [ 37%] [32mBuilding CXX object robot_state/CMakeFiles/test_robot_state_complex.dir/test/test_kinematic_complex.cpp.o[0m
[73.455s] [ 38%] [32mBuilding CXX object collision_detection/CMakeFiles/moveit_collision_detection.dir/src/collision_matrix.cpp.o[0m
[74.136s] [ 39%] [32m[1mLinking CXX shared library libmoveit_robot_trajectory.so[0m
[74.471s] [ 39%] Built target moveit_robot_trajectory
[74.531s] [ 39%] [32mBuilding CXX object robot_state/CMakeFiles/test_aabb.dir/test/test_aabb.cpp.o[0m
[80.004s] [ 40%] [32m[1mLinking CXX executable test_robot_state_benchmark[0m
[80.533s] [ 40%] Built target test_robot_state_benchmark
[80.605s] [ 40%] [32mBuilding CXX object robot_state/CMakeFiles/test_cartesian_interpolator.dir/test/test_cartesian_interpolator.cpp.o[0m
[82.874s] [ 40%] [32mBuilding CXX object collision_detection/CMakeFiles/moveit_collision_detection.dir/src/collision_octomap_filter.cpp.o[0m
[83.251s] [ 41%] [32m[1mLinking CXX executable test_robot_state[0m
[83.251s] [ 42%] [32m[1mLinking CXX executable test_robot_state_complex[0m
[83.674s] [ 42%] Built target test_robot_state_complex
[83.705s] [ 42%] Built target test_robot_state
[83.734s] [ 43%] [32mBuilding CXX object robot_trajectory/CMakeFiles/test_robot_trajectory.dir/test/test_robot_trajectory.cpp.o[0m
[83.775s] [ 44%] [32mBuilding CXX object trajectory_processing/CMakeFiles/moveit_trajectory_processing.dir/src/iterative_time_parameterization.cpp.o[0m
[86.829s] [ 45%] [32m[1mLinking CXX executable test_aabb[0m
[87.261s] [ 45%] Built target test_aabb
[87.332s] [ 46%] [32mBuilding CXX object planning_interface/CMakeFiles/moveit_planning_interface.dir/src/planning_interface.cpp.o[0m
[87.982s] [ 47%] [32m[1mLinking CXX shared library libmoveit_kinematics_metrics.so[0m
[88.306s] [ 47%] Built target moveit_kinematics_metrics
[89.033s] [ 48%] [32m[1mLinking CXX executable test_cartesian_interpolator[0m
[89.425s] [ 48%] Built target test_cartesian_interpolator
[90.247s] [ 49%] [32mBuilding CXX object collision_detection/CMakeFiles/moveit_collision_detection.dir/src/collision_tools.cpp.o[0m
[92.103s] [ 49%] [32mBuilding CXX object trajectory_processing/CMakeFiles/moveit_trajectory_processing.dir/src/iterative_spline_parameterization.cpp.o[0m
[93.886s] [ 49%] [32m[1mLinking CXX executable test_robot_trajectory[0m
[94.258s] [ 49%] Built target test_robot_trajectory
[96.723s] [ 49%] [32mBuilding CXX object planning_interface/CMakeFiles/moveit_planning_interface.dir/src/planning_response.cpp.o[0m
[97.982s] [ 50%] [32mBuilding CXX object collision_detection/CMakeFiles/moveit_collision_detection.dir/src/collision_env.cpp.o[0m
[98.985s] [ 51%] [32mBuilding CXX object trajectory_processing/CMakeFiles/moveit_trajectory_processing.dir/src/ruckig_traj_smoothing.cpp.o[0m
[99.018s] [ 51%] [32mBuilding CXX object collision_detection/CMakeFiles/moveit_collision_detection.dir/src/world_diff.cpp.o[0m
[100.027s] [ 52%] [32mBuilding CXX object trajectory_processing/CMakeFiles/moveit_trajectory_processing.dir/src/trajectory_tools.cpp.o[0m
[100.073s] [ 53%] [32mBuilding CXX object collision_detection/CMakeFiles/moveit_collision_detection.dir/src/world.cpp.o[0m
[101.089s] [ 53%] [32mBuilding CXX object trajectory_processing/CMakeFiles/moveit_trajectory_processing.dir/src/time_optimal_trajectory_generation.cpp.o[0m
[101.572s] [ 53%] [32mBuilding CXX object collision_detection/CMakeFiles/moveit_collision_detection.dir/src/collision_plugin_cache.cpp.o[0m
[104.864s] [ 54%] [32m[1mLinking CXX shared library libmoveit_planning_interface.so[0m
[105.212s] [ 54%] Built target moveit_planning_interface
[110.628s] [ 55%] [32m[1mLinking CXX shared library libmoveit_trajectory_processing.so[0m
[110.952s] [ 55%] Built target moveit_trajectory_processing
[115.086s] [ 56%] [32m[1mLinking CXX shared library libmoveit_collision_detection.so[0m
[115.368s] [ 56%] Built target moveit_collision_detection
[115.425s] [ 57%] [32mBuilding CXX object trajectory_processing/CMakeFiles/test_ruckig_traj_smoothing.dir/test/test_ruckig_traj_smoothing.cpp.o[0m
[118.460s] [ 58%] [32mBuilding CXX object collision_detection/CMakeFiles/test_world.dir/test/test_world.cpp.o[0m
[118.465s] [ 59%] [32mBuilding CXX object collision_detection/CMakeFiles/test_world_diff.dir/test/test_world_diff.cpp.o[0m
[119.513s] [ 59%] [32mBuilding CXX object collision_detection_fcl/CMakeFiles/moveit_collision_detection_fcl.dir/src/collision_common.cpp.o[0m
[120.568s] [ 60%] [32mBuilding CXX object trajectory_processing/CMakeFiles/test_time_optimal_trajectory_generation.dir/test/test_time_optimal_trajectory_generation.cpp.o[0m
[121.706s] [ 60%] [32mBuilding CXX object trajectory_processing/CMakeFiles/test_time_parameterization.dir/test/test_time_parameterization.cpp.o[0m
[124.507s] [ 61%] [32m[1mLinking CXX executable test_world_diff[0m
[124.540s] [ 61%] [32m[1mLinking CXX executable test_ruckig_traj_smoothing[0m
[124.949s] [ 61%] Built target test_world_diff
[125.016s] [ 61%] Built target test_ruckig_traj_smoothing
[125.024s] [ 61%] [32mBuilding CXX object collision_detection/CMakeFiles/test_all_valid.dir/test/test_all_valid.cpp.o[0m
[125.072s] [ 62%] [32mBuilding CXX object collision_detection_bullet/CMakeFiles/moveit_collision_detection_bullet.dir/src/bullet_integration/bullet_utils.cpp.o[0m
[125.986s] [ 62%] [32m[1mLinking CXX executable test_world[0m
[126.440s] [ 62%] Built target test_world
[126.465s] [ 62%] [32mBuilding CXX object collision_detection_bullet/CMakeFiles/moveit_collision_detection_bullet.dir/src/bullet_integration/bullet_discrete_bvh_manager.cpp.o[0m
[131.235s] [ 63%] [32mBuilding CXX object collision_detection_fcl/CMakeFiles/moveit_collision_detection_fcl.dir/src/collision_env_fcl.cpp.o[0m
[131.948s] [ 64%] [32m[1mLinking CXX executable test_time_parameterization[0m
[132.409s] [ 64%] Built target test_time_parameterization
[132.952s] [ 65%] [32m[1mLinking CXX executable test_time_optimal_trajectory_generation[0m
[133.390s] [ 65%] Built target test_time_optimal_trajectory_generation
[133.414s] [ 66%] [32mBuilding CXX object collision_detection_bullet/CMakeFiles/moveit_collision_detection_bullet.dir/src/bullet_integration/bullet_bvh_manager.cpp.o[0m
[133.524s] [ 67%] [32m[1mLinking CXX executable test_all_valid[0m
[133.879s] [ 67%] Built target test_all_valid
[134.633s] [ 68%] [32mBuilding CXX object collision_detection_bullet/CMakeFiles/moveit_collision_detection_bullet.dir/src/bullet_integration/contact_checker_common.cpp.o[0m
[138.827s] [ 68%] [32mBuilding CXX object collision_detection_bullet/CMakeFiles/moveit_collision_detection_bullet.dir/src/bullet_integration/ros_bullet_utils.cpp.o[0m
[139.299s] [ 69%] [32m[1mLinking CXX shared library libmoveit_collision_detection_fcl.so[0m
[139.638s] [ 69%] Built target moveit_collision_detection_fcl
[139.704s] [ 69%] [32mBuilding CXX object kinematic_constraints/CMakeFiles/moveit_kinematic_constraints.dir/src/kinematic_constraint.cpp.o[0m
[139.924s] [ 69%] [32mBuilding CXX object collision_detection_bullet/CMakeFiles/moveit_collision_detection_bullet.dir/src/collision_env_bullet.cpp.o[0m
[139.924s] [ 70%] [32mBuilding CXX object kinematic_constraints/CMakeFiles/moveit_kinematic_constraints.dir/src/utils.cpp.o[0m
[141.085s] [ 71%] [32mBuilding CXX object collision_detection_fcl/CMakeFiles/test_fcl_collision_env.dir/test/test_fcl_env.cpp.o[0m
[145.072s] [ 72%] [32mBuilding CXX object collision_detection_bullet/CMakeFiles/moveit_collision_detection_bullet.dir/src/bullet_integration/bullet_cast_bvh_manager.cpp.o[0m
[145.106s] [ 73%] [32mBuilding CXX object collision_detection_fcl/CMakeFiles/test_fcl_collision_detection.dir/test/test_fcl_collision_detection_pr2.cpp.o[0m
[151.866s] [ 74%] [32m[1mLinking CXX shared library libmoveit_collision_detection_bullet.so[0m
[152.226s] [ 75%] [32m[1mLinking CXX executable test_fcl_collision_env[0m
[152.330s] [ 75%] Built target moveit_collision_detection_bullet
[152.787s] [ 75%] Built target test_fcl_collision_env
[156.314s] [ 76%] [32m[1mLinking CXX shared library libmoveit_kinematic_constraints.so[0m
[156.643s] [ 76%] Built target moveit_kinematic_constraints
[156.715s] [ 77%] [32mBuilding CXX object collision_detection_bullet/CMakeFiles/test_bullet_continuous_collision_checking.dir/test/test_bullet_continuous_collision_checking.cpp.o[0m
[157.236s] [ 77%] [32m[1mLinking CXX executable test_fcl_collision_detection[0m
[157.609s] [ 77%] Built target test_fcl_collision_detection
[157.670s] [ 78%] [32mBuilding CXX object planning_scene/CMakeFiles/moveit_planning_scene.dir/src/planning_scene.cpp.o[0m
[157.676s] [ 79%] [32mBuilding CXX object collision_detection_bullet/CMakeFiles/test_bullet_collision_detection_panda.dir/test/test_bullet_collision_detection_panda.cpp.o[0m
[158.696s] [ 79%] [32mBuilding CXX object kinematic_constraints/CMakeFiles/test_constraints.dir/test/test_constraints.cpp.o[0m
[158.696s] [ 80%] [32mBuilding CXX object collision_detection_bullet/CMakeFiles/test_bullet_collision_detection.dir/test/test_bullet_collision_detection_pr2.cpp.o[0m
[159.767s] [ 81%] [32mBuilding CXX object collision_detection_fcl/CMakeFiles/test_fcl_collision_detection_panda.dir/test/test_fcl_collision_detection_panda.cpp.o[0m
[170.925s] [ 81%] [32m[1mLinking CXX executable test_bullet_collision_detection_panda[0m
[171.566s] [ 81%] Built target test_bullet_collision_detection_panda
[171.674s] [ 81%] [32mBuilding CXX object kinematic_constraints/CMakeFiles/test_orientation_constraints.dir/test/test_orientation_constraints.cpp.o[0m
[172.960s] [ 82%] [32m[1mLinking CXX executable test_bullet_continuous_collision_checking[0m
[173.445s] [ 82%] Built target test_bullet_continuous_collision_checking
[175.103s] [ 82%] [32m[1mLinking CXX executable test_bullet_collision_detection[0m
[175.625s] [ 82%] Built target test_bullet_collision_detection
[175.862s] [ 82%] [32m[1mLinking CXX executable test_fcl_collision_detection_panda[0m
[176.259s] [ 82%] Built target test_fcl_collision_detection_panda
[177.232s] [ 83%] [32m[1mLinking CXX executable test_constraints[0m
[177.587s] [ 83%] Built target test_constraints
[182.585s] [ 83%] [32m[1mLinking CXX shared library libmoveit_planning_scene.so[0m
[182.690s] [ 84%] [32m[1mLinking CXX executable test_orientation_constraints[0m
[182.948s] [ 84%] Built target moveit_planning_scene
[183.012s] [ 84%] [32mBuilding CXX object collision_distance_field/CMakeFiles/moveit_collision_distance_field.dir/src/collision_distance_field_types.cpp.o[0m
[183.018s] [ 84%] [32mBuilding CXX object constraint_samplers/CMakeFiles/moveit_constraint_samplers.dir/src/constraint_sampler.cpp.o[0m
[183.179s] [ 84%] Built target test_orientation_constraints
[183.212s] [ 86%] [32mBuilding CXX object constraint_samplers/CMakeFiles/moveit_constraint_samplers.dir/src/constraint_sampler_manager.cpp.o[0m
[183.212s] [ 86%] [32mBuilding CXX object planning_scene/CMakeFiles/test_collision_objects.dir/test/test_collision_objects.cpp.o[0m
[183.247s] [ 87%] [32mBuilding CXX object planning_scene/CMakeFiles/test_planning_scene.dir/test/test_planning_scene.cpp.o[0m
[183.295s] [ 87%] [32mBuilding CXX object planning_request_adapter/CMakeFiles/moveit_planning_request_adapter.dir/src/planning_request_adapter.cpp.o[0m
[191.416s] [ 88%] [32mBuilding CXX object collision_distance_field/CMakeFiles/moveit_collision_distance_field.dir/src/collision_common_distance_field.cpp.o[0m
[192.160s] [ 88%] [32mBuilding CXX object constraint_samplers/CMakeFiles/moveit_constraint_samplers.dir/src/constraint_sampler_tools.cpp.o[0m
[192.471s] [ 89%] [32m[1mLinking CXX shared library libmoveit_planning_request_adapter.so[0m
[192.775s] [ 89%] Built target moveit_planning_request_adapter
[192.834s] [ 89%] [32mBuilding CXX object planning_scene/CMakeFiles/test_multi_threaded.dir/test/test_multi_threaded.cpp.o[0m
[194.006s] [ 90%] [32mBuilding CXX object constraint_samplers/CMakeFiles/moveit_constraint_samplers.dir/src/default_constraint_samplers.cpp.o[0m
[196.991s] [ 90%] [32m[1mLinking CXX executable test_collision_objects[0m
[197.498s] [ 90%] Built target test_collision_objects
[197.559s] [ 90%] [32mBuilding CXX object collision_detection_bullet/CMakeFiles/collision_detector_bullet_plugin.dir/src/collision_detector_bullet_plugin_loader.cpp.o[0m
[201.809s] [ 90%] [32m[1mLinking CXX executable test_planning_scene[0m
[202.329s] [ 90%] Built target test_planning_scene
[202.950s] [ 90%] [32mBuilding CXX object collision_distance_field/CMakeFiles/moveit_collision_distance_field.dir/src/collision_env_distance_field.cpp.o[0m
[203.958s] [ 91%] [32m[1mLinking CXX executable test_multi_threaded[0m
[204.456s] [ 91%] Built target test_multi_threaded
[207.375s] [ 92%] [32m[1mLinking CXX shared library libcollision_detector_bullet_plugin.so[0m
[207.511s] [ 92%] [32mBuilding CXX object constraint_samplers/CMakeFiles/moveit_constraint_samplers.dir/src/union_constraint_sampler.cpp.o[0m
[207.629s] [ 92%] Built target collision_detector_bullet_plugin
[215.836s] [ 93%] [32m[1mLinking CXX shared library libmoveit_constraint_samplers.so[0m
[216.121s] [ 93%] Built target moveit_constraint_samplers
[218.505s] [ 94%] [32mBuilding CXX object collision_distance_field/CMakeFiles/moveit_collision_distance_field.dir/src/collision_env_hybrid.cpp.o[0m
[227.698s] [ 95%] [32m[1mLinking CXX shared library libmoveit_collision_distance_field.so[0m
[227.977s] [ 95%] Built target moveit_collision_distance_field
[228.028s] [ 96%] [32mBuilding CXX object collision_detection_fcl/CMakeFiles/collision_detector_fcl_plugin.dir/src/collision_detector_fcl_plugin_loader.cpp.o[0m
[228.028s] [ 97%] [32mBuilding CXX object constraint_samplers/CMakeFiles/test_constraint_samplers.dir/test/pr2_arm_kinematics_plugin.cpp.o[0m
[228.028s] [ 96%] [32mBuilding CXX object constraint_samplers/CMakeFiles/test_constraint_samplers.dir/test/pr2_arm_ik.cpp.o[0m
[228.028s] [ 98%] [32mBuilding CXX object collision_distance_field/CMakeFiles/test_collision_distance_field.dir/test/test_collision_distance_field.cpp.o[0m
[228.029s] [ 98%] [32mBuilding CXX object constraint_samplers/CMakeFiles/test_constraint_samplers.dir/test/test_constraint_samplers.cpp.o[0m
[238.396s] [ 99%] [32m[1mLinking CXX shared library libcollision_detector_fcl_plugin.so[0m
[238.684s] [ 99%] Built target collision_detector_fcl_plugin
[241.051s] [ 99%] [32m[1mLinking CXX executable test_collision_distance_field[0m
[241.518s] [ 99%] Built target test_collision_distance_field
[244.268s] [100%] [32m[1mLinking CXX executable test_constraint_samplers[0m
[244.702s] [100%] Built target test_constraint_samplers
[244.736s] Invoked command in '/home/thisum/my_ws/src/build/moveit_core' returned '0': AMENT_PREFIX_PATH=/home/thisum/my_ws/src/install/moveit_resources_panda_moveit_config:/home/thisum/my_ws/src/install/srdfdom:/home/thisum/my_ws/src/install/moveit_resources_pr2_description:/home/thisum/my_ws/src/install/moveit_resources_panda_description:/home/thisum/my_ws/src/install/moveit_common:${AMENT_PREFIX_PATH} CMAKE_PREFIX_PATH=/home/thisum/my_ws/src/install/moveit_resources_panda_moveit_config:/home/thisum/my_ws/src/install/srdfdom:/home/thisum/my_ws/src/install/moveit_resources_pr2_description:/home/thisum/my_ws/src/install/moveit_resources_panda_description:/home/thisum/my_ws/src/install/moveit_common:/home/thisum/my_ws/install/pilz_industrial_motion_planner_testutils:/home/thisum/my_ws/install/moveit_runtime:/home/thisum/my_ws/install/moveit2_tutorials:/home/thisum/my_ws/install/moveit:/home/thisum/my_ws/install/arm_config:/home/thisum/my_ws/install/moveit_planners:/home/thisum/my_ws/install/pilz_industrial_motion_planner:/home/thisum/my_ws/install/moveit_visual_tools:/home/thisum/my_ws/install/moveit_task_constructor_visualization:/home/thisum/my_ws/install/moveit_task_constructor_demo:/home/thisum/my_ws/install/moveit_task_constructor_capabilities:/home/thisum/my_ws/install/moveit_task_constructor_core:/home/thisum/my_ws/install/moveit_ros_control_interface:/home/thisum/my_ws/install/moveit_plugins:/home/thisum/my_ws/install/moveit_simple_controller_manager:/home/thisum/my_ws/install/moveit_setup_assistant:/home/thisum/my_ws/install/moveit_setup_srdf_plugins:/home/thisum/my_ws/install/moveit_setup_core_plugins:/home/thisum/my_ws/install/moveit_setup_controllers:/home/thisum/my_ws/install/moveit_setup_app_plugins:/home/thisum/my_ws/install/moveit_setup_framework:/home/thisum/my_ws/install/moveit_servo:/home/thisum/my_ws/install/moveit_ros:/home/thisum/my_ws/install/moveit_ros_visualization:/home/thisum/my_ws/install/moveit_hybrid_planning:/home/thisum/my_ws/install/moveit_ros_planning_interface:/home/thisum/my_ws/install/moveit_ros_benchmarks:/home/thisum/my_ws/install/moveit_ros_warehouse:/home/thisum/my_ws/install/moveit_ros_robot_interaction:/home/thisum/my_ws/install/moveit_ros_perception:/home/thisum/my_ws/install/moveit_resources_prbt_pg70_support:/home/thisum/my_ws/install/moveit_resources_prbt_moveit_config:/home/thisum/my_ws/install/moveit_ros_move_group:/home/thisum/my_ws/install/moveit_planners_ompl:/home/thisum/my_ws/install/moveit_ros_planning:/home/thisum/my_ws/install/moveit_ros_occupancy_map_monitor:/home/thisum/my_ws/install/moveit_resources_prbt_ikfast_manipulator_plugin:/home/thisum/my_ws/install/moveit_planners_chomp:/home/thisum/my_ws/install/moveit_kinematics:/home/thisum/my_ws/install/moveit_chomp_optimizer_adapter:/home/thisum/my_ws/install/chomp_motion_planner:/home/thisum/my_ws/install/moveit_core:/home/thisum/my_ws/install/srdfdom:/home/thisum/my_ws/install/rviz_marker_tools:/home/thisum/my_ws/install/rosparam_shortcuts:/home/thisum/my_ws/install/new_full_arm:/home/thisum/my_ws/install/moveit_task_constructor_msgs:/home/thisum/my_ws/install/moveit_resources_prbt_support:/home/thisum/my_ws/install/moveit_resources:/home/thisum/my_ws/install/moveit_resources_pr2_description:/home/thisum/my_ws/install/moveit_resources_panda_moveit_config:/home/thisum/my_ws/install/moveit_resources_panda_description:/home/thisum/my_ws/install/moveit_resources_fanuc_moveit_config:/home/thisum/my_ws/install/moveit_resources_fanuc_description:/home/thisum/my_ws/install/moveit_common:/home/thisum/arm_ws/install/x:/home/thisum/arm_ws/install/robotiq_description:/home/thisum/arm_ws/install/robotiq_controllers:/home/thisum/arm_ws/install/arm_config:/home/thisum/my_ws/install/moveit_configs_utils:/home/thisum/my_ws/install/launch_param_builder:/home/thisum/arm_ws/install/moveit_configs_utils:/opt/ros/humble:/home/thisum/arm_ws/install/new_full_arm:/home/thisum/arm_ws/install/moveit_resources_prbt_support:/home/thisum/arm_ws/install/moveit_resources_pr2_description:/home/thisum/arm_ws/install/moveit_resources_panda_description:/home/thisum/arm_ws/install/moveit_resources_fanuc_description:/home/thisum/arm_ws/install/moveit_msgs:/home/thisum/arm_ws/install/moveit_common:/home/thisum/arm_ws/install/kortex_api LD_LIBRARY_PATH=/home/thisum/my_ws/src/install/srdfdom/lib:${LD_LIBRARY_PATH} PYTHONPATH=/home/thisum/my_ws/src/install/srdfdom/local/lib/python3.10/dist-packages:${PYTHONPATH} /usr/bin/cmake --build /home/thisum/my_ws/src/build/moveit_core -- -j6 -l6
[245.024s] Invoking command in '/home/thisum/my_ws/src/build/moveit_core': AMENT_PREFIX_PATH=/home/thisum/my_ws/src/install/moveit_resources_panda_moveit_config:/home/thisum/my_ws/src/install/srdfdom:/home/thisum/my_ws/src/install/moveit_resources_pr2_description:/home/thisum/my_ws/src/install/moveit_resources_panda_description:/home/thisum/my_ws/src/install/moveit_common:${AMENT_PREFIX_PATH} CMAKE_PREFIX_PATH=/home/thisum/my_ws/src/install/moveit_resources_panda_moveit_config:/home/thisum/my_ws/src/install/srdfdom:/home/thisum/my_ws/src/install/moveit_resources_pr2_description:/home/thisum/my_ws/src/install/moveit_resources_panda_description:/home/thisum/my_ws/src/install/moveit_common:/home/thisum/my_ws/install/pilz_industrial_motion_planner_testutils:/home/thisum/my_ws/install/moveit_runtime:/home/thisum/my_ws/install/moveit2_tutorials:/home/thisum/my_ws/install/moveit:/home/thisum/my_ws/install/arm_config:/home/thisum/my_ws/install/moveit_planners:/home/thisum/my_ws/install/pilz_industrial_motion_planner:/home/thisum/my_ws/install/moveit_visual_tools:/home/thisum/my_ws/install/moveit_task_constructor_visualization:/home/thisum/my_ws/install/moveit_task_constructor_demo:/home/thisum/my_ws/install/moveit_task_constructor_capabilities:/home/thisum/my_ws/install/moveit_task_constructor_core:/home/thisum/my_ws/install/moveit_ros_control_interface:/home/thisum/my_ws/install/moveit_plugins:/home/thisum/my_ws/install/moveit_simple_controller_manager:/home/thisum/my_ws/install/moveit_setup_assistant:/home/thisum/my_ws/install/moveit_setup_srdf_plugins:/home/thisum/my_ws/install/moveit_setup_core_plugins:/home/thisum/my_ws/install/moveit_setup_controllers:/home/thisum/my_ws/install/moveit_setup_app_plugins:/home/thisum/my_ws/install/moveit_setup_framework:/home/thisum/my_ws/install/moveit_servo:/home/thisum/my_ws/install/moveit_ros:/home/thisum/my_ws/install/moveit_ros_visualization:/home/thisum/my_ws/install/moveit_hybrid_planning:/home/thisum/my_ws/install/moveit_ros_planning_interface:/home/thisum/my_ws/install/moveit_ros_benchmarks:/home/thisum/my_ws/install/moveit_ros_warehouse:/home/thisum/my_ws/install/moveit_ros_robot_interaction:/home/thisum/my_ws/install/moveit_ros_perception:/home/thisum/my_ws/install/moveit_resources_prbt_pg70_support:/home/thisum/my_ws/install/moveit_resources_prbt_moveit_config:/home/thisum/my_ws/install/moveit_ros_move_group:/home/thisum/my_ws/install/moveit_planners_ompl:/home/thisum/my_ws/install/moveit_ros_planning:/home/thisum/my_ws/install/moveit_ros_occupancy_map_monitor:/home/thisum/my_ws/install/moveit_resources_prbt_ikfast_manipulator_plugin:/home/thisum/my_ws/install/moveit_planners_chomp:/home/thisum/my_ws/install/moveit_kinematics:/home/thisum/my_ws/install/moveit_chomp_optimizer_adapter:/home/thisum/my_ws/install/chomp_motion_planner:/home/thisum/my_ws/install/moveit_core:/home/thisum/my_ws/install/srdfdom:/home/thisum/my_ws/install/rviz_marker_tools:/home/thisum/my_ws/install/rosparam_shortcuts:/home/thisum/my_ws/install/new_full_arm:/home/thisum/my_ws/install/moveit_task_constructor_msgs:/home/thisum/my_ws/install/moveit_resources_prbt_support:/home/thisum/my_ws/install/moveit_resources:/home/thisum/my_ws/install/moveit_resources_pr2_description:/home/thisum/my_ws/install/moveit_resources_panda_moveit_config:/home/thisum/my_ws/install/moveit_resources_panda_description:/home/thisum/my_ws/install/moveit_resources_fanuc_moveit_config:/home/thisum/my_ws/install/moveit_resources_fanuc_description:/home/thisum/my_ws/install/moveit_common:/home/thisum/arm_ws/install/x:/home/thisum/arm_ws/install/robotiq_description:/home/thisum/arm_ws/install/robotiq_controllers:/home/thisum/arm_ws/install/arm_config:/home/thisum/my_ws/install/moveit_configs_utils:/home/thisum/my_ws/install/launch_param_builder:/home/thisum/arm_ws/install/moveit_configs_utils:/opt/ros/humble:/home/thisum/arm_ws/install/new_full_arm:/home/thisum/arm_ws/install/moveit_resources_prbt_support:/home/thisum/arm_ws/install/moveit_resources_pr2_description:/home/thisum/arm_ws/install/moveit_resources_panda_description:/home/thisum/arm_ws/install/moveit_resources_fanuc_description:/home/thisum/arm_ws/install/moveit_msgs:/home/thisum/arm_ws/install/moveit_common:/home/thisum/arm_ws/install/kortex_api LD_LIBRARY_PATH=/home/thisum/my_ws/src/install/srdfdom/lib:${LD_LIBRARY_PATH} PYTHONPATH=/home/thisum/my_ws/src/install/srdfdom/local/lib/python3.10/dist-packages:${PYTHONPATH} /usr/bin/cmake --install /home/thisum/my_ws/src/build/moveit_core
[245.041s] -- Install configuration: "Release"
[245.041s] -- Installing: /home/thisum/my_ws/src/install/moveit_core/include/moveit/version.h
[245.042s] -- Up-to-date: /home/thisum/my_ws/src/install/moveit_core/include
[245.042s] -- Up-to-date: /home/thisum/my_ws/src/install/moveit_core/include/moveit
[245.042s] -- Installing: /home/thisum/my_ws/src/install/moveit_core/include/moveit/collision_distance_field
[245.043s] -- Installing: /home/thisum/my_ws/src/install/moveit_core/include/moveit/collision_distance_field/collision_detector_allocator_distance_field.h
[245.050s] -- Installing: /home/thisum/my_ws/src/install/moveit_core/include/moveit/collision_distance_field/collision_env_hybrid.h
[245.052s] -- Installing: /home/thisum/my_ws/src/install/moveit_core/include/moveit/collision_distance_field/collision_common_distance_field.h
[245.052s] -- Installing: /home/thisum/my_ws/src/install/moveit_core/include/moveit/collision_distance_field/collision_env_distance_field.h
[245.052s] -- Installing: /home/thisum/my_ws/src/install/moveit_core/include/moveit/collision_distance_field/collision_distance_field_types.h
[245.053s] -- Installing: /home/thisum/my_ws/src/install/moveit_core/include/moveit/collision_distance_field/collision_detector_allocator_hybrid.h
[245.053s] -- Installing: /home/thisum/my_ws/src/install/moveit_core/include/moveit_collision_distance_field_export.h
[245.053s] -- Up-to-date: /home/thisum/my_ws/src/install/moveit_core/include
[245.054s] -- Up-to-date: /home/thisum/my_ws/src/install/moveit_core/include/moveit
[245.054s] -- Installing: /home/thisum/my_ws/src/install/moveit_core/include/moveit/constraint_samplers
[245.054s] -- Installing: /home/thisum/my_ws/src/install/moveit_core/include/moveit/constraint_samplers/constraint_sampler_manager.h
[245.054s] -- Installing: /home/thisum/my_ws/src/install/moveit_core/include/moveit/constraint_samplers/constraint_sampler_allocator.h
[245.054s] -- Installing: /home/thisum/my_ws/src/install/moveit_core/include/moveit/constraint_samplers/default_constraint_samplers.h
[245.055s] -- Installing: /home/thisum/my_ws/src/install/moveit_core/include/moveit/constraint_samplers/constraint_sampler.h
[245.055s] -- Installing: /home/thisum/my_ws/src/install/moveit_core/include/moveit/constraint_samplers/union_constraint_sampler.h
[245.055s] -- Installing: /home/thisum/my_ws/src/install/moveit_core/include/moveit/constraint_samplers/constraint_sampler_tools.h
[245.056s] -- Up-to-date: /home/thisum/my_ws/src/install/moveit_core/include
[245.056s] -- Up-to-date: /home/thisum/my_ws/src/install/moveit_core/include/moveit
[245.056s] -- Installing: /home/thisum/my_ws/src/install/moveit_core/include/moveit/controller_manager
[245.056s] -- Installing: /home/thisum/my_ws/src/install/moveit_core/include/moveit/controller_manager/controller_manager.h
[245.057s] -- Up-to-date: /home/thisum/my_ws/src/install/moveit_core/include
[245.057s] -- Up-to-date: /home/thisum/my_ws/src/install/moveit_core/include/moveit
[245.057s] -- Installing: /home/thisum/my_ws/src/install/moveit_core/include/moveit/distance_field
[245.057s] -- Installing: /home/thisum/my_ws/src/install/moveit_core/include/moveit/distance_field/propagation_distance_field.h
[245.057s] -- Installing: /home/thisum/my_ws/src/install/moveit_core/include/moveit/distance_field/voxel_grid.h
[245.057s] -- Installing: /home/thisum/my_ws/src/install/moveit_core/include/moveit/distance_field/distance_field.h
[245.058s] -- Installing: /home/thisum/my_ws/src/install/moveit_core/include/moveit/distance_field/find_internal_points.h
[245.058s] -- Up-to-date: /home/thisum/my_ws/src/install/moveit_core/include
[245.058s] -- Up-to-date: /home/thisum/my_ws/src/install/moveit_core/include/moveit
[245.058s] -- Installing: /home/thisum/my_ws/src/install/moveit_core/include/moveit/dynamics_solver
[245.058s] -- Installing: /home/thisum/my_ws/src/install/moveit_core/include/moveit/dynamics_solver/dynamics_solver.h
[245.059s] -- Up-to-date: /home/thisum/my_ws/src/install/moveit_core/include
[245.059s] -- Up-to-date: /home/thisum/my_ws/src/install/moveit_core/include/moveit
[245.060s] -- Installing: /home/thisum/my_ws/src/install/moveit_core/include/moveit/exceptions
[245.060s] -- Installing: /home/thisum/my_ws/src/install/moveit_core/include/moveit/exceptions/exceptions.h
[245.060s] -- Up-to-date: /home/thisum/my_ws/src/install/moveit_core/include
[245.060s] -- Up-to-date: /home/thisum/my_ws/src/install/moveit_core/include/moveit
[245.061s] -- Installing: /home/thisum/my_ws/src/install/moveit_core/include/moveit/kinematics_base
[245.061s] -- Installing: /home/thisum/my_ws/src/install/moveit_core/include/moveit/kinematics_base/kinematics_base.h
[245.061s] -- Installing: /home/thisum/my_ws/src/install/moveit_core/include/moveit_kinematics_base_export.h
[245.061s] -- Up-to-date: /home/thisum/my_ws/src/install/moveit_core/include
[245.061s] -- Up-to-date: /home/thisum/my_ws/src/install/moveit_core/include/moveit
[245.061s] -- Installing: /home/thisum/my_ws/src/install/moveit_core/include/moveit/kinematic_constraints
[245.061s] -- Installing: /home/thisum/my_ws/src/install/moveit_core/include/moveit/kinematic_constraints/kinematic_constraint.h
[245.061s] -- Installing: /home/thisum/my_ws/src/install/moveit_core/include/moveit/kinematic_constraints/utils.h
[245.062s] -- Up-to-date: /home/thisum/my_ws/src/install/moveit_core/include
[245.062s] -- Up-to-date: /home/thisum/my_ws/src/install/moveit_core/include/moveit
[245.062s] -- Installing: /home/thisum/my_ws/src/install/moveit_core/include/moveit/kinematics_metrics
[245.062s] -- Installing: /home/thisum/my_ws/src/install/moveit_core/include/moveit/kinematics_metrics/kinematics_metrics.h
[245.063s] -- Up-to-date: /home/thisum/my_ws/src/install/moveit_core/include
[245.063s] -- Up-to-date: /home/thisum/my_ws/src/install/moveit_core/include/moveit
[245.063s] -- Installing: /home/thisum/my_ws/src/install/moveit_core/include/moveit/macros
[245.063s] -- Installing: /home/thisum/my_ws/src/install/moveit_core/include/moveit/macros/console_colors.h
[245.063s] -- Installing: /home/thisum/my_ws/src/install/moveit_core/include/moveit/macros/declare_ptr.h
[245.064s] -- Installing: /home/thisum/my_ws/src/install/moveit_core/include/moveit/macros/deprecation.h
[245.064s] -- Installing: /home/thisum/my_ws/src/install/moveit_core/include/moveit/macros/class_forward.h
[245.065s] -- Installing: /home/thisum/my_ws/src/install/moveit_core/include/moveit_butterworth_parameters
[245.065s] -- Installing: /home/thisum/my_ws/src/install/moveit_core/include/moveit_butterworth_parameters/moveit_butterworth_parameters.hpp
[245.065s] -- Up-to-date: /home/thisum/my_ws/src/install/moveit_core/include
[245.065s] -- Up-to-date: /home/thisum/my_ws/src/install/moveit_core/include/moveit
[245.065s] -- Installing: /home/thisum/my_ws/src/install/moveit_core/include/moveit/online_signal_smoothing
[245.065s] -- Installing: /home/thisum/my_ws/src/install/moveit_core/include/moveit/online_signal_smoothing/smoothing_base_class.h
[245.065s] -- Installing: /home/thisum/my_ws/src/install/moveit_core/include/moveit/online_signal_smoothing/butterworth_filter.h
[245.066s] -- Installing: /home/thisum/my_ws/src/install/moveit_core/include/moveit_smoothing_base_export.h
[245.066s] -- Installing: /home/thisum/my_ws/src/install/moveit_core/include/moveit_butterworth_filter_export.h
[245.066s] -- Up-to-date: /home/thisum/my_ws/src/install/moveit_core/include
[245.067s] -- Up-to-date: /home/thisum/my_ws/src/install/moveit_core/include/moveit
[245.067s] -- Installing: /home/thisum/my_ws/src/install/moveit_core/include/moveit/planning_interface
[245.067s] -- Installing: /home/thisum/my_ws/src/install/moveit_core/include/moveit/planning_interface/planning_interface.h
[245.067s] -- Installing: /home/thisum/my_ws/src/install/moveit_core/include/moveit/planning_interface/planning_request.h
[245.067s] -- Installing: /home/thisum/my_ws/src/install/moveit_core/include/moveit/planning_interface/planning_response.h
[245.068s] -- Up-to-date: /home/thisum/my_ws/src/install/moveit_core/include
[245.068s] -- Up-to-date: /home/thisum/my_ws/src/install/moveit_core/include/moveit
[245.068s] -- Installing: /home/thisum/my_ws/src/install/moveit_core/include/moveit/planning_request_adapter
[245.068s] -- Installing: /home/thisum/my_ws/src/install/moveit_core/include/moveit/planning_request_adapter/planning_request_adapter.h
[245.068s] -- Up-to-date: /home/thisum/my_ws/src/install/moveit_core/include
[245.068s] -- Up-to-date: /home/thisum/my_ws/src/install/moveit_core/include/moveit
[245.068s] -- Installing: /home/thisum/my_ws/src/install/moveit_core/include/moveit/planning_scene
[245.069s] -- Installing: /home/thisum/my_ws/src/install/moveit_core/include/moveit/planning_scene/planning_scene.h
[245.070s] -- Installing: /home/thisum/my_ws/src/install/moveit_core/include/moveit_planning_scene_export.h
[245.070s] -- Up-to-date: /home/thisum/my_ws/src/install/moveit_core/include
[245.070s] -- Up-to-date: /home/thisum/my_ws/src/install/moveit_core/include/moveit
[245.070s] -- Installing: /home/thisum/my_ws/src/install/moveit_core/include/moveit/robot_model
[245.070s] -- Installing: /home/thisum/my_ws/src/install/moveit_core/include/moveit/robot_model/robot_model.h
[245.071s] -- Installing: /home/thisum/my_ws/src/install/moveit_core/include/moveit/robot_model/floating_joint_model.h
[245.071s] -- Installing: /home/thisum/my_ws/src/install/moveit_core/include/moveit/robot_model/joint_model.h
[245.071s] -- Installing: /home/thisum/my_ws/src/install/moveit_core/include/moveit/robot_model/joint_model_group.h
[245.071s] -- Installing: /home/thisum/my_ws/src/install/moveit_core/include/moveit/robot_model/revolute_joint_model.h
[245.072s] -- Installing: /home/thisum/my_ws/src/install/moveit_core/include/moveit/robot_model/prismatic_joint_model.h
[245.072s] -- Installing: /home/thisum/my_ws/src/install/moveit_core/include/moveit/robot_model/fixed_joint_model.h
[245.072s] -- Installing: /home/thisum/my_ws/src/install/moveit_core/include/moveit/robot_model/planar_joint_model.h
[245.072s] -- Installing: /home/thisum/my_ws/src/install/moveit_core/include/moveit/robot_model/aabb.h
[245.073s] -- Installing: /home/thisum/my_ws/src/install/moveit_core/include/moveit/robot_model/link_model.h
[245.073s] -- Up-to-date: /home/thisum/my_ws/src/install/moveit_core/include
[245.073s] -- Up-to-date: /home/thisum/my_ws/src/install/moveit_core/include/moveit
[245.073s] -- Installing: /home/thisum/my_ws/src/install/moveit_core/include/moveit/robot_state
[245.073s] -- Installing: /home/thisum/my_ws/src/install/moveit_core/include/moveit/robot_state/robot_state.h
[245.074s] -- Installing: /home/thisum/my_ws/src/install/moveit_core/include/moveit/robot_state/conversions.h
[245.074s] -- Installing: /home/thisum/my_ws/src/install/moveit_core/include/moveit/robot_state/attached_body.h
[245.076s] -- Installing: /home/thisum/my_ws/src/install/moveit_core/include/moveit/robot_state/cartesian_interpolator.h
[245.076s] -- Up-to-date: /home/thisum/my_ws/src/install/moveit_core/include
[245.076s] -- Up-to-date: /home/thisum/my_ws/src/install/moveit_core/include/moveit
[245.076s] -- Installing: /home/thisum/my_ws/src/install/moveit_core/include/moveit/robot_trajectory
[245.076s] -- Installing: /home/thisum/my_ws/src/install/moveit_core/include/moveit/robot_trajectory/robot_trajectory.h
[245.077s] -- Up-to-date: /home/thisum/my_ws/src/install/moveit_core/include
[245.077s] -- Up-to-date: /home/thisum/my_ws/src/install/moveit_core/include/moveit
[245.077s] -- Installing: /home/thisum/my_ws/src/install/moveit_core/include/moveit/sensor_manager
[245.077s] -- Installing: /home/thisum/my_ws/src/install/moveit_core/include/moveit/sensor_manager/sensor_manager.h
[245.078s] -- Up-to-date: /home/thisum/my_ws/src/install/moveit_core/include
[245.078s] -- Up-to-date: /home/thisum/my_ws/src/install/moveit_core/include/moveit
[245.078s] -- Installing: /home/thisum/my_ws/src/install/moveit_core/include/moveit/trajectory_processing
[245.078s] -- Installing: /home/thisum/my_ws/src/install/moveit_core/include/moveit/trajectory_processing/iterative_time_parameterization.h
[245.078s] -- Installing: /home/thisum/my_ws/src/install/moveit_core/include/moveit/trajectory_processing/time_parameterization.h
[245.079s] -- Installing: /home/thisum/my_ws/src/install/moveit_core/include/moveit/trajectory_processing/time_optimal_trajectory_generation.h
[245.079s] -- Installing: /home/thisum/my_ws/src/install/moveit_core/include/moveit/trajectory_processing/ruckig_traj_smoothing.h
[245.079s] -- Installing: /home/thisum/my_ws/src/install/moveit_core/include/moveit/trajectory_processing/trajectory_tools.h
[245.079s] -- Installing: /home/thisum/my_ws/src/install/moveit_core/include/moveit/trajectory_processing/iterative_spline_parameterization.h
[245.079s] -- Up-to-date: /home/thisum/my_ws/src/install/moveit_core/include
[245.079s] -- Up-to-date: /home/thisum/my_ws/src/install/moveit_core/include/moveit
[245.079s] -- Installing: /home/thisum/my_ws/src/install/moveit_core/include/moveit/transforms
[245.080s] -- Installing: /home/thisum/my_ws/src/install/moveit_core/include/moveit/transforms/transforms.h
[245.080s] -- Up-to-date: /home/thisum/my_ws/src/install/moveit_core/include
[245.080s] -- Up-to-date: /home/thisum/my_ws/src/install/moveit_core/include/moveit
[245.080s] -- Installing: /home/thisum/my_ws/src/install/moveit_core/include/moveit/utils
[245.080s] -- Installing: /home/thisum/my_ws/src/install/moveit_core/include/moveit/utils/robot_model_test_utils.h
[245.080s] -- Installing: /home/thisum/my_ws/src/install/moveit_core/include/moveit/utils/lexical_casts.h
[245.081s] -- Installing: /home/thisum/my_ws/src/install/moveit_core/include/moveit/utils/message_checks.h
[245.081s] -- Installing: /home/thisum/my_ws/src/install/moveit_core/include/moveit/utils/rclcpp_utils.h
[245.081s] -- Installing: /home/thisum/my_ws/src/install/moveit_core/include/moveit/utils/moveit_error_code.h
[245.082s] -- Installing: /home/thisum/my_ws/src/install/moveit_core/bin/moveit_version
[245.082s] -- Up-to-date: /home/thisum/my_ws/src/install/moveit_core/include
[245.082s] -- Up-to-date: /home/thisum/my_ws/src/install/moveit_core/include/moveit
[245.082s] -- Installing: /home/thisum/my_ws/src/install/moveit_core/include/moveit/collision_detection
[245.082s] -- Installing: /home/thisum/my_ws/src/install/moveit_core/include/moveit/collision_detection/test_collision_common_panda.h
[245.082s] -- Installing: /home/thisum/my_ws/src/install/moveit_core/include/moveit/collision_detection/world_diff.h
[245.083s] -- Installing: /home/thisum/my_ws/src/install/moveit_core/include/moveit/collision_detection/collision_env.h
[245.083s] -- Installing: /home/thisum/my_ws/src/install/moveit_core/include/moveit/collision_detection/allvalid
[245.083s] -- Installing: /home/thisum/my_ws/src/install/moveit_core/include/moveit/collision_detection/allvalid/collision_env_allvalid.h
[245.083s] -- Installing: /home/thisum/my_ws/src/install/moveit_core/include/moveit/collision_detection/allvalid/collision_detector_allocator_allvalid.h
[245.084s] -- Installing: /home/thisum/my_ws/src/install/moveit_core/include/moveit/collision_detection/collision_matrix.h
[245.084s] -- Installing: /home/thisum/my_ws/src/install/moveit_core/include/moveit/collision_detection/collision_common.h
[245.084s] -- Installing: /home/thisum/my_ws/src/install/moveit_core/include/moveit/collision_detection/world.h
[245.084s] -- Installing: /home/thisum/my_ws/src/install/moveit_core/include/moveit/collision_detection/collision_plugin_cache.h
[245.085s] -- Installing: /home/thisum/my_ws/src/install/moveit_core/include/moveit/collision_detection/collision_tools.h
[245.085s] -- Installing: /home/thisum/my_ws/src/install/moveit_core/include/moveit/collision_detection/occupancy_map.h
[245.085s] -- Installing: /home/thisum/my_ws/src/install/moveit_core/include/moveit/collision_detection/test_collision_common_pr2.h
[245.085s] -- Installing: /home/thisum/my_ws/src/install/moveit_core/include/moveit/collision_detection/collision_detector_allocator.h
[245.085s] -- Installing: /home/thisum/my_ws/src/install/moveit_core/include/moveit/collision_detection/collision_octomap_filter.h
[245.086s] -- Installing: /home/thisum/my_ws/src/install/moveit_core/include/moveit/collision_detection/collision_plugin.h
[245.086s] -- Installing: /home/thisum/my_ws/src/install/moveit_core/include/moveit_collision_detection_export.h
[245.086s] -- Up-to-date: /home/thisum/my_ws/src/install/moveit_core/include
[245.086s] -- Up-to-date: /home/thisum/my_ws/src/install/moveit_core/include/moveit
[245.087s] -- Installing: /home/thisum/my_ws/src/install/moveit_core/include/moveit/collision_detection_bullet
[245.087s] -- Installing: /home/thisum/my_ws/src/install/moveit_core/include/moveit/collision_detection_bullet/collision_detector_allocator_bullet.h
[245.087s] -- Installing: /home/thisum/my_ws/src/install/moveit_core/include/moveit/collision_detection_bullet/collision_env_bullet.h
[245.087s] -- Installing: /home/thisum/my_ws/src/install/moveit_core/include/moveit/collision_detection_bullet/bullet_integration
[245.088s] -- Installing: /home/thisum/my_ws/src/install/moveit_core/include/moveit/collision_detection_bullet/bullet_integration/bullet_bvh_manager.h
[245.088s] -- Installing: /home/thisum/my_ws/src/install/moveit_core/include/moveit/collision_detection_bullet/bullet_integration/basic_types.h
[245.088s] -- Installing: /home/thisum/my_ws/src/install/moveit_core/include/moveit/collision_detection_bullet/bullet_integration/contact_checker_common.h
[245.088s] -- Installing: /home/thisum/my_ws/src/install/moveit_core/include/moveit/collision_detection_bullet/bullet_integration/ros_bullet_utils.h
[245.088s] -- Installing: /home/thisum/my_ws/src/install/moveit_core/include/moveit/collision_detection_bullet/bullet_integration/bullet_discrete_bvh_manager.h
[245.088s] -- Installing: /home/thisum/my_ws/src/install/moveit_core/include/moveit/collision_detection_bullet/bullet_integration/bullet_utils.h
[245.089s] -- Installing: /home/thisum/my_ws/src/install/moveit_core/include/moveit/collision_detection_bullet/bullet_integration/bullet_cast_bvh_manager.h
[245.089s] -- Installing: /home/thisum/my_ws/src/install/moveit_core/include/moveit/collision_detection_bullet/collision_detector_bullet_plugin_loader.h
[245.089s] -- Installing: /home/thisum/my_ws/src/install/moveit_core/include/moveit_collision_detection_bullet_export.h
[245.090s] -- Up-to-date: /home/thisum/my_ws/src/install/moveit_core/include
[245.090s] -- Up-to-date: /home/thisum/my_ws/src/install/moveit_core/include/moveit
[245.090s] -- Installing: /home/thisum/my_ws/src/install/moveit_core/include/moveit/collision_detection_fcl
[245.090s] -- Installing: /home/thisum/my_ws/src/install/moveit_core/include/moveit/collision_detection_fcl/fcl_compat.h
[245.090s] -- Installing: /home/thisum/my_ws/src/install/moveit_core/include/moveit/collision_detection_fcl/collision_detector_allocator_fcl.h
[245.090s] -- Installing: /home/thisum/my_ws/src/install/moveit_core/include/moveit/collision_detection_fcl/collision_common.h
[245.091s] -- Installing: /home/thisum/my_ws/src/install/moveit_core/include/moveit/collision_detection_fcl/collision_detector_fcl_plugin_loader.h
[245.091s] -- Installing: /home/thisum/my_ws/src/install/moveit_core/include/moveit/collision_detection_fcl/collision_env_fcl.h
[245.091s] -- Installing: /home/thisum/my_ws/src/install/moveit_core/include/moveit_collision_detection_fcl_export.h
[245.092s] -- Installing: /home/thisum/my_ws/src/install/moveit_core/lib/libcollision_detector_bullet_plugin.so.2.5.5
[245.092s] -- Set runtime path of "/home/thisum/my_ws/src/install/moveit_core/lib/libcollision_detector_bullet_plugin.so.2.5.5" to ""
[245.092s] -- Installing: /home/thisum/my_ws/src/install/moveit_core/lib/libcollision_detector_bullet_plugin.so
[245.093s] -- Installing: /home/thisum/my_ws/src/install/moveit_core/lib/libmoveit_butterworth_filter.so.2.5.5
[245.093s] -- Set runtime path of "/home/thisum/my_ws/src/install/moveit_core/lib/libmoveit_butterworth_filter.so.2.5.5" to ""
[245.093s] -- Installing: /home/thisum/my_ws/src/install/moveit_core/lib/libmoveit_butterworth_filter.so
[245.094s] -- Installing: /home/thisum/my_ws/src/install/moveit_core/lib/libmoveit_collision_distance_field.so.2.5.5
[245.095s] -- Set runtime path of "/home/thisum/my_ws/src/install/moveit_core/lib/libmoveit_collision_distance_field.so.2.5.5" to ""
[245.096s] -- Installing: /home/thisum/my_ws/src/install/moveit_core/lib/libmoveit_collision_distance_field.so
[245.096s] -- Installing: /home/thisum/my_ws/src/install/moveit_core/lib/libmoveit_collision_detection.so.2.5.5
[245.097s] -- Set runtime path of "/home/thisum/my_ws/src/install/moveit_core/lib/libmoveit_collision_detection.so.2.5.5" to ""
[245.097s] -- Installing: /home/thisum/my_ws/src/install/moveit_core/lib/libmoveit_collision_detection.so
[245.098s] -- Installing: /home/thisum/my_ws/src/install/moveit_core/lib/libmoveit_collision_detection_fcl.so.2.5.5
[245.099s] -- Set runtime path of "/home/thisum/my_ws/src/install/moveit_core/lib/libmoveit_collision_detection_fcl.so.2.5.5" to ""
[245.099s] -- Installing: /home/thisum/my_ws/src/install/moveit_core/lib/libmoveit_collision_detection_fcl.so
[245.099s] -- Installing: /home/thisum/my_ws/src/install/moveit_core/lib/libmoveit_collision_detection_bullet.so.2.5.5
[245.103s] -- Set runtime path of "/home/thisum/my_ws/src/install/moveit_core/lib/libmoveit_collision_detection_bullet.so.2.5.5" to ""
[245.103s] -- Installing: /home/thisum/my_ws/src/install/moveit_core/lib/libmoveit_collision_detection_bullet.so
[245.104s] -- Installing: /home/thisum/my_ws/src/install/moveit_core/lib/libmoveit_dynamics_solver.so.2.5.5
[245.104s] -- Set runtime path of "/home/thisum/my_ws/src/install/moveit_core/lib/libmoveit_dynamics_solver.so.2.5.5" to ""
[245.104s] -- Installing: /home/thisum/my_ws/src/install/moveit_core/lib/libmoveit_dynamics_solver.so
[245.104s] -- Installing: /home/thisum/my_ws/src/install/moveit_core/lib/libmoveit_constraint_samplers.so.2.5.5
[245.104s] -- Set runtime path of "/home/thisum/my_ws/src/install/moveit_core/lib/libmoveit_constraint_samplers.so.2.5.5" to ""
[245.104s] -- Installing: /home/thisum/my_ws/src/install/moveit_core/lib/libmoveit_constraint_samplers.so
[245.104s] -- Installing: /home/thisum/my_ws/src/install/moveit_core/lib/libmoveit_distance_field.so.2.5.5
[245.104s] -- Set runtime path of "/home/thisum/my_ws/src/install/moveit_core/lib/libmoveit_distance_field.so.2.5.5" to ""
[245.104s] -- Installing: /home/thisum/my_ws/src/install/moveit_core/lib/libmoveit_distance_field.so
[245.104s] -- Installing: /home/thisum/my_ws/src/install/moveit_core/lib/libmoveit_exceptions.so.2.5.5
[245.104s] -- Set runtime path of "/home/thisum/my_ws/src/install/moveit_core/lib/libmoveit_exceptions.so.2.5.5" to ""
[245.104s] -- Installing: /home/thisum/my_ws/src/install/moveit_core/lib/libmoveit_exceptions.so
[245.104s] -- Installing: /home/thisum/my_ws/src/install/moveit_core/lib/libmoveit_kinematics_base.so
[245.105s] -- Set runtime path of "/home/thisum/my_ws/src/install/moveit_core/lib/libmoveit_kinematics_base.so" to ""
[245.105s] -- Installing: /home/thisum/my_ws/src/install/moveit_core/lib/libmoveit_kinematic_constraints.so.2.5.5
[245.107s] -- Set runtime path of "/home/thisum/my_ws/src/install/moveit_core/lib/libmoveit_kinematic_constraints.so.2.5.5" to ""
[245.107s] -- Installing: /home/thisum/my_ws/src/install/moveit_core/lib/libmoveit_kinematic_constraints.so
[245.107s] -- Installing: /home/thisum/my_ws/src/install/moveit_core/lib/libmoveit_kinematics_metrics.so.2.5.5
[245.108s] -- Set runtime path of "/home/thisum/my_ws/src/install/moveit_core/lib/libmoveit_kinematics_metrics.so.2.5.5" to ""
[245.108s] -- Installing: /home/thisum/my_ws/src/install/moveit_core/lib/libmoveit_kinematics_metrics.so
[245.108s] -- Installing: /home/thisum/my_ws/src/install/moveit_core/lib/libmoveit_planning_interface.so.2.5.5
[245.109s] -- Set runtime path of "/home/thisum/my_ws/src/install/moveit_core/lib/libmoveit_planning_interface.so.2.5.5" to ""
[245.109s] -- Installing: /home/thisum/my_ws/src/install/moveit_core/lib/libmoveit_planning_interface.so
[245.109s] -- Installing: /home/thisum/my_ws/src/install/moveit_core/lib/libmoveit_planning_scene.so.2.5.5
[245.111s] -- Set runtime path of "/home/thisum/my_ws/src/install/moveit_core/lib/libmoveit_planning_scene.so.2.5.5" to ""
[245.111s] -- Installing: /home/thisum/my_ws/src/install/moveit_core/lib/libmoveit_planning_scene.so
[245.111s] -- Installing: /home/thisum/my_ws/src/install/moveit_core/lib/libmoveit_planning_request_adapter.so.2.5.5
[245.112s] -- Set runtime path of "/home/thisum/my_ws/src/install/moveit_core/lib/libmoveit_planning_request_adapter.so.2.5.5" to ""
[245.112s] -- Installing: /home/thisum/my_ws/src/install/moveit_core/lib/libmoveit_planning_request_adapter.so
[245.112s] -- Installing: /home/thisum/my_ws/src/install/moveit_core/lib/libmoveit_robot_model.so.2.5.5
[245.114s] -- Set runtime path of "/home/thisum/my_ws/src/install/moveit_core/lib/libmoveit_robot_model.so.2.5.5" to ""
[245.114s] -- Installing: /home/thisum/my_ws/src/install/moveit_core/lib/libmoveit_robot_model.so
[245.114s] -- Installing: /home/thisum/my_ws/src/install/moveit_core/lib/libmoveit_robot_state.so.2.5.5
[245.116s] -- Set runtime path of "/home/thisum/my_ws/src/install/moveit_core/lib/libmoveit_robot_state.so.2.5.5" to ""
[245.117s] -- Installing: /home/thisum/my_ws/src/install/moveit_core/lib/libmoveit_robot_state.so
[245.117s] -- Installing: /home/thisum/my_ws/src/install/moveit_core/lib/libmoveit_robot_trajectory.so.2.5.5
[245.117s] -- Set runtime path of "/home/thisum/my_ws/src/install/moveit_core/lib/libmoveit_robot_trajectory.so.2.5.5" to ""
[245.118s] -- Installing: /home/thisum/my_ws/src/install/moveit_core/lib/libmoveit_robot_trajectory.so
[245.118s] -- Installing: /home/thisum/my_ws/src/install/moveit_core/lib/libmoveit_smoothing_base.so.2.5.5
[245.118s] -- Set runtime path of "/home/thisum/my_ws/src/install/moveit_core/lib/libmoveit_smoothing_base.so.2.5.5" to ""
[245.118s] -- Installing: /home/thisum/my_ws/src/install/moveit_core/lib/libmoveit_smoothing_base.so
[245.118s] -- Installing: /home/thisum/my_ws/src/install/moveit_core/lib/libmoveit_test_utils.so.2.5.5
[245.119s] -- Set runtime path of "/home/thisum/my_ws/src/install/moveit_core/lib/libmoveit_test_utils.so.2.5.5" to ""
[245.120s] -- Installing: /home/thisum/my_ws/src/install/moveit_core/lib/libmoveit_test_utils.so
[245.120s] -- Installing: /home/thisum/my_ws/src/install/moveit_core/lib/libmoveit_trajectory_processing.so.2.5.5
[245.121s] -- Set runtime path of "/home/thisum/my_ws/src/install/moveit_core/lib/libmoveit_trajectory_processing.so.2.5.5" to ""
[245.121s] -- Installing: /home/thisum/my_ws/src/install/moveit_core/lib/libmoveit_trajectory_processing.so
[245.121s] -- Installing: /home/thisum/my_ws/src/install/moveit_core/lib/libmoveit_transforms.so.2.5.5
[245.122s] -- Set runtime path of "/home/thisum/my_ws/src/install/moveit_core/lib/libmoveit_transforms.so.2.5.5" to ""
[245.122s] -- Installing: /home/thisum/my_ws/src/install/moveit_core/lib/libmoveit_transforms.so
[245.123s] -- Installing: /home/thisum/my_ws/src/install/moveit_core/lib/libmoveit_utils.so.2.5.5
[245.124s] -- Set runtime path of "/home/thisum/my_ws/src/install/moveit_core/lib/libmoveit_utils.so.2.5.5" to ""
[245.124s] -- Installing: /home/thisum/my_ws/src/install/moveit_core/lib/libmoveit_utils.so
[245.124s] -- Installing: /home/thisum/my_ws/src/install/moveit_core/share/moveit_core/environment/library_path.sh
[245.124s] -- Installing: /home/thisum/my_ws/src/install/moveit_core/share/moveit_core/environment/library_path.dsv
[245.124s] -- Installing: /home/thisum/my_ws/src/install/moveit_core/share/moveit_core/collision_detector_fcl_description.xml
[245.125s] -- Installing: /home/thisum/my_ws/src/install/moveit_core/share/moveit_core/collision_detector_bullet_description.xml
[245.125s] -- Installing: /home/thisum/my_ws/src/install/moveit_core/share/moveit_core/filter_plugin_butterworth.xml
[245.125s] -- Installing: /home/thisum/my_ws/src/install/moveit_core/share/ament_index/resource_index/package_run_dependencies/moveit_core
[245.126s] -- Installing: /home/thisum/my_ws/src/install/moveit_core/share/ament_index/resource_index/parent_prefix_path/moveit_core
[245.126s] -- Installing: /home/thisum/my_ws/src/install/moveit_core/share/moveit_core/environment/ament_prefix_path.sh
[245.126s] -- Installing: /home/thisum/my_ws/src/install/moveit_core/share/moveit_core/environment/ament_prefix_path.dsv
[245.127s] -- Installing: /home/thisum/my_ws/src/install/moveit_core/share/moveit_core/environment/path.sh
[245.127s] -- Installing: /home/thisum/my_ws/src/install/moveit_core/share/moveit_core/environment/path.dsv
[245.127s] -- Installing: /home/thisum/my_ws/src/install/moveit_core/share/moveit_core/local_setup.bash
[245.128s] -- Installing: /home/thisum/my_ws/src/install/moveit_core/share/moveit_core/local_setup.sh
[245.128s] -- Installing: /home/thisum/my_ws/src/install/moveit_core/share/moveit_core/local_setup.zsh
[245.128s] -- Installing: /home/thisum/my_ws/src/install/moveit_core/share/moveit_core/local_setup.dsv
[245.128s] -- Installing: /home/thisum/my_ws/src/install/moveit_core/share/moveit_core/package.dsv
[245.129s] -- Installing: /home/thisum/my_ws/src/install/moveit_core/share/ament_index/resource_index/packages/moveit_core
[245.129s] -- Installing: /home/thisum/my_ws/src/install/moveit_core/share/ament_index/resource_index/moveit_core__pluginlib__plugin/moveit_core
[245.130s] -- Installing: /home/thisum/my_ws/src/install/moveit_core/share/moveit_core/cmake/export_moveit_coreExport.cmake
[245.130s] -- Installing: /home/thisum/my_ws/src/install/moveit_core/share/moveit_core/cmake/export_moveit_coreExport-release.cmake
[245.131s] -- Installing: /home/thisum/my_ws/src/install/moveit_core/share/moveit_core/cmake/ConfigExtras.cmake
[245.131s] -- Installing: /home/thisum/my_ws/src/install/moveit_core/share/moveit_core/cmake/ament_cmake_export_targets-extras.cmake
[245.131s] -- Installing: /home/thisum/my_ws/src/install/moveit_core/share/moveit_core/cmake/ament_cmake_export_dependencies-extras.cmake
[245.132s] -- Installing: /home/thisum/my_ws/src/install/moveit_core/share/moveit_core/cmake/moveit_coreConfig.cmake
[245.132s] -- Installing: /home/thisum/my_ws/src/install/moveit_core/share/moveit_core/cmake/moveit_coreConfig-version.cmake
[245.132s] -- Installing: /home/thisum/my_ws/src/install/moveit_core/share/moveit_core/package.xml
[245.137s] Invoked command in '/home/thisum/my_ws/src/build/moveit_core' returned '0': AMENT_PREFIX_PATH=/home/thisum/my_ws/src/install/moveit_resources_panda_moveit_config:/home/thisum/my_ws/src/install/srdfdom:/home/thisum/my_ws/src/install/moveit_resources_pr2_description:/home/thisum/my_ws/src/install/moveit_resources_panda_description:/home/thisum/my_ws/src/install/moveit_common:${AMENT_PREFIX_PATH} CMAKE_PREFIX_PATH=/home/thisum/my_ws/src/install/moveit_resources_panda_moveit_config:/home/thisum/my_ws/src/install/srdfdom:/home/thisum/my_ws/src/install/moveit_resources_pr2_description:/home/thisum/my_ws/src/install/moveit_resources_panda_description:/home/thisum/my_ws/src/install/moveit_common:/home/thisum/my_ws/install/pilz_industrial_motion_planner_testutils:/home/thisum/my_ws/install/moveit_runtime:/home/thisum/my_ws/install/moveit2_tutorials:/home/thisum/my_ws/install/moveit:/home/thisum/my_ws/install/arm_config:/home/thisum/my_ws/install/moveit_planners:/home/thisum/my_ws/install/pilz_industrial_motion_planner:/home/thisum/my_ws/install/moveit_visual_tools:/home/thisum/my_ws/install/moveit_task_constructor_visualization:/home/thisum/my_ws/install/moveit_task_constructor_demo:/home/thisum/my_ws/install/moveit_task_constructor_capabilities:/home/thisum/my_ws/install/moveit_task_constructor_core:/home/thisum/my_ws/install/moveit_ros_control_interface:/home/thisum/my_ws/install/moveit_plugins:/home/thisum/my_ws/install/moveit_simple_controller_manager:/home/thisum/my_ws/install/moveit_setup_assistant:/home/thisum/my_ws/install/moveit_setup_srdf_plugins:/home/thisum/my_ws/install/moveit_setup_core_plugins:/home/thisum/my_ws/install/moveit_setup_controllers:/home/thisum/my_ws/install/moveit_setup_app_plugins:/home/thisum/my_ws/install/moveit_setup_framework:/home/thisum/my_ws/install/moveit_servo:/home/thisum/my_ws/install/moveit_ros:/home/thisum/my_ws/install/moveit_ros_visualization:/home/thisum/my_ws/install/moveit_hybrid_planning:/home/thisum/my_ws/install/moveit_ros_planning_interface:/home/thisum/my_ws/install/moveit_ros_benchmarks:/home/thisum/my_ws/install/moveit_ros_warehouse:/home/thisum/my_ws/install/moveit_ros_robot_interaction:/home/thisum/my_ws/install/moveit_ros_perception:/home/thisum/my_ws/install/moveit_resources_prbt_pg70_support:/home/thisum/my_ws/install/moveit_resources_prbt_moveit_config:/home/thisum/my_ws/install/moveit_ros_move_group:/home/thisum/my_ws/install/moveit_planners_ompl:/home/thisum/my_ws/install/moveit_ros_planning:/home/thisum/my_ws/install/moveit_ros_occupancy_map_monitor:/home/thisum/my_ws/install/moveit_resources_prbt_ikfast_manipulator_plugin:/home/thisum/my_ws/install/moveit_planners_chomp:/home/thisum/my_ws/install/moveit_kinematics:/home/thisum/my_ws/install/moveit_chomp_optimizer_adapter:/home/thisum/my_ws/install/chomp_motion_planner:/home/thisum/my_ws/install/moveit_core:/home/thisum/my_ws/install/srdfdom:/home/thisum/my_ws/install/rviz_marker_tools:/home/thisum/my_ws/install/rosparam_shortcuts:/home/thisum/my_ws/install/new_full_arm:/home/thisum/my_ws/install/moveit_task_constructor_msgs:/home/thisum/my_ws/install/moveit_resources_prbt_support:/home/thisum/my_ws/install/moveit_resources:/home/thisum/my_ws/install/moveit_resources_pr2_description:/home/thisum/my_ws/install/moveit_resources_panda_moveit_config:/home/thisum/my_ws/install/moveit_resources_panda_description:/home/thisum/my_ws/install/moveit_resources_fanuc_moveit_config:/home/thisum/my_ws/install/moveit_resources_fanuc_description:/home/thisum/my_ws/install/moveit_common:/home/thisum/arm_ws/install/x:/home/thisum/arm_ws/install/robotiq_description:/home/thisum/arm_ws/install/robotiq_controllers:/home/thisum/arm_ws/install/arm_config:/home/thisum/my_ws/install/moveit_configs_utils:/home/thisum/my_ws/install/launch_param_builder:/home/thisum/arm_ws/install/moveit_configs_utils:/opt/ros/humble:/home/thisum/arm_ws/install/new_full_arm:/home/thisum/arm_ws/install/moveit_resources_prbt_support:/home/thisum/arm_ws/install/moveit_resources_pr2_description:/home/thisum/arm_ws/install/moveit_resources_panda_description:/home/thisum/arm_ws/install/moveit_resources_fanuc_description:/home/thisum/arm_ws/install/moveit_msgs:/home/thisum/arm_ws/install/moveit_common:/home/thisum/arm_ws/install/kortex_api LD_LIBRARY_PATH=/home/thisum/my_ws/src/install/srdfdom/lib:${LD_LIBRARY_PATH} PYTHONPATH=/home/thisum/my_ws/src/install/srdfdom/local/lib/python3.10/dist-packages:${PYTHONPATH} /usr/bin/cmake --install /home/thisum/my_ws/src/build/moveit_core
