[0.033s] Invoking command in '/home/thisum/my_ws/build/moveit_ros_planning': AMENT_PREFIX_PATH=/home/thisum/my_ws/install/moveit_ros_occupancy_map_monitor:/home/thisum/my_ws/install/moveit_core:/home/thisum/my_ws/install/moveit_resources_panda_moveit_config:/home/thisum/my_ws/install/srdfdom:/home/thisum/my_ws/install/moveit_resources_pr2_description:/home/thisum/my_ws/install/moveit_resources_panda_description:/home/thisum/my_ws/install/moveit_common:${AMENT_PREFIX_PATH} CMAKE_PREFIX_PATH=/home/thisum/my_ws/install/moveit_ros_occupancy_map_monitor:/home/thisum/my_ws/install/moveit_core:/home/thisum/my_ws/install/moveit_resources_panda_moveit_config:/home/thisum/my_ws/install/srdfdom:/home/thisum/my_ws/install/moveit_resources_pr2_description:/home/thisum/my_ws/install/moveit_resources_panda_description:/home/thisum/my_ws/install/moveit_common:/opt/ros/humble LD_LIBRARY_PATH=/home/thisum/my_ws/install/moveit_ros_occupancy_map_monitor/lib:/home/thisum/my_ws/install/moveit_core/lib:/home/thisum/my_ws/install/srdfdom/lib:${LD_LIBRARY_PATH} PATH=/home/thisum/my_ws/install/moveit_core/bin:${PATH} PYTHONPATH=/home/thisum/my_ws/install/srdfdom/local/lib/python3.10/dist-packages:${PYTHONPATH} /usr/bin/cmake /home/thisum/my_ws/src/moveit2/moveit_ros/planning -DCMAKE_BUILD_TYPE=Release -DCMAKE_INSTALL_PREFIX=/home/thisum/my_ws/install/moveit_ros_planning
[0.109s] -- The C compiler identification is GNU 11.4.0
[0.181s] -- The CXX compiler identification is GNU 11.4.0
[0.189s] -- Detecting C compiler ABI info
[0.293s] -- Detecting C compiler ABI info - done
[0.299s] -- Check for working C compiler: /usr/bin/cc - skipped
[0.299s] -- Detecting C compile features
[0.299s] -- Detecting C compile features - done
[0.302s] -- Detecting CXX compiler ABI info
[0.432s] -- Detecting CXX compiler ABI info - done
[0.439s] -- Check for working CXX compiler: /usr/bin/c++ - skipped
[0.439s] -- Detecting CXX compile features
[0.440s] -- Detecting CXX compile features - done
[0.442s] -- Found moveit_common: 2.5.5 (/home/thisum/my_ws/install/moveit_common/share/moveit_common/cmake)
[0.445s] -- Found ament_cmake: 1.3.9 (/opt/ros/humble/share/ament_cmake/cmake)
[0.608s] -- Found Python3: /usr/bin/python3 (found version "3.10.12") found components: Interpreter 
[0.775s] -- Found libdw: /usr/lib/x86_64-linux-gnu/libdw.so  
[0.780s] -- Could NOT find libbfd (missing: LIBBFD_LIBRARY LIBBFD_INCLUDE_DIR) 
[0.780s] -- BACKWARD_HAS_UNWIND=1
[0.781s] -- BACKWARD_HAS_BACKTRACE=0
[0.781s] -- BACKWARD_HAS_BACKTRACE_SYMBOL=0
[0.781s] -- BACKWARD_HAS_DW=1
[0.781s] -- BACKWARD_HAS_BFD=0
[0.781s] -- Found Backward: /opt/ros/humble/share/backward_ros/cmake  
[0.784s] -- Found moveit_msgs: 2.2.1 (/opt/ros/humble/share/moveit_msgs/cmake)
[0.824s] -- Found rosidl_generator_c: 3.1.5 (/opt/ros/humble/share/rosidl_generator_c/cmake)
[0.830s] -- Found rosidl_adapter: 3.1.5 (/opt/ros/humble/share/rosidl_adapter/cmake)
[0.842s] -- Found rosidl_generator_cpp: 3.1.5 (/opt/ros/humble/share/rosidl_generator_cpp/cmake)
[0.857s] -- Using all available rosidl_typesupport_c: rosidl_typesupport_fastrtps_c;rosidl_typesupport_introspection_c
[0.884s] -- Using all available rosidl_typesupport_cpp: rosidl_typesupport_fastrtps_cpp;rosidl_typesupport_introspection_cpp
[1.689s] -- Found pluginlib: 5.1.0 (/opt/ros/humble/share/pluginlib/cmake)
[1.720s] -- Found rclcpp: 16.0.9 (/opt/ros/humble/share/rclcpp/cmake)
[1.784s] -- Found rmw_implementation_cmake: 6.1.2 (/opt/ros/humble/share/rmw_implementation_cmake/cmake)
[1.788s] -- Found rmw_fastrtps_cpp: 6.2.6 (/opt/ros/humble/share/rmw_fastrtps_cpp/cmake)
[1.827s] -- Found TinyXML2 via Config file: TinyXML2_DIR-NOTFOUND
[1.918s] -- Found OpenSSL: /usr/lib/x86_64-linux-gnu/libcrypto.so (found version "3.0.2")  
[1.921s] -- Found TinyXML2 via Config file: TinyXML2_DIR-NOTFOUND
[1.932s] -- Found FastRTPS: /opt/ros/humble/include  
[1.952s] -- Found TinyXML2 via Config file: TinyXML2_DIR-NOTFOUND
[1.953s] -- Found TinyXML2 via Config file: TinyXML2_DIR-NOTFOUND
[1.967s] -- Using RMW implementation 'rmw_fastrtps_cpp' as default
[1.978s] -- Looking for pthread.h
[2.092s] -- Looking for pthread.h - found
[2.092s] -- Performing Test CMAKE_HAVE_LIBC_PTHREAD
[2.216s] -- Performing Test CMAKE_HAVE_LIBC_PTHREAD - Success
[2.216s] -- Found Threads: TRUE  
[2.346s] -- Found message_filters: 4.3.4 (/opt/ros/humble/share/message_filters/cmake)
[2.352s] -- Found srdfdom: 2.0.4 (/home/thisum/my_ws/install/srdfdom/share/srdfdom/cmake)
[2.373s] -- Found tf2: 0.25.7 (/opt/ros/humble/share/tf2/cmake)
[2.382s] -- Found tf2_geometry_msgs: 0.25.7 (/opt/ros/humble/share/tf2_geometry_msgs/cmake)
[2.400s] -- Found eigen3_cmake_module: 0.1.1 (/opt/ros/humble/share/eigen3_cmake_module/cmake)
[2.401s] -- Found Eigen3: TRUE (found version "3.4.0") 
[2.401s] -- Ensuring Eigen3 include directory is part of orocos-kdl CMake target
[2.679s] -- Found tf2_eigen: 0.25.7 (/opt/ros/humble/share/tf2_eigen/cmake)
[2.685s] -- Found moveit_core: 2.5.5 (/home/thisum/my_ws/install/moveit_core/share/moveit_core/cmake)
[2.728s] -- Found Boost: /usr/lib/x86_64-linux-gnu/cmake/Boost-1.74.0/BoostConfig.cmake (found version "1.74.0") found components: chrono date_time filesystem iostreams program_options regex serialization system thread 
[2.768s] -- Found parameter_traits: 0.3.8 (/opt/ros/humble/share/parameter_traits/cmake)
[2.792s] -- Found rclcpp_lifecycle: 16.0.9 (/opt/ros/humble/share/rclcpp_lifecycle/cmake)
[2.840s] -- Found Boost: /usr/lib/x86_64-linux-gnu/cmake/Boost-1.74.0/BoostConfig.cmake (found version "1.74.0") found components: filesystem 
[2.975s] -- library: /usr/lib/x86_64-linux-gnu/libcurl.so
[3.350s] -- Found moveit_ros_occupancy_map_monitor: 2.5.5 (/home/thisum/my_ws/install/moveit_ros_occupancy_map_monitor/share/moveit_ros_occupancy_map_monitor/cmake)
[3.543s] -- Found Boost: /usr/lib/x86_64-linux-gnu/cmake/Boost-1.74.0/BoostConfig.cmake (found version "1.74.0") found components: system filesystem date_time program_options thread chrono 
[3.584s] -- Performing Test COMPILER_HAS_HIDDEN_VISIBILITY
[3.717s] -- Performing Test COMPILER_HAS_HIDDEN_VISIBILITY - Success
[3.718s] -- Performing Test COMPILER_HAS_HIDDEN_INLINE_VISIBILITY
[3.838s] -- Performing Test COMPILER_HAS_HIDDEN_INLINE_VISIBILITY - Success
[3.838s] -- Performing Test COMPILER_HAS_DEPRECATED_ATTR
[3.978s] -- Performing Test COMPILER_HAS_DEPRECATED_ATTR - Success
[4.008s] -- Found ament_cmake_gtest: 1.3.9 (/opt/ros/humble/share/ament_cmake_gtest/cmake)
[4.010s] -- Found ament_cmake_gmock: 1.3.9 (/opt/ros/humble/share/ament_cmake_gmock/cmake)
[4.013s] -- Found gmock sources under '/opt/ros/humble/src/gmock_vendor': C++ tests using 'Google Mock' will be built
[4.017s] -- Found gtest sources under '/opt/ros/humble/src/gtest_vendor': C++ tests using 'Google Test' will be built
[4.045s] -- Found ament_lint_auto: 0.12.11 (/opt/ros/humble/share/ament_lint_auto/cmake)
[4.065s] -- Found launch_testing_ament_cmake: 1.0.6 (/opt/ros/humble/share/launch_testing_ament_cmake/cmake)
[4.068s] -- Found python_cmake_module: 0.10.0 (/opt/ros/humble/share/python_cmake_module/cmake)
[4.093s] -- Found PythonInterp: /usr/bin/python3 (found suitable version "3.10.12", minimum required is "3.6") 
[4.098s] -- Found PythonLibs: /usr/lib/x86_64-linux-gnu/libpython3.10.so (found suitable version "3.10.12", minimum required is "3.5") 
[4.098s] -- Using PYTHON_EXECUTABLE: /usr/bin/python3
[4.098s] -- Using PYTHON_INCLUDE_DIRS: /usr/include/python3.10
[4.098s] -- Using PYTHON_LIBRARIES: /usr/lib/x86_64-linux-gnu/libpython3.10.so
[4.120s] -- Found PythonExtra: .so  
[4.136s] -- Added test 'cppcheck' to perform static code analysis on C / C++ code
[4.137s] -- Configured cppcheck include dirs: /home/thisum/my_ws/src/moveit2/moveit_ros/planning/rdf_loader/include;/home/thisum/my_ws/src/moveit2/moveit_ros/planning/kinematics_plugin_loader/include;/home/thisum/my_ws/src/moveit2/moveit_ros/planning/robot_model_loader/include;/home/thisum/my_ws/src/moveit2/moveit_ros/planning/constraint_sampler_manager_loader/include;/home/thisum/my_ws/src/moveit2/moveit_ros/planning/planning_pipeline/include;/home/thisum/my_ws/src/moveit2/moveit_ros/planning/planning_scene_monitor/include;/home/thisum/my_ws/src/moveit2/moveit_ros/planning/trajectory_execution_manager/include;/home/thisum/my_ws/src/moveit2/moveit_ros/planning/plan_execution/include;/home/thisum/my_ws/src/moveit2/moveit_ros/planning/collision_plugin_loader/include;/home/thisum/my_ws/src/moveit2/moveit_ros/planning/moveit_cpp/include
[4.137s] -- Configured cppcheck exclude dirs and/or files: 
[4.140s] -- Added test 'lint_cmake' to check CMake code style
[4.142s] -- Added test 'pep257' to check Python code against some of the docstring style conventions in PEP 257
[4.147s] -- Added test 'xmllint' to check XML markup files
[4.150s] -- Configuring done
[4.549s] -- Generating done
[4.557s] -- Build files have been written to: /home/thisum/my_ws/build/moveit_ros_planning
[4.594s] Invoked command in '/home/thisum/my_ws/build/moveit_ros_planning' returned '0': AMENT_PREFIX_PATH=/home/thisum/my_ws/install/moveit_ros_occupancy_map_monitor:/home/thisum/my_ws/install/moveit_core:/home/thisum/my_ws/install/moveit_resources_panda_moveit_config:/home/thisum/my_ws/install/srdfdom:/home/thisum/my_ws/install/moveit_resources_pr2_description:/home/thisum/my_ws/install/moveit_resources_panda_description:/home/thisum/my_ws/install/moveit_common:${AMENT_PREFIX_PATH} CMAKE_PREFIX_PATH=/home/thisum/my_ws/install/moveit_ros_occupancy_map_monitor:/home/thisum/my_ws/install/moveit_core:/home/thisum/my_ws/install/moveit_resources_panda_moveit_config:/home/thisum/my_ws/install/srdfdom:/home/thisum/my_ws/install/moveit_resources_pr2_description:/home/thisum/my_ws/install/moveit_resources_panda_description:/home/thisum/my_ws/install/moveit_common:/opt/ros/humble LD_LIBRARY_PATH=/home/thisum/my_ws/install/moveit_ros_occupancy_map_monitor/lib:/home/thisum/my_ws/install/moveit_core/lib:/home/thisum/my_ws/install/srdfdom/lib:${LD_LIBRARY_PATH} PATH=/home/thisum/my_ws/install/moveit_core/bin:${PATH} PYTHONPATH=/home/thisum/my_ws/install/srdfdom/local/lib/python3.10/dist-packages:${PYTHONPATH} /usr/bin/cmake /home/thisum/my_ws/src/moveit2/moveit_ros/planning -DCMAKE_BUILD_TYPE=Release -DCMAKE_INSTALL_PREFIX=/home/thisum/my_ws/install/moveit_ros_planning
[4.595s] Invoking command in '/home/thisum/my_ws/build/moveit_ros_planning': AMENT_PREFIX_PATH=/home/thisum/my_ws/install/moveit_ros_occupancy_map_monitor:/home/thisum/my_ws/install/moveit_core:/home/thisum/my_ws/install/moveit_resources_panda_moveit_config:/home/thisum/my_ws/install/srdfdom:/home/thisum/my_ws/install/moveit_resources_pr2_description:/home/thisum/my_ws/install/moveit_resources_panda_description:/home/thisum/my_ws/install/moveit_common:${AMENT_PREFIX_PATH} CMAKE_PREFIX_PATH=/home/thisum/my_ws/install/moveit_ros_occupancy_map_monitor:/home/thisum/my_ws/install/moveit_core:/home/thisum/my_ws/install/moveit_resources_panda_moveit_config:/home/thisum/my_ws/install/srdfdom:/home/thisum/my_ws/install/moveit_resources_pr2_description:/home/thisum/my_ws/install/moveit_resources_panda_description:/home/thisum/my_ws/install/moveit_common:/opt/ros/humble LD_LIBRARY_PATH=/home/thisum/my_ws/install/moveit_ros_occupancy_map_monitor/lib:/home/thisum/my_ws/install/moveit_core/lib:/home/thisum/my_ws/install/srdfdom/lib:${LD_LIBRARY_PATH} PATH=/home/thisum/my_ws/install/moveit_core/bin:${PATH} PYTHONPATH=/home/thisum/my_ws/install/srdfdom/local/lib/python3.10/dist-packages:${PYTHONPATH} /usr/bin/cmake --build /home/thisum/my_ws/build/moveit_ros_planning -- -j6 -l6
[4.672s] [  9%] [32mBuilding CXX object gmock/CMakeFiles/gmock_main.dir/src/gmock_main.cc.o[0m
[4.672s] [  9%] [32mBuilding CXX object planning_request_adapter_plugins/CMakeFiles/moveit_default_planning_request_adapter_plugins.dir/src/empty.cpp.o[0m
[4.672s] [  9%] [32mBuilding CXX object collision_plugin_loader/CMakeFiles/moveit_collision_plugin_loader.dir/src/collision_plugin_loader.cpp.o[0m
[4.672s] [  9%] [32mBuilding CXX object planning_pipeline/CMakeFiles/moveit_planning_pipeline.dir/src/planning_pipeline.cpp.o[0m
[4.672s] [  9%] [32mBuilding CXX object rdf_loader/CMakeFiles/moveit_rdf_loader.dir/src/rdf_loader.cpp.o[0m
[4.673s] [  9%] [32mBuilding CXX object planning_request_adapter_plugins/CMakeFiles/moveit_list_request_adapter_plugins.dir/src/list.cpp.o[0m
[5.974s] [ 11%] [32m[1mLinking CXX static library libgmock_main.a[0m
[6.072s] [ 11%] Built target gmock_main
[6.103s] [ 12%] [32mBuilding CXX object gmock/CMakeFiles/gmock.dir/opt/ros/humble/src/gtest_vendor/src/gtest-all.cc.o[0m
[9.464s] [ 14%] [32mBuilding CXX object rdf_loader/CMakeFiles/moveit_rdf_loader.dir/src/synchronized_string_parameter.cpp.o[0m
[13.242s] [ 16%] [32mBuilding CXX object planning_request_adapter_plugins/CMakeFiles/moveit_default_planning_request_adapter_plugins.dir/src/fix_start_state_bounds.cpp.o[0m
[13.801s] [ 17%] [32mBuilding CXX object gmock/CMakeFiles/gmock.dir/src/gmock-all.cc.o[0m
[14.528s] [ 19%] [32m[1mLinking CXX shared library libmoveit_collision_plugin_loader.so[0m
[14.787s] [ 19%] Built target moveit_collision_plugin_loader
[14.863s] [ 20%] [32mBuilding CXX object planning_request_adapter_plugins/CMakeFiles/moveit_default_planning_request_adapter_plugins.dir/src/fix_start_state_collision.cpp.o[0m
[17.246s] [ 22%] [32m[1mLinking CXX static library libgmock.a[0m
[17.361s] [ 22%] Built target gmock
[17.378s] [ 24%] [32mBuilding CXX object planning_request_adapter_plugins/CMakeFiles/moveit_default_planning_request_adapter_plugins.dir/src/fix_start_state_path_constraints.cpp.o[0m
[20.190s] [ 25%] [32m[1mLinking CXX executable moveit_list_request_adapter_plugins[0m
[20.529s] [ 25%] Built target moveit_list_request_adapter_plugins
[20.545s] [ 27%] [32mBuilding CXX object planning_request_adapter_plugins/CMakeFiles/moveit_default_planning_request_adapter_plugins.dir/src/fix_workspace_bounds.cpp.o[0m
[23.930s] [ 29%] [32m[1mLinking CXX shared library libmoveit_rdf_loader.so[0m
[24.232s] [ 29%] Built target moveit_rdf_loader
[24.300s] [ 30%] [32mBuilding CXX object kinematics_plugin_loader/CMakeFiles/moveit_kinematics_plugin_loader.dir/src/kinematics_plugin_loader.cpp.o[0m
[27.071s] [ 32%] [32mBuilding CXX object planning_request_adapter_plugins/CMakeFiles/moveit_default_planning_request_adapter_plugins.dir/src/add_time_parameterization.cpp.o[0m
[27.123s] [ 33%] [32mBuilding CXX object planning_request_adapter_plugins/CMakeFiles/moveit_default_planning_request_adapter_plugins.dir/src/add_ruckig_traj_smoothing.cpp.o[0m
[28.086s] [ 35%] [32m[1mLinking CXX shared library libmoveit_planning_pipeline.so[0m
[28.395s] [ 35%] Built target moveit_planning_pipeline
[28.431s] [ 37%] [32mBuilding CXX object constraint_sampler_manager_loader/CMakeFiles/moveit_constraint_sampler_manager_loader.dir/src/constraint_sampler_manager_loader.cpp.o[0m
[29.537s] [ 38%] [32mBuilding CXX object planning_request_adapter_plugins/CMakeFiles/moveit_default_planning_request_adapter_plugins.dir/src/add_iterative_spline_parameterization.cpp.o[0m
[31.542s] [ 40%] [32mBuilding CXX object planning_request_adapter_plugins/CMakeFiles/moveit_default_planning_request_adapter_plugins.dir/src/add_time_optimal_parameterization.cpp.o[0m
[35.659s] [ 41%] [32mBuilding CXX object planning_request_adapter_plugins/CMakeFiles/moveit_default_planning_request_adapter_plugins.dir/src/resolve_constraint_frames.cpp.o[0m
[38.370s] [ 43%] [32m[1mLinking CXX shared library libmoveit_kinematics_plugin_loader.so[0m
[38.621s] [ 43%] Built target moveit_kinematics_plugin_loader
[42.366s] [ 45%] [32m[1mLinking CXX shared library libmoveit_constraint_sampler_manager_loader.so[0m
[42.652s] [ 45%] Built target moveit_constraint_sampler_manager_loader
[42.696s] [ 46%] [32mBuilding CXX object robot_model_loader/CMakeFiles/moveit_robot_model_loader.dir/src/robot_model_loader.cpp.o[0m
[44.233s] [ 48%] [32m[1mLinking CXX shared library libmoveit_default_planning_request_adapter_plugins.so[0m
[44.472s] [ 48%] Built target moveit_default_planning_request_adapter_plugins
[48.766s] [ 50%] [32m[1mLinking CXX shared library libmoveit_robot_model_loader.so[0m
[49.001s] [ 50%] Built target moveit_robot_model_loader
[49.032s] [ 51%] [32mBuilding CXX object planning_components_tools/CMakeFiles/moveit_print_planning_model_info.dir/src/print_planning_model_info.cpp.o[0m
[49.045s] [ 53%] [32mBuilding CXX object planning_scene_monitor/CMakeFiles/moveit_planning_scene_monitor.dir/src/current_state_monitor.cpp.o[0m
[49.046s] [ 54%] [32mBuilding CXX object planning_scene_monitor/CMakeFiles/moveit_planning_scene_monitor.dir/src/current_state_monitor_middleware_handle.cpp.o[0m
[49.051s] [ 56%] [32mBuilding CXX object planning_scene_monitor/CMakeFiles/moveit_planning_scene_monitor.dir/src/planning_scene_monitor.cpp.o[0m
[49.060s] [ 58%] [32mBuilding CXX object planning_scene_monitor/CMakeFiles/moveit_planning_scene_monitor.dir/src/trajectory_monitor.cpp.o[0m
[54.942s] [ 59%] [32m[1mLinking CXX executable moveit_print_planning_model_info[0m
[55.270s] [ 59%] Built target moveit_print_planning_model_info
[58.120s] [ 61%] [32mBuilding CXX object planning_scene_monitor/CMakeFiles/moveit_planning_scene_monitor.dir/src/trajectory_monitor_middleware_handle.cpp.o[0m
[81.481s] [ 62%] [32m[1mLinking CXX shared library libmoveit_planning_scene_monitor.so[0m
[81.942s] [ 62%] Built target moveit_planning_scene_monitor
[81.978s] [ 66%] [32mBuilding CXX object planning_scene_monitor/CMakeFiles/current_state_monitor_tests.dir/test/current_state_monitor_tests.cpp.o[0m
[81.978s] [ 66%] [32mBuilding CXX object planning_components_tools/CMakeFiles/moveit_print_planning_scene_info.dir/src/print_planning_scene_info.cpp.o[0m
[81.978s] [ 67%] [32mBuilding CXX object planning_components_tools/CMakeFiles/moveit_display_random_state.dir/src/display_random_state.cpp.o[0m
[81.985s] [ 72%] [32mBuilding CXX object planning_scene_monitor/CMakeFiles/trajectory_monitor_tests.dir/test/trajectory_monitor_tests.cpp.o[0m
[81.985s] [ 72%] [32mBuilding CXX object planning_scene_monitor/CMakeFiles/demo_scene.dir/demos/demo_scene.cpp.o[0m
[81.985s] [ 72%] [32mBuilding CXX object planning_components_tools/CMakeFiles/moveit_visualize_robot_collision_volume.dir/src/visualize_robot_collision_volume.cpp.o[0m
[97.054s] [ 74%] [32m[1mLinking CXX executable moveit_print_planning_scene_info[0m
[97.752s] [ 74%] Built target moveit_print_planning_scene_info
[97.804s] [ 75%] [32mBuilding CXX object planning_components_tools/CMakeFiles/moveit_evaluate_collision_checking_speed.dir/src/evaluate_collision_checking_speed.cpp.o[0m
[100.643s] [ 77%] [32m[1mLinking CXX executable demo_scene[0m
[100.830s] [ 79%] [32m[1mLinking CXX executable trajectory_monitor_tests[0m
[100.866s] [ 80%] [32m[1mLinking CXX executable current_state_monitor_tests[0m
[100.919s] [ 82%] [32m[1mLinking CXX executable moveit_visualize_robot_collision_volume[0m
[101.065s] [ 82%] Built target demo_scene
[101.130s] [ 83%] [32m[1mLinking CXX executable moveit_display_random_state[0m
[101.156s] [ 85%] [32mBuilding CXX object planning_components_tools/CMakeFiles/moveit_publish_scene_from_text.dir/src/publish_scene_from_text.cpp.o[0m
[101.476s] [ 85%] Built target trajectory_monitor_tests
[101.477s] [ 85%] Built target moveit_visualize_robot_collision_volume
[101.517s] [ 87%] [32mBuilding CXX object trajectory_execution_manager/CMakeFiles/moveit_trajectory_execution_manager.dir/src/trajectory_execution_manager.cpp.o[0m
[101.517s] [ 87%] Built target current_state_monitor_tests
[101.670s] [ 87%] Built target moveit_display_random_state
[109.984s] [ 88%] [32m[1mLinking CXX executable moveit_evaluate_collision_checking_speed[0m
[110.367s] [ 88%] Built target moveit_evaluate_collision_checking_speed
[113.218s] [ 90%] [32m[1mLinking CXX executable moveit_publish_scene_from_text[0m
[113.623s] [ 90%] Built target moveit_publish_scene_from_text
[124.619s] [ 91%] [32m[1mLinking CXX shared library libmoveit_trajectory_execution_manager.so[0m
[124.997s] [ 91%] Built target moveit_trajectory_execution_manager
[125.027s] [ 96%] [32mBuilding CXX object moveit_cpp/CMakeFiles/moveit_cpp.dir/src/planning_component.cpp.o[0m
[125.027s] [ 96%] [32mBuilding CXX object moveit_cpp/CMakeFiles/moveit_cpp.dir/src/moveit_cpp.cpp.o[0m
[125.027s] [ 96%] [32mBuilding CXX object plan_execution/CMakeFiles/moveit_plan_execution.dir/src/plan_execution.cpp.o[0m
[135.786s] [ 98%] [32m[1mLinking CXX shared library libmoveit_plan_execution.so[0m
[136.149s] [ 98%] Built target moveit_plan_execution
[140.088s] [100%] [32m[1mLinking CXX shared library libmoveit_cpp.so[0m
[140.423s] [100%] Built target moveit_cpp
[140.445s] Invoked command in '/home/thisum/my_ws/build/moveit_ros_planning' returned '0': AMENT_PREFIX_PATH=/home/thisum/my_ws/install/moveit_ros_occupancy_map_monitor:/home/thisum/my_ws/install/moveit_core:/home/thisum/my_ws/install/moveit_resources_panda_moveit_config:/home/thisum/my_ws/install/srdfdom:/home/thisum/my_ws/install/moveit_resources_pr2_description:/home/thisum/my_ws/install/moveit_resources_panda_description:/home/thisum/my_ws/install/moveit_common:${AMENT_PREFIX_PATH} CMAKE_PREFIX_PATH=/home/thisum/my_ws/install/moveit_ros_occupancy_map_monitor:/home/thisum/my_ws/install/moveit_core:/home/thisum/my_ws/install/moveit_resources_panda_moveit_config:/home/thisum/my_ws/install/srdfdom:/home/thisum/my_ws/install/moveit_resources_pr2_description:/home/thisum/my_ws/install/moveit_resources_panda_description:/home/thisum/my_ws/install/moveit_common:/opt/ros/humble LD_LIBRARY_PATH=/home/thisum/my_ws/install/moveit_ros_occupancy_map_monitor/lib:/home/thisum/my_ws/install/moveit_core/lib:/home/thisum/my_ws/install/srdfdom/lib:${LD_LIBRARY_PATH} PATH=/home/thisum/my_ws/install/moveit_core/bin:${PATH} PYTHONPATH=/home/thisum/my_ws/install/srdfdom/local/lib/python3.10/dist-packages:${PYTHONPATH} /usr/bin/cmake --build /home/thisum/my_ws/build/moveit_ros_planning -- -j6 -l6
[140.549s] Invoking command in '/home/thisum/my_ws/build/moveit_ros_planning': AMENT_PREFIX_PATH=/home/thisum/my_ws/install/moveit_ros_occupancy_map_monitor:/home/thisum/my_ws/install/moveit_core:/home/thisum/my_ws/install/moveit_resources_panda_moveit_config:/home/thisum/my_ws/install/srdfdom:/home/thisum/my_ws/install/moveit_resources_pr2_description:/home/thisum/my_ws/install/moveit_resources_panda_description:/home/thisum/my_ws/install/moveit_common:${AMENT_PREFIX_PATH} CMAKE_PREFIX_PATH=/home/thisum/my_ws/install/moveit_ros_occupancy_map_monitor:/home/thisum/my_ws/install/moveit_core:/home/thisum/my_ws/install/moveit_resources_panda_moveit_config:/home/thisum/my_ws/install/srdfdom:/home/thisum/my_ws/install/moveit_resources_pr2_description:/home/thisum/my_ws/install/moveit_resources_panda_description:/home/thisum/my_ws/install/moveit_common:/opt/ros/humble LD_LIBRARY_PATH=/home/thisum/my_ws/install/moveit_ros_occupancy_map_monitor/lib:/home/thisum/my_ws/install/moveit_core/lib:/home/thisum/my_ws/install/srdfdom/lib:${LD_LIBRARY_PATH} PATH=/home/thisum/my_ws/install/moveit_core/bin:${PATH} PYTHONPATH=/home/thisum/my_ws/install/srdfdom/local/lib/python3.10/dist-packages:${PYTHONPATH} /usr/bin/cmake --install /home/thisum/my_ws/build/moveit_ros_planning
[140.559s] -- Install configuration: "Release"
[140.559s] -- Installing: /home/thisum/my_ws/install/moveit_ros_planning/include
[140.559s] -- Installing: /home/thisum/my_ws/install/moveit_ros_planning/include/moveit
[140.559s] -- Installing: /home/thisum/my_ws/install/moveit_ros_planning/include/moveit/rdf_loader
[140.560s] -- Installing: /home/thisum/my_ws/install/moveit_ros_planning/include/moveit/rdf_loader/rdf_loader.h
[140.560s] -- Installing: /home/thisum/my_ws/install/moveit_ros_planning/include/moveit/rdf_loader/synchronized_string_parameter.h
[140.560s] -- Installing: /home/thisum/my_ws/install/moveit_ros_planning/share/moveit_ros_planning/rdf_loader/test/data
[140.561s] -- Installing: /home/thisum/my_ws/install/moveit_ros_planning/share/moveit_ros_planning/rdf_loader/test/data/gonzo.srdf
[140.561s] -- Installing: /home/thisum/my_ws/install/moveit_ros_planning/share/moveit_ros_planning/rdf_loader/test/data/kermit.srdf
[140.561s] -- Installing: /home/thisum/my_ws/install/moveit_ros_planning/share/moveit_ros_planning/rdf_loader/test/data/robin.srdf.xacro
[140.561s] -- Installing: /home/thisum/my_ws/install/moveit_ros_planning/share/moveit_ros_planning/rdf_loader/test/data/gonzo.urdf
[140.561s] -- Installing: /home/thisum/my_ws/install/moveit_ros_planning/share/moveit_ros_planning/rdf_loader/test/data/kermit.urdf
[140.562s] -- Installing: /home/thisum/my_ws/install/moveit_ros_planning/share/moveit_ros_planning/rdf_loader/test/launch
[140.562s] -- Installing: /home/thisum/my_ws/install/moveit_ros_planning/share/moveit_ros_planning/rdf_loader/test/launch/test_rdf_integration.test.py
[140.562s] -- Up-to-date: /home/thisum/my_ws/install/moveit_ros_planning/include
[140.562s] -- Up-to-date: /home/thisum/my_ws/install/moveit_ros_planning/include/moveit
[140.562s] -- Installing: /home/thisum/my_ws/install/moveit_ros_planning/include/moveit/collision_plugin_loader
[140.562s] -- Installing: /home/thisum/my_ws/install/moveit_ros_planning/include/moveit/collision_plugin_loader/collision_plugin_loader.h
[140.562s] -- Up-to-date: /home/thisum/my_ws/install/moveit_ros_planning/include
[140.563s] -- Up-to-date: /home/thisum/my_ws/install/moveit_ros_planning/include/moveit
[140.563s] -- Installing: /home/thisum/my_ws/install/moveit_ros_planning/include/moveit/kinematics_plugin_loader
[140.563s] -- Installing: /home/thisum/my_ws/install/moveit_ros_planning/include/moveit/kinematics_plugin_loader/kinematics_plugin_loader.h
[140.563s] -- Up-to-date: /home/thisum/my_ws/install/moveit_ros_planning/include
[140.563s] -- Up-to-date: /home/thisum/my_ws/install/moveit_ros_planning/include/moveit
[140.563s] -- Installing: /home/thisum/my_ws/install/moveit_ros_planning/include/moveit/robot_model_loader
[140.563s] -- Installing: /home/thisum/my_ws/install/moveit_ros_planning/include/moveit/robot_model_loader/robot_model_loader.h
[140.564s] -- Up-to-date: /home/thisum/my_ws/install/moveit_ros_planning/include
[140.564s] -- Up-to-date: /home/thisum/my_ws/install/moveit_ros_planning/include/moveit
[140.564s] -- Installing: /home/thisum/my_ws/install/moveit_ros_planning/include/moveit/constraint_sampler_manager_loader
[140.564s] -- Installing: /home/thisum/my_ws/install/moveit_ros_planning/include/moveit/constraint_sampler_manager_loader/constraint_sampler_manager_loader.h
[140.564s] -- Up-to-date: /home/thisum/my_ws/install/moveit_ros_planning/include
[140.564s] -- Up-to-date: /home/thisum/my_ws/install/moveit_ros_planning/include/moveit
[140.564s] -- Installing: /home/thisum/my_ws/install/moveit_ros_planning/include/moveit/planning_pipeline
[140.564s] -- Installing: /home/thisum/my_ws/install/moveit_ros_planning/include/moveit/planning_pipeline/planning_pipeline.h
[140.564s] -- Installing: /home/thisum/my_ws/install/moveit_ros_planning/include/moveit_planning_pipeline_export.h
[140.565s] -- Installing: /home/thisum/my_ws/install/moveit_ros_planning/lib/moveit_ros_planning/moveit_list_request_adapter_plugins
[140.566s] -- Set runtime path of "/home/thisum/my_ws/install/moveit_ros_planning/lib/moveit_ros_planning/moveit_list_request_adapter_plugins" to ""
[140.566s] -- Installing: /home/thisum/my_ws/install/moveit_ros_planning/lib/moveit_ros_planning/demo_scene
[140.567s] -- Set runtime path of "/home/thisum/my_ws/install/moveit_ros_planning/lib/moveit_ros_planning/demo_scene" to ""
[140.567s] -- Up-to-date: /home/thisum/my_ws/install/moveit_ros_planning/include
[140.567s] -- Up-to-date: /home/thisum/my_ws/install/moveit_ros_planning/include/moveit
[140.567s] -- Installing: /home/thisum/my_ws/install/moveit_ros_planning/include/moveit/planning_scene_monitor
[140.568s] -- Installing: /home/thisum/my_ws/install/moveit_ros_planning/include/moveit/planning_scene_monitor/trajectory_monitor.h
[140.568s] -- Installing: /home/thisum/my_ws/install/moveit_ros_planning/include/moveit/planning_scene_monitor/planning_scene_monitor.h
[140.568s] -- Installing: /home/thisum/my_ws/install/moveit_ros_planning/include/moveit/planning_scene_monitor/trajectory_monitor_middleware_handle.hpp
[140.568s] -- Installing: /home/thisum/my_ws/install/moveit_ros_planning/include/moveit/planning_scene_monitor/current_state_monitor.h
[140.568s] -- Installing: /home/thisum/my_ws/install/moveit_ros_planning/include/moveit/planning_scene_monitor/current_state_monitor_middleware_handle.hpp
[140.569s] -- Installing: /home/thisum/my_ws/install/moveit_ros_planning/include/moveit_planning_scene_monitor_export.h
[140.569s] -- Installing: /home/thisum/my_ws/install/moveit_ros_planning/lib/moveit_ros_planning/moveit_print_planning_model_info
[140.570s] -- Set runtime path of "/home/thisum/my_ws/install/moveit_ros_planning/lib/moveit_ros_planning/moveit_print_planning_model_info" to ""
[140.570s] -- Installing: /home/thisum/my_ws/install/moveit_ros_planning/lib/moveit_ros_planning/moveit_print_planning_scene_info
[140.570s] -- Set runtime path of "/home/thisum/my_ws/install/moveit_ros_planning/lib/moveit_ros_planning/moveit_print_planning_scene_info" to ""
[140.570s] -- Installing: /home/thisum/my_ws/install/moveit_ros_planning/lib/moveit_ros_planning/moveit_display_random_state
[140.571s] -- Set runtime path of "/home/thisum/my_ws/install/moveit_ros_planning/lib/moveit_ros_planning/moveit_display_random_state" to ""
[140.571s] -- Installing: /home/thisum/my_ws/install/moveit_ros_planning/lib/moveit_ros_planning/moveit_visualize_robot_collision_volume
[140.572s] -- Set runtime path of "/home/thisum/my_ws/install/moveit_ros_planning/lib/moveit_ros_planning/moveit_visualize_robot_collision_volume" to ""
[140.572s] -- Installing: /home/thisum/my_ws/install/moveit_ros_planning/lib/moveit_ros_planning/moveit_evaluate_collision_checking_speed
[140.573s] -- Set runtime path of "/home/thisum/my_ws/install/moveit_ros_planning/lib/moveit_ros_planning/moveit_evaluate_collision_checking_speed" to ""
[140.573s] -- Installing: /home/thisum/my_ws/install/moveit_ros_planning/lib/moveit_ros_planning/moveit_publish_scene_from_text
[140.574s] -- Set runtime path of "/home/thisum/my_ws/install/moveit_ros_planning/lib/moveit_ros_planning/moveit_publish_scene_from_text" to ""
[140.574s] -- Up-to-date: /home/thisum/my_ws/install/moveit_ros_planning/include
[140.574s] -- Up-to-date: /home/thisum/my_ws/install/moveit_ros_planning/include/moveit
[140.575s] -- Installing: /home/thisum/my_ws/install/moveit_ros_planning/include/moveit/trajectory_execution_manager
[140.575s] -- Installing: /home/thisum/my_ws/install/moveit_ros_planning/include/moveit/trajectory_execution_manager/trajectory_execution_manager.h
[140.575s] -- Installing: /home/thisum/my_ws/install/moveit_ros_planning/include/moveit_trajectory_execution_manager_export.h
[140.575s] -- Up-to-date: /home/thisum/my_ws/install/moveit_ros_planning/include
[140.576s] -- Up-to-date: /home/thisum/my_ws/install/moveit_ros_planning/include/moveit
[140.576s] -- Installing: /home/thisum/my_ws/install/moveit_ros_planning/include/moveit/plan_execution
[140.576s] -- Installing: /home/thisum/my_ws/install/moveit_ros_planning/include/moveit/plan_execution/plan_representation.h
[140.576s] -- Installing: /home/thisum/my_ws/install/moveit_ros_planning/include/moveit/plan_execution/plan_execution.h
[140.576s] -- Up-to-date: /home/thisum/my_ws/install/moveit_ros_planning/include
[140.576s] -- Up-to-date: /home/thisum/my_ws/install/moveit_ros_planning/include/moveit
[140.576s] -- Installing: /home/thisum/my_ws/install/moveit_ros_planning/include/moveit/moveit_cpp
[140.584s] -- Installing: /home/thisum/my_ws/install/moveit_ros_planning/include/moveit/moveit_cpp/planning_component.h
[140.584s] -- Installing: /home/thisum/my_ws/install/moveit_ros_planning/include/moveit/moveit_cpp/moveit_cpp.h
[140.585s] -- Installing: /home/thisum/my_ws/install/moveit_ros_planning/lib/libmoveit_rdf_loader.so.2.5.5
[140.587s] -- Set runtime path of "/home/thisum/my_ws/install/moveit_ros_planning/lib/libmoveit_rdf_loader.so.2.5.5" to ""
[140.587s] -- Installing: /home/thisum/my_ws/install/moveit_ros_planning/lib/libmoveit_rdf_loader.so
[140.587s] -- Installing: /home/thisum/my_ws/install/moveit_ros_planning/lib/libmoveit_kinematics_plugin_loader.so.2.5.5
[140.588s] -- Set runtime path of "/home/thisum/my_ws/install/moveit_ros_planning/lib/libmoveit_kinematics_plugin_loader.so.2.5.5" to ""
[140.588s] -- Installing: /home/thisum/my_ws/install/moveit_ros_planning/lib/libmoveit_kinematics_plugin_loader.so
[140.588s] -- Installing: /home/thisum/my_ws/install/moveit_ros_planning/lib/libmoveit_robot_model_loader.so.2.5.5
[140.589s] -- Set runtime path of "/home/thisum/my_ws/install/moveit_ros_planning/lib/libmoveit_robot_model_loader.so.2.5.5" to ""
[140.589s] -- Installing: /home/thisum/my_ws/install/moveit_ros_planning/lib/libmoveit_robot_model_loader.so
[140.589s] -- Installing: /home/thisum/my_ws/install/moveit_ros_planning/lib/libmoveit_constraint_sampler_manager_loader.so.2.5.5
[140.590s] -- Set runtime path of "/home/thisum/my_ws/install/moveit_ros_planning/lib/libmoveit_constraint_sampler_manager_loader.so.2.5.5" to ""
[140.590s] -- Installing: /home/thisum/my_ws/install/moveit_ros_planning/lib/libmoveit_constraint_sampler_manager_loader.so
[140.590s] -- Installing: /home/thisum/my_ws/install/moveit_ros_planning/lib/libmoveit_planning_pipeline.so.2.5.5
[140.593s] -- Set runtime path of "/home/thisum/my_ws/install/moveit_ros_planning/lib/libmoveit_planning_pipeline.so.2.5.5" to ""
[140.593s] -- Installing: /home/thisum/my_ws/install/moveit_ros_planning/lib/libmoveit_planning_pipeline.so
[140.593s] -- Installing: /home/thisum/my_ws/install/moveit_ros_planning/lib/libmoveit_trajectory_execution_manager.so.2.5.5
[140.597s] -- Set runtime path of "/home/thisum/my_ws/install/moveit_ros_planning/lib/libmoveit_trajectory_execution_manager.so.2.5.5" to ""
[140.597s] -- Installing: /home/thisum/my_ws/install/moveit_ros_planning/lib/libmoveit_trajectory_execution_manager.so
[140.597s] -- Installing: /home/thisum/my_ws/install/moveit_ros_planning/lib/libmoveit_plan_execution.so.2.5.5
[140.597s] -- Set runtime path of "/home/thisum/my_ws/install/moveit_ros_planning/lib/libmoveit_plan_execution.so.2.5.5" to ""
[140.598s] -- Installing: /home/thisum/my_ws/install/moveit_ros_planning/lib/libmoveit_plan_execution.so
[140.598s] -- Installing: /home/thisum/my_ws/install/moveit_ros_planning/lib/libmoveit_planning_scene_monitor.so.2.5.5
[140.605s] -- Set runtime path of "/home/thisum/my_ws/install/moveit_ros_planning/lib/libmoveit_planning_scene_monitor.so.2.5.5" to ""
[140.605s] -- Installing: /home/thisum/my_ws/install/moveit_ros_planning/lib/libmoveit_planning_scene_monitor.so
[140.605s] -- Installing: /home/thisum/my_ws/install/moveit_ros_planning/lib/libmoveit_collision_plugin_loader.so.2.5.5
[140.606s] -- Set runtime path of "/home/thisum/my_ws/install/moveit_ros_planning/lib/libmoveit_collision_plugin_loader.so.2.5.5" to ""
[140.606s] -- Installing: /home/thisum/my_ws/install/moveit_ros_planning/lib/libmoveit_collision_plugin_loader.so
[140.606s] -- Installing: /home/thisum/my_ws/install/moveit_ros_planning/lib/libmoveit_default_planning_request_adapter_plugins.so.2.5.5
[140.607s] -- Set runtime path of "/home/thisum/my_ws/install/moveit_ros_planning/lib/libmoveit_default_planning_request_adapter_plugins.so.2.5.5" to ""
[140.608s] -- Installing: /home/thisum/my_ws/install/moveit_ros_planning/lib/libmoveit_default_planning_request_adapter_plugins.so
[140.608s] -- Installing: /home/thisum/my_ws/install/moveit_ros_planning/lib/libmoveit_cpp.so.2.5.5
[140.609s] -- Set runtime path of "/home/thisum/my_ws/install/moveit_ros_planning/lib/libmoveit_cpp.so.2.5.5" to ""
[140.609s] -- Installing: /home/thisum/my_ws/install/moveit_ros_planning/lib/libmoveit_cpp.so
[140.610s] -- Installing: /home/thisum/my_ws/install/moveit_ros_planning/share/moveit_ros_planning/environment/library_path.sh
[140.610s] -- Installing: /home/thisum/my_ws/install/moveit_ros_planning/share/moveit_ros_planning/environment/library_path.dsv
[140.610s] -- Installing: /home/thisum/my_ws/install/moveit_ros_planning/share/moveit_ros_planning/planning_request_adapters_plugin_description.xml
[140.611s] -- Installing: /home/thisum/my_ws/install/moveit_ros_planning/share/ament_index/resource_index/package_run_dependencies/moveit_ros_planning
[140.611s] -- Installing: /home/thisum/my_ws/install/moveit_ros_planning/share/ament_index/resource_index/parent_prefix_path/moveit_ros_planning
[140.611s] -- Installing: /home/thisum/my_ws/install/moveit_ros_planning/share/moveit_ros_planning/environment/ament_prefix_path.sh
[140.612s] -- Installing: /home/thisum/my_ws/install/moveit_ros_planning/share/moveit_ros_planning/environment/ament_prefix_path.dsv
[140.612s] -- Installing: /home/thisum/my_ws/install/moveit_ros_planning/share/moveit_ros_planning/environment/path.sh
[140.612s] -- Installing: /home/thisum/my_ws/install/moveit_ros_planning/share/moveit_ros_planning/environment/path.dsv
[140.612s] -- Installing: /home/thisum/my_ws/install/moveit_ros_planning/share/moveit_ros_planning/local_setup.bash
[140.613s] -- Installing: /home/thisum/my_ws/install/moveit_ros_planning/share/moveit_ros_planning/local_setup.sh
[140.613s] -- Installing: /home/thisum/my_ws/install/moveit_ros_planning/share/moveit_ros_planning/local_setup.zsh
[140.613s] -- Installing: /home/thisum/my_ws/install/moveit_ros_planning/share/moveit_ros_planning/local_setup.dsv
[140.613s] -- Installing: /home/thisum/my_ws/install/moveit_ros_planning/share/moveit_ros_planning/package.dsv
[140.613s] -- Installing: /home/thisum/my_ws/install/moveit_ros_planning/share/ament_index/resource_index/packages/moveit_ros_planning
[140.614s] -- Installing: /home/thisum/my_ws/install/moveit_ros_planning/share/ament_index/resource_index/moveit_core__pluginlib__plugin/moveit_ros_planning
[140.614s] -- Installing: /home/thisum/my_ws/install/moveit_ros_planning/share/moveit_ros_planning/cmake/export_moveit_ros_planningExport.cmake
[140.614s] -- Installing: /home/thisum/my_ws/install/moveit_ros_planning/share/moveit_ros_planning/cmake/export_moveit_ros_planningExport-release.cmake
[140.615s] -- Installing: /home/thisum/my_ws/install/moveit_ros_planning/share/moveit_ros_planning/cmake/ConfigExtras.cmake
[140.615s] -- Installing: /home/thisum/my_ws/install/moveit_ros_planning/share/moveit_ros_planning/cmake/ament_cmake_export_targets-extras.cmake
[140.615s] -- Installing: /home/thisum/my_ws/install/moveit_ros_planning/share/moveit_ros_planning/cmake/ament_cmake_export_dependencies-extras.cmake
[140.616s] -- Installing: /home/thisum/my_ws/install/moveit_ros_planning/share/moveit_ros_planning/cmake/moveit_ros_planningConfig.cmake
[140.616s] -- Installing: /home/thisum/my_ws/install/moveit_ros_planning/share/moveit_ros_planning/cmake/moveit_ros_planningConfig-version.cmake
[140.616s] -- Installing: /home/thisum/my_ws/install/moveit_ros_planning/share/moveit_ros_planning/package.xml
[140.620s] Invoked command in '/home/thisum/my_ws/build/moveit_ros_planning' returned '0': AMENT_PREFIX_PATH=/home/thisum/my_ws/install/moveit_ros_occupancy_map_monitor:/home/thisum/my_ws/install/moveit_core:/home/thisum/my_ws/install/moveit_resources_panda_moveit_config:/home/thisum/my_ws/install/srdfdom:/home/thisum/my_ws/install/moveit_resources_pr2_description:/home/thisum/my_ws/install/moveit_resources_panda_description:/home/thisum/my_ws/install/moveit_common:${AMENT_PREFIX_PATH} CMAKE_PREFIX_PATH=/home/thisum/my_ws/install/moveit_ros_occupancy_map_monitor:/home/thisum/my_ws/install/moveit_core:/home/thisum/my_ws/install/moveit_resources_panda_moveit_config:/home/thisum/my_ws/install/srdfdom:/home/thisum/my_ws/install/moveit_resources_pr2_description:/home/thisum/my_ws/install/moveit_resources_panda_description:/home/thisum/my_ws/install/moveit_common:/opt/ros/humble LD_LIBRARY_PATH=/home/thisum/my_ws/install/moveit_ros_occupancy_map_monitor/lib:/home/thisum/my_ws/install/moveit_core/lib:/home/thisum/my_ws/install/srdfdom/lib:${LD_LIBRARY_PATH} PATH=/home/thisum/my_ws/install/moveit_core/bin:${PATH} PYTHONPATH=/home/thisum/my_ws/install/srdfdom/local/lib/python3.10/dist-packages:${PYTHONPATH} /usr/bin/cmake --install /home/thisum/my_ws/build/moveit_ros_planning
