[0.030s] Invoking command in '/home/thisum/my_ws/build/chomp_motion_planner': AMENT_PREFIX_PATH=/home/thisum/my_ws/install/moveit_core:/home/thisum/my_ws/install/moveit_resources_panda_moveit_config:/home/thisum/my_ws/install/srdfdom:/home/thisum/my_ws/install/moveit_resources_pr2_description:/home/thisum/my_ws/install/moveit_resources_panda_description:/home/thisum/my_ws/install/moveit_common:${AMENT_PREFIX_PATH} CMAKE_PREFIX_PATH=/home/thisum/my_ws/install/moveit_core:/home/thisum/my_ws/install/moveit_resources_panda_moveit_config:/home/thisum/my_ws/install/srdfdom:/home/thisum/my_ws/install/moveit_resources_pr2_description:/home/thisum/my_ws/install/moveit_resources_panda_description:/home/thisum/my_ws/install/moveit_common:/opt/ros/humble LD_LIBRARY_PATH=/home/thisum/my_ws/install/moveit_core/lib:/home/thisum/my_ws/install/srdfdom/lib:${LD_LIBRARY_PATH} PATH=/home/thisum/my_ws/install/moveit_core/bin:${PATH} PYTHONPATH=/home/thisum/my_ws/install/srdfdom/local/lib/python3.10/dist-packages:${PYTHONPATH} /usr/bin/cmake /home/thisum/my_ws/src/moveit2/moveit_planners/chomp/chomp_motion_planner -DCMAKE_BUILD_TYPE=Release -DCMAKE_INSTALL_PREFIX=/home/thisum/my_ws/install/chomp_motion_planner
[0.118s] -- The C compiler identification is GNU 11.4.0
[0.197s] -- The CXX compiler identification is GNU 11.4.0
[0.207s] -- Detecting C compiler ABI info
[0.322s] -- Detecting C compiler ABI info - done
[0.334s] -- Check for working C compiler: /usr/bin/cc - skipped
[0.335s] -- Detecting C compile features
[0.335s] -- Detecting C compile features - done
[0.338s] -- Detecting CXX compiler ABI info
[0.462s] -- Detecting CXX compiler ABI info - done
[0.472s] -- Check for working CXX compiler: /usr/bin/c++ - skipped
[0.472s] -- Detecting CXX compile features
[0.473s] -- Detecting CXX compile features - done
[0.477s] -- Found moveit_common: 2.5.5 (/home/thisum/my_ws/install/moveit_common/share/moveit_common/cmake)
[0.480s] -- Found ament_cmake: 1.3.9 (/opt/ros/humble/share/ament_cmake/cmake)
[0.697s] -- Found Python3: /usr/bin/python3 (found version "3.10.12") found components: Interpreter 
[0.905s] -- Found libdw: /usr/lib/x86_64-linux-gnu/libdw.so  
[0.913s] -- Could NOT find libbfd (missing: LIBBFD_LIBRARY LIBBFD_INCLUDE_DIR) 
[0.913s] -- BACKWARD_HAS_UNWIND=1
[0.913s] -- BACKWARD_HAS_BACKTRACE=0
[0.913s] -- BACKWARD_HAS_BACKTRACE_SYMBOL=0
[0.913s] -- BACKWARD_HAS_DW=1
[0.913s] -- BACKWARD_HAS_BFD=0
[0.914s] -- Found Backward: /opt/ros/humble/share/backward_ros/cmake  
[0.915s] -- Found moveit_core: 2.5.5 (/home/thisum/my_ws/install/moveit_core/share/moveit_core/cmake)
[1.262s] -- Found Boost: /usr/lib/x86_64-linux-gnu/cmake/Boost-1.74.0/BoostConfig.cmake (found version "1.74.0") found components: chrono date_time filesystem iostreams program_options regex serialization system thread 
[1.326s] -- Found parameter_traits: 0.3.8 (/opt/ros/humble/share/parameter_traits/cmake)
[1.384s] -- Found rosidl_generator_c: 3.1.5 (/opt/ros/humble/share/rosidl_generator_c/cmake)
[1.392s] -- Found rosidl_adapter: 3.1.5 (/opt/ros/humble/share/rosidl_adapter/cmake)
[1.404s] -- Found rosidl_generator_cpp: 3.1.5 (/opt/ros/humble/share/rosidl_generator_cpp/cmake)
[1.422s] -- Using all available rosidl_typesupport_c: rosidl_typesupport_fastrtps_c;rosidl_typesupport_introspection_c
[1.448s] -- Using all available rosidl_typesupport_cpp: rosidl_typesupport_fastrtps_cpp;rosidl_typesupport_introspection_cpp
[1.539s] -- Found rmw_implementation_cmake: 6.1.2 (/opt/ros/humble/share/rmw_implementation_cmake/cmake)
[1.543s] -- Found rmw_fastrtps_cpp: 6.2.6 (/opt/ros/humble/share/rmw_fastrtps_cpp/cmake)
[1.710s] -- Found OpenSSL: /usr/lib/x86_64-linux-gnu/libcrypto.so (found version "3.0.2")  
[1.748s] -- Found FastRTPS: /opt/ros/humble/include  
[1.813s] -- Using RMW implementation 'rmw_fastrtps_cpp' as default
[1.830s] -- Found Threads: TRUE  
[2.060s] -- Found Eigen3: TRUE (found version "3.4.0") 
[2.065s] -- Found rclcpp_lifecycle: 16.0.9 (/opt/ros/humble/share/rclcpp_lifecycle/cmake)
[2.124s] -- Found Boost: /usr/lib/x86_64-linux-gnu/cmake/Boost-1.74.0/BoostConfig.cmake (found version "1.74.0") found components: filesystem 
[2.340s] -- library: /usr/lib/x86_64-linux-gnu/libcurl.so
[2.725s] -- Ensuring Eigen3 include directory is part of orocos-kdl CMake target
[4.087s] -- Found ament_lint_auto: 0.12.11 (/opt/ros/humble/share/ament_lint_auto/cmake)
[4.108s] -- Added test 'cppcheck' to perform static code analysis on C / C++ code
[4.109s] -- Configured cppcheck include dirs: /home/thisum/my_ws/src/moveit2/moveit_planners/chomp/chomp_motion_planner/include
[4.109s] -- Configured cppcheck exclude dirs and/or files: 
[4.110s] -- Added test 'xmllint' to check XML markup files
[4.113s] -- Configuring done
[4.149s] -- Generating done
[4.152s] -- Build files have been written to: /home/thisum/my_ws/build/chomp_motion_planner
[4.172s] Invoked command in '/home/thisum/my_ws/build/chomp_motion_planner' returned '0': AMENT_PREFIX_PATH=/home/thisum/my_ws/install/moveit_core:/home/thisum/my_ws/install/moveit_resources_panda_moveit_config:/home/thisum/my_ws/install/srdfdom:/home/thisum/my_ws/install/moveit_resources_pr2_description:/home/thisum/my_ws/install/moveit_resources_panda_description:/home/thisum/my_ws/install/moveit_common:${AMENT_PREFIX_PATH} CMAKE_PREFIX_PATH=/home/thisum/my_ws/install/moveit_core:/home/thisum/my_ws/install/moveit_resources_panda_moveit_config:/home/thisum/my_ws/install/srdfdom:/home/thisum/my_ws/install/moveit_resources_pr2_description:/home/thisum/my_ws/install/moveit_resources_panda_description:/home/thisum/my_ws/install/moveit_common:/opt/ros/humble LD_LIBRARY_PATH=/home/thisum/my_ws/install/moveit_core/lib:/home/thisum/my_ws/install/srdfdom/lib:${LD_LIBRARY_PATH} PATH=/home/thisum/my_ws/install/moveit_core/bin:${PATH} PYTHONPATH=/home/thisum/my_ws/install/srdfdom/local/lib/python3.10/dist-packages:${PYTHONPATH} /usr/bin/cmake /home/thisum/my_ws/src/moveit2/moveit_planners/chomp/chomp_motion_planner -DCMAKE_BUILD_TYPE=Release -DCMAKE_INSTALL_PREFIX=/home/thisum/my_ws/install/chomp_motion_planner
[4.173s] Invoking command in '/home/thisum/my_ws/build/chomp_motion_planner': AMENT_PREFIX_PATH=/home/thisum/my_ws/install/moveit_core:/home/thisum/my_ws/install/moveit_resources_panda_moveit_config:/home/thisum/my_ws/install/srdfdom:/home/thisum/my_ws/install/moveit_resources_pr2_description:/home/thisum/my_ws/install/moveit_resources_panda_description:/home/thisum/my_ws/install/moveit_common:${AMENT_PREFIX_PATH} CMAKE_PREFIX_PATH=/home/thisum/my_ws/install/moveit_core:/home/thisum/my_ws/install/moveit_resources_panda_moveit_config:/home/thisum/my_ws/install/srdfdom:/home/thisum/my_ws/install/moveit_resources_pr2_description:/home/thisum/my_ws/install/moveit_resources_panda_description:/home/thisum/my_ws/install/moveit_common:/opt/ros/humble LD_LIBRARY_PATH=/home/thisum/my_ws/install/moveit_core/lib:/home/thisum/my_ws/install/srdfdom/lib:${LD_LIBRARY_PATH} PATH=/home/thisum/my_ws/install/moveit_core/bin:${PATH} PYTHONPATH=/home/thisum/my_ws/install/srdfdom/local/lib/python3.10/dist-packages:${PYTHONPATH} /usr/bin/cmake --build /home/thisum/my_ws/build/chomp_motion_planner -- -j6 -l6
[4.268s] [ 33%] [32mBuilding CXX object CMakeFiles/chomp_motion_planner.dir/src/chomp_trajectory.cpp.o[0m
[4.268s] [ 33%] [32mBuilding CXX object CMakeFiles/chomp_motion_planner.dir/src/chomp_cost.cpp.o[0m
[4.268s] [ 50%] [32mBuilding CXX object CMakeFiles/chomp_motion_planner.dir/src/chomp_parameters.cpp.o[0m
[4.268s] [ 66%] [32mBuilding CXX object CMakeFiles/chomp_motion_planner.dir/src/chomp_optimizer.cpp.o[0m
[4.284s] [ 83%] [32mBuilding CXX object CMakeFiles/chomp_motion_planner.dir/src/chomp_planner.cpp.o[0m
[27.497s] [100%] [32m[1mLinking CXX shared library libchomp_motion_planner.so[0m
[27.796s] [100%] Built target chomp_motion_planner
[27.818s] Invoked command in '/home/thisum/my_ws/build/chomp_motion_planner' returned '0': AMENT_PREFIX_PATH=/home/thisum/my_ws/install/moveit_core:/home/thisum/my_ws/install/moveit_resources_panda_moveit_config:/home/thisum/my_ws/install/srdfdom:/home/thisum/my_ws/install/moveit_resources_pr2_description:/home/thisum/my_ws/install/moveit_resources_panda_description:/home/thisum/my_ws/install/moveit_common:${AMENT_PREFIX_PATH} CMAKE_PREFIX_PATH=/home/thisum/my_ws/install/moveit_core:/home/thisum/my_ws/install/moveit_resources_panda_moveit_config:/home/thisum/my_ws/install/srdfdom:/home/thisum/my_ws/install/moveit_resources_pr2_description:/home/thisum/my_ws/install/moveit_resources_panda_description:/home/thisum/my_ws/install/moveit_common:/opt/ros/humble LD_LIBRARY_PATH=/home/thisum/my_ws/install/moveit_core/lib:/home/thisum/my_ws/install/srdfdom/lib:${LD_LIBRARY_PATH} PATH=/home/thisum/my_ws/install/moveit_core/bin:${PATH} PYTHONPATH=/home/thisum/my_ws/install/srdfdom/local/lib/python3.10/dist-packages:${PYTHONPATH} /usr/bin/cmake --build /home/thisum/my_ws/build/chomp_motion_planner -- -j6 -l6
[27.909s] Invoking command in '/home/thisum/my_ws/build/chomp_motion_planner': AMENT_PREFIX_PATH=/home/thisum/my_ws/install/moveit_core:/home/thisum/my_ws/install/moveit_resources_panda_moveit_config:/home/thisum/my_ws/install/srdfdom:/home/thisum/my_ws/install/moveit_resources_pr2_description:/home/thisum/my_ws/install/moveit_resources_panda_description:/home/thisum/my_ws/install/moveit_common:${AMENT_PREFIX_PATH} CMAKE_PREFIX_PATH=/home/thisum/my_ws/install/moveit_core:/home/thisum/my_ws/install/moveit_resources_panda_moveit_config:/home/thisum/my_ws/install/srdfdom:/home/thisum/my_ws/install/moveit_resources_pr2_description:/home/thisum/my_ws/install/moveit_resources_panda_description:/home/thisum/my_ws/install/moveit_common:/opt/ros/humble LD_LIBRARY_PATH=/home/thisum/my_ws/install/moveit_core/lib:/home/thisum/my_ws/install/srdfdom/lib:${LD_LIBRARY_PATH} PATH=/home/thisum/my_ws/install/moveit_core/bin:${PATH} PYTHONPATH=/home/thisum/my_ws/install/srdfdom/local/lib/python3.10/dist-packages:${PYTHONPATH} /usr/bin/cmake --install /home/thisum/my_ws/build/chomp_motion_planner
[27.921s] -- Install configuration: "Release"
[27.922s] -- Installing: /home/thisum/my_ws/install/chomp_motion_planner/lib/libchomp_motion_planner.so.2.5.5
[27.929s] -- Set runtime path of "/home/thisum/my_ws/install/chomp_motion_planner/lib/libchomp_motion_planner.so.2.5.5" to ""
[27.930s] -- Installing: /home/thisum/my_ws/install/chomp_motion_planner/lib/libchomp_motion_planner.so
[27.930s] -- Installing: /home/thisum/my_ws/install/chomp_motion_planner/include
[27.930s] -- Installing: /home/thisum/my_ws/install/chomp_motion_planner/include/chomp_motion_planner
[27.930s] -- Installing: /home/thisum/my_ws/install/chomp_motion_planner/include/chomp_motion_planner/chomp_parameters.h
[27.930s] -- Installing: /home/thisum/my_ws/install/chomp_motion_planner/include/chomp_motion_planner/chomp_utils.h
[27.930s] -- Installing: /home/thisum/my_ws/install/chomp_motion_planner/include/chomp_motion_planner/multivariate_gaussian.h
[27.932s] -- Installing: /home/thisum/my_ws/install/chomp_motion_planner/include/chomp_motion_planner/chomp_planner.h
[27.933s] -- Installing: /home/thisum/my_ws/install/chomp_motion_planner/include/chomp_motion_planner/chomp_optimizer.h
[27.933s] -- Installing: /home/thisum/my_ws/install/chomp_motion_planner/include/chomp_motion_planner/chomp_trajectory.h
[27.933s] -- Installing: /home/thisum/my_ws/install/chomp_motion_planner/include/chomp_motion_planner/chomp_cost.h
[27.933s] -- Installing: /home/thisum/my_ws/install/chomp_motion_planner/share/chomp_motion_planner/environment/library_path.sh
[27.933s] -- Installing: /home/thisum/my_ws/install/chomp_motion_planner/share/chomp_motion_planner/environment/library_path.dsv
[27.937s] -- Installing: /home/thisum/my_ws/install/chomp_motion_planner/share/ament_index/resource_index/package_run_dependencies/chomp_motion_planner
[27.938s] -- Installing: /home/thisum/my_ws/install/chomp_motion_planner/share/ament_index/resource_index/parent_prefix_path/chomp_motion_planner
[27.938s] -- Installing: /home/thisum/my_ws/install/chomp_motion_planner/share/chomp_motion_planner/environment/ament_prefix_path.sh
[27.938s] -- Installing: /home/thisum/my_ws/install/chomp_motion_planner/share/chomp_motion_planner/environment/ament_prefix_path.dsv
[27.938s] -- Installing: /home/thisum/my_ws/install/chomp_motion_planner/share/chomp_motion_planner/environment/path.sh
[27.938s] -- Installing: /home/thisum/my_ws/install/chomp_motion_planner/share/chomp_motion_planner/environment/path.dsv
[27.939s] -- Installing: /home/thisum/my_ws/install/chomp_motion_planner/share/chomp_motion_planner/local_setup.bash
[27.939s] -- Installing: /home/thisum/my_ws/install/chomp_motion_planner/share/chomp_motion_planner/local_setup.sh
[27.939s] -- Installing: /home/thisum/my_ws/install/chomp_motion_planner/share/chomp_motion_planner/local_setup.zsh
[27.939s] -- Installing: /home/thisum/my_ws/install/chomp_motion_planner/share/chomp_motion_planner/local_setup.dsv
[27.940s] -- Installing: /home/thisum/my_ws/install/chomp_motion_planner/share/chomp_motion_planner/package.dsv
[27.940s] -- Installing: /home/thisum/my_ws/install/chomp_motion_planner/share/ament_index/resource_index/packages/chomp_motion_planner
[27.940s] -- Installing: /home/thisum/my_ws/install/chomp_motion_planner/share/chomp_motion_planner/cmake/chomp_motion_plannerTargetsExport.cmake
[27.941s] -- Installing: /home/thisum/my_ws/install/chomp_motion_planner/share/chomp_motion_planner/cmake/chomp_motion_plannerTargetsExport-release.cmake
[27.941s] -- Installing: /home/thisum/my_ws/install/chomp_motion_planner/share/chomp_motion_planner/cmake/ament_cmake_export_targets-extras.cmake
[27.942s] -- Installing: /home/thisum/my_ws/install/chomp_motion_planner/share/chomp_motion_planner/cmake/chomp_motion_plannerConfig.cmake
[27.942s] -- Installing: /home/thisum/my_ws/install/chomp_motion_planner/share/chomp_motion_planner/cmake/chomp_motion_plannerConfig-version.cmake
[27.942s] -- Installing: /home/thisum/my_ws/install/chomp_motion_planner/share/chomp_motion_planner/package.xml
[27.946s] Invoked command in '/home/thisum/my_ws/build/chomp_motion_planner' returned '0': AMENT_PREFIX_PATH=/home/thisum/my_ws/install/moveit_core:/home/thisum/my_ws/install/moveit_resources_panda_moveit_config:/home/thisum/my_ws/install/srdfdom:/home/thisum/my_ws/install/moveit_resources_pr2_description:/home/thisum/my_ws/install/moveit_resources_panda_description:/home/thisum/my_ws/install/moveit_common:${AMENT_PREFIX_PATH} CMAKE_PREFIX_PATH=/home/thisum/my_ws/install/moveit_core:/home/thisum/my_ws/install/moveit_resources_panda_moveit_config:/home/thisum/my_ws/install/srdfdom:/home/thisum/my_ws/install/moveit_resources_pr2_description:/home/thisum/my_ws/install/moveit_resources_panda_description:/home/thisum/my_ws/install/moveit_common:/opt/ros/humble LD_LIBRARY_PATH=/home/thisum/my_ws/install/moveit_core/lib:/home/thisum/my_ws/install/srdfdom/lib:${LD_LIBRARY_PATH} PATH=/home/thisum/my_ws/install/moveit_core/bin:${PATH} PYTHONPATH=/home/thisum/my_ws/install/srdfdom/local/lib/python3.10/dist-packages:${PYTHONPATH} /usr/bin/cmake --install /home/thisum/my_ws/build/chomp_motion_planner
