[0.020s] Invoking command in '/home/thisum/my_ws/build/moveit_resources_panda_moveit_config': AMENT_PREFIX_PATH=/home/thisum/my_ws/install/moveit_resources_panda_description:${AMENT_PREFIX_PATH} CMAKE_PREFIX_PATH=/home/thisum/my_ws/install/moveit_resources_panda_description:/opt/ros/humble /usr/bin/cmake --build /home/thisum/my_ws/build/moveit_resources_panda_moveit_config -- -j6 -l6
[0.121s] Invoked command in '/home/thisum/my_ws/build/moveit_resources_panda_moveit_config' returned '0': AMENT_PREFIX_PATH=/home/thisum/my_ws/install/moveit_resources_panda_description:${AMENT_PREFIX_PATH} CMAKE_PREFIX_PATH=/home/thisum/my_ws/install/moveit_resources_panda_description:/opt/ros/humble /usr/bin/cmake --build /home/thisum/my_ws/build/moveit_resources_panda_moveit_config -- -j6 -l6
[0.163s] Invoking command in '/home/thisum/my_ws/build/moveit_resources_panda_moveit_config': AMENT_PREFIX_PATH=/home/thisum/my_ws/install/moveit_resources_panda_description:${AMENT_PREFIX_PATH} CMAKE_PREFIX_PATH=/home/thisum/my_ws/install/moveit_resources_panda_description:/opt/ros/humble /usr/bin/cmake --install /home/thisum/my_ws/build/moveit_resources_panda_moveit_config
[0.171s] -- Install configuration: "Release"
[0.172s] -- Up-to-date: /home/thisum/my_ws/install/moveit_resources_panda_moveit_config/share/ament_index/resource_index/package_run_dependencies/moveit_resources_panda_moveit_config
[0.173s] -- Up-to-date: /home/thisum/my_ws/install/moveit_resources_panda_moveit_config/share/ament_index/resource_index/parent_prefix_path/moveit_resources_panda_moveit_config
[0.174s] -- Up-to-date: /home/thisum/my_ws/install/moveit_resources_panda_moveit_config/share/moveit_resources_panda_moveit_config/environment/ament_prefix_path.sh
[0.174s] -- Up-to-date: /home/thisum/my_ws/install/moveit_resources_panda_moveit_config/share/moveit_resources_panda_moveit_config/environment/ament_prefix_path.dsv
[0.174s] -- Up-to-date: /home/thisum/my_ws/install/moveit_resources_panda_moveit_config/share/moveit_resources_panda_moveit_config/environment/path.sh
[0.174s] -- Up-to-date: /home/thisum/my_ws/install/moveit_resources_panda_moveit_config/share/moveit_resources_panda_moveit_config/environment/path.dsv
[0.175s] -- Up-to-date: /home/thisum/my_ws/install/moveit_resources_panda_moveit_config/share/moveit_resources_panda_moveit_config/local_setup.bash
[0.175s] -- Up-to-date: /home/thisum/my_ws/install/moveit_resources_panda_moveit_config/share/moveit_resources_panda_moveit_config/local_setup.sh
[0.176s] -- Up-to-date: /home/thisum/my_ws/install/moveit_resources_panda_moveit_config/share/moveit_resources_panda_moveit_config/local_setup.zsh
[0.176s] -- Up-to-date: /home/thisum/my_ws/install/moveit_resources_panda_moveit_config/share/moveit_resources_panda_moveit_config/local_setup.dsv
[0.176s] -- Up-to-date: /home/thisum/my_ws/install/moveit_resources_panda_moveit_config/share/moveit_resources_panda_moveit_config/package.dsv
[0.176s] -- Up-to-date: /home/thisum/my_ws/install/moveit_resources_panda_moveit_config/share/ament_index/resource_index/packages/moveit_resources_panda_moveit_config
[0.176s] -- Up-to-date: /home/thisum/my_ws/install/moveit_resources_panda_moveit_config/share/moveit_resources_panda_moveit_config/cmake/moveit_resources_panda_moveit_configConfig.cmake
[0.176s] -- Up-to-date: /home/thisum/my_ws/install/moveit_resources_panda_moveit_config/share/moveit_resources_panda_moveit_config/cmake/moveit_resources_panda_moveit_configConfig-version.cmake
[0.176s] -- Up-to-date: /home/thisum/my_ws/install/moveit_resources_panda_moveit_config/share/moveit_resources_panda_moveit_config/package.xml
[0.176s] -- Up-to-date: /home/thisum/my_ws/install/moveit_resources_panda_moveit_config/share/moveit_resources_panda_moveit_config/launch
[0.177s] -- Up-to-date: /home/thisum/my_ws/install/moveit_resources_panda_moveit_config/share/moveit_resources_panda_moveit_config/launch/moveit_empty.rviz
[0.177s] -- Up-to-date: /home/thisum/my_ws/install/moveit_resources_panda_moveit_config/share/moveit_resources_panda_moveit_config/launch/demo.launch.py
[0.177s] -- Up-to-date: /home/thisum/my_ws/install/moveit_resources_panda_moveit_config/share/moveit_resources_panda_moveit_config/launch/moveit_rviz.launch.py
[0.177s] -- Up-to-date: /home/thisum/my_ws/install/moveit_resources_panda_moveit_config/share/moveit_resources_panda_moveit_config/launch/moveit.rviz
[0.179s] -- Up-to-date: /home/thisum/my_ws/install/moveit_resources_panda_moveit_config/share/moveit_resources_panda_moveit_config/config
[0.179s] -- Up-to-date: /home/thisum/my_ws/install/moveit_resources_panda_moveit_config/share/moveit_resources_panda_moveit_config/config/panda_arm.srdf.xacro
[0.180s] -- Up-to-date: /home/thisum/my_ws/install/moveit_resources_panda_moveit_config/share/moveit_resources_panda_moveit_config/config/trajopt_planning.yaml
[0.180s] -- Up-to-date: /home/thisum/my_ws/install/moveit_resources_panda_moveit_config/share/moveit_resources_panda_moveit_config/config/kinematics.yaml
[0.181s] -- Up-to-date: /home/thisum/my_ws/install/moveit_resources_panda_moveit_config/share/moveit_resources_panda_moveit_config/config/ompl_planning.yaml
[0.181s] -- Up-to-date: /home/thisum/my_ws/install/moveit_resources_panda_moveit_config/share/moveit_resources_panda_moveit_config/config/moveit_controllers.yaml
[0.181s] -- Up-to-date: /home/thisum/my_ws/install/moveit_resources_panda_moveit_config/share/moveit_resources_panda_moveit_config/config/ros2_controllers.yaml
[0.181s] -- Up-to-date: /home/thisum/my_ws/install/moveit_resources_panda_moveit_config/share/moveit_resources_panda_moveit_config/config/panda_arm_hand.srdf.xacro
[0.181s] -- Up-to-date: /home/thisum/my_ws/install/moveit_resources_panda_moveit_config/share/moveit_resources_panda_moveit_config/config/panda.ros2_control.xacro
[0.181s] -- Up-to-date: /home/thisum/my_ws/install/moveit_resources_panda_moveit_config/share/moveit_resources_panda_moveit_config/config/panda_hand.ros2_control.xacro
[0.181s] -- Up-to-date: /home/thisum/my_ws/install/moveit_resources_panda_moveit_config/share/moveit_resources_panda_moveit_config/config/chomp_planning.yaml
[0.182s] -- Up-to-date: /home/thisum/my_ws/install/moveit_resources_panda_moveit_config/share/moveit_resources_panda_moveit_config/config/sensors_kinect_pointcloud.yaml
[0.182s] -- Up-to-date: /home/thisum/my_ws/install/moveit_resources_panda_moveit_config/share/moveit_resources_panda_moveit_config/config/panda.urdf.xacro
[0.182s] -- Up-to-date: /home/thisum/my_ws/install/moveit_resources_panda_moveit_config/share/moveit_resources_panda_moveit_config/config/panda.srdf
[0.182s] -- Up-to-date: /home/thisum/my_ws/install/moveit_resources_panda_moveit_config/share/moveit_resources_panda_moveit_config/config/lerp_planning.yaml
[0.183s] -- Up-to-date: /home/thisum/my_ws/install/moveit_resources_panda_moveit_config/share/moveit_resources_panda_moveit_config/config/joint_limits.yaml
[0.183s] -- Up-to-date: /home/thisum/my_ws/install/moveit_resources_panda_moveit_config/share/moveit_resources_panda_moveit_config/config/initial_positions.yaml
[0.183s] -- Up-to-date: /home/thisum/my_ws/install/moveit_resources_panda_moveit_config/share/moveit_resources_panda_moveit_config/config/sensors_kinect_depthmap.yaml
[0.183s] -- Up-to-date: /home/thisum/my_ws/install/moveit_resources_panda_moveit_config/share/moveit_resources_panda_moveit_config/config/pilz_industrial_motion_planner_planning.yaml
[0.183s] -- Up-to-date: /home/thisum/my_ws/install/moveit_resources_panda_moveit_config/share/moveit_resources_panda_moveit_config/config/hand.xacro
[0.183s] -- Up-to-date: /home/thisum/my_ws/install/moveit_resources_panda_moveit_config/share/moveit_resources_panda_moveit_config/config/pilz_cartesian_limits.yaml
[0.183s] -- Up-to-date: /home/thisum/my_ws/install/moveit_resources_panda_moveit_config/share/moveit_resources_panda_moveit_config/config/gripper_moveit_controllers.yaml
[0.183s] -- Up-to-date: /home/thisum/my_ws/install/moveit_resources_panda_moveit_config/share/moveit_resources_panda_moveit_config/config/panda_arm.xacro
[0.183s] -- Up-to-date: /home/thisum/my_ws/install/moveit_resources_panda_moveit_config/share/moveit_resources_panda_moveit_config/.setup_assistant
[0.186s] Invoked command in '/home/thisum/my_ws/build/moveit_resources_panda_moveit_config' returned '0': AMENT_PREFIX_PATH=/home/thisum/my_ws/install/moveit_resources_panda_description:${AMENT_PREFIX_PATH} CMAKE_PREFIX_PATH=/home/thisum/my_ws/install/moveit_resources_panda_description:/opt/ros/humble /usr/bin/cmake --install /home/thisum/my_ws/build/moveit_resources_panda_moveit_config
