[0.058s] Invoking command in '/home/thisum/my_ws/src/build/moveit_ros_planning': AMENT_PREFIX_PATH=/home/thisum/my_ws/src/install/moveit_ros_occupancy_map_monitor:/home/thisum/my_ws/src/install/moveit_core:/home/thisum/my_ws/src/install/moveit_resources_panda_moveit_config:/home/thisum/my_ws/src/install/srdfdom:/home/thisum/my_ws/src/install/moveit_resources_pr2_description:/home/thisum/my_ws/src/install/moveit_resources_panda_description:/home/thisum/my_ws/src/install/moveit_common:${AMENT_PREFIX_PATH} CMAKE_PREFIX_PATH=/home/thisum/my_ws/src/install/moveit_ros_occupancy_map_monitor:/home/thisum/my_ws/src/install/moveit_core:/home/thisum/my_ws/src/install/moveit_resources_panda_moveit_config:/home/thisum/my_ws/src/install/srdfdom:/home/thisum/my_ws/src/install/moveit_resources_pr2_description:/home/thisum/my_ws/src/install/moveit_resources_panda_description:/home/thisum/my_ws/src/install/moveit_common:/home/thisum/my_ws/install/pilz_industrial_motion_planner_testutils:/home/thisum/my_ws/install/moveit_runtime:/home/thisum/my_ws/install/moveit2_tutorials:/home/thisum/my_ws/install/moveit:/home/thisum/my_ws/install/arm_config:/home/thisum/my_ws/install/moveit_planners:/home/thisum/my_ws/install/pilz_industrial_motion_planner:/home/thisum/my_ws/install/moveit_visual_tools:/home/thisum/my_ws/install/moveit_task_constructor_visualization:/home/thisum/my_ws/install/moveit_task_constructor_demo:/home/thisum/my_ws/install/moveit_task_constructor_capabilities:/home/thisum/my_ws/install/moveit_task_constructor_core:/home/thisum/my_ws/install/moveit_ros_control_interface:/home/thisum/my_ws/install/moveit_plugins:/home/thisum/my_ws/install/moveit_simple_controller_manager:/home/thisum/my_ws/install/moveit_setup_assistant:/home/thisum/my_ws/install/moveit_setup_srdf_plugins:/home/thisum/my_ws/install/moveit_setup_core_plugins:/home/thisum/my_ws/install/moveit_setup_controllers:/home/thisum/my_ws/install/moveit_setup_app_plugins:/home/thisum/my_ws/install/moveit_setup_framework:/home/thisum/my_ws/install/moveit_servo:/home/thisum/my_ws/install/moveit_ros:/home/thisum/my_ws/install/moveit_ros_visualization:/home/thisum/my_ws/install/moveit_hybrid_planning:/home/thisum/my_ws/install/moveit_ros_planning_interface:/home/thisum/my_ws/install/moveit_ros_benchmarks:/home/thisum/my_ws/install/moveit_ros_warehouse:/home/thisum/my_ws/install/moveit_ros_robot_interaction:/home/thisum/my_ws/install/moveit_ros_perception:/home/thisum/my_ws/install/moveit_resources_prbt_pg70_support:/home/thisum/my_ws/install/moveit_resources_prbt_moveit_config:/home/thisum/my_ws/install/moveit_ros_move_group:/home/thisum/my_ws/install/moveit_planners_ompl:/home/thisum/my_ws/install/moveit_ros_planning:/home/thisum/my_ws/install/moveit_ros_occupancy_map_monitor:/home/thisum/my_ws/install/moveit_resources_prbt_ikfast_manipulator_plugin:/home/thisum/my_ws/install/moveit_planners_chomp:/home/thisum/my_ws/install/moveit_kinematics:/home/thisum/my_ws/install/moveit_chomp_optimizer_adapter:/home/thisum/my_ws/install/chomp_motion_planner:/home/thisum/my_ws/install/moveit_core:/home/thisum/my_ws/install/srdfdom:/home/thisum/my_ws/install/rviz_marker_tools:/home/thisum/my_ws/install/rosparam_shortcuts:/home/thisum/my_ws/install/new_full_arm:/home/thisum/my_ws/install/moveit_task_constructor_msgs:/home/thisum/my_ws/install/moveit_resources_prbt_support:/home/thisum/my_ws/install/moveit_resources:/home/thisum/my_ws/install/moveit_resources_pr2_description:/home/thisum/my_ws/install/moveit_resources_panda_moveit_config:/home/thisum/my_ws/install/moveit_resources_panda_description:/home/thisum/my_ws/install/moveit_resources_fanuc_moveit_config:/home/thisum/my_ws/install/moveit_resources_fanuc_description:/home/thisum/my_ws/install/moveit_common:/home/thisum/arm_ws/install/x:/home/thisum/arm_ws/install/robotiq_description:/home/thisum/arm_ws/install/robotiq_controllers:/home/thisum/arm_ws/install/arm_config:/home/thisum/my_ws/install/moveit_configs_utils:/home/thisum/my_ws/install/launch_param_builder:/home/thisum/arm_ws/install/moveit_configs_utils:/opt/ros/humble:/home/thisum/arm_ws/install/new_full_arm:/home/thisum/arm_ws/install/moveit_resources_prbt_support:/home/thisum/arm_ws/install/moveit_resources_pr2_description:/home/thisum/arm_ws/install/moveit_resources_panda_description:/home/thisum/arm_ws/install/moveit_resources_fanuc_description:/home/thisum/arm_ws/install/moveit_msgs:/home/thisum/arm_ws/install/moveit_common:/home/thisum/arm_ws/install/kortex_api LD_LIBRARY_PATH=/home/thisum/my_ws/src/install/moveit_ros_occupancy_map_monitor/lib:/home/thisum/my_ws/src/install/moveit_core/lib:/home/thisum/my_ws/src/install/srdfdom/lib:${LD_LIBRARY_PATH} PATH=/home/thisum/my_ws/src/install/moveit_core/bin:${PATH} PYTHONPATH=/home/thisum/my_ws/src/install/srdfdom/local/lib/python3.10/dist-packages:${PYTHONPATH} /usr/bin/cmake /home/thisum/my_ws/src/moveit2/moveit_ros/planning -DCMAKE_BUILD_TYPE=Release -DCMAKE_INSTALL_PREFIX=/home/thisum/my_ws/src/install/moveit_ros_planning
[0.157s] -- The C compiler identification is GNU 11.4.0
[0.239s] -- The CXX compiler identification is GNU 11.4.0
[0.250s] -- Detecting C compiler ABI info
[0.394s] -- Detecting C compiler ABI info - done
[0.402s] -- Check for working C compiler: /usr/bin/cc - skipped
[0.402s] -- Detecting C compile features
[0.403s] -- Detecting C compile features - done
[0.406s] -- Detecting CXX compiler ABI info
[0.554s] -- Detecting CXX compiler ABI info - done
[0.564s] -- Check for working CXX compiler: /usr/bin/c++ - skipped
[0.564s] -- Detecting CXX compile features
[0.564s] -- Detecting CXX compile features - done
[0.566s] -- Found moveit_common: 2.5.5 (/home/thisum/my_ws/src/install/moveit_common/share/moveit_common/cmake)
[0.578s] -- Found ament_cmake: 1.3.9 (/opt/ros/humble/share/ament_cmake/cmake)
[0.790s] -- Found Python3: /usr/bin/python3 (found version "3.10.12") found components: Interpreter 
[1.104s] -- Found libdw: /usr/lib/x86_64-linux-gnu/libdw.so  
[1.112s] -- Could NOT find libbfd (missing: LIBBFD_LIBRARY LIBBFD_INCLUDE_DIR) 
[1.112s] -- BACKWARD_HAS_UNWIND=1
[1.112s] -- BACKWARD_HAS_BACKTRACE=0
[1.112s] -- BACKWARD_HAS_BACKTRACE_SYMBOL=0
[1.112s] -- BACKWARD_HAS_DW=1
[1.112s] -- BACKWARD_HAS_BFD=0
[1.113s] -- Found Backward: /opt/ros/humble/share/backward_ros/cmake  
[1.124s] -- Found moveit_msgs: 2.2.1 (/opt/ros/humble/share/moveit_msgs/cmake)
[1.261s] -- Found rosidl_generator_c: 3.1.5 (/opt/ros/humble/share/rosidl_generator_c/cmake)
[1.291s] -- Found rosidl_adapter: 3.1.5 (/opt/ros/humble/share/rosidl_adapter/cmake)
[1.322s] -- Found rosidl_generator_cpp: 3.1.5 (/opt/ros/humble/share/rosidl_generator_cpp/cmake)
[1.357s] -- Using all available rosidl_typesupport_c: rosidl_typesupport_fastrtps_c;rosidl_typesupport_introspection_c
[1.409s] -- Using all available rosidl_typesupport_cpp: rosidl_typesupport_fastrtps_cpp;rosidl_typesupport_introspection_cpp
[2.411s] -- Found pluginlib: 5.1.0 (/opt/ros/humble/share/pluginlib/cmake)
[2.519s] -- Found rclcpp: 16.0.9 (/opt/ros/humble/share/rclcpp/cmake)
[2.676s] -- Found rmw_implementation_cmake: 6.1.2 (/opt/ros/humble/share/rmw_implementation_cmake/cmake)
[2.691s] -- Found rmw_fastrtps_cpp: 6.2.6 (/opt/ros/humble/share/rmw_fastrtps_cpp/cmake)
[2.794s] -- Found TinyXML2 via Config file: TinyXML2_DIR-NOTFOUND
[2.960s] -- Found OpenSSL: /usr/lib/x86_64-linux-gnu/libcrypto.so (found version "3.0.2")  
[2.963s] -- Found TinyXML2 via Config file: TinyXML2_DIR-NOTFOUND
[2.987s] -- Found FastRTPS: /opt/ros/humble/include  
[3.006s] -- Found TinyXML2 via Config file: TinyXML2_DIR-NOTFOUND
[3.014s] -- Found TinyXML2 via Config file: TinyXML2_DIR-NOTFOUND
[3.045s] -- Using RMW implementation 'rmw_fastrtps_cpp' as default
[3.095s] -- Looking for pthread.h
[3.286s] -- Looking for pthread.h - found
[3.286s] -- Performing Test CMAKE_HAVE_LIBC_PTHREAD
[3.554s] -- Performing Test CMAKE_HAVE_LIBC_PTHREAD - Success
[3.555s] -- Found Threads: TRUE  
[3.784s] -- Found message_filters: 4.3.4 (/opt/ros/humble/share/message_filters/cmake)
[3.791s] -- Found srdfdom: 2.0.4 (/home/thisum/my_ws/src/install/srdfdom/share/srdfdom/cmake)
[3.872s] -- Found tf2: 0.25.7 (/opt/ros/humble/share/tf2/cmake)
[3.894s] -- Found tf2_geometry_msgs: 0.25.7 (/opt/ros/humble/share/tf2_geometry_msgs/cmake)
[3.975s] -- Found eigen3_cmake_module: 0.1.1 (/opt/ros/humble/share/eigen3_cmake_module/cmake)
[3.983s] -- Found Eigen3: TRUE (found version "3.4.0") 
[3.983s] -- Ensuring Eigen3 include directory is part of orocos-kdl CMake target
[4.429s] -- Found tf2_eigen: 0.25.7 (/opt/ros/humble/share/tf2_eigen/cmake)
[4.436s] -- Found moveit_core: 2.5.5 (/home/thisum/my_ws/src/install/moveit_core/share/moveit_core/cmake)
[4.608s] -- Found Boost: /usr/lib/x86_64-linux-gnu/cmake/Boost-1.74.0/BoostConfig.cmake (found version "1.74.0") found components: chrono date_time filesystem iostreams program_options regex serialization system thread 
[4.742s] -- Found parameter_traits: 0.3.8 (/opt/ros/humble/share/parameter_traits/cmake)
[4.809s] -- Found rclcpp_lifecycle: 16.0.9 (/opt/ros/humble/share/rclcpp_lifecycle/cmake)
[4.902s] -- Found Boost: /usr/lib/x86_64-linux-gnu/cmake/Boost-1.74.0/BoostConfig.cmake (found version "1.74.0") found components: filesystem 
[5.187s] -- library: /usr/lib/x86_64-linux-gnu/libcurl.so
[5.719s] -- Found moveit_ros_occupancy_map_monitor: 2.5.5 (/home/thisum/my_ws/src/install/moveit_ros_occupancy_map_monitor/share/moveit_ros_occupancy_map_monitor/cmake)
[6.029s] -- Found Boost: /usr/lib/x86_64-linux-gnu/cmake/Boost-1.74.0/BoostConfig.cmake (found version "1.74.0") found components: system filesystem date_time program_options thread chrono 
[6.192s] -- Performing Test COMPILER_HAS_HIDDEN_VISIBILITY
[6.472s] -- Performing Test COMPILER_HAS_HIDDEN_VISIBILITY - Success
[6.474s] -- Performing Test COMPILER_HAS_HIDDEN_INLINE_VISIBILITY
[6.728s] -- Performing Test COMPILER_HAS_HIDDEN_INLINE_VISIBILITY - Success
[6.729s] -- Performing Test COMPILER_HAS_DEPRECATED_ATTR
[6.933s] -- Performing Test COMPILER_HAS_DEPRECATED_ATTR - Success
[7.068s] -- Found ament_cmake_gtest: 1.3.9 (/opt/ros/humble/share/ament_cmake_gtest/cmake)
[7.084s] -- Found ament_cmake_gmock: 1.3.9 (/opt/ros/humble/share/ament_cmake_gmock/cmake)
[7.099s] -- Found gmock sources under '/opt/ros/humble/src/gmock_vendor': C++ tests using 'Google Mock' will be built
[7.119s] -- Found gtest sources under '/opt/ros/humble/src/gtest_vendor': C++ tests using 'Google Test' will be built
[7.259s] -- Found ament_lint_auto: 0.12.11 (/opt/ros/humble/share/ament_lint_auto/cmake)
[7.362s] -- Found launch_testing_ament_cmake: 1.0.6 (/opt/ros/humble/share/launch_testing_ament_cmake/cmake)
[7.383s] -- Found python_cmake_module: 0.10.0 (/opt/ros/humble/share/python_cmake_module/cmake)
[7.438s] -- Found PythonInterp: /usr/bin/python3 (found suitable version "3.10.12", minimum required is "3.6") 
[7.457s] -- Found PythonLibs: /usr/lib/x86_64-linux-gnu/libpython3.10.so (found suitable version "3.10.12", minimum required is "3.5") 
[7.458s] -- Using PYTHON_EXECUTABLE: /usr/bin/python3
[7.458s] -- Using PYTHON_INCLUDE_DIRS: /usr/include/python3.10
[7.458s] -- Using PYTHON_LIBRARIES: /usr/lib/x86_64-linux-gnu/libpython3.10.so
[7.499s] -- Found PythonExtra: .so  
[7.526s] -- Added test 'cppcheck' to perform static code analysis on C / C++ code
[7.526s] -- Configured cppcheck include dirs: /home/thisum/my_ws/src/moveit2/moveit_ros/planning/rdf_loader/include;/home/thisum/my_ws/src/moveit2/moveit_ros/planning/kinematics_plugin_loader/include;/home/thisum/my_ws/src/moveit2/moveit_ros/planning/robot_model_loader/include;/home/thisum/my_ws/src/moveit2/moveit_ros/planning/constraint_sampler_manager_loader/include;/home/thisum/my_ws/src/moveit2/moveit_ros/planning/planning_pipeline/include;/home/thisum/my_ws/src/moveit2/moveit_ros/planning/planning_scene_monitor/include;/home/thisum/my_ws/src/moveit2/moveit_ros/planning/trajectory_execution_manager/include;/home/thisum/my_ws/src/moveit2/moveit_ros/planning/plan_execution/include;/home/thisum/my_ws/src/moveit2/moveit_ros/planning/collision_plugin_loader/include;/home/thisum/my_ws/src/moveit2/moveit_ros/planning/moveit_cpp/include
[7.526s] -- Configured cppcheck exclude dirs and/or files: 
[7.533s] -- Added test 'lint_cmake' to check CMake code style
[7.538s] -- Added test 'pep257' to check Python code against some of the docstring style conventions in PEP 257
[7.541s] -- Added test 'xmllint' to check XML markup files
[7.550s] -- Configuring done
[8.210s] -- Generating done
[8.222s] -- Build files have been written to: /home/thisum/my_ws/src/build/moveit_ros_planning
[8.283s] Invoked command in '/home/thisum/my_ws/src/build/moveit_ros_planning' returned '0': AMENT_PREFIX_PATH=/home/thisum/my_ws/src/install/moveit_ros_occupancy_map_monitor:/home/thisum/my_ws/src/install/moveit_core:/home/thisum/my_ws/src/install/moveit_resources_panda_moveit_config:/home/thisum/my_ws/src/install/srdfdom:/home/thisum/my_ws/src/install/moveit_resources_pr2_description:/home/thisum/my_ws/src/install/moveit_resources_panda_description:/home/thisum/my_ws/src/install/moveit_common:${AMENT_PREFIX_PATH} CMAKE_PREFIX_PATH=/home/thisum/my_ws/src/install/moveit_ros_occupancy_map_monitor:/home/thisum/my_ws/src/install/moveit_core:/home/thisum/my_ws/src/install/moveit_resources_panda_moveit_config:/home/thisum/my_ws/src/install/srdfdom:/home/thisum/my_ws/src/install/moveit_resources_pr2_description:/home/thisum/my_ws/src/install/moveit_resources_panda_description:/home/thisum/my_ws/src/install/moveit_common:/home/thisum/my_ws/install/pilz_industrial_motion_planner_testutils:/home/thisum/my_ws/install/moveit_runtime:/home/thisum/my_ws/install/moveit2_tutorials:/home/thisum/my_ws/install/moveit:/home/thisum/my_ws/install/arm_config:/home/thisum/my_ws/install/moveit_planners:/home/thisum/my_ws/install/pilz_industrial_motion_planner:/home/thisum/my_ws/install/moveit_visual_tools:/home/thisum/my_ws/install/moveit_task_constructor_visualization:/home/thisum/my_ws/install/moveit_task_constructor_demo:/home/thisum/my_ws/install/moveit_task_constructor_capabilities:/home/thisum/my_ws/install/moveit_task_constructor_core:/home/thisum/my_ws/install/moveit_ros_control_interface:/home/thisum/my_ws/install/moveit_plugins:/home/thisum/my_ws/install/moveit_simple_controller_manager:/home/thisum/my_ws/install/moveit_setup_assistant:/home/thisum/my_ws/install/moveit_setup_srdf_plugins:/home/thisum/my_ws/install/moveit_setup_core_plugins:/home/thisum/my_ws/install/moveit_setup_controllers:/home/thisum/my_ws/install/moveit_setup_app_plugins:/home/thisum/my_ws/install/moveit_setup_framework:/home/thisum/my_ws/install/moveit_servo:/home/thisum/my_ws/install/moveit_ros:/home/thisum/my_ws/install/moveit_ros_visualization:/home/thisum/my_ws/install/moveit_hybrid_planning:/home/thisum/my_ws/install/moveit_ros_planning_interface:/home/thisum/my_ws/install/moveit_ros_benchmarks:/home/thisum/my_ws/install/moveit_ros_warehouse:/home/thisum/my_ws/install/moveit_ros_robot_interaction:/home/thisum/my_ws/install/moveit_ros_perception:/home/thisum/my_ws/install/moveit_resources_prbt_pg70_support:/home/thisum/my_ws/install/moveit_resources_prbt_moveit_config:/home/thisum/my_ws/install/moveit_ros_move_group:/home/thisum/my_ws/install/moveit_planners_ompl:/home/thisum/my_ws/install/moveit_ros_planning:/home/thisum/my_ws/install/moveit_ros_occupancy_map_monitor:/home/thisum/my_ws/install/moveit_resources_prbt_ikfast_manipulator_plugin:/home/thisum/my_ws/install/moveit_planners_chomp:/home/thisum/my_ws/install/moveit_kinematics:/home/thisum/my_ws/install/moveit_chomp_optimizer_adapter:/home/thisum/my_ws/install/chomp_motion_planner:/home/thisum/my_ws/install/moveit_core:/home/thisum/my_ws/install/srdfdom:/home/thisum/my_ws/install/rviz_marker_tools:/home/thisum/my_ws/install/rosparam_shortcuts:/home/thisum/my_ws/install/new_full_arm:/home/thisum/my_ws/install/moveit_task_constructor_msgs:/home/thisum/my_ws/install/moveit_resources_prbt_support:/home/thisum/my_ws/install/moveit_resources:/home/thisum/my_ws/install/moveit_resources_pr2_description:/home/thisum/my_ws/install/moveit_resources_panda_moveit_config:/home/thisum/my_ws/install/moveit_resources_panda_description:/home/thisum/my_ws/install/moveit_resources_fanuc_moveit_config:/home/thisum/my_ws/install/moveit_resources_fanuc_description:/home/thisum/my_ws/install/moveit_common:/home/thisum/arm_ws/install/x:/home/thisum/arm_ws/install/robotiq_description:/home/thisum/arm_ws/install/robotiq_controllers:/home/thisum/arm_ws/install/arm_config:/home/thisum/my_ws/install/moveit_configs_utils:/home/thisum/my_ws/install/launch_param_builder:/home/thisum/arm_ws/install/moveit_configs_utils:/opt/ros/humble:/home/thisum/arm_ws/install/new_full_arm:/home/thisum/arm_ws/install/moveit_resources_prbt_support:/home/thisum/arm_ws/install/moveit_resources_pr2_description:/home/thisum/arm_ws/install/moveit_resources_panda_description:/home/thisum/arm_ws/install/moveit_resources_fanuc_description:/home/thisum/arm_ws/install/moveit_msgs:/home/thisum/arm_ws/install/moveit_common:/home/thisum/arm_ws/install/kortex_api LD_LIBRARY_PATH=/home/thisum/my_ws/src/install/moveit_ros_occupancy_map_monitor/lib:/home/thisum/my_ws/src/install/moveit_core/lib:/home/thisum/my_ws/src/install/srdfdom/lib:${LD_LIBRARY_PATH} PATH=/home/thisum/my_ws/src/install/moveit_core/bin:${PATH} PYTHONPATH=/home/thisum/my_ws/src/install/srdfdom/local/lib/python3.10/dist-packages:${PYTHONPATH} /usr/bin/cmake /home/thisum/my_ws/src/moveit2/moveit_ros/planning -DCMAKE_BUILD_TYPE=Release -DCMAKE_INSTALL_PREFIX=/home/thisum/my_ws/src/install/moveit_ros_planning
[8.283s] Invoking command in '/home/thisum/my_ws/src/build/moveit_ros_planning': AMENT_PREFIX_PATH=/home/thisum/my_ws/src/install/moveit_ros_occupancy_map_monitor:/home/thisum/my_ws/src/install/moveit_core:/home/thisum/my_ws/src/install/moveit_resources_panda_moveit_config:/home/thisum/my_ws/src/install/srdfdom:/home/thisum/my_ws/src/install/moveit_resources_pr2_description:/home/thisum/my_ws/src/install/moveit_resources_panda_description:/home/thisum/my_ws/src/install/moveit_common:${AMENT_PREFIX_PATH} CMAKE_PREFIX_PATH=/home/thisum/my_ws/src/install/moveit_ros_occupancy_map_monitor:/home/thisum/my_ws/src/install/moveit_core:/home/thisum/my_ws/src/install/moveit_resources_panda_moveit_config:/home/thisum/my_ws/src/install/srdfdom:/home/thisum/my_ws/src/install/moveit_resources_pr2_description:/home/thisum/my_ws/src/install/moveit_resources_panda_description:/home/thisum/my_ws/src/install/moveit_common:/home/thisum/my_ws/install/pilz_industrial_motion_planner_testutils:/home/thisum/my_ws/install/moveit_runtime:/home/thisum/my_ws/install/moveit2_tutorials:/home/thisum/my_ws/install/moveit:/home/thisum/my_ws/install/arm_config:/home/thisum/my_ws/install/moveit_planners:/home/thisum/my_ws/install/pilz_industrial_motion_planner:/home/thisum/my_ws/install/moveit_visual_tools:/home/thisum/my_ws/install/moveit_task_constructor_visualization:/home/thisum/my_ws/install/moveit_task_constructor_demo:/home/thisum/my_ws/install/moveit_task_constructor_capabilities:/home/thisum/my_ws/install/moveit_task_constructor_core:/home/thisum/my_ws/install/moveit_ros_control_interface:/home/thisum/my_ws/install/moveit_plugins:/home/thisum/my_ws/install/moveit_simple_controller_manager:/home/thisum/my_ws/install/moveit_setup_assistant:/home/thisum/my_ws/install/moveit_setup_srdf_plugins:/home/thisum/my_ws/install/moveit_setup_core_plugins:/home/thisum/my_ws/install/moveit_setup_controllers:/home/thisum/my_ws/install/moveit_setup_app_plugins:/home/thisum/my_ws/install/moveit_setup_framework:/home/thisum/my_ws/install/moveit_servo:/home/thisum/my_ws/install/moveit_ros:/home/thisum/my_ws/install/moveit_ros_visualization:/home/thisum/my_ws/install/moveit_hybrid_planning:/home/thisum/my_ws/install/moveit_ros_planning_interface:/home/thisum/my_ws/install/moveit_ros_benchmarks:/home/thisum/my_ws/install/moveit_ros_warehouse:/home/thisum/my_ws/install/moveit_ros_robot_interaction:/home/thisum/my_ws/install/moveit_ros_perception:/home/thisum/my_ws/install/moveit_resources_prbt_pg70_support:/home/thisum/my_ws/install/moveit_resources_prbt_moveit_config:/home/thisum/my_ws/install/moveit_ros_move_group:/home/thisum/my_ws/install/moveit_planners_ompl:/home/thisum/my_ws/install/moveit_ros_planning:/home/thisum/my_ws/install/moveit_ros_occupancy_map_monitor:/home/thisum/my_ws/install/moveit_resources_prbt_ikfast_manipulator_plugin:/home/thisum/my_ws/install/moveit_planners_chomp:/home/thisum/my_ws/install/moveit_kinematics:/home/thisum/my_ws/install/moveit_chomp_optimizer_adapter:/home/thisum/my_ws/install/chomp_motion_planner:/home/thisum/my_ws/install/moveit_core:/home/thisum/my_ws/install/srdfdom:/home/thisum/my_ws/install/rviz_marker_tools:/home/thisum/my_ws/install/rosparam_shortcuts:/home/thisum/my_ws/install/new_full_arm:/home/thisum/my_ws/install/moveit_task_constructor_msgs:/home/thisum/my_ws/install/moveit_resources_prbt_support:/home/thisum/my_ws/install/moveit_resources:/home/thisum/my_ws/install/moveit_resources_pr2_description:/home/thisum/my_ws/install/moveit_resources_panda_moveit_config:/home/thisum/my_ws/install/moveit_resources_panda_description:/home/thisum/my_ws/install/moveit_resources_fanuc_moveit_config:/home/thisum/my_ws/install/moveit_resources_fanuc_description:/home/thisum/my_ws/install/moveit_common:/home/thisum/arm_ws/install/x:/home/thisum/arm_ws/install/robotiq_description:/home/thisum/arm_ws/install/robotiq_controllers:/home/thisum/arm_ws/install/arm_config:/home/thisum/my_ws/install/moveit_configs_utils:/home/thisum/my_ws/install/launch_param_builder:/home/thisum/arm_ws/install/moveit_configs_utils:/opt/ros/humble:/home/thisum/arm_ws/install/new_full_arm:/home/thisum/arm_ws/install/moveit_resources_prbt_support:/home/thisum/arm_ws/install/moveit_resources_pr2_description:/home/thisum/arm_ws/install/moveit_resources_panda_description:/home/thisum/arm_ws/install/moveit_resources_fanuc_description:/home/thisum/arm_ws/install/moveit_msgs:/home/thisum/arm_ws/install/moveit_common:/home/thisum/arm_ws/install/kortex_api LD_LIBRARY_PATH=/home/thisum/my_ws/src/install/moveit_ros_occupancy_map_monitor/lib:/home/thisum/my_ws/src/install/moveit_core/lib:/home/thisum/my_ws/src/install/srdfdom/lib:${LD_LIBRARY_PATH} PATH=/home/thisum/my_ws/src/install/moveit_core/bin:${PATH} PYTHONPATH=/home/thisum/my_ws/src/install/srdfdom/local/lib/python3.10/dist-packages:${PYTHONPATH} /usr/bin/cmake --build /home/thisum/my_ws/src/build/moveit_ros_planning -- -j6 -l6
[8.495s] [  1%] [32mBuilding CXX object planning_pipeline/CMakeFiles/moveit_planning_pipeline.dir/src/planning_pipeline.cpp.o[0m
[8.495s] [  3%] [32mBuilding CXX object planning_request_adapter_plugins/CMakeFiles/moveit_list_request_adapter_plugins.dir/src/list.cpp.o[0m
[8.495s] [  4%] [32mBuilding CXX object gmock/CMakeFiles/gmock_main.dir/src/gmock_main.cc.o[0m
[8.495s] [  6%] [32mBuilding CXX object rdf_loader/CMakeFiles/moveit_rdf_loader.dir/src/rdf_loader.cpp.o[0m
[8.499s] [  8%] [32mBuilding CXX object collision_plugin_loader/CMakeFiles/moveit_collision_plugin_loader.dir/src/collision_plugin_loader.cpp.o[0m
[8.507s] [  9%] [32mBuilding CXX object planning_request_adapter_plugins/CMakeFiles/moveit_default_planning_request_adapter_plugins.dir/src/empty.cpp.o[0m
[9.963s] [ 11%] [32m[1mLinking CXX static library libgmock_main.a[0m
[11.017s] [ 11%] Built target gmock_main
[11.230s] [ 12%] [32mBuilding CXX object gmock/CMakeFiles/gmock.dir/opt/ros/humble/src/gtest_vendor/src/gtest-all.cc.o[0m
[13.475s] [ 14%] [32mBuilding CXX object rdf_loader/CMakeFiles/moveit_rdf_loader.dir/src/synchronized_string_parameter.cpp.o[0m
[17.802s] [ 16%] [32mBuilding CXX object planning_request_adapter_plugins/CMakeFiles/moveit_default_planning_request_adapter_plugins.dir/src/fix_start_state_bounds.cpp.o[0m
[18.455s] [ 17%] [32m[1mLinking CXX shared library libmoveit_collision_plugin_loader.so[0m
[18.779s] [ 17%] Built target moveit_collision_plugin_loader
[18.808s] [ 19%] [32mBuilding CXX object planning_request_adapter_plugins/CMakeFiles/moveit_default_planning_request_adapter_plugins.dir/src/fix_start_state_collision.cpp.o[0m
[20.346s] [ 20%] [32mBuilding CXX object gmock/CMakeFiles/gmock.dir/src/gmock-all.cc.o[0m
[24.162s] [ 22%] [32m[1mLinking CXX static library libgmock.a[0m
[24.371s] [ 22%] Built target gmock
[24.399s] [ 24%] [32mBuilding CXX object planning_request_adapter_plugins/CMakeFiles/moveit_default_planning_request_adapter_plugins.dir/src/fix_start_state_path_constraints.cpp.o[0m
[24.973s] [ 25%] [32m[1mLinking CXX executable moveit_list_request_adapter_plugins[0m
[25.370s] [ 25%] Built target moveit_list_request_adapter_plugins
[25.488s] [ 27%] [32mBuilding CXX object planning_request_adapter_plugins/CMakeFiles/moveit_default_planning_request_adapter_plugins.dir/src/fix_workspace_bounds.cpp.o[0m
[29.473s] [ 29%] [32m[1mLinking CXX shared library libmoveit_rdf_loader.so[0m
[29.924s] [ 29%] Built target moveit_rdf_loader
[29.998s] [ 30%] [32mBuilding CXX object kinematics_plugin_loader/CMakeFiles/moveit_kinematics_plugin_loader.dir/src/kinematics_plugin_loader.cpp.o[0m
[31.767s] [ 32%] [32mBuilding CXX object planning_request_adapter_plugins/CMakeFiles/moveit_default_planning_request_adapter_plugins.dir/src/add_time_parameterization.cpp.o[0m
[31.770s] [ 33%] [32mBuilding CXX object planning_request_adapter_plugins/CMakeFiles/moveit_default_planning_request_adapter_plugins.dir/src/add_ruckig_traj_smoothing.cpp.o[0m
[32.496s] [ 35%] [32m[1mLinking CXX shared library libmoveit_planning_pipeline.so[0m
[32.856s] [ 35%] Built target moveit_planning_pipeline
[32.927s] [ 37%] [32mBuilding CXX object constraint_sampler_manager_loader/CMakeFiles/moveit_constraint_sampler_manager_loader.dir/src/constraint_sampler_manager_loader.cpp.o[0m
[36.622s] [ 38%] [32mBuilding CXX object planning_request_adapter_plugins/CMakeFiles/moveit_default_planning_request_adapter_plugins.dir/src/add_iterative_spline_parameterization.cpp.o[0m
[36.710s] [ 40%] [32mBuilding CXX object planning_request_adapter_plugins/CMakeFiles/moveit_default_planning_request_adapter_plugins.dir/src/add_time_optimal_parameterization.cpp.o[0m
[41.347s] [ 41%] [32mBuilding CXX object planning_request_adapter_plugins/CMakeFiles/moveit_default_planning_request_adapter_plugins.dir/src/resolve_constraint_frames.cpp.o[0m
[44.679s] [ 43%] [32m[1mLinking CXX shared library libmoveit_kinematics_plugin_loader.so[0m
[45.073s] [ 43%] Built target moveit_kinematics_plugin_loader
[47.952s] [ 45%] [32m[1mLinking CXX shared library libmoveit_constraint_sampler_manager_loader.so[0m
[48.304s] [ 45%] Built target moveit_constraint_sampler_manager_loader
[50.084s] [ 46%] [32m[1mLinking CXX shared library libmoveit_default_planning_request_adapter_plugins.so[0m
[50.377s] [ 46%] Built target moveit_default_planning_request_adapter_plugins
[50.429s] [ 48%] [32mBuilding CXX object robot_model_loader/CMakeFiles/moveit_robot_model_loader.dir/src/robot_model_loader.cpp.o[0m
[57.002s] [ 50%] [32m[1mLinking CXX shared library libmoveit_robot_model_loader.so[0m
[57.286s] [ 50%] Built target moveit_robot_model_loader
[57.338s] [ 51%] [32mBuilding CXX object planning_scene_monitor/CMakeFiles/moveit_planning_scene_monitor.dir/src/planning_scene_monitor.cpp.o[0m
[94.691s] [ 56%] [32mBuilding CXX object planning_scene_monitor/CMakeFiles/moveit_planning_scene_monitor.dir/src/current_state_monitor_middleware_handle.cpp.o[0m
[94.691s] [ 56%] [32mBuilding CXX object planning_scene_monitor/CMakeFiles/moveit_planning_scene_monitor.dir/src/current_state_monitor.cpp.o[0m
[94.691s] [ 56%] [32mBuilding CXX object planning_scene_monitor/CMakeFiles/moveit_planning_scene_monitor.dir/src/trajectory_monitor.cpp.o[0m
[94.693s] [ 58%] [32mBuilding CXX object planning_scene_monitor/CMakeFiles/moveit_planning_scene_monitor.dir/src/trajectory_monitor_middleware_handle.cpp.o[0m
[112.723s] [ 59%] [32m[1mLinking CXX shared library libmoveit_planning_scene_monitor.so[0m
[113.299s] [ 59%] Built target moveit_planning_scene_monitor
[113.383s] [ 62%] [32mBuilding CXX object planning_components_tools/CMakeFiles/moveit_display_random_state.dir/src/display_random_state.cpp.o[0m
[113.383s] [ 62%] [32mBuilding CXX object planning_scene_monitor/CMakeFiles/demo_scene.dir/demos/demo_scene.cpp.o[0m
[113.385s] [ 64%] [32mBuilding CXX object planning_components_tools/CMakeFiles/moveit_print_planning_model_info.dir/src/print_planning_model_info.cpp.o[0m
[113.390s] [ 66%] [32mBuilding CXX object planning_scene_monitor/CMakeFiles/trajectory_monitor_tests.dir/test/trajectory_monitor_tests.cpp.o[0m
[113.391s] [ 69%] [32mBuilding CXX object planning_components_tools/CMakeFiles/moveit_print_planning_scene_info.dir/src/print_planning_scene_info.cpp.o[0m
[113.392s] [ 69%] [32mBuilding CXX object planning_scene_monitor/CMakeFiles/current_state_monitor_tests.dir/test/current_state_monitor_tests.cpp.o[0m
[121.432s] [ 70%] [32m[1mLinking CXX executable moveit_print_planning_model_info[0m
[121.969s] [ 70%] Built target moveit_print_planning_model_info
[122.038s] [ 72%] [32mBuilding CXX object planning_components_tools/CMakeFiles/moveit_visualize_robot_collision_volume.dir/src/visualize_robot_collision_volume.cpp.o[0m
[131.615s] [ 74%] [32m[1mLinking CXX executable moveit_print_planning_scene_info[0m
[132.912s] [ 74%] Built target moveit_print_planning_scene_info
[135.629s] [ 75%] [32m[1mLinking CXX executable current_state_monitor_tests[0m
[135.630s] [ 77%] [32m[1mLinking CXX executable trajectory_monitor_tests[0m
[136.558s] [ 79%] [32m[1mLinking CXX executable demo_scene[0m
[136.863s] [ 80%] [32m[1mLinking CXX executable moveit_display_random_state[0m
[137.089s] [ 80%] Built target demo_scene
[137.134s] [ 80%] Built target current_state_monitor_tests
[137.353s] [ 80%] Built target trajectory_monitor_tests
[137.772s] [ 80%] Built target moveit_display_random_state
[145.206s] [ 82%] [32m[1mLinking CXX executable moveit_visualize_robot_collision_volume[0m
[145.671s] [ 82%] Built target moveit_visualize_robot_collision_volume
[145.740s] [ 83%] [32mBuilding CXX object trajectory_execution_manager/CMakeFiles/moveit_trajectory_execution_manager.dir/src/trajectory_execution_manager.cpp.o[0m
[145.746s] [ 85%] [32mBuilding CXX object planning_components_tools/CMakeFiles/moveit_publish_scene_from_text.dir/src/publish_scene_from_text.cpp.o[0m
[145.746s] [ 87%] [32mBuilding CXX object planning_components_tools/CMakeFiles/moveit_evaluate_collision_checking_speed.dir/src/evaluate_collision_checking_speed.cpp.o[0m
[161.639s] [ 88%] [32m[1mLinking CXX executable moveit_evaluate_collision_checking_speed[0m
[162.221s] [ 88%] Built target moveit_evaluate_collision_checking_speed
[162.943s] [ 90%] [32m[1mLinking CXX executable moveit_publish_scene_from_text[0m
[163.456s] [ 90%] Built target moveit_publish_scene_from_text
[176.891s] [ 91%] [32m[1mLinking CXX shared library libmoveit_trajectory_execution_manager.so[0m
[177.349s] [ 91%] Built target moveit_trajectory_execution_manager
[177.410s] [ 95%] [32mBuilding CXX object moveit_cpp/CMakeFiles/moveit_cpp.dir/src/moveit_cpp.cpp.o[0m
[177.410s] [ 96%] [32mBuilding CXX object moveit_cpp/CMakeFiles/moveit_cpp.dir/src/planning_component.cpp.o[0m
[177.411s] [ 96%] [32mBuilding CXX object plan_execution/CMakeFiles/moveit_plan_execution.dir/src/plan_execution.cpp.o[0m
[192.857s] [ 98%] [32m[1mLinking CXX shared library libmoveit_plan_execution.so[0m
[193.413s] [ 98%] Built target moveit_plan_execution
[197.985s] [100%] [32m[1mLinking CXX shared library libmoveit_cpp.so[0m
[198.410s] [100%] Built target moveit_cpp
[198.437s] Invoked command in '/home/thisum/my_ws/src/build/moveit_ros_planning' returned '0': AMENT_PREFIX_PATH=/home/thisum/my_ws/src/install/moveit_ros_occupancy_map_monitor:/home/thisum/my_ws/src/install/moveit_core:/home/thisum/my_ws/src/install/moveit_resources_panda_moveit_config:/home/thisum/my_ws/src/install/srdfdom:/home/thisum/my_ws/src/install/moveit_resources_pr2_description:/home/thisum/my_ws/src/install/moveit_resources_panda_description:/home/thisum/my_ws/src/install/moveit_common:${AMENT_PREFIX_PATH} CMAKE_PREFIX_PATH=/home/thisum/my_ws/src/install/moveit_ros_occupancy_map_monitor:/home/thisum/my_ws/src/install/moveit_core:/home/thisum/my_ws/src/install/moveit_resources_panda_moveit_config:/home/thisum/my_ws/src/install/srdfdom:/home/thisum/my_ws/src/install/moveit_resources_pr2_description:/home/thisum/my_ws/src/install/moveit_resources_panda_description:/home/thisum/my_ws/src/install/moveit_common:/home/thisum/my_ws/install/pilz_industrial_motion_planner_testutils:/home/thisum/my_ws/install/moveit_runtime:/home/thisum/my_ws/install/moveit2_tutorials:/home/thisum/my_ws/install/moveit:/home/thisum/my_ws/install/arm_config:/home/thisum/my_ws/install/moveit_planners:/home/thisum/my_ws/install/pilz_industrial_motion_planner:/home/thisum/my_ws/install/moveit_visual_tools:/home/thisum/my_ws/install/moveit_task_constructor_visualization:/home/thisum/my_ws/install/moveit_task_constructor_demo:/home/thisum/my_ws/install/moveit_task_constructor_capabilities:/home/thisum/my_ws/install/moveit_task_constructor_core:/home/thisum/my_ws/install/moveit_ros_control_interface:/home/thisum/my_ws/install/moveit_plugins:/home/thisum/my_ws/install/moveit_simple_controller_manager:/home/thisum/my_ws/install/moveit_setup_assistant:/home/thisum/my_ws/install/moveit_setup_srdf_plugins:/home/thisum/my_ws/install/moveit_setup_core_plugins:/home/thisum/my_ws/install/moveit_setup_controllers:/home/thisum/my_ws/install/moveit_setup_app_plugins:/home/thisum/my_ws/install/moveit_setup_framework:/home/thisum/my_ws/install/moveit_servo:/home/thisum/my_ws/install/moveit_ros:/home/thisum/my_ws/install/moveit_ros_visualization:/home/thisum/my_ws/install/moveit_hybrid_planning:/home/thisum/my_ws/install/moveit_ros_planning_interface:/home/thisum/my_ws/install/moveit_ros_benchmarks:/home/thisum/my_ws/install/moveit_ros_warehouse:/home/thisum/my_ws/install/moveit_ros_robot_interaction:/home/thisum/my_ws/install/moveit_ros_perception:/home/thisum/my_ws/install/moveit_resources_prbt_pg70_support:/home/thisum/my_ws/install/moveit_resources_prbt_moveit_config:/home/thisum/my_ws/install/moveit_ros_move_group:/home/thisum/my_ws/install/moveit_planners_ompl:/home/thisum/my_ws/install/moveit_ros_planning:/home/thisum/my_ws/install/moveit_ros_occupancy_map_monitor:/home/thisum/my_ws/install/moveit_resources_prbt_ikfast_manipulator_plugin:/home/thisum/my_ws/install/moveit_planners_chomp:/home/thisum/my_ws/install/moveit_kinematics:/home/thisum/my_ws/install/moveit_chomp_optimizer_adapter:/home/thisum/my_ws/install/chomp_motion_planner:/home/thisum/my_ws/install/moveit_core:/home/thisum/my_ws/install/srdfdom:/home/thisum/my_ws/install/rviz_marker_tools:/home/thisum/my_ws/install/rosparam_shortcuts:/home/thisum/my_ws/install/new_full_arm:/home/thisum/my_ws/install/moveit_task_constructor_msgs:/home/thisum/my_ws/install/moveit_resources_prbt_support:/home/thisum/my_ws/install/moveit_resources:/home/thisum/my_ws/install/moveit_resources_pr2_description:/home/thisum/my_ws/install/moveit_resources_panda_moveit_config:/home/thisum/my_ws/install/moveit_resources_panda_description:/home/thisum/my_ws/install/moveit_resources_fanuc_moveit_config:/home/thisum/my_ws/install/moveit_resources_fanuc_description:/home/thisum/my_ws/install/moveit_common:/home/thisum/arm_ws/install/x:/home/thisum/arm_ws/install/robotiq_description:/home/thisum/arm_ws/install/robotiq_controllers:/home/thisum/arm_ws/install/arm_config:/home/thisum/my_ws/install/moveit_configs_utils:/home/thisum/my_ws/install/launch_param_builder:/home/thisum/arm_ws/install/moveit_configs_utils:/opt/ros/humble:/home/thisum/arm_ws/install/new_full_arm:/home/thisum/arm_ws/install/moveit_resources_prbt_support:/home/thisum/arm_ws/install/moveit_resources_pr2_description:/home/thisum/arm_ws/install/moveit_resources_panda_description:/home/thisum/arm_ws/install/moveit_resources_fanuc_description:/home/thisum/arm_ws/install/moveit_msgs:/home/thisum/arm_ws/install/moveit_common:/home/thisum/arm_ws/install/kortex_api LD_LIBRARY_PATH=/home/thisum/my_ws/src/install/moveit_ros_occupancy_map_monitor/lib:/home/thisum/my_ws/src/install/moveit_core/lib:/home/thisum/my_ws/src/install/srdfdom/lib:${LD_LIBRARY_PATH} PATH=/home/thisum/my_ws/src/install/moveit_core/bin:${PATH} PYTHONPATH=/home/thisum/my_ws/src/install/srdfdom/local/lib/python3.10/dist-packages:${PYTHONPATH} /usr/bin/cmake --build /home/thisum/my_ws/src/build/moveit_ros_planning -- -j6 -l6
[198.608s] Invoking command in '/home/thisum/my_ws/src/build/moveit_ros_planning': AMENT_PREFIX_PATH=/home/thisum/my_ws/src/install/moveit_ros_occupancy_map_monitor:/home/thisum/my_ws/src/install/moveit_core:/home/thisum/my_ws/src/install/moveit_resources_panda_moveit_config:/home/thisum/my_ws/src/install/srdfdom:/home/thisum/my_ws/src/install/moveit_resources_pr2_description:/home/thisum/my_ws/src/install/moveit_resources_panda_description:/home/thisum/my_ws/src/install/moveit_common:${AMENT_PREFIX_PATH} CMAKE_PREFIX_PATH=/home/thisum/my_ws/src/install/moveit_ros_occupancy_map_monitor:/home/thisum/my_ws/src/install/moveit_core:/home/thisum/my_ws/src/install/moveit_resources_panda_moveit_config:/home/thisum/my_ws/src/install/srdfdom:/home/thisum/my_ws/src/install/moveit_resources_pr2_description:/home/thisum/my_ws/src/install/moveit_resources_panda_description:/home/thisum/my_ws/src/install/moveit_common:/home/thisum/my_ws/install/pilz_industrial_motion_planner_testutils:/home/thisum/my_ws/install/moveit_runtime:/home/thisum/my_ws/install/moveit2_tutorials:/home/thisum/my_ws/install/moveit:/home/thisum/my_ws/install/arm_config:/home/thisum/my_ws/install/moveit_planners:/home/thisum/my_ws/install/pilz_industrial_motion_planner:/home/thisum/my_ws/install/moveit_visual_tools:/home/thisum/my_ws/install/moveit_task_constructor_visualization:/home/thisum/my_ws/install/moveit_task_constructor_demo:/home/thisum/my_ws/install/moveit_task_constructor_capabilities:/home/thisum/my_ws/install/moveit_task_constructor_core:/home/thisum/my_ws/install/moveit_ros_control_interface:/home/thisum/my_ws/install/moveit_plugins:/home/thisum/my_ws/install/moveit_simple_controller_manager:/home/thisum/my_ws/install/moveit_setup_assistant:/home/thisum/my_ws/install/moveit_setup_srdf_plugins:/home/thisum/my_ws/install/moveit_setup_core_plugins:/home/thisum/my_ws/install/moveit_setup_controllers:/home/thisum/my_ws/install/moveit_setup_app_plugins:/home/thisum/my_ws/install/moveit_setup_framework:/home/thisum/my_ws/install/moveit_servo:/home/thisum/my_ws/install/moveit_ros:/home/thisum/my_ws/install/moveit_ros_visualization:/home/thisum/my_ws/install/moveit_hybrid_planning:/home/thisum/my_ws/install/moveit_ros_planning_interface:/home/thisum/my_ws/install/moveit_ros_benchmarks:/home/thisum/my_ws/install/moveit_ros_warehouse:/home/thisum/my_ws/install/moveit_ros_robot_interaction:/home/thisum/my_ws/install/moveit_ros_perception:/home/thisum/my_ws/install/moveit_resources_prbt_pg70_support:/home/thisum/my_ws/install/moveit_resources_prbt_moveit_config:/home/thisum/my_ws/install/moveit_ros_move_group:/home/thisum/my_ws/install/moveit_planners_ompl:/home/thisum/my_ws/install/moveit_ros_planning:/home/thisum/my_ws/install/moveit_ros_occupancy_map_monitor:/home/thisum/my_ws/install/moveit_resources_prbt_ikfast_manipulator_plugin:/home/thisum/my_ws/install/moveit_planners_chomp:/home/thisum/my_ws/install/moveit_kinematics:/home/thisum/my_ws/install/moveit_chomp_optimizer_adapter:/home/thisum/my_ws/install/chomp_motion_planner:/home/thisum/my_ws/install/moveit_core:/home/thisum/my_ws/install/srdfdom:/home/thisum/my_ws/install/rviz_marker_tools:/home/thisum/my_ws/install/rosparam_shortcuts:/home/thisum/my_ws/install/new_full_arm:/home/thisum/my_ws/install/moveit_task_constructor_msgs:/home/thisum/my_ws/install/moveit_resources_prbt_support:/home/thisum/my_ws/install/moveit_resources:/home/thisum/my_ws/install/moveit_resources_pr2_description:/home/thisum/my_ws/install/moveit_resources_panda_moveit_config:/home/thisum/my_ws/install/moveit_resources_panda_description:/home/thisum/my_ws/install/moveit_resources_fanuc_moveit_config:/home/thisum/my_ws/install/moveit_resources_fanuc_description:/home/thisum/my_ws/install/moveit_common:/home/thisum/arm_ws/install/x:/home/thisum/arm_ws/install/robotiq_description:/home/thisum/arm_ws/install/robotiq_controllers:/home/thisum/arm_ws/install/arm_config:/home/thisum/my_ws/install/moveit_configs_utils:/home/thisum/my_ws/install/launch_param_builder:/home/thisum/arm_ws/install/moveit_configs_utils:/opt/ros/humble:/home/thisum/arm_ws/install/new_full_arm:/home/thisum/arm_ws/install/moveit_resources_prbt_support:/home/thisum/arm_ws/install/moveit_resources_pr2_description:/home/thisum/arm_ws/install/moveit_resources_panda_description:/home/thisum/arm_ws/install/moveit_resources_fanuc_description:/home/thisum/arm_ws/install/moveit_msgs:/home/thisum/arm_ws/install/moveit_common:/home/thisum/arm_ws/install/kortex_api LD_LIBRARY_PATH=/home/thisum/my_ws/src/install/moveit_ros_occupancy_map_monitor/lib:/home/thisum/my_ws/src/install/moveit_core/lib:/home/thisum/my_ws/src/install/srdfdom/lib:${LD_LIBRARY_PATH} PATH=/home/thisum/my_ws/src/install/moveit_core/bin:${PATH} PYTHONPATH=/home/thisum/my_ws/src/install/srdfdom/local/lib/python3.10/dist-packages:${PYTHONPATH} /usr/bin/cmake --install /home/thisum/my_ws/src/build/moveit_ros_planning
[198.630s] -- Install configuration: "Release"
[198.630s] -- Installing: /home/thisum/my_ws/src/install/moveit_ros_planning/include
[198.630s] -- Installing: /home/thisum/my_ws/src/install/moveit_ros_planning/include/moveit
[198.630s] -- Installing: /home/thisum/my_ws/src/install/moveit_ros_planning/include/moveit/rdf_loader
[198.630s] -- Installing: /home/thisum/my_ws/src/install/moveit_ros_planning/include/moveit/rdf_loader/rdf_loader.h
[198.631s] -- Installing: /home/thisum/my_ws/src/install/moveit_ros_planning/include/moveit/rdf_loader/synchronized_string_parameter.h
[198.631s] -- Installing: /home/thisum/my_ws/src/install/moveit_ros_planning/share/moveit_ros_planning/rdf_loader/test/data
[198.631s] -- Installing: /home/thisum/my_ws/src/install/moveit_ros_planning/share/moveit_ros_planning/rdf_loader/test/data/gonzo.srdf
[198.631s] -- Installing: /home/thisum/my_ws/src/install/moveit_ros_planning/share/moveit_ros_planning/rdf_loader/test/data/kermit.srdf
[198.631s] -- Installing: /home/thisum/my_ws/src/install/moveit_ros_planning/share/moveit_ros_planning/rdf_loader/test/data/robin.srdf.xacro
[198.632s] -- Installing: /home/thisum/my_ws/src/install/moveit_ros_planning/share/moveit_ros_planning/rdf_loader/test/data/gonzo.urdf
[198.633s] -- Installing: /home/thisum/my_ws/src/install/moveit_ros_planning/share/moveit_ros_planning/rdf_loader/test/data/kermit.urdf
[198.633s] -- Installing: /home/thisum/my_ws/src/install/moveit_ros_planning/share/moveit_ros_planning/rdf_loader/test/launch
[198.633s] -- Installing: /home/thisum/my_ws/src/install/moveit_ros_planning/share/moveit_ros_planning/rdf_loader/test/launch/test_rdf_integration.test.py
[198.634s] -- Up-to-date: /home/thisum/my_ws/src/install/moveit_ros_planning/include
[198.634s] -- Up-to-date: /home/thisum/my_ws/src/install/moveit_ros_planning/include/moveit
[198.634s] -- Installing: /home/thisum/my_ws/src/install/moveit_ros_planning/include/moveit/collision_plugin_loader
[198.634s] -- Installing: /home/thisum/my_ws/src/install/moveit_ros_planning/include/moveit/collision_plugin_loader/collision_plugin_loader.h
[198.635s] -- Up-to-date: /home/thisum/my_ws/src/install/moveit_ros_planning/include
[198.635s] -- Up-to-date: /home/thisum/my_ws/src/install/moveit_ros_planning/include/moveit
[198.635s] -- Installing: /home/thisum/my_ws/src/install/moveit_ros_planning/include/moveit/kinematics_plugin_loader
[198.635s] -- Installing: /home/thisum/my_ws/src/install/moveit_ros_planning/include/moveit/kinematics_plugin_loader/kinematics_plugin_loader.h
[198.641s] -- Up-to-date: /home/thisum/my_ws/src/install/moveit_ros_planning/include
[198.641s] -- Up-to-date: /home/thisum/my_ws/src/install/moveit_ros_planning/include/moveit
[198.642s] -- Installing: /home/thisum/my_ws/src/install/moveit_ros_planning/include/moveit/robot_model_loader
[198.642s] -- Installing: /home/thisum/my_ws/src/install/moveit_ros_planning/include/moveit/robot_model_loader/robot_model_loader.h
[198.642s] -- Up-to-date: /home/thisum/my_ws/src/install/moveit_ros_planning/include
[198.642s] -- Up-to-date: /home/thisum/my_ws/src/install/moveit_ros_planning/include/moveit
[198.642s] -- Installing: /home/thisum/my_ws/src/install/moveit_ros_planning/include/moveit/constraint_sampler_manager_loader
[198.643s] -- Installing: /home/thisum/my_ws/src/install/moveit_ros_planning/include/moveit/constraint_sampler_manager_loader/constraint_sampler_manager_loader.h
[198.643s] -- Up-to-date: /home/thisum/my_ws/src/install/moveit_ros_planning/include
[198.643s] -- Up-to-date: /home/thisum/my_ws/src/install/moveit_ros_planning/include/moveit
[198.643s] -- Installing: /home/thisum/my_ws/src/install/moveit_ros_planning/include/moveit/planning_pipeline
[198.643s] -- Installing: /home/thisum/my_ws/src/install/moveit_ros_planning/include/moveit/planning_pipeline/planning_pipeline.h
[198.643s] -- Installing: /home/thisum/my_ws/src/install/moveit_ros_planning/include/moveit_planning_pipeline_export.h
[198.643s] -- Installing: /home/thisum/my_ws/src/install/moveit_ros_planning/lib/moveit_ros_planning/moveit_list_request_adapter_plugins
[198.643s] -- Set runtime path of "/home/thisum/my_ws/src/install/moveit_ros_planning/lib/moveit_ros_planning/moveit_list_request_adapter_plugins" to ""
[198.643s] -- Installing: /home/thisum/my_ws/src/install/moveit_ros_planning/lib/moveit_ros_planning/demo_scene
[198.643s] -- Set runtime path of "/home/thisum/my_ws/src/install/moveit_ros_planning/lib/moveit_ros_planning/demo_scene" to ""
[198.644s] -- Up-to-date: /home/thisum/my_ws/src/install/moveit_ros_planning/include
[198.644s] -- Up-to-date: /home/thisum/my_ws/src/install/moveit_ros_planning/include/moveit
[198.644s] -- Installing: /home/thisum/my_ws/src/install/moveit_ros_planning/include/moveit/planning_scene_monitor
[198.644s] -- Installing: /home/thisum/my_ws/src/install/moveit_ros_planning/include/moveit/planning_scene_monitor/trajectory_monitor.h
[198.646s] -- Installing: /home/thisum/my_ws/src/install/moveit_ros_planning/include/moveit/planning_scene_monitor/planning_scene_monitor.h
[198.646s] -- Installing: /home/thisum/my_ws/src/install/moveit_ros_planning/include/moveit/planning_scene_monitor/trajectory_monitor_middleware_handle.hpp
[198.646s] -- Installing: /home/thisum/my_ws/src/install/moveit_ros_planning/include/moveit/planning_scene_monitor/current_state_monitor.h
[198.647s] -- Installing: /home/thisum/my_ws/src/install/moveit_ros_planning/include/moveit/planning_scene_monitor/current_state_monitor_middleware_handle.hpp
[198.647s] -- Installing: /home/thisum/my_ws/src/install/moveit_ros_planning/include/moveit_planning_scene_monitor_export.h
[198.647s] -- Installing: /home/thisum/my_ws/src/install/moveit_ros_planning/lib/moveit_ros_planning/moveit_print_planning_model_info
[198.647s] -- Set runtime path of "/home/thisum/my_ws/src/install/moveit_ros_planning/lib/moveit_ros_planning/moveit_print_planning_model_info" to ""
[198.647s] -- Installing: /home/thisum/my_ws/src/install/moveit_ros_planning/lib/moveit_ros_planning/moveit_print_planning_scene_info
[198.647s] -- Set runtime path of "/home/thisum/my_ws/src/install/moveit_ros_planning/lib/moveit_ros_planning/moveit_print_planning_scene_info" to ""
[198.647s] -- Installing: /home/thisum/my_ws/src/install/moveit_ros_planning/lib/moveit_ros_planning/moveit_display_random_state
[198.648s] -- Set runtime path of "/home/thisum/my_ws/src/install/moveit_ros_planning/lib/moveit_ros_planning/moveit_display_random_state" to ""
[198.648s] -- Installing: /home/thisum/my_ws/src/install/moveit_ros_planning/lib/moveit_ros_planning/moveit_visualize_robot_collision_volume
[198.648s] -- Set runtime path of "/home/thisum/my_ws/src/install/moveit_ros_planning/lib/moveit_ros_planning/moveit_visualize_robot_collision_volume" to ""
[198.648s] -- Installing: /home/thisum/my_ws/src/install/moveit_ros_planning/lib/moveit_ros_planning/moveit_evaluate_collision_checking_speed
[198.648s] -- Set runtime path of "/home/thisum/my_ws/src/install/moveit_ros_planning/lib/moveit_ros_planning/moveit_evaluate_collision_checking_speed" to ""
[198.648s] -- Installing: /home/thisum/my_ws/src/install/moveit_ros_planning/lib/moveit_ros_planning/moveit_publish_scene_from_text
[198.649s] -- Set runtime path of "/home/thisum/my_ws/src/install/moveit_ros_planning/lib/moveit_ros_planning/moveit_publish_scene_from_text" to ""
[198.649s] -- Up-to-date: /home/thisum/my_ws/src/install/moveit_ros_planning/include
[198.649s] -- Up-to-date: /home/thisum/my_ws/src/install/moveit_ros_planning/include/moveit
[198.650s] -- Installing: /home/thisum/my_ws/src/install/moveit_ros_planning/include/moveit/trajectory_execution_manager
[198.650s] -- Installing: /home/thisum/my_ws/src/install/moveit_ros_planning/include/moveit/trajectory_execution_manager/trajectory_execution_manager.h
[198.650s] -- Installing: /home/thisum/my_ws/src/install/moveit_ros_planning/include/moveit_trajectory_execution_manager_export.h
[198.650s] -- Up-to-date: /home/thisum/my_ws/src/install/moveit_ros_planning/include
[198.650s] -- Up-to-date: /home/thisum/my_ws/src/install/moveit_ros_planning/include/moveit
[198.650s] -- Installing: /home/thisum/my_ws/src/install/moveit_ros_planning/include/moveit/plan_execution
[198.650s] -- Installing: /home/thisum/my_ws/src/install/moveit_ros_planning/include/moveit/plan_execution/plan_representation.h
[198.651s] -- Installing: /home/thisum/my_ws/src/install/moveit_ros_planning/include/moveit/plan_execution/plan_execution.h
[198.651s] -- Up-to-date: /home/thisum/my_ws/src/install/moveit_ros_planning/include
[198.651s] -- Up-to-date: /home/thisum/my_ws/src/install/moveit_ros_planning/include/moveit
[198.651s] -- Installing: /home/thisum/my_ws/src/install/moveit_ros_planning/include/moveit/moveit_cpp
[198.651s] -- Installing: /home/thisum/my_ws/src/install/moveit_ros_planning/include/moveit/moveit_cpp/planning_component.h
[198.651s] -- Installing: /home/thisum/my_ws/src/install/moveit_ros_planning/include/moveit/moveit_cpp/moveit_cpp.h
[198.652s] -- Installing: /home/thisum/my_ws/src/install/moveit_ros_planning/lib/libmoveit_rdf_loader.so.2.5.5
[198.656s] -- Set runtime path of "/home/thisum/my_ws/src/install/moveit_ros_planning/lib/libmoveit_rdf_loader.so.2.5.5" to ""
[198.657s] -- Installing: /home/thisum/my_ws/src/install/moveit_ros_planning/lib/libmoveit_rdf_loader.so
[198.657s] -- Installing: /home/thisum/my_ws/src/install/moveit_ros_planning/lib/libmoveit_kinematics_plugin_loader.so.2.5.5
[198.658s] -- Set runtime path of "/home/thisum/my_ws/src/install/moveit_ros_planning/lib/libmoveit_kinematics_plugin_loader.so.2.5.5" to ""
[198.658s] -- Installing: /home/thisum/my_ws/src/install/moveit_ros_planning/lib/libmoveit_kinematics_plugin_loader.so
[198.659s] -- Installing: /home/thisum/my_ws/src/install/moveit_ros_planning/lib/libmoveit_robot_model_loader.so.2.5.5
[198.659s] -- Set runtime path of "/home/thisum/my_ws/src/install/moveit_ros_planning/lib/libmoveit_robot_model_loader.so.2.5.5" to ""
[198.659s] -- Installing: /home/thisum/my_ws/src/install/moveit_ros_planning/lib/libmoveit_robot_model_loader.so
[198.659s] -- Installing: /home/thisum/my_ws/src/install/moveit_ros_planning/lib/libmoveit_constraint_sampler_manager_loader.so.2.5.5
[198.661s] -- Set runtime path of "/home/thisum/my_ws/src/install/moveit_ros_planning/lib/libmoveit_constraint_sampler_manager_loader.so.2.5.5" to ""
[198.661s] -- Installing: /home/thisum/my_ws/src/install/moveit_ros_planning/lib/libmoveit_constraint_sampler_manager_loader.so
[198.661s] -- Installing: /home/thisum/my_ws/src/install/moveit_ros_planning/lib/libmoveit_planning_pipeline.so.2.5.5
[198.664s] -- Set runtime path of "/home/thisum/my_ws/src/install/moveit_ros_planning/lib/libmoveit_planning_pipeline.so.2.5.5" to ""
[198.664s] -- Installing: /home/thisum/my_ws/src/install/moveit_ros_planning/lib/libmoveit_planning_pipeline.so
[198.664s] -- Installing: /home/thisum/my_ws/src/install/moveit_ros_planning/lib/libmoveit_trajectory_execution_manager.so.2.5.5
[198.667s] -- Set runtime path of "/home/thisum/my_ws/src/install/moveit_ros_planning/lib/libmoveit_trajectory_execution_manager.so.2.5.5" to ""
[198.668s] -- Installing: /home/thisum/my_ws/src/install/moveit_ros_planning/lib/libmoveit_trajectory_execution_manager.so
[198.668s] -- Installing: /home/thisum/my_ws/src/install/moveit_ros_planning/lib/libmoveit_plan_execution.so.2.5.5
[198.668s] -- Set runtime path of "/home/thisum/my_ws/src/install/moveit_ros_planning/lib/libmoveit_plan_execution.so.2.5.5" to ""
[198.669s] -- Installing: /home/thisum/my_ws/src/install/moveit_ros_planning/lib/libmoveit_plan_execution.so
[198.669s] -- Installing: /home/thisum/my_ws/src/install/moveit_ros_planning/lib/libmoveit_planning_scene_monitor.so.2.5.5
[198.677s] -- Set runtime path of "/home/thisum/my_ws/src/install/moveit_ros_planning/lib/libmoveit_planning_scene_monitor.so.2.5.5" to ""
[198.677s] -- Installing: /home/thisum/my_ws/src/install/moveit_ros_planning/lib/libmoveit_planning_scene_monitor.so
[198.677s] -- Installing: /home/thisum/my_ws/src/install/moveit_ros_planning/lib/libmoveit_collision_plugin_loader.so.2.5.5
[198.678s] -- Set runtime path of "/home/thisum/my_ws/src/install/moveit_ros_planning/lib/libmoveit_collision_plugin_loader.so.2.5.5" to ""
[198.678s] -- Installing: /home/thisum/my_ws/src/install/moveit_ros_planning/lib/libmoveit_collision_plugin_loader.so
[198.678s] -- Installing: /home/thisum/my_ws/src/install/moveit_ros_planning/lib/libmoveit_default_planning_request_adapter_plugins.so.2.5.5
[198.679s] -- Set runtime path of "/home/thisum/my_ws/src/install/moveit_ros_planning/lib/libmoveit_default_planning_request_adapter_plugins.so.2.5.5" to ""
[198.680s] -- Installing: /home/thisum/my_ws/src/install/moveit_ros_planning/lib/libmoveit_default_planning_request_adapter_plugins.so
[198.680s] -- Installing: /home/thisum/my_ws/src/install/moveit_ros_planning/lib/libmoveit_cpp.so.2.5.5
[198.681s] -- Set runtime path of "/home/thisum/my_ws/src/install/moveit_ros_planning/lib/libmoveit_cpp.so.2.5.5" to ""
[198.682s] -- Installing: /home/thisum/my_ws/src/install/moveit_ros_planning/lib/libmoveit_cpp.so
[198.682s] -- Installing: /home/thisum/my_ws/src/install/moveit_ros_planning/share/moveit_ros_planning/environment/library_path.sh
[198.682s] -- Installing: /home/thisum/my_ws/src/install/moveit_ros_planning/share/moveit_ros_planning/environment/library_path.dsv
[198.682s] -- Installing: /home/thisum/my_ws/src/install/moveit_ros_planning/share/moveit_ros_planning/planning_request_adapters_plugin_description.xml
[198.683s] -- Installing: /home/thisum/my_ws/src/install/moveit_ros_planning/share/ament_index/resource_index/package_run_dependencies/moveit_ros_planning
[198.683s] -- Installing: /home/thisum/my_ws/src/install/moveit_ros_planning/share/ament_index/resource_index/parent_prefix_path/moveit_ros_planning
[198.684s] -- Installing: /home/thisum/my_ws/src/install/moveit_ros_planning/share/moveit_ros_planning/environment/ament_prefix_path.sh
[198.684s] -- Installing: /home/thisum/my_ws/src/install/moveit_ros_planning/share/moveit_ros_planning/environment/ament_prefix_path.dsv
[198.684s] -- Installing: /home/thisum/my_ws/src/install/moveit_ros_planning/share/moveit_ros_planning/environment/path.sh
[198.684s] -- Installing: /home/thisum/my_ws/src/install/moveit_ros_planning/share/moveit_ros_planning/environment/path.dsv
[198.685s] -- Installing: /home/thisum/my_ws/src/install/moveit_ros_planning/share/moveit_ros_planning/local_setup.bash
[198.685s] -- Installing: /home/thisum/my_ws/src/install/moveit_ros_planning/share/moveit_ros_planning/local_setup.sh
[198.685s] -- Installing: /home/thisum/my_ws/src/install/moveit_ros_planning/share/moveit_ros_planning/local_setup.zsh
[198.686s] -- Installing: /home/thisum/my_ws/src/install/moveit_ros_planning/share/moveit_ros_planning/local_setup.dsv
[198.686s] -- Installing: /home/thisum/my_ws/src/install/moveit_ros_planning/share/moveit_ros_planning/package.dsv
[198.686s] -- Installing: /home/thisum/my_ws/src/install/moveit_ros_planning/share/ament_index/resource_index/packages/moveit_ros_planning
[198.687s] -- Installing: /home/thisum/my_ws/src/install/moveit_ros_planning/share/ament_index/resource_index/moveit_core__pluginlib__plugin/moveit_ros_planning
[198.687s] -- Installing: /home/thisum/my_ws/src/install/moveit_ros_planning/share/moveit_ros_planning/cmake/export_moveit_ros_planningExport.cmake
[198.688s] -- Installing: /home/thisum/my_ws/src/install/moveit_ros_planning/share/moveit_ros_planning/cmake/export_moveit_ros_planningExport-release.cmake
[198.688s] -- Installing: /home/thisum/my_ws/src/install/moveit_ros_planning/share/moveit_ros_planning/cmake/ConfigExtras.cmake
[198.688s] -- Installing: /home/thisum/my_ws/src/install/moveit_ros_planning/share/moveit_ros_planning/cmake/ament_cmake_export_targets-extras.cmake
[198.689s] -- Installing: /home/thisum/my_ws/src/install/moveit_ros_planning/share/moveit_ros_planning/cmake/ament_cmake_export_dependencies-extras.cmake
[198.689s] -- Installing: /home/thisum/my_ws/src/install/moveit_ros_planning/share/moveit_ros_planning/cmake/moveit_ros_planningConfig.cmake
[198.690s] -- Installing: /home/thisum/my_ws/src/install/moveit_ros_planning/share/moveit_ros_planning/cmake/moveit_ros_planningConfig-version.cmake
[198.690s] -- Installing: /home/thisum/my_ws/src/install/moveit_ros_planning/share/moveit_ros_planning/package.xml
[198.694s] Invoked command in '/home/thisum/my_ws/src/build/moveit_ros_planning' returned '0': AMENT_PREFIX_PATH=/home/thisum/my_ws/src/install/moveit_ros_occupancy_map_monitor:/home/thisum/my_ws/src/install/moveit_core:/home/thisum/my_ws/src/install/moveit_resources_panda_moveit_config:/home/thisum/my_ws/src/install/srdfdom:/home/thisum/my_ws/src/install/moveit_resources_pr2_description:/home/thisum/my_ws/src/install/moveit_resources_panda_description:/home/thisum/my_ws/src/install/moveit_common:${AMENT_PREFIX_PATH} CMAKE_PREFIX_PATH=/home/thisum/my_ws/src/install/moveit_ros_occupancy_map_monitor:/home/thisum/my_ws/src/install/moveit_core:/home/thisum/my_ws/src/install/moveit_resources_panda_moveit_config:/home/thisum/my_ws/src/install/srdfdom:/home/thisum/my_ws/src/install/moveit_resources_pr2_description:/home/thisum/my_ws/src/install/moveit_resources_panda_description:/home/thisum/my_ws/src/install/moveit_common:/home/thisum/my_ws/install/pilz_industrial_motion_planner_testutils:/home/thisum/my_ws/install/moveit_runtime:/home/thisum/my_ws/install/moveit2_tutorials:/home/thisum/my_ws/install/moveit:/home/thisum/my_ws/install/arm_config:/home/thisum/my_ws/install/moveit_planners:/home/thisum/my_ws/install/pilz_industrial_motion_planner:/home/thisum/my_ws/install/moveit_visual_tools:/home/thisum/my_ws/install/moveit_task_constructor_visualization:/home/thisum/my_ws/install/moveit_task_constructor_demo:/home/thisum/my_ws/install/moveit_task_constructor_capabilities:/home/thisum/my_ws/install/moveit_task_constructor_core:/home/thisum/my_ws/install/moveit_ros_control_interface:/home/thisum/my_ws/install/moveit_plugins:/home/thisum/my_ws/install/moveit_simple_controller_manager:/home/thisum/my_ws/install/moveit_setup_assistant:/home/thisum/my_ws/install/moveit_setup_srdf_plugins:/home/thisum/my_ws/install/moveit_setup_core_plugins:/home/thisum/my_ws/install/moveit_setup_controllers:/home/thisum/my_ws/install/moveit_setup_app_plugins:/home/thisum/my_ws/install/moveit_setup_framework:/home/thisum/my_ws/install/moveit_servo:/home/thisum/my_ws/install/moveit_ros:/home/thisum/my_ws/install/moveit_ros_visualization:/home/thisum/my_ws/install/moveit_hybrid_planning:/home/thisum/my_ws/install/moveit_ros_planning_interface:/home/thisum/my_ws/install/moveit_ros_benchmarks:/home/thisum/my_ws/install/moveit_ros_warehouse:/home/thisum/my_ws/install/moveit_ros_robot_interaction:/home/thisum/my_ws/install/moveit_ros_perception:/home/thisum/my_ws/install/moveit_resources_prbt_pg70_support:/home/thisum/my_ws/install/moveit_resources_prbt_moveit_config:/home/thisum/my_ws/install/moveit_ros_move_group:/home/thisum/my_ws/install/moveit_planners_ompl:/home/thisum/my_ws/install/moveit_ros_planning:/home/thisum/my_ws/install/moveit_ros_occupancy_map_monitor:/home/thisum/my_ws/install/moveit_resources_prbt_ikfast_manipulator_plugin:/home/thisum/my_ws/install/moveit_planners_chomp:/home/thisum/my_ws/install/moveit_kinematics:/home/thisum/my_ws/install/moveit_chomp_optimizer_adapter:/home/thisum/my_ws/install/chomp_motion_planner:/home/thisum/my_ws/install/moveit_core:/home/thisum/my_ws/install/srdfdom:/home/thisum/my_ws/install/rviz_marker_tools:/home/thisum/my_ws/install/rosparam_shortcuts:/home/thisum/my_ws/install/new_full_arm:/home/thisum/my_ws/install/moveit_task_constructor_msgs:/home/thisum/my_ws/install/moveit_resources_prbt_support:/home/thisum/my_ws/install/moveit_resources:/home/thisum/my_ws/install/moveit_resources_pr2_description:/home/thisum/my_ws/install/moveit_resources_panda_moveit_config:/home/thisum/my_ws/install/moveit_resources_panda_description:/home/thisum/my_ws/install/moveit_resources_fanuc_moveit_config:/home/thisum/my_ws/install/moveit_resources_fanuc_description:/home/thisum/my_ws/install/moveit_common:/home/thisum/arm_ws/install/x:/home/thisum/arm_ws/install/robotiq_description:/home/thisum/arm_ws/install/robotiq_controllers:/home/thisum/arm_ws/install/arm_config:/home/thisum/my_ws/install/moveit_configs_utils:/home/thisum/my_ws/install/launch_param_builder:/home/thisum/arm_ws/install/moveit_configs_utils:/opt/ros/humble:/home/thisum/arm_ws/install/new_full_arm:/home/thisum/arm_ws/install/moveit_resources_prbt_support:/home/thisum/arm_ws/install/moveit_resources_pr2_description:/home/thisum/arm_ws/install/moveit_resources_panda_description:/home/thisum/arm_ws/install/moveit_resources_fanuc_description:/home/thisum/arm_ws/install/moveit_msgs:/home/thisum/arm_ws/install/moveit_common:/home/thisum/arm_ws/install/kortex_api LD_LIBRARY_PATH=/home/thisum/my_ws/src/install/moveit_ros_occupancy_map_monitor/lib:/home/thisum/my_ws/src/install/moveit_core/lib:/home/thisum/my_ws/src/install/srdfdom/lib:${LD_LIBRARY_PATH} PATH=/home/thisum/my_ws/src/install/moveit_core/bin:${PATH} PYTHONPATH=/home/thisum/my_ws/src/install/srdfdom/local/lib/python3.10/dist-packages:${PYTHONPATH} /usr/bin/cmake --install /home/thisum/my_ws/src/build/moveit_ros_planning
