[0.000000] (-) TimerEvent: {}
[0.000209] (-) JobUnselected: {'identifier': 'arm_config'}
[0.000281] (-) JobUnselected: {'identifier': 'chomp_motion_planner'}
[0.000299] (-) JobUnselected: {'identifier': 'launch_param_builder'}
[0.000364] (-) JobUnselected: {'identifier': 'moveit'}
[0.000397] (-) JobUnselected: {'identifier': 'moveit2_tutorials'}
[0.000456] (-) JobUnselected: {'identifier': 'moveit_chomp_optimizer_adapter'}
[0.000473] (-) JobUnselected: {'identifier': 'moveit_common'}
[0.000665] (-) JobUnselected: {'identifier': 'moveit_configs_utils'}
[0.000683] (-) JobUnselected: {'identifier': 'moveit_core'}
[0.000979] (-) JobUnselected: {'identifier': 'moveit_hybrid_planning'}
[0.001009] (-) JobUnselected: {'identifier': 'moveit_kinematics'}
[0.001029] (-) JobUnselected: {'identifier': 'moveit_planners'}
[0.001045] (-) JobUnselected: {'identifier': 'moveit_planners_chomp'}
[0.001060] (-) JobUnselected: {'identifier': 'moveit_planners_ompl'}
[0.001074] (-) JobUnselected: {'identifier': 'moveit_plugins'}
[0.001087] (-) JobUnselected: {'identifier': 'moveit_resources'}
[0.001100] (-) JobUnselected: {'identifier': 'moveit_resources_fanuc_description'}
[0.001114] (-) JobUnselected: {'identifier': 'moveit_resources_fanuc_moveit_config'}
[0.001125] (-) JobUnselected: {'identifier': 'moveit_resources_panda_description'}
[0.001136] (-) JobUnselected: {'identifier': 'moveit_resources_panda_moveit_config'}
[0.001147] (-) JobUnselected: {'identifier': 'moveit_resources_pr2_description'}
[0.001157] (-) JobUnselected: {'identifier': 'moveit_resources_prbt_ikfast_manipulator_plugin'}
[0.001167] (-) JobUnselected: {'identifier': 'moveit_resources_prbt_moveit_config'}
[0.001177] (-) JobUnselected: {'identifier': 'moveit_resources_prbt_pg70_support'}
[0.001188] (-) JobUnselected: {'identifier': 'moveit_resources_prbt_support'}
[0.001199] (-) JobUnselected: {'identifier': 'moveit_ros'}
[0.001209] (-) JobUnselected: {'identifier': 'moveit_ros_benchmarks'}
[0.001219] (-) JobUnselected: {'identifier': 'moveit_ros_control_interface'}
[0.001230] (-) JobUnselected: {'identifier': 'moveit_ros_move_group'}
[0.001240] (-) JobUnselected: {'identifier': 'moveit_ros_occupancy_map_monitor'}
[0.001250] (-) JobUnselected: {'identifier': 'moveit_ros_perception'}
[0.001260] (-) JobUnselected: {'identifier': 'moveit_ros_planning'}
[0.001270] (-) JobUnselected: {'identifier': 'moveit_ros_planning_interface'}
[0.001280] (-) JobUnselected: {'identifier': 'moveit_ros_robot_interaction'}
[0.001290] (-) JobUnselected: {'identifier': 'moveit_ros_visualization'}
[0.001300] (-) JobUnselected: {'identifier': 'moveit_ros_warehouse'}
[0.001324] (-) JobUnselected: {'identifier': 'moveit_runtime'}
[0.001343] (-) JobUnselected: {'identifier': 'moveit_servo'}
[0.001356] (-) JobUnselected: {'identifier': 'moveit_setup_app_plugins'}
[0.001368] (-) JobUnselected: {'identifier': 'moveit_setup_assistant'}
[0.001378] (-) JobUnselected: {'identifier': 'moveit_setup_controllers'}
[0.001389] (-) JobUnselected: {'identifier': 'moveit_setup_core_plugins'}
[0.001399] (-) JobUnselected: {'identifier': 'moveit_setup_framework'}
[0.001410] (-) JobUnselected: {'identifier': 'moveit_setup_srdf_plugins'}
[0.001420] (-) JobUnselected: {'identifier': 'moveit_simple_controller_manager'}
[0.001430] (-) JobUnselected: {'identifier': 'moveit_task_constructor_capabilities'}
[0.001440] (-) JobUnselected: {'identifier': 'moveit_task_constructor_core'}
[0.001451] (-) JobUnselected: {'identifier': 'moveit_task_constructor_demo'}
[0.001461] (-) JobUnselected: {'identifier': 'moveit_task_constructor_msgs'}
[0.001471] (-) JobUnselected: {'identifier': 'moveit_task_constructor_visualization'}
[0.001481] (-) JobUnselected: {'identifier': 'moveit_visual_tools'}
[0.001492] (-) JobUnselected: {'identifier': 'narm_config'}
[0.001502] (-) JobUnselected: {'identifier': 'new_full_arm'}
[0.001512] (-) JobUnselected: {'identifier': 'pilz_industrial_motion_planner'}
[0.001522] (-) JobUnselected: {'identifier': 'pilz_industrial_motion_planner_testutils'}
[0.001533] (-) JobUnselected: {'identifier': 'rosparam_shortcuts'}
[0.001553] (-) JobUnselected: {'identifier': 'rviz_marker_tools'}
[0.001564] (-) JobUnselected: {'identifier': 'srdfdom'}
[0.001575] (-) EventReactorShutdown: {}
