[0.016s] Invoking command in '/home/thisum/my_ws/build/srdfdom': CMAKE_PREFIX_PATH=/opt/ros/humble /usr/bin/cmake --build /home/thisum/my_ws/build/srdfdom -- -j6 -l6
[0.100s] [ 18%] Built target gtest_main
[0.102s] [ 36%] Built target gtest
[0.123s] [ 63%] Built target srdfdom
[0.128s] [ 63%] Built target ament_cmake_python_copy_srdfdom
[0.156s] [100%] Built target test_cpp_nl_NL.UTF-8
[0.157s] [100%] Built target test_cpp_C
[0.355s] running egg_info
[0.373s] writing srdfdom.egg-info/PKG-INFO
[0.374s] writing dependency_links to srdfdom.egg-info/dependency_links.txt
[0.374s] writing top-level names to srdfdom.egg-info/top_level.txt
[0.374s] reading manifest file 'srdfdom.egg-info/SOURCES.txt'
[0.374s] writing manifest file 'srdfdom.egg-info/SOURCES.txt'
[0.391s] [100%] Built target ament_cmake_python_build_srdfdom_egg
[0.405s] Invoked command in '/home/thisum/my_ws/build/srdfdom' returned '0': CMAKE_PREFIX_PATH=/opt/ros/humble /usr/bin/cmake --build /home/thisum/my_ws/build/srdfdom -- -j6 -l6
[0.482s] Invoking command in '/home/thisum/my_ws/build/srdfdom': CMAKE_PREFIX_PATH=/opt/ros/humble /usr/bin/cmake --install /home/thisum/my_ws/build/srdfdom
[0.491s] -- Install configuration: "Release"
[0.491s] -- Up-to-date: /home/thisum/my_ws/install/srdfdom/lib/libsrdfdom.so.2.0.4
[0.491s] -- Up-to-date: /home/thisum/my_ws/install/srdfdom/lib/libsrdfdom.so
[0.491s] -- Up-to-date: /home/thisum/my_ws/install/srdfdom/include/srdfdom
[0.491s] -- Up-to-date: /home/thisum/my_ws/install/srdfdom/include/srdfdom/srdf_writer.h
[0.491s] -- Up-to-date: /home/thisum/my_ws/install/srdfdom/include/srdfdom/model.h
[0.491s] -- Up-to-date: /home/thisum/my_ws/install/srdfdom/include/srdfdom/visibility_control.h
[0.492s] -- Up-to-date: /home/thisum/my_ws/install/srdfdom/lib/srdfdom/display_srdf
[0.492s] -- Up-to-date: /home/thisum/my_ws/install/srdfdom/share/srdfdom/environment/pythonpath.sh
[0.492s] -- Up-to-date: /home/thisum/my_ws/install/srdfdom/share/srdfdom/environment/pythonpath.dsv
[0.492s] -- Up-to-date: /home/thisum/my_ws/install/srdfdom/local/lib/python3.10/dist-packages/srdfdom-2.0.4-py3.10.egg-info
[0.492s] -- Installing: /home/thisum/my_ws/install/srdfdom/local/lib/python3.10/dist-packages/srdfdom-2.0.4-py3.10.egg-info/PKG-INFO
[0.492s] -- Installing: /home/thisum/my_ws/install/srdfdom/local/lib/python3.10/dist-packages/srdfdom-2.0.4-py3.10.egg-info/dependency_links.txt
[0.492s] -- Installing: /home/thisum/my_ws/install/srdfdom/local/lib/python3.10/dist-packages/srdfdom-2.0.4-py3.10.egg-info/SOURCES.txt
[0.492s] -- Installing: /home/thisum/my_ws/install/srdfdom/local/lib/python3.10/dist-packages/srdfdom-2.0.4-py3.10.egg-info/top_level.txt
[0.493s] -- Up-to-date: /home/thisum/my_ws/install/srdfdom/local/lib/python3.10/dist-packages/srdfdom
[0.493s] -- Up-to-date: /home/thisum/my_ws/install/srdfdom/local/lib/python3.10/dist-packages/srdfdom/__init__.py
[0.493s] -- Up-to-date: /home/thisum/my_ws/install/srdfdom/local/lib/python3.10/dist-packages/srdfdom/srdf.py
[0.524s] Listing '/home/thisum/my_ws/install/srdfdom/local/lib/python3.10/dist-packages/srdfdom'...
[0.528s] -- Up-to-date: /home/thisum/my_ws/install/srdfdom/share/srdfdom/environment/library_path.sh
[0.528s] -- Up-to-date: /home/thisum/my_ws/install/srdfdom/share/srdfdom/environment/library_path.dsv
[0.528s] -- Up-to-date: /home/thisum/my_ws/install/srdfdom/share/ament_index/resource_index/package_run_dependencies/srdfdom
[0.528s] -- Up-to-date: /home/thisum/my_ws/install/srdfdom/share/ament_index/resource_index/parent_prefix_path/srdfdom
[0.529s] -- Up-to-date: /home/thisum/my_ws/install/srdfdom/share/srdfdom/environment/ament_prefix_path.sh
[0.529s] -- Up-to-date: /home/thisum/my_ws/install/srdfdom/share/srdfdom/environment/ament_prefix_path.dsv
[0.529s] -- Up-to-date: /home/thisum/my_ws/install/srdfdom/share/srdfdom/environment/path.sh
[0.529s] -- Up-to-date: /home/thisum/my_ws/install/srdfdom/share/srdfdom/environment/path.dsv
[0.529s] -- Up-to-date: /home/thisum/my_ws/install/srdfdom/share/srdfdom/local_setup.bash
[0.529s] -- Up-to-date: /home/thisum/my_ws/install/srdfdom/share/srdfdom/local_setup.sh
[0.530s] -- Up-to-date: /home/thisum/my_ws/install/srdfdom/share/srdfdom/local_setup.zsh
[0.530s] -- Up-to-date: /home/thisum/my_ws/install/srdfdom/share/srdfdom/local_setup.dsv
[0.530s] -- Installing: /home/thisum/my_ws/install/srdfdom/share/srdfdom/package.dsv
[0.530s] -- Up-to-date: /home/thisum/my_ws/install/srdfdom/share/ament_index/resource_index/packages/srdfdom
[0.530s] -- Up-to-date: /home/thisum/my_ws/install/srdfdom/share/srdfdom/cmake/srdfdomTargetsExport.cmake
[0.530s] -- Up-to-date: /home/thisum/my_ws/install/srdfdom/share/srdfdom/cmake/srdfdomTargetsExport-release.cmake
[0.530s] -- Up-to-date: /home/thisum/my_ws/install/srdfdom/share/srdfdom/cmake/ament_cmake_export_targets-extras.cmake
[0.530s] -- Up-to-date: /home/thisum/my_ws/install/srdfdom/share/srdfdom/cmake/ament_cmake_export_dependencies-extras.cmake
[0.530s] -- Up-to-date: /home/thisum/my_ws/install/srdfdom/share/srdfdom/cmake/srdfdomConfig.cmake
[0.530s] -- Up-to-date: /home/thisum/my_ws/install/srdfdom/share/srdfdom/cmake/srdfdomConfig-version.cmake
[0.530s] -- Up-to-date: /home/thisum/my_ws/install/srdfdom/share/srdfdom/package.xml
[0.534s] Invoked command in '/home/thisum/my_ws/build/srdfdom' returned '0': CMAKE_PREFIX_PATH=/opt/ros/humble /usr/bin/cmake --install /home/thisum/my_ws/build/srdfdom
