[0.055s] Invoking command in '/home/thisum/my_ws/build/moveit_visual_tools': AMENT_PREFIX_PATH=/home/thisum/my_ws/install/moveit_ros_planning:/home/thisum/my_ws/install/moveit_ros_occupancy_map_monitor:/home/thisum/my_ws/install/moveit_core:/home/thisum/my_ws/install/moveit_resources_panda_moveit_config:/home/thisum/my_ws/install/srdfdom:/home/thisum/my_ws/install/moveit_resources_pr2_description:/home/thisum/my_ws/install/moveit_resources_panda_description:/home/thisum/my_ws/install/moveit_common:${AMENT_PREFIX_PATH} CMAKE_PREFIX_PATH=/home/thisum/my_ws/install/moveit_ros_planning:/home/thisum/my_ws/install/moveit_ros_occupancy_map_monitor:/home/thisum/my_ws/install/moveit_core:/home/thisum/my_ws/install/moveit_resources_panda_moveit_config:/home/thisum/my_ws/install/srdfdom:/home/thisum/my_ws/install/moveit_resources_pr2_description:/home/thisum/my_ws/install/moveit_resources_panda_description:/home/thisum/my_ws/install/moveit_common:/opt/ros/humble LD_LIBRARY_PATH=/home/thisum/my_ws/install/moveit_ros_planning/lib:/home/thisum/my_ws/install/moveit_ros_occupancy_map_monitor/lib:/home/thisum/my_ws/install/moveit_core/lib:/home/thisum/my_ws/install/srdfdom/lib:${LD_LIBRARY_PATH} PATH=/home/thisum/my_ws/install/moveit_core/bin:${PATH} PYTHONPATH=/home/thisum/my_ws/install/srdfdom/local/lib/python3.10/dist-packages:${PYTHONPATH} /usr/bin/cmake --build /home/thisum/my_ws/build/moveit_visual_tools -- -j6 -l6
[0.176s] [ 66%] Built target moveit_visual_tools
[0.217s] [100%] Built target moveit_visual_tools_demo
[0.232s] Invoked command in '/home/thisum/my_ws/build/moveit_visual_tools' returned '0': AMENT_PREFIX_PATH=/home/thisum/my_ws/install/moveit_ros_planning:/home/thisum/my_ws/install/moveit_ros_occupancy_map_monitor:/home/thisum/my_ws/install/moveit_core:/home/thisum/my_ws/install/moveit_resources_panda_moveit_config:/home/thisum/my_ws/install/srdfdom:/home/thisum/my_ws/install/moveit_resources_pr2_description:/home/thisum/my_ws/install/moveit_resources_panda_description:/home/thisum/my_ws/install/moveit_common:${AMENT_PREFIX_PATH} CMAKE_PREFIX_PATH=/home/thisum/my_ws/install/moveit_ros_planning:/home/thisum/my_ws/install/moveit_ros_occupancy_map_monitor:/home/thisum/my_ws/install/moveit_core:/home/thisum/my_ws/install/moveit_resources_panda_moveit_config:/home/thisum/my_ws/install/srdfdom:/home/thisum/my_ws/install/moveit_resources_pr2_description:/home/thisum/my_ws/install/moveit_resources_panda_description:/home/thisum/my_ws/install/moveit_common:/opt/ros/humble LD_LIBRARY_PATH=/home/thisum/my_ws/install/moveit_ros_planning/lib:/home/thisum/my_ws/install/moveit_ros_occupancy_map_monitor/lib:/home/thisum/my_ws/install/moveit_core/lib:/home/thisum/my_ws/install/srdfdom/lib:${LD_LIBRARY_PATH} PATH=/home/thisum/my_ws/install/moveit_core/bin:${PATH} PYTHONPATH=/home/thisum/my_ws/install/srdfdom/local/lib/python3.10/dist-packages:${PYTHONPATH} /usr/bin/cmake --build /home/thisum/my_ws/build/moveit_visual_tools -- -j6 -l6
[0.308s] Invoking command in '/home/thisum/my_ws/build/moveit_visual_tools': AMENT_PREFIX_PATH=/home/thisum/my_ws/install/moveit_ros_planning:/home/thisum/my_ws/install/moveit_ros_occupancy_map_monitor:/home/thisum/my_ws/install/moveit_core:/home/thisum/my_ws/install/moveit_resources_panda_moveit_config:/home/thisum/my_ws/install/srdfdom:/home/thisum/my_ws/install/moveit_resources_pr2_description:/home/thisum/my_ws/install/moveit_resources_panda_description:/home/thisum/my_ws/install/moveit_common:${AMENT_PREFIX_PATH} CMAKE_PREFIX_PATH=/home/thisum/my_ws/install/moveit_ros_planning:/home/thisum/my_ws/install/moveit_ros_occupancy_map_monitor:/home/thisum/my_ws/install/moveit_core:/home/thisum/my_ws/install/moveit_resources_panda_moveit_config:/home/thisum/my_ws/install/srdfdom:/home/thisum/my_ws/install/moveit_resources_pr2_description:/home/thisum/my_ws/install/moveit_resources_panda_description:/home/thisum/my_ws/install/moveit_common:/opt/ros/humble LD_LIBRARY_PATH=/home/thisum/my_ws/install/moveit_ros_planning/lib:/home/thisum/my_ws/install/moveit_ros_occupancy_map_monitor/lib:/home/thisum/my_ws/install/moveit_core/lib:/home/thisum/my_ws/install/srdfdom/lib:${LD_LIBRARY_PATH} PATH=/home/thisum/my_ws/install/moveit_core/bin:${PATH} PYTHONPATH=/home/thisum/my_ws/install/srdfdom/local/lib/python3.10/dist-packages:${PYTHONPATH} /usr/bin/cmake --install /home/thisum/my_ws/build/moveit_visual_tools
[0.317s] -- Install configuration: "Release"
[0.318s] -- Up-to-date: /home/thisum/my_ws/install/moveit_visual_tools/share/moveit_visual_tools/environment/library_path.sh
[0.318s] -- Up-to-date: /home/thisum/my_ws/install/moveit_visual_tools/share/moveit_visual_tools/environment/library_path.dsv
[0.318s] -- Up-to-date: /home/thisum/my_ws/install/moveit_visual_tools/lib/libmoveit_visual_tools.so
[0.319s] -- Up-to-date: /home/thisum/my_ws/install/moveit_visual_tools/lib/moveit_visual_tools/moveit_visual_tools_demo
[0.319s] -- Up-to-date: /home/thisum/my_ws/install/moveit_visual_tools/include
[0.319s] -- Up-to-date: /home/thisum/my_ws/install/moveit_visual_tools/include/moveit_visual_tools
[0.319s] -- Up-to-date: /home/thisum/my_ws/install/moveit_visual_tools/include/moveit_visual_tools/moveit_visual_tools.h
[0.320s] -- Up-to-date: /home/thisum/my_ws/install/moveit_visual_tools/include/moveit_visual_tools/imarker_robot_state.h
[0.320s] -- Up-to-date: /home/thisum/my_ws/install/moveit_visual_tools/include/moveit_visual_tools/imarker_end_effector.h
[0.320s] -- Up-to-date: /home/thisum/my_ws/install/moveit_visual_tools/share/moveit_visual_tools/launch
[0.320s] -- Up-to-date: /home/thisum/my_ws/install/moveit_visual_tools/share/moveit_visual_tools/launch/demo.rviz
[0.320s] -- Up-to-date: /home/thisum/my_ws/install/moveit_visual_tools/share/moveit_visual_tools/launch/demo_rviz.launch.py
[0.320s] -- Up-to-date: /home/thisum/my_ws/install/moveit_visual_tools/share/moveit_visual_tools/resources
[0.320s] -- Up-to-date: /home/thisum/my_ws/install/moveit_visual_tools/share/moveit_visual_tools/resources/screenshot.png
[0.320s] -- Up-to-date: /home/thisum/my_ws/install/moveit_visual_tools/share/moveit_visual_tools/resources/rrbot.srdf
[0.321s] -- Up-to-date: /home/thisum/my_ws/install/moveit_visual_tools/share/moveit_visual_tools/resources/demo.png
[0.321s] -- Up-to-date: /home/thisum/my_ws/install/moveit_visual_tools/share/moveit_visual_tools/resources/rrbot.urdf
[0.321s] -- Up-to-date: /home/thisum/my_ws/install/moveit_visual_tools/share/moveit_visual_tools/resources/demo_mesh.stl
[0.321s] -- Up-to-date: /home/thisum/my_ws/install/moveit_visual_tools/share/ament_index/resource_index/package_run_dependencies/moveit_visual_tools
[0.321s] -- Up-to-date: /home/thisum/my_ws/install/moveit_visual_tools/share/ament_index/resource_index/parent_prefix_path/moveit_visual_tools
[0.321s] -- Up-to-date: /home/thisum/my_ws/install/moveit_visual_tools/share/moveit_visual_tools/environment/ament_prefix_path.sh
[0.321s] -- Up-to-date: /home/thisum/my_ws/install/moveit_visual_tools/share/moveit_visual_tools/environment/ament_prefix_path.dsv
[0.321s] -- Up-to-date: /home/thisum/my_ws/install/moveit_visual_tools/share/moveit_visual_tools/environment/path.sh
[0.322s] -- Up-to-date: /home/thisum/my_ws/install/moveit_visual_tools/share/moveit_visual_tools/environment/path.dsv
[0.322s] -- Up-to-date: /home/thisum/my_ws/install/moveit_visual_tools/share/moveit_visual_tools/local_setup.bash
[0.322s] -- Up-to-date: /home/thisum/my_ws/install/moveit_visual_tools/share/moveit_visual_tools/local_setup.sh
[0.322s] -- Up-to-date: /home/thisum/my_ws/install/moveit_visual_tools/share/moveit_visual_tools/local_setup.zsh
[0.322s] -- Up-to-date: /home/thisum/my_ws/install/moveit_visual_tools/share/moveit_visual_tools/local_setup.dsv
[0.323s] -- Installing: /home/thisum/my_ws/install/moveit_visual_tools/share/moveit_visual_tools/package.dsv
[0.323s] -- Up-to-date: /home/thisum/my_ws/install/moveit_visual_tools/share/ament_index/resource_index/packages/moveit_visual_tools
[0.323s] -- Up-to-date: /home/thisum/my_ws/install/moveit_visual_tools/share/moveit_visual_tools/cmake/export_moveit_visual_toolsExport.cmake
[0.323s] -- Up-to-date: /home/thisum/my_ws/install/moveit_visual_tools/share/moveit_visual_tools/cmake/export_moveit_visual_toolsExport-release.cmake
[0.323s] -- Up-to-date: /home/thisum/my_ws/install/moveit_visual_tools/share/moveit_visual_tools/cmake/ament_cmake_export_targets-extras.cmake
[0.323s] -- Up-to-date: /home/thisum/my_ws/install/moveit_visual_tools/share/moveit_visual_tools/cmake/ament_cmake_export_dependencies-extras.cmake
[0.323s] -- Up-to-date: /home/thisum/my_ws/install/moveit_visual_tools/share/moveit_visual_tools/cmake/moveit_visual_toolsConfig.cmake
[0.323s] -- Up-to-date: /home/thisum/my_ws/install/moveit_visual_tools/share/moveit_visual_tools/cmake/moveit_visual_toolsConfig-version.cmake
[0.323s] -- Up-to-date: /home/thisum/my_ws/install/moveit_visual_tools/share/moveit_visual_tools/package.xml
[0.326s] Invoked command in '/home/thisum/my_ws/build/moveit_visual_tools' returned '0': AMENT_PREFIX_PATH=/home/thisum/my_ws/install/moveit_ros_planning:/home/thisum/my_ws/install/moveit_ros_occupancy_map_monitor:/home/thisum/my_ws/install/moveit_core:/home/thisum/my_ws/install/moveit_resources_panda_moveit_config:/home/thisum/my_ws/install/srdfdom:/home/thisum/my_ws/install/moveit_resources_pr2_description:/home/thisum/my_ws/install/moveit_resources_panda_description:/home/thisum/my_ws/install/moveit_common:${AMENT_PREFIX_PATH} CMAKE_PREFIX_PATH=/home/thisum/my_ws/install/moveit_ros_planning:/home/thisum/my_ws/install/moveit_ros_occupancy_map_monitor:/home/thisum/my_ws/install/moveit_core:/home/thisum/my_ws/install/moveit_resources_panda_moveit_config:/home/thisum/my_ws/install/srdfdom:/home/thisum/my_ws/install/moveit_resources_pr2_description:/home/thisum/my_ws/install/moveit_resources_panda_description:/home/thisum/my_ws/install/moveit_common:/opt/ros/humble LD_LIBRARY_PATH=/home/thisum/my_ws/install/moveit_ros_planning/lib:/home/thisum/my_ws/install/moveit_ros_occupancy_map_monitor/lib:/home/thisum/my_ws/install/moveit_core/lib:/home/thisum/my_ws/install/srdfdom/lib:${LD_LIBRARY_PATH} PATH=/home/thisum/my_ws/install/moveit_core/bin:${PATH} PYTHONPATH=/home/thisum/my_ws/install/srdfdom/local/lib/python3.10/dist-packages:${PYTHONPATH} /usr/bin/cmake --install /home/thisum/my_ws/build/moveit_visual_tools
