[0.027s] Invoking command in '/home/thisum/my_ws/build/moveit_resources_panda_description': CMAKE_PREFIX_PATH=/opt/ros/humble /usr/bin/cmake /home/thisum/my_ws/src/moveit_resources/panda_description -DCMAKE_BUILD_TYPE=Release -DCMAKE_INSTALL_PREFIX=/home/thisum/my_ws/install/moveit_resources_panda_description
[0.179s] -- The C compiler identification is GNU 11.4.0
[0.282s] -- The CXX compiler identification is GNU 11.4.0
[0.296s] -- Detecting C compiler ABI info
[0.475s] -- Detecting C compiler ABI info - done
[0.488s] -- Check for working C compiler: /usr/bin/cc - skipped
[0.488s] -- Detecting C compile features
[0.490s] -- Detecting C compile features - done
[0.496s] -- Detecting CXX compiler ABI info
[0.698s] -- Detecting CXX compiler ABI info - done
[0.711s] -- Check for working CXX compiler: /usr/bin/c++ - skipped
[0.712s] -- Detecting CXX compile features
[0.712s] -- Detecting CXX compile features - done
[0.720s] -- Found ament_cmake: 1.3.9 (/opt/ros/humble/share/ament_cmake/cmake)
[0.994s] -- Found Python3: /usr/bin/python3 (found version "3.10.12") found components: Interpreter 
[1.269s] -- Configuring done
[1.277s] -- Generating done
[1.280s] -- Build files have been written to: /home/thisum/my_ws/build/moveit_resources_panda_description
[1.289s] Invoked command in '/home/thisum/my_ws/build/moveit_resources_panda_description' returned '0': CMAKE_PREFIX_PATH=/opt/ros/humble /usr/bin/cmake /home/thisum/my_ws/src/moveit_resources/panda_description -DCMAKE_BUILD_TYPE=Release -DCMAKE_INSTALL_PREFIX=/home/thisum/my_ws/install/moveit_resources_panda_description
[1.293s] Invoking command in '/home/thisum/my_ws/build/moveit_resources_panda_description': CMAKE_PREFIX_PATH=/opt/ros/humble /usr/bin/cmake --build /home/thisum/my_ws/build/moveit_resources_panda_description -- -j6 -l6
[1.389s] Invoked command in '/home/thisum/my_ws/build/moveit_resources_panda_description' returned '0': CMAKE_PREFIX_PATH=/opt/ros/humble /usr/bin/cmake --build /home/thisum/my_ws/build/moveit_resources_panda_description -- -j6 -l6
[1.483s] Invoking command in '/home/thisum/my_ws/build/moveit_resources_panda_description': CMAKE_PREFIX_PATH=/opt/ros/humble /usr/bin/cmake --install /home/thisum/my_ws/build/moveit_resources_panda_description
[1.498s] -- Install configuration: "Release"
[1.498s] -- Installing: /home/thisum/my_ws/install/moveit_resources_panda_description/share/ament_index/resource_index/package_run_dependencies/moveit_resources_panda_description
[1.499s] -- Installing: /home/thisum/my_ws/install/moveit_resources_panda_description/share/ament_index/resource_index/parent_prefix_path/moveit_resources_panda_description
[1.500s] -- Installing: /home/thisum/my_ws/install/moveit_resources_panda_description/share/moveit_resources_panda_description/environment/ament_prefix_path.sh
[1.500s] -- Installing: /home/thisum/my_ws/install/moveit_resources_panda_description/share/moveit_resources_panda_description/environment/ament_prefix_path.dsv
[1.500s] -- Installing: /home/thisum/my_ws/install/moveit_resources_panda_description/share/moveit_resources_panda_description/environment/path.sh
[1.501s] -- Installing: /home/thisum/my_ws/install/moveit_resources_panda_description/share/moveit_resources_panda_description/environment/path.dsv
[1.502s] -- Installing: /home/thisum/my_ws/install/moveit_resources_panda_description/share/moveit_resources_panda_description/local_setup.bash
[1.503s] -- Installing: /home/thisum/my_ws/install/moveit_resources_panda_description/share/moveit_resources_panda_description/local_setup.sh
[1.503s] -- Installing: /home/thisum/my_ws/install/moveit_resources_panda_description/share/moveit_resources_panda_description/local_setup.zsh
[1.503s] -- Installing: /home/thisum/my_ws/install/moveit_resources_panda_description/share/moveit_resources_panda_description/local_setup.dsv
[1.504s] -- Installing: /home/thisum/my_ws/install/moveit_resources_panda_description/share/moveit_resources_panda_description/package.dsv
[1.505s] -- Installing: /home/thisum/my_ws/install/moveit_resources_panda_description/share/ament_index/resource_index/packages/moveit_resources_panda_description
[1.505s] -- Installing: /home/thisum/my_ws/install/moveit_resources_panda_description/share/moveit_resources_panda_description/cmake/moveit_resources_panda_descriptionConfig.cmake
[1.505s] -- Installing: /home/thisum/my_ws/install/moveit_resources_panda_description/share/moveit_resources_panda_description/cmake/moveit_resources_panda_descriptionConfig-version.cmake
[1.506s] -- Installing: /home/thisum/my_ws/install/moveit_resources_panda_description/share/moveit_resources_panda_description/package.xml
[1.506s] -- Installing: /home/thisum/my_ws/install/moveit_resources_panda_description/share/moveit_resources_panda_description/meshes
[1.506s] -- Installing: /home/thisum/my_ws/install/moveit_resources_panda_description/share/moveit_resources_panda_description/meshes/collision
[1.507s] -- Installing: /home/thisum/my_ws/install/moveit_resources_panda_description/share/moveit_resources_panda_description/meshes/collision/finger.stl
[1.507s] -- Installing: /home/thisum/my_ws/install/moveit_resources_panda_description/share/moveit_resources_panda_description/meshes/collision/link7.stl
[1.508s] -- Installing: /home/thisum/my_ws/install/moveit_resources_panda_description/share/moveit_resources_panda_description/meshes/collision/link3.stl
[1.508s] -- Installing: /home/thisum/my_ws/install/moveit_resources_panda_description/share/moveit_resources_panda_description/meshes/collision/link2.stl
[1.517s] -- Installing: /home/thisum/my_ws/install/moveit_resources_panda_description/share/moveit_resources_panda_description/meshes/collision/link5.stl
[1.518s] -- Installing: /home/thisum/my_ws/install/moveit_resources_panda_description/share/moveit_resources_panda_description/meshes/collision/link0.stl
[1.518s] -- Installing: /home/thisum/my_ws/install/moveit_resources_panda_description/share/moveit_resources_panda_description/meshes/collision/link4.stl
[1.519s] -- Installing: /home/thisum/my_ws/install/moveit_resources_panda_description/share/moveit_resources_panda_description/meshes/collision/link6.stl
[1.519s] -- Installing: /home/thisum/my_ws/install/moveit_resources_panda_description/share/moveit_resources_panda_description/meshes/collision/link1.stl
[1.519s] -- Installing: /home/thisum/my_ws/install/moveit_resources_panda_description/share/moveit_resources_panda_description/meshes/collision/hand.stl
[1.519s] -- Installing: /home/thisum/my_ws/install/moveit_resources_panda_description/share/moveit_resources_panda_description/meshes/visual
[1.519s] -- Installing: /home/thisum/my_ws/install/moveit_resources_panda_description/share/moveit_resources_panda_description/meshes/visual/link5.dae
[1.524s] -- Installing: /home/thisum/my_ws/install/moveit_resources_panda_description/share/moveit_resources_panda_description/meshes/visual/link0.dae
[1.532s] -- Installing: /home/thisum/my_ws/install/moveit_resources_panda_description/share/moveit_resources_panda_description/meshes/visual/link4.dae
[1.538s] -- Installing: /home/thisum/my_ws/install/moveit_resources_panda_description/share/moveit_resources_panda_description/meshes/visual/finger.dae
[1.538s] -- Installing: /home/thisum/my_ws/install/moveit_resources_panda_description/share/moveit_resources_panda_description/meshes/visual/link1.dae
[1.542s] -- Installing: /home/thisum/my_ws/install/moveit_resources_panda_description/share/moveit_resources_panda_description/meshes/visual/link7.dae
[1.545s] -- Installing: /home/thisum/my_ws/install/moveit_resources_panda_description/share/moveit_resources_panda_description/meshes/visual/hand.dae
[1.553s] -- Installing: /home/thisum/my_ws/install/moveit_resources_panda_description/share/moveit_resources_panda_description/meshes/visual/link6.dae
[1.554s] -- Installing: /home/thisum/my_ws/install/moveit_resources_panda_description/share/moveit_resources_panda_description/meshes/visual/link3.dae
[1.563s] -- Installing: /home/thisum/my_ws/install/moveit_resources_panda_description/share/moveit_resources_panda_description/meshes/visual/link2.dae
[1.568s] -- Installing: /home/thisum/my_ws/install/moveit_resources_panda_description/share/moveit_resources_panda_description/urdf
[1.568s] -- Installing: /home/thisum/my_ws/install/moveit_resources_panda_description/share/moveit_resources_panda_description/urdf/panda.urdf
[1.574s] Invoked command in '/home/thisum/my_ws/build/moveit_resources_panda_description' returned '0': CMAKE_PREFIX_PATH=/opt/ros/humble /usr/bin/cmake --install /home/thisum/my_ws/build/moveit_resources_panda_description
