[0.151s] Invoking command in '/home/thisum/my_ws/build/moveit_ros_planning': CMAKE_PREFIX_PATH=/home/thisum/my_ws/install/moveit_ros_occupancy_map_monitor:/home/thisum/my_ws/install/moveit_core:/home/thisum/my_ws/install/moveit_resources_panda_moveit_config:/home/thisum/my_ws/install/srdfdom:/home/thisum/my_ws/install/moveit_resources_pr2_description:/home/thisum/my_ws/install/moveit_resources_panda_description:/home/thisum/my_ws/install/moveit_common:/home/thisum/my_ws/install/pilz_industrial_motion_planner_testutils:/home/thisum/my_ws/install/narm_config:/home/thisum/my_ws/install/moveit_runtime:/home/thisum/my_ws/install/moveit2_tutorials:/home/thisum/my_ws/install/moveit:/home/thisum/my_ws/install/arm_config:/home/thisum/my_ws/install/moveit_planners:/home/thisum/my_ws/install/pilz_industrial_motion_planner:/home/thisum/my_ws/install/moveit_visual_tools:/home/thisum/my_ws/install/moveit_task_constructor_visualization:/home/thisum/my_ws/install/moveit_task_constructor_demo:/home/thisum/my_ws/install/moveit_task_constructor_capabilities:/home/thisum/my_ws/install/moveit_task_constructor_core:/home/thisum/my_ws/install/moveit_ros_control_interface:/home/thisum/my_ws/install/moveit_plugins:/home/thisum/my_ws/install/moveit_simple_controller_manager:/home/thisum/my_ws/install/moveit_setup_assistant:/home/thisum/my_ws/install/moveit_setup_srdf_plugins:/home/thisum/my_ws/install/moveit_setup_core_plugins:/home/thisum/my_ws/install/moveit_setup_controllers:/home/thisum/my_ws/install/moveit_setup_app_plugins:/home/thisum/my_ws/install/moveit_setup_framework:/home/thisum/my_ws/install/moveit_servo:/home/thisum/my_ws/install/moveit_ros:/home/thisum/my_ws/install/moveit_ros_visualization:/home/thisum/my_ws/install/moveit_hybrid_planning:/home/thisum/my_ws/install/moveit_ros_planning_interface:/home/thisum/my_ws/install/moveit_ros_benchmarks:/home/thisum/my_ws/install/moveit_ros_warehouse:/home/thisum/my_ws/install/moveit_ros_robot_interaction:/home/thisum/my_ws/install/moveit_ros_perception:/home/thisum/my_ws/install/moveit_resources_prbt_pg70_support:/home/thisum/my_ws/install/moveit_resources_prbt_moveit_config:/home/thisum/my_ws/install/moveit_ros_move_group:/home/thisum/my_ws/install/moveit_planners_ompl:/home/thisum/my_ws/install/moveit_ros_planning:/home/thisum/my_ws/install/moveit_resources_prbt_ikfast_manipulator_plugin:/home/thisum/my_ws/install/moveit_planners_chomp:/home/thisum/my_ws/install/moveit_kinematics:/home/thisum/my_ws/install/moveit_chomp_optimizer_adapter:/home/thisum/my_ws/install/chomp_motion_planner:/home/thisum/my_ws/install/rviz_marker_tools:/home/thisum/my_ws/install/rosparam_shortcuts:/home/thisum/my_ws/install/new_full_arm:/home/thisum/my_ws/install/moveit_task_constructor_msgs:/home/thisum/my_ws/install/moveit_resources_prbt_support:/home/thisum/my_ws/install/moveit_resources:/home/thisum/my_ws/install/moveit_resources_fanuc_moveit_config:/home/thisum/my_ws/install/moveit_resources_fanuc_description:/home/thisum/my_ws/install/moveit_configs_utils:/home/thisum/my_ws/install/launch_param_builder:/opt/ros/humble LD_LIBRARY_PATH=/home/thisum/my_ws/install/moveit_ros_occupancy_map_monitor/lib:/home/thisum/my_ws/install/moveit_core/lib:/home/thisum/my_ws/install/srdfdom/lib:/home/thisum/my_ws/install/pilz_industrial_motion_planner_testutils/lib:/home/thisum/my_ws/install/pilz_industrial_motion_planner/lib:/home/thisum/my_ws/install/moveit_visual_tools/lib:/home/thisum/my_ws/install/moveit_task_constructor_visualization/lib:/home/thisum/my_ws/install/moveit_task_constructor_demo/lib:/home/thisum/my_ws/install/moveit_task_constructor_capabilities/lib:/home/thisum/my_ws/install/moveit_task_constructor_core/lib:/home/thisum/my_ws/install/moveit_ros_control_interface/lib:/home/thisum/my_ws/install/moveit_simple_controller_manager/lib:/home/thisum/my_ws/install/moveit_setup_assistant/lib:/home/thisum/my_ws/install/moveit_setup_srdf_plugins/lib:/home/thisum/my_ws/install/moveit_setup_core_plugins/lib:/home/thisum/my_ws/install/moveit_setup_controllers/lib:/home/thisum/my_ws/install/moveit_setup_app_plugins/lib:/home/thisum/my_ws/install/moveit_setup_framework/lib:/home/thisum/my_ws/install/moveit_servo/lib:/home/thisum/my_ws/install/moveit_ros_visualization/lib:/home/thisum/my_ws/install/moveit_hybrid_planning/lib:/home/thisum/my_ws/install/moveit_ros_planning_interface/lib:/home/thisum/my_ws/install/moveit_ros_benchmarks/lib:/home/thisum/my_ws/install/moveit_ros_warehouse/lib:/home/thisum/my_ws/install/moveit_ros_robot_interaction/lib:/home/thisum/my_ws/install/moveit_ros_perception/lib:/home/thisum/my_ws/install/moveit_ros_move_group/lib:/home/thisum/my_ws/install/moveit_planners_ompl/lib:/home/thisum/my_ws/install/moveit_ros_planning/lib:/home/thisum/my_ws/install/moveit_resources_prbt_ikfast_manipulator_plugin/lib:/home/thisum/my_ws/install/moveit_planners_chomp/lib:/home/thisum/my_ws/install/moveit_kinematics/lib:/home/thisum/my_ws/install/moveit_chomp_optimizer_adapter/lib:/home/thisum/my_ws/install/chomp_motion_planner/lib:/home/thisum/my_ws/install/rviz_marker_tools/lib:/home/thisum/my_ws/install/rosparam_shortcuts/lib:/home/thisum/my_ws/install/moveit_task_constructor_msgs/lib:/usr/lib/x86_64-linux-gnu/gazebo-11/plugins:/opt/ros/humble/opt/rviz_ogre_vendor/lib:/opt/ros/humble/lib/x86_64-linux-gnu:/opt/ros/humble/lib /usr/bin/cmake /home/thisum/my_ws/src/moveit2/moveit_ros/planning -DCMAKE_INSTALL_PREFIX=/home/thisum/my_ws/install/moveit_ros_planning
[0.202s] -- Found moveit_common: 2.5.5 (/home/thisum/my_ws/install/moveit_common/share/moveit_common/cmake)
[0.203s] -- Found ament_cmake: 1.3.9 (/opt/ros/humble/share/ament_cmake/cmake)
[0.494s] -- Could NOT find libbfd (missing: LIBBFD_LIBRARY LIBBFD_INCLUDE_DIR) 
[0.494s] -- BACKWARD_HAS_UNWIND=1
[0.494s] -- BACKWARD_HAS_BACKTRACE=0
[0.494s] -- BACKWARD_HAS_BACKTRACE_SYMBOL=0
[0.494s] -- BACKWARD_HAS_DW=1
[0.494s] -- BACKWARD_HAS_BFD=0
[0.494s] -- Found Backward: /opt/ros/humble/share/backward_ros/cmake  
[0.494s] -- Found moveit_msgs: 2.2.1 (/opt/ros/humble/share/moveit_msgs/cmake)
[0.515s] -- Found rosidl_generator_c: 3.1.5 (/opt/ros/humble/share/rosidl_generator_c/cmake)
[0.518s] -- Found rosidl_adapter: 3.1.5 (/opt/ros/humble/share/rosidl_adapter/cmake)
[0.524s] -- Found rosidl_generator_cpp: 3.1.5 (/opt/ros/humble/share/rosidl_generator_cpp/cmake)
[0.539s] -- Using all available rosidl_typesupport_c: rosidl_typesupport_fastrtps_c;rosidl_typesupport_introspection_c
[0.555s] -- Using all available rosidl_typesupport_cpp: rosidl_typesupport_fastrtps_cpp;rosidl_typesupport_introspection_cpp
[1.468s] -- Found pluginlib: 5.1.0 (/opt/ros/humble/share/pluginlib/cmake)
[1.497s] -- Found rclcpp: 16.0.9 (/opt/ros/humble/share/rclcpp/cmake)
[1.568s] -- Found rmw_implementation_cmake: 6.1.2 (/opt/ros/humble/share/rmw_implementation_cmake/cmake)
[1.573s] -- Found rmw_fastrtps_cpp: 6.2.6 (/opt/ros/humble/share/rmw_fastrtps_cpp/cmake)
[1.603s] -- Found TinyXML2 via Config file: TinyXML2_DIR-NOTFOUND
[1.615s] -- Found TinyXML2 via Config file: TinyXML2_DIR-NOTFOUND
[1.638s] -- Found TinyXML2 via Config file: TinyXML2_DIR-NOTFOUND
[1.650s] -- Found TinyXML2 via Config file: TinyXML2_DIR-NOTFOUND
[1.665s] -- Using RMW implementation 'rmw_fastrtps_cpp' as default
[1.780s] -- Found message_filters: 4.3.4 (/opt/ros/humble/share/message_filters/cmake)
[1.785s] -- Found srdfdom: 2.0.4 (/home/thisum/my_ws/install/srdfdom/share/srdfdom/cmake)
[1.793s] -- Found tf2: 0.25.7 (/opt/ros/humble/share/tf2/cmake)
[1.799s] -- Found tf2_geometry_msgs: 0.25.7 (/opt/ros/humble/share/tf2_geometry_msgs/cmake)
[1.803s] -- Found eigen3_cmake_module: 0.1.1 (/opt/ros/humble/share/eigen3_cmake_module/cmake)
[1.804s] -- Ensuring Eigen3 include directory is part of orocos-kdl CMake target
[2.059s] -- Found tf2_eigen: 0.25.7 (/opt/ros/humble/share/tf2_eigen/cmake)
[2.083s] -- Found moveit_core: 2.5.5 (/home/thisum/my_ws/install/moveit_core/share/moveit_core/cmake)
[2.083s] -- Found Boost: /usr/lib/x86_64-linux-gnu/cmake/Boost-1.74.0/BoostConfig.cmake (found version "1.74.0") found components: chrono date_time filesystem iostreams program_options regex serialization system thread 
[2.112s] -- Found parameter_traits: 0.3.8 (/opt/ros/humble/share/parameter_traits/cmake)
[2.125s] -- Found rclcpp_lifecycle: 16.0.9 (/opt/ros/humble/share/rclcpp_lifecycle/cmake)
[2.166s] -- Found Boost: /usr/lib/x86_64-linux-gnu/cmake/Boost-1.74.0/BoostConfig.cmake (found version "1.74.0") found components: filesystem 
[2.222s] -- library: /usr/lib/x86_64-linux-gnu/libcurl.so
[2.726s] -- Found moveit_ros_occupancy_map_monitor: 2.5.5 (/home/thisum/my_ws/install/moveit_ros_occupancy_map_monitor/share/moveit_ros_occupancy_map_monitor/cmake)
[2.941s] -- Found Boost: /usr/lib/x86_64-linux-gnu/cmake/Boost-1.74.0/BoostConfig.cmake (found version "1.74.0") found components: system filesystem date_time program_options thread chrono 
[3.202s] -- Found ament_cmake_gtest: 1.3.9 (/opt/ros/humble/share/ament_cmake_gtest/cmake)
[3.202s] -- Found ament_cmake_gmock: 1.3.9 (/opt/ros/humble/share/ament_cmake_gmock/cmake)
[3.202s] -- Found gmock sources under '/opt/ros/humble/src/gmock_vendor': C++ tests using 'Google Mock' will be built
[3.203s] -- Found gtest sources under '/opt/ros/humble/src/gtest_vendor': C++ tests using 'Google Test' will be built
[3.308s] -- Found ament_lint_auto: 0.12.11 (/opt/ros/humble/share/ament_lint_auto/cmake)
[3.317s] -- Found launch_testing_ament_cmake: 1.0.6 (/opt/ros/humble/share/launch_testing_ament_cmake/cmake)
[3.318s] -- Found python_cmake_module: 0.10.0 (/opt/ros/humble/share/python_cmake_module/cmake)
[3.348s] -- Using PYTHON_EXECUTABLE: /usr/bin/python3
[3.349s] -- Using PYTHON_INCLUDE_DIRS: /usr/include/python3.10
[3.349s] -- Using PYTHON_LIBRARIES: /usr/lib/x86_64-linux-gnu/libpython3.10.so
[3.457s] -- Added test 'cppcheck' to perform static code analysis on C / C++ code
[3.458s] -- Configured cppcheck include dirs: /home/thisum/my_ws/src/moveit2/moveit_ros/planning/rdf_loader/include;/home/thisum/my_ws/src/moveit2/moveit_ros/planning/kinematics_plugin_loader/include;/home/thisum/my_ws/src/moveit2/moveit_ros/planning/robot_model_loader/include;/home/thisum/my_ws/src/moveit2/moveit_ros/planning/constraint_sampler_manager_loader/include;/home/thisum/my_ws/src/moveit2/moveit_ros/planning/planning_pipeline/include;/home/thisum/my_ws/src/moveit2/moveit_ros/planning/planning_scene_monitor/include;/home/thisum/my_ws/src/moveit2/moveit_ros/planning/trajectory_execution_manager/include;/home/thisum/my_ws/src/moveit2/moveit_ros/planning/plan_execution/include;/home/thisum/my_ws/src/moveit2/moveit_ros/planning/collision_plugin_loader/include;/home/thisum/my_ws/src/moveit2/moveit_ros/planning/moveit_cpp/include
[3.458s] -- Configured cppcheck exclude dirs and/or files: 
[3.461s] -- Added test 'lint_cmake' to check CMake code style
[3.463s] -- Added test 'pep257' to check Python code against some of the docstring style conventions in PEP 257
[3.465s] -- Added test 'xmllint' to check XML markup files
[3.473s] -- Configuring done
[4.149s] -- Generating done
[4.168s] -- Build files have been written to: /home/thisum/my_ws/build/moveit_ros_planning
[4.198s] Invoked command in '/home/thisum/my_ws/build/moveit_ros_planning' returned '0': CMAKE_PREFIX_PATH=/home/thisum/my_ws/install/moveit_ros_occupancy_map_monitor:/home/thisum/my_ws/install/moveit_core:/home/thisum/my_ws/install/moveit_resources_panda_moveit_config:/home/thisum/my_ws/install/srdfdom:/home/thisum/my_ws/install/moveit_resources_pr2_description:/home/thisum/my_ws/install/moveit_resources_panda_description:/home/thisum/my_ws/install/moveit_common:/home/thisum/my_ws/install/pilz_industrial_motion_planner_testutils:/home/thisum/my_ws/install/narm_config:/home/thisum/my_ws/install/moveit_runtime:/home/thisum/my_ws/install/moveit2_tutorials:/home/thisum/my_ws/install/moveit:/home/thisum/my_ws/install/arm_config:/home/thisum/my_ws/install/moveit_planners:/home/thisum/my_ws/install/pilz_industrial_motion_planner:/home/thisum/my_ws/install/moveit_visual_tools:/home/thisum/my_ws/install/moveit_task_constructor_visualization:/home/thisum/my_ws/install/moveit_task_constructor_demo:/home/thisum/my_ws/install/moveit_task_constructor_capabilities:/home/thisum/my_ws/install/moveit_task_constructor_core:/home/thisum/my_ws/install/moveit_ros_control_interface:/home/thisum/my_ws/install/moveit_plugins:/home/thisum/my_ws/install/moveit_simple_controller_manager:/home/thisum/my_ws/install/moveit_setup_assistant:/home/thisum/my_ws/install/moveit_setup_srdf_plugins:/home/thisum/my_ws/install/moveit_setup_core_plugins:/home/thisum/my_ws/install/moveit_setup_controllers:/home/thisum/my_ws/install/moveit_setup_app_plugins:/home/thisum/my_ws/install/moveit_setup_framework:/home/thisum/my_ws/install/moveit_servo:/home/thisum/my_ws/install/moveit_ros:/home/thisum/my_ws/install/moveit_ros_visualization:/home/thisum/my_ws/install/moveit_hybrid_planning:/home/thisum/my_ws/install/moveit_ros_planning_interface:/home/thisum/my_ws/install/moveit_ros_benchmarks:/home/thisum/my_ws/install/moveit_ros_warehouse:/home/thisum/my_ws/install/moveit_ros_robot_interaction:/home/thisum/my_ws/install/moveit_ros_perception:/home/thisum/my_ws/install/moveit_resources_prbt_pg70_support:/home/thisum/my_ws/install/moveit_resources_prbt_moveit_config:/home/thisum/my_ws/install/moveit_ros_move_group:/home/thisum/my_ws/install/moveit_planners_ompl:/home/thisum/my_ws/install/moveit_ros_planning:/home/thisum/my_ws/install/moveit_resources_prbt_ikfast_manipulator_plugin:/home/thisum/my_ws/install/moveit_planners_chomp:/home/thisum/my_ws/install/moveit_kinematics:/home/thisum/my_ws/install/moveit_chomp_optimizer_adapter:/home/thisum/my_ws/install/chomp_motion_planner:/home/thisum/my_ws/install/rviz_marker_tools:/home/thisum/my_ws/install/rosparam_shortcuts:/home/thisum/my_ws/install/new_full_arm:/home/thisum/my_ws/install/moveit_task_constructor_msgs:/home/thisum/my_ws/install/moveit_resources_prbt_support:/home/thisum/my_ws/install/moveit_resources:/home/thisum/my_ws/install/moveit_resources_fanuc_moveit_config:/home/thisum/my_ws/install/moveit_resources_fanuc_description:/home/thisum/my_ws/install/moveit_configs_utils:/home/thisum/my_ws/install/launch_param_builder:/opt/ros/humble LD_LIBRARY_PATH=/home/thisum/my_ws/install/moveit_ros_occupancy_map_monitor/lib:/home/thisum/my_ws/install/moveit_core/lib:/home/thisum/my_ws/install/srdfdom/lib:/home/thisum/my_ws/install/pilz_industrial_motion_planner_testutils/lib:/home/thisum/my_ws/install/pilz_industrial_motion_planner/lib:/home/thisum/my_ws/install/moveit_visual_tools/lib:/home/thisum/my_ws/install/moveit_task_constructor_visualization/lib:/home/thisum/my_ws/install/moveit_task_constructor_demo/lib:/home/thisum/my_ws/install/moveit_task_constructor_capabilities/lib:/home/thisum/my_ws/install/moveit_task_constructor_core/lib:/home/thisum/my_ws/install/moveit_ros_control_interface/lib:/home/thisum/my_ws/install/moveit_simple_controller_manager/lib:/home/thisum/my_ws/install/moveit_setup_assistant/lib:/home/thisum/my_ws/install/moveit_setup_srdf_plugins/lib:/home/thisum/my_ws/install/moveit_setup_core_plugins/lib:/home/thisum/my_ws/install/moveit_setup_controllers/lib:/home/thisum/my_ws/install/moveit_setup_app_plugins/lib:/home/thisum/my_ws/install/moveit_setup_framework/lib:/home/thisum/my_ws/install/moveit_servo/lib:/home/thisum/my_ws/install/moveit_ros_visualization/lib:/home/thisum/my_ws/install/moveit_hybrid_planning/lib:/home/thisum/my_ws/install/moveit_ros_planning_interface/lib:/home/thisum/my_ws/install/moveit_ros_benchmarks/lib:/home/thisum/my_ws/install/moveit_ros_warehouse/lib:/home/thisum/my_ws/install/moveit_ros_robot_interaction/lib:/home/thisum/my_ws/install/moveit_ros_perception/lib:/home/thisum/my_ws/install/moveit_ros_move_group/lib:/home/thisum/my_ws/install/moveit_planners_ompl/lib:/home/thisum/my_ws/install/moveit_ros_planning/lib:/home/thisum/my_ws/install/moveit_resources_prbt_ikfast_manipulator_plugin/lib:/home/thisum/my_ws/install/moveit_planners_chomp/lib:/home/thisum/my_ws/install/moveit_kinematics/lib:/home/thisum/my_ws/install/moveit_chomp_optimizer_adapter/lib:/home/thisum/my_ws/install/chomp_motion_planner/lib:/home/thisum/my_ws/install/rviz_marker_tools/lib:/home/thisum/my_ws/install/rosparam_shortcuts/lib:/home/thisum/my_ws/install/moveit_task_constructor_msgs/lib:/usr/lib/x86_64-linux-gnu/gazebo-11/plugins:/opt/ros/humble/opt/rviz_ogre_vendor/lib:/opt/ros/humble/lib/x86_64-linux-gnu:/opt/ros/humble/lib /usr/bin/cmake /home/thisum/my_ws/src/moveit2/moveit_ros/planning -DCMAKE_INSTALL_PREFIX=/home/thisum/my_ws/install/moveit_ros_planning
[4.211s] Invoking command in '/home/thisum/my_ws/build/moveit_ros_planning': CMAKE_PREFIX_PATH=/home/thisum/my_ws/install/moveit_ros_occupancy_map_monitor:/home/thisum/my_ws/install/moveit_core:/home/thisum/my_ws/install/moveit_resources_panda_moveit_config:/home/thisum/my_ws/install/srdfdom:/home/thisum/my_ws/install/moveit_resources_pr2_description:/home/thisum/my_ws/install/moveit_resources_panda_description:/home/thisum/my_ws/install/moveit_common:/home/thisum/my_ws/install/pilz_industrial_motion_planner_testutils:/home/thisum/my_ws/install/narm_config:/home/thisum/my_ws/install/moveit_runtime:/home/thisum/my_ws/install/moveit2_tutorials:/home/thisum/my_ws/install/moveit:/home/thisum/my_ws/install/arm_config:/home/thisum/my_ws/install/moveit_planners:/home/thisum/my_ws/install/pilz_industrial_motion_planner:/home/thisum/my_ws/install/moveit_visual_tools:/home/thisum/my_ws/install/moveit_task_constructor_visualization:/home/thisum/my_ws/install/moveit_task_constructor_demo:/home/thisum/my_ws/install/moveit_task_constructor_capabilities:/home/thisum/my_ws/install/moveit_task_constructor_core:/home/thisum/my_ws/install/moveit_ros_control_interface:/home/thisum/my_ws/install/moveit_plugins:/home/thisum/my_ws/install/moveit_simple_controller_manager:/home/thisum/my_ws/install/moveit_setup_assistant:/home/thisum/my_ws/install/moveit_setup_srdf_plugins:/home/thisum/my_ws/install/moveit_setup_core_plugins:/home/thisum/my_ws/install/moveit_setup_controllers:/home/thisum/my_ws/install/moveit_setup_app_plugins:/home/thisum/my_ws/install/moveit_setup_framework:/home/thisum/my_ws/install/moveit_servo:/home/thisum/my_ws/install/moveit_ros:/home/thisum/my_ws/install/moveit_ros_visualization:/home/thisum/my_ws/install/moveit_hybrid_planning:/home/thisum/my_ws/install/moveit_ros_planning_interface:/home/thisum/my_ws/install/moveit_ros_benchmarks:/home/thisum/my_ws/install/moveit_ros_warehouse:/home/thisum/my_ws/install/moveit_ros_robot_interaction:/home/thisum/my_ws/install/moveit_ros_perception:/home/thisum/my_ws/install/moveit_resources_prbt_pg70_support:/home/thisum/my_ws/install/moveit_resources_prbt_moveit_config:/home/thisum/my_ws/install/moveit_ros_move_group:/home/thisum/my_ws/install/moveit_planners_ompl:/home/thisum/my_ws/install/moveit_ros_planning:/home/thisum/my_ws/install/moveit_resources_prbt_ikfast_manipulator_plugin:/home/thisum/my_ws/install/moveit_planners_chomp:/home/thisum/my_ws/install/moveit_kinematics:/home/thisum/my_ws/install/moveit_chomp_optimizer_adapter:/home/thisum/my_ws/install/chomp_motion_planner:/home/thisum/my_ws/install/rviz_marker_tools:/home/thisum/my_ws/install/rosparam_shortcuts:/home/thisum/my_ws/install/new_full_arm:/home/thisum/my_ws/install/moveit_task_constructor_msgs:/home/thisum/my_ws/install/moveit_resources_prbt_support:/home/thisum/my_ws/install/moveit_resources:/home/thisum/my_ws/install/moveit_resources_fanuc_moveit_config:/home/thisum/my_ws/install/moveit_resources_fanuc_description:/home/thisum/my_ws/install/moveit_configs_utils:/home/thisum/my_ws/install/launch_param_builder:/opt/ros/humble LD_LIBRARY_PATH=/home/thisum/my_ws/install/moveit_ros_occupancy_map_monitor/lib:/home/thisum/my_ws/install/moveit_core/lib:/home/thisum/my_ws/install/srdfdom/lib:/home/thisum/my_ws/install/pilz_industrial_motion_planner_testutils/lib:/home/thisum/my_ws/install/pilz_industrial_motion_planner/lib:/home/thisum/my_ws/install/moveit_visual_tools/lib:/home/thisum/my_ws/install/moveit_task_constructor_visualization/lib:/home/thisum/my_ws/install/moveit_task_constructor_demo/lib:/home/thisum/my_ws/install/moveit_task_constructor_capabilities/lib:/home/thisum/my_ws/install/moveit_task_constructor_core/lib:/home/thisum/my_ws/install/moveit_ros_control_interface/lib:/home/thisum/my_ws/install/moveit_simple_controller_manager/lib:/home/thisum/my_ws/install/moveit_setup_assistant/lib:/home/thisum/my_ws/install/moveit_setup_srdf_plugins/lib:/home/thisum/my_ws/install/moveit_setup_core_plugins/lib:/home/thisum/my_ws/install/moveit_setup_controllers/lib:/home/thisum/my_ws/install/moveit_setup_app_plugins/lib:/home/thisum/my_ws/install/moveit_setup_framework/lib:/home/thisum/my_ws/install/moveit_servo/lib:/home/thisum/my_ws/install/moveit_ros_visualization/lib:/home/thisum/my_ws/install/moveit_hybrid_planning/lib:/home/thisum/my_ws/install/moveit_ros_planning_interface/lib:/home/thisum/my_ws/install/moveit_ros_benchmarks/lib:/home/thisum/my_ws/install/moveit_ros_warehouse/lib:/home/thisum/my_ws/install/moveit_ros_robot_interaction/lib:/home/thisum/my_ws/install/moveit_ros_perception/lib:/home/thisum/my_ws/install/moveit_ros_move_group/lib:/home/thisum/my_ws/install/moveit_planners_ompl/lib:/home/thisum/my_ws/install/moveit_ros_planning/lib:/home/thisum/my_ws/install/moveit_resources_prbt_ikfast_manipulator_plugin/lib:/home/thisum/my_ws/install/moveit_planners_chomp/lib:/home/thisum/my_ws/install/moveit_kinematics/lib:/home/thisum/my_ws/install/moveit_chomp_optimizer_adapter/lib:/home/thisum/my_ws/install/chomp_motion_planner/lib:/home/thisum/my_ws/install/rviz_marker_tools/lib:/home/thisum/my_ws/install/rosparam_shortcuts/lib:/home/thisum/my_ws/install/moveit_task_constructor_msgs/lib:/usr/lib/x86_64-linux-gnu/gazebo-11/plugins:/opt/ros/humble/opt/rviz_ogre_vendor/lib:/opt/ros/humble/lib/x86_64-linux-gnu:/opt/ros/humble/lib /usr/bin/cmake --build /home/thisum/my_ws/build/moveit_ros_planning -- -j6 -l6
[4.311s] [35m[1mConsolidate compiler generated dependencies of target moveit_list_request_adapter_plugins[0m
[4.317s] [35m[1mConsolidate compiler generated dependencies of target gmock_main[0m
[4.320s] [35m[1mConsolidate compiler generated dependencies of target moveit_planning_pipeline[0m
[4.320s] [35m[1mConsolidate compiler generated dependencies of target moveit_collision_plugin_loader[0m
[4.322s] [35m[1mConsolidate compiler generated dependencies of target moveit_rdf_loader[0m
[4.357s] [35m[1mConsolidate compiler generated dependencies of target moveit_default_planning_request_adapter_plugins[0m
[4.365s] [  3%] Built target gmock_main
[4.377s] [  6%] Built target moveit_list_request_adapter_plugins
[4.383s] [  9%] Built target moveit_planning_pipeline
[4.387s] [ 12%] Built target moveit_collision_plugin_loader
[4.395s] [ 17%] Built target moveit_rdf_loader
[4.406s] [35m[1mConsolidate compiler generated dependencies of target gmock[0m
[4.433s] [35m[1mConsolidate compiler generated dependencies of target moveit_kinematics_plugin_loader[0m
[4.438s] [35m[1mConsolidate compiler generated dependencies of target moveit_constraint_sampler_manager_loader[0m
[4.447s] [ 22%] Built target gmock
[4.487s] [ 25%] Built target moveit_kinematics_plugin_loader
[4.491s] [ 29%] Built target moveit_constraint_sampler_manager_loader
[4.495s] [ 46%] Built target moveit_default_planning_request_adapter_plugins
[4.524s] [35m[1mConsolidate compiler generated dependencies of target moveit_robot_model_loader[0m
[4.567s] [ 50%] Built target moveit_robot_model_loader
[4.593s] [35m[1mConsolidate compiler generated dependencies of target moveit_print_planning_model_info[0m
[4.615s] [35m[1mConsolidate compiler generated dependencies of target moveit_planning_scene_monitor[0m
[4.646s] [ 53%] Built target moveit_print_planning_model_info
[4.700s] [ 62%] Built target moveit_planning_scene_monitor
[4.745s] [35m[1mConsolidate compiler generated dependencies of target trajectory_monitor_tests[0m
[4.745s] [35m[1mConsolidate compiler generated dependencies of target demo_scene[0m
[4.745s] [35m[1mConsolidate compiler generated dependencies of target moveit_print_planning_scene_info[0m
[4.745s] [35m[1mConsolidate compiler generated dependencies of target moveit_display_random_state[0m
[4.746s] [35m[1mConsolidate compiler generated dependencies of target current_state_monitor_tests[0m
[4.747s] [35m[1mConsolidate compiler generated dependencies of target moveit_visualize_robot_collision_volume[0m
[4.807s] [ 66%] Built target current_state_monitor_tests
[4.809s] [ 69%] Built target moveit_display_random_state
[4.811s] [ 74%] Built target moveit_print_planning_scene_info
[4.811s] [ 75%] Built target demo_scene
[4.812s] [ 79%] Built target moveit_visualize_robot_collision_volume
[4.818s] [ 82%] Built target trajectory_monitor_tests
[4.851s] [35m[1mConsolidate compiler generated dependencies of target moveit_evaluate_collision_checking_speed[0m
[4.852s] [35m[1mConsolidate compiler generated dependencies of target moveit_publish_scene_from_text[0m
[4.854s] [35m[1mConsolidate compiler generated dependencies of target moveit_trajectory_execution_manager[0m
[4.932s] [ 87%] Built target moveit_trajectory_execution_manager
[4.932s] [ 88%] Built target moveit_publish_scene_from_text
[4.948s] [ 91%] Built target moveit_evaluate_collision_checking_speed
[4.965s] [35m[1mConsolidate compiler generated dependencies of target moveit_plan_execution[0m
[4.969s] [35m[1mConsolidate compiler generated dependencies of target moveit_cpp[0m
[5.025s] [ 95%] Built target moveit_plan_execution
[5.044s] [100%] Built target moveit_cpp
[5.070s] Invoked command in '/home/thisum/my_ws/build/moveit_ros_planning' returned '0': CMAKE_PREFIX_PATH=/home/thisum/my_ws/install/moveit_ros_occupancy_map_monitor:/home/thisum/my_ws/install/moveit_core:/home/thisum/my_ws/install/moveit_resources_panda_moveit_config:/home/thisum/my_ws/install/srdfdom:/home/thisum/my_ws/install/moveit_resources_pr2_description:/home/thisum/my_ws/install/moveit_resources_panda_description:/home/thisum/my_ws/install/moveit_common:/home/thisum/my_ws/install/pilz_industrial_motion_planner_testutils:/home/thisum/my_ws/install/narm_config:/home/thisum/my_ws/install/moveit_runtime:/home/thisum/my_ws/install/moveit2_tutorials:/home/thisum/my_ws/install/moveit:/home/thisum/my_ws/install/arm_config:/home/thisum/my_ws/install/moveit_planners:/home/thisum/my_ws/install/pilz_industrial_motion_planner:/home/thisum/my_ws/install/moveit_visual_tools:/home/thisum/my_ws/install/moveit_task_constructor_visualization:/home/thisum/my_ws/install/moveit_task_constructor_demo:/home/thisum/my_ws/install/moveit_task_constructor_capabilities:/home/thisum/my_ws/install/moveit_task_constructor_core:/home/thisum/my_ws/install/moveit_ros_control_interface:/home/thisum/my_ws/install/moveit_plugins:/home/thisum/my_ws/install/moveit_simple_controller_manager:/home/thisum/my_ws/install/moveit_setup_assistant:/home/thisum/my_ws/install/moveit_setup_srdf_plugins:/home/thisum/my_ws/install/moveit_setup_core_plugins:/home/thisum/my_ws/install/moveit_setup_controllers:/home/thisum/my_ws/install/moveit_setup_app_plugins:/home/thisum/my_ws/install/moveit_setup_framework:/home/thisum/my_ws/install/moveit_servo:/home/thisum/my_ws/install/moveit_ros:/home/thisum/my_ws/install/moveit_ros_visualization:/home/thisum/my_ws/install/moveit_hybrid_planning:/home/thisum/my_ws/install/moveit_ros_planning_interface:/home/thisum/my_ws/install/moveit_ros_benchmarks:/home/thisum/my_ws/install/moveit_ros_warehouse:/home/thisum/my_ws/install/moveit_ros_robot_interaction:/home/thisum/my_ws/install/moveit_ros_perception:/home/thisum/my_ws/install/moveit_resources_prbt_pg70_support:/home/thisum/my_ws/install/moveit_resources_prbt_moveit_config:/home/thisum/my_ws/install/moveit_ros_move_group:/home/thisum/my_ws/install/moveit_planners_ompl:/home/thisum/my_ws/install/moveit_ros_planning:/home/thisum/my_ws/install/moveit_resources_prbt_ikfast_manipulator_plugin:/home/thisum/my_ws/install/moveit_planners_chomp:/home/thisum/my_ws/install/moveit_kinematics:/home/thisum/my_ws/install/moveit_chomp_optimizer_adapter:/home/thisum/my_ws/install/chomp_motion_planner:/home/thisum/my_ws/install/rviz_marker_tools:/home/thisum/my_ws/install/rosparam_shortcuts:/home/thisum/my_ws/install/new_full_arm:/home/thisum/my_ws/install/moveit_task_constructor_msgs:/home/thisum/my_ws/install/moveit_resources_prbt_support:/home/thisum/my_ws/install/moveit_resources:/home/thisum/my_ws/install/moveit_resources_fanuc_moveit_config:/home/thisum/my_ws/install/moveit_resources_fanuc_description:/home/thisum/my_ws/install/moveit_configs_utils:/home/thisum/my_ws/install/launch_param_builder:/opt/ros/humble LD_LIBRARY_PATH=/home/thisum/my_ws/install/moveit_ros_occupancy_map_monitor/lib:/home/thisum/my_ws/install/moveit_core/lib:/home/thisum/my_ws/install/srdfdom/lib:/home/thisum/my_ws/install/pilz_industrial_motion_planner_testutils/lib:/home/thisum/my_ws/install/pilz_industrial_motion_planner/lib:/home/thisum/my_ws/install/moveit_visual_tools/lib:/home/thisum/my_ws/install/moveit_task_constructor_visualization/lib:/home/thisum/my_ws/install/moveit_task_constructor_demo/lib:/home/thisum/my_ws/install/moveit_task_constructor_capabilities/lib:/home/thisum/my_ws/install/moveit_task_constructor_core/lib:/home/thisum/my_ws/install/moveit_ros_control_interface/lib:/home/thisum/my_ws/install/moveit_simple_controller_manager/lib:/home/thisum/my_ws/install/moveit_setup_assistant/lib:/home/thisum/my_ws/install/moveit_setup_srdf_plugins/lib:/home/thisum/my_ws/install/moveit_setup_core_plugins/lib:/home/thisum/my_ws/install/moveit_setup_controllers/lib:/home/thisum/my_ws/install/moveit_setup_app_plugins/lib:/home/thisum/my_ws/install/moveit_setup_framework/lib:/home/thisum/my_ws/install/moveit_servo/lib:/home/thisum/my_ws/install/moveit_ros_visualization/lib:/home/thisum/my_ws/install/moveit_hybrid_planning/lib:/home/thisum/my_ws/install/moveit_ros_planning_interface/lib:/home/thisum/my_ws/install/moveit_ros_benchmarks/lib:/home/thisum/my_ws/install/moveit_ros_warehouse/lib:/home/thisum/my_ws/install/moveit_ros_robot_interaction/lib:/home/thisum/my_ws/install/moveit_ros_perception/lib:/home/thisum/my_ws/install/moveit_ros_move_group/lib:/home/thisum/my_ws/install/moveit_planners_ompl/lib:/home/thisum/my_ws/install/moveit_ros_planning/lib:/home/thisum/my_ws/install/moveit_resources_prbt_ikfast_manipulator_plugin/lib:/home/thisum/my_ws/install/moveit_planners_chomp/lib:/home/thisum/my_ws/install/moveit_kinematics/lib:/home/thisum/my_ws/install/moveit_chomp_optimizer_adapter/lib:/home/thisum/my_ws/install/chomp_motion_planner/lib:/home/thisum/my_ws/install/rviz_marker_tools/lib:/home/thisum/my_ws/install/rosparam_shortcuts/lib:/home/thisum/my_ws/install/moveit_task_constructor_msgs/lib:/usr/lib/x86_64-linux-gnu/gazebo-11/plugins:/opt/ros/humble/opt/rviz_ogre_vendor/lib:/opt/ros/humble/lib/x86_64-linux-gnu:/opt/ros/humble/lib /usr/bin/cmake --build /home/thisum/my_ws/build/moveit_ros_planning -- -j6 -l6
[5.225s] Invoking command in '/home/thisum/my_ws/build/moveit_ros_planning': CMAKE_PREFIX_PATH=/home/thisum/my_ws/install/moveit_ros_occupancy_map_monitor:/home/thisum/my_ws/install/moveit_core:/home/thisum/my_ws/install/moveit_resources_panda_moveit_config:/home/thisum/my_ws/install/srdfdom:/home/thisum/my_ws/install/moveit_resources_pr2_description:/home/thisum/my_ws/install/moveit_resources_panda_description:/home/thisum/my_ws/install/moveit_common:/home/thisum/my_ws/install/pilz_industrial_motion_planner_testutils:/home/thisum/my_ws/install/narm_config:/home/thisum/my_ws/install/moveit_runtime:/home/thisum/my_ws/install/moveit2_tutorials:/home/thisum/my_ws/install/moveit:/home/thisum/my_ws/install/arm_config:/home/thisum/my_ws/install/moveit_planners:/home/thisum/my_ws/install/pilz_industrial_motion_planner:/home/thisum/my_ws/install/moveit_visual_tools:/home/thisum/my_ws/install/moveit_task_constructor_visualization:/home/thisum/my_ws/install/moveit_task_constructor_demo:/home/thisum/my_ws/install/moveit_task_constructor_capabilities:/home/thisum/my_ws/install/moveit_task_constructor_core:/home/thisum/my_ws/install/moveit_ros_control_interface:/home/thisum/my_ws/install/moveit_plugins:/home/thisum/my_ws/install/moveit_simple_controller_manager:/home/thisum/my_ws/install/moveit_setup_assistant:/home/thisum/my_ws/install/moveit_setup_srdf_plugins:/home/thisum/my_ws/install/moveit_setup_core_plugins:/home/thisum/my_ws/install/moveit_setup_controllers:/home/thisum/my_ws/install/moveit_setup_app_plugins:/home/thisum/my_ws/install/moveit_setup_framework:/home/thisum/my_ws/install/moveit_servo:/home/thisum/my_ws/install/moveit_ros:/home/thisum/my_ws/install/moveit_ros_visualization:/home/thisum/my_ws/install/moveit_hybrid_planning:/home/thisum/my_ws/install/moveit_ros_planning_interface:/home/thisum/my_ws/install/moveit_ros_benchmarks:/home/thisum/my_ws/install/moveit_ros_warehouse:/home/thisum/my_ws/install/moveit_ros_robot_interaction:/home/thisum/my_ws/install/moveit_ros_perception:/home/thisum/my_ws/install/moveit_resources_prbt_pg70_support:/home/thisum/my_ws/install/moveit_resources_prbt_moveit_config:/home/thisum/my_ws/install/moveit_ros_move_group:/home/thisum/my_ws/install/moveit_planners_ompl:/home/thisum/my_ws/install/moveit_ros_planning:/home/thisum/my_ws/install/moveit_resources_prbt_ikfast_manipulator_plugin:/home/thisum/my_ws/install/moveit_planners_chomp:/home/thisum/my_ws/install/moveit_kinematics:/home/thisum/my_ws/install/moveit_chomp_optimizer_adapter:/home/thisum/my_ws/install/chomp_motion_planner:/home/thisum/my_ws/install/rviz_marker_tools:/home/thisum/my_ws/install/rosparam_shortcuts:/home/thisum/my_ws/install/new_full_arm:/home/thisum/my_ws/install/moveit_task_constructor_msgs:/home/thisum/my_ws/install/moveit_resources_prbt_support:/home/thisum/my_ws/install/moveit_resources:/home/thisum/my_ws/install/moveit_resources_fanuc_moveit_config:/home/thisum/my_ws/install/moveit_resources_fanuc_description:/home/thisum/my_ws/install/moveit_configs_utils:/home/thisum/my_ws/install/launch_param_builder:/opt/ros/humble LD_LIBRARY_PATH=/home/thisum/my_ws/install/moveit_ros_occupancy_map_monitor/lib:/home/thisum/my_ws/install/moveit_core/lib:/home/thisum/my_ws/install/srdfdom/lib:/home/thisum/my_ws/install/pilz_industrial_motion_planner_testutils/lib:/home/thisum/my_ws/install/pilz_industrial_motion_planner/lib:/home/thisum/my_ws/install/moveit_visual_tools/lib:/home/thisum/my_ws/install/moveit_task_constructor_visualization/lib:/home/thisum/my_ws/install/moveit_task_constructor_demo/lib:/home/thisum/my_ws/install/moveit_task_constructor_capabilities/lib:/home/thisum/my_ws/install/moveit_task_constructor_core/lib:/home/thisum/my_ws/install/moveit_ros_control_interface/lib:/home/thisum/my_ws/install/moveit_simple_controller_manager/lib:/home/thisum/my_ws/install/moveit_setup_assistant/lib:/home/thisum/my_ws/install/moveit_setup_srdf_plugins/lib:/home/thisum/my_ws/install/moveit_setup_core_plugins/lib:/home/thisum/my_ws/install/moveit_setup_controllers/lib:/home/thisum/my_ws/install/moveit_setup_app_plugins/lib:/home/thisum/my_ws/install/moveit_setup_framework/lib:/home/thisum/my_ws/install/moveit_servo/lib:/home/thisum/my_ws/install/moveit_ros_visualization/lib:/home/thisum/my_ws/install/moveit_hybrid_planning/lib:/home/thisum/my_ws/install/moveit_ros_planning_interface/lib:/home/thisum/my_ws/install/moveit_ros_benchmarks/lib:/home/thisum/my_ws/install/moveit_ros_warehouse/lib:/home/thisum/my_ws/install/moveit_ros_robot_interaction/lib:/home/thisum/my_ws/install/moveit_ros_perception/lib:/home/thisum/my_ws/install/moveit_ros_move_group/lib:/home/thisum/my_ws/install/moveit_planners_ompl/lib:/home/thisum/my_ws/install/moveit_ros_planning/lib:/home/thisum/my_ws/install/moveit_resources_prbt_ikfast_manipulator_plugin/lib:/home/thisum/my_ws/install/moveit_planners_chomp/lib:/home/thisum/my_ws/install/moveit_kinematics/lib:/home/thisum/my_ws/install/moveit_chomp_optimizer_adapter/lib:/home/thisum/my_ws/install/chomp_motion_planner/lib:/home/thisum/my_ws/install/rviz_marker_tools/lib:/home/thisum/my_ws/install/rosparam_shortcuts/lib:/home/thisum/my_ws/install/moveit_task_constructor_msgs/lib:/usr/lib/x86_64-linux-gnu/gazebo-11/plugins:/opt/ros/humble/opt/rviz_ogre_vendor/lib:/opt/ros/humble/lib/x86_64-linux-gnu:/opt/ros/humble/lib /usr/bin/cmake --install /home/thisum/my_ws/build/moveit_ros_planning
[5.241s] -- Install configuration: "Release"
[5.242s] -- Up-to-date: /home/thisum/my_ws/install/moveit_ros_planning/include
[5.245s] -- Up-to-date: /home/thisum/my_ws/install/moveit_ros_planning/include/moveit
[5.245s] -- Up-to-date: /home/thisum/my_ws/install/moveit_ros_planning/include/moveit/rdf_loader
[5.246s] -- Up-to-date: /home/thisum/my_ws/install/moveit_ros_planning/include/moveit/rdf_loader/rdf_loader.h
[5.246s] -- Up-to-date: /home/thisum/my_ws/install/moveit_ros_planning/include/moveit/rdf_loader/synchronized_string_parameter.h
[5.249s] -- Up-to-date: /home/thisum/my_ws/install/moveit_ros_planning/share/moveit_ros_planning/rdf_loader/test/data
[5.249s] -- Up-to-date: /home/thisum/my_ws/install/moveit_ros_planning/share/moveit_ros_planning/rdf_loader/test/data/gonzo.srdf
[5.249s] -- Up-to-date: /home/thisum/my_ws/install/moveit_ros_planning/share/moveit_ros_planning/rdf_loader/test/data/kermit.srdf
[5.250s] -- Up-to-date: /home/thisum/my_ws/install/moveit_ros_planning/share/moveit_ros_planning/rdf_loader/test/data/robin.srdf.xacro
[5.252s] -- Up-to-date: /home/thisum/my_ws/install/moveit_ros_planning/share/moveit_ros_planning/rdf_loader/test/data/gonzo.urdf
[5.252s] -- Up-to-date: /home/thisum/my_ws/install/moveit_ros_planning/share/moveit_ros_planning/rdf_loader/test/data/kermit.urdf
[5.252s] -- Up-to-date: /home/thisum/my_ws/install/moveit_ros_planning/share/moveit_ros_planning/rdf_loader/test/launch
[5.252s] -- Up-to-date: /home/thisum/my_ws/install/moveit_ros_planning/share/moveit_ros_planning/rdf_loader/test/launch/test_rdf_integration.test.py
[5.252s] -- Up-to-date: /home/thisum/my_ws/install/moveit_ros_planning/include
[5.252s] -- Up-to-date: /home/thisum/my_ws/install/moveit_ros_planning/include/moveit
[5.252s] -- Up-to-date: /home/thisum/my_ws/install/moveit_ros_planning/include/moveit/collision_plugin_loader
[5.253s] -- Up-to-date: /home/thisum/my_ws/install/moveit_ros_planning/include/moveit/collision_plugin_loader/collision_plugin_loader.h
[5.253s] -- Up-to-date: /home/thisum/my_ws/install/moveit_ros_planning/include
[5.253s] -- Up-to-date: /home/thisum/my_ws/install/moveit_ros_planning/include/moveit
[5.253s] -- Up-to-date: /home/thisum/my_ws/install/moveit_ros_planning/include/moveit/kinematics_plugin_loader
[5.254s] -- Up-to-date: /home/thisum/my_ws/install/moveit_ros_planning/include/moveit/kinematics_plugin_loader/kinematics_plugin_loader.h
[5.254s] -- Up-to-date: /home/thisum/my_ws/install/moveit_ros_planning/include
[5.255s] -- Up-to-date: /home/thisum/my_ws/install/moveit_ros_planning/include/moveit
[5.255s] -- Up-to-date: /home/thisum/my_ws/install/moveit_ros_planning/include/moveit/robot_model_loader
[5.255s] -- Up-to-date: /home/thisum/my_ws/install/moveit_ros_planning/include/moveit/robot_model_loader/robot_model_loader.h
[5.256s] -- Up-to-date: /home/thisum/my_ws/install/moveit_ros_planning/include
[5.256s] -- Up-to-date: /home/thisum/my_ws/install/moveit_ros_planning/include/moveit
[5.256s] -- Up-to-date: /home/thisum/my_ws/install/moveit_ros_planning/include/moveit/constraint_sampler_manager_loader
[5.256s] -- Up-to-date: /home/thisum/my_ws/install/moveit_ros_planning/include/moveit/constraint_sampler_manager_loader/constraint_sampler_manager_loader.h
[5.257s] -- Up-to-date: /home/thisum/my_ws/install/moveit_ros_planning/include
[5.257s] -- Up-to-date: /home/thisum/my_ws/install/moveit_ros_planning/include/moveit
[5.257s] -- Up-to-date: /home/thisum/my_ws/install/moveit_ros_planning/include/moveit/planning_pipeline
[5.257s] -- Up-to-date: /home/thisum/my_ws/install/moveit_ros_planning/include/moveit/planning_pipeline/planning_pipeline.h
[5.258s] -- Up-to-date: /home/thisum/my_ws/install/moveit_ros_planning/include/moveit_planning_pipeline_export.h
[5.261s] -- Up-to-date: /home/thisum/my_ws/install/moveit_ros_planning/lib/moveit_ros_planning/moveit_list_request_adapter_plugins
[5.263s] -- Up-to-date: /home/thisum/my_ws/install/moveit_ros_planning/lib/moveit_ros_planning/demo_scene
[5.264s] -- Up-to-date: /home/thisum/my_ws/install/moveit_ros_planning/include
[5.264s] -- Up-to-date: /home/thisum/my_ws/install/moveit_ros_planning/include/moveit
[5.264s] -- Up-to-date: /home/thisum/my_ws/install/moveit_ros_planning/include/moveit/planning_scene_monitor
[5.265s] -- Up-to-date: /home/thisum/my_ws/install/moveit_ros_planning/include/moveit/planning_scene_monitor/trajectory_monitor.h
[5.265s] -- Up-to-date: /home/thisum/my_ws/install/moveit_ros_planning/include/moveit/planning_scene_monitor/planning_scene_monitor.h
[5.265s] -- Up-to-date: /home/thisum/my_ws/install/moveit_ros_planning/include/moveit/planning_scene_monitor/trajectory_monitor_middleware_handle.hpp
[5.265s] -- Up-to-date: /home/thisum/my_ws/install/moveit_ros_planning/include/moveit/planning_scene_monitor/current_state_monitor.h
[5.265s] -- Up-to-date: /home/thisum/my_ws/install/moveit_ros_planning/include/moveit/planning_scene_monitor/current_state_monitor_middleware_handle.hpp
[5.265s] -- Up-to-date: /home/thisum/my_ws/install/moveit_ros_planning/include/moveit_planning_scene_monitor_export.h
[5.270s] -- Up-to-date: /home/thisum/my_ws/install/moveit_ros_planning/lib/moveit_ros_planning/moveit_print_planning_model_info
[5.272s] -- Up-to-date: /home/thisum/my_ws/install/moveit_ros_planning/lib/moveit_ros_planning/moveit_print_planning_scene_info
[5.274s] -- Up-to-date: /home/thisum/my_ws/install/moveit_ros_planning/lib/moveit_ros_planning/moveit_display_random_state
[5.277s] -- Up-to-date: /home/thisum/my_ws/install/moveit_ros_planning/lib/moveit_ros_planning/moveit_visualize_robot_collision_volume
[5.279s] -- Up-to-date: /home/thisum/my_ws/install/moveit_ros_planning/lib/moveit_ros_planning/moveit_evaluate_collision_checking_speed
[5.282s] -- Up-to-date: /home/thisum/my_ws/install/moveit_ros_planning/lib/moveit_ros_planning/moveit_publish_scene_from_text
[5.282s] -- Up-to-date: /home/thisum/my_ws/install/moveit_ros_planning/include
[5.283s] -- Up-to-date: /home/thisum/my_ws/install/moveit_ros_planning/include/moveit
[5.283s] -- Up-to-date: /home/thisum/my_ws/install/moveit_ros_planning/include/moveit/trajectory_execution_manager
[5.283s] -- Up-to-date: /home/thisum/my_ws/install/moveit_ros_planning/include/moveit/trajectory_execution_manager/trajectory_execution_manager.h
[5.283s] -- Up-to-date: /home/thisum/my_ws/install/moveit_ros_planning/include/moveit_trajectory_execution_manager_export.h
[5.283s] -- Up-to-date: /home/thisum/my_ws/install/moveit_ros_planning/include
[5.283s] -- Up-to-date: /home/thisum/my_ws/install/moveit_ros_planning/include/moveit
[5.283s] -- Up-to-date: /home/thisum/my_ws/install/moveit_ros_planning/include/moveit/plan_execution
[5.284s] -- Up-to-date: /home/thisum/my_ws/install/moveit_ros_planning/include/moveit/plan_execution/plan_representation.h
[5.284s] -- Up-to-date: /home/thisum/my_ws/install/moveit_ros_planning/include/moveit/plan_execution/plan_execution.h
[5.284s] -- Up-to-date: /home/thisum/my_ws/install/moveit_ros_planning/include
[5.284s] -- Up-to-date: /home/thisum/my_ws/install/moveit_ros_planning/include/moveit
[5.284s] -- Up-to-date: /home/thisum/my_ws/install/moveit_ros_planning/include/moveit/moveit_cpp
[5.285s] -- Up-to-date: /home/thisum/my_ws/install/moveit_ros_planning/include/moveit/moveit_cpp/planning_component.h
[5.285s] -- Up-to-date: /home/thisum/my_ws/install/moveit_ros_planning/include/moveit/moveit_cpp/moveit_cpp.h
[5.286s] -- Up-to-date: /home/thisum/my_ws/install/moveit_ros_planning/lib/libmoveit_rdf_loader.so.2.5.5
[5.286s] -- Up-to-date: /home/thisum/my_ws/install/moveit_ros_planning/lib/libmoveit_rdf_loader.so
[5.287s] -- Up-to-date: /home/thisum/my_ws/install/moveit_ros_planning/lib/libmoveit_kinematics_plugin_loader.so.2.5.5
[5.288s] -- Up-to-date: /home/thisum/my_ws/install/moveit_ros_planning/lib/libmoveit_kinematics_plugin_loader.so
[5.288s] -- Up-to-date: /home/thisum/my_ws/install/moveit_ros_planning/lib/libmoveit_robot_model_loader.so.2.5.5
[5.288s] -- Up-to-date: /home/thisum/my_ws/install/moveit_ros_planning/lib/libmoveit_robot_model_loader.so
[5.290s] -- Up-to-date: /home/thisum/my_ws/install/moveit_ros_planning/lib/libmoveit_constraint_sampler_manager_loader.so.2.5.5
[5.291s] -- Up-to-date: /home/thisum/my_ws/install/moveit_ros_planning/lib/libmoveit_constraint_sampler_manager_loader.so
[5.292s] -- Up-to-date: /home/thisum/my_ws/install/moveit_ros_planning/lib/libmoveit_planning_pipeline.so.2.5.5
[5.292s] -- Up-to-date: /home/thisum/my_ws/install/moveit_ros_planning/lib/libmoveit_planning_pipeline.so
[5.293s] -- Up-to-date: /home/thisum/my_ws/install/moveit_ros_planning/lib/libmoveit_trajectory_execution_manager.so.2.5.5
[5.293s] -- Up-to-date: /home/thisum/my_ws/install/moveit_ros_planning/lib/libmoveit_trajectory_execution_manager.so
[5.293s] -- Up-to-date: /home/thisum/my_ws/install/moveit_ros_planning/lib/libmoveit_plan_execution.so.2.5.5
[5.294s] -- Up-to-date: /home/thisum/my_ws/install/moveit_ros_planning/lib/libmoveit_plan_execution.so
[5.294s] -- Up-to-date: /home/thisum/my_ws/install/moveit_ros_planning/lib/libmoveit_planning_scene_monitor.so.2.5.5
[5.295s] -- Up-to-date: /home/thisum/my_ws/install/moveit_ros_planning/lib/libmoveit_planning_scene_monitor.so
[5.295s] -- Up-to-date: /home/thisum/my_ws/install/moveit_ros_planning/lib/libmoveit_collision_plugin_loader.so.2.5.5
[5.295s] -- Up-to-date: /home/thisum/my_ws/install/moveit_ros_planning/lib/libmoveit_collision_plugin_loader.so
[5.297s] -- Up-to-date: /home/thisum/my_ws/install/moveit_ros_planning/lib/libmoveit_default_planning_request_adapter_plugins.so.2.5.5
[5.297s] -- Up-to-date: /home/thisum/my_ws/install/moveit_ros_planning/lib/libmoveit_default_planning_request_adapter_plugins.so
[5.298s] -- Up-to-date: /home/thisum/my_ws/install/moveit_ros_planning/lib/libmoveit_cpp.so.2.5.5
[5.298s] -- Up-to-date: /home/thisum/my_ws/install/moveit_ros_planning/lib/libmoveit_cpp.so
[5.298s] -- Up-to-date: /home/thisum/my_ws/install/moveit_ros_planning/share/moveit_ros_planning/environment/library_path.sh
[5.298s] -- Installing: /home/thisum/my_ws/install/moveit_ros_planning/share/moveit_ros_planning/environment/library_path.dsv
[5.298s] -- Up-to-date: /home/thisum/my_ws/install/moveit_ros_planning/share/moveit_ros_planning/planning_request_adapters_plugin_description.xml
[5.298s] -- Up-to-date: /home/thisum/my_ws/install/moveit_ros_planning/share/ament_index/resource_index/package_run_dependencies/moveit_ros_planning
[5.299s] -- Installing: /home/thisum/my_ws/install/moveit_ros_planning/share/ament_index/resource_index/parent_prefix_path/moveit_ros_planning
[5.299s] -- Up-to-date: /home/thisum/my_ws/install/moveit_ros_planning/share/moveit_ros_planning/environment/ament_prefix_path.sh
[5.299s] -- Installing: /home/thisum/my_ws/install/moveit_ros_planning/share/moveit_ros_planning/environment/ament_prefix_path.dsv
[5.300s] -- Up-to-date: /home/thisum/my_ws/install/moveit_ros_planning/share/moveit_ros_planning/environment/path.sh
[5.300s] -- Installing: /home/thisum/my_ws/install/moveit_ros_planning/share/moveit_ros_planning/environment/path.dsv
[5.300s] -- Up-to-date: /home/thisum/my_ws/install/moveit_ros_planning/share/moveit_ros_planning/local_setup.bash
[5.300s] -- Up-to-date: /home/thisum/my_ws/install/moveit_ros_planning/share/moveit_ros_planning/local_setup.sh
[5.300s] -- Up-to-date: /home/thisum/my_ws/install/moveit_ros_planning/share/moveit_ros_planning/local_setup.zsh
[5.301s] -- Installing: /home/thisum/my_ws/install/moveit_ros_planning/share/moveit_ros_planning/local_setup.dsv
[5.301s] -- Installing: /home/thisum/my_ws/install/moveit_ros_planning/share/moveit_ros_planning/package.dsv
[5.301s] -- Up-to-date: /home/thisum/my_ws/install/moveit_ros_planning/share/ament_index/resource_index/packages/moveit_ros_planning
[5.301s] -- Up-to-date: /home/thisum/my_ws/install/moveit_ros_planning/share/ament_index/resource_index/moveit_core__pluginlib__plugin/moveit_ros_planning
[5.303s] -- Up-to-date: /home/thisum/my_ws/install/moveit_ros_planning/share/moveit_ros_planning/cmake/export_moveit_ros_planningExport.cmake
[5.304s] -- Up-to-date: /home/thisum/my_ws/install/moveit_ros_planning/share/moveit_ros_planning/cmake/export_moveit_ros_planningExport-release.cmake
[5.304s] -- Up-to-date: /home/thisum/my_ws/install/moveit_ros_planning/share/moveit_ros_planning/cmake/ConfigExtras.cmake
[5.304s] -- Up-to-date: /home/thisum/my_ws/install/moveit_ros_planning/share/moveit_ros_planning/cmake/ament_cmake_export_targets-extras.cmake
[5.304s] -- Up-to-date: /home/thisum/my_ws/install/moveit_ros_planning/share/moveit_ros_planning/cmake/ament_cmake_export_dependencies-extras.cmake
[5.304s] -- Up-to-date: /home/thisum/my_ws/install/moveit_ros_planning/share/moveit_ros_planning/cmake/moveit_ros_planningConfig.cmake
[5.304s] -- Up-to-date: /home/thisum/my_ws/install/moveit_ros_planning/share/moveit_ros_planning/cmake/moveit_ros_planningConfig-version.cmake
[5.304s] -- Up-to-date: /home/thisum/my_ws/install/moveit_ros_planning/share/moveit_ros_planning/package.xml
[5.308s] Invoked command in '/home/thisum/my_ws/build/moveit_ros_planning' returned '0': CMAKE_PREFIX_PATH=/home/thisum/my_ws/install/moveit_ros_occupancy_map_monitor:/home/thisum/my_ws/install/moveit_core:/home/thisum/my_ws/install/moveit_resources_panda_moveit_config:/home/thisum/my_ws/install/srdfdom:/home/thisum/my_ws/install/moveit_resources_pr2_description:/home/thisum/my_ws/install/moveit_resources_panda_description:/home/thisum/my_ws/install/moveit_common:/home/thisum/my_ws/install/pilz_industrial_motion_planner_testutils:/home/thisum/my_ws/install/narm_config:/home/thisum/my_ws/install/moveit_runtime:/home/thisum/my_ws/install/moveit2_tutorials:/home/thisum/my_ws/install/moveit:/home/thisum/my_ws/install/arm_config:/home/thisum/my_ws/install/moveit_planners:/home/thisum/my_ws/install/pilz_industrial_motion_planner:/home/thisum/my_ws/install/moveit_visual_tools:/home/thisum/my_ws/install/moveit_task_constructor_visualization:/home/thisum/my_ws/install/moveit_task_constructor_demo:/home/thisum/my_ws/install/moveit_task_constructor_capabilities:/home/thisum/my_ws/install/moveit_task_constructor_core:/home/thisum/my_ws/install/moveit_ros_control_interface:/home/thisum/my_ws/install/moveit_plugins:/home/thisum/my_ws/install/moveit_simple_controller_manager:/home/thisum/my_ws/install/moveit_setup_assistant:/home/thisum/my_ws/install/moveit_setup_srdf_plugins:/home/thisum/my_ws/install/moveit_setup_core_plugins:/home/thisum/my_ws/install/moveit_setup_controllers:/home/thisum/my_ws/install/moveit_setup_app_plugins:/home/thisum/my_ws/install/moveit_setup_framework:/home/thisum/my_ws/install/moveit_servo:/home/thisum/my_ws/install/moveit_ros:/home/thisum/my_ws/install/moveit_ros_visualization:/home/thisum/my_ws/install/moveit_hybrid_planning:/home/thisum/my_ws/install/moveit_ros_planning_interface:/home/thisum/my_ws/install/moveit_ros_benchmarks:/home/thisum/my_ws/install/moveit_ros_warehouse:/home/thisum/my_ws/install/moveit_ros_robot_interaction:/home/thisum/my_ws/install/moveit_ros_perception:/home/thisum/my_ws/install/moveit_resources_prbt_pg70_support:/home/thisum/my_ws/install/moveit_resources_prbt_moveit_config:/home/thisum/my_ws/install/moveit_ros_move_group:/home/thisum/my_ws/install/moveit_planners_ompl:/home/thisum/my_ws/install/moveit_ros_planning:/home/thisum/my_ws/install/moveit_resources_prbt_ikfast_manipulator_plugin:/home/thisum/my_ws/install/moveit_planners_chomp:/home/thisum/my_ws/install/moveit_kinematics:/home/thisum/my_ws/install/moveit_chomp_optimizer_adapter:/home/thisum/my_ws/install/chomp_motion_planner:/home/thisum/my_ws/install/rviz_marker_tools:/home/thisum/my_ws/install/rosparam_shortcuts:/home/thisum/my_ws/install/new_full_arm:/home/thisum/my_ws/install/moveit_task_constructor_msgs:/home/thisum/my_ws/install/moveit_resources_prbt_support:/home/thisum/my_ws/install/moveit_resources:/home/thisum/my_ws/install/moveit_resources_fanuc_moveit_config:/home/thisum/my_ws/install/moveit_resources_fanuc_description:/home/thisum/my_ws/install/moveit_configs_utils:/home/thisum/my_ws/install/launch_param_builder:/opt/ros/humble LD_LIBRARY_PATH=/home/thisum/my_ws/install/moveit_ros_occupancy_map_monitor/lib:/home/thisum/my_ws/install/moveit_core/lib:/home/thisum/my_ws/install/srdfdom/lib:/home/thisum/my_ws/install/pilz_industrial_motion_planner_testutils/lib:/home/thisum/my_ws/install/pilz_industrial_motion_planner/lib:/home/thisum/my_ws/install/moveit_visual_tools/lib:/home/thisum/my_ws/install/moveit_task_constructor_visualization/lib:/home/thisum/my_ws/install/moveit_task_constructor_demo/lib:/home/thisum/my_ws/install/moveit_task_constructor_capabilities/lib:/home/thisum/my_ws/install/moveit_task_constructor_core/lib:/home/thisum/my_ws/install/moveit_ros_control_interface/lib:/home/thisum/my_ws/install/moveit_simple_controller_manager/lib:/home/thisum/my_ws/install/moveit_setup_assistant/lib:/home/thisum/my_ws/install/moveit_setup_srdf_plugins/lib:/home/thisum/my_ws/install/moveit_setup_core_plugins/lib:/home/thisum/my_ws/install/moveit_setup_controllers/lib:/home/thisum/my_ws/install/moveit_setup_app_plugins/lib:/home/thisum/my_ws/install/moveit_setup_framework/lib:/home/thisum/my_ws/install/moveit_servo/lib:/home/thisum/my_ws/install/moveit_ros_visualization/lib:/home/thisum/my_ws/install/moveit_hybrid_planning/lib:/home/thisum/my_ws/install/moveit_ros_planning_interface/lib:/home/thisum/my_ws/install/moveit_ros_benchmarks/lib:/home/thisum/my_ws/install/moveit_ros_warehouse/lib:/home/thisum/my_ws/install/moveit_ros_robot_interaction/lib:/home/thisum/my_ws/install/moveit_ros_perception/lib:/home/thisum/my_ws/install/moveit_ros_move_group/lib:/home/thisum/my_ws/install/moveit_planners_ompl/lib:/home/thisum/my_ws/install/moveit_ros_planning/lib:/home/thisum/my_ws/install/moveit_resources_prbt_ikfast_manipulator_plugin/lib:/home/thisum/my_ws/install/moveit_planners_chomp/lib:/home/thisum/my_ws/install/moveit_kinematics/lib:/home/thisum/my_ws/install/moveit_chomp_optimizer_adapter/lib:/home/thisum/my_ws/install/chomp_motion_planner/lib:/home/thisum/my_ws/install/rviz_marker_tools/lib:/home/thisum/my_ws/install/rosparam_shortcuts/lib:/home/thisum/my_ws/install/moveit_task_constructor_msgs/lib:/usr/lib/x86_64-linux-gnu/gazebo-11/plugins:/opt/ros/humble/opt/rviz_ogre_vendor/lib:/opt/ros/humble/lib/x86_64-linux-gnu:/opt/ros/humble/lib /usr/bin/cmake --install /home/thisum/my_ws/build/moveit_ros_planning
