[0.021s] Invoking command in '/home/thisum/my_ws/src/build/srdfdom': CMAKE_PREFIX_PATH=/home/thisum/my_ws/install/pilz_industrial_motion_planner_testutils:/home/thisum/my_ws/install/moveit_runtime:/home/thisum/my_ws/install/moveit2_tutorials:/home/thisum/my_ws/install/moveit:/home/thisum/my_ws/install/arm_config:/home/thisum/my_ws/install/moveit_planners:/home/thisum/my_ws/install/pilz_industrial_motion_planner:/home/thisum/my_ws/install/moveit_visual_tools:/home/thisum/my_ws/install/moveit_task_constructor_visualization:/home/thisum/my_ws/install/moveit_task_constructor_demo:/home/thisum/my_ws/install/moveit_task_constructor_capabilities:/home/thisum/my_ws/install/moveit_task_constructor_core:/home/thisum/my_ws/install/moveit_ros_control_interface:/home/thisum/my_ws/install/moveit_plugins:/home/thisum/my_ws/install/moveit_simple_controller_manager:/home/thisum/my_ws/install/moveit_setup_assistant:/home/thisum/my_ws/install/moveit_setup_srdf_plugins:/home/thisum/my_ws/install/moveit_setup_core_plugins:/home/thisum/my_ws/install/moveit_setup_controllers:/home/thisum/my_ws/install/moveit_setup_app_plugins:/home/thisum/my_ws/install/moveit_setup_framework:/home/thisum/my_ws/install/moveit_servo:/home/thisum/my_ws/install/moveit_ros:/home/thisum/my_ws/install/moveit_ros_visualization:/home/thisum/my_ws/install/moveit_hybrid_planning:/home/thisum/my_ws/install/moveit_ros_planning_interface:/home/thisum/my_ws/install/moveit_ros_benchmarks:/home/thisum/my_ws/install/moveit_ros_warehouse:/home/thisum/my_ws/install/moveit_ros_robot_interaction:/home/thisum/my_ws/install/moveit_ros_perception:/home/thisum/my_ws/install/moveit_resources_prbt_pg70_support:/home/thisum/my_ws/install/moveit_resources_prbt_moveit_config:/home/thisum/my_ws/install/moveit_ros_move_group:/home/thisum/my_ws/install/moveit_planners_ompl:/home/thisum/my_ws/install/moveit_ros_planning:/home/thisum/my_ws/install/moveit_ros_occupancy_map_monitor:/home/thisum/my_ws/install/moveit_resources_prbt_ikfast_manipulator_plugin:/home/thisum/my_ws/install/moveit_planners_chomp:/home/thisum/my_ws/install/moveit_kinematics:/home/thisum/my_ws/install/moveit_chomp_optimizer_adapter:/home/thisum/my_ws/install/chomp_motion_planner:/home/thisum/my_ws/install/moveit_core:/home/thisum/my_ws/install/srdfdom:/home/thisum/my_ws/install/rviz_marker_tools:/home/thisum/my_ws/install/rosparam_shortcuts:/home/thisum/my_ws/install/new_full_arm:/home/thisum/my_ws/install/moveit_task_constructor_msgs:/home/thisum/my_ws/install/moveit_resources_prbt_support:/home/thisum/my_ws/install/moveit_resources:/home/thisum/my_ws/install/moveit_resources_pr2_description:/home/thisum/my_ws/install/moveit_resources_panda_moveit_config:/home/thisum/my_ws/install/moveit_resources_panda_description:/home/thisum/my_ws/install/moveit_resources_fanuc_moveit_config:/home/thisum/my_ws/install/moveit_resources_fanuc_description:/home/thisum/my_ws/install/moveit_common:/home/thisum/arm_ws/install/x:/home/thisum/arm_ws/install/robotiq_description:/home/thisum/arm_ws/install/robotiq_controllers:/home/thisum/arm_ws/install/arm_config:/home/thisum/my_ws/install/moveit_configs_utils:/home/thisum/my_ws/install/launch_param_builder:/home/thisum/arm_ws/install/moveit_configs_utils:/opt/ros/humble:/home/thisum/arm_ws/install/new_full_arm:/home/thisum/arm_ws/install/moveit_resources_prbt_support:/home/thisum/arm_ws/install/moveit_resources_pr2_description:/home/thisum/arm_ws/install/moveit_resources_panda_description:/home/thisum/arm_ws/install/moveit_resources_fanuc_description:/home/thisum/arm_ws/install/moveit_msgs:/home/thisum/arm_ws/install/moveit_common:/home/thisum/arm_ws/install/kortex_api /usr/bin/cmake /home/thisum/my_ws/src/srdfdom -DCMAKE_BUILD_TYPE=Release -DCMAKE_INSTALL_PREFIX=/home/thisum/my_ws/src/install/srdfdom
[0.140s] -- The CXX compiler identification is GNU 11.4.0
[0.149s] -- Detecting CXX compiler ABI info
[0.289s] -- Detecting CXX compiler ABI info - done
[0.297s] -- Check for working CXX compiler: /usr/bin/c++ - skipped
[0.297s] -- Detecting CXX compile features
[0.297s] -- Detecting CXX compile features - done
[0.338s] -- Found Boost: /usr/lib/x86_64-linux-gnu/cmake/Boost-1.74.0/BoostConfig.cmake (found version "1.74.0")  
[0.378s] -- Found ament_cmake: 1.3.9 (/opt/ros/humble/share/ament_cmake/cmake)
[0.575s] -- Found Python3: /usr/bin/python3 (found version "3.10.12") found components: Interpreter 
[0.816s] -- Found urdf: 2.6.0 (/opt/ros/humble/share/urdf/cmake)
[0.957s] -- Found TinyXML2 via Config file: TinyXML2_DIR-NOTFOUND
[1.062s] -- Found ament_cmake_gtest: 1.3.9 (/opt/ros/humble/share/ament_cmake_gtest/cmake)
[1.072s] -- Found ament_cmake_pytest: 1.3.9 (/opt/ros/humble/share/ament_cmake_pytest/cmake)
[1.448s] -- Found gtest sources under '/opt/ros/humble/src/gtest_vendor': C++ tests using 'Google Test' will be built
[1.505s] -- The C compiler identification is GNU 11.4.0
[1.515s] -- Detecting C compiler ABI info
[1.656s] -- Detecting C compiler ABI info - done
[1.663s] -- Check for working C compiler: /usr/bin/cc - skipped
[1.663s] -- Detecting C compile features
[1.663s] -- Detecting C compile features - done
[1.673s] -- Looking for C++ include pthread.h
[1.832s] -- Looking for C++ include pthread.h - found
[1.833s] -- Performing Test CMAKE_HAVE_LIBC_PTHREAD
[1.987s] -- Performing Test CMAKE_HAVE_LIBC_PTHREAD - Success
[1.988s] -- Found Threads: TRUE  
[2.001s] -- Found ament_lint_auto: 0.12.11 (/opt/ros/humble/share/ament_lint_auto/cmake)
[2.035s] -- Configuring done
[2.060s] -- Generating done
[2.062s] -- Build files have been written to: /home/thisum/my_ws/src/build/srdfdom
[2.069s] Invoked command in '/home/thisum/my_ws/src/build/srdfdom' returned '0': CMAKE_PREFIX_PATH=/home/thisum/my_ws/install/pilz_industrial_motion_planner_testutils:/home/thisum/my_ws/install/moveit_runtime:/home/thisum/my_ws/install/moveit2_tutorials:/home/thisum/my_ws/install/moveit:/home/thisum/my_ws/install/arm_config:/home/thisum/my_ws/install/moveit_planners:/home/thisum/my_ws/install/pilz_industrial_motion_planner:/home/thisum/my_ws/install/moveit_visual_tools:/home/thisum/my_ws/install/moveit_task_constructor_visualization:/home/thisum/my_ws/install/moveit_task_constructor_demo:/home/thisum/my_ws/install/moveit_task_constructor_capabilities:/home/thisum/my_ws/install/moveit_task_constructor_core:/home/thisum/my_ws/install/moveit_ros_control_interface:/home/thisum/my_ws/install/moveit_plugins:/home/thisum/my_ws/install/moveit_simple_controller_manager:/home/thisum/my_ws/install/moveit_setup_assistant:/home/thisum/my_ws/install/moveit_setup_srdf_plugins:/home/thisum/my_ws/install/moveit_setup_core_plugins:/home/thisum/my_ws/install/moveit_setup_controllers:/home/thisum/my_ws/install/moveit_setup_app_plugins:/home/thisum/my_ws/install/moveit_setup_framework:/home/thisum/my_ws/install/moveit_servo:/home/thisum/my_ws/install/moveit_ros:/home/thisum/my_ws/install/moveit_ros_visualization:/home/thisum/my_ws/install/moveit_hybrid_planning:/home/thisum/my_ws/install/moveit_ros_planning_interface:/home/thisum/my_ws/install/moveit_ros_benchmarks:/home/thisum/my_ws/install/moveit_ros_warehouse:/home/thisum/my_ws/install/moveit_ros_robot_interaction:/home/thisum/my_ws/install/moveit_ros_perception:/home/thisum/my_ws/install/moveit_resources_prbt_pg70_support:/home/thisum/my_ws/install/moveit_resources_prbt_moveit_config:/home/thisum/my_ws/install/moveit_ros_move_group:/home/thisum/my_ws/install/moveit_planners_ompl:/home/thisum/my_ws/install/moveit_ros_planning:/home/thisum/my_ws/install/moveit_ros_occupancy_map_monitor:/home/thisum/my_ws/install/moveit_resources_prbt_ikfast_manipulator_plugin:/home/thisum/my_ws/install/moveit_planners_chomp:/home/thisum/my_ws/install/moveit_kinematics:/home/thisum/my_ws/install/moveit_chomp_optimizer_adapter:/home/thisum/my_ws/install/chomp_motion_planner:/home/thisum/my_ws/install/moveit_core:/home/thisum/my_ws/install/srdfdom:/home/thisum/my_ws/install/rviz_marker_tools:/home/thisum/my_ws/install/rosparam_shortcuts:/home/thisum/my_ws/install/new_full_arm:/home/thisum/my_ws/install/moveit_task_constructor_msgs:/home/thisum/my_ws/install/moveit_resources_prbt_support:/home/thisum/my_ws/install/moveit_resources:/home/thisum/my_ws/install/moveit_resources_pr2_description:/home/thisum/my_ws/install/moveit_resources_panda_moveit_config:/home/thisum/my_ws/install/moveit_resources_panda_description:/home/thisum/my_ws/install/moveit_resources_fanuc_moveit_config:/home/thisum/my_ws/install/moveit_resources_fanuc_description:/home/thisum/my_ws/install/moveit_common:/home/thisum/arm_ws/install/x:/home/thisum/arm_ws/install/robotiq_description:/home/thisum/arm_ws/install/robotiq_controllers:/home/thisum/arm_ws/install/arm_config:/home/thisum/my_ws/install/moveit_configs_utils:/home/thisum/my_ws/install/launch_param_builder:/home/thisum/arm_ws/install/moveit_configs_utils:/opt/ros/humble:/home/thisum/arm_ws/install/new_full_arm:/home/thisum/arm_ws/install/moveit_resources_prbt_support:/home/thisum/arm_ws/install/moveit_resources_pr2_description:/home/thisum/arm_ws/install/moveit_resources_panda_description:/home/thisum/arm_ws/install/moveit_resources_fanuc_description:/home/thisum/arm_ws/install/moveit_msgs:/home/thisum/arm_ws/install/moveit_common:/home/thisum/arm_ws/install/kortex_api /usr/bin/cmake /home/thisum/my_ws/src/srdfdom -DCMAKE_BUILD_TYPE=Release -DCMAKE_INSTALL_PREFIX=/home/thisum/my_ws/src/install/srdfdom
[2.072s] Invoking command in '/home/thisum/my_ws/src/build/srdfdom': CMAKE_PREFIX_PATH=/home/thisum/my_ws/install/pilz_industrial_motion_planner_testutils:/home/thisum/my_ws/install/moveit_runtime:/home/thisum/my_ws/install/moveit2_tutorials:/home/thisum/my_ws/install/moveit:/home/thisum/my_ws/install/arm_config:/home/thisum/my_ws/install/moveit_planners:/home/thisum/my_ws/install/pilz_industrial_motion_planner:/home/thisum/my_ws/install/moveit_visual_tools:/home/thisum/my_ws/install/moveit_task_constructor_visualization:/home/thisum/my_ws/install/moveit_task_constructor_demo:/home/thisum/my_ws/install/moveit_task_constructor_capabilities:/home/thisum/my_ws/install/moveit_task_constructor_core:/home/thisum/my_ws/install/moveit_ros_control_interface:/home/thisum/my_ws/install/moveit_plugins:/home/thisum/my_ws/install/moveit_simple_controller_manager:/home/thisum/my_ws/install/moveit_setup_assistant:/home/thisum/my_ws/install/moveit_setup_srdf_plugins:/home/thisum/my_ws/install/moveit_setup_core_plugins:/home/thisum/my_ws/install/moveit_setup_controllers:/home/thisum/my_ws/install/moveit_setup_app_plugins:/home/thisum/my_ws/install/moveit_setup_framework:/home/thisum/my_ws/install/moveit_servo:/home/thisum/my_ws/install/moveit_ros:/home/thisum/my_ws/install/moveit_ros_visualization:/home/thisum/my_ws/install/moveit_hybrid_planning:/home/thisum/my_ws/install/moveit_ros_planning_interface:/home/thisum/my_ws/install/moveit_ros_benchmarks:/home/thisum/my_ws/install/moveit_ros_warehouse:/home/thisum/my_ws/install/moveit_ros_robot_interaction:/home/thisum/my_ws/install/moveit_ros_perception:/home/thisum/my_ws/install/moveit_resources_prbt_pg70_support:/home/thisum/my_ws/install/moveit_resources_prbt_moveit_config:/home/thisum/my_ws/install/moveit_ros_move_group:/home/thisum/my_ws/install/moveit_planners_ompl:/home/thisum/my_ws/install/moveit_ros_planning:/home/thisum/my_ws/install/moveit_ros_occupancy_map_monitor:/home/thisum/my_ws/install/moveit_resources_prbt_ikfast_manipulator_plugin:/home/thisum/my_ws/install/moveit_planners_chomp:/home/thisum/my_ws/install/moveit_kinematics:/home/thisum/my_ws/install/moveit_chomp_optimizer_adapter:/home/thisum/my_ws/install/chomp_motion_planner:/home/thisum/my_ws/install/moveit_core:/home/thisum/my_ws/install/srdfdom:/home/thisum/my_ws/install/rviz_marker_tools:/home/thisum/my_ws/install/rosparam_shortcuts:/home/thisum/my_ws/install/new_full_arm:/home/thisum/my_ws/install/moveit_task_constructor_msgs:/home/thisum/my_ws/install/moveit_resources_prbt_support:/home/thisum/my_ws/install/moveit_resources:/home/thisum/my_ws/install/moveit_resources_pr2_description:/home/thisum/my_ws/install/moveit_resources_panda_moveit_config:/home/thisum/my_ws/install/moveit_resources_panda_description:/home/thisum/my_ws/install/moveit_resources_fanuc_moveit_config:/home/thisum/my_ws/install/moveit_resources_fanuc_description:/home/thisum/my_ws/install/moveit_common:/home/thisum/arm_ws/install/x:/home/thisum/arm_ws/install/robotiq_description:/home/thisum/arm_ws/install/robotiq_controllers:/home/thisum/arm_ws/install/arm_config:/home/thisum/my_ws/install/moveit_configs_utils:/home/thisum/my_ws/install/launch_param_builder:/home/thisum/arm_ws/install/moveit_configs_utils:/opt/ros/humble:/home/thisum/arm_ws/install/new_full_arm:/home/thisum/arm_ws/install/moveit_resources_prbt_support:/home/thisum/arm_ws/install/moveit_resources_pr2_description:/home/thisum/arm_ws/install/moveit_resources_panda_description:/home/thisum/arm_ws/install/moveit_resources_fanuc_description:/home/thisum/arm_ws/install/moveit_msgs:/home/thisum/arm_ws/install/moveit_common:/home/thisum/arm_ws/install/kortex_api /usr/bin/cmake --build /home/thisum/my_ws/src/build/srdfdom -- -j6 -l6
[2.185s] [  9%] [32mBuilding CXX object CMakeFiles/srdfdom.dir/src/model.cpp.o[0m
[2.186s] [ 18%] [32mBuilding CXX object gtest/CMakeFiles/gtest.dir/src/gtest-all.cc.o[0m
[2.187s] [ 27%] [32mBuilding CXX object gtest/CMakeFiles/gtest_main.dir/src/gtest_main.cc.o[0m
[2.200s] [ 36%] [32mBuilding CXX object CMakeFiles/srdfdom.dir/src/srdf_writer.cpp.o[0m
[2.208s] [ 36%] Built target ament_cmake_python_copy_srdfdom
[2.510s] running egg_info
[2.511s] creating srdfdom.egg-info
[2.511s] writing srdfdom.egg-info/PKG-INFO
[2.512s] writing dependency_links to srdfdom.egg-info/dependency_links.txt
[2.512s] writing top-level names to srdfdom.egg-info/top_level.txt
[2.513s] writing manifest file 'srdfdom.egg-info/SOURCES.txt'
[2.517s] reading manifest file 'srdfdom.egg-info/SOURCES.txt'
[2.518s] writing manifest file 'srdfdom.egg-info/SOURCES.txt'
[2.582s] [ 36%] Built target ament_cmake_python_build_srdfdom_egg
[2.985s] [ 45%] [32m[1mLinking CXX static library libgtest_main.a[0m
[3.165s] [ 45%] Built target gtest_main
[5.626s] [ 54%] [32m[1mLinking CXX shared library libsrdfdom.so[0m
[5.802s] [ 54%] Built target srdfdom
[8.847s] [ 63%] [32m[1mLinking CXX static library libgtest.a[0m
[8.976s] [ 63%] Built target gtest
[9.032s] [ 81%] [32mBuilding CXX object CMakeFiles/test_cpp_C.dir/test/test_parser.cpp.o[0m
[9.032s] [ 81%] [32mBuilding CXX object CMakeFiles/test_cpp_nl_NL.UTF-8.dir/test/test_parser.cpp.o[0m
[11.296s] [ 90%] [32m[1mLinking CXX executable test_cpp_C[0m
[11.336s] [100%] [32m[1mLinking CXX executable test_cpp_nl_NL.UTF-8[0m
[11.427s] [100%] Built target test_cpp_C
[11.477s] [100%] Built target test_cpp_nl_NL.UTF-8
[11.509s] Invoked command in '/home/thisum/my_ws/src/build/srdfdom' returned '0': CMAKE_PREFIX_PATH=/home/thisum/my_ws/install/pilz_industrial_motion_planner_testutils:/home/thisum/my_ws/install/moveit_runtime:/home/thisum/my_ws/install/moveit2_tutorials:/home/thisum/my_ws/install/moveit:/home/thisum/my_ws/install/arm_config:/home/thisum/my_ws/install/moveit_planners:/home/thisum/my_ws/install/pilz_industrial_motion_planner:/home/thisum/my_ws/install/moveit_visual_tools:/home/thisum/my_ws/install/moveit_task_constructor_visualization:/home/thisum/my_ws/install/moveit_task_constructor_demo:/home/thisum/my_ws/install/moveit_task_constructor_capabilities:/home/thisum/my_ws/install/moveit_task_constructor_core:/home/thisum/my_ws/install/moveit_ros_control_interface:/home/thisum/my_ws/install/moveit_plugins:/home/thisum/my_ws/install/moveit_simple_controller_manager:/home/thisum/my_ws/install/moveit_setup_assistant:/home/thisum/my_ws/install/moveit_setup_srdf_plugins:/home/thisum/my_ws/install/moveit_setup_core_plugins:/home/thisum/my_ws/install/moveit_setup_controllers:/home/thisum/my_ws/install/moveit_setup_app_plugins:/home/thisum/my_ws/install/moveit_setup_framework:/home/thisum/my_ws/install/moveit_servo:/home/thisum/my_ws/install/moveit_ros:/home/thisum/my_ws/install/moveit_ros_visualization:/home/thisum/my_ws/install/moveit_hybrid_planning:/home/thisum/my_ws/install/moveit_ros_planning_interface:/home/thisum/my_ws/install/moveit_ros_benchmarks:/home/thisum/my_ws/install/moveit_ros_warehouse:/home/thisum/my_ws/install/moveit_ros_robot_interaction:/home/thisum/my_ws/install/moveit_ros_perception:/home/thisum/my_ws/install/moveit_resources_prbt_pg70_support:/home/thisum/my_ws/install/moveit_resources_prbt_moveit_config:/home/thisum/my_ws/install/moveit_ros_move_group:/home/thisum/my_ws/install/moveit_planners_ompl:/home/thisum/my_ws/install/moveit_ros_planning:/home/thisum/my_ws/install/moveit_ros_occupancy_map_monitor:/home/thisum/my_ws/install/moveit_resources_prbt_ikfast_manipulator_plugin:/home/thisum/my_ws/install/moveit_planners_chomp:/home/thisum/my_ws/install/moveit_kinematics:/home/thisum/my_ws/install/moveit_chomp_optimizer_adapter:/home/thisum/my_ws/install/chomp_motion_planner:/home/thisum/my_ws/install/moveit_core:/home/thisum/my_ws/install/srdfdom:/home/thisum/my_ws/install/rviz_marker_tools:/home/thisum/my_ws/install/rosparam_shortcuts:/home/thisum/my_ws/install/new_full_arm:/home/thisum/my_ws/install/moveit_task_constructor_msgs:/home/thisum/my_ws/install/moveit_resources_prbt_support:/home/thisum/my_ws/install/moveit_resources:/home/thisum/my_ws/install/moveit_resources_pr2_description:/home/thisum/my_ws/install/moveit_resources_panda_moveit_config:/home/thisum/my_ws/install/moveit_resources_panda_description:/home/thisum/my_ws/install/moveit_resources_fanuc_moveit_config:/home/thisum/my_ws/install/moveit_resources_fanuc_description:/home/thisum/my_ws/install/moveit_common:/home/thisum/arm_ws/install/x:/home/thisum/arm_ws/install/robotiq_description:/home/thisum/arm_ws/install/robotiq_controllers:/home/thisum/arm_ws/install/arm_config:/home/thisum/my_ws/install/moveit_configs_utils:/home/thisum/my_ws/install/launch_param_builder:/home/thisum/arm_ws/install/moveit_configs_utils:/opt/ros/humble:/home/thisum/arm_ws/install/new_full_arm:/home/thisum/arm_ws/install/moveit_resources_prbt_support:/home/thisum/arm_ws/install/moveit_resources_pr2_description:/home/thisum/arm_ws/install/moveit_resources_panda_description:/home/thisum/arm_ws/install/moveit_resources_fanuc_description:/home/thisum/arm_ws/install/moveit_msgs:/home/thisum/arm_ws/install/moveit_common:/home/thisum/arm_ws/install/kortex_api /usr/bin/cmake --build /home/thisum/my_ws/src/build/srdfdom -- -j6 -l6
[11.646s] Invoking command in '/home/thisum/my_ws/src/build/srdfdom': CMAKE_PREFIX_PATH=/home/thisum/my_ws/install/pilz_industrial_motion_planner_testutils:/home/thisum/my_ws/install/moveit_runtime:/home/thisum/my_ws/install/moveit2_tutorials:/home/thisum/my_ws/install/moveit:/home/thisum/my_ws/install/arm_config:/home/thisum/my_ws/install/moveit_planners:/home/thisum/my_ws/install/pilz_industrial_motion_planner:/home/thisum/my_ws/install/moveit_visual_tools:/home/thisum/my_ws/install/moveit_task_constructor_visualization:/home/thisum/my_ws/install/moveit_task_constructor_demo:/home/thisum/my_ws/install/moveit_task_constructor_capabilities:/home/thisum/my_ws/install/moveit_task_constructor_core:/home/thisum/my_ws/install/moveit_ros_control_interface:/home/thisum/my_ws/install/moveit_plugins:/home/thisum/my_ws/install/moveit_simple_controller_manager:/home/thisum/my_ws/install/moveit_setup_assistant:/home/thisum/my_ws/install/moveit_setup_srdf_plugins:/home/thisum/my_ws/install/moveit_setup_core_plugins:/home/thisum/my_ws/install/moveit_setup_controllers:/home/thisum/my_ws/install/moveit_setup_app_plugins:/home/thisum/my_ws/install/moveit_setup_framework:/home/thisum/my_ws/install/moveit_servo:/home/thisum/my_ws/install/moveit_ros:/home/thisum/my_ws/install/moveit_ros_visualization:/home/thisum/my_ws/install/moveit_hybrid_planning:/home/thisum/my_ws/install/moveit_ros_planning_interface:/home/thisum/my_ws/install/moveit_ros_benchmarks:/home/thisum/my_ws/install/moveit_ros_warehouse:/home/thisum/my_ws/install/moveit_ros_robot_interaction:/home/thisum/my_ws/install/moveit_ros_perception:/home/thisum/my_ws/install/moveit_resources_prbt_pg70_support:/home/thisum/my_ws/install/moveit_resources_prbt_moveit_config:/home/thisum/my_ws/install/moveit_ros_move_group:/home/thisum/my_ws/install/moveit_planners_ompl:/home/thisum/my_ws/install/moveit_ros_planning:/home/thisum/my_ws/install/moveit_ros_occupancy_map_monitor:/home/thisum/my_ws/install/moveit_resources_prbt_ikfast_manipulator_plugin:/home/thisum/my_ws/install/moveit_planners_chomp:/home/thisum/my_ws/install/moveit_kinematics:/home/thisum/my_ws/install/moveit_chomp_optimizer_adapter:/home/thisum/my_ws/install/chomp_motion_planner:/home/thisum/my_ws/install/moveit_core:/home/thisum/my_ws/install/srdfdom:/home/thisum/my_ws/install/rviz_marker_tools:/home/thisum/my_ws/install/rosparam_shortcuts:/home/thisum/my_ws/install/new_full_arm:/home/thisum/my_ws/install/moveit_task_constructor_msgs:/home/thisum/my_ws/install/moveit_resources_prbt_support:/home/thisum/my_ws/install/moveit_resources:/home/thisum/my_ws/install/moveit_resources_pr2_description:/home/thisum/my_ws/install/moveit_resources_panda_moveit_config:/home/thisum/my_ws/install/moveit_resources_panda_description:/home/thisum/my_ws/install/moveit_resources_fanuc_moveit_config:/home/thisum/my_ws/install/moveit_resources_fanuc_description:/home/thisum/my_ws/install/moveit_common:/home/thisum/arm_ws/install/x:/home/thisum/arm_ws/install/robotiq_description:/home/thisum/arm_ws/install/robotiq_controllers:/home/thisum/arm_ws/install/arm_config:/home/thisum/my_ws/install/moveit_configs_utils:/home/thisum/my_ws/install/launch_param_builder:/home/thisum/arm_ws/install/moveit_configs_utils:/opt/ros/humble:/home/thisum/arm_ws/install/new_full_arm:/home/thisum/arm_ws/install/moveit_resources_prbt_support:/home/thisum/arm_ws/install/moveit_resources_pr2_description:/home/thisum/arm_ws/install/moveit_resources_panda_description:/home/thisum/arm_ws/install/moveit_resources_fanuc_description:/home/thisum/arm_ws/install/moveit_msgs:/home/thisum/arm_ws/install/moveit_common:/home/thisum/arm_ws/install/kortex_api /usr/bin/cmake --install /home/thisum/my_ws/src/build/srdfdom
[11.662s] -- Install configuration: "Release"
[11.662s] -- Installing: /home/thisum/my_ws/src/install/srdfdom/lib/libsrdfdom.so.2.0.4
[11.663s] -- Set runtime path of "/home/thisum/my_ws/src/install/srdfdom/lib/libsrdfdom.so.2.0.4" to ""
[11.663s] -- Installing: /home/thisum/my_ws/src/install/srdfdom/lib/libsrdfdom.so
[11.664s] -- Installing: /home/thisum/my_ws/src/install/srdfdom/include/srdfdom
[11.664s] -- Installing: /home/thisum/my_ws/src/install/srdfdom/include/srdfdom/srdf_writer.h
[11.664s] -- Installing: /home/thisum/my_ws/src/install/srdfdom/include/srdfdom/model.h
[11.664s] -- Installing: /home/thisum/my_ws/src/install/srdfdom/include/srdfdom/visibility_control.h
[11.664s] -- Installing: /home/thisum/my_ws/src/install/srdfdom/lib/srdfdom/display_srdf
[11.673s] -- Installing: /home/thisum/my_ws/src/install/srdfdom/share/srdfdom/environment/pythonpath.sh
[11.673s] -- Installing: /home/thisum/my_ws/src/install/srdfdom/share/srdfdom/environment/pythonpath.dsv
[11.674s] -- Installing: /home/thisum/my_ws/src/install/srdfdom/local/lib/python3.10/dist-packages/srdfdom-2.0.4-py3.10.egg-info
[11.674s] -- Installing: /home/thisum/my_ws/src/install/srdfdom/local/lib/python3.10/dist-packages/srdfdom-2.0.4-py3.10.egg-info/PKG-INFO
[11.674s] -- Installing: /home/thisum/my_ws/src/install/srdfdom/local/lib/python3.10/dist-packages/srdfdom-2.0.4-py3.10.egg-info/dependency_links.txt
[11.675s] -- Installing: /home/thisum/my_ws/src/install/srdfdom/local/lib/python3.10/dist-packages/srdfdom-2.0.4-py3.10.egg-info/SOURCES.txt
[11.675s] -- Installing: /home/thisum/my_ws/src/install/srdfdom/local/lib/python3.10/dist-packages/srdfdom-2.0.4-py3.10.egg-info/top_level.txt
[11.675s] -- Installing: /home/thisum/my_ws/src/install/srdfdom/local/lib/python3.10/dist-packages/srdfdom
[11.675s] -- Installing: /home/thisum/my_ws/src/install/srdfdom/local/lib/python3.10/dist-packages/srdfdom/__init__.py
[11.675s] -- Installing: /home/thisum/my_ws/src/install/srdfdom/local/lib/python3.10/dist-packages/srdfdom/srdf.py
[11.713s] Listing '/home/thisum/my_ws/src/install/srdfdom/local/lib/python3.10/dist-packages/srdfdom'...
[11.713s] Compiling '/home/thisum/my_ws/src/install/srdfdom/local/lib/python3.10/dist-packages/srdfdom/__init__.py'...
[11.713s] Compiling '/home/thisum/my_ws/src/install/srdfdom/local/lib/python3.10/dist-packages/srdfdom/srdf.py'...
[11.717s] -- Installing: /home/thisum/my_ws/src/install/srdfdom/share/srdfdom/environment/library_path.sh
[11.718s] -- Installing: /home/thisum/my_ws/src/install/srdfdom/share/srdfdom/environment/library_path.dsv
[11.719s] -- Installing: /home/thisum/my_ws/src/install/srdfdom/share/ament_index/resource_index/package_run_dependencies/srdfdom
[11.719s] -- Installing: /home/thisum/my_ws/src/install/srdfdom/share/ament_index/resource_index/parent_prefix_path/srdfdom
[11.719s] -- Installing: /home/thisum/my_ws/src/install/srdfdom/share/srdfdom/environment/ament_prefix_path.sh
[11.720s] -- Installing: /home/thisum/my_ws/src/install/srdfdom/share/srdfdom/environment/ament_prefix_path.dsv
[11.720s] -- Installing: /home/thisum/my_ws/src/install/srdfdom/share/srdfdom/environment/path.sh
[11.721s] -- Installing: /home/thisum/my_ws/src/install/srdfdom/share/srdfdom/environment/path.dsv
[11.721s] -- Installing: /home/thisum/my_ws/src/install/srdfdom/share/srdfdom/local_setup.bash
[11.721s] -- Installing: /home/thisum/my_ws/src/install/srdfdom/share/srdfdom/local_setup.sh
[11.722s] -- Installing: /home/thisum/my_ws/src/install/srdfdom/share/srdfdom/local_setup.zsh
[11.722s] -- Installing: /home/thisum/my_ws/src/install/srdfdom/share/srdfdom/local_setup.dsv
[11.722s] -- Installing: /home/thisum/my_ws/src/install/srdfdom/share/srdfdom/package.dsv
[11.723s] -- Installing: /home/thisum/my_ws/src/install/srdfdom/share/ament_index/resource_index/packages/srdfdom
[11.723s] -- Installing: /home/thisum/my_ws/src/install/srdfdom/share/srdfdom/cmake/srdfdomTargetsExport.cmake
[11.724s] -- Installing: /home/thisum/my_ws/src/install/srdfdom/share/srdfdom/cmake/srdfdomTargetsExport-release.cmake
[11.724s] -- Installing: /home/thisum/my_ws/src/install/srdfdom/share/srdfdom/cmake/ament_cmake_export_targets-extras.cmake
[11.724s] -- Installing: /home/thisum/my_ws/src/install/srdfdom/share/srdfdom/cmake/ament_cmake_export_dependencies-extras.cmake
[11.725s] -- Installing: /home/thisum/my_ws/src/install/srdfdom/share/srdfdom/cmake/srdfdomConfig.cmake
[11.725s] -- Installing: /home/thisum/my_ws/src/install/srdfdom/share/srdfdom/cmake/srdfdomConfig-version.cmake
[11.725s] -- Installing: /home/thisum/my_ws/src/install/srdfdom/share/srdfdom/package.xml
[11.729s] Invoked command in '/home/thisum/my_ws/src/build/srdfdom' returned '0': CMAKE_PREFIX_PATH=/home/thisum/my_ws/install/pilz_industrial_motion_planner_testutils:/home/thisum/my_ws/install/moveit_runtime:/home/thisum/my_ws/install/moveit2_tutorials:/home/thisum/my_ws/install/moveit:/home/thisum/my_ws/install/arm_config:/home/thisum/my_ws/install/moveit_planners:/home/thisum/my_ws/install/pilz_industrial_motion_planner:/home/thisum/my_ws/install/moveit_visual_tools:/home/thisum/my_ws/install/moveit_task_constructor_visualization:/home/thisum/my_ws/install/moveit_task_constructor_demo:/home/thisum/my_ws/install/moveit_task_constructor_capabilities:/home/thisum/my_ws/install/moveit_task_constructor_core:/home/thisum/my_ws/install/moveit_ros_control_interface:/home/thisum/my_ws/install/moveit_plugins:/home/thisum/my_ws/install/moveit_simple_controller_manager:/home/thisum/my_ws/install/moveit_setup_assistant:/home/thisum/my_ws/install/moveit_setup_srdf_plugins:/home/thisum/my_ws/install/moveit_setup_core_plugins:/home/thisum/my_ws/install/moveit_setup_controllers:/home/thisum/my_ws/install/moveit_setup_app_plugins:/home/thisum/my_ws/install/moveit_setup_framework:/home/thisum/my_ws/install/moveit_servo:/home/thisum/my_ws/install/moveit_ros:/home/thisum/my_ws/install/moveit_ros_visualization:/home/thisum/my_ws/install/moveit_hybrid_planning:/home/thisum/my_ws/install/moveit_ros_planning_interface:/home/thisum/my_ws/install/moveit_ros_benchmarks:/home/thisum/my_ws/install/moveit_ros_warehouse:/home/thisum/my_ws/install/moveit_ros_robot_interaction:/home/thisum/my_ws/install/moveit_ros_perception:/home/thisum/my_ws/install/moveit_resources_prbt_pg70_support:/home/thisum/my_ws/install/moveit_resources_prbt_moveit_config:/home/thisum/my_ws/install/moveit_ros_move_group:/home/thisum/my_ws/install/moveit_planners_ompl:/home/thisum/my_ws/install/moveit_ros_planning:/home/thisum/my_ws/install/moveit_ros_occupancy_map_monitor:/home/thisum/my_ws/install/moveit_resources_prbt_ikfast_manipulator_plugin:/home/thisum/my_ws/install/moveit_planners_chomp:/home/thisum/my_ws/install/moveit_kinematics:/home/thisum/my_ws/install/moveit_chomp_optimizer_adapter:/home/thisum/my_ws/install/chomp_motion_planner:/home/thisum/my_ws/install/moveit_core:/home/thisum/my_ws/install/srdfdom:/home/thisum/my_ws/install/rviz_marker_tools:/home/thisum/my_ws/install/rosparam_shortcuts:/home/thisum/my_ws/install/new_full_arm:/home/thisum/my_ws/install/moveit_task_constructor_msgs:/home/thisum/my_ws/install/moveit_resources_prbt_support:/home/thisum/my_ws/install/moveit_resources:/home/thisum/my_ws/install/moveit_resources_pr2_description:/home/thisum/my_ws/install/moveit_resources_panda_moveit_config:/home/thisum/my_ws/install/moveit_resources_panda_description:/home/thisum/my_ws/install/moveit_resources_fanuc_moveit_config:/home/thisum/my_ws/install/moveit_resources_fanuc_description:/home/thisum/my_ws/install/moveit_common:/home/thisum/arm_ws/install/x:/home/thisum/arm_ws/install/robotiq_description:/home/thisum/arm_ws/install/robotiq_controllers:/home/thisum/arm_ws/install/arm_config:/home/thisum/my_ws/install/moveit_configs_utils:/home/thisum/my_ws/install/launch_param_builder:/home/thisum/arm_ws/install/moveit_configs_utils:/opt/ros/humble:/home/thisum/arm_ws/install/new_full_arm:/home/thisum/arm_ws/install/moveit_resources_prbt_support:/home/thisum/arm_ws/install/moveit_resources_pr2_description:/home/thisum/arm_ws/install/moveit_resources_panda_description:/home/thisum/arm_ws/install/moveit_resources_fanuc_description:/home/thisum/arm_ws/install/moveit_msgs:/home/thisum/arm_ws/install/moveit_common:/home/thisum/arm_ws/install/kortex_api /usr/bin/cmake --install /home/thisum/my_ws/src/build/srdfdom
