[0.027s] Invoking command in '/home/thisum/my_ws/build/moveit_ros_planning': AMENT_PREFIX_PATH=/home/thisum/my_ws/install/moveit_ros_occupancy_map_monitor:/home/thisum/my_ws/install/moveit_core:/home/thisum/my_ws/install/moveit_resources_panda_moveit_config:/home/thisum/my_ws/install/srdfdom:/home/thisum/my_ws/install/moveit_resources_pr2_description:/home/thisum/my_ws/install/moveit_resources_panda_description:/home/thisum/my_ws/install/moveit_common:${AMENT_PREFIX_PATH} CMAKE_PREFIX_PATH=/home/thisum/my_ws/install/moveit_ros_occupancy_map_monitor:/home/thisum/my_ws/install/moveit_core:/home/thisum/my_ws/install/moveit_resources_panda_moveit_config:/home/thisum/my_ws/install/srdfdom:/home/thisum/my_ws/install/moveit_resources_pr2_description:/home/thisum/my_ws/install/moveit_resources_panda_description:/home/thisum/my_ws/install/moveit_common:/opt/ros/humble LD_LIBRARY_PATH=/home/thisum/my_ws/install/moveit_ros_occupancy_map_monitor/lib:/home/thisum/my_ws/install/moveit_core/lib:/home/thisum/my_ws/install/srdfdom/lib:${LD_LIBRARY_PATH} PATH=/home/thisum/my_ws/install/moveit_core/bin:${PATH} PYTHONPATH=/home/thisum/my_ws/install/srdfdom/local/lib/python3.10/dist-packages:${PYTHONPATH} /usr/bin/cmake --build /home/thisum/my_ws/build/moveit_ros_planning -- -j6 -l6
[0.170s] [ 11%] Built target gmock_main
[0.170s] [ 11%] Built target moveit_rdf_loader
[0.170s] [ 11%] Built target moveit_list_request_adapter_plugins
[0.170s] [ 14%] Built target moveit_planning_pipeline
[0.179s] [ 17%] Built target moveit_collision_plugin_loader
[0.183s] [ 35%] Built target moveit_default_planning_request_adapter_plugins
[0.207s] [ 40%] Built target gmock
[0.216s] [ 43%] Built target moveit_kinematics_plugin_loader
[0.216s] [ 46%] Built target moveit_constraint_sampler_manager_loader
[0.266s] [ 50%] Built target moveit_robot_model_loader
[0.307s] [ 53%] Built target moveit_print_planning_model_info
[0.325s] [ 62%] Built target moveit_planning_scene_monitor
[0.387s] [ 66%] Built target current_state_monitor_tests
[0.388s] [ 69%] Built target demo_scene
[0.398s] [ 72%] Built target moveit_print_planning_scene_info
[0.399s] [ 75%] Built target moveit_display_random_state
[0.407s] [ 79%] Built target trajectory_monitor_tests
[0.410s] [ 82%] Built target moveit_visualize_robot_collision_volume
[0.440s] [ 85%] Built target moveit_publish_scene_from_text
[0.440s] [ 88%] Built target moveit_evaluate_collision_checking_speed
[0.459s] [ 91%] Built target moveit_trajectory_execution_manager
[0.514s] [ 98%] Built target moveit_plan_execution
[0.514s] [100%] Built target moveit_cpp
[0.548s] Invoked command in '/home/thisum/my_ws/build/moveit_ros_planning' returned '0': AMENT_PREFIX_PATH=/home/thisum/my_ws/install/moveit_ros_occupancy_map_monitor:/home/thisum/my_ws/install/moveit_core:/home/thisum/my_ws/install/moveit_resources_panda_moveit_config:/home/thisum/my_ws/install/srdfdom:/home/thisum/my_ws/install/moveit_resources_pr2_description:/home/thisum/my_ws/install/moveit_resources_panda_description:/home/thisum/my_ws/install/moveit_common:${AMENT_PREFIX_PATH} CMAKE_PREFIX_PATH=/home/thisum/my_ws/install/moveit_ros_occupancy_map_monitor:/home/thisum/my_ws/install/moveit_core:/home/thisum/my_ws/install/moveit_resources_panda_moveit_config:/home/thisum/my_ws/install/srdfdom:/home/thisum/my_ws/install/moveit_resources_pr2_description:/home/thisum/my_ws/install/moveit_resources_panda_description:/home/thisum/my_ws/install/moveit_common:/opt/ros/humble LD_LIBRARY_PATH=/home/thisum/my_ws/install/moveit_ros_occupancy_map_monitor/lib:/home/thisum/my_ws/install/moveit_core/lib:/home/thisum/my_ws/install/srdfdom/lib:${LD_LIBRARY_PATH} PATH=/home/thisum/my_ws/install/moveit_core/bin:${PATH} PYTHONPATH=/home/thisum/my_ws/install/srdfdom/local/lib/python3.10/dist-packages:${PYTHONPATH} /usr/bin/cmake --build /home/thisum/my_ws/build/moveit_ros_planning -- -j6 -l6
[0.643s] Invoking command in '/home/thisum/my_ws/build/moveit_ros_planning': AMENT_PREFIX_PATH=/home/thisum/my_ws/install/moveit_ros_occupancy_map_monitor:/home/thisum/my_ws/install/moveit_core:/home/thisum/my_ws/install/moveit_resources_panda_moveit_config:/home/thisum/my_ws/install/srdfdom:/home/thisum/my_ws/install/moveit_resources_pr2_description:/home/thisum/my_ws/install/moveit_resources_panda_description:/home/thisum/my_ws/install/moveit_common:${AMENT_PREFIX_PATH} CMAKE_PREFIX_PATH=/home/thisum/my_ws/install/moveit_ros_occupancy_map_monitor:/home/thisum/my_ws/install/moveit_core:/home/thisum/my_ws/install/moveit_resources_panda_moveit_config:/home/thisum/my_ws/install/srdfdom:/home/thisum/my_ws/install/moveit_resources_pr2_description:/home/thisum/my_ws/install/moveit_resources_panda_description:/home/thisum/my_ws/install/moveit_common:/opt/ros/humble LD_LIBRARY_PATH=/home/thisum/my_ws/install/moveit_ros_occupancy_map_monitor/lib:/home/thisum/my_ws/install/moveit_core/lib:/home/thisum/my_ws/install/srdfdom/lib:${LD_LIBRARY_PATH} PATH=/home/thisum/my_ws/install/moveit_core/bin:${PATH} PYTHONPATH=/home/thisum/my_ws/install/srdfdom/local/lib/python3.10/dist-packages:${PYTHONPATH} /usr/bin/cmake --install /home/thisum/my_ws/build/moveit_ros_planning
[0.647s] -- Install configuration: "Release"
[0.647s] -- Up-to-date: /home/thisum/my_ws/install/moveit_ros_planning/include
[0.647s] -- Up-to-date: /home/thisum/my_ws/install/moveit_ros_planning/include/moveit
[0.647s] -- Up-to-date: /home/thisum/my_ws/install/moveit_ros_planning/include/moveit/rdf_loader
[0.647s] -- Up-to-date: /home/thisum/my_ws/install/moveit_ros_planning/include/moveit/rdf_loader/rdf_loader.h
[0.647s] -- Up-to-date: /home/thisum/my_ws/install/moveit_ros_planning/include/moveit/rdf_loader/synchronized_string_parameter.h
[0.647s] -- Up-to-date: /home/thisum/my_ws/install/moveit_ros_planning/share/moveit_ros_planning/rdf_loader/test/data
[0.647s] -- Up-to-date: /home/thisum/my_ws/install/moveit_ros_planning/share/moveit_ros_planning/rdf_loader/test/data/gonzo.srdf
[0.647s] -- Up-to-date: /home/thisum/my_ws/install/moveit_ros_planning/share/moveit_ros_planning/rdf_loader/test/data/kermit.srdf
[0.647s] -- Up-to-date: /home/thisum/my_ws/install/moveit_ros_planning/share/moveit_ros_planning/rdf_loader/test/data/robin.srdf.xacro
[0.648s] -- Up-to-date: /home/thisum/my_ws/install/moveit_ros_planning/share/moveit_ros_planning/rdf_loader/test/data/gonzo.urdf
[0.649s] -- Up-to-date: /home/thisum/my_ws/install/moveit_ros_planning/share/moveit_ros_planning/rdf_loader/test/data/kermit.urdf
[0.649s] -- Up-to-date: /home/thisum/my_ws/install/moveit_ros_planning/share/moveit_ros_planning/rdf_loader/test/launch
[0.649s] -- Up-to-date: /home/thisum/my_ws/install/moveit_ros_planning/share/moveit_ros_planning/rdf_loader/test/launch/test_rdf_integration.test.py
[0.649s] -- Up-to-date: /home/thisum/my_ws/install/moveit_ros_planning/include
[0.649s] -- Up-to-date: /home/thisum/my_ws/install/moveit_ros_planning/include/moveit
[0.649s] -- Up-to-date: /home/thisum/my_ws/install/moveit_ros_planning/include/moveit/collision_plugin_loader
[0.649s] -- Up-to-date: /home/thisum/my_ws/install/moveit_ros_planning/include/moveit/collision_plugin_loader/collision_plugin_loader.h
[0.649s] -- Up-to-date: /home/thisum/my_ws/install/moveit_ros_planning/include
[0.649s] -- Up-to-date: /home/thisum/my_ws/install/moveit_ros_planning/include/moveit
[0.649s] -- Up-to-date: /home/thisum/my_ws/install/moveit_ros_planning/include/moveit/kinematics_plugin_loader
[0.650s] -- Up-to-date: /home/thisum/my_ws/install/moveit_ros_planning/include/moveit/kinematics_plugin_loader/kinematics_plugin_loader.h
[0.650s] -- Up-to-date: /home/thisum/my_ws/install/moveit_ros_planning/include
[0.650s] -- Up-to-date: /home/thisum/my_ws/install/moveit_ros_planning/include/moveit
[0.650s] -- Up-to-date: /home/thisum/my_ws/install/moveit_ros_planning/include/moveit/robot_model_loader
[0.651s] -- Up-to-date: /home/thisum/my_ws/install/moveit_ros_planning/include/moveit/robot_model_loader/robot_model_loader.h
[0.651s] -- Up-to-date: /home/thisum/my_ws/install/moveit_ros_planning/include
[0.651s] -- Up-to-date: /home/thisum/my_ws/install/moveit_ros_planning/include/moveit
[0.651s] -- Up-to-date: /home/thisum/my_ws/install/moveit_ros_planning/include/moveit/constraint_sampler_manager_loader
[0.651s] -- Up-to-date: /home/thisum/my_ws/install/moveit_ros_planning/include/moveit/constraint_sampler_manager_loader/constraint_sampler_manager_loader.h
[0.651s] -- Up-to-date: /home/thisum/my_ws/install/moveit_ros_planning/include
[0.651s] -- Up-to-date: /home/thisum/my_ws/install/moveit_ros_planning/include/moveit
[0.651s] -- Up-to-date: /home/thisum/my_ws/install/moveit_ros_planning/include/moveit/planning_pipeline
[0.651s] -- Up-to-date: /home/thisum/my_ws/install/moveit_ros_planning/include/moveit/planning_pipeline/planning_pipeline.h
[0.651s] -- Up-to-date: /home/thisum/my_ws/install/moveit_ros_planning/include/moveit_planning_pipeline_export.h
[0.652s] -- Up-to-date: /home/thisum/my_ws/install/moveit_ros_planning/lib/moveit_ros_planning/moveit_list_request_adapter_plugins
[0.652s] -- Up-to-date: /home/thisum/my_ws/install/moveit_ros_planning/lib/moveit_ros_planning/demo_scene
[0.652s] -- Up-to-date: /home/thisum/my_ws/install/moveit_ros_planning/include
[0.652s] -- Up-to-date: /home/thisum/my_ws/install/moveit_ros_planning/include/moveit
[0.652s] -- Up-to-date: /home/thisum/my_ws/install/moveit_ros_planning/include/moveit/planning_scene_monitor
[0.653s] -- Up-to-date: /home/thisum/my_ws/install/moveit_ros_planning/include/moveit/planning_scene_monitor/trajectory_monitor.h
[0.653s] -- Up-to-date: /home/thisum/my_ws/install/moveit_ros_planning/include/moveit/planning_scene_monitor/planning_scene_monitor.h
[0.653s] -- Up-to-date: /home/thisum/my_ws/install/moveit_ros_planning/include/moveit/planning_scene_monitor/trajectory_monitor_middleware_handle.hpp
[0.653s] -- Up-to-date: /home/thisum/my_ws/install/moveit_ros_planning/include/moveit/planning_scene_monitor/current_state_monitor.h
[0.653s] -- Up-to-date: /home/thisum/my_ws/install/moveit_ros_planning/include/moveit/planning_scene_monitor/current_state_monitor_middleware_handle.hpp
[0.653s] -- Up-to-date: /home/thisum/my_ws/install/moveit_ros_planning/include/moveit_planning_scene_monitor_export.h
[0.654s] -- Up-to-date: /home/thisum/my_ws/install/moveit_ros_planning/lib/moveit_ros_planning/moveit_print_planning_model_info
[0.656s] -- Up-to-date: /home/thisum/my_ws/install/moveit_ros_planning/lib/moveit_ros_planning/moveit_print_planning_scene_info
[0.657s] -- Up-to-date: /home/thisum/my_ws/install/moveit_ros_planning/lib/moveit_ros_planning/moveit_display_random_state
[0.658s] -- Up-to-date: /home/thisum/my_ws/install/moveit_ros_planning/lib/moveit_ros_planning/moveit_visualize_robot_collision_volume
[0.658s] -- Up-to-date: /home/thisum/my_ws/install/moveit_ros_planning/lib/moveit_ros_planning/moveit_evaluate_collision_checking_speed
[0.658s] -- Up-to-date: /home/thisum/my_ws/install/moveit_ros_planning/lib/moveit_ros_planning/moveit_publish_scene_from_text
[0.659s] -- Up-to-date: /home/thisum/my_ws/install/moveit_ros_planning/include
[0.659s] -- Up-to-date: /home/thisum/my_ws/install/moveit_ros_planning/include/moveit
[0.659s] -- Up-to-date: /home/thisum/my_ws/install/moveit_ros_planning/include/moveit/trajectory_execution_manager
[0.659s] -- Up-to-date: /home/thisum/my_ws/install/moveit_ros_planning/include/moveit/trajectory_execution_manager/trajectory_execution_manager.h
[0.659s] -- Up-to-date: /home/thisum/my_ws/install/moveit_ros_planning/include/moveit_trajectory_execution_manager_export.h
[0.659s] -- Up-to-date: /home/thisum/my_ws/install/moveit_ros_planning/include
[0.659s] -- Up-to-date: /home/thisum/my_ws/install/moveit_ros_planning/include/moveit
[0.659s] -- Up-to-date: /home/thisum/my_ws/install/moveit_ros_planning/include/moveit/plan_execution
[0.660s] -- Up-to-date: /home/thisum/my_ws/install/moveit_ros_planning/include/moveit/plan_execution/plan_representation.h
[0.660s] -- Up-to-date: /home/thisum/my_ws/install/moveit_ros_planning/include/moveit/plan_execution/plan_execution.h
[0.660s] -- Up-to-date: /home/thisum/my_ws/install/moveit_ros_planning/include
[0.660s] -- Up-to-date: /home/thisum/my_ws/install/moveit_ros_planning/include/moveit
[0.660s] -- Up-to-date: /home/thisum/my_ws/install/moveit_ros_planning/include/moveit/moveit_cpp
[0.660s] -- Up-to-date: /home/thisum/my_ws/install/moveit_ros_planning/include/moveit/moveit_cpp/planning_component.h
[0.660s] -- Up-to-date: /home/thisum/my_ws/install/moveit_ros_planning/include/moveit/moveit_cpp/moveit_cpp.h
[0.661s] -- Up-to-date: /home/thisum/my_ws/install/moveit_ros_planning/lib/libmoveit_rdf_loader.so.2.5.5
[0.661s] -- Up-to-date: /home/thisum/my_ws/install/moveit_ros_planning/lib/libmoveit_rdf_loader.so
[0.661s] -- Up-to-date: /home/thisum/my_ws/install/moveit_ros_planning/lib/libmoveit_kinematics_plugin_loader.so.2.5.5
[0.661s] -- Up-to-date: /home/thisum/my_ws/install/moveit_ros_planning/lib/libmoveit_kinematics_plugin_loader.so
[0.662s] -- Up-to-date: /home/thisum/my_ws/install/moveit_ros_planning/lib/libmoveit_robot_model_loader.so.2.5.5
[0.662s] -- Up-to-date: /home/thisum/my_ws/install/moveit_ros_planning/lib/libmoveit_robot_model_loader.so
[0.662s] -- Up-to-date: /home/thisum/my_ws/install/moveit_ros_planning/lib/libmoveit_constraint_sampler_manager_loader.so.2.5.5
[0.662s] -- Up-to-date: /home/thisum/my_ws/install/moveit_ros_planning/lib/libmoveit_constraint_sampler_manager_loader.so
[0.663s] -- Up-to-date: /home/thisum/my_ws/install/moveit_ros_planning/lib/libmoveit_planning_pipeline.so.2.5.5
[0.663s] -- Up-to-date: /home/thisum/my_ws/install/moveit_ros_planning/lib/libmoveit_planning_pipeline.so
[0.663s] -- Up-to-date: /home/thisum/my_ws/install/moveit_ros_planning/lib/libmoveit_trajectory_execution_manager.so.2.5.5
[0.664s] -- Up-to-date: /home/thisum/my_ws/install/moveit_ros_planning/lib/libmoveit_trajectory_execution_manager.so
[0.664s] -- Up-to-date: /home/thisum/my_ws/install/moveit_ros_planning/lib/libmoveit_plan_execution.so.2.5.5
[0.664s] -- Up-to-date: /home/thisum/my_ws/install/moveit_ros_planning/lib/libmoveit_plan_execution.so
[0.664s] -- Up-to-date: /home/thisum/my_ws/install/moveit_ros_planning/lib/libmoveit_planning_scene_monitor.so.2.5.5
[0.665s] -- Up-to-date: /home/thisum/my_ws/install/moveit_ros_planning/lib/libmoveit_planning_scene_monitor.so
[0.665s] -- Up-to-date: /home/thisum/my_ws/install/moveit_ros_planning/lib/libmoveit_collision_plugin_loader.so.2.5.5
[0.665s] -- Up-to-date: /home/thisum/my_ws/install/moveit_ros_planning/lib/libmoveit_collision_plugin_loader.so
[0.666s] -- Up-to-date: /home/thisum/my_ws/install/moveit_ros_planning/lib/libmoveit_default_planning_request_adapter_plugins.so.2.5.5
[0.666s] -- Up-to-date: /home/thisum/my_ws/install/moveit_ros_planning/lib/libmoveit_default_planning_request_adapter_plugins.so
[0.666s] -- Up-to-date: /home/thisum/my_ws/install/moveit_ros_planning/lib/libmoveit_cpp.so.2.5.5
[0.666s] -- Up-to-date: /home/thisum/my_ws/install/moveit_ros_planning/lib/libmoveit_cpp.so
[0.666s] -- Up-to-date: /home/thisum/my_ws/install/moveit_ros_planning/share/moveit_ros_planning/environment/library_path.sh
[0.667s] -- Up-to-date: /home/thisum/my_ws/install/moveit_ros_planning/share/moveit_ros_planning/environment/library_path.dsv
[0.667s] -- Up-to-date: /home/thisum/my_ws/install/moveit_ros_planning/share/moveit_ros_planning/planning_request_adapters_plugin_description.xml
[0.667s] -- Up-to-date: /home/thisum/my_ws/install/moveit_ros_planning/share/ament_index/resource_index/package_run_dependencies/moveit_ros_planning
[0.667s] -- Up-to-date: /home/thisum/my_ws/install/moveit_ros_planning/share/ament_index/resource_index/parent_prefix_path/moveit_ros_planning
[0.667s] -- Up-to-date: /home/thisum/my_ws/install/moveit_ros_planning/share/moveit_ros_planning/environment/ament_prefix_path.sh
[0.667s] -- Up-to-date: /home/thisum/my_ws/install/moveit_ros_planning/share/moveit_ros_planning/environment/ament_prefix_path.dsv
[0.667s] -- Up-to-date: /home/thisum/my_ws/install/moveit_ros_planning/share/moveit_ros_planning/environment/path.sh
[0.667s] -- Up-to-date: /home/thisum/my_ws/install/moveit_ros_planning/share/moveit_ros_planning/environment/path.dsv
[0.667s] -- Up-to-date: /home/thisum/my_ws/install/moveit_ros_planning/share/moveit_ros_planning/local_setup.bash
[0.668s] -- Up-to-date: /home/thisum/my_ws/install/moveit_ros_planning/share/moveit_ros_planning/local_setup.sh
[0.668s] -- Up-to-date: /home/thisum/my_ws/install/moveit_ros_planning/share/moveit_ros_planning/local_setup.zsh
[0.668s] -- Up-to-date: /home/thisum/my_ws/install/moveit_ros_planning/share/moveit_ros_planning/local_setup.dsv
[0.668s] -- Installing: /home/thisum/my_ws/install/moveit_ros_planning/share/moveit_ros_planning/package.dsv
[0.668s] -- Up-to-date: /home/thisum/my_ws/install/moveit_ros_planning/share/ament_index/resource_index/packages/moveit_ros_planning
[0.668s] -- Up-to-date: /home/thisum/my_ws/install/moveit_ros_planning/share/ament_index/resource_index/moveit_core__pluginlib__plugin/moveit_ros_planning
[0.669s] -- Up-to-date: /home/thisum/my_ws/install/moveit_ros_planning/share/moveit_ros_planning/cmake/export_moveit_ros_planningExport.cmake
[0.669s] -- Up-to-date: /home/thisum/my_ws/install/moveit_ros_planning/share/moveit_ros_planning/cmake/export_moveit_ros_planningExport-release.cmake
[0.669s] -- Up-to-date: /home/thisum/my_ws/install/moveit_ros_planning/share/moveit_ros_planning/cmake/ConfigExtras.cmake
[0.669s] -- Up-to-date: /home/thisum/my_ws/install/moveit_ros_planning/share/moveit_ros_planning/cmake/ament_cmake_export_targets-extras.cmake
[0.669s] -- Up-to-date: /home/thisum/my_ws/install/moveit_ros_planning/share/moveit_ros_planning/cmake/ament_cmake_export_dependencies-extras.cmake
[0.669s] -- Up-to-date: /home/thisum/my_ws/install/moveit_ros_planning/share/moveit_ros_planning/cmake/moveit_ros_planningConfig.cmake
[0.669s] -- Up-to-date: /home/thisum/my_ws/install/moveit_ros_planning/share/moveit_ros_planning/cmake/moveit_ros_planningConfig-version.cmake
[0.669s] -- Up-to-date: /home/thisum/my_ws/install/moveit_ros_planning/share/moveit_ros_planning/package.xml
[0.673s] Invoked command in '/home/thisum/my_ws/build/moveit_ros_planning' returned '0': AMENT_PREFIX_PATH=/home/thisum/my_ws/install/moveit_ros_occupancy_map_monitor:/home/thisum/my_ws/install/moveit_core:/home/thisum/my_ws/install/moveit_resources_panda_moveit_config:/home/thisum/my_ws/install/srdfdom:/home/thisum/my_ws/install/moveit_resources_pr2_description:/home/thisum/my_ws/install/moveit_resources_panda_description:/home/thisum/my_ws/install/moveit_common:${AMENT_PREFIX_PATH} CMAKE_PREFIX_PATH=/home/thisum/my_ws/install/moveit_ros_occupancy_map_monitor:/home/thisum/my_ws/install/moveit_core:/home/thisum/my_ws/install/moveit_resources_panda_moveit_config:/home/thisum/my_ws/install/srdfdom:/home/thisum/my_ws/install/moveit_resources_pr2_description:/home/thisum/my_ws/install/moveit_resources_panda_description:/home/thisum/my_ws/install/moveit_common:/opt/ros/humble LD_LIBRARY_PATH=/home/thisum/my_ws/install/moveit_ros_occupancy_map_monitor/lib:/home/thisum/my_ws/install/moveit_core/lib:/home/thisum/my_ws/install/srdfdom/lib:${LD_LIBRARY_PATH} PATH=/home/thisum/my_ws/install/moveit_core/bin:${PATH} PYTHONPATH=/home/thisum/my_ws/install/srdfdom/local/lib/python3.10/dist-packages:${PYTHONPATH} /usr/bin/cmake --install /home/thisum/my_ws/build/moveit_ros_planning
