[0.024s] Invoking command in '/home/thisum/my_ws/build/moveit_task_constructor_msgs': CMAKE_PREFIX_PATH=/home/thisum/my_ws/install/pilz_industrial_motion_planner_testutils:/home/thisum/my_ws/install/moveit_runtime:/home/thisum/my_ws/install/moveit2_tutorials:/home/thisum/my_ws/install/moveit:/home/thisum/my_ws/install/arm_config:/home/thisum/my_ws/install/moveit_planners:/home/thisum/my_ws/install/pilz_industrial_motion_planner:/home/thisum/my_ws/install/moveit_visual_tools:/home/thisum/my_ws/install/moveit_task_constructor_visualization:/home/thisum/my_ws/install/moveit_task_constructor_demo:/home/thisum/my_ws/install/moveit_task_constructor_capabilities:/home/thisum/my_ws/install/moveit_task_constructor_core:/home/thisum/my_ws/install/moveit_ros_control_interface:/home/thisum/my_ws/install/moveit_plugins:/home/thisum/my_ws/install/moveit_simple_controller_manager:/home/thisum/my_ws/install/moveit_setup_assistant:/home/thisum/my_ws/install/moveit_setup_srdf_plugins:/home/thisum/my_ws/install/moveit_setup_core_plugins:/home/thisum/my_ws/install/moveit_setup_controllers:/home/thisum/my_ws/install/moveit_setup_app_plugins:/home/thisum/my_ws/install/moveit_setup_framework:/home/thisum/my_ws/install/moveit_servo:/home/thisum/my_ws/install/moveit_ros:/home/thisum/my_ws/install/moveit_ros_visualization:/home/thisum/my_ws/install/moveit_hybrid_planning:/home/thisum/my_ws/install/moveit_ros_planning_interface:/home/thisum/my_ws/install/moveit_ros_benchmarks:/home/thisum/my_ws/install/moveit_ros_warehouse:/home/thisum/my_ws/install/moveit_ros_robot_interaction:/home/thisum/my_ws/install/moveit_ros_perception:/home/thisum/my_ws/install/moveit_resources_prbt_pg70_support:/home/thisum/my_ws/install/moveit_resources_prbt_moveit_config:/home/thisum/my_ws/install/moveit_ros_move_group:/home/thisum/my_ws/install/moveit_planners_ompl:/home/thisum/my_ws/install/moveit_ros_planning:/home/thisum/my_ws/install/moveit_ros_occupancy_map_monitor:/home/thisum/my_ws/install/moveit_resources_prbt_ikfast_manipulator_plugin:/home/thisum/my_ws/install/moveit_planners_chomp:/home/thisum/my_ws/install/moveit_kinematics:/home/thisum/my_ws/install/moveit_chomp_optimizer_adapter:/home/thisum/my_ws/install/chomp_motion_planner:/home/thisum/my_ws/install/moveit_core:/home/thisum/my_ws/install/srdfdom:/home/thisum/my_ws/install/rviz_marker_tools:/home/thisum/my_ws/install/rosparam_shortcuts:/home/thisum/my_ws/install/new_full_arm:/home/thisum/my_ws/install/moveit_task_constructor_msgs:/home/thisum/my_ws/install/moveit_resources_prbt_support:/home/thisum/my_ws/install/moveit_resources:/home/thisum/my_ws/install/moveit_resources_pr2_description:/home/thisum/my_ws/install/moveit_resources_panda_moveit_config:/home/thisum/my_ws/install/moveit_resources_panda_description:/home/thisum/my_ws/install/moveit_resources_fanuc_moveit_config:/home/thisum/my_ws/install/moveit_resources_fanuc_description:/home/thisum/my_ws/install/moveit_common:/home/thisum/arm_ws/install/x:/home/thisum/arm_ws/install/robotiq_description:/home/thisum/arm_ws/install/robotiq_controllers:/home/thisum/arm_ws/install/arm_config:/home/thisum/my_ws/install/moveit_configs_utils:/home/thisum/my_ws/install/launch_param_builder:/home/thisum/arm_ws/install/moveit_configs_utils:/opt/ros/humble:/home/thisum/arm_ws/install/new_full_arm:/home/thisum/arm_ws/install/moveit_resources_prbt_support:/home/thisum/arm_ws/install/moveit_resources_pr2_description:/home/thisum/arm_ws/install/moveit_resources_panda_description:/home/thisum/arm_ws/install/moveit_resources_fanuc_description:/home/thisum/arm_ws/install/moveit_msgs:/home/thisum/arm_ws/install/moveit_common:/home/thisum/arm_ws/install/kortex_api /usr/bin/cmake --build /home/thisum/my_ws/build/moveit_task_constructor_msgs -- -j6 -l6
[0.170s] [  0%] Built target moveit_task_constructor_msgs__cpp
[0.183s] [ 12%] Built target moveit_task_constructor_msgs__rosidl_generator_c
[0.217s] [ 12%] Built target ament_cmake_python_copy_moveit_task_constructor_msgs
[0.252s] [ 24%] Built target moveit_task_constructor_msgs__rosidl_typesupport_cpp
[0.263s] [ 48%] Built target moveit_task_constructor_msgs__rosidl_typesupport_introspection_c
[0.263s] [ 48%] Built target moveit_task_constructor_msgs__rosidl_typesupport_introspection_cpp
[0.270s] [ 59%] Built target moveit_task_constructor_msgs__rosidl_typesupport_fastrtps_cpp
[0.291s] [ 71%] Built target moveit_task_constructor_msgs__rosidl_typesupport_fastrtps_c
[0.295s] [ 83%] Built target moveit_task_constructor_msgs__rosidl_typesupport_c
[0.362s] [ 83%] Built target moveit_task_constructor_msgs
[0.423s] [ 84%] Built target moveit_task_constructor_msgs__py
[0.493s] [ 95%] Built target moveit_task_constructor_msgs__rosidl_generator_py
[0.562s] [ 99%] Built target moveit_task_constructor_msgs__rosidl_typesupport_fastrtps_c__pyext
[0.563s] [ 99%] Built target moveit_task_constructor_msgs__rosidl_typesupport_introspection_c__pyext
[0.567s] [100%] Built target moveit_task_constructor_msgs__rosidl_typesupport_c__pyext
[0.570s] running egg_info
[0.571s] writing moveit_task_constructor_msgs.egg-info/PKG-INFO
[0.572s] writing dependency_links to moveit_task_constructor_msgs.egg-info/dependency_links.txt
[0.572s] writing top-level names to moveit_task_constructor_msgs.egg-info/top_level.txt
[0.575s] reading manifest file 'moveit_task_constructor_msgs.egg-info/SOURCES.txt'
[0.576s] writing manifest file 'moveit_task_constructor_msgs.egg-info/SOURCES.txt'
[0.622s] [100%] Built target ament_cmake_python_build_moveit_task_constructor_msgs_egg
[0.647s] Invoked command in '/home/thisum/my_ws/build/moveit_task_constructor_msgs' returned '0': CMAKE_PREFIX_PATH=/home/thisum/my_ws/install/pilz_industrial_motion_planner_testutils:/home/thisum/my_ws/install/moveit_runtime:/home/thisum/my_ws/install/moveit2_tutorials:/home/thisum/my_ws/install/moveit:/home/thisum/my_ws/install/arm_config:/home/thisum/my_ws/install/moveit_planners:/home/thisum/my_ws/install/pilz_industrial_motion_planner:/home/thisum/my_ws/install/moveit_visual_tools:/home/thisum/my_ws/install/moveit_task_constructor_visualization:/home/thisum/my_ws/install/moveit_task_constructor_demo:/home/thisum/my_ws/install/moveit_task_constructor_capabilities:/home/thisum/my_ws/install/moveit_task_constructor_core:/home/thisum/my_ws/install/moveit_ros_control_interface:/home/thisum/my_ws/install/moveit_plugins:/home/thisum/my_ws/install/moveit_simple_controller_manager:/home/thisum/my_ws/install/moveit_setup_assistant:/home/thisum/my_ws/install/moveit_setup_srdf_plugins:/home/thisum/my_ws/install/moveit_setup_core_plugins:/home/thisum/my_ws/install/moveit_setup_controllers:/home/thisum/my_ws/install/moveit_setup_app_plugins:/home/thisum/my_ws/install/moveit_setup_framework:/home/thisum/my_ws/install/moveit_servo:/home/thisum/my_ws/install/moveit_ros:/home/thisum/my_ws/install/moveit_ros_visualization:/home/thisum/my_ws/install/moveit_hybrid_planning:/home/thisum/my_ws/install/moveit_ros_planning_interface:/home/thisum/my_ws/install/moveit_ros_benchmarks:/home/thisum/my_ws/install/moveit_ros_warehouse:/home/thisum/my_ws/install/moveit_ros_robot_interaction:/home/thisum/my_ws/install/moveit_ros_perception:/home/thisum/my_ws/install/moveit_resources_prbt_pg70_support:/home/thisum/my_ws/install/moveit_resources_prbt_moveit_config:/home/thisum/my_ws/install/moveit_ros_move_group:/home/thisum/my_ws/install/moveit_planners_ompl:/home/thisum/my_ws/install/moveit_ros_planning:/home/thisum/my_ws/install/moveit_ros_occupancy_map_monitor:/home/thisum/my_ws/install/moveit_resources_prbt_ikfast_manipulator_plugin:/home/thisum/my_ws/install/moveit_planners_chomp:/home/thisum/my_ws/install/moveit_kinematics:/home/thisum/my_ws/install/moveit_chomp_optimizer_adapter:/home/thisum/my_ws/install/chomp_motion_planner:/home/thisum/my_ws/install/moveit_core:/home/thisum/my_ws/install/srdfdom:/home/thisum/my_ws/install/rviz_marker_tools:/home/thisum/my_ws/install/rosparam_shortcuts:/home/thisum/my_ws/install/new_full_arm:/home/thisum/my_ws/install/moveit_task_constructor_msgs:/home/thisum/my_ws/install/moveit_resources_prbt_support:/home/thisum/my_ws/install/moveit_resources:/home/thisum/my_ws/install/moveit_resources_pr2_description:/home/thisum/my_ws/install/moveit_resources_panda_moveit_config:/home/thisum/my_ws/install/moveit_resources_panda_description:/home/thisum/my_ws/install/moveit_resources_fanuc_moveit_config:/home/thisum/my_ws/install/moveit_resources_fanuc_description:/home/thisum/my_ws/install/moveit_common:/home/thisum/arm_ws/install/x:/home/thisum/arm_ws/install/robotiq_description:/home/thisum/arm_ws/install/robotiq_controllers:/home/thisum/arm_ws/install/arm_config:/home/thisum/my_ws/install/moveit_configs_utils:/home/thisum/my_ws/install/launch_param_builder:/home/thisum/arm_ws/install/moveit_configs_utils:/opt/ros/humble:/home/thisum/arm_ws/install/new_full_arm:/home/thisum/arm_ws/install/moveit_resources_prbt_support:/home/thisum/arm_ws/install/moveit_resources_pr2_description:/home/thisum/arm_ws/install/moveit_resources_panda_description:/home/thisum/arm_ws/install/moveit_resources_fanuc_description:/home/thisum/arm_ws/install/moveit_msgs:/home/thisum/arm_ws/install/moveit_common:/home/thisum/arm_ws/install/kortex_api /usr/bin/cmake --build /home/thisum/my_ws/build/moveit_task_constructor_msgs -- -j6 -l6
[1.854s] Invoking command in '/home/thisum/my_ws/build/moveit_task_constructor_msgs': CMAKE_PREFIX_PATH=/home/thisum/my_ws/install/pilz_industrial_motion_planner_testutils:/home/thisum/my_ws/install/moveit_runtime:/home/thisum/my_ws/install/moveit2_tutorials:/home/thisum/my_ws/install/moveit:/home/thisum/my_ws/install/arm_config:/home/thisum/my_ws/install/moveit_planners:/home/thisum/my_ws/install/pilz_industrial_motion_planner:/home/thisum/my_ws/install/moveit_visual_tools:/home/thisum/my_ws/install/moveit_task_constructor_visualization:/home/thisum/my_ws/install/moveit_task_constructor_demo:/home/thisum/my_ws/install/moveit_task_constructor_capabilities:/home/thisum/my_ws/install/moveit_task_constructor_core:/home/thisum/my_ws/install/moveit_ros_control_interface:/home/thisum/my_ws/install/moveit_plugins:/home/thisum/my_ws/install/moveit_simple_controller_manager:/home/thisum/my_ws/install/moveit_setup_assistant:/home/thisum/my_ws/install/moveit_setup_srdf_plugins:/home/thisum/my_ws/install/moveit_setup_core_plugins:/home/thisum/my_ws/install/moveit_setup_controllers:/home/thisum/my_ws/install/moveit_setup_app_plugins:/home/thisum/my_ws/install/moveit_setup_framework:/home/thisum/my_ws/install/moveit_servo:/home/thisum/my_ws/install/moveit_ros:/home/thisum/my_ws/install/moveit_ros_visualization:/home/thisum/my_ws/install/moveit_hybrid_planning:/home/thisum/my_ws/install/moveit_ros_planning_interface:/home/thisum/my_ws/install/moveit_ros_benchmarks:/home/thisum/my_ws/install/moveit_ros_warehouse:/home/thisum/my_ws/install/moveit_ros_robot_interaction:/home/thisum/my_ws/install/moveit_ros_perception:/home/thisum/my_ws/install/moveit_resources_prbt_pg70_support:/home/thisum/my_ws/install/moveit_resources_prbt_moveit_config:/home/thisum/my_ws/install/moveit_ros_move_group:/home/thisum/my_ws/install/moveit_planners_ompl:/home/thisum/my_ws/install/moveit_ros_planning:/home/thisum/my_ws/install/moveit_ros_occupancy_map_monitor:/home/thisum/my_ws/install/moveit_resources_prbt_ikfast_manipulator_plugin:/home/thisum/my_ws/install/moveit_planners_chomp:/home/thisum/my_ws/install/moveit_kinematics:/home/thisum/my_ws/install/moveit_chomp_optimizer_adapter:/home/thisum/my_ws/install/chomp_motion_planner:/home/thisum/my_ws/install/moveit_core:/home/thisum/my_ws/install/srdfdom:/home/thisum/my_ws/install/rviz_marker_tools:/home/thisum/my_ws/install/rosparam_shortcuts:/home/thisum/my_ws/install/new_full_arm:/home/thisum/my_ws/install/moveit_task_constructor_msgs:/home/thisum/my_ws/install/moveit_resources_prbt_support:/home/thisum/my_ws/install/moveit_resources:/home/thisum/my_ws/install/moveit_resources_pr2_description:/home/thisum/my_ws/install/moveit_resources_panda_moveit_config:/home/thisum/my_ws/install/moveit_resources_panda_description:/home/thisum/my_ws/install/moveit_resources_fanuc_moveit_config:/home/thisum/my_ws/install/moveit_resources_fanuc_description:/home/thisum/my_ws/install/moveit_common:/home/thisum/arm_ws/install/x:/home/thisum/arm_ws/install/robotiq_description:/home/thisum/arm_ws/install/robotiq_controllers:/home/thisum/arm_ws/install/arm_config:/home/thisum/my_ws/install/moveit_configs_utils:/home/thisum/my_ws/install/launch_param_builder:/home/thisum/arm_ws/install/moveit_configs_utils:/opt/ros/humble:/home/thisum/arm_ws/install/new_full_arm:/home/thisum/arm_ws/install/moveit_resources_prbt_support:/home/thisum/arm_ws/install/moveit_resources_pr2_description:/home/thisum/arm_ws/install/moveit_resources_panda_description:/home/thisum/arm_ws/install/moveit_resources_fanuc_description:/home/thisum/arm_ws/install/moveit_msgs:/home/thisum/arm_ws/install/moveit_common:/home/thisum/arm_ws/install/kortex_api /usr/bin/cmake --install /home/thisum/my_ws/build/moveit_task_constructor_msgs
[1.879s] -- Install configuration: "Release"
[1.879s] -- Up-to-date: /home/thisum/my_ws/install/moveit_task_constructor_msgs/share/ament_index/resource_index/rosidl_interfaces/moveit_task_constructor_msgs
[1.879s] -- Up-to-date: /home/thisum/my_ws/install/moveit_task_constructor_msgs/include/moveit_task_constructor_msgs/moveit_task_constructor_msgs
[1.879s] -- Up-to-date: /home/thisum/my_ws/install/moveit_task_constructor_msgs/include/moveit_task_constructor_msgs/moveit_task_constructor_msgs/srv
[1.879s] -- Up-to-date: /home/thisum/my_ws/install/moveit_task_constructor_msgs/include/moveit_task_constructor_msgs/moveit_task_constructor_msgs/srv/get_solution.h
[1.880s] -- Up-to-date: /home/thisum/my_ws/install/moveit_task_constructor_msgs/include/moveit_task_constructor_msgs/moveit_task_constructor_msgs/srv/detail
[1.880s] -- Up-to-date: /home/thisum/my_ws/install/moveit_task_constructor_msgs/include/moveit_task_constructor_msgs/moveit_task_constructor_msgs/srv/detail/get_solution__type_support.h
[1.880s] -- Up-to-date: /home/thisum/my_ws/install/moveit_task_constructor_msgs/include/moveit_task_constructor_msgs/moveit_task_constructor_msgs/srv/detail/get_solution__functions.c
[1.880s] -- Up-to-date: /home/thisum/my_ws/install/moveit_task_constructor_msgs/include/moveit_task_constructor_msgs/moveit_task_constructor_msgs/srv/detail/get_solution__functions.h
[1.880s] -- Up-to-date: /home/thisum/my_ws/install/moveit_task_constructor_msgs/include/moveit_task_constructor_msgs/moveit_task_constructor_msgs/srv/detail/get_solution__struct.h
[1.880s] -- Up-to-date: /home/thisum/my_ws/install/moveit_task_constructor_msgs/include/moveit_task_constructor_msgs/moveit_task_constructor_msgs/action
[1.880s] -- Up-to-date: /home/thisum/my_ws/install/moveit_task_constructor_msgs/include/moveit_task_constructor_msgs/moveit_task_constructor_msgs/action/execute_task_solution.h
[1.880s] -- Up-to-date: /home/thisum/my_ws/install/moveit_task_constructor_msgs/include/moveit_task_constructor_msgs/moveit_task_constructor_msgs/action/detail
[1.881s] -- Up-to-date: /home/thisum/my_ws/install/moveit_task_constructor_msgs/include/moveit_task_constructor_msgs/moveit_task_constructor_msgs/action/detail/execute_task_solution__struct.h
[1.881s] -- Up-to-date: /home/thisum/my_ws/install/moveit_task_constructor_msgs/include/moveit_task_constructor_msgs/moveit_task_constructor_msgs/action/detail/execute_task_solution__functions.c
[1.881s] -- Up-to-date: /home/thisum/my_ws/install/moveit_task_constructor_msgs/include/moveit_task_constructor_msgs/moveit_task_constructor_msgs/action/detail/execute_task_solution__functions.h
[1.881s] -- Up-to-date: /home/thisum/my_ws/install/moveit_task_constructor_msgs/include/moveit_task_constructor_msgs/moveit_task_constructor_msgs/action/detail/execute_task_solution__type_support.h
[1.881s] -- Up-to-date: /home/thisum/my_ws/install/moveit_task_constructor_msgs/include/moveit_task_constructor_msgs/moveit_task_constructor_msgs/msg
[1.881s] -- Up-to-date: /home/thisum/my_ws/install/moveit_task_constructor_msgs/include/moveit_task_constructor_msgs/moveit_task_constructor_msgs/msg/sub_solution.h
[1.881s] -- Up-to-date: /home/thisum/my_ws/install/moveit_task_constructor_msgs/include/moveit_task_constructor_msgs/moveit_task_constructor_msgs/msg/property.h
[1.882s] -- Up-to-date: /home/thisum/my_ws/install/moveit_task_constructor_msgs/include/moveit_task_constructor_msgs/moveit_task_constructor_msgs/msg/stage_statistics.h
[1.882s] -- Up-to-date: /home/thisum/my_ws/install/moveit_task_constructor_msgs/include/moveit_task_constructor_msgs/moveit_task_constructor_msgs/msg/sub_trajectory.h
[1.883s] -- Up-to-date: /home/thisum/my_ws/install/moveit_task_constructor_msgs/include/moveit_task_constructor_msgs/moveit_task_constructor_msgs/msg/rosidl_generator_c__visibility_control.h
[1.883s] -- Up-to-date: /home/thisum/my_ws/install/moveit_task_constructor_msgs/include/moveit_task_constructor_msgs/moveit_task_constructor_msgs/msg/stage_description.h
[1.883s] -- Up-to-date: /home/thisum/my_ws/install/moveit_task_constructor_msgs/include/moveit_task_constructor_msgs/moveit_task_constructor_msgs/msg/task_description.h
[1.883s] -- Up-to-date: /home/thisum/my_ws/install/moveit_task_constructor_msgs/include/moveit_task_constructor_msgs/moveit_task_constructor_msgs/msg/solution_info.h
[1.883s] -- Up-to-date: /home/thisum/my_ws/install/moveit_task_constructor_msgs/include/moveit_task_constructor_msgs/moveit_task_constructor_msgs/msg/trajectory_execution_info.h
[1.883s] -- Up-to-date: /home/thisum/my_ws/install/moveit_task_constructor_msgs/include/moveit_task_constructor_msgs/moveit_task_constructor_msgs/msg/detail
[1.884s] -- Up-to-date: /home/thisum/my_ws/install/moveit_task_constructor_msgs/include/moveit_task_constructor_msgs/moveit_task_constructor_msgs/msg/detail/solution__functions.h
[1.884s] -- Up-to-date: /home/thisum/my_ws/install/moveit_task_constructor_msgs/include/moveit_task_constructor_msgs/moveit_task_constructor_msgs/msg/detail/trajectory_execution_info__type_support.h
[1.884s] -- Up-to-date: /home/thisum/my_ws/install/moveit_task_constructor_msgs/include/moveit_task_constructor_msgs/moveit_task_constructor_msgs/msg/detail/task_statistics__functions.h
[1.884s] -- Up-to-date: /home/thisum/my_ws/install/moveit_task_constructor_msgs/include/moveit_task_constructor_msgs/moveit_task_constructor_msgs/msg/detail/stage_description__type_support.h
[1.884s] -- Up-to-date: /home/thisum/my_ws/install/moveit_task_constructor_msgs/include/moveit_task_constructor_msgs/moveit_task_constructor_msgs/msg/detail/stage_description__functions.c
[1.884s] -- Up-to-date: /home/thisum/my_ws/install/moveit_task_constructor_msgs/include/moveit_task_constructor_msgs/moveit_task_constructor_msgs/msg/detail/stage_statistics__functions.h
[1.884s] -- Up-to-date: /home/thisum/my_ws/install/moveit_task_constructor_msgs/include/moveit_task_constructor_msgs/moveit_task_constructor_msgs/msg/detail/sub_trajectory__functions.h
[1.884s] -- Up-to-date: /home/thisum/my_ws/install/moveit_task_constructor_msgs/include/moveit_task_constructor_msgs/moveit_task_constructor_msgs/msg/detail/property__functions.c
[1.884s] -- Up-to-date: /home/thisum/my_ws/install/moveit_task_constructor_msgs/include/moveit_task_constructor_msgs/moveit_task_constructor_msgs/msg/detail/trajectory_execution_info__struct.h
[1.884s] -- Up-to-date: /home/thisum/my_ws/install/moveit_task_constructor_msgs/include/moveit_task_constructor_msgs/moveit_task_constructor_msgs/msg/detail/sub_trajectory__functions.c
[1.884s] -- Up-to-date: /home/thisum/my_ws/install/moveit_task_constructor_msgs/include/moveit_task_constructor_msgs/moveit_task_constructor_msgs/msg/detail/stage_description__struct.h
[1.885s] -- Up-to-date: /home/thisum/my_ws/install/moveit_task_constructor_msgs/include/moveit_task_constructor_msgs/moveit_task_constructor_msgs/msg/detail/solution_info__functions.h
[1.885s] -- Up-to-date: /home/thisum/my_ws/install/moveit_task_constructor_msgs/include/moveit_task_constructor_msgs/moveit_task_constructor_msgs/msg/detail/property__type_support.h
[1.885s] -- Up-to-date: /home/thisum/my_ws/install/moveit_task_constructor_msgs/include/moveit_task_constructor_msgs/moveit_task_constructor_msgs/msg/detail/stage_description__functions.h
[1.885s] -- Up-to-date: /home/thisum/my_ws/install/moveit_task_constructor_msgs/include/moveit_task_constructor_msgs/moveit_task_constructor_msgs/msg/detail/sub_solution__functions.c
[1.885s] -- Up-to-date: /home/thisum/my_ws/install/moveit_task_constructor_msgs/include/moveit_task_constructor_msgs/moveit_task_constructor_msgs/msg/detail/stage_statistics__struct.h
[1.885s] -- Up-to-date: /home/thisum/my_ws/install/moveit_task_constructor_msgs/include/moveit_task_constructor_msgs/moveit_task_constructor_msgs/msg/detail/stage_statistics__type_support.h
[1.885s] -- Up-to-date: /home/thisum/my_ws/install/moveit_task_constructor_msgs/include/moveit_task_constructor_msgs/moveit_task_constructor_msgs/msg/detail/solution_info__struct.h
[1.885s] -- Up-to-date: /home/thisum/my_ws/install/moveit_task_constructor_msgs/include/moveit_task_constructor_msgs/moveit_task_constructor_msgs/msg/detail/task_description__functions.c
[1.885s] -- Up-to-date: /home/thisum/my_ws/install/moveit_task_constructor_msgs/include/moveit_task_constructor_msgs/moveit_task_constructor_msgs/msg/detail/solution__functions.c
[1.885s] -- Up-to-date: /home/thisum/my_ws/install/moveit_task_constructor_msgs/include/moveit_task_constructor_msgs/moveit_task_constructor_msgs/msg/detail/task_description__functions.h
[1.885s] -- Up-to-date: /home/thisum/my_ws/install/moveit_task_constructor_msgs/include/moveit_task_constructor_msgs/moveit_task_constructor_msgs/msg/detail/stage_statistics__functions.c
[1.885s] -- Up-to-date: /home/thisum/my_ws/install/moveit_task_constructor_msgs/include/moveit_task_constructor_msgs/moveit_task_constructor_msgs/msg/detail/solution_info__type_support.h
[1.885s] -- Up-to-date: /home/thisum/my_ws/install/moveit_task_constructor_msgs/include/moveit_task_constructor_msgs/moveit_task_constructor_msgs/msg/detail/solution__type_support.h
[1.886s] -- Up-to-date: /home/thisum/my_ws/install/moveit_task_constructor_msgs/include/moveit_task_constructor_msgs/moveit_task_constructor_msgs/msg/detail/sub_trajectory__struct.h
[1.886s] -- Up-to-date: /home/thisum/my_ws/install/moveit_task_constructor_msgs/include/moveit_task_constructor_msgs/moveit_task_constructor_msgs/msg/detail/sub_solution__type_support.h
[1.886s] -- Up-to-date: /home/thisum/my_ws/install/moveit_task_constructor_msgs/include/moveit_task_constructor_msgs/moveit_task_constructor_msgs/msg/detail/property__functions.h
[1.886s] -- Up-to-date: /home/thisum/my_ws/install/moveit_task_constructor_msgs/include/moveit_task_constructor_msgs/moveit_task_constructor_msgs/msg/detail/task_statistics__functions.c
[1.886s] -- Up-to-date: /home/thisum/my_ws/install/moveit_task_constructor_msgs/include/moveit_task_constructor_msgs/moveit_task_constructor_msgs/msg/detail/sub_solution__struct.h
[1.886s] -- Up-to-date: /home/thisum/my_ws/install/moveit_task_constructor_msgs/include/moveit_task_constructor_msgs/moveit_task_constructor_msgs/msg/detail/task_statistics__struct.h
[1.886s] -- Up-to-date: /home/thisum/my_ws/install/moveit_task_constructor_msgs/include/moveit_task_constructor_msgs/moveit_task_constructor_msgs/msg/detail/solution__struct.h
[1.886s] -- Up-to-date: /home/thisum/my_ws/install/moveit_task_constructor_msgs/include/moveit_task_constructor_msgs/moveit_task_constructor_msgs/msg/detail/property__struct.h
[1.886s] -- Up-to-date: /home/thisum/my_ws/install/moveit_task_constructor_msgs/include/moveit_task_constructor_msgs/moveit_task_constructor_msgs/msg/detail/task_statistics__type_support.h
[1.886s] -- Up-to-date: /home/thisum/my_ws/install/moveit_task_constructor_msgs/include/moveit_task_constructor_msgs/moveit_task_constructor_msgs/msg/detail/trajectory_execution_info__functions.c
[1.887s] -- Up-to-date: /home/thisum/my_ws/install/moveit_task_constructor_msgs/include/moveit_task_constructor_msgs/moveit_task_constructor_msgs/msg/detail/sub_solution__functions.h
[1.887s] -- Up-to-date: /home/thisum/my_ws/install/moveit_task_constructor_msgs/include/moveit_task_constructor_msgs/moveit_task_constructor_msgs/msg/detail/task_description__type_support.h
[1.887s] -- Up-to-date: /home/thisum/my_ws/install/moveit_task_constructor_msgs/include/moveit_task_constructor_msgs/moveit_task_constructor_msgs/msg/detail/task_description__struct.h
[1.887s] -- Up-to-date: /home/thisum/my_ws/install/moveit_task_constructor_msgs/include/moveit_task_constructor_msgs/moveit_task_constructor_msgs/msg/detail/sub_trajectory__type_support.h
[1.887s] -- Up-to-date: /home/thisum/my_ws/install/moveit_task_constructor_msgs/include/moveit_task_constructor_msgs/moveit_task_constructor_msgs/msg/detail/solution_info__functions.c
[1.887s] -- Up-to-date: /home/thisum/my_ws/install/moveit_task_constructor_msgs/include/moveit_task_constructor_msgs/moveit_task_constructor_msgs/msg/detail/trajectory_execution_info__functions.h
[1.887s] -- Up-to-date: /home/thisum/my_ws/install/moveit_task_constructor_msgs/include/moveit_task_constructor_msgs/moveit_task_constructor_msgs/msg/solution.h
[1.887s] -- Up-to-date: /home/thisum/my_ws/install/moveit_task_constructor_msgs/include/moveit_task_constructor_msgs/moveit_task_constructor_msgs/msg/task_statistics.h
[1.887s] -- Up-to-date: /home/thisum/my_ws/install/moveit_task_constructor_msgs/share/moveit_task_constructor_msgs/environment/library_path.sh
[1.888s] -- Up-to-date: /home/thisum/my_ws/install/moveit_task_constructor_msgs/share/moveit_task_constructor_msgs/environment/library_path.dsv
[1.888s] -- Up-to-date: /home/thisum/my_ws/install/moveit_task_constructor_msgs/lib/libmoveit_task_constructor_msgs__rosidl_generator_c.so
[1.888s] -- Up-to-date: /home/thisum/my_ws/install/moveit_task_constructor_msgs/include/moveit_task_constructor_msgs/moveit_task_constructor_msgs
[1.888s] -- Up-to-date: /home/thisum/my_ws/install/moveit_task_constructor_msgs/include/moveit_task_constructor_msgs/moveit_task_constructor_msgs/srv
[1.888s] -- Up-to-date: /home/thisum/my_ws/install/moveit_task_constructor_msgs/include/moveit_task_constructor_msgs/moveit_task_constructor_msgs/srv/detail
[1.888s] -- Up-to-date: /home/thisum/my_ws/install/moveit_task_constructor_msgs/include/moveit_task_constructor_msgs/moveit_task_constructor_msgs/srv/detail/get_solution__rosidl_typesupport_fastrtps_c.h
[1.888s] -- Up-to-date: /home/thisum/my_ws/install/moveit_task_constructor_msgs/include/moveit_task_constructor_msgs/moveit_task_constructor_msgs/action
[1.888s] -- Up-to-date: /home/thisum/my_ws/install/moveit_task_constructor_msgs/include/moveit_task_constructor_msgs/moveit_task_constructor_msgs/action/detail
[1.889s] -- Up-to-date: /home/thisum/my_ws/install/moveit_task_constructor_msgs/include/moveit_task_constructor_msgs/moveit_task_constructor_msgs/action/detail/execute_task_solution__rosidl_typesupport_fastrtps_c.h
[1.889s] -- Up-to-date: /home/thisum/my_ws/install/moveit_task_constructor_msgs/include/moveit_task_constructor_msgs/moveit_task_constructor_msgs/msg
[1.889s] -- Up-to-date: /home/thisum/my_ws/install/moveit_task_constructor_msgs/include/moveit_task_constructor_msgs/moveit_task_constructor_msgs/msg/rosidl_typesupport_fastrtps_c__visibility_control.h
[1.889s] -- Up-to-date: /home/thisum/my_ws/install/moveit_task_constructor_msgs/include/moveit_task_constructor_msgs/moveit_task_constructor_msgs/msg/detail
[1.889s] -- Up-to-date: /home/thisum/my_ws/install/moveit_task_constructor_msgs/include/moveit_task_constructor_msgs/moveit_task_constructor_msgs/msg/detail/sub_solution__rosidl_typesupport_fastrtps_c.h
[1.889s] -- Up-to-date: /home/thisum/my_ws/install/moveit_task_constructor_msgs/include/moveit_task_constructor_msgs/moveit_task_constructor_msgs/msg/detail/task_description__rosidl_typesupport_fastrtps_c.h
[1.889s] -- Up-to-date: /home/thisum/my_ws/install/moveit_task_constructor_msgs/include/moveit_task_constructor_msgs/moveit_task_constructor_msgs/msg/detail/property__rosidl_typesupport_fastrtps_c.h
[1.889s] -- Up-to-date: /home/thisum/my_ws/install/moveit_task_constructor_msgs/include/moveit_task_constructor_msgs/moveit_task_constructor_msgs/msg/detail/solution_info__rosidl_typesupport_fastrtps_c.h
[1.889s] -- Up-to-date: /home/thisum/my_ws/install/moveit_task_constructor_msgs/include/moveit_task_constructor_msgs/moveit_task_constructor_msgs/msg/detail/stage_statistics__rosidl_typesupport_fastrtps_c.h
[1.889s] -- Up-to-date: /home/thisum/my_ws/install/moveit_task_constructor_msgs/include/moveit_task_constructor_msgs/moveit_task_constructor_msgs/msg/detail/solution__rosidl_typesupport_fastrtps_c.h
[1.889s] -- Up-to-date: /home/thisum/my_ws/install/moveit_task_constructor_msgs/include/moveit_task_constructor_msgs/moveit_task_constructor_msgs/msg/detail/trajectory_execution_info__rosidl_typesupport_fastrtps_c.h
[1.889s] -- Up-to-date: /home/thisum/my_ws/install/moveit_task_constructor_msgs/include/moveit_task_constructor_msgs/moveit_task_constructor_msgs/msg/detail/stage_description__rosidl_typesupport_fastrtps_c.h
[1.889s] -- Up-to-date: /home/thisum/my_ws/install/moveit_task_constructor_msgs/include/moveit_task_constructor_msgs/moveit_task_constructor_msgs/msg/detail/task_statistics__rosidl_typesupport_fastrtps_c.h
[1.890s] -- Up-to-date: /home/thisum/my_ws/install/moveit_task_constructor_msgs/include/moveit_task_constructor_msgs/moveit_task_constructor_msgs/msg/detail/sub_trajectory__rosidl_typesupport_fastrtps_c.h
[1.890s] -- Up-to-date: /home/thisum/my_ws/install/moveit_task_constructor_msgs/lib/libmoveit_task_constructor_msgs__rosidl_typesupport_fastrtps_c.so
[1.890s] -- Up-to-date: /home/thisum/my_ws/install/moveit_task_constructor_msgs/include/moveit_task_constructor_msgs/moveit_task_constructor_msgs
[1.890s] -- Up-to-date: /home/thisum/my_ws/install/moveit_task_constructor_msgs/include/moveit_task_constructor_msgs/moveit_task_constructor_msgs/srv
[1.890s] -- Up-to-date: /home/thisum/my_ws/install/moveit_task_constructor_msgs/include/moveit_task_constructor_msgs/moveit_task_constructor_msgs/srv/detail
[1.890s] -- Up-to-date: /home/thisum/my_ws/install/moveit_task_constructor_msgs/include/moveit_task_constructor_msgs/moveit_task_constructor_msgs/srv/detail/get_solution__struct.hpp
[1.890s] -- Up-to-date: /home/thisum/my_ws/install/moveit_task_constructor_msgs/include/moveit_task_constructor_msgs/moveit_task_constructor_msgs/srv/detail/get_solution__traits.hpp
[1.890s] -- Up-to-date: /home/thisum/my_ws/install/moveit_task_constructor_msgs/include/moveit_task_constructor_msgs/moveit_task_constructor_msgs/srv/detail/get_solution__builder.hpp
[1.890s] -- Up-to-date: /home/thisum/my_ws/install/moveit_task_constructor_msgs/include/moveit_task_constructor_msgs/moveit_task_constructor_msgs/srv/get_solution.hpp
[1.890s] -- Up-to-date: /home/thisum/my_ws/install/moveit_task_constructor_msgs/include/moveit_task_constructor_msgs/moveit_task_constructor_msgs/action
[1.890s] -- Up-to-date: /home/thisum/my_ws/install/moveit_task_constructor_msgs/include/moveit_task_constructor_msgs/moveit_task_constructor_msgs/action/execute_task_solution.hpp
[1.891s] -- Up-to-date: /home/thisum/my_ws/install/moveit_task_constructor_msgs/include/moveit_task_constructor_msgs/moveit_task_constructor_msgs/action/detail
[1.891s] -- Up-to-date: /home/thisum/my_ws/install/moveit_task_constructor_msgs/include/moveit_task_constructor_msgs/moveit_task_constructor_msgs/action/detail/execute_task_solution__struct.hpp
[1.891s] -- Up-to-date: /home/thisum/my_ws/install/moveit_task_constructor_msgs/include/moveit_task_constructor_msgs/moveit_task_constructor_msgs/action/detail/execute_task_solution__builder.hpp
[1.891s] -- Up-to-date: /home/thisum/my_ws/install/moveit_task_constructor_msgs/include/moveit_task_constructor_msgs/moveit_task_constructor_msgs/action/detail/execute_task_solution__traits.hpp
[1.891s] -- Up-to-date: /home/thisum/my_ws/install/moveit_task_constructor_msgs/include/moveit_task_constructor_msgs/moveit_task_constructor_msgs/msg
[1.891s] -- Up-to-date: /home/thisum/my_ws/install/moveit_task_constructor_msgs/include/moveit_task_constructor_msgs/moveit_task_constructor_msgs/msg/stage_statistics.hpp
[1.891s] -- Up-to-date: /home/thisum/my_ws/install/moveit_task_constructor_msgs/include/moveit_task_constructor_msgs/moveit_task_constructor_msgs/msg/stage_description.hpp
[1.892s] -- Up-to-date: /home/thisum/my_ws/install/moveit_task_constructor_msgs/include/moveit_task_constructor_msgs/moveit_task_constructor_msgs/msg/sub_solution.hpp
[1.892s] -- Up-to-date: /home/thisum/my_ws/install/moveit_task_constructor_msgs/include/moveit_task_constructor_msgs/moveit_task_constructor_msgs/msg/sub_trajectory.hpp
[1.892s] -- Up-to-date: /home/thisum/my_ws/install/moveit_task_constructor_msgs/include/moveit_task_constructor_msgs/moveit_task_constructor_msgs/msg/property.hpp
[1.892s] -- Up-to-date: /home/thisum/my_ws/install/moveit_task_constructor_msgs/include/moveit_task_constructor_msgs/moveit_task_constructor_msgs/msg/trajectory_execution_info.hpp
[1.892s] -- Up-to-date: /home/thisum/my_ws/install/moveit_task_constructor_msgs/include/moveit_task_constructor_msgs/moveit_task_constructor_msgs/msg/task_statistics.hpp
[1.892s] -- Up-to-date: /home/thisum/my_ws/install/moveit_task_constructor_msgs/include/moveit_task_constructor_msgs/moveit_task_constructor_msgs/msg/solution.hpp
[1.892s] -- Up-to-date: /home/thisum/my_ws/install/moveit_task_constructor_msgs/include/moveit_task_constructor_msgs/moveit_task_constructor_msgs/msg/solution_info.hpp
[1.892s] -- Up-to-date: /home/thisum/my_ws/install/moveit_task_constructor_msgs/include/moveit_task_constructor_msgs/moveit_task_constructor_msgs/msg/detail
[1.892s] -- Up-to-date: /home/thisum/my_ws/install/moveit_task_constructor_msgs/include/moveit_task_constructor_msgs/moveit_task_constructor_msgs/msg/detail/task_description__traits.hpp
[1.892s] -- Up-to-date: /home/thisum/my_ws/install/moveit_task_constructor_msgs/include/moveit_task_constructor_msgs/moveit_task_constructor_msgs/msg/detail/property__builder.hpp
[1.892s] -- Up-to-date: /home/thisum/my_ws/install/moveit_task_constructor_msgs/include/moveit_task_constructor_msgs/moveit_task_constructor_msgs/msg/detail/stage_description__traits.hpp
[1.893s] -- Up-to-date: /home/thisum/my_ws/install/moveit_task_constructor_msgs/include/moveit_task_constructor_msgs/moveit_task_constructor_msgs/msg/detail/solution_info__builder.hpp
[1.893s] -- Up-to-date: /home/thisum/my_ws/install/moveit_task_constructor_msgs/include/moveit_task_constructor_msgs/moveit_task_constructor_msgs/msg/detail/sub_solution__struct.hpp
[1.893s] -- Up-to-date: /home/thisum/my_ws/install/moveit_task_constructor_msgs/include/moveit_task_constructor_msgs/moveit_task_constructor_msgs/msg/detail/solution__struct.hpp
[1.893s] -- Up-to-date: /home/thisum/my_ws/install/moveit_task_constructor_msgs/include/moveit_task_constructor_msgs/moveit_task_constructor_msgs/msg/detail/sub_trajectory__builder.hpp
[1.893s] -- Up-to-date: /home/thisum/my_ws/install/moveit_task_constructor_msgs/include/moveit_task_constructor_msgs/moveit_task_constructor_msgs/msg/detail/task_description__builder.hpp
[1.893s] -- Up-to-date: /home/thisum/my_ws/install/moveit_task_constructor_msgs/include/moveit_task_constructor_msgs/moveit_task_constructor_msgs/msg/detail/task_statistics__struct.hpp
[1.893s] -- Up-to-date: /home/thisum/my_ws/install/moveit_task_constructor_msgs/include/moveit_task_constructor_msgs/moveit_task_constructor_msgs/msg/detail/solution__builder.hpp
[1.893s] -- Up-to-date: /home/thisum/my_ws/install/moveit_task_constructor_msgs/include/moveit_task_constructor_msgs/moveit_task_constructor_msgs/msg/detail/property__struct.hpp
[1.894s] -- Up-to-date: /home/thisum/my_ws/install/moveit_task_constructor_msgs/include/moveit_task_constructor_msgs/moveit_task_constructor_msgs/msg/detail/property__traits.hpp
[1.894s] -- Up-to-date: /home/thisum/my_ws/install/moveit_task_constructor_msgs/include/moveit_task_constructor_msgs/moveit_task_constructor_msgs/msg/detail/stage_statistics__builder.hpp
[1.894s] -- Up-to-date: /home/thisum/my_ws/install/moveit_task_constructor_msgs/include/moveit_task_constructor_msgs/moveit_task_constructor_msgs/msg/detail/stage_description__struct.hpp
[1.894s] -- Up-to-date: /home/thisum/my_ws/install/moveit_task_constructor_msgs/include/moveit_task_constructor_msgs/moveit_task_constructor_msgs/msg/detail/task_description__struct.hpp
[1.894s] -- Up-to-date: /home/thisum/my_ws/install/moveit_task_constructor_msgs/include/moveit_task_constructor_msgs/moveit_task_constructor_msgs/msg/detail/solution_info__struct.hpp
[1.894s] -- Up-to-date: /home/thisum/my_ws/install/moveit_task_constructor_msgs/include/moveit_task_constructor_msgs/moveit_task_constructor_msgs/msg/detail/trajectory_execution_info__struct.hpp
[1.894s] -- Up-to-date: /home/thisum/my_ws/install/moveit_task_constructor_msgs/include/moveit_task_constructor_msgs/moveit_task_constructor_msgs/msg/detail/stage_statistics__traits.hpp
[1.894s] -- Up-to-date: /home/thisum/my_ws/install/moveit_task_constructor_msgs/include/moveit_task_constructor_msgs/moveit_task_constructor_msgs/msg/detail/stage_description__builder.hpp
[1.894s] -- Up-to-date: /home/thisum/my_ws/install/moveit_task_constructor_msgs/include/moveit_task_constructor_msgs/moveit_task_constructor_msgs/msg/detail/stage_statistics__struct.hpp
[1.894s] -- Up-to-date: /home/thisum/my_ws/install/moveit_task_constructor_msgs/include/moveit_task_constructor_msgs/moveit_task_constructor_msgs/msg/detail/task_statistics__traits.hpp
[1.894s] -- Up-to-date: /home/thisum/my_ws/install/moveit_task_constructor_msgs/include/moveit_task_constructor_msgs/moveit_task_constructor_msgs/msg/detail/solution_info__traits.hpp
[1.894s] -- Up-to-date: /home/thisum/my_ws/install/moveit_task_constructor_msgs/include/moveit_task_constructor_msgs/moveit_task_constructor_msgs/msg/detail/sub_solution__traits.hpp
[1.894s] -- Up-to-date: /home/thisum/my_ws/install/moveit_task_constructor_msgs/include/moveit_task_constructor_msgs/moveit_task_constructor_msgs/msg/detail/sub_trajectory__traits.hpp
[1.894s] -- Up-to-date: /home/thisum/my_ws/install/moveit_task_constructor_msgs/include/moveit_task_constructor_msgs/moveit_task_constructor_msgs/msg/detail/sub_solution__builder.hpp
[1.894s] -- Up-to-date: /home/thisum/my_ws/install/moveit_task_constructor_msgs/include/moveit_task_constructor_msgs/moveit_task_constructor_msgs/msg/detail/trajectory_execution_info__traits.hpp
[1.895s] -- Up-to-date: /home/thisum/my_ws/install/moveit_task_constructor_msgs/include/moveit_task_constructor_msgs/moveit_task_constructor_msgs/msg/detail/task_statistics__builder.hpp
[1.895s] -- Up-to-date: /home/thisum/my_ws/install/moveit_task_constructor_msgs/include/moveit_task_constructor_msgs/moveit_task_constructor_msgs/msg/detail/trajectory_execution_info__builder.hpp
[1.897s] -- Up-to-date: /home/thisum/my_ws/install/moveit_task_constructor_msgs/include/moveit_task_constructor_msgs/moveit_task_constructor_msgs/msg/detail/sub_trajectory__struct.hpp
[1.897s] -- Up-to-date: /home/thisum/my_ws/install/moveit_task_constructor_msgs/include/moveit_task_constructor_msgs/moveit_task_constructor_msgs/msg/detail/solution__traits.hpp
[1.897s] -- Up-to-date: /home/thisum/my_ws/install/moveit_task_constructor_msgs/include/moveit_task_constructor_msgs/moveit_task_constructor_msgs/msg/task_description.hpp
[1.897s] -- Up-to-date: /home/thisum/my_ws/install/moveit_task_constructor_msgs/include/moveit_task_constructor_msgs/moveit_task_constructor_msgs
[1.897s] -- Up-to-date: /home/thisum/my_ws/install/moveit_task_constructor_msgs/include/moveit_task_constructor_msgs/moveit_task_constructor_msgs/srv
[1.897s] -- Up-to-date: /home/thisum/my_ws/install/moveit_task_constructor_msgs/include/moveit_task_constructor_msgs/moveit_task_constructor_msgs/srv/detail
[1.897s] -- Up-to-date: /home/thisum/my_ws/install/moveit_task_constructor_msgs/include/moveit_task_constructor_msgs/moveit_task_constructor_msgs/srv/detail/dds_fastrtps
[1.897s] -- Up-to-date: /home/thisum/my_ws/install/moveit_task_constructor_msgs/include/moveit_task_constructor_msgs/moveit_task_constructor_msgs/srv/detail/get_solution__rosidl_typesupport_fastrtps_cpp.hpp
[1.897s] -- Up-to-date: /home/thisum/my_ws/install/moveit_task_constructor_msgs/include/moveit_task_constructor_msgs/moveit_task_constructor_msgs/action
[1.897s] -- Up-to-date: /home/thisum/my_ws/install/moveit_task_constructor_msgs/include/moveit_task_constructor_msgs/moveit_task_constructor_msgs/action/detail
[1.897s] -- Up-to-date: /home/thisum/my_ws/install/moveit_task_constructor_msgs/include/moveit_task_constructor_msgs/moveit_task_constructor_msgs/action/detail/dds_fastrtps
[1.898s] -- Up-to-date: /home/thisum/my_ws/install/moveit_task_constructor_msgs/include/moveit_task_constructor_msgs/moveit_task_constructor_msgs/action/detail/execute_task_solution__rosidl_typesupport_fastrtps_cpp.hpp
[1.898s] -- Up-to-date: /home/thisum/my_ws/install/moveit_task_constructor_msgs/include/moveit_task_constructor_msgs/moveit_task_constructor_msgs/msg
[1.898s] -- Up-to-date: /home/thisum/my_ws/install/moveit_task_constructor_msgs/include/moveit_task_constructor_msgs/moveit_task_constructor_msgs/msg/rosidl_typesupport_fastrtps_cpp__visibility_control.h
[1.898s] -- Up-to-date: /home/thisum/my_ws/install/moveit_task_constructor_msgs/include/moveit_task_constructor_msgs/moveit_task_constructor_msgs/msg/detail
[1.898s] -- Up-to-date: /home/thisum/my_ws/install/moveit_task_constructor_msgs/include/moveit_task_constructor_msgs/moveit_task_constructor_msgs/msg/detail/stage_statistics__rosidl_typesupport_fastrtps_cpp.hpp
[1.898s] -- Up-to-date: /home/thisum/my_ws/install/moveit_task_constructor_msgs/include/moveit_task_constructor_msgs/moveit_task_constructor_msgs/msg/detail/solution_info__rosidl_typesupport_fastrtps_cpp.hpp
[1.898s] -- Up-to-date: /home/thisum/my_ws/install/moveit_task_constructor_msgs/include/moveit_task_constructor_msgs/moveit_task_constructor_msgs/msg/detail/property__rosidl_typesupport_fastrtps_cpp.hpp
[1.899s] -- Up-to-date: /home/thisum/my_ws/install/moveit_task_constructor_msgs/include/moveit_task_constructor_msgs/moveit_task_constructor_msgs/msg/detail/solution__rosidl_typesupport_fastrtps_cpp.hpp
[1.899s] -- Up-to-date: /home/thisum/my_ws/install/moveit_task_constructor_msgs/include/moveit_task_constructor_msgs/moveit_task_constructor_msgs/msg/detail/dds_fastrtps
[1.899s] -- Up-to-date: /home/thisum/my_ws/install/moveit_task_constructor_msgs/include/moveit_task_constructor_msgs/moveit_task_constructor_msgs/msg/detail/task_description__rosidl_typesupport_fastrtps_cpp.hpp
[1.899s] -- Up-to-date: /home/thisum/my_ws/install/moveit_task_constructor_msgs/include/moveit_task_constructor_msgs/moveit_task_constructor_msgs/msg/detail/trajectory_execution_info__rosidl_typesupport_fastrtps_cpp.hpp
[1.899s] -- Up-to-date: /home/thisum/my_ws/install/moveit_task_constructor_msgs/include/moveit_task_constructor_msgs/moveit_task_constructor_msgs/msg/detail/sub_trajectory__rosidl_typesupport_fastrtps_cpp.hpp
[1.899s] -- Up-to-date: /home/thisum/my_ws/install/moveit_task_constructor_msgs/include/moveit_task_constructor_msgs/moveit_task_constructor_msgs/msg/detail/stage_description__rosidl_typesupport_fastrtps_cpp.hpp
[1.900s] -- Up-to-date: /home/thisum/my_ws/install/moveit_task_constructor_msgs/include/moveit_task_constructor_msgs/moveit_task_constructor_msgs/msg/detail/sub_solution__rosidl_typesupport_fastrtps_cpp.hpp
[1.900s] -- Up-to-date: /home/thisum/my_ws/install/moveit_task_constructor_msgs/include/moveit_task_constructor_msgs/moveit_task_constructor_msgs/msg/detail/task_statistics__rosidl_typesupport_fastrtps_cpp.hpp
[1.900s] -- Up-to-date: /home/thisum/my_ws/install/moveit_task_constructor_msgs/lib/libmoveit_task_constructor_msgs__rosidl_typesupport_fastrtps_cpp.so
[1.900s] -- Up-to-date: /home/thisum/my_ws/install/moveit_task_constructor_msgs/include/moveit_task_constructor_msgs/moveit_task_constructor_msgs
[1.900s] -- Up-to-date: /home/thisum/my_ws/install/moveit_task_constructor_msgs/include/moveit_task_constructor_msgs/moveit_task_constructor_msgs/srv
[1.900s] -- Up-to-date: /home/thisum/my_ws/install/moveit_task_constructor_msgs/include/moveit_task_constructor_msgs/moveit_task_constructor_msgs/srv/detail
[1.900s] -- Up-to-date: /home/thisum/my_ws/install/moveit_task_constructor_msgs/include/moveit_task_constructor_msgs/moveit_task_constructor_msgs/srv/detail/get_solution__type_support.c
[1.900s] -- Up-to-date: /home/thisum/my_ws/install/moveit_task_constructor_msgs/include/moveit_task_constructor_msgs/moveit_task_constructor_msgs/srv/detail/get_solution__rosidl_typesupport_introspection_c.h
[1.900s] -- Up-to-date: /home/thisum/my_ws/install/moveit_task_constructor_msgs/include/moveit_task_constructor_msgs/moveit_task_constructor_msgs/action
[1.900s] -- Up-to-date: /home/thisum/my_ws/install/moveit_task_constructor_msgs/include/moveit_task_constructor_msgs/moveit_task_constructor_msgs/action/detail
[1.900s] -- Up-to-date: /home/thisum/my_ws/install/moveit_task_constructor_msgs/include/moveit_task_constructor_msgs/moveit_task_constructor_msgs/action/detail/execute_task_solution__rosidl_typesupport_introspection_c.h
[1.900s] -- Up-to-date: /home/thisum/my_ws/install/moveit_task_constructor_msgs/include/moveit_task_constructor_msgs/moveit_task_constructor_msgs/action/detail/execute_task_solution__type_support.c
[1.901s] -- Up-to-date: /home/thisum/my_ws/install/moveit_task_constructor_msgs/include/moveit_task_constructor_msgs/moveit_task_constructor_msgs/msg
[1.901s] -- Up-to-date: /home/thisum/my_ws/install/moveit_task_constructor_msgs/include/moveit_task_constructor_msgs/moveit_task_constructor_msgs/msg/rosidl_typesupport_introspection_c__visibility_control.h
[1.901s] -- Up-to-date: /home/thisum/my_ws/install/moveit_task_constructor_msgs/include/moveit_task_constructor_msgs/moveit_task_constructor_msgs/msg/detail
[1.901s] -- Up-to-date: /home/thisum/my_ws/install/moveit_task_constructor_msgs/include/moveit_task_constructor_msgs/moveit_task_constructor_msgs/msg/detail/stage_description__rosidl_typesupport_introspection_c.h
[1.901s] -- Up-to-date: /home/thisum/my_ws/install/moveit_task_constructor_msgs/include/moveit_task_constructor_msgs/moveit_task_constructor_msgs/msg/detail/task_description__rosidl_typesupport_introspection_c.h
[1.901s] -- Up-to-date: /home/thisum/my_ws/install/moveit_task_constructor_msgs/include/moveit_task_constructor_msgs/moveit_task_constructor_msgs/msg/detail/sub_trajectory__type_support.c
[1.901s] -- Up-to-date: /home/thisum/my_ws/install/moveit_task_constructor_msgs/include/moveit_task_constructor_msgs/moveit_task_constructor_msgs/msg/detail/solution_info__type_support.c
[1.901s] -- Up-to-date: /home/thisum/my_ws/install/moveit_task_constructor_msgs/include/moveit_task_constructor_msgs/moveit_task_constructor_msgs/msg/detail/property__rosidl_typesupport_introspection_c.h
[1.901s] -- Up-to-date: /home/thisum/my_ws/install/moveit_task_constructor_msgs/include/moveit_task_constructor_msgs/moveit_task_constructor_msgs/msg/detail/solution_info__rosidl_typesupport_introspection_c.h
[1.901s] -- Up-to-date: /home/thisum/my_ws/install/moveit_task_constructor_msgs/include/moveit_task_constructor_msgs/moveit_task_constructor_msgs/msg/detail/trajectory_execution_info__type_support.c
[1.901s] -- Up-to-date: /home/thisum/my_ws/install/moveit_task_constructor_msgs/include/moveit_task_constructor_msgs/moveit_task_constructor_msgs/msg/detail/property__type_support.c
[1.901s] -- Up-to-date: /home/thisum/my_ws/install/moveit_task_constructor_msgs/include/moveit_task_constructor_msgs/moveit_task_constructor_msgs/msg/detail/stage_statistics__rosidl_typesupport_introspection_c.h
[1.901s] -- Up-to-date: /home/thisum/my_ws/install/moveit_task_constructor_msgs/include/moveit_task_constructor_msgs/moveit_task_constructor_msgs/msg/detail/sub_solution__type_support.c
[1.901s] -- Up-to-date: /home/thisum/my_ws/install/moveit_task_constructor_msgs/include/moveit_task_constructor_msgs/moveit_task_constructor_msgs/msg/detail/task_statistics__rosidl_typesupport_introspection_c.h
[1.901s] -- Up-to-date: /home/thisum/my_ws/install/moveit_task_constructor_msgs/include/moveit_task_constructor_msgs/moveit_task_constructor_msgs/msg/detail/stage_description__type_support.c
[1.901s] -- Up-to-date: /home/thisum/my_ws/install/moveit_task_constructor_msgs/include/moveit_task_constructor_msgs/moveit_task_constructor_msgs/msg/detail/sub_trajectory__rosidl_typesupport_introspection_c.h
[1.901s] -- Up-to-date: /home/thisum/my_ws/install/moveit_task_constructor_msgs/include/moveit_task_constructor_msgs/moveit_task_constructor_msgs/msg/detail/sub_solution__rosidl_typesupport_introspection_c.h
[1.901s] -- Up-to-date: /home/thisum/my_ws/install/moveit_task_constructor_msgs/include/moveit_task_constructor_msgs/moveit_task_constructor_msgs/msg/detail/trajectory_execution_info__rosidl_typesupport_introspection_c.h
[1.902s] -- Up-to-date: /home/thisum/my_ws/install/moveit_task_constructor_msgs/include/moveit_task_constructor_msgs/moveit_task_constructor_msgs/msg/detail/task_description__type_support.c
[1.902s] -- Up-to-date: /home/thisum/my_ws/install/moveit_task_constructor_msgs/include/moveit_task_constructor_msgs/moveit_task_constructor_msgs/msg/detail/solution__type_support.c
[1.902s] -- Up-to-date: /home/thisum/my_ws/install/moveit_task_constructor_msgs/include/moveit_task_constructor_msgs/moveit_task_constructor_msgs/msg/detail/solution__rosidl_typesupport_introspection_c.h
[1.902s] -- Up-to-date: /home/thisum/my_ws/install/moveit_task_constructor_msgs/include/moveit_task_constructor_msgs/moveit_task_constructor_msgs/msg/detail/task_statistics__type_support.c
[1.902s] -- Up-to-date: /home/thisum/my_ws/install/moveit_task_constructor_msgs/include/moveit_task_constructor_msgs/moveit_task_constructor_msgs/msg/detail/stage_statistics__type_support.c
[1.902s] -- Up-to-date: /home/thisum/my_ws/install/moveit_task_constructor_msgs/lib/libmoveit_task_constructor_msgs__rosidl_typesupport_introspection_c.so
[1.902s] -- Up-to-date: /home/thisum/my_ws/install/moveit_task_constructor_msgs/lib/libmoveit_task_constructor_msgs__rosidl_typesupport_c.so
[1.902s] -- Up-to-date: /home/thisum/my_ws/install/moveit_task_constructor_msgs/include/moveit_task_constructor_msgs/moveit_task_constructor_msgs
[1.902s] -- Up-to-date: /home/thisum/my_ws/install/moveit_task_constructor_msgs/include/moveit_task_constructor_msgs/moveit_task_constructor_msgs/srv
[1.902s] -- Up-to-date: /home/thisum/my_ws/install/moveit_task_constructor_msgs/include/moveit_task_constructor_msgs/moveit_task_constructor_msgs/srv/detail
[1.902s] -- Up-to-date: /home/thisum/my_ws/install/moveit_task_constructor_msgs/include/moveit_task_constructor_msgs/moveit_task_constructor_msgs/srv/detail/get_solution__type_support.cpp
[1.902s] -- Up-to-date: /home/thisum/my_ws/install/moveit_task_constructor_msgs/include/moveit_task_constructor_msgs/moveit_task_constructor_msgs/srv/detail/get_solution__rosidl_typesupport_introspection_cpp.hpp
[1.902s] -- Up-to-date: /home/thisum/my_ws/install/moveit_task_constructor_msgs/include/moveit_task_constructor_msgs/moveit_task_constructor_msgs/action
[1.904s] -- Up-to-date: /home/thisum/my_ws/install/moveit_task_constructor_msgs/include/moveit_task_constructor_msgs/moveit_task_constructor_msgs/action/detail
[1.904s] -- Up-to-date: /home/thisum/my_ws/install/moveit_task_constructor_msgs/include/moveit_task_constructor_msgs/moveit_task_constructor_msgs/action/detail/execute_task_solution__type_support.cpp
[1.905s] -- Up-to-date: /home/thisum/my_ws/install/moveit_task_constructor_msgs/include/moveit_task_constructor_msgs/moveit_task_constructor_msgs/action/detail/execute_task_solution__rosidl_typesupport_introspection_cpp.hpp
[1.905s] -- Up-to-date: /home/thisum/my_ws/install/moveit_task_constructor_msgs/include/moveit_task_constructor_msgs/moveit_task_constructor_msgs/msg
[1.905s] -- Up-to-date: /home/thisum/my_ws/install/moveit_task_constructor_msgs/include/moveit_task_constructor_msgs/moveit_task_constructor_msgs/msg/detail
[1.905s] -- Up-to-date: /home/thisum/my_ws/install/moveit_task_constructor_msgs/include/moveit_task_constructor_msgs/moveit_task_constructor_msgs/msg/detail/trajectory_execution_info__type_support.cpp
[1.905s] -- Up-to-date: /home/thisum/my_ws/install/moveit_task_constructor_msgs/include/moveit_task_constructor_msgs/moveit_task_constructor_msgs/msg/detail/solution__type_support.cpp
[1.905s] -- Up-to-date: /home/thisum/my_ws/install/moveit_task_constructor_msgs/include/moveit_task_constructor_msgs/moveit_task_constructor_msgs/msg/detail/property__type_support.cpp
[1.905s] -- Up-to-date: /home/thisum/my_ws/install/moveit_task_constructor_msgs/include/moveit_task_constructor_msgs/moveit_task_constructor_msgs/msg/detail/solution__rosidl_typesupport_introspection_cpp.hpp
[1.905s] -- Up-to-date: /home/thisum/my_ws/install/moveit_task_constructor_msgs/include/moveit_task_constructor_msgs/moveit_task_constructor_msgs/msg/detail/solution_info__type_support.cpp
[1.905s] -- Up-to-date: /home/thisum/my_ws/install/moveit_task_constructor_msgs/include/moveit_task_constructor_msgs/moveit_task_constructor_msgs/msg/detail/sub_solution__type_support.cpp
[1.906s] -- Up-to-date: /home/thisum/my_ws/install/moveit_task_constructor_msgs/include/moveit_task_constructor_msgs/moveit_task_constructor_msgs/msg/detail/sub_trajectory__type_support.cpp
[1.906s] -- Up-to-date: /home/thisum/my_ws/install/moveit_task_constructor_msgs/include/moveit_task_constructor_msgs/moveit_task_constructor_msgs/msg/detail/task_description__rosidl_typesupport_introspection_cpp.hpp
[1.906s] -- Up-to-date: /home/thisum/my_ws/install/moveit_task_constructor_msgs/include/moveit_task_constructor_msgs/moveit_task_constructor_msgs/msg/detail/trajectory_execution_info__rosidl_typesupport_introspection_cpp.hpp
[1.906s] -- Up-to-date: /home/thisum/my_ws/install/moveit_task_constructor_msgs/include/moveit_task_constructor_msgs/moveit_task_constructor_msgs/msg/detail/property__rosidl_typesupport_introspection_cpp.hpp
[1.906s] -- Up-to-date: /home/thisum/my_ws/install/moveit_task_constructor_msgs/include/moveit_task_constructor_msgs/moveit_task_constructor_msgs/msg/detail/sub_solution__rosidl_typesupport_introspection_cpp.hpp
[1.906s] -- Up-to-date: /home/thisum/my_ws/install/moveit_task_constructor_msgs/include/moveit_task_constructor_msgs/moveit_task_constructor_msgs/msg/detail/task_description__type_support.cpp
[1.906s] -- Up-to-date: /home/thisum/my_ws/install/moveit_task_constructor_msgs/include/moveit_task_constructor_msgs/moveit_task_constructor_msgs/msg/detail/sub_trajectory__rosidl_typesupport_introspection_cpp.hpp
[1.906s] -- Up-to-date: /home/thisum/my_ws/install/moveit_task_constructor_msgs/include/moveit_task_constructor_msgs/moveit_task_constructor_msgs/msg/detail/stage_description__rosidl_typesupport_introspection_cpp.hpp
[1.906s] -- Up-to-date: /home/thisum/my_ws/install/moveit_task_constructor_msgs/include/moveit_task_constructor_msgs/moveit_task_constructor_msgs/msg/detail/task_statistics__type_support.cpp
[1.906s] -- Up-to-date: /home/thisum/my_ws/install/moveit_task_constructor_msgs/include/moveit_task_constructor_msgs/moveit_task_constructor_msgs/msg/detail/stage_description__type_support.cpp
[1.906s] -- Up-to-date: /home/thisum/my_ws/install/moveit_task_constructor_msgs/include/moveit_task_constructor_msgs/moveit_task_constructor_msgs/msg/detail/task_statistics__rosidl_typesupport_introspection_cpp.hpp
[1.906s] -- Up-to-date: /home/thisum/my_ws/install/moveit_task_constructor_msgs/include/moveit_task_constructor_msgs/moveit_task_constructor_msgs/msg/detail/stage_statistics__rosidl_typesupport_introspection_cpp.hpp
[1.907s] -- Up-to-date: /home/thisum/my_ws/install/moveit_task_constructor_msgs/include/moveit_task_constructor_msgs/moveit_task_constructor_msgs/msg/detail/stage_statistics__type_support.cpp
[1.907s] -- Up-to-date: /home/thisum/my_ws/install/moveit_task_constructor_msgs/include/moveit_task_constructor_msgs/moveit_task_constructor_msgs/msg/detail/solution_info__rosidl_typesupport_introspection_cpp.hpp
[1.907s] -- Up-to-date: /home/thisum/my_ws/install/moveit_task_constructor_msgs/lib/libmoveit_task_constructor_msgs__rosidl_typesupport_introspection_cpp.so
[1.907s] -- Up-to-date: /home/thisum/my_ws/install/moveit_task_constructor_msgs/lib/libmoveit_task_constructor_msgs__rosidl_typesupport_cpp.so
[1.908s] -- Up-to-date: /home/thisum/my_ws/install/moveit_task_constructor_msgs/share/moveit_task_constructor_msgs/environment/pythonpath.sh
[1.908s] -- Up-to-date: /home/thisum/my_ws/install/moveit_task_constructor_msgs/share/moveit_task_constructor_msgs/environment/pythonpath.dsv
[1.908s] -- Up-to-date: /home/thisum/my_ws/install/moveit_task_constructor_msgs/local/lib/python3.10/dist-packages/moveit_task_constructor_msgs-0.1.3-py3.10.egg-info
[1.908s] -- Installing: /home/thisum/my_ws/install/moveit_task_constructor_msgs/local/lib/python3.10/dist-packages/moveit_task_constructor_msgs-0.1.3-py3.10.egg-info/PKG-INFO
[1.908s] -- Installing: /home/thisum/my_ws/install/moveit_task_constructor_msgs/local/lib/python3.10/dist-packages/moveit_task_constructor_msgs-0.1.3-py3.10.egg-info/dependency_links.txt
[1.908s] -- Installing: /home/thisum/my_ws/install/moveit_task_constructor_msgs/local/lib/python3.10/dist-packages/moveit_task_constructor_msgs-0.1.3-py3.10.egg-info/SOURCES.txt
[1.909s] -- Installing: /home/thisum/my_ws/install/moveit_task_constructor_msgs/local/lib/python3.10/dist-packages/moveit_task_constructor_msgs-0.1.3-py3.10.egg-info/top_level.txt
[1.909s] -- Up-to-date: /home/thisum/my_ws/install/moveit_task_constructor_msgs/local/lib/python3.10/dist-packages/moveit_task_constructor_msgs
[1.909s] -- Up-to-date: /home/thisum/my_ws/install/moveit_task_constructor_msgs/local/lib/python3.10/dist-packages/moveit_task_constructor_msgs/srv
[1.910s] -- Up-to-date: /home/thisum/my_ws/install/moveit_task_constructor_msgs/local/lib/python3.10/dist-packages/moveit_task_constructor_msgs/srv/_get_solution.py
[1.910s] -- Up-to-date: /home/thisum/my_ws/install/moveit_task_constructor_msgs/local/lib/python3.10/dist-packages/moveit_task_constructor_msgs/srv/_get_solution_s.c
[1.910s] -- Up-to-date: /home/thisum/my_ws/install/moveit_task_constructor_msgs/local/lib/python3.10/dist-packages/moveit_task_constructor_msgs/srv/__init__.py
[1.910s] -- Up-to-date: /home/thisum/my_ws/install/moveit_task_constructor_msgs/local/lib/python3.10/dist-packages/moveit_task_constructor_msgs/_moveit_task_constructor_msgs_s.ep.rosidl_typesupport_fastrtps_c.c
[1.912s] -- Up-to-date: /home/thisum/my_ws/install/moveit_task_constructor_msgs/local/lib/python3.10/dist-packages/moveit_task_constructor_msgs/moveit_task_constructor_msgs_s__rosidl_typesupport_fastrtps_c.cpython-310-x86_64-linux-gnu.so
[1.913s] -- Up-to-date: /home/thisum/my_ws/install/moveit_task_constructor_msgs/local/lib/python3.10/dist-packages/moveit_task_constructor_msgs/_moveit_task_constructor_msgs_s.ep.rosidl_typesupport_introspection_c.c
[1.913s] -- Up-to-date: /home/thisum/my_ws/install/moveit_task_constructor_msgs/local/lib/python3.10/dist-packages/moveit_task_constructor_msgs/action
[1.913s] -- Up-to-date: /home/thisum/my_ws/install/moveit_task_constructor_msgs/local/lib/python3.10/dist-packages/moveit_task_constructor_msgs/action/_execute_task_solution_s.c
[1.913s] -- Up-to-date: /home/thisum/my_ws/install/moveit_task_constructor_msgs/local/lib/python3.10/dist-packages/moveit_task_constructor_msgs/action/_execute_task_solution.py
[1.913s] -- Up-to-date: /home/thisum/my_ws/install/moveit_task_constructor_msgs/local/lib/python3.10/dist-packages/moveit_task_constructor_msgs/action/__init__.py
[1.913s] -- Up-to-date: /home/thisum/my_ws/install/moveit_task_constructor_msgs/local/lib/python3.10/dist-packages/moveit_task_constructor_msgs/moveit_task_constructor_msgs_s__rosidl_typesupport_c.cpython-310-x86_64-linux-gnu.so
[1.913s] -- Up-to-date: /home/thisum/my_ws/install/moveit_task_constructor_msgs/local/lib/python3.10/dist-packages/moveit_task_constructor_msgs/_moveit_task_constructor_msgs_s.ep.rosidl_typesupport_c.c
[1.913s] -- Up-to-date: /home/thisum/my_ws/install/moveit_task_constructor_msgs/local/lib/python3.10/dist-packages/moveit_task_constructor_msgs/__init__.py
[1.913s] -- Up-to-date: /home/thisum/my_ws/install/moveit_task_constructor_msgs/local/lib/python3.10/dist-packages/moveit_task_constructor_msgs/moveit_task_constructor_msgs_s__rosidl_typesupport_introspection_c.cpython-310-x86_64-linux-gnu.so
[1.913s] -- Up-to-date: /home/thisum/my_ws/install/moveit_task_constructor_msgs/local/lib/python3.10/dist-packages/moveit_task_constructor_msgs/libmoveit_task_constructor_msgs__rosidl_generator_py.so
[1.913s] -- Up-to-date: /home/thisum/my_ws/install/moveit_task_constructor_msgs/local/lib/python3.10/dist-packages/moveit_task_constructor_msgs/msg
[1.913s] -- Up-to-date: /home/thisum/my_ws/install/moveit_task_constructor_msgs/local/lib/python3.10/dist-packages/moveit_task_constructor_msgs/msg/_property.py
[1.914s] -- Up-to-date: /home/thisum/my_ws/install/moveit_task_constructor_msgs/local/lib/python3.10/dist-packages/moveit_task_constructor_msgs/msg/_stage_statistics_s.c
[1.914s] -- Up-to-date: /home/thisum/my_ws/install/moveit_task_constructor_msgs/local/lib/python3.10/dist-packages/moveit_task_constructor_msgs/msg/_stage_description.py
[1.914s] -- Up-to-date: /home/thisum/my_ws/install/moveit_task_constructor_msgs/local/lib/python3.10/dist-packages/moveit_task_constructor_msgs/msg/_task_description.py
[1.914s] -- Up-to-date: /home/thisum/my_ws/install/moveit_task_constructor_msgs/local/lib/python3.10/dist-packages/moveit_task_constructor_msgs/msg/_task_statistics.py
[1.914s] -- Up-to-date: /home/thisum/my_ws/install/moveit_task_constructor_msgs/local/lib/python3.10/dist-packages/moveit_task_constructor_msgs/msg/_trajectory_execution_info_s.c
[1.914s] -- Up-to-date: /home/thisum/my_ws/install/moveit_task_constructor_msgs/local/lib/python3.10/dist-packages/moveit_task_constructor_msgs/msg/_solution.py
[1.914s] -- Up-to-date: /home/thisum/my_ws/install/moveit_task_constructor_msgs/local/lib/python3.10/dist-packages/moveit_task_constructor_msgs/msg/_sub_solution_s.c
[1.914s] -- Up-to-date: /home/thisum/my_ws/install/moveit_task_constructor_msgs/local/lib/python3.10/dist-packages/moveit_task_constructor_msgs/msg/_task_description_s.c
[1.914s] -- Up-to-date: /home/thisum/my_ws/install/moveit_task_constructor_msgs/local/lib/python3.10/dist-packages/moveit_task_constructor_msgs/msg/_stage_description_s.c
[1.914s] -- Up-to-date: /home/thisum/my_ws/install/moveit_task_constructor_msgs/local/lib/python3.10/dist-packages/moveit_task_constructor_msgs/msg/_sub_trajectory.py
[1.914s] -- Up-to-date: /home/thisum/my_ws/install/moveit_task_constructor_msgs/local/lib/python3.10/dist-packages/moveit_task_constructor_msgs/msg/__init__.py
[1.914s] -- Up-to-date: /home/thisum/my_ws/install/moveit_task_constructor_msgs/local/lib/python3.10/dist-packages/moveit_task_constructor_msgs/msg/_solution_s.c
[1.914s] -- Up-to-date: /home/thisum/my_ws/install/moveit_task_constructor_msgs/local/lib/python3.10/dist-packages/moveit_task_constructor_msgs/msg/_sub_solution.py
[1.914s] -- Up-to-date: /home/thisum/my_ws/install/moveit_task_constructor_msgs/local/lib/python3.10/dist-packages/moveit_task_constructor_msgs/msg/_solution_info_s.c
[1.914s] -- Up-to-date: /home/thisum/my_ws/install/moveit_task_constructor_msgs/local/lib/python3.10/dist-packages/moveit_task_constructor_msgs/msg/_trajectory_execution_info.py
[1.914s] -- Up-to-date: /home/thisum/my_ws/install/moveit_task_constructor_msgs/local/lib/python3.10/dist-packages/moveit_task_constructor_msgs/msg/_stage_statistics.py
[1.914s] -- Up-to-date: /home/thisum/my_ws/install/moveit_task_constructor_msgs/local/lib/python3.10/dist-packages/moveit_task_constructor_msgs/msg/_sub_trajectory_s.c
[1.914s] -- Up-to-date: /home/thisum/my_ws/install/moveit_task_constructor_msgs/local/lib/python3.10/dist-packages/moveit_task_constructor_msgs/msg/_task_statistics_s.c
[1.914s] -- Up-to-date: /home/thisum/my_ws/install/moveit_task_constructor_msgs/local/lib/python3.10/dist-packages/moveit_task_constructor_msgs/msg/_property_s.c
[1.914s] -- Up-to-date: /home/thisum/my_ws/install/moveit_task_constructor_msgs/local/lib/python3.10/dist-packages/moveit_task_constructor_msgs/msg/_solution_info.py
[1.958s] Listing '/home/thisum/my_ws/install/moveit_task_constructor_msgs/local/lib/python3.10/dist-packages/moveit_task_constructor_msgs'...
[1.958s] Listing '/home/thisum/my_ws/install/moveit_task_constructor_msgs/local/lib/python3.10/dist-packages/moveit_task_constructor_msgs/action'...
[1.958s] Listing '/home/thisum/my_ws/install/moveit_task_constructor_msgs/local/lib/python3.10/dist-packages/moveit_task_constructor_msgs/msg'...
[1.959s] Listing '/home/thisum/my_ws/install/moveit_task_constructor_msgs/local/lib/python3.10/dist-packages/moveit_task_constructor_msgs/srv'...
[1.962s] -- Up-to-date: /home/thisum/my_ws/install/moveit_task_constructor_msgs/local/lib/python3.10/dist-packages/moveit_task_constructor_msgs/moveit_task_constructor_msgs_s__rosidl_typesupport_fastrtps_c.cpython-310-x86_64-linux-gnu.so
[1.963s] -- Up-to-date: /home/thisum/my_ws/install/moveit_task_constructor_msgs/local/lib/python3.10/dist-packages/moveit_task_constructor_msgs/moveit_task_constructor_msgs_s__rosidl_typesupport_introspection_c.cpython-310-x86_64-linux-gnu.so
[1.964s] -- Up-to-date: /home/thisum/my_ws/install/moveit_task_constructor_msgs/local/lib/python3.10/dist-packages/moveit_task_constructor_msgs/moveit_task_constructor_msgs_s__rosidl_typesupport_c.cpython-310-x86_64-linux-gnu.so
[1.964s] -- Up-to-date: /home/thisum/my_ws/install/moveit_task_constructor_msgs/lib/libmoveit_task_constructor_msgs__rosidl_generator_py.so
[1.964s] -- Up-to-date: /home/thisum/my_ws/install/moveit_task_constructor_msgs/share/moveit_task_constructor_msgs/msg/Property.idl
[1.965s] -- Up-to-date: /home/thisum/my_ws/install/moveit_task_constructor_msgs/share/moveit_task_constructor_msgs/msg/Solution.idl
[1.965s] -- Up-to-date: /home/thisum/my_ws/install/moveit_task_constructor_msgs/share/moveit_task_constructor_msgs/msg/SolutionInfo.idl
[1.965s] -- Up-to-date: /home/thisum/my_ws/install/moveit_task_constructor_msgs/share/moveit_task_constructor_msgs/msg/StageDescription.idl
[1.965s] -- Up-to-date: /home/thisum/my_ws/install/moveit_task_constructor_msgs/share/moveit_task_constructor_msgs/msg/StageStatistics.idl
[1.965s] -- Up-to-date: /home/thisum/my_ws/install/moveit_task_constructor_msgs/share/moveit_task_constructor_msgs/msg/SubSolution.idl
[1.965s] -- Up-to-date: /home/thisum/my_ws/install/moveit_task_constructor_msgs/share/moveit_task_constructor_msgs/msg/SubTrajectory.idl
[1.965s] -- Up-to-date: /home/thisum/my_ws/install/moveit_task_constructor_msgs/share/moveit_task_constructor_msgs/msg/TaskDescription.idl
[1.965s] -- Up-to-date: /home/thisum/my_ws/install/moveit_task_constructor_msgs/share/moveit_task_constructor_msgs/msg/TaskStatistics.idl
[1.966s] -- Up-to-date: /home/thisum/my_ws/install/moveit_task_constructor_msgs/share/moveit_task_constructor_msgs/msg/TrajectoryExecutionInfo.idl
[1.966s] -- Up-to-date: /home/thisum/my_ws/install/moveit_task_constructor_msgs/share/moveit_task_constructor_msgs/srv/GetSolution.idl
[1.966s] -- Up-to-date: /home/thisum/my_ws/install/moveit_task_constructor_msgs/share/moveit_task_constructor_msgs/action/ExecuteTaskSolution.idl
[1.966s] -- Up-to-date: /home/thisum/my_ws/install/moveit_task_constructor_msgs/share/moveit_task_constructor_msgs/msg/Property.msg
[1.966s] -- Up-to-date: /home/thisum/my_ws/install/moveit_task_constructor_msgs/share/moveit_task_constructor_msgs/msg/Solution.msg
[1.966s] -- Up-to-date: /home/thisum/my_ws/install/moveit_task_constructor_msgs/share/moveit_task_constructor_msgs/msg/SolutionInfo.msg
[1.966s] -- Up-to-date: /home/thisum/my_ws/install/moveit_task_constructor_msgs/share/moveit_task_constructor_msgs/msg/StageDescription.msg
[1.966s] -- Up-to-date: /home/thisum/my_ws/install/moveit_task_constructor_msgs/share/moveit_task_constructor_msgs/msg/StageStatistics.msg
[1.967s] -- Up-to-date: /home/thisum/my_ws/install/moveit_task_constructor_msgs/share/moveit_task_constructor_msgs/msg/SubSolution.msg
[1.967s] -- Up-to-date: /home/thisum/my_ws/install/moveit_task_constructor_msgs/share/moveit_task_constructor_msgs/msg/SubTrajectory.msg
[1.967s] -- Up-to-date: /home/thisum/my_ws/install/moveit_task_constructor_msgs/share/moveit_task_constructor_msgs/msg/TaskDescription.msg
[1.967s] -- Up-to-date: /home/thisum/my_ws/install/moveit_task_constructor_msgs/share/moveit_task_constructor_msgs/msg/TaskStatistics.msg
[1.967s] -- Up-to-date: /home/thisum/my_ws/install/moveit_task_constructor_msgs/share/moveit_task_constructor_msgs/msg/TrajectoryExecutionInfo.msg
[1.967s] -- Up-to-date: /home/thisum/my_ws/install/moveit_task_constructor_msgs/share/moveit_task_constructor_msgs/srv/GetSolution.srv
[1.968s] -- Up-to-date: /home/thisum/my_ws/install/moveit_task_constructor_msgs/share/moveit_task_constructor_msgs/srv/GetSolution_Request.msg
[1.968s] -- Up-to-date: /home/thisum/my_ws/install/moveit_task_constructor_msgs/share/moveit_task_constructor_msgs/srv/GetSolution_Response.msg
[1.968s] -- Up-to-date: /home/thisum/my_ws/install/moveit_task_constructor_msgs/share/moveit_task_constructor_msgs/action/ExecuteTaskSolution.action
[1.968s] -- Up-to-date: /home/thisum/my_ws/install/moveit_task_constructor_msgs/share/ament_index/resource_index/package_run_dependencies/moveit_task_constructor_msgs
[1.968s] -- Up-to-date: /home/thisum/my_ws/install/moveit_task_constructor_msgs/share/ament_index/resource_index/parent_prefix_path/moveit_task_constructor_msgs
[1.968s] -- Up-to-date: /home/thisum/my_ws/install/moveit_task_constructor_msgs/share/moveit_task_constructor_msgs/environment/ament_prefix_path.sh
[1.968s] -- Up-to-date: /home/thisum/my_ws/install/moveit_task_constructor_msgs/share/moveit_task_constructor_msgs/environment/ament_prefix_path.dsv
[1.968s] -- Up-to-date: /home/thisum/my_ws/install/moveit_task_constructor_msgs/share/moveit_task_constructor_msgs/environment/path.sh
[1.968s] -- Up-to-date: /home/thisum/my_ws/install/moveit_task_constructor_msgs/share/moveit_task_constructor_msgs/environment/path.dsv
[1.968s] -- Up-to-date: /home/thisum/my_ws/install/moveit_task_constructor_msgs/share/moveit_task_constructor_msgs/local_setup.bash
[1.968s] -- Up-to-date: /home/thisum/my_ws/install/moveit_task_constructor_msgs/share/moveit_task_constructor_msgs/local_setup.sh
[1.969s] -- Up-to-date: /home/thisum/my_ws/install/moveit_task_constructor_msgs/share/moveit_task_constructor_msgs/local_setup.zsh
[1.969s] -- Up-to-date: /home/thisum/my_ws/install/moveit_task_constructor_msgs/share/moveit_task_constructor_msgs/local_setup.dsv
[1.969s] -- Installing: /home/thisum/my_ws/install/moveit_task_constructor_msgs/share/moveit_task_constructor_msgs/package.dsv
[1.969s] -- Up-to-date: /home/thisum/my_ws/install/moveit_task_constructor_msgs/share/ament_index/resource_index/packages/moveit_task_constructor_msgs
[1.969s] -- Up-to-date: /home/thisum/my_ws/install/moveit_task_constructor_msgs/share/moveit_task_constructor_msgs/cmake/export_moveit_task_constructor_msgs__rosidl_generator_cExport.cmake
[1.970s] -- Up-to-date: /home/thisum/my_ws/install/moveit_task_constructor_msgs/share/moveit_task_constructor_msgs/cmake/export_moveit_task_constructor_msgs__rosidl_generator_cExport-release.cmake
[1.970s] -- Up-to-date: /home/thisum/my_ws/install/moveit_task_constructor_msgs/share/moveit_task_constructor_msgs/cmake/export_moveit_task_constructor_msgs__rosidl_typesupport_fastrtps_cExport.cmake
[1.970s] -- Up-to-date: /home/thisum/my_ws/install/moveit_task_constructor_msgs/share/moveit_task_constructor_msgs/cmake/export_moveit_task_constructor_msgs__rosidl_typesupport_fastrtps_cExport-release.cmake
[1.970s] -- Up-to-date: /home/thisum/my_ws/install/moveit_task_constructor_msgs/share/moveit_task_constructor_msgs/cmake/export_moveit_task_constructor_msgs__rosidl_generator_cppExport.cmake
[1.970s] -- Up-to-date: /home/thisum/my_ws/install/moveit_task_constructor_msgs/share/moveit_task_constructor_msgs/cmake/export_moveit_task_constructor_msgs__rosidl_typesupport_fastrtps_cppExport.cmake
[1.970s] -- Up-to-date: /home/thisum/my_ws/install/moveit_task_constructor_msgs/share/moveit_task_constructor_msgs/cmake/export_moveit_task_constructor_msgs__rosidl_typesupport_fastrtps_cppExport-release.cmake
[1.970s] -- Up-to-date: /home/thisum/my_ws/install/moveit_task_constructor_msgs/share/moveit_task_constructor_msgs/cmake/moveit_task_constructor_msgs__rosidl_typesupport_introspection_cExport.cmake
[1.970s] -- Up-to-date: /home/thisum/my_ws/install/moveit_task_constructor_msgs/share/moveit_task_constructor_msgs/cmake/moveit_task_constructor_msgs__rosidl_typesupport_introspection_cExport-release.cmake
[1.970s] -- Up-to-date: /home/thisum/my_ws/install/moveit_task_constructor_msgs/share/moveit_task_constructor_msgs/cmake/moveit_task_constructor_msgs__rosidl_typesupport_cExport.cmake
[1.970s] -- Up-to-date: /home/thisum/my_ws/install/moveit_task_constructor_msgs/share/moveit_task_constructor_msgs/cmake/moveit_task_constructor_msgs__rosidl_typesupport_cExport-release.cmake
[1.971s] -- Up-to-date: /home/thisum/my_ws/install/moveit_task_constructor_msgs/share/moveit_task_constructor_msgs/cmake/moveit_task_constructor_msgs__rosidl_typesupport_introspection_cppExport.cmake
[1.971s] -- Up-to-date: /home/thisum/my_ws/install/moveit_task_constructor_msgs/share/moveit_task_constructor_msgs/cmake/moveit_task_constructor_msgs__rosidl_typesupport_introspection_cppExport-release.cmake
[1.971s] -- Up-to-date: /home/thisum/my_ws/install/moveit_task_constructor_msgs/share/moveit_task_constructor_msgs/cmake/moveit_task_constructor_msgs__rosidl_typesupport_cppExport.cmake
[1.972s] -- Up-to-date: /home/thisum/my_ws/install/moveit_task_constructor_msgs/share/moveit_task_constructor_msgs/cmake/moveit_task_constructor_msgs__rosidl_typesupport_cppExport-release.cmake
[1.972s] -- Up-to-date: /home/thisum/my_ws/install/moveit_task_constructor_msgs/share/moveit_task_constructor_msgs/cmake/export_moveit_task_constructor_msgs__rosidl_generator_pyExport.cmake
[1.972s] -- Up-to-date: /home/thisum/my_ws/install/moveit_task_constructor_msgs/share/moveit_task_constructor_msgs/cmake/export_moveit_task_constructor_msgs__rosidl_generator_pyExport-release.cmake
[1.972s] -- Up-to-date: /home/thisum/my_ws/install/moveit_task_constructor_msgs/share/moveit_task_constructor_msgs/cmake/rosidl_cmake-extras.cmake
[1.972s] -- Up-to-date: /home/thisum/my_ws/install/moveit_task_constructor_msgs/share/moveit_task_constructor_msgs/cmake/ament_cmake_export_dependencies-extras.cmake
[1.972s] -- Up-to-date: /home/thisum/my_ws/install/moveit_task_constructor_msgs/share/moveit_task_constructor_msgs/cmake/ament_cmake_export_include_directories-extras.cmake
[1.972s] -- Up-to-date: /home/thisum/my_ws/install/moveit_task_constructor_msgs/share/moveit_task_constructor_msgs/cmake/ament_cmake_export_libraries-extras.cmake
[1.973s] -- Up-to-date: /home/thisum/my_ws/install/moveit_task_constructor_msgs/share/moveit_task_constructor_msgs/cmake/ament_cmake_export_targets-extras.cmake
[1.973s] -- Up-to-date: /home/thisum/my_ws/install/moveit_task_constructor_msgs/share/moveit_task_constructor_msgs/cmake/rosidl_cmake_export_typesupport_targets-extras.cmake
[1.973s] -- Up-to-date: /home/thisum/my_ws/install/moveit_task_constructor_msgs/share/moveit_task_constructor_msgs/cmake/rosidl_cmake_export_typesupport_libraries-extras.cmake
[1.973s] -- Up-to-date: /home/thisum/my_ws/install/moveit_task_constructor_msgs/share/moveit_task_constructor_msgs/cmake/moveit_task_constructor_msgsConfig.cmake
[1.973s] -- Up-to-date: /home/thisum/my_ws/install/moveit_task_constructor_msgs/share/moveit_task_constructor_msgs/cmake/moveit_task_constructor_msgsConfig-version.cmake
[1.973s] -- Up-to-date: /home/thisum/my_ws/install/moveit_task_constructor_msgs/share/moveit_task_constructor_msgs/package.xml
[1.977s] Invoked command in '/home/thisum/my_ws/build/moveit_task_constructor_msgs' returned '0': CMAKE_PREFIX_PATH=/home/thisum/my_ws/install/pilz_industrial_motion_planner_testutils:/home/thisum/my_ws/install/moveit_runtime:/home/thisum/my_ws/install/moveit2_tutorials:/home/thisum/my_ws/install/moveit:/home/thisum/my_ws/install/arm_config:/home/thisum/my_ws/install/moveit_planners:/home/thisum/my_ws/install/pilz_industrial_motion_planner:/home/thisum/my_ws/install/moveit_visual_tools:/home/thisum/my_ws/install/moveit_task_constructor_visualization:/home/thisum/my_ws/install/moveit_task_constructor_demo:/home/thisum/my_ws/install/moveit_task_constructor_capabilities:/home/thisum/my_ws/install/moveit_task_constructor_core:/home/thisum/my_ws/install/moveit_ros_control_interface:/home/thisum/my_ws/install/moveit_plugins:/home/thisum/my_ws/install/moveit_simple_controller_manager:/home/thisum/my_ws/install/moveit_setup_assistant:/home/thisum/my_ws/install/moveit_setup_srdf_plugins:/home/thisum/my_ws/install/moveit_setup_core_plugins:/home/thisum/my_ws/install/moveit_setup_controllers:/home/thisum/my_ws/install/moveit_setup_app_plugins:/home/thisum/my_ws/install/moveit_setup_framework:/home/thisum/my_ws/install/moveit_servo:/home/thisum/my_ws/install/moveit_ros:/home/thisum/my_ws/install/moveit_ros_visualization:/home/thisum/my_ws/install/moveit_hybrid_planning:/home/thisum/my_ws/install/moveit_ros_planning_interface:/home/thisum/my_ws/install/moveit_ros_benchmarks:/home/thisum/my_ws/install/moveit_ros_warehouse:/home/thisum/my_ws/install/moveit_ros_robot_interaction:/home/thisum/my_ws/install/moveit_ros_perception:/home/thisum/my_ws/install/moveit_resources_prbt_pg70_support:/home/thisum/my_ws/install/moveit_resources_prbt_moveit_config:/home/thisum/my_ws/install/moveit_ros_move_group:/home/thisum/my_ws/install/moveit_planners_ompl:/home/thisum/my_ws/install/moveit_ros_planning:/home/thisum/my_ws/install/moveit_ros_occupancy_map_monitor:/home/thisum/my_ws/install/moveit_resources_prbt_ikfast_manipulator_plugin:/home/thisum/my_ws/install/moveit_planners_chomp:/home/thisum/my_ws/install/moveit_kinematics:/home/thisum/my_ws/install/moveit_chomp_optimizer_adapter:/home/thisum/my_ws/install/chomp_motion_planner:/home/thisum/my_ws/install/moveit_core:/home/thisum/my_ws/install/srdfdom:/home/thisum/my_ws/install/rviz_marker_tools:/home/thisum/my_ws/install/rosparam_shortcuts:/home/thisum/my_ws/install/new_full_arm:/home/thisum/my_ws/install/moveit_task_constructor_msgs:/home/thisum/my_ws/install/moveit_resources_prbt_support:/home/thisum/my_ws/install/moveit_resources:/home/thisum/my_ws/install/moveit_resources_pr2_description:/home/thisum/my_ws/install/moveit_resources_panda_moveit_config:/home/thisum/my_ws/install/moveit_resources_panda_description:/home/thisum/my_ws/install/moveit_resources_fanuc_moveit_config:/home/thisum/my_ws/install/moveit_resources_fanuc_description:/home/thisum/my_ws/install/moveit_common:/home/thisum/arm_ws/install/x:/home/thisum/arm_ws/install/robotiq_description:/home/thisum/arm_ws/install/robotiq_controllers:/home/thisum/arm_ws/install/arm_config:/home/thisum/my_ws/install/moveit_configs_utils:/home/thisum/my_ws/install/launch_param_builder:/home/thisum/arm_ws/install/moveit_configs_utils:/opt/ros/humble:/home/thisum/arm_ws/install/new_full_arm:/home/thisum/arm_ws/install/moveit_resources_prbt_support:/home/thisum/arm_ws/install/moveit_resources_pr2_description:/home/thisum/arm_ws/install/moveit_resources_panda_description:/home/thisum/arm_ws/install/moveit_resources_fanuc_description:/home/thisum/arm_ws/install/moveit_msgs:/home/thisum/arm_ws/install/moveit_common:/home/thisum/arm_ws/install/kortex_api /usr/bin/cmake --install /home/thisum/my_ws/build/moveit_task_constructor_msgs
