[0.037s] Invoking command in '/home/thisum/my_ws/build/rosparam_shortcuts': CMAKE_PREFIX_PATH=/opt/ros/humble /usr/bin/cmake /home/thisum/my_ws/src/rosparam_shortcuts -DCMAKE_BUILD_TYPE=Release -DCMAKE_INSTALL_PREFIX=/home/thisum/my_ws/install/rosparam_shortcuts
[0.120s] -- The C compiler identification is GNU 11.4.0
[0.205s] -- The CXX compiler identification is GNU 11.4.0
[0.229s] -- Detecting C compiler ABI info
[0.340s] -- Detecting C compiler ABI info - done
[0.348s] -- Check for working C compiler: /usr/bin/cc - skipped
[0.348s] -- Detecting C compile features
[0.349s] -- Detecting C compile features - done
[0.352s] -- Detecting CXX compiler ABI info
[0.509s] -- Detecting CXX compiler ABI info - done
[0.517s] -- Check for working CXX compiler: /usr/bin/c++ - skipped
[0.517s] -- Detecting CXX compile features
[0.518s] -- Detecting CXX compile features - done
[0.522s] -- Found ament_cmake: 1.3.9 (/opt/ros/humble/share/ament_cmake/cmake)
[0.722s] -- Found Python3: /usr/bin/python3 (found version "3.10.12") found components: Interpreter 
[0.824s] -- Found eigen3_cmake_module: 0.1.1 (/opt/ros/humble/share/eigen3_cmake_module/cmake)
[0.839s] -- Found Eigen3: TRUE (found version "3.4.0") 
[0.841s] -- Found geometry_msgs: 4.2.4 (/opt/ros/humble/share/geometry_msgs/cmake)
[0.886s] -- Found rosidl_generator_c: 3.1.5 (/opt/ros/humble/share/rosidl_generator_c/cmake)
[0.892s] -- Found rosidl_adapter: 3.1.5 (/opt/ros/humble/share/rosidl_adapter/cmake)
[0.901s] -- Found rosidl_generator_cpp: 3.1.5 (/opt/ros/humble/share/rosidl_generator_cpp/cmake)
[0.917s] -- Using all available rosidl_typesupport_c: rosidl_typesupport_fastrtps_c;rosidl_typesupport_introspection_c
[0.946s] -- Using all available rosidl_typesupport_cpp: rosidl_typesupport_fastrtps_cpp;rosidl_typesupport_introspection_cpp
[1.103s] -- Found rclcpp: 16.0.9 (/opt/ros/humble/share/rclcpp/cmake)
[1.191s] -- Found rmw_implementation_cmake: 6.1.2 (/opt/ros/humble/share/rmw_implementation_cmake/cmake)
[1.195s] -- Found rmw_fastrtps_cpp: 6.2.6 (/opt/ros/humble/share/rmw_fastrtps_cpp/cmake)
[1.407s] -- Found OpenSSL: /usr/lib/x86_64-linux-gnu/libcrypto.so (found version "3.0.2")  
[1.449s] -- Found FastRTPS: /opt/ros/humble/include  
[1.511s] -- Using RMW implementation 'rmw_fastrtps_cpp' as default
[1.529s] -- Looking for pthread.h
[1.666s] -- Looking for pthread.h - found
[1.666s] -- Performing Test CMAKE_HAVE_LIBC_PTHREAD
[1.795s] -- Performing Test CMAKE_HAVE_LIBC_PTHREAD - Success
[1.796s] -- Found Threads: TRUE  
[1.968s] -- Found tf2_eigen: 0.25.7 (/opt/ros/humble/share/tf2_eigen/cmake)
[2.564s] -- Found ament_lint_auto: 0.12.11 (/opt/ros/humble/share/ament_lint_auto/cmake)
[2.567s] -- Found ament_cmake_gtest: 1.3.9 (/opt/ros/humble/share/ament_cmake_gtest/cmake)
[2.575s] -- Found ros_testing: 0.4.0 (/opt/ros/humble/share/ros_testing/cmake)
[2.581s] -- Found launch_testing_ament_cmake: 1.0.6 (/opt/ros/humble/share/launch_testing_ament_cmake/cmake)
[2.584s] -- Found python_cmake_module: 0.10.0 (/opt/ros/humble/share/python_cmake_module/cmake)
[2.609s] -- Found PythonInterp: /usr/bin/python3 (found suitable version "3.10.12", minimum required is "3.6") 
[2.615s] -- Found PythonLibs: /usr/lib/x86_64-linux-gnu/libpython3.10.so (found suitable version "3.10.12", minimum required is "3.5") 
[2.615s] -- Using PYTHON_EXECUTABLE: /usr/bin/python3
[2.615s] -- Using PYTHON_INCLUDE_DIRS: /usr/include/python3.10
[2.615s] -- Using PYTHON_LIBRARIES: /usr/lib/x86_64-linux-gnu/libpython3.10.so
[2.640s] -- Found PythonExtra: .so  
[2.733s] -- Found gtest sources under '/opt/ros/humble/src/gtest_vendor': C++ tests using 'Google Test' will be built
[2.743s] -- Added test 'copyright' to check source files copyright and LICENSE
[2.745s] -- Added test 'lint_cmake' to check CMake code style
[2.746s] -- Added test 'pep257' to check Python code against some of the docstring style conventions in PEP 257
[2.748s] -- Added test 'xmllint' to check XML markup files
[2.750s] -- Configuring done
[2.793s] -- Generating done
[2.796s] -- Build files have been written to: /home/thisum/my_ws/build/rosparam_shortcuts
[2.812s] Invoked command in '/home/thisum/my_ws/build/rosparam_shortcuts' returned '0': CMAKE_PREFIX_PATH=/opt/ros/humble /usr/bin/cmake /home/thisum/my_ws/src/rosparam_shortcuts -DCMAKE_BUILD_TYPE=Release -DCMAKE_INSTALL_PREFIX=/home/thisum/my_ws/install/rosparam_shortcuts
[2.813s] Invoking command in '/home/thisum/my_ws/build/rosparam_shortcuts': CMAKE_PREFIX_PATH=/opt/ros/humble /usr/bin/cmake --build /home/thisum/my_ws/build/rosparam_shortcuts -- -j6 -l6
[2.919s] [  7%] [32mBuilding CXX object CMakeFiles/rosparam_shortcuts.dir/src/rosparam_shortcuts.cpp.o[0m
[2.919s] [ 15%] [32mBuilding CXX object gtest/CMakeFiles/gtest.dir/src/gtest-all.cc.o[0m
[2.919s] [ 23%] [32mBuilding CXX object CMakeFiles/rosparam_shortcuts.dir/src/node_parameters.cpp.o[0m
[2.919s] [ 30%] [32mBuilding CXX object gtest/CMakeFiles/gtest_main.dir/src/gtest_main.cc.o[0m
[4.188s] [ 38%] [32m[1mLinking CXX static library libgtest_main.a[0m
[4.713s] [ 38%] Built target gtest_main
[11.237s] [ 46%] [32m[1mLinking CXX shared library librosparam_shortcuts.so[0m
[11.237s] [ 53%] [32m[1mLinking CXX static library libgtest.a[0m
[11.362s] [ 53%] Built target gtest
[11.450s] [ 53%] Built target rosparam_shortcuts
[11.499s] [ 69%] [32mBuilding CXX object CMakeFiles/rosparam_shortcuts_node_parameters_example.dir/src/node_parameters_example.cpp.o[0m
[11.499s] [ 69%] [32mBuilding CXX object CMakeFiles/test_node_parameters.dir/test/test_node_parameters.cpp.o[0m
[11.499s] [ 76%] [32mBuilding CXX object CMakeFiles/rosparam_shortcuts_example.dir/src/example.cpp.o[0m
[16.307s] [ 84%] [32m[1mLinking CXX executable node_parameters_example[0m
[16.416s] [ 92%] [32m[1mLinking CXX executable example[0m
[16.538s] [ 92%] Built target rosparam_shortcuts_node_parameters_example
[16.684s] [ 92%] Built target rosparam_shortcuts_example
[18.167s] [100%] [32m[1mLinking CXX executable test_node_parameters[0m
[18.356s] [100%] Built target test_node_parameters
[18.384s] Invoked command in '/home/thisum/my_ws/build/rosparam_shortcuts' returned '0': CMAKE_PREFIX_PATH=/opt/ros/humble /usr/bin/cmake --build /home/thisum/my_ws/build/rosparam_shortcuts -- -j6 -l6
[18.505s] Invoking command in '/home/thisum/my_ws/build/rosparam_shortcuts': CMAKE_PREFIX_PATH=/opt/ros/humble /usr/bin/cmake --install /home/thisum/my_ws/build/rosparam_shortcuts
[18.515s] -- Install configuration: "Release"
[18.515s] -- Installing: /home/thisum/my_ws/install/rosparam_shortcuts/lib/librosparam_shortcuts.so
[18.517s] -- Set runtime path of "/home/thisum/my_ws/install/rosparam_shortcuts/lib/librosparam_shortcuts.so" to ""
[18.517s] -- Installing: /home/thisum/my_ws/install/rosparam_shortcuts/lib/rosparam_shortcuts/example
[18.517s] -- Set runtime path of "/home/thisum/my_ws/install/rosparam_shortcuts/lib/rosparam_shortcuts/example" to ""
[18.517s] -- Installing: /home/thisum/my_ws/install/rosparam_shortcuts/lib/rosparam_shortcuts/node_parameters_example
[18.518s] -- Set runtime path of "/home/thisum/my_ws/install/rosparam_shortcuts/lib/rosparam_shortcuts/node_parameters_example" to ""
[18.519s] -- Installing: /home/thisum/my_ws/install/rosparam_shortcuts/include
[18.519s] -- Installing: /home/thisum/my_ws/install/rosparam_shortcuts/include/rosparam_shortcuts
[18.519s] -- Installing: /home/thisum/my_ws/install/rosparam_shortcuts/include/rosparam_shortcuts/node_parameters.h
[18.520s] -- Installing: /home/thisum/my_ws/install/rosparam_shortcuts/include/rosparam_shortcuts/rosparam_shortcuts.h
[18.520s] -- Installing: /home/thisum/my_ws/install/rosparam_shortcuts/share/rosparam_shortcuts/launch
[18.520s] -- Installing: /home/thisum/my_ws/install/rosparam_shortcuts/share/rosparam_shortcuts/launch/example.launch.py
[18.520s] -- Installing: /home/thisum/my_ws/install/rosparam_shortcuts/share/rosparam_shortcuts/config
[18.520s] -- Installing: /home/thisum/my_ws/install/rosparam_shortcuts/share/rosparam_shortcuts/config/example.yaml
[18.520s] -- Installing: /home/thisum/my_ws/install/rosparam_shortcuts/share/rosparam_shortcuts/environment/library_path.sh
[18.520s] -- Installing: /home/thisum/my_ws/install/rosparam_shortcuts/share/rosparam_shortcuts/environment/library_path.dsv
[18.521s] -- Installing: /home/thisum/my_ws/install/rosparam_shortcuts/share/ament_index/resource_index/package_run_dependencies/rosparam_shortcuts
[18.521s] -- Installing: /home/thisum/my_ws/install/rosparam_shortcuts/share/ament_index/resource_index/parent_prefix_path/rosparam_shortcuts
[18.522s] -- Installing: /home/thisum/my_ws/install/rosparam_shortcuts/share/rosparam_shortcuts/environment/ament_prefix_path.sh
[18.522s] -- Installing: /home/thisum/my_ws/install/rosparam_shortcuts/share/rosparam_shortcuts/environment/ament_prefix_path.dsv
[18.522s] -- Installing: /home/thisum/my_ws/install/rosparam_shortcuts/share/rosparam_shortcuts/environment/path.sh
[18.523s] -- Installing: /home/thisum/my_ws/install/rosparam_shortcuts/share/rosparam_shortcuts/environment/path.dsv
[18.523s] -- Installing: /home/thisum/my_ws/install/rosparam_shortcuts/share/rosparam_shortcuts/local_setup.bash
[18.523s] -- Installing: /home/thisum/my_ws/install/rosparam_shortcuts/share/rosparam_shortcuts/local_setup.sh
[18.523s] -- Installing: /home/thisum/my_ws/install/rosparam_shortcuts/share/rosparam_shortcuts/local_setup.zsh
[18.524s] -- Installing: /home/thisum/my_ws/install/rosparam_shortcuts/share/rosparam_shortcuts/local_setup.dsv
[18.524s] -- Installing: /home/thisum/my_ws/install/rosparam_shortcuts/share/rosparam_shortcuts/package.dsv
[18.524s] -- Installing: /home/thisum/my_ws/install/rosparam_shortcuts/share/ament_index/resource_index/packages/rosparam_shortcuts
[18.524s] -- Installing: /home/thisum/my_ws/install/rosparam_shortcuts/share/rosparam_shortcuts/cmake/export_rosparam_shortcutsExport.cmake
[18.525s] -- Installing: /home/thisum/my_ws/install/rosparam_shortcuts/share/rosparam_shortcuts/cmake/export_rosparam_shortcutsExport-release.cmake
[18.525s] -- Installing: /home/thisum/my_ws/install/rosparam_shortcuts/share/rosparam_shortcuts/cmake/ament_cmake_export_targets-extras.cmake
[18.525s] -- Installing: /home/thisum/my_ws/install/rosparam_shortcuts/share/rosparam_shortcuts/cmake/ament_cmake_export_dependencies-extras.cmake
[18.526s] -- Installing: /home/thisum/my_ws/install/rosparam_shortcuts/share/rosparam_shortcuts/cmake/rosparam_shortcutsConfig.cmake
[18.526s] -- Installing: /home/thisum/my_ws/install/rosparam_shortcuts/share/rosparam_shortcuts/cmake/rosparam_shortcutsConfig-version.cmake
[18.526s] -- Installing: /home/thisum/my_ws/install/rosparam_shortcuts/share/rosparam_shortcuts/package.xml
[18.530s] Invoked command in '/home/thisum/my_ws/build/rosparam_shortcuts' returned '0': CMAKE_PREFIX_PATH=/opt/ros/humble /usr/bin/cmake --install /home/thisum/my_ws/build/rosparam_shortcuts
