[0.036s] Invoking command in '/home/thisum/my_ws/build/moveit_ros_robot_interaction': AMENT_PREFIX_PATH=/home/thisum/my_ws/install/moveit_ros_planning:/home/thisum/my_ws/install/moveit_ros_occupancy_map_monitor:/home/thisum/my_ws/install/moveit_core:/home/thisum/my_ws/install/moveit_resources_panda_moveit_config:/home/thisum/my_ws/install/srdfdom:/home/thisum/my_ws/install/moveit_resources_pr2_description:/home/thisum/my_ws/install/moveit_resources_panda_description:/home/thisum/my_ws/install/moveit_common:${AMENT_PREFIX_PATH} CMAKE_PREFIX_PATH=/home/thisum/my_ws/install/moveit_ros_planning:/home/thisum/my_ws/install/moveit_ros_occupancy_map_monitor:/home/thisum/my_ws/install/moveit_core:/home/thisum/my_ws/install/moveit_resources_panda_moveit_config:/home/thisum/my_ws/install/srdfdom:/home/thisum/my_ws/install/moveit_resources_pr2_description:/home/thisum/my_ws/install/moveit_resources_panda_description:/home/thisum/my_ws/install/moveit_common:/opt/ros/humble LD_LIBRARY_PATH=/home/thisum/my_ws/install/moveit_ros_planning/lib:/home/thisum/my_ws/install/moveit_ros_occupancy_map_monitor/lib:/home/thisum/my_ws/install/moveit_core/lib:/home/thisum/my_ws/install/srdfdom/lib:${LD_LIBRARY_PATH} PATH=/home/thisum/my_ws/install/moveit_core/bin:${PATH} PYTHONPATH=/home/thisum/my_ws/install/srdfdom/local/lib/python3.10/dist-packages:${PYTHONPATH} /usr/bin/cmake --build /home/thisum/my_ws/build/moveit_ros_robot_interaction -- -j6 -l6
[0.120s] [ 30%] Built target gtest_main
[0.120s] [ 30%] Built target gtest
[0.138s] [ 84%] Built target moveit_robot_interaction
[0.181s] [100%] Built target locked_robot_state_test
[0.198s] Invoked command in '/home/thisum/my_ws/build/moveit_ros_robot_interaction' returned '0': AMENT_PREFIX_PATH=/home/thisum/my_ws/install/moveit_ros_planning:/home/thisum/my_ws/install/moveit_ros_occupancy_map_monitor:/home/thisum/my_ws/install/moveit_core:/home/thisum/my_ws/install/moveit_resources_panda_moveit_config:/home/thisum/my_ws/install/srdfdom:/home/thisum/my_ws/install/moveit_resources_pr2_description:/home/thisum/my_ws/install/moveit_resources_panda_description:/home/thisum/my_ws/install/moveit_common:${AMENT_PREFIX_PATH} CMAKE_PREFIX_PATH=/home/thisum/my_ws/install/moveit_ros_planning:/home/thisum/my_ws/install/moveit_ros_occupancy_map_monitor:/home/thisum/my_ws/install/moveit_core:/home/thisum/my_ws/install/moveit_resources_panda_moveit_config:/home/thisum/my_ws/install/srdfdom:/home/thisum/my_ws/install/moveit_resources_pr2_description:/home/thisum/my_ws/install/moveit_resources_panda_description:/home/thisum/my_ws/install/moveit_common:/opt/ros/humble LD_LIBRARY_PATH=/home/thisum/my_ws/install/moveit_ros_planning/lib:/home/thisum/my_ws/install/moveit_ros_occupancy_map_monitor/lib:/home/thisum/my_ws/install/moveit_core/lib:/home/thisum/my_ws/install/srdfdom/lib:${LD_LIBRARY_PATH} PATH=/home/thisum/my_ws/install/moveit_core/bin:${PATH} PYTHONPATH=/home/thisum/my_ws/install/srdfdom/local/lib/python3.10/dist-packages:${PYTHONPATH} /usr/bin/cmake --build /home/thisum/my_ws/build/moveit_ros_robot_interaction -- -j6 -l6
[0.279s] Invoking command in '/home/thisum/my_ws/build/moveit_ros_robot_interaction': AMENT_PREFIX_PATH=/home/thisum/my_ws/install/moveit_ros_planning:/home/thisum/my_ws/install/moveit_ros_occupancy_map_monitor:/home/thisum/my_ws/install/moveit_core:/home/thisum/my_ws/install/moveit_resources_panda_moveit_config:/home/thisum/my_ws/install/srdfdom:/home/thisum/my_ws/install/moveit_resources_pr2_description:/home/thisum/my_ws/install/moveit_resources_panda_description:/home/thisum/my_ws/install/moveit_common:${AMENT_PREFIX_PATH} CMAKE_PREFIX_PATH=/home/thisum/my_ws/install/moveit_ros_planning:/home/thisum/my_ws/install/moveit_ros_occupancy_map_monitor:/home/thisum/my_ws/install/moveit_core:/home/thisum/my_ws/install/moveit_resources_panda_moveit_config:/home/thisum/my_ws/install/srdfdom:/home/thisum/my_ws/install/moveit_resources_pr2_description:/home/thisum/my_ws/install/moveit_resources_panda_description:/home/thisum/my_ws/install/moveit_common:/opt/ros/humble LD_LIBRARY_PATH=/home/thisum/my_ws/install/moveit_ros_planning/lib:/home/thisum/my_ws/install/moveit_ros_occupancy_map_monitor/lib:/home/thisum/my_ws/install/moveit_core/lib:/home/thisum/my_ws/install/srdfdom/lib:${LD_LIBRARY_PATH} PATH=/home/thisum/my_ws/install/moveit_core/bin:${PATH} PYTHONPATH=/home/thisum/my_ws/install/srdfdom/local/lib/python3.10/dist-packages:${PYTHONPATH} /usr/bin/cmake --install /home/thisum/my_ws/build/moveit_ros_robot_interaction
[0.288s] -- Install configuration: "Release"
[0.289s] -- Up-to-date: /home/thisum/my_ws/install/moveit_ros_robot_interaction/lib/libmoveit_robot_interaction.so.2.5.5
[0.289s] -- Up-to-date: /home/thisum/my_ws/install/moveit_ros_robot_interaction/lib/libmoveit_robot_interaction.so
[0.289s] -- Up-to-date: /home/thisum/my_ws/install/moveit_ros_robot_interaction/include
[0.290s] -- Up-to-date: /home/thisum/my_ws/install/moveit_ros_robot_interaction/include/moveit
[0.290s] -- Up-to-date: /home/thisum/my_ws/install/moveit_ros_robot_interaction/include/moveit/robot_interaction
[0.290s] -- Up-to-date: /home/thisum/my_ws/install/moveit_ros_robot_interaction/include/moveit/robot_interaction/interaction_handler.h
[0.290s] -- Up-to-date: /home/thisum/my_ws/install/moveit_ros_robot_interaction/include/moveit/robot_interaction/kinematic_options.h
[0.290s] -- Up-to-date: /home/thisum/my_ws/install/moveit_ros_robot_interaction/include/moveit/robot_interaction/interaction.h
[0.290s] -- Up-to-date: /home/thisum/my_ws/install/moveit_ros_robot_interaction/include/moveit/robot_interaction/kinematic_options_map.h
[0.290s] -- Up-to-date: /home/thisum/my_ws/install/moveit_ros_robot_interaction/include/moveit/robot_interaction/robot_interaction.h
[0.290s] -- Up-to-date: /home/thisum/my_ws/install/moveit_ros_robot_interaction/include/moveit/robot_interaction/interactive_marker_helpers.h
[0.291s] -- Up-to-date: /home/thisum/my_ws/install/moveit_ros_robot_interaction/include/moveit/robot_interaction/locked_robot_state.h
[0.291s] -- Up-to-date: /home/thisum/my_ws/install/moveit_ros_robot_interaction/include/moveit_robot_interaction_export.h
[0.291s] -- Up-to-date: /home/thisum/my_ws/install/moveit_ros_robot_interaction/share/moveit_ros_robot_interaction/resources
[0.292s] -- Up-to-date: /home/thisum/my_ws/install/moveit_ros_robot_interaction/share/moveit_ros_robot_interaction/resources/access-denied.dae
[0.292s] -- Up-to-date: /home/thisum/my_ws/install/moveit_ros_robot_interaction/share/moveit_ros_robot_interaction/resources/access-denied.stl
[0.292s] -- Up-to-date: /home/thisum/my_ws/install/moveit_ros_robot_interaction/share/moveit_ros_robot_interaction/environment/library_path.sh
[0.293s] -- Up-to-date: /home/thisum/my_ws/install/moveit_ros_robot_interaction/share/moveit_ros_robot_interaction/environment/library_path.dsv
[0.293s] -- Up-to-date: /home/thisum/my_ws/install/moveit_ros_robot_interaction/share/ament_index/resource_index/package_run_dependencies/moveit_ros_robot_interaction
[0.293s] -- Up-to-date: /home/thisum/my_ws/install/moveit_ros_robot_interaction/share/ament_index/resource_index/parent_prefix_path/moveit_ros_robot_interaction
[0.293s] -- Up-to-date: /home/thisum/my_ws/install/moveit_ros_robot_interaction/share/moveit_ros_robot_interaction/environment/ament_prefix_path.sh
[0.293s] -- Up-to-date: /home/thisum/my_ws/install/moveit_ros_robot_interaction/share/moveit_ros_robot_interaction/environment/ament_prefix_path.dsv
[0.293s] -- Up-to-date: /home/thisum/my_ws/install/moveit_ros_robot_interaction/share/moveit_ros_robot_interaction/environment/path.sh
[0.293s] -- Up-to-date: /home/thisum/my_ws/install/moveit_ros_robot_interaction/share/moveit_ros_robot_interaction/environment/path.dsv
[0.293s] -- Up-to-date: /home/thisum/my_ws/install/moveit_ros_robot_interaction/share/moveit_ros_robot_interaction/local_setup.bash
[0.293s] -- Up-to-date: /home/thisum/my_ws/install/moveit_ros_robot_interaction/share/moveit_ros_robot_interaction/local_setup.sh
[0.293s] -- Up-to-date: /home/thisum/my_ws/install/moveit_ros_robot_interaction/share/moveit_ros_robot_interaction/local_setup.zsh
[0.293s] -- Up-to-date: /home/thisum/my_ws/install/moveit_ros_robot_interaction/share/moveit_ros_robot_interaction/local_setup.dsv
[0.293s] -- Installing: /home/thisum/my_ws/install/moveit_ros_robot_interaction/share/moveit_ros_robot_interaction/package.dsv
[0.293s] -- Up-to-date: /home/thisum/my_ws/install/moveit_ros_robot_interaction/share/ament_index/resource_index/packages/moveit_ros_robot_interaction
[0.293s] -- Up-to-date: /home/thisum/my_ws/install/moveit_ros_robot_interaction/share/moveit_ros_robot_interaction/cmake/export_moveit_ros_robot_interactionExport.cmake
[0.293s] -- Up-to-date: /home/thisum/my_ws/install/moveit_ros_robot_interaction/share/moveit_ros_robot_interaction/cmake/export_moveit_ros_robot_interactionExport-release.cmake
[0.293s] -- Up-to-date: /home/thisum/my_ws/install/moveit_ros_robot_interaction/share/moveit_ros_robot_interaction/cmake/ament_cmake_export_targets-extras.cmake
[0.294s] -- Up-to-date: /home/thisum/my_ws/install/moveit_ros_robot_interaction/share/moveit_ros_robot_interaction/cmake/ament_cmake_export_dependencies-extras.cmake
[0.294s] -- Up-to-date: /home/thisum/my_ws/install/moveit_ros_robot_interaction/share/moveit_ros_robot_interaction/cmake/moveit_ros_robot_interactionConfig.cmake
[0.294s] -- Up-to-date: /home/thisum/my_ws/install/moveit_ros_robot_interaction/share/moveit_ros_robot_interaction/cmake/moveit_ros_robot_interactionConfig-version.cmake
[0.294s] -- Up-to-date: /home/thisum/my_ws/install/moveit_ros_robot_interaction/share/moveit_ros_robot_interaction/package.xml
[0.305s] Invoked command in '/home/thisum/my_ws/build/moveit_ros_robot_interaction' returned '0': AMENT_PREFIX_PATH=/home/thisum/my_ws/install/moveit_ros_planning:/home/thisum/my_ws/install/moveit_ros_occupancy_map_monitor:/home/thisum/my_ws/install/moveit_core:/home/thisum/my_ws/install/moveit_resources_panda_moveit_config:/home/thisum/my_ws/install/srdfdom:/home/thisum/my_ws/install/moveit_resources_pr2_description:/home/thisum/my_ws/install/moveit_resources_panda_description:/home/thisum/my_ws/install/moveit_common:${AMENT_PREFIX_PATH} CMAKE_PREFIX_PATH=/home/thisum/my_ws/install/moveit_ros_planning:/home/thisum/my_ws/install/moveit_ros_occupancy_map_monitor:/home/thisum/my_ws/install/moveit_core:/home/thisum/my_ws/install/moveit_resources_panda_moveit_config:/home/thisum/my_ws/install/srdfdom:/home/thisum/my_ws/install/moveit_resources_pr2_description:/home/thisum/my_ws/install/moveit_resources_panda_description:/home/thisum/my_ws/install/moveit_common:/opt/ros/humble LD_LIBRARY_PATH=/home/thisum/my_ws/install/moveit_ros_planning/lib:/home/thisum/my_ws/install/moveit_ros_occupancy_map_monitor/lib:/home/thisum/my_ws/install/moveit_core/lib:/home/thisum/my_ws/install/srdfdom/lib:${LD_LIBRARY_PATH} PATH=/home/thisum/my_ws/install/moveit_core/bin:${PATH} PYTHONPATH=/home/thisum/my_ws/install/srdfdom/local/lib/python3.10/dist-packages:${PYTHONPATH} /usr/bin/cmake --install /home/thisum/my_ws/build/moveit_ros_robot_interaction
