[0.000000] (-) TimerEvent: {}
[0.000200] (-) JobUnselected: {'identifier': 'arm_config'}
[0.000230] (-) JobUnselected: {'identifier': 'chomp_motion_planner'}
[0.000248] (-) JobUnselected: {'identifier': 'launch_param_builder'}
[0.000263] (-) JobUnselected: {'identifier': 'moveit'}
[0.000276] (-) JobUnselected: {'identifier': 'moveit2_tutorials'}
[0.000289] (-) JobUnselected: {'identifier': 'moveit_chomp_optimizer_adapter'}
[0.000301] (-) JobUnselected: {'identifier': 'moveit_common'}
[0.000315] (-) JobUnselected: {'identifier': 'moveit_configs_utils'}
[0.000328] (-) JobUnselected: {'identifier': 'moveit_core'}
[0.000340] (-) JobUnselected: {'identifier': 'moveit_hybrid_planning'}
[0.000352] (-) JobUnselected: {'identifier': 'moveit_kinematics'}
[0.000364] (-) JobUnselected: {'identifier': 'moveit_planners'}
[0.000375] (-) JobUnselected: {'identifier': 'moveit_planners_chomp'}
[0.000387] (-) JobUnselected: {'identifier': 'moveit_planners_ompl'}
[0.000398] (-) JobUnselected: {'identifier': 'moveit_plugins'}
[0.000410] (-) JobUnselected: {'identifier': 'moveit_resources'}
[0.000422] (-) JobUnselected: {'identifier': 'moveit_resources_fanuc_description'}
[0.000434] (-) JobUnselected: {'identifier': 'moveit_resources_fanuc_moveit_config'}
[0.000446] (-) JobUnselected: {'identifier': 'moveit_resources_panda_description'}
[0.000458] (-) JobUnselected: {'identifier': 'moveit_resources_panda_moveit_config'}
[0.000470] (-) JobUnselected: {'identifier': 'moveit_resources_pr2_description'}
[0.000482] (-) JobUnselected: {'identifier': 'moveit_resources_prbt_ikfast_manipulator_plugin'}
[0.000493] (-) JobUnselected: {'identifier': 'moveit_resources_prbt_moveit_config'}
[0.000505] (-) JobUnselected: {'identifier': 'moveit_resources_prbt_pg70_support'}
[0.000517] (-) JobUnselected: {'identifier': 'moveit_resources_prbt_support'}
[0.000529] (-) JobUnselected: {'identifier': 'moveit_ros'}
[0.000541] (-) JobUnselected: {'identifier': 'moveit_ros_benchmarks'}
[0.000553] (-) JobUnselected: {'identifier': 'moveit_ros_control_interface'}
[0.000565] (-) JobUnselected: {'identifier': 'moveit_ros_move_group'}
[0.000576] (-) JobUnselected: {'identifier': 'moveit_ros_occupancy_map_monitor'}
[0.000588] (-) JobUnselected: {'identifier': 'moveit_ros_perception'}
[0.000599] (-) JobUnselected: {'identifier': 'moveit_ros_planning'}
[0.000611] (-) JobUnselected: {'identifier': 'moveit_ros_planning_interface'}
[0.000623] (-) JobUnselected: {'identifier': 'moveit_ros_robot_interaction'}
[0.000635] (-) JobUnselected: {'identifier': 'moveit_ros_visualization'}
[0.000647] (-) JobUnselected: {'identifier': 'moveit_ros_warehouse'}
[0.000659] (-) JobUnselected: {'identifier': 'moveit_runtime'}
[0.000670] (-) JobUnselected: {'identifier': 'moveit_servo'}
[0.000682] (-) JobUnselected: {'identifier': 'moveit_setup_app_plugins'}
[0.000693] (-) JobUnselected: {'identifier': 'moveit_setup_assistant'}
[0.000705] (-) JobUnselected: {'identifier': 'moveit_setup_controllers'}
[0.000717] (-) JobUnselected: {'identifier': 'moveit_setup_core_plugins'}
[0.000728] (-) JobUnselected: {'identifier': 'moveit_setup_framework'}
[0.000740] (-) JobUnselected: {'identifier': 'moveit_setup_srdf_plugins'}
[0.000751] (-) JobUnselected: {'identifier': 'moveit_simple_controller_manager'}
[0.000763] (-) JobUnselected: {'identifier': 'moveit_task_constructor_capabilities'}
[0.000774] (-) JobUnselected: {'identifier': 'moveit_task_constructor_core'}
[0.000786] (-) JobUnselected: {'identifier': 'moveit_task_constructor_demo'}
[0.000797] (-) JobUnselected: {'identifier': 'moveit_task_constructor_msgs'}
[0.000809] (-) JobUnselected: {'identifier': 'moveit_task_constructor_visualization'}
[0.000823] (-) JobUnselected: {'identifier': 'moveit_visual_tools'}
[0.000838] (-) JobUnselected: {'identifier': 'narm_config'}
[0.000849] (-) JobUnselected: {'identifier': 'new_full_arm'}
[0.000861] (-) JobUnselected: {'identifier': 'pilz_industrial_motion_planner'}
[0.000872] (-) JobUnselected: {'identifier': 'pilz_industrial_motion_planner_testutils'}
[0.000884] (-) JobUnselected: {'identifier': 'rosparam_shortcuts'}
[0.000905] (-) JobUnselected: {'identifier': 'rviz_marker_tools'}
[0.000917] (-) JobUnselected: {'identifier': 'srdfdom'}
[0.000930] (-) EventReactorShutdown: {}
