[1.086s] Invoking command in '/home/thisum/my_ws/src/launch_param_builder': PYTHONPATH=/home/thisum/my_ws/build/launch_param_builder/prefix_override:/usr/lib/python3/dist-packages/colcon_core/task/python/colcon_distutils_commands:/home/thisum/my_ws/install/launch_param_builder/lib/python3.10/site-packages:${PYTHONPATH} /usr/bin/python3 -W ignore:setup.py install is deprecated setup.py egg_info --egg-base ../../build/launch_param_builder build --build-base /home/thisum/my_ws/build/launch_param_builder/build install --record /home/thisum/my_ws/build/launch_param_builder/install.log --single-version-externally-managed install_data
[1.321s] running egg_info
[1.322s] writing ../../build/launch_param_builder/launch_param_builder.egg-info/PKG-INFO
[1.323s] writing dependency_links to ../../build/launch_param_builder/launch_param_builder.egg-info/dependency_links.txt
[1.323s] writing entry points to ../../build/launch_param_builder/launch_param_builder.egg-info/entry_points.txt
[1.324s] writing requirements to ../../build/launch_param_builder/launch_param_builder.egg-info/requires.txt
[1.325s] writing top-level names to ../../build/launch_param_builder/launch_param_builder.egg-info/top_level.txt
[1.329s] reading manifest file '../../build/launch_param_builder/launch_param_builder.egg-info/SOURCES.txt'
[1.330s] adding license file 'LICENSE'
[1.330s] writing manifest file '../../build/launch_param_builder/launch_param_builder.egg-info/SOURCES.txt'
[1.330s] running build
[1.330s] running build_py
[1.333s] running install
[1.333s] running install_lib
[1.348s] running install_data
[1.352s] running install_egg_info
[1.355s] removing '/home/thisum/my_ws/install/launch_param_builder/lib/python3.10/site-packages/launch_param_builder-0.1.1-py3.10.egg-info' (and everything under it)
[1.356s] Copying ../../build/launch_param_builder/launch_param_builder.egg-info to /home/thisum/my_ws/install/launch_param_builder/lib/python3.10/site-packages/launch_param_builder-0.1.1-py3.10.egg-info
[1.358s] running install_scripts
[1.376s] writing list of installed files to '/home/thisum/my_ws/build/launch_param_builder/install.log'
[1.398s] Invoked command in '/home/thisum/my_ws/src/launch_param_builder' returned '0': PYTHONPATH=/home/thisum/my_ws/build/launch_param_builder/prefix_override:/usr/lib/python3/dist-packages/colcon_core/task/python/colcon_distutils_commands:/home/thisum/my_ws/install/launch_param_builder/lib/python3.10/site-packages:${PYTHONPATH} /usr/bin/python3 -W ignore:setup.py install is deprecated setup.py egg_info --egg-base ../../build/launch_param_builder build --build-base /home/thisum/my_ws/build/launch_param_builder/build install --record /home/thisum/my_ws/build/launch_param_builder/install.log --single-version-externally-managed install_data
