[0.075s] Invoking command in '/home/thisum/my_ws/build/moveit_ros_perception': AMENT_PREFIX_PATH=/home/thisum/my_ws/install/moveit_ros_planning:/home/thisum/my_ws/install/moveit_ros_occupancy_map_monitor:/home/thisum/my_ws/install/moveit_core:/home/thisum/my_ws/install/moveit_resources_panda_moveit_config:/home/thisum/my_ws/install/srdfdom:/home/thisum/my_ws/install/moveit_resources_pr2_description:/home/thisum/my_ws/install/moveit_resources_panda_description:/home/thisum/my_ws/install/moveit_common:${AMENT_PREFIX_PATH} CMAKE_PREFIX_PATH=/home/thisum/my_ws/install/moveit_ros_planning:/home/thisum/my_ws/install/moveit_ros_occupancy_map_monitor:/home/thisum/my_ws/install/moveit_core:/home/thisum/my_ws/install/moveit_resources_panda_moveit_config:/home/thisum/my_ws/install/srdfdom:/home/thisum/my_ws/install/moveit_resources_pr2_description:/home/thisum/my_ws/install/moveit_resources_panda_description:/home/thisum/my_ws/install/moveit_common:/opt/ros/humble LD_LIBRARY_PATH=/home/thisum/my_ws/install/moveit_ros_planning/lib:/home/thisum/my_ws/install/moveit_ros_occupancy_map_monitor/lib:/home/thisum/my_ws/install/moveit_core/lib:/home/thisum/my_ws/install/srdfdom/lib:${LD_LIBRARY_PATH} PATH=/home/thisum/my_ws/install/moveit_core/bin:${PATH} PYTHONPATH=/home/thisum/my_ws/install/srdfdom/local/lib/python3.10/dist-packages:${PYTHONPATH} /usr/bin/cmake --build /home/thisum/my_ws/build/moveit_ros_perception -- -j6 -l6
[0.169s] [ 10%] Built target moveit_lazy_free_space_updater
[0.177s] [ 20%] Built target moveit_point_containment_filter
[0.182s] [ 40%] Built target moveit_semantic_world
[0.187s] [ 60%] Built target moveit_mesh_filter
[0.233s] [ 70%] Built target moveit_pointcloud_octomap_updater_core
[0.234s] [ 80%] Built target moveit_depth_image_octomap_updater_core
[0.280s] [ 90%] Built target moveit_pointcloud_octomap_updater
[0.280s] [100%] Built target moveit_depth_image_octomap_updater
[0.299s] Invoked command in '/home/thisum/my_ws/build/moveit_ros_perception' returned '0': AMENT_PREFIX_PATH=/home/thisum/my_ws/install/moveit_ros_planning:/home/thisum/my_ws/install/moveit_ros_occupancy_map_monitor:/home/thisum/my_ws/install/moveit_core:/home/thisum/my_ws/install/moveit_resources_panda_moveit_config:/home/thisum/my_ws/install/srdfdom:/home/thisum/my_ws/install/moveit_resources_pr2_description:/home/thisum/my_ws/install/moveit_resources_panda_description:/home/thisum/my_ws/install/moveit_common:${AMENT_PREFIX_PATH} CMAKE_PREFIX_PATH=/home/thisum/my_ws/install/moveit_ros_planning:/home/thisum/my_ws/install/moveit_ros_occupancy_map_monitor:/home/thisum/my_ws/install/moveit_core:/home/thisum/my_ws/install/moveit_resources_panda_moveit_config:/home/thisum/my_ws/install/srdfdom:/home/thisum/my_ws/install/moveit_resources_pr2_description:/home/thisum/my_ws/install/moveit_resources_panda_description:/home/thisum/my_ws/install/moveit_common:/opt/ros/humble LD_LIBRARY_PATH=/home/thisum/my_ws/install/moveit_ros_planning/lib:/home/thisum/my_ws/install/moveit_ros_occupancy_map_monitor/lib:/home/thisum/my_ws/install/moveit_core/lib:/home/thisum/my_ws/install/srdfdom/lib:${LD_LIBRARY_PATH} PATH=/home/thisum/my_ws/install/moveit_core/bin:${PATH} PYTHONPATH=/home/thisum/my_ws/install/srdfdom/local/lib/python3.10/dist-packages:${PYTHONPATH} /usr/bin/cmake --build /home/thisum/my_ws/build/moveit_ros_perception -- -j6 -l6
[0.355s] Invoking command in '/home/thisum/my_ws/build/moveit_ros_perception': AMENT_PREFIX_PATH=/home/thisum/my_ws/install/moveit_ros_planning:/home/thisum/my_ws/install/moveit_ros_occupancy_map_monitor:/home/thisum/my_ws/install/moveit_core:/home/thisum/my_ws/install/moveit_resources_panda_moveit_config:/home/thisum/my_ws/install/srdfdom:/home/thisum/my_ws/install/moveit_resources_pr2_description:/home/thisum/my_ws/install/moveit_resources_panda_description:/home/thisum/my_ws/install/moveit_common:${AMENT_PREFIX_PATH} CMAKE_PREFIX_PATH=/home/thisum/my_ws/install/moveit_ros_planning:/home/thisum/my_ws/install/moveit_ros_occupancy_map_monitor:/home/thisum/my_ws/install/moveit_core:/home/thisum/my_ws/install/moveit_resources_panda_moveit_config:/home/thisum/my_ws/install/srdfdom:/home/thisum/my_ws/install/moveit_resources_pr2_description:/home/thisum/my_ws/install/moveit_resources_panda_description:/home/thisum/my_ws/install/moveit_common:/opt/ros/humble LD_LIBRARY_PATH=/home/thisum/my_ws/install/moveit_ros_planning/lib:/home/thisum/my_ws/install/moveit_ros_occupancy_map_monitor/lib:/home/thisum/my_ws/install/moveit_core/lib:/home/thisum/my_ws/install/srdfdom/lib:${LD_LIBRARY_PATH} PATH=/home/thisum/my_ws/install/moveit_core/bin:${PATH} PYTHONPATH=/home/thisum/my_ws/install/srdfdom/local/lib/python3.10/dist-packages:${PYTHONPATH} /usr/bin/cmake --install /home/thisum/my_ws/build/moveit_ros_perception
[0.366s] -- Install configuration: "Release"
[0.366s] -- Up-to-date: /home/thisum/my_ws/install/moveit_ros_perception/include
[0.366s] -- Up-to-date: /home/thisum/my_ws/install/moveit_ros_perception/include/moveit
[0.366s] -- Up-to-date: /home/thisum/my_ws/install/moveit_ros_perception/include/moveit/lazy_free_space_updater
[0.367s] -- Up-to-date: /home/thisum/my_ws/install/moveit_ros_perception/include/moveit/lazy_free_space_updater/lazy_free_space_updater.h
[0.367s] -- Up-to-date: /home/thisum/my_ws/install/moveit_ros_perception/include
[0.367s] -- Up-to-date: /home/thisum/my_ws/install/moveit_ros_perception/include/moveit
[0.367s] -- Up-to-date: /home/thisum/my_ws/install/moveit_ros_perception/include/moveit/point_containment_filter
[0.367s] -- Up-to-date: /home/thisum/my_ws/install/moveit_ros_perception/include/moveit/point_containment_filter/shape_mask.h
[0.367s] -- Up-to-date: /home/thisum/my_ws/install/moveit_ros_perception/include
[0.368s] -- Up-to-date: /home/thisum/my_ws/install/moveit_ros_perception/include/moveit
[0.368s] -- Up-to-date: /home/thisum/my_ws/install/moveit_ros_perception/include/moveit/pointcloud_octomap_updater
[0.368s] -- Up-to-date: /home/thisum/my_ws/install/moveit_ros_perception/include/moveit/pointcloud_octomap_updater/pointcloud_octomap_updater.h
[0.368s] -- Up-to-date: /home/thisum/my_ws/install/moveit_ros_perception/include
[0.370s] -- Up-to-date: /home/thisum/my_ws/install/moveit_ros_perception/include/moveit
[0.370s] -- Up-to-date: /home/thisum/my_ws/install/moveit_ros_perception/include/moveit/mesh_filter
[0.370s] -- Up-to-date: /home/thisum/my_ws/install/moveit_ros_perception/include/moveit/mesh_filter/transform_provider.h
[0.370s] -- Up-to-date: /home/thisum/my_ws/install/moveit_ros_perception/include/moveit/mesh_filter/gl_mesh.h
[0.370s] -- Up-to-date: /home/thisum/my_ws/install/moveit_ros_perception/include/moveit/mesh_filter/stereo_camera_model.h
[0.370s] -- Up-to-date: /home/thisum/my_ws/install/moveit_ros_perception/include/moveit/mesh_filter/sensor_model.h
[0.371s] -- Up-to-date: /home/thisum/my_ws/install/moveit_ros_perception/include/moveit/mesh_filter/mesh_filter_base.h
[0.371s] -- Up-to-date: /home/thisum/my_ws/install/moveit_ros_perception/include/moveit/mesh_filter/depth_self_filter_nodelet.h
[0.371s] -- Up-to-date: /home/thisum/my_ws/install/moveit_ros_perception/include/moveit/mesh_filter/gl_renderer.h
[0.371s] -- Up-to-date: /home/thisum/my_ws/install/moveit_ros_perception/include/moveit/mesh_filter/filter_job.h
[0.371s] -- Up-to-date: /home/thisum/my_ws/install/moveit_ros_perception/include/moveit/mesh_filter/mesh_filter.h
[0.372s] -- Up-to-date: /home/thisum/my_ws/install/moveit_ros_perception/include/moveit_mesh_filter_export.h
[0.372s] -- Up-to-date: /home/thisum/my_ws/install/moveit_ros_perception/include
[0.372s] -- Up-to-date: /home/thisum/my_ws/install/moveit_ros_perception/include/moveit
[0.372s] -- Up-to-date: /home/thisum/my_ws/install/moveit_ros_perception/include/moveit/depth_image_octomap_updater
[0.372s] -- Up-to-date: /home/thisum/my_ws/install/moveit_ros_perception/include/moveit/depth_image_octomap_updater/depth_image_octomap_updater.h
[0.372s] -- Up-to-date: /home/thisum/my_ws/install/moveit_ros_perception/include
[0.372s] -- Up-to-date: /home/thisum/my_ws/install/moveit_ros_perception/include/moveit
[0.372s] -- Up-to-date: /home/thisum/my_ws/install/moveit_ros_perception/include/moveit/semantic_world
[0.373s] -- Up-to-date: /home/thisum/my_ws/install/moveit_ros_perception/include/moveit/semantic_world/semantic_world.h
[0.373s] -- Up-to-date: /home/thisum/my_ws/install/moveit_ros_perception/lib/libmoveit_depth_image_octomap_updater.so.2.5.5
[0.373s] -- Up-to-date: /home/thisum/my_ws/install/moveit_ros_perception/lib/libmoveit_depth_image_octomap_updater.so
[0.373s] -- Up-to-date: /home/thisum/my_ws/install/moveit_ros_perception/lib/libmoveit_depth_image_octomap_updater_core.so.2.5.5
[0.373s] -- Up-to-date: /home/thisum/my_ws/install/moveit_ros_perception/lib/libmoveit_depth_image_octomap_updater_core.so
[0.373s] -- Up-to-date: /home/thisum/my_ws/install/moveit_ros_perception/lib/libmoveit_lazy_free_space_updater.so.2.5.5
[0.373s] -- Up-to-date: /home/thisum/my_ws/install/moveit_ros_perception/lib/libmoveit_lazy_free_space_updater.so
[0.377s] -- Up-to-date: /home/thisum/my_ws/install/moveit_ros_perception/lib/libmoveit_mesh_filter.so.2.5.5
[0.377s] -- Up-to-date: /home/thisum/my_ws/install/moveit_ros_perception/lib/libmoveit_mesh_filter.so
[0.377s] -- Up-to-date: /home/thisum/my_ws/install/moveit_ros_perception/lib/libmoveit_point_containment_filter.so.2.5.5
[0.377s] -- Up-to-date: /home/thisum/my_ws/install/moveit_ros_perception/lib/libmoveit_point_containment_filter.so
[0.378s] -- Up-to-date: /home/thisum/my_ws/install/moveit_ros_perception/lib/libmoveit_pointcloud_octomap_updater.so.2.5.5
[0.378s] -- Up-to-date: /home/thisum/my_ws/install/moveit_ros_perception/lib/libmoveit_pointcloud_octomap_updater.so
[0.378s] -- Up-to-date: /home/thisum/my_ws/install/moveit_ros_perception/lib/libmoveit_pointcloud_octomap_updater_core.so.2.5.5
[0.391s] -- Up-to-date: /home/thisum/my_ws/install/moveit_ros_perception/lib/libmoveit_pointcloud_octomap_updater_core.so
[0.392s] -- Up-to-date: /home/thisum/my_ws/install/moveit_ros_perception/lib/libmoveit_semantic_world.so.2.5.5
[0.392s] -- Up-to-date: /home/thisum/my_ws/install/moveit_ros_perception/lib/libmoveit_semantic_world.so
[0.392s] -- Up-to-date: /home/thisum/my_ws/install/moveit_ros_perception/share/moveit_ros_perception/environment/library_path.sh
[0.392s] -- Up-to-date: /home/thisum/my_ws/install/moveit_ros_perception/share/moveit_ros_perception/environment/library_path.dsv
[0.392s] -- Up-to-date: /home/thisum/my_ws/install/moveit_ros_perception/share/moveit_ros_perception/pointcloud_octomap_updater_plugin_description.xml
[0.392s] -- Up-to-date: /home/thisum/my_ws/install/moveit_ros_perception/share/moveit_ros_perception/depth_image_octomap_updater_plugin_description.xml
[0.392s] -- Up-to-date: /home/thisum/my_ws/install/moveit_ros_perception/share/ament_index/resource_index/package_run_dependencies/moveit_ros_perception
[0.392s] -- Up-to-date: /home/thisum/my_ws/install/moveit_ros_perception/share/ament_index/resource_index/parent_prefix_path/moveit_ros_perception
[0.392s] -- Up-to-date: /home/thisum/my_ws/install/moveit_ros_perception/share/moveit_ros_perception/environment/ament_prefix_path.sh
[0.393s] -- Up-to-date: /home/thisum/my_ws/install/moveit_ros_perception/share/moveit_ros_perception/environment/ament_prefix_path.dsv
[0.393s] -- Up-to-date: /home/thisum/my_ws/install/moveit_ros_perception/share/moveit_ros_perception/environment/path.sh
[0.393s] -- Up-to-date: /home/thisum/my_ws/install/moveit_ros_perception/share/moveit_ros_perception/environment/path.dsv
[0.393s] -- Up-to-date: /home/thisum/my_ws/install/moveit_ros_perception/share/moveit_ros_perception/local_setup.bash
[0.393s] -- Up-to-date: /home/thisum/my_ws/install/moveit_ros_perception/share/moveit_ros_perception/local_setup.sh
[0.393s] -- Up-to-date: /home/thisum/my_ws/install/moveit_ros_perception/share/moveit_ros_perception/local_setup.zsh
[0.393s] -- Up-to-date: /home/thisum/my_ws/install/moveit_ros_perception/share/moveit_ros_perception/local_setup.dsv
[0.393s] -- Installing: /home/thisum/my_ws/install/moveit_ros_perception/share/moveit_ros_perception/package.dsv
[0.393s] -- Up-to-date: /home/thisum/my_ws/install/moveit_ros_perception/share/ament_index/resource_index/packages/moveit_ros_perception
[0.394s] -- Up-to-date: /home/thisum/my_ws/install/moveit_ros_perception/share/ament_index/resource_index/moveit_ros_occupancy_map_monitor__pluginlib__plugin/moveit_ros_perception
[0.394s] -- Up-to-date: /home/thisum/my_ws/install/moveit_ros_perception/share/moveit_ros_perception/cmake/export_moveit_ros_perceptionExport.cmake
[0.394s] -- Up-to-date: /home/thisum/my_ws/install/moveit_ros_perception/share/moveit_ros_perception/cmake/export_moveit_ros_perceptionExport-release.cmake
[0.394s] -- Up-to-date: /home/thisum/my_ws/install/moveit_ros_perception/share/moveit_ros_perception/cmake/ConfigExtras.cmake
[0.394s] -- Up-to-date: /home/thisum/my_ws/install/moveit_ros_perception/share/moveit_ros_perception/cmake/ament_cmake_export_targets-extras.cmake
[0.394s] -- Up-to-date: /home/thisum/my_ws/install/moveit_ros_perception/share/moveit_ros_perception/cmake/ament_cmake_export_dependencies-extras.cmake
[0.394s] -- Up-to-date: /home/thisum/my_ws/install/moveit_ros_perception/share/moveit_ros_perception/cmake/moveit_ros_perceptionConfig.cmake
[0.394s] -- Up-to-date: /home/thisum/my_ws/install/moveit_ros_perception/share/moveit_ros_perception/cmake/moveit_ros_perceptionConfig-version.cmake
[0.395s] -- Up-to-date: /home/thisum/my_ws/install/moveit_ros_perception/share/moveit_ros_perception/package.xml
[0.395s] Invoked command in '/home/thisum/my_ws/build/moveit_ros_perception' returned '0': AMENT_PREFIX_PATH=/home/thisum/my_ws/install/moveit_ros_planning:/home/thisum/my_ws/install/moveit_ros_occupancy_map_monitor:/home/thisum/my_ws/install/moveit_core:/home/thisum/my_ws/install/moveit_resources_panda_moveit_config:/home/thisum/my_ws/install/srdfdom:/home/thisum/my_ws/install/moveit_resources_pr2_description:/home/thisum/my_ws/install/moveit_resources_panda_description:/home/thisum/my_ws/install/moveit_common:${AMENT_PREFIX_PATH} CMAKE_PREFIX_PATH=/home/thisum/my_ws/install/moveit_ros_planning:/home/thisum/my_ws/install/moveit_ros_occupancy_map_monitor:/home/thisum/my_ws/install/moveit_core:/home/thisum/my_ws/install/moveit_resources_panda_moveit_config:/home/thisum/my_ws/install/srdfdom:/home/thisum/my_ws/install/moveit_resources_pr2_description:/home/thisum/my_ws/install/moveit_resources_panda_description:/home/thisum/my_ws/install/moveit_common:/opt/ros/humble LD_LIBRARY_PATH=/home/thisum/my_ws/install/moveit_ros_planning/lib:/home/thisum/my_ws/install/moveit_ros_occupancy_map_monitor/lib:/home/thisum/my_ws/install/moveit_core/lib:/home/thisum/my_ws/install/srdfdom/lib:${LD_LIBRARY_PATH} PATH=/home/thisum/my_ws/install/moveit_core/bin:${PATH} PYTHONPATH=/home/thisum/my_ws/install/srdfdom/local/lib/python3.10/dist-packages:${PYTHONPATH} /usr/bin/cmake --install /home/thisum/my_ws/build/moveit_ros_perception
