[0.010s] Invoking command in '/home/thisum/my_ws/build/moveit_resources_fanuc_description': CMAKE_PREFIX_PATH=/opt/ros/humble /usr/bin/cmake --build /home/thisum/my_ws/build/moveit_resources_fanuc_description -- -j6 -l6
[0.071s] Invoked command in '/home/thisum/my_ws/build/moveit_resources_fanuc_description' returned '0': CMAKE_PREFIX_PATH=/opt/ros/humble /usr/bin/cmake --build /home/thisum/my_ws/build/moveit_resources_fanuc_description -- -j6 -l6
[0.124s] Invoking command in '/home/thisum/my_ws/build/moveit_resources_fanuc_description': CMAKE_PREFIX_PATH=/opt/ros/humble /usr/bin/cmake --install /home/thisum/my_ws/build/moveit_resources_fanuc_description
[0.133s] -- Install configuration: "Release"
[0.134s] -- Up-to-date: /home/thisum/my_ws/install/moveit_resources_fanuc_description/share/ament_index/resource_index/package_run_dependencies/moveit_resources_fanuc_description
[0.134s] -- Up-to-date: /home/thisum/my_ws/install/moveit_resources_fanuc_description/share/ament_index/resource_index/parent_prefix_path/moveit_resources_fanuc_description
[0.134s] -- Up-to-date: /home/thisum/my_ws/install/moveit_resources_fanuc_description/share/moveit_resources_fanuc_description/environment/ament_prefix_path.sh
[0.134s] -- Up-to-date: /home/thisum/my_ws/install/moveit_resources_fanuc_description/share/moveit_resources_fanuc_description/environment/ament_prefix_path.dsv
[0.134s] -- Up-to-date: /home/thisum/my_ws/install/moveit_resources_fanuc_description/share/moveit_resources_fanuc_description/environment/path.sh
[0.134s] -- Up-to-date: /home/thisum/my_ws/install/moveit_resources_fanuc_description/share/moveit_resources_fanuc_description/environment/path.dsv
[0.135s] -- Up-to-date: /home/thisum/my_ws/install/moveit_resources_fanuc_description/share/moveit_resources_fanuc_description/local_setup.bash
[0.135s] -- Up-to-date: /home/thisum/my_ws/install/moveit_resources_fanuc_description/share/moveit_resources_fanuc_description/local_setup.sh
[0.135s] -- Up-to-date: /home/thisum/my_ws/install/moveit_resources_fanuc_description/share/moveit_resources_fanuc_description/local_setup.zsh
[0.135s] -- Up-to-date: /home/thisum/my_ws/install/moveit_resources_fanuc_description/share/moveit_resources_fanuc_description/local_setup.dsv
[0.136s] -- Installing: /home/thisum/my_ws/install/moveit_resources_fanuc_description/share/moveit_resources_fanuc_description/package.dsv
[0.136s] -- Up-to-date: /home/thisum/my_ws/install/moveit_resources_fanuc_description/share/ament_index/resource_index/packages/moveit_resources_fanuc_description
[0.136s] -- Up-to-date: /home/thisum/my_ws/install/moveit_resources_fanuc_description/share/moveit_resources_fanuc_description/cmake/moveit_resources_fanuc_descriptionConfig.cmake
[0.136s] -- Up-to-date: /home/thisum/my_ws/install/moveit_resources_fanuc_description/share/moveit_resources_fanuc_description/cmake/moveit_resources_fanuc_descriptionConfig-version.cmake
[0.136s] -- Up-to-date: /home/thisum/my_ws/install/moveit_resources_fanuc_description/share/moveit_resources_fanuc_description/package.xml
[0.136s] -- Up-to-date: /home/thisum/my_ws/install/moveit_resources_fanuc_description/share/moveit_resources_fanuc_description/meshes
[0.136s] -- Up-to-date: /home/thisum/my_ws/install/moveit_resources_fanuc_description/share/moveit_resources_fanuc_description/meshes/collision
[0.136s] -- Up-to-date: /home/thisum/my_ws/install/moveit_resources_fanuc_description/share/moveit_resources_fanuc_description/meshes/collision/link_5.stl
[0.136s] -- Up-to-date: /home/thisum/my_ws/install/moveit_resources_fanuc_description/share/moveit_resources_fanuc_description/meshes/collision/link_2.stl
[0.136s] -- Up-to-date: /home/thisum/my_ws/install/moveit_resources_fanuc_description/share/moveit_resources_fanuc_description/meshes/collision/base_link.stl
[0.136s] -- Up-to-date: /home/thisum/my_ws/install/moveit_resources_fanuc_description/share/moveit_resources_fanuc_description/meshes/collision/link_3.stl
[0.136s] -- Up-to-date: /home/thisum/my_ws/install/moveit_resources_fanuc_description/share/moveit_resources_fanuc_description/meshes/collision/link_4.stl
[0.136s] -- Up-to-date: /home/thisum/my_ws/install/moveit_resources_fanuc_description/share/moveit_resources_fanuc_description/meshes/collision/link_6.stl
[0.137s] -- Up-to-date: /home/thisum/my_ws/install/moveit_resources_fanuc_description/share/moveit_resources_fanuc_description/meshes/collision/link_1.stl
[0.137s] -- Up-to-date: /home/thisum/my_ws/install/moveit_resources_fanuc_description/share/moveit_resources_fanuc_description/meshes/visual
[0.137s] -- Up-to-date: /home/thisum/my_ws/install/moveit_resources_fanuc_description/share/moveit_resources_fanuc_description/meshes/visual/link_5.stl
[0.137s] -- Up-to-date: /home/thisum/my_ws/install/moveit_resources_fanuc_description/share/moveit_resources_fanuc_description/meshes/visual/link_2.stl
[0.137s] -- Up-to-date: /home/thisum/my_ws/install/moveit_resources_fanuc_description/share/moveit_resources_fanuc_description/meshes/visual/base_link.stl
[0.137s] -- Up-to-date: /home/thisum/my_ws/install/moveit_resources_fanuc_description/share/moveit_resources_fanuc_description/meshes/visual/link_3.stl
[0.137s] -- Up-to-date: /home/thisum/my_ws/install/moveit_resources_fanuc_description/share/moveit_resources_fanuc_description/meshes/visual/link_4.stl
[0.137s] -- Up-to-date: /home/thisum/my_ws/install/moveit_resources_fanuc_description/share/moveit_resources_fanuc_description/meshes/visual/link_6.stl
[0.137s] -- Up-to-date: /home/thisum/my_ws/install/moveit_resources_fanuc_description/share/moveit_resources_fanuc_description/meshes/visual/link_1.stl
[0.137s] -- Up-to-date: /home/thisum/my_ws/install/moveit_resources_fanuc_description/share/moveit_resources_fanuc_description/urdf
[0.137s] -- Up-to-date: /home/thisum/my_ws/install/moveit_resources_fanuc_description/share/moveit_resources_fanuc_description/urdf/fanuc.urdf
[0.140s] Invoked command in '/home/thisum/my_ws/build/moveit_resources_fanuc_description' returned '0': CMAKE_PREFIX_PATH=/opt/ros/humble /usr/bin/cmake --install /home/thisum/my_ws/build/moveit_resources_fanuc_description
