[0.156s] Invoking command in '/home/thisum/my_ws/src/build/pilz_industrial_motion_planner': AMENT_PREFIX_PATH=/home/thisum/my_ws/src/install/moveit_resources_prbt_pg70_support:/home/thisum/my_ws/src/install/moveit_ros_planning_interface:/home/thisum/my_ws/src/install/moveit_resources_prbt_moveit_config:/home/thisum/my_ws/src/install/moveit_ros_move_group:/home/thisum/my_ws/src/install/moveit_ros_warehouse:/home/thisum/my_ws/src/install/moveit_planners_ompl:/home/thisum/my_ws/src/install/moveit_kinematics:/home/thisum/my_ws/src/install/moveit_ros_planning:/home/thisum/my_ws/src/install/pilz_industrial_motion_planner_testutils:/home/thisum/my_ws/src/install/moveit_simple_controller_manager:/home/thisum/my_ws/src/install/moveit_ros_occupancy_map_monitor:/home/thisum/my_ws/src/install/moveit_resources_prbt_ikfast_manipulator_plugin:/home/thisum/my_ws/src/install/moveit_core:/home/thisum/my_ws/src/install/moveit_resources_panda_moveit_config:/home/thisum/my_ws/src/install/moveit_resources_fanuc_moveit_config:/home/thisum/my_ws/src/install/moveit_configs_utils:/home/thisum/my_ws/src/install/srdfdom:/home/thisum/my_ws/src/install/moveit_resources_prbt_support:/home/thisum/my_ws/src/install/moveit_resources_pr2_description:/home/thisum/my_ws/src/install/moveit_resources_panda_description:/home/thisum/my_ws/src/install/moveit_resources_fanuc_description:/home/thisum/my_ws/src/install/moveit_common:/home/thisum/my_ws/src/install/launch_param_builder:${AMENT_PREFIX_PATH} CMAKE_PREFIX_PATH=/home/thisum/my_ws/src/install/moveit_resources_prbt_pg70_support:/home/thisum/my_ws/src/install/moveit_ros_planning_interface:/home/thisum/my_ws/src/install/moveit_resources_prbt_moveit_config:/home/thisum/my_ws/src/install/moveit_ros_move_group:/home/thisum/my_ws/src/install/moveit_ros_warehouse:/home/thisum/my_ws/src/install/moveit_planners_ompl:/home/thisum/my_ws/src/install/moveit_kinematics:/home/thisum/my_ws/src/install/moveit_ros_planning:/home/thisum/my_ws/src/install/pilz_industrial_motion_planner_testutils:/home/thisum/my_ws/src/install/moveit_simple_controller_manager:/home/thisum/my_ws/src/install/moveit_ros_occupancy_map_monitor:/home/thisum/my_ws/src/install/moveit_resources_prbt_ikfast_manipulator_plugin:/home/thisum/my_ws/src/install/moveit_core:/home/thisum/my_ws/src/install/moveit_resources_panda_moveit_config:/home/thisum/my_ws/src/install/moveit_resources_fanuc_moveit_config:/home/thisum/my_ws/src/install/srdfdom:/home/thisum/my_ws/src/install/moveit_resources_prbt_support:/home/thisum/my_ws/src/install/moveit_resources_pr2_description:/home/thisum/my_ws/src/install/moveit_resources_panda_description:/home/thisum/my_ws/src/install/moveit_resources_fanuc_description:/home/thisum/my_ws/src/install/moveit_common:/home/thisum/my_ws/install/pilz_industrial_motion_planner_testutils:/home/thisum/my_ws/install/moveit_runtime:/home/thisum/my_ws/install/moveit2_tutorials:/home/thisum/my_ws/install/moveit:/home/thisum/my_ws/install/arm_config:/home/thisum/my_ws/install/moveit_planners:/home/thisum/my_ws/install/pilz_industrial_motion_planner:/home/thisum/my_ws/install/moveit_visual_tools:/home/thisum/my_ws/install/moveit_task_constructor_visualization:/home/thisum/my_ws/install/moveit_task_constructor_demo:/home/thisum/my_ws/install/moveit_task_constructor_capabilities:/home/thisum/my_ws/install/moveit_task_constructor_core:/home/thisum/my_ws/install/moveit_ros_control_interface:/home/thisum/my_ws/install/moveit_plugins:/home/thisum/my_ws/install/moveit_simple_controller_manager:/home/thisum/my_ws/install/moveit_setup_assistant:/home/thisum/my_ws/install/moveit_setup_srdf_plugins:/home/thisum/my_ws/install/moveit_setup_core_plugins:/home/thisum/my_ws/install/moveit_setup_controllers:/home/thisum/my_ws/install/moveit_setup_app_plugins:/home/thisum/my_ws/install/moveit_setup_framework:/home/thisum/my_ws/install/moveit_servo:/home/thisum/my_ws/install/moveit_ros:/home/thisum/my_ws/install/moveit_ros_visualization:/home/thisum/my_ws/install/moveit_hybrid_planning:/home/thisum/my_ws/install/moveit_ros_planning_interface:/home/thisum/my_ws/install/moveit_ros_benchmarks:/home/thisum/my_ws/install/moveit_ros_warehouse:/home/thisum/my_ws/install/moveit_ros_robot_interaction:/home/thisum/my_ws/install/moveit_ros_perception:/home/thisum/my_ws/install/moveit_resources_prbt_pg70_support:/home/thisum/my_ws/install/moveit_resources_prbt_moveit_config:/home/thisum/my_ws/install/moveit_ros_move_group:/home/thisum/my_ws/install/moveit_planners_ompl:/home/thisum/my_ws/install/moveit_ros_planning:/home/thisum/my_ws/install/moveit_ros_occupancy_map_monitor:/home/thisum/my_ws/install/moveit_resources_prbt_ikfast_manipulator_plugin:/home/thisum/my_ws/install/moveit_planners_chomp:/home/thisum/my_ws/install/moveit_kinematics:/home/thisum/my_ws/install/moveit_chomp_optimizer_adapter:/home/thisum/my_ws/install/chomp_motion_planner:/home/thisum/my_ws/install/moveit_core:/home/thisum/my_ws/install/srdfdom:/home/thisum/my_ws/install/rviz_marker_tools:/home/thisum/my_ws/install/rosparam_shortcuts:/home/thisum/my_ws/install/new_full_arm:/home/thisum/my_ws/install/moveit_task_constructor_msgs:/home/thisum/my_ws/install/moveit_resources_prbt_support:/home/thisum/my_ws/install/moveit_resources:/home/thisum/my_ws/install/moveit_resources_pr2_description:/home/thisum/my_ws/install/moveit_resources_panda_moveit_config:/home/thisum/my_ws/install/moveit_resources_panda_description:/home/thisum/my_ws/install/moveit_resources_fanuc_moveit_config:/home/thisum/my_ws/install/moveit_resources_fanuc_description:/home/thisum/my_ws/install/moveit_common:/home/thisum/arm_ws/install/x:/home/thisum/arm_ws/install/robotiq_description:/home/thisum/arm_ws/install/robotiq_controllers:/home/thisum/arm_ws/install/arm_config:/home/thisum/my_ws/install/moveit_configs_utils:/home/thisum/my_ws/install/launch_param_builder:/home/thisum/arm_ws/install/moveit_configs_utils:/opt/ros/humble:/home/thisum/arm_ws/install/new_full_arm:/home/thisum/arm_ws/install/moveit_resources_prbt_support:/home/thisum/arm_ws/install/moveit_resources_pr2_description:/home/thisum/arm_ws/install/moveit_resources_panda_description:/home/thisum/arm_ws/install/moveit_resources_fanuc_description:/home/thisum/arm_ws/install/moveit_msgs:/home/thisum/arm_ws/install/moveit_common:/home/thisum/arm_ws/install/kortex_api LD_LIBRARY_PATH=/home/thisum/my_ws/src/install/moveit_ros_planning_interface/lib:/home/thisum/my_ws/src/install/moveit_ros_move_group/lib:/home/thisum/my_ws/src/install/moveit_ros_warehouse/lib:/home/thisum/my_ws/src/install/moveit_planners_ompl/lib:/home/thisum/my_ws/src/install/moveit_kinematics/lib:/home/thisum/my_ws/src/install/moveit_ros_planning/lib:/home/thisum/my_ws/src/install/pilz_industrial_motion_planner_testutils/lib:/home/thisum/my_ws/src/install/moveit_simple_controller_manager/lib:/home/thisum/my_ws/src/install/moveit_ros_occupancy_map_monitor/lib:/home/thisum/my_ws/src/install/moveit_resources_prbt_ikfast_manipulator_plugin/lib:/home/thisum/my_ws/src/install/moveit_core/lib:/home/thisum/my_ws/src/install/srdfdom/lib:${LD_LIBRARY_PATH} PATH=/home/thisum/my_ws/src/install/moveit_core/bin:${PATH} PYTHONPATH=/home/thisum/my_ws/src/install/moveit_configs_utils/lib/python3.10/site-packages:/home/thisum/my_ws/src/install/srdfdom/local/lib/python3.10/dist-packages:/home/thisum/my_ws/src/install/launch_param_builder/lib/python3.10/site-packages:${PYTHONPATH} /usr/bin/cmake /home/thisum/my_ws/src/moveit2/moveit_planners/pilz_industrial_motion_planner -DCMAKE_BUILD_TYPE=Release -DCMAKE_INSTALL_PREFIX=/home/thisum/my_ws/src/install/pilz_industrial_motion_planner
[0.277s] -- The C compiler identification is GNU 11.4.0
[0.362s] -- The CXX compiler identification is GNU 11.4.0
[0.374s] -- Detecting C compiler ABI info
[0.522s] -- Detecting C compiler ABI info - done
[0.530s] -- Check for working C compiler: /usr/bin/cc - skipped
[0.530s] -- Detecting C compile features
[0.531s] -- Detecting C compile features - done
[0.533s] -- Detecting CXX compiler ABI info
[0.697s] -- Detecting CXX compiler ABI info - done
[0.704s] -- Check for working CXX compiler: /usr/bin/c++ - skipped
[0.704s] -- Detecting CXX compile features
[0.705s] -- Detecting CXX compile features - done
[0.709s] -- Found moveit_common: 2.5.5 (/home/thisum/my_ws/src/install/moveit_common/share/moveit_common/cmake)
[0.724s] -- Found ament_cmake: 1.3.9 (/opt/ros/humble/share/ament_cmake/cmake)
[0.943s] -- Found Python3: /usr/bin/python3 (found version "3.10.12") found components: Interpreter 
[1.313s] -- Found libdw: /usr/lib/x86_64-linux-gnu/libdw.so  
[1.323s] -- Could NOT find libbfd (missing: LIBBFD_LIBRARY LIBBFD_INCLUDE_DIR) 
[1.323s] -- BACKWARD_HAS_UNWIND=1
[1.323s] -- BACKWARD_HAS_BACKTRACE=0
[1.323s] -- BACKWARD_HAS_BACKTRACE_SYMBOL=0
[1.323s] -- BACKWARD_HAS_DW=1
[1.323s] -- BACKWARD_HAS_BFD=0
[1.324s] -- Found Backward: /opt/ros/humble/share/backward_ros/cmake  
[1.342s] -- Found eigen3_cmake_module: 0.1.1 (/opt/ros/humble/share/eigen3_cmake_module/cmake)
[1.369s] -- Found Eigen3: TRUE (found version "3.4.0") 
[1.383s] -- Found geometry_msgs: 4.2.4 (/opt/ros/humble/share/geometry_msgs/cmake)
[1.540s] -- Found rosidl_generator_c: 3.1.5 (/opt/ros/humble/share/rosidl_generator_c/cmake)
[1.571s] -- Found rosidl_adapter: 3.1.5 (/opt/ros/humble/share/rosidl_adapter/cmake)
[1.604s] -- Found rosidl_generator_cpp: 3.1.5 (/opt/ros/humble/share/rosidl_generator_cpp/cmake)
[1.647s] -- Using all available rosidl_typesupport_c: rosidl_typesupport_fastrtps_c;rosidl_typesupport_introspection_c
[1.712s] -- Using all available rosidl_typesupport_cpp: rosidl_typesupport_fastrtps_cpp;rosidl_typesupport_introspection_cpp
[1.849s] -- Found moveit_core: 2.5.5 (/home/thisum/my_ws/src/install/moveit_core/share/moveit_core/cmake)
[2.422s] -- Found Boost: /usr/lib/x86_64-linux-gnu/cmake/Boost-1.74.0/BoostConfig.cmake (found version "1.74.0") found components: chrono date_time filesystem iostreams program_options regex serialization system thread 
[2.588s] -- Found parameter_traits: 0.3.8 (/opt/ros/humble/share/parameter_traits/cmake)
[2.771s] -- Found rmw_implementation_cmake: 6.1.2 (/opt/ros/humble/share/rmw_implementation_cmake/cmake)
[2.794s] -- Found rmw_fastrtps_cpp: 6.2.6 (/opt/ros/humble/share/rmw_fastrtps_cpp/cmake)
[3.067s] -- Found OpenSSL: /usr/lib/x86_64-linux-gnu/libcrypto.so (found version "3.0.2")  
[3.114s] -- Found FastRTPS: /opt/ros/humble/include  
[3.215s] -- Using RMW implementation 'rmw_fastrtps_cpp' as default
[3.271s] -- Found Threads: TRUE  
[3.502s] -- Found rclcpp_lifecycle: 16.0.9 (/opt/ros/humble/share/rclcpp_lifecycle/cmake)
[3.586s] -- Found Boost: /usr/lib/x86_64-linux-gnu/cmake/Boost-1.74.0/BoostConfig.cmake (found version "1.74.0") found components: filesystem 
[3.883s] -- library: /usr/lib/x86_64-linux-gnu/libcurl.so
[4.298s] -- Ensuring Eigen3 include directory is part of orocos-kdl CMake target
[5.792s] -- Found moveit_ros_move_group: 2.5.5 (/home/thisum/my_ws/src/install/moveit_ros_move_group/share/moveit_ros_move_group/cmake)
[5.797s] -- Found Boost: /usr/lib/x86_64-linux-gnu/cmake/Boost-1.74.0/BoostConfig.cmake (found version "1.74.0") found components: system filesystem date_time program_options thread 
[6.141s] -- Found Boost: /usr/lib/x86_64-linux-gnu/cmake/Boost-1.74.0/BoostConfig.cmake (found version "1.74.0") found components: system filesystem date_time program_options thread chrono 
[6.488s] -- Found moveit_ros_planning_interface: 2.5.5 (/home/thisum/my_ws/src/install/moveit_ros_planning_interface/share/moveit_ros_planning_interface/cmake)
[6.495s] -- Found Boost: /usr/lib/x86_64-linux-gnu/cmake/Boost-1.74.0/BoostConfig.cmake (found version "1.74.0") found components: date_time filesystem program_options system thread 
[6.674s] -- Found Boost: /usr/lib/x86_64-linux-gnu/cmake/Boost-1.74.0/BoostConfig.cmake (found version "1.74.0") found components: thread system filesystem regex date_time program_options 
[7.104s] -- Found tf2_eigen_kdl: 0.25.7 (/opt/ros/humble/share/tf2_eigen_kdl/cmake)
[7.117s] -- Found Boost: /usr/lib/x86_64-linux-gnu/cmake/Boost-1.74.0/BoostConfig.cmake (found version "1.74.0")  
[7.601s] -- Found ament_cmake_gtest: 1.3.9 (/opt/ros/humble/share/ament_cmake_gtest/cmake)
[7.616s] -- Found ament_cmake_gmock: 1.3.9 (/opt/ros/humble/share/ament_cmake_gmock/cmake)
[7.630s] -- Found ros_testing: 0.4.0 (/opt/ros/humble/share/ros_testing/cmake)
[7.644s] -- Found launch_testing_ament_cmake: 1.0.6 (/opt/ros/humble/share/launch_testing_ament_cmake/cmake)
[7.657s] -- Found python_cmake_module: 0.10.0 (/opt/ros/humble/share/python_cmake_module/cmake)
[7.686s] -- Found PythonInterp: /usr/bin/python3 (found suitable version "3.10.12", minimum required is "3.6") 
[7.698s] -- Found PythonLibs: /usr/lib/x86_64-linux-gnu/libpython3.10.so (found suitable version "3.10.12", minimum required is "3.5") 
[7.698s] -- Using PYTHON_EXECUTABLE: /usr/bin/python3
[7.698s] -- Using PYTHON_INCLUDE_DIRS: /usr/include/python3.10
[7.698s] -- Using PYTHON_LIBRARIES: /usr/lib/x86_64-linux-gnu/libpython3.10.so
[7.733s] -- Found PythonExtra: .so  
[7.739s] -- Found moveit_resources_prbt_support: 2.5.5 (/home/thisum/my_ws/src/install/moveit_resources_prbt_support/share/moveit_resources_prbt_support/cmake)
[7.740s] -- Found moveit_resources_prbt_moveit_config: 2.5.5 (/home/thisum/my_ws/src/install/moveit_resources_prbt_moveit_config/share/moveit_resources_prbt_moveit_config/cmake)
[7.744s] -- Found Boost: /usr/lib/x86_64-linux-gnu/cmake/Boost-1.74.0/BoostConfig.cmake (found version "1.74.0") found components: thread 
[7.749s] -- Found pilz_industrial_motion_planner_testutils: 2.5.5 (/home/thisum/my_ws/src/install/pilz_industrial_motion_planner_testutils/share/pilz_industrial_motion_planner_testutils/cmake)
[7.937s] -- Found gtest sources under '/opt/ros/humble/src/gtest_vendor': C++ tests using 'Google Test' will be built
[8.016s] -- Found gmock sources under '/opt/ros/humble/src/gmock_vendor': C++ tests using 'Google Mock' will be built
[8.038s] -- Found ament_lint_auto: 0.12.11 (/opt/ros/humble/share/ament_lint_auto/cmake)
[8.341s] -- Found launch_testing_ament_cmake: 1.0.6 (/opt/ros/humble/share/launch_testing_ament_cmake/cmake)
[8.341s] -- Found python_cmake_module: 0.10.0 (/opt/ros/humble/share/python_cmake_module/cmake)
[8.369s] -- Using PYTHON_EXECUTABLE: /usr/bin/python3
[8.369s] -- Using PYTHON_INCLUDE_DIRS: /usr/include/python3.10
[8.369s] -- Using PYTHON_LIBRARIES: /usr/lib/x86_64-linux-gnu/libpython3.10.so
[8.400s] -- Added test 'cppcheck' to perform static code analysis on C / C++ code
[8.401s] -- Configured cppcheck include dirs: /home/thisum/my_ws/src/moveit2/moveit_planners/pilz_industrial_motion_planner/include
[8.401s] -- Configured cppcheck exclude dirs and/or files: 
[8.404s] -- Added test 'pep257' to check Python code against some of the docstring style conventions in PEP 257
[8.411s] -- Added test 'xmllint' to check XML markup files
[8.413s] -- Configuring done
[9.093s] -- Generating done
[9.104s] -- Build files have been written to: /home/thisum/my_ws/src/build/pilz_industrial_motion_planner
[9.149s] Invoked command in '/home/thisum/my_ws/src/build/pilz_industrial_motion_planner' returned '0': AMENT_PREFIX_PATH=/home/thisum/my_ws/src/install/moveit_resources_prbt_pg70_support:/home/thisum/my_ws/src/install/moveit_ros_planning_interface:/home/thisum/my_ws/src/install/moveit_resources_prbt_moveit_config:/home/thisum/my_ws/src/install/moveit_ros_move_group:/home/thisum/my_ws/src/install/moveit_ros_warehouse:/home/thisum/my_ws/src/install/moveit_planners_ompl:/home/thisum/my_ws/src/install/moveit_kinematics:/home/thisum/my_ws/src/install/moveit_ros_planning:/home/thisum/my_ws/src/install/pilz_industrial_motion_planner_testutils:/home/thisum/my_ws/src/install/moveit_simple_controller_manager:/home/thisum/my_ws/src/install/moveit_ros_occupancy_map_monitor:/home/thisum/my_ws/src/install/moveit_resources_prbt_ikfast_manipulator_plugin:/home/thisum/my_ws/src/install/moveit_core:/home/thisum/my_ws/src/install/moveit_resources_panda_moveit_config:/home/thisum/my_ws/src/install/moveit_resources_fanuc_moveit_config:/home/thisum/my_ws/src/install/moveit_configs_utils:/home/thisum/my_ws/src/install/srdfdom:/home/thisum/my_ws/src/install/moveit_resources_prbt_support:/home/thisum/my_ws/src/install/moveit_resources_pr2_description:/home/thisum/my_ws/src/install/moveit_resources_panda_description:/home/thisum/my_ws/src/install/moveit_resources_fanuc_description:/home/thisum/my_ws/src/install/moveit_common:/home/thisum/my_ws/src/install/launch_param_builder:${AMENT_PREFIX_PATH} CMAKE_PREFIX_PATH=/home/thisum/my_ws/src/install/moveit_resources_prbt_pg70_support:/home/thisum/my_ws/src/install/moveit_ros_planning_interface:/home/thisum/my_ws/src/install/moveit_resources_prbt_moveit_config:/home/thisum/my_ws/src/install/moveit_ros_move_group:/home/thisum/my_ws/src/install/moveit_ros_warehouse:/home/thisum/my_ws/src/install/moveit_planners_ompl:/home/thisum/my_ws/src/install/moveit_kinematics:/home/thisum/my_ws/src/install/moveit_ros_planning:/home/thisum/my_ws/src/install/pilz_industrial_motion_planner_testutils:/home/thisum/my_ws/src/install/moveit_simple_controller_manager:/home/thisum/my_ws/src/install/moveit_ros_occupancy_map_monitor:/home/thisum/my_ws/src/install/moveit_resources_prbt_ikfast_manipulator_plugin:/home/thisum/my_ws/src/install/moveit_core:/home/thisum/my_ws/src/install/moveit_resources_panda_moveit_config:/home/thisum/my_ws/src/install/moveit_resources_fanuc_moveit_config:/home/thisum/my_ws/src/install/srdfdom:/home/thisum/my_ws/src/install/moveit_resources_prbt_support:/home/thisum/my_ws/src/install/moveit_resources_pr2_description:/home/thisum/my_ws/src/install/moveit_resources_panda_description:/home/thisum/my_ws/src/install/moveit_resources_fanuc_description:/home/thisum/my_ws/src/install/moveit_common:/home/thisum/my_ws/install/pilz_industrial_motion_planner_testutils:/home/thisum/my_ws/install/moveit_runtime:/home/thisum/my_ws/install/moveit2_tutorials:/home/thisum/my_ws/install/moveit:/home/thisum/my_ws/install/arm_config:/home/thisum/my_ws/install/moveit_planners:/home/thisum/my_ws/install/pilz_industrial_motion_planner:/home/thisum/my_ws/install/moveit_visual_tools:/home/thisum/my_ws/install/moveit_task_constructor_visualization:/home/thisum/my_ws/install/moveit_task_constructor_demo:/home/thisum/my_ws/install/moveit_task_constructor_capabilities:/home/thisum/my_ws/install/moveit_task_constructor_core:/home/thisum/my_ws/install/moveit_ros_control_interface:/home/thisum/my_ws/install/moveit_plugins:/home/thisum/my_ws/install/moveit_simple_controller_manager:/home/thisum/my_ws/install/moveit_setup_assistant:/home/thisum/my_ws/install/moveit_setup_srdf_plugins:/home/thisum/my_ws/install/moveit_setup_core_plugins:/home/thisum/my_ws/install/moveit_setup_controllers:/home/thisum/my_ws/install/moveit_setup_app_plugins:/home/thisum/my_ws/install/moveit_setup_framework:/home/thisum/my_ws/install/moveit_servo:/home/thisum/my_ws/install/moveit_ros:/home/thisum/my_ws/install/moveit_ros_visualization:/home/thisum/my_ws/install/moveit_hybrid_planning:/home/thisum/my_ws/install/moveit_ros_planning_interface:/home/thisum/my_ws/install/moveit_ros_benchmarks:/home/thisum/my_ws/install/moveit_ros_warehouse:/home/thisum/my_ws/install/moveit_ros_robot_interaction:/home/thisum/my_ws/install/moveit_ros_perception:/home/thisum/my_ws/install/moveit_resources_prbt_pg70_support:/home/thisum/my_ws/install/moveit_resources_prbt_moveit_config:/home/thisum/my_ws/install/moveit_ros_move_group:/home/thisum/my_ws/install/moveit_planners_ompl:/home/thisum/my_ws/install/moveit_ros_planning:/home/thisum/my_ws/install/moveit_ros_occupancy_map_monitor:/home/thisum/my_ws/install/moveit_resources_prbt_ikfast_manipulator_plugin:/home/thisum/my_ws/install/moveit_planners_chomp:/home/thisum/my_ws/install/moveit_kinematics:/home/thisum/my_ws/install/moveit_chomp_optimizer_adapter:/home/thisum/my_ws/install/chomp_motion_planner:/home/thisum/my_ws/install/moveit_core:/home/thisum/my_ws/install/srdfdom:/home/thisum/my_ws/install/rviz_marker_tools:/home/thisum/my_ws/install/rosparam_shortcuts:/home/thisum/my_ws/install/new_full_arm:/home/thisum/my_ws/install/moveit_task_constructor_msgs:/home/thisum/my_ws/install/moveit_resources_prbt_support:/home/thisum/my_ws/install/moveit_resources:/home/thisum/my_ws/install/moveit_resources_pr2_description:/home/thisum/my_ws/install/moveit_resources_panda_moveit_config:/home/thisum/my_ws/install/moveit_resources_panda_description:/home/thisum/my_ws/install/moveit_resources_fanuc_moveit_config:/home/thisum/my_ws/install/moveit_resources_fanuc_description:/home/thisum/my_ws/install/moveit_common:/home/thisum/arm_ws/install/x:/home/thisum/arm_ws/install/robotiq_description:/home/thisum/arm_ws/install/robotiq_controllers:/home/thisum/arm_ws/install/arm_config:/home/thisum/my_ws/install/moveit_configs_utils:/home/thisum/my_ws/install/launch_param_builder:/home/thisum/arm_ws/install/moveit_configs_utils:/opt/ros/humble:/home/thisum/arm_ws/install/new_full_arm:/home/thisum/arm_ws/install/moveit_resources_prbt_support:/home/thisum/arm_ws/install/moveit_resources_pr2_description:/home/thisum/arm_ws/install/moveit_resources_panda_description:/home/thisum/arm_ws/install/moveit_resources_fanuc_description:/home/thisum/arm_ws/install/moveit_msgs:/home/thisum/arm_ws/install/moveit_common:/home/thisum/arm_ws/install/kortex_api LD_LIBRARY_PATH=/home/thisum/my_ws/src/install/moveit_ros_planning_interface/lib:/home/thisum/my_ws/src/install/moveit_ros_move_group/lib:/home/thisum/my_ws/src/install/moveit_ros_warehouse/lib:/home/thisum/my_ws/src/install/moveit_planners_ompl/lib:/home/thisum/my_ws/src/install/moveit_kinematics/lib:/home/thisum/my_ws/src/install/moveit_ros_planning/lib:/home/thisum/my_ws/src/install/pilz_industrial_motion_planner_testutils/lib:/home/thisum/my_ws/src/install/moveit_simple_controller_manager/lib:/home/thisum/my_ws/src/install/moveit_ros_occupancy_map_monitor/lib:/home/thisum/my_ws/src/install/moveit_resources_prbt_ikfast_manipulator_plugin/lib:/home/thisum/my_ws/src/install/moveit_core/lib:/home/thisum/my_ws/src/install/srdfdom/lib:${LD_LIBRARY_PATH} PATH=/home/thisum/my_ws/src/install/moveit_core/bin:${PATH} PYTHONPATH=/home/thisum/my_ws/src/install/moveit_configs_utils/lib/python3.10/site-packages:/home/thisum/my_ws/src/install/srdfdom/local/lib/python3.10/dist-packages:/home/thisum/my_ws/src/install/launch_param_builder/lib/python3.10/site-packages:${PYTHONPATH} /usr/bin/cmake /home/thisum/my_ws/src/moveit2/moveit_planners/pilz_industrial_motion_planner -DCMAKE_BUILD_TYPE=Release -DCMAKE_INSTALL_PREFIX=/home/thisum/my_ws/src/install/pilz_industrial_motion_planner
[9.153s] Invoking command in '/home/thisum/my_ws/src/build/pilz_industrial_motion_planner': AMENT_PREFIX_PATH=/home/thisum/my_ws/src/install/moveit_resources_prbt_pg70_support:/home/thisum/my_ws/src/install/moveit_ros_planning_interface:/home/thisum/my_ws/src/install/moveit_resources_prbt_moveit_config:/home/thisum/my_ws/src/install/moveit_ros_move_group:/home/thisum/my_ws/src/install/moveit_ros_warehouse:/home/thisum/my_ws/src/install/moveit_planners_ompl:/home/thisum/my_ws/src/install/moveit_kinematics:/home/thisum/my_ws/src/install/moveit_ros_planning:/home/thisum/my_ws/src/install/pilz_industrial_motion_planner_testutils:/home/thisum/my_ws/src/install/moveit_simple_controller_manager:/home/thisum/my_ws/src/install/moveit_ros_occupancy_map_monitor:/home/thisum/my_ws/src/install/moveit_resources_prbt_ikfast_manipulator_plugin:/home/thisum/my_ws/src/install/moveit_core:/home/thisum/my_ws/src/install/moveit_resources_panda_moveit_config:/home/thisum/my_ws/src/install/moveit_resources_fanuc_moveit_config:/home/thisum/my_ws/src/install/moveit_configs_utils:/home/thisum/my_ws/src/install/srdfdom:/home/thisum/my_ws/src/install/moveit_resources_prbt_support:/home/thisum/my_ws/src/install/moveit_resources_pr2_description:/home/thisum/my_ws/src/install/moveit_resources_panda_description:/home/thisum/my_ws/src/install/moveit_resources_fanuc_description:/home/thisum/my_ws/src/install/moveit_common:/home/thisum/my_ws/src/install/launch_param_builder:${AMENT_PREFIX_PATH} CMAKE_PREFIX_PATH=/home/thisum/my_ws/src/install/moveit_resources_prbt_pg70_support:/home/thisum/my_ws/src/install/moveit_ros_planning_interface:/home/thisum/my_ws/src/install/moveit_resources_prbt_moveit_config:/home/thisum/my_ws/src/install/moveit_ros_move_group:/home/thisum/my_ws/src/install/moveit_ros_warehouse:/home/thisum/my_ws/src/install/moveit_planners_ompl:/home/thisum/my_ws/src/install/moveit_kinematics:/home/thisum/my_ws/src/install/moveit_ros_planning:/home/thisum/my_ws/src/install/pilz_industrial_motion_planner_testutils:/home/thisum/my_ws/src/install/moveit_simple_controller_manager:/home/thisum/my_ws/src/install/moveit_ros_occupancy_map_monitor:/home/thisum/my_ws/src/install/moveit_resources_prbt_ikfast_manipulator_plugin:/home/thisum/my_ws/src/install/moveit_core:/home/thisum/my_ws/src/install/moveit_resources_panda_moveit_config:/home/thisum/my_ws/src/install/moveit_resources_fanuc_moveit_config:/home/thisum/my_ws/src/install/srdfdom:/home/thisum/my_ws/src/install/moveit_resources_prbt_support:/home/thisum/my_ws/src/install/moveit_resources_pr2_description:/home/thisum/my_ws/src/install/moveit_resources_panda_description:/home/thisum/my_ws/src/install/moveit_resources_fanuc_description:/home/thisum/my_ws/src/install/moveit_common:/home/thisum/my_ws/install/pilz_industrial_motion_planner_testutils:/home/thisum/my_ws/install/moveit_runtime:/home/thisum/my_ws/install/moveit2_tutorials:/home/thisum/my_ws/install/moveit:/home/thisum/my_ws/install/arm_config:/home/thisum/my_ws/install/moveit_planners:/home/thisum/my_ws/install/pilz_industrial_motion_planner:/home/thisum/my_ws/install/moveit_visual_tools:/home/thisum/my_ws/install/moveit_task_constructor_visualization:/home/thisum/my_ws/install/moveit_task_constructor_demo:/home/thisum/my_ws/install/moveit_task_constructor_capabilities:/home/thisum/my_ws/install/moveit_task_constructor_core:/home/thisum/my_ws/install/moveit_ros_control_interface:/home/thisum/my_ws/install/moveit_plugins:/home/thisum/my_ws/install/moveit_simple_controller_manager:/home/thisum/my_ws/install/moveit_setup_assistant:/home/thisum/my_ws/install/moveit_setup_srdf_plugins:/home/thisum/my_ws/install/moveit_setup_core_plugins:/home/thisum/my_ws/install/moveit_setup_controllers:/home/thisum/my_ws/install/moveit_setup_app_plugins:/home/thisum/my_ws/install/moveit_setup_framework:/home/thisum/my_ws/install/moveit_servo:/home/thisum/my_ws/install/moveit_ros:/home/thisum/my_ws/install/moveit_ros_visualization:/home/thisum/my_ws/install/moveit_hybrid_planning:/home/thisum/my_ws/install/moveit_ros_planning_interface:/home/thisum/my_ws/install/moveit_ros_benchmarks:/home/thisum/my_ws/install/moveit_ros_warehouse:/home/thisum/my_ws/install/moveit_ros_robot_interaction:/home/thisum/my_ws/install/moveit_ros_perception:/home/thisum/my_ws/install/moveit_resources_prbt_pg70_support:/home/thisum/my_ws/install/moveit_resources_prbt_moveit_config:/home/thisum/my_ws/install/moveit_ros_move_group:/home/thisum/my_ws/install/moveit_planners_ompl:/home/thisum/my_ws/install/moveit_ros_planning:/home/thisum/my_ws/install/moveit_ros_occupancy_map_monitor:/home/thisum/my_ws/install/moveit_resources_prbt_ikfast_manipulator_plugin:/home/thisum/my_ws/install/moveit_planners_chomp:/home/thisum/my_ws/install/moveit_kinematics:/home/thisum/my_ws/install/moveit_chomp_optimizer_adapter:/home/thisum/my_ws/install/chomp_motion_planner:/home/thisum/my_ws/install/moveit_core:/home/thisum/my_ws/install/srdfdom:/home/thisum/my_ws/install/rviz_marker_tools:/home/thisum/my_ws/install/rosparam_shortcuts:/home/thisum/my_ws/install/new_full_arm:/home/thisum/my_ws/install/moveit_task_constructor_msgs:/home/thisum/my_ws/install/moveit_resources_prbt_support:/home/thisum/my_ws/install/moveit_resources:/home/thisum/my_ws/install/moveit_resources_pr2_description:/home/thisum/my_ws/install/moveit_resources_panda_moveit_config:/home/thisum/my_ws/install/moveit_resources_panda_description:/home/thisum/my_ws/install/moveit_resources_fanuc_moveit_config:/home/thisum/my_ws/install/moveit_resources_fanuc_description:/home/thisum/my_ws/install/moveit_common:/home/thisum/arm_ws/install/x:/home/thisum/arm_ws/install/robotiq_description:/home/thisum/arm_ws/install/robotiq_controllers:/home/thisum/arm_ws/install/arm_config:/home/thisum/my_ws/install/moveit_configs_utils:/home/thisum/my_ws/install/launch_param_builder:/home/thisum/arm_ws/install/moveit_configs_utils:/opt/ros/humble:/home/thisum/arm_ws/install/new_full_arm:/home/thisum/arm_ws/install/moveit_resources_prbt_support:/home/thisum/arm_ws/install/moveit_resources_pr2_description:/home/thisum/arm_ws/install/moveit_resources_panda_description:/home/thisum/arm_ws/install/moveit_resources_fanuc_description:/home/thisum/arm_ws/install/moveit_msgs:/home/thisum/arm_ws/install/moveit_common:/home/thisum/arm_ws/install/kortex_api LD_LIBRARY_PATH=/home/thisum/my_ws/src/install/moveit_ros_planning_interface/lib:/home/thisum/my_ws/src/install/moveit_ros_move_group/lib:/home/thisum/my_ws/src/install/moveit_ros_warehouse/lib:/home/thisum/my_ws/src/install/moveit_planners_ompl/lib:/home/thisum/my_ws/src/install/moveit_kinematics/lib:/home/thisum/my_ws/src/install/moveit_ros_planning/lib:/home/thisum/my_ws/src/install/pilz_industrial_motion_planner_testutils/lib:/home/thisum/my_ws/src/install/moveit_simple_controller_manager/lib:/home/thisum/my_ws/src/install/moveit_ros_occupancy_map_monitor/lib:/home/thisum/my_ws/src/install/moveit_resources_prbt_ikfast_manipulator_plugin/lib:/home/thisum/my_ws/src/install/moveit_core/lib:/home/thisum/my_ws/src/install/srdfdom/lib:${LD_LIBRARY_PATH} PATH=/home/thisum/my_ws/src/install/moveit_core/bin:${PATH} PYTHONPATH=/home/thisum/my_ws/src/install/moveit_configs_utils/lib/python3.10/site-packages:/home/thisum/my_ws/src/install/srdfdom/local/lib/python3.10/dist-packages:/home/thisum/my_ws/src/install/launch_param_builder/lib/python3.10/site-packages:${PYTHONPATH} /usr/bin/cmake --build /home/thisum/my_ws/src/build/pilz_industrial_motion_planner -- -j6 -l6
[9.301s] [  1%] [32mBuilding CXX object CMakeFiles/planning_context_loader_base.dir/src/planning_context_loader.cpp.o[0m
[9.301s] [  2%] [32mBuilding CXX object CMakeFiles/joint_limits_common.dir/src/joint_limits_aggregator.cpp.o[0m
[9.302s] [  3%] [32mBuilding CXX object CMakeFiles/trajectory_generation_common.dir/src/trajectory_functions.cpp.o[0m
[9.312s] [  4%] [32mBuilding CXX object gtest/CMakeFiles/gtest_main.dir/src/gtest_main.cc.o[0m
[9.317s] [  7%] [32mBuilding CXX object gtest/CMakeFiles/gtest.dir/src/gtest-all.cc.o[0m
[9.317s] [  7%] [32mBuilding CXX object gmock/CMakeFiles/gmock_main.dir/src/gmock_main.cc.o[0m
[10.551s] [  8%] [32m[1mLinking CXX static library libgtest_main.a[0m
[10.716s] [  8%] Built target gtest_main
[10.782s] [  9%] [32mBuilding CXX object gmock/CMakeFiles/gmock.dir/opt/ros/humble/src/gtest_vendor/src/gtest-all.cc.o[0m
[11.001s] [ 10%] [32m[1mLinking CXX static library libgmock_main.a[0m
[11.145s] [ 10%] Built target gmock_main
[11.171s] [ 12%] [32mBuilding CXX object gmock/CMakeFiles/gmock.dir/src/gmock-all.cc.o[0m
[15.120s] [ 13%] [32mBuilding CXX object CMakeFiles/joint_limits_common.dir/src/joint_limits_container.cpp.o[0m
[16.805s] [ 14%] [32mBuilding CXX object CMakeFiles/joint_limits_common.dir/src/joint_limits_validator.cpp.o[0m
[18.712s] [ 15%] [32m[1mLinking CXX static library libgtest.a[0m
[18.941s] [ 15%] Built target gtest
[18.979s] [ 16%] [32mBuilding CXX object CMakeFiles/joint_limits_common.dir/src/limits_container.cpp.o[0m
[19.127s] [ 18%] [32m[1mLinking CXX shared library libplanning_context_loader_base.so[0m
[19.982s] [ 19%] [32mBuilding CXX object CMakeFiles/joint_limits_common.dir/src/cartesian_limit.cpp.o[0m
[20.085s] [ 20%] [32mBuilding CXX object CMakeFiles/joint_limits_common.dir/src/cartesian_limits_aggregator.cpp.o[0m
[20.227s] [ 21%] [32m[1mLinking CXX static library libgmock.a[0m
[20.488s] [ 21%] Built target gmock
[20.518s] [ 22%] [32mBuilding CXX object CMakeFiles/trajectory_generation_common.dir/src/trajectory_generator.cpp.o[0m
[21.601s] [ 24%] [32mBuilding CXX object CMakeFiles/trajectory_generation_common.dir/src/trajectory_blender_transition_window.cpp.o[0m
[24.682s] [ 25%] [32m[1mLinking CXX shared library libjoint_limits_common.so[0m
[25.861s] [ 25%] Built target joint_limits_common
[25.942s] [ 26%] [32mBuilding CXX object test/unit_tests/CMakeFiles/unittest_joint_limit.dir/src/unittest_joint_limit.cpp.o[0m
[25.945s] [ 27%] [32mBuilding CXX object test/unit_tests/CMakeFiles/unittest_joint_limits_container.dir/src/unittest_joint_limits_container.cpp.o[0m
[25.947s] [ 28%] [32mBuilding CXX object test/unit_tests/CMakeFiles/unittest_joint_limits_aggregator.dir/src/unittest_joint_limits_aggregator.cpp.o[0m
[28.182s] [ 30%] [32m[1mLinking CXX executable unittest_joint_limits_container[0m
[28.625s] [ 30%] Built target unittest_joint_limits_container
[28.714s] [ 31%] [32mBuilding CXX object test/unit_tests/CMakeFiles/unittest_joint_limits_validator.dir/src/unittest_joint_limits_validator.cpp.o[0m
[31.512s] [ 32%] [32m[1mLinking CXX executable unittest_joint_limits_validator[0m
[31.935s] [ 32%] Built target unittest_joint_limits_validator
[32.022s] [ 33%] [32mBuilding CXX object test/unit_tests/CMakeFiles/unittest_cartesian_limits_aggregator.dir/src/unittest_cartesian_limits_aggregator.cpp.o[0m
[32.243s] [ 34%] [32m[1mLinking CXX executable unittest_joint_limit[0m
[32.736s] [ 34%] Built target unittest_joint_limit
[34.514s] [ 36%] [32m[1mLinking CXX shared library libtrajectory_generation_common.so[0m
[34.889s] [ 36%] Built target trajectory_generation_common
[34.966s] [ 37%] [32mBuilding CXX object CMakeFiles/command_list_manager.dir/src/command_list_manager.cpp.o[0m
[34.973s] [ 38%] [32mBuilding CXX object test/CMakeFiles/pilz_industrial_motion_planner_test_utils.dir/test_utils.cpp.o[0m
[34.983s] [ 39%] [32mBuilding CXX object CMakeFiles/command_list_manager.dir/src/plan_components_builder.cpp.o[0m
[36.833s] [ 40%] [32m[1mLinking CXX executable unittest_joint_limits_aggregator[0m
[37.329s] [ 42%] [32m[1mLinking CXX executable unittest_cartesian_limits_aggregator[0m
[37.448s] [ 42%] Built target unittest_joint_limits_aggregator
[37.828s] [ 42%] Built target unittest_cartesian_limits_aggregator
[38.110s] [ 42%] Built target planning_context_loader_base
[38.171s] [ 43%] [32mBuilding CXX object CMakeFiles/planning_context_loader_ptp.dir/src/planning_context_loader_ptp.cpp.o[0m
[38.175s] [ 45%] [32mBuilding CXX object CMakeFiles/planning_context_loader_lin.dir/src/planning_context_loader_lin.cpp.o[0m
[38.175s] [ 45%] [32mBuilding CXX object CMakeFiles/pilz_industrial_motion_planner.dir/src/pilz_industrial_motion_planner.cpp.o[0m
[44.832s] [ 46%] [32mBuilding CXX object CMakeFiles/planning_context_loader_lin.dir/src/trajectory_generator_lin.cpp.o[0m
[48.753s] [ 48%] [32m[1mLinking CXX shared library libcommand_list_manager.so[0m
[49.143s] [ 48%] Built target command_list_manager
[49.234s] [ 49%] [32mBuilding CXX object CMakeFiles/planning_context_loader_circ.dir/src/planning_context_loader_circ.cpp.o[0m
[49.556s] [ 50%] [32mBuilding CXX object CMakeFiles/planning_context_loader_ptp.dir/src/trajectory_generator_ptp.cpp.o[0m
[49.853s] [ 51%] [32mBuilding CXX object CMakeFiles/planning_context_loader_lin.dir/src/velocity_profile_atrap.cpp.o[0m
[50.818s] [ 53%] [32mBuilding CXX object CMakeFiles/planning_context_loader_ptp.dir/src/velocity_profile_atrap.cpp.o[0m
[51.848s] [ 54%] [32mBuilding CXX object CMakeFiles/planning_context_loader_circ.dir/src/trajectory_generator_circ.cpp.o[0m
[54.633s] [ 55%] [32m[1mLinking CXX shared library libpilz_industrial_motion_planner.so[0m
[54.856s] [ 56%] [32m[1mLinking CXX static library libpilz_industrial_motion_planner_test_utils.a[0m
[54.979s] [ 56%] Built target pilz_industrial_motion_planner
[55.028s] [ 56%] Built target pilz_industrial_motion_planner_test_utils
[55.042s] [ 57%] [32mBuilding CXX object CMakeFiles/sequence_capability.dir/src/move_group_sequence_action.cpp.o[0m
[55.092s] [ 59%] [32mBuilding CXX object test/unit_tests/CMakeFiles/unittest_velocity_profile_atrap.dir/src/unittest_velocity_profile_atrap.cpp.o[0m
[57.814s] [ 60%] [32m[1mLinking CXX shared library libplanning_context_loader_lin.so[0m
[58.201s] [ 60%] Built target planning_context_loader_lin
[58.282s] [ 61%] [32mBuilding CXX object test/unit_tests/CMakeFiles/unittest_trajectory_generator.dir/src/unittest_trajectory_generator.cpp.o[0m
[59.089s] [ 62%] [32mBuilding CXX object test/unit_tests/CMakeFiles/unittest_velocity_profile_atrap.dir/__/__/src/velocity_profile_atrap.cpp.o[0m
[60.194s] [ 63%] [32m[1mLinking CXX executable unittest_velocity_profile_atrap[0m
[60.621s] [ 63%] Built target unittest_velocity_profile_atrap
[60.708s] [ 65%] [32mBuilding CXX object test/unit_tests/CMakeFiles/unittest_trajectory_functions.dir/src/unittest_trajectory_functions.cpp.o[0m
[61.107s] [ 66%] [32mBuilding CXX object CMakeFiles/planning_context_loader_circ.dir/src/path_circle_generator.cpp.o[0m
[63.035s] [ 67%] [32m[1mLinking CXX shared library libplanning_context_loader_ptp.so[0m
[63.431s] [ 67%] Built target planning_context_loader_ptp
[64.518s] [ 68%] [32m[1mLinking CXX shared library libplanning_context_loader_circ.so[0m
[64.866s] [ 68%] Built target planning_context_loader_circ
[69.460s] [ 69%] [32mBuilding CXX object test/unit_tests/CMakeFiles/unittest_trajectory_generator.dir/__/__/src/trajectory_generator.cpp.o[0m
[72.535s] [ 71%] [32mBuilding CXX object CMakeFiles/sequence_capability.dir/src/move_group_sequence_service.cpp.o[0m
[75.166s] [ 72%] [32m[1mLinking CXX executable unittest_trajectory_functions[0m
[75.655s] [ 72%] Built target unittest_trajectory_functions
[81.755s] [ 73%] [32m[1mLinking CXX executable unittest_trajectory_generator[0m
[82.295s] [ 73%] Built target unittest_trajectory_generator
[82.365s] [ 74%] [32mBuilding CXX object test/unit_tests/CMakeFiles/unittest_pilz_industrial_motion_planner.dir/src/unittest_pilz_industrial_motion_planner.cpp.o[0m
[84.403s] [ 75%] [32mBuilding CXX object test/unit_tests/CMakeFiles/unittest_planning_context_loaders.dir/src/unittest_planning_context_loaders.cpp.o[0m
[86.455s] [ 77%] [32mBuilding CXX object test/unit_tests/CMakeFiles/unittest_trajectory_generator_ptp.dir/src/unittest_trajectory_generator_ptp.cpp.o[0m
[87.153s] [ 78%] [32m[1mLinking CXX shared library libsequence_capability.so[0m
[87.505s] [ 79%] [32mBuilding CXX object test/unit_tests/CMakeFiles/unittest_trajectory_generator_lin.dir/src/unittest_trajectory_generator_lin.cpp.o[0m
[87.697s] [ 79%] Built target sequence_capability
[87.758s] [ 80%] [32mBuilding CXX object test/unit_tests/CMakeFiles/unittest_trajectory_blender_transition_window.dir/src/unittest_trajectory_blender_transition_window.cpp.o[0m
[87.786s] [ 81%] [32mBuilding CXX object test/unit_tests/CMakeFiles/unittest_planning_context.dir/src/unittest_planning_context.cpp.o[0m
[102.982s] [ 83%] [32m[1mLinking CXX executable unittest_pilz_industrial_motion_planner[0m
[103.669s] [ 83%] Built target unittest_pilz_industrial_motion_planner
[105.274s] [ 84%] [32m[1mLinking CXX executable unittest_planning_context_loaders[0m
[105.916s] [ 84%] Built target unittest_planning_context_loaders
[106.403s] [ 85%] [32m[1mLinking CXX executable unittest_trajectory_generator_lin[0m
[106.690s] [ 86%] [32m[1mLinking CXX executable unittest_trajectory_generator_ptp[0m
[107.073s] [ 86%] Built target unittest_trajectory_generator_lin
[107.322s] [ 86%] Built target unittest_trajectory_generator_ptp
[107.573s] [ 87%] [32mBuilding CXX object test/unit_tests/CMakeFiles/unittest_trajectory_blender_transition_window.dir/__/__/src/trajectory_blender_transition_window.cpp.o[0m
[107.891s] [ 89%] [32m[1mLinking CXX executable unittest_planning_context[0m
[108.437s] [ 89%] Built target unittest_planning_context
[117.442s] [ 90%] [32m[1mLinking CXX executable unittest_trajectory_blender_transition_window[0m
[117.940s] [ 90%] Built target unittest_trajectory_blender_transition_window
[118.007s] [ 93%] [32mBuilding CXX object test/unit_tests/CMakeFiles/unittest_trajectory_generator_common.dir/src/unittest_trajectory_generator_common.cpp.o[0m
[118.008s] [ 93%] [32mBuilding CXX object test/unit_tests/CMakeFiles/unittest_trajectory_generator_circ.dir/src/unittest_trajectory_generator_circ.cpp.o[0m
[118.008s] [ 93%] [32mBuilding CXX object test/unit_tests/CMakeFiles/unittest_pilz_industrial_motion_planner_direct.dir/src/unittest_pilz_industrial_motion_planner_direct.cpp.o[0m
[118.017s] [ 95%] [32mBuilding CXX object test/unit_tests/CMakeFiles/unittest_get_solver_tip_frame.dir/src/unittest_get_solver_tip_frame.cpp.o[0m
[126.531s] [ 96%] [32m[1mLinking CXX executable unittest_get_solver_tip_frame[0m
[126.995s] [ 96%] Built target unittest_get_solver_tip_frame
[133.648s] [ 97%] [32m[1mLinking CXX executable unittest_pilz_industrial_motion_planner_direct[0m
[134.088s] [ 97%] Built target unittest_pilz_industrial_motion_planner_direct
[136.460s] [ 98%] [32m[1mLinking CXX executable unittest_trajectory_generator_circ[0m
[137.015s] [ 98%] Built target unittest_trajectory_generator_circ
[138.459s] [100%] [32m[1mLinking CXX executable unittest_trajectory_generator_common[0m
[139.036s] [100%] Built target unittest_trajectory_generator_common
[139.065s] Invoked command in '/home/thisum/my_ws/src/build/pilz_industrial_motion_planner' returned '0': AMENT_PREFIX_PATH=/home/thisum/my_ws/src/install/moveit_resources_prbt_pg70_support:/home/thisum/my_ws/src/install/moveit_ros_planning_interface:/home/thisum/my_ws/src/install/moveit_resources_prbt_moveit_config:/home/thisum/my_ws/src/install/moveit_ros_move_group:/home/thisum/my_ws/src/install/moveit_ros_warehouse:/home/thisum/my_ws/src/install/moveit_planners_ompl:/home/thisum/my_ws/src/install/moveit_kinematics:/home/thisum/my_ws/src/install/moveit_ros_planning:/home/thisum/my_ws/src/install/pilz_industrial_motion_planner_testutils:/home/thisum/my_ws/src/install/moveit_simple_controller_manager:/home/thisum/my_ws/src/install/moveit_ros_occupancy_map_monitor:/home/thisum/my_ws/src/install/moveit_resources_prbt_ikfast_manipulator_plugin:/home/thisum/my_ws/src/install/moveit_core:/home/thisum/my_ws/src/install/moveit_resources_panda_moveit_config:/home/thisum/my_ws/src/install/moveit_resources_fanuc_moveit_config:/home/thisum/my_ws/src/install/moveit_configs_utils:/home/thisum/my_ws/src/install/srdfdom:/home/thisum/my_ws/src/install/moveit_resources_prbt_support:/home/thisum/my_ws/src/install/moveit_resources_pr2_description:/home/thisum/my_ws/src/install/moveit_resources_panda_description:/home/thisum/my_ws/src/install/moveit_resources_fanuc_description:/home/thisum/my_ws/src/install/moveit_common:/home/thisum/my_ws/src/install/launch_param_builder:${AMENT_PREFIX_PATH} CMAKE_PREFIX_PATH=/home/thisum/my_ws/src/install/moveit_resources_prbt_pg70_support:/home/thisum/my_ws/src/install/moveit_ros_planning_interface:/home/thisum/my_ws/src/install/moveit_resources_prbt_moveit_config:/home/thisum/my_ws/src/install/moveit_ros_move_group:/home/thisum/my_ws/src/install/moveit_ros_warehouse:/home/thisum/my_ws/src/install/moveit_planners_ompl:/home/thisum/my_ws/src/install/moveit_kinematics:/home/thisum/my_ws/src/install/moveit_ros_planning:/home/thisum/my_ws/src/install/pilz_industrial_motion_planner_testutils:/home/thisum/my_ws/src/install/moveit_simple_controller_manager:/home/thisum/my_ws/src/install/moveit_ros_occupancy_map_monitor:/home/thisum/my_ws/src/install/moveit_resources_prbt_ikfast_manipulator_plugin:/home/thisum/my_ws/src/install/moveit_core:/home/thisum/my_ws/src/install/moveit_resources_panda_moveit_config:/home/thisum/my_ws/src/install/moveit_resources_fanuc_moveit_config:/home/thisum/my_ws/src/install/srdfdom:/home/thisum/my_ws/src/install/moveit_resources_prbt_support:/home/thisum/my_ws/src/install/moveit_resources_pr2_description:/home/thisum/my_ws/src/install/moveit_resources_panda_description:/home/thisum/my_ws/src/install/moveit_resources_fanuc_description:/home/thisum/my_ws/src/install/moveit_common:/home/thisum/my_ws/install/pilz_industrial_motion_planner_testutils:/home/thisum/my_ws/install/moveit_runtime:/home/thisum/my_ws/install/moveit2_tutorials:/home/thisum/my_ws/install/moveit:/home/thisum/my_ws/install/arm_config:/home/thisum/my_ws/install/moveit_planners:/home/thisum/my_ws/install/pilz_industrial_motion_planner:/home/thisum/my_ws/install/moveit_visual_tools:/home/thisum/my_ws/install/moveit_task_constructor_visualization:/home/thisum/my_ws/install/moveit_task_constructor_demo:/home/thisum/my_ws/install/moveit_task_constructor_capabilities:/home/thisum/my_ws/install/moveit_task_constructor_core:/home/thisum/my_ws/install/moveit_ros_control_interface:/home/thisum/my_ws/install/moveit_plugins:/home/thisum/my_ws/install/moveit_simple_controller_manager:/home/thisum/my_ws/install/moveit_setup_assistant:/home/thisum/my_ws/install/moveit_setup_srdf_plugins:/home/thisum/my_ws/install/moveit_setup_core_plugins:/home/thisum/my_ws/install/moveit_setup_controllers:/home/thisum/my_ws/install/moveit_setup_app_plugins:/home/thisum/my_ws/install/moveit_setup_framework:/home/thisum/my_ws/install/moveit_servo:/home/thisum/my_ws/install/moveit_ros:/home/thisum/my_ws/install/moveit_ros_visualization:/home/thisum/my_ws/install/moveit_hybrid_planning:/home/thisum/my_ws/install/moveit_ros_planning_interface:/home/thisum/my_ws/install/moveit_ros_benchmarks:/home/thisum/my_ws/install/moveit_ros_warehouse:/home/thisum/my_ws/install/moveit_ros_robot_interaction:/home/thisum/my_ws/install/moveit_ros_perception:/home/thisum/my_ws/install/moveit_resources_prbt_pg70_support:/home/thisum/my_ws/install/moveit_resources_prbt_moveit_config:/home/thisum/my_ws/install/moveit_ros_move_group:/home/thisum/my_ws/install/moveit_planners_ompl:/home/thisum/my_ws/install/moveit_ros_planning:/home/thisum/my_ws/install/moveit_ros_occupancy_map_monitor:/home/thisum/my_ws/install/moveit_resources_prbt_ikfast_manipulator_plugin:/home/thisum/my_ws/install/moveit_planners_chomp:/home/thisum/my_ws/install/moveit_kinematics:/home/thisum/my_ws/install/moveit_chomp_optimizer_adapter:/home/thisum/my_ws/install/chomp_motion_planner:/home/thisum/my_ws/install/moveit_core:/home/thisum/my_ws/install/srdfdom:/home/thisum/my_ws/install/rviz_marker_tools:/home/thisum/my_ws/install/rosparam_shortcuts:/home/thisum/my_ws/install/new_full_arm:/home/thisum/my_ws/install/moveit_task_constructor_msgs:/home/thisum/my_ws/install/moveit_resources_prbt_support:/home/thisum/my_ws/install/moveit_resources:/home/thisum/my_ws/install/moveit_resources_pr2_description:/home/thisum/my_ws/install/moveit_resources_panda_moveit_config:/home/thisum/my_ws/install/moveit_resources_panda_description:/home/thisum/my_ws/install/moveit_resources_fanuc_moveit_config:/home/thisum/my_ws/install/moveit_resources_fanuc_description:/home/thisum/my_ws/install/moveit_common:/home/thisum/arm_ws/install/x:/home/thisum/arm_ws/install/robotiq_description:/home/thisum/arm_ws/install/robotiq_controllers:/home/thisum/arm_ws/install/arm_config:/home/thisum/my_ws/install/moveit_configs_utils:/home/thisum/my_ws/install/launch_param_builder:/home/thisum/arm_ws/install/moveit_configs_utils:/opt/ros/humble:/home/thisum/arm_ws/install/new_full_arm:/home/thisum/arm_ws/install/moveit_resources_prbt_support:/home/thisum/arm_ws/install/moveit_resources_pr2_description:/home/thisum/arm_ws/install/moveit_resources_panda_description:/home/thisum/arm_ws/install/moveit_resources_fanuc_description:/home/thisum/arm_ws/install/moveit_msgs:/home/thisum/arm_ws/install/moveit_common:/home/thisum/arm_ws/install/kortex_api LD_LIBRARY_PATH=/home/thisum/my_ws/src/install/moveit_ros_planning_interface/lib:/home/thisum/my_ws/src/install/moveit_ros_move_group/lib:/home/thisum/my_ws/src/install/moveit_ros_warehouse/lib:/home/thisum/my_ws/src/install/moveit_planners_ompl/lib:/home/thisum/my_ws/src/install/moveit_kinematics/lib:/home/thisum/my_ws/src/install/moveit_ros_planning/lib:/home/thisum/my_ws/src/install/pilz_industrial_motion_planner_testutils/lib:/home/thisum/my_ws/src/install/moveit_simple_controller_manager/lib:/home/thisum/my_ws/src/install/moveit_ros_occupancy_map_monitor/lib:/home/thisum/my_ws/src/install/moveit_resources_prbt_ikfast_manipulator_plugin/lib:/home/thisum/my_ws/src/install/moveit_core/lib:/home/thisum/my_ws/src/install/srdfdom/lib:${LD_LIBRARY_PATH} PATH=/home/thisum/my_ws/src/install/moveit_core/bin:${PATH} PYTHONPATH=/home/thisum/my_ws/src/install/moveit_configs_utils/lib/python3.10/site-packages:/home/thisum/my_ws/src/install/srdfdom/local/lib/python3.10/dist-packages:/home/thisum/my_ws/src/install/launch_param_builder/lib/python3.10/site-packages:${PYTHONPATH} /usr/bin/cmake --build /home/thisum/my_ws/src/build/pilz_industrial_motion_planner -- -j6 -l6
[139.510s] Invoking command in '/home/thisum/my_ws/src/build/pilz_industrial_motion_planner': AMENT_PREFIX_PATH=/home/thisum/my_ws/src/install/moveit_resources_prbt_pg70_support:/home/thisum/my_ws/src/install/moveit_ros_planning_interface:/home/thisum/my_ws/src/install/moveit_resources_prbt_moveit_config:/home/thisum/my_ws/src/install/moveit_ros_move_group:/home/thisum/my_ws/src/install/moveit_ros_warehouse:/home/thisum/my_ws/src/install/moveit_planners_ompl:/home/thisum/my_ws/src/install/moveit_kinematics:/home/thisum/my_ws/src/install/moveit_ros_planning:/home/thisum/my_ws/src/install/pilz_industrial_motion_planner_testutils:/home/thisum/my_ws/src/install/moveit_simple_controller_manager:/home/thisum/my_ws/src/install/moveit_ros_occupancy_map_monitor:/home/thisum/my_ws/src/install/moveit_resources_prbt_ikfast_manipulator_plugin:/home/thisum/my_ws/src/install/moveit_core:/home/thisum/my_ws/src/install/moveit_resources_panda_moveit_config:/home/thisum/my_ws/src/install/moveit_resources_fanuc_moveit_config:/home/thisum/my_ws/src/install/moveit_configs_utils:/home/thisum/my_ws/src/install/srdfdom:/home/thisum/my_ws/src/install/moveit_resources_prbt_support:/home/thisum/my_ws/src/install/moveit_resources_pr2_description:/home/thisum/my_ws/src/install/moveit_resources_panda_description:/home/thisum/my_ws/src/install/moveit_resources_fanuc_description:/home/thisum/my_ws/src/install/moveit_common:/home/thisum/my_ws/src/install/launch_param_builder:${AMENT_PREFIX_PATH} CMAKE_PREFIX_PATH=/home/thisum/my_ws/src/install/moveit_resources_prbt_pg70_support:/home/thisum/my_ws/src/install/moveit_ros_planning_interface:/home/thisum/my_ws/src/install/moveit_resources_prbt_moveit_config:/home/thisum/my_ws/src/install/moveit_ros_move_group:/home/thisum/my_ws/src/install/moveit_ros_warehouse:/home/thisum/my_ws/src/install/moveit_planners_ompl:/home/thisum/my_ws/src/install/moveit_kinematics:/home/thisum/my_ws/src/install/moveit_ros_planning:/home/thisum/my_ws/src/install/pilz_industrial_motion_planner_testutils:/home/thisum/my_ws/src/install/moveit_simple_controller_manager:/home/thisum/my_ws/src/install/moveit_ros_occupancy_map_monitor:/home/thisum/my_ws/src/install/moveit_resources_prbt_ikfast_manipulator_plugin:/home/thisum/my_ws/src/install/moveit_core:/home/thisum/my_ws/src/install/moveit_resources_panda_moveit_config:/home/thisum/my_ws/src/install/moveit_resources_fanuc_moveit_config:/home/thisum/my_ws/src/install/srdfdom:/home/thisum/my_ws/src/install/moveit_resources_prbt_support:/home/thisum/my_ws/src/install/moveit_resources_pr2_description:/home/thisum/my_ws/src/install/moveit_resources_panda_description:/home/thisum/my_ws/src/install/moveit_resources_fanuc_description:/home/thisum/my_ws/src/install/moveit_common:/home/thisum/my_ws/install/pilz_industrial_motion_planner_testutils:/home/thisum/my_ws/install/moveit_runtime:/home/thisum/my_ws/install/moveit2_tutorials:/home/thisum/my_ws/install/moveit:/home/thisum/my_ws/install/arm_config:/home/thisum/my_ws/install/moveit_planners:/home/thisum/my_ws/install/pilz_industrial_motion_planner:/home/thisum/my_ws/install/moveit_visual_tools:/home/thisum/my_ws/install/moveit_task_constructor_visualization:/home/thisum/my_ws/install/moveit_task_constructor_demo:/home/thisum/my_ws/install/moveit_task_constructor_capabilities:/home/thisum/my_ws/install/moveit_task_constructor_core:/home/thisum/my_ws/install/moveit_ros_control_interface:/home/thisum/my_ws/install/moveit_plugins:/home/thisum/my_ws/install/moveit_simple_controller_manager:/home/thisum/my_ws/install/moveit_setup_assistant:/home/thisum/my_ws/install/moveit_setup_srdf_plugins:/home/thisum/my_ws/install/moveit_setup_core_plugins:/home/thisum/my_ws/install/moveit_setup_controllers:/home/thisum/my_ws/install/moveit_setup_app_plugins:/home/thisum/my_ws/install/moveit_setup_framework:/home/thisum/my_ws/install/moveit_servo:/home/thisum/my_ws/install/moveit_ros:/home/thisum/my_ws/install/moveit_ros_visualization:/home/thisum/my_ws/install/moveit_hybrid_planning:/home/thisum/my_ws/install/moveit_ros_planning_interface:/home/thisum/my_ws/install/moveit_ros_benchmarks:/home/thisum/my_ws/install/moveit_ros_warehouse:/home/thisum/my_ws/install/moveit_ros_robot_interaction:/home/thisum/my_ws/install/moveit_ros_perception:/home/thisum/my_ws/install/moveit_resources_prbt_pg70_support:/home/thisum/my_ws/install/moveit_resources_prbt_moveit_config:/home/thisum/my_ws/install/moveit_ros_move_group:/home/thisum/my_ws/install/moveit_planners_ompl:/home/thisum/my_ws/install/moveit_ros_planning:/home/thisum/my_ws/install/moveit_ros_occupancy_map_monitor:/home/thisum/my_ws/install/moveit_resources_prbt_ikfast_manipulator_plugin:/home/thisum/my_ws/install/moveit_planners_chomp:/home/thisum/my_ws/install/moveit_kinematics:/home/thisum/my_ws/install/moveit_chomp_optimizer_adapter:/home/thisum/my_ws/install/chomp_motion_planner:/home/thisum/my_ws/install/moveit_core:/home/thisum/my_ws/install/srdfdom:/home/thisum/my_ws/install/rviz_marker_tools:/home/thisum/my_ws/install/rosparam_shortcuts:/home/thisum/my_ws/install/new_full_arm:/home/thisum/my_ws/install/moveit_task_constructor_msgs:/home/thisum/my_ws/install/moveit_resources_prbt_support:/home/thisum/my_ws/install/moveit_resources:/home/thisum/my_ws/install/moveit_resources_pr2_description:/home/thisum/my_ws/install/moveit_resources_panda_moveit_config:/home/thisum/my_ws/install/moveit_resources_panda_description:/home/thisum/my_ws/install/moveit_resources_fanuc_moveit_config:/home/thisum/my_ws/install/moveit_resources_fanuc_description:/home/thisum/my_ws/install/moveit_common:/home/thisum/arm_ws/install/x:/home/thisum/arm_ws/install/robotiq_description:/home/thisum/arm_ws/install/robotiq_controllers:/home/thisum/arm_ws/install/arm_config:/home/thisum/my_ws/install/moveit_configs_utils:/home/thisum/my_ws/install/launch_param_builder:/home/thisum/arm_ws/install/moveit_configs_utils:/opt/ros/humble:/home/thisum/arm_ws/install/new_full_arm:/home/thisum/arm_ws/install/moveit_resources_prbt_support:/home/thisum/arm_ws/install/moveit_resources_pr2_description:/home/thisum/arm_ws/install/moveit_resources_panda_description:/home/thisum/arm_ws/install/moveit_resources_fanuc_description:/home/thisum/arm_ws/install/moveit_msgs:/home/thisum/arm_ws/install/moveit_common:/home/thisum/arm_ws/install/kortex_api LD_LIBRARY_PATH=/home/thisum/my_ws/src/install/moveit_ros_planning_interface/lib:/home/thisum/my_ws/src/install/moveit_ros_move_group/lib:/home/thisum/my_ws/src/install/moveit_ros_warehouse/lib:/home/thisum/my_ws/src/install/moveit_planners_ompl/lib:/home/thisum/my_ws/src/install/moveit_kinematics/lib:/home/thisum/my_ws/src/install/moveit_ros_planning/lib:/home/thisum/my_ws/src/install/pilz_industrial_motion_planner_testutils/lib:/home/thisum/my_ws/src/install/moveit_simple_controller_manager/lib:/home/thisum/my_ws/src/install/moveit_ros_occupancy_map_monitor/lib:/home/thisum/my_ws/src/install/moveit_resources_prbt_ikfast_manipulator_plugin/lib:/home/thisum/my_ws/src/install/moveit_core/lib:/home/thisum/my_ws/src/install/srdfdom/lib:${LD_LIBRARY_PATH} PATH=/home/thisum/my_ws/src/install/moveit_core/bin:${PATH} PYTHONPATH=/home/thisum/my_ws/src/install/moveit_configs_utils/lib/python3.10/site-packages:/home/thisum/my_ws/src/install/srdfdom/local/lib/python3.10/dist-packages:/home/thisum/my_ws/src/install/launch_param_builder/lib/python3.10/site-packages:${PYTHONPATH} /usr/bin/cmake --install /home/thisum/my_ws/src/build/pilz_industrial_motion_planner
[139.530s] -- Install configuration: "Release"
[139.531s] -- Installing: /home/thisum/my_ws/src/install/pilz_industrial_motion_planner/share/pilz_industrial_motion_planner/plugins/pilz_industrial_motion_planner_plugin_description.xml
[139.532s] -- Installing: /home/thisum/my_ws/src/install/pilz_industrial_motion_planner/share/pilz_industrial_motion_planner/plugins/sequence_capability_plugin_description.xml
[139.534s] -- Installing: /home/thisum/my_ws/src/install/pilz_industrial_motion_planner/share/pilz_industrial_motion_planner/plugins/planning_context_plugin_description.xml
[139.537s] -- Installing: /home/thisum/my_ws/src/install/pilz_industrial_motion_planner/lib/libpilz_industrial_motion_planner.so
[139.538s] -- Set runtime path of "/home/thisum/my_ws/src/install/pilz_industrial_motion_planner/lib/libpilz_industrial_motion_planner.so" to ""
[139.539s] -- Installing: /home/thisum/my_ws/src/install/pilz_industrial_motion_planner/lib/libjoint_limits_common.so
[139.540s] -- Set runtime path of "/home/thisum/my_ws/src/install/pilz_industrial_motion_planner/lib/libjoint_limits_common.so" to ""
[139.540s] -- Installing: /home/thisum/my_ws/src/install/pilz_industrial_motion_planner/lib/libplanning_context_loader_base.so
[139.541s] -- Set runtime path of "/home/thisum/my_ws/src/install/pilz_industrial_motion_planner/lib/libplanning_context_loader_base.so" to ""
[139.541s] -- Installing: /home/thisum/my_ws/src/install/pilz_industrial_motion_planner/lib/libplanning_context_loader_ptp.so
[139.541s] -- Set runtime path of "/home/thisum/my_ws/src/install/pilz_industrial_motion_planner/lib/libplanning_context_loader_ptp.so" to ""
[139.542s] -- Installing: /home/thisum/my_ws/src/install/pilz_industrial_motion_planner/lib/libplanning_context_loader_lin.so
[139.545s] -- Set runtime path of "/home/thisum/my_ws/src/install/pilz_industrial_motion_planner/lib/libplanning_context_loader_lin.so" to ""
[139.545s] -- Installing: /home/thisum/my_ws/src/install/pilz_industrial_motion_planner/lib/libplanning_context_loader_circ.so
[139.546s] -- Set runtime path of "/home/thisum/my_ws/src/install/pilz_industrial_motion_planner/lib/libplanning_context_loader_circ.so" to ""
[139.546s] -- Installing: /home/thisum/my_ws/src/install/pilz_industrial_motion_planner/lib/libcommand_list_manager.so
[139.551s] -- Set runtime path of "/home/thisum/my_ws/src/install/pilz_industrial_motion_planner/lib/libcommand_list_manager.so" to ""
[139.551s] -- Installing: /home/thisum/my_ws/src/install/pilz_industrial_motion_planner/lib/libsequence_capability.so
[139.552s] -- Set runtime path of "/home/thisum/my_ws/src/install/pilz_industrial_motion_planner/lib/libsequence_capability.so" to ""
[139.552s] -- Installing: /home/thisum/my_ws/src/install/pilz_industrial_motion_planner/lib/libtrajectory_generation_common.so
[139.553s] -- Set runtime path of "/home/thisum/my_ws/src/install/pilz_industrial_motion_planner/lib/libtrajectory_generation_common.so" to ""
[139.553s] -- Installing: /home/thisum/my_ws/src/install/pilz_industrial_motion_planner/include
[139.554s] -- Installing: /home/thisum/my_ws/src/install/pilz_industrial_motion_planner/include/pilz_industrial_motion_planner
[139.554s] -- Installing: /home/thisum/my_ws/src/install/pilz_industrial_motion_planner/include/pilz_industrial_motion_planner/cartesian_trajectory_point.h
[139.554s] -- Installing: /home/thisum/my_ws/src/install/pilz_industrial_motion_planner/include/pilz_industrial_motion_planner/command_list_manager.h
[139.555s] -- Installing: /home/thisum/my_ws/src/install/pilz_industrial_motion_planner/include/pilz_industrial_motion_planner/cartesian_limit.h
[139.556s] -- Installing: /home/thisum/my_ws/src/install/pilz_industrial_motion_planner/include/pilz_industrial_motion_planner/joint_limits_interface_extension.h
[139.556s] -- Installing: /home/thisum/my_ws/src/install/pilz_industrial_motion_planner/include/pilz_industrial_motion_planner/planning_exceptions.h
[139.557s] -- Installing: /home/thisum/my_ws/src/install/pilz_industrial_motion_planner/include/pilz_industrial_motion_planner/cartesian_trajectory.h
[139.557s] -- Installing: /home/thisum/my_ws/src/install/pilz_industrial_motion_planner/include/pilz_industrial_motion_planner/planning_context_loader_ptp.h
[139.557s] -- Installing: /home/thisum/my_ws/src/install/pilz_industrial_motion_planner/include/pilz_industrial_motion_planner/trajectory_blend_response.h
[139.557s] -- Installing: /home/thisum/my_ws/src/install/pilz_industrial_motion_planner/include/pilz_industrial_motion_planner/planning_context_loader_circ.h
[139.558s] -- Installing: /home/thisum/my_ws/src/install/pilz_industrial_motion_planner/include/pilz_industrial_motion_planner/trajectory_blender_transition_window.h
[139.558s] -- Installing: /home/thisum/my_ws/src/install/pilz_industrial_motion_planner/include/pilz_industrial_motion_planner/pilz_industrial_motion_planner.h
[139.558s] -- Installing: /home/thisum/my_ws/src/install/pilz_industrial_motion_planner/include/pilz_industrial_motion_planner/capability_names.h
[139.558s] -- Installing: /home/thisum/my_ws/src/install/pilz_industrial_motion_planner/include/pilz_industrial_motion_planner/plan_components_builder.h
[139.559s] -- Installing: /home/thisum/my_ws/src/install/pilz_industrial_motion_planner/include/pilz_industrial_motion_planner/planning_context_circ.h
[139.559s] -- Installing: /home/thisum/my_ws/src/install/pilz_industrial_motion_planner/include/pilz_industrial_motion_planner/joint_limits_aggregator.h
[139.559s] -- Installing: /home/thisum/my_ws/src/install/pilz_industrial_motion_planner/include/pilz_industrial_motion_planner/joint_limits_extension.h
[139.559s] -- Installing: /home/thisum/my_ws/src/install/pilz_industrial_motion_planner/include/pilz_industrial_motion_planner/move_group_sequence_action.h
[139.560s] -- Installing: /home/thisum/my_ws/src/install/pilz_industrial_motion_planner/include/pilz_industrial_motion_planner/trajectory_blender.h
[139.560s] -- Installing: /home/thisum/my_ws/src/install/pilz_industrial_motion_planner/include/pilz_industrial_motion_planner/trajectory_generator_ptp.h
[139.560s] -- Installing: /home/thisum/my_ws/src/install/pilz_industrial_motion_planner/include/pilz_industrial_motion_planner/cartesian_limits_aggregator.h
[139.561s] -- Installing: /home/thisum/my_ws/src/install/pilz_industrial_motion_planner/include/pilz_industrial_motion_planner/move_group_sequence_service.h
[139.561s] -- Installing: /home/thisum/my_ws/src/install/pilz_industrial_motion_planner/include/pilz_industrial_motion_planner/trajectory_generation_exceptions.h
[139.561s] -- Installing: /home/thisum/my_ws/src/install/pilz_industrial_motion_planner/include/pilz_industrial_motion_planner/trajectory_generator_lin.h
[139.564s] -- Installing: /home/thisum/my_ws/src/install/pilz_industrial_motion_planner/include/pilz_industrial_motion_planner/planning_context_loader.h
[139.566s] -- Installing: /home/thisum/my_ws/src/install/pilz_industrial_motion_planner/include/pilz_industrial_motion_planner/planning_context_lin.h
[139.566s] -- Installing: /home/thisum/my_ws/src/install/pilz_industrial_motion_planner/include/pilz_industrial_motion_planner/trajectory_generator_circ.h
[139.566s] -- Installing: /home/thisum/my_ws/src/install/pilz_industrial_motion_planner/include/pilz_industrial_motion_planner/joint_limits_container.h
[139.566s] -- Installing: /home/thisum/my_ws/src/install/pilz_industrial_motion_planner/include/pilz_industrial_motion_planner/trajectory_generator.h
[139.567s] -- Installing: /home/thisum/my_ws/src/install/pilz_industrial_motion_planner/include/pilz_industrial_motion_planner/velocity_profile_atrap.h
[139.567s] -- Installing: /home/thisum/my_ws/src/install/pilz_industrial_motion_planner/include/pilz_industrial_motion_planner/joint_limits_validator.h
[139.567s] -- Installing: /home/thisum/my_ws/src/install/pilz_industrial_motion_planner/include/pilz_industrial_motion_planner/planning_context_loader_lin.h
[139.567s] -- Installing: /home/thisum/my_ws/src/install/pilz_industrial_motion_planner/include/pilz_industrial_motion_planner/tip_frame_getter.h
[139.567s] -- Installing: /home/thisum/my_ws/src/install/pilz_industrial_motion_planner/include/pilz_industrial_motion_planner/planning_context_base.h
[139.567s] -- Installing: /home/thisum/my_ws/src/install/pilz_industrial_motion_planner/include/pilz_industrial_motion_planner/path_circle_generator.h
[139.567s] -- Installing: /home/thisum/my_ws/src/install/pilz_industrial_motion_planner/include/pilz_industrial_motion_planner/trajectory_blend_request.h
[139.568s] -- Installing: /home/thisum/my_ws/src/install/pilz_industrial_motion_planner/include/pilz_industrial_motion_planner/planning_context_ptp.h
[139.568s] -- Installing: /home/thisum/my_ws/src/install/pilz_industrial_motion_planner/include/pilz_industrial_motion_planner/trajectory_functions.h
[139.568s] -- Installing: /home/thisum/my_ws/src/install/pilz_industrial_motion_planner/include/pilz_industrial_motion_planner/limits_container.h
[139.568s] -- Installing: /home/thisum/my_ws/src/install/pilz_industrial_motion_planner/include/joint_limits_copy
[139.568s] -- Installing: /home/thisum/my_ws/src/install/pilz_industrial_motion_planner/include/joint_limits_copy/joint_limits_rosparam.hpp
[139.569s] -- Installing: /home/thisum/my_ws/src/install/pilz_industrial_motion_planner/include/joint_limits_copy/joint_limits.hpp
[139.569s] -- Installing: /home/thisum/my_ws/src/install/pilz_industrial_motion_planner/share/pilz_industrial_motion_planner/environment/library_path.sh
[139.569s] -- Installing: /home/thisum/my_ws/src/install/pilz_industrial_motion_planner/share/pilz_industrial_motion_planner/environment/library_path.dsv
[139.571s] -- Installing: /home/thisum/my_ws/src/install/pilz_industrial_motion_planner/lib/pilz_industrial_motion_planner/unittest_pilz_industrial_motion_planner_direct
[139.573s] -- Set runtime path of "/home/thisum/my_ws/src/install/pilz_industrial_motion_planner/lib/pilz_industrial_motion_planner/unittest_pilz_industrial_motion_planner_direct" to ""
[139.573s] -- Installing: /home/thisum/my_ws/src/install/pilz_industrial_motion_planner/lib/pilz_industrial_motion_planner/unittest_velocity_profile_atrap
[139.576s] -- Set runtime path of "/home/thisum/my_ws/src/install/pilz_industrial_motion_planner/lib/pilz_industrial_motion_planner/unittest_velocity_profile_atrap" to ""
[139.576s] -- Installing: /home/thisum/my_ws/src/install/pilz_industrial_motion_planner/lib/pilz_industrial_motion_planner/unittest_trajectory_generator
[139.578s] -- Set runtime path of "/home/thisum/my_ws/src/install/pilz_industrial_motion_planner/lib/pilz_industrial_motion_planner/unittest_trajectory_generator" to ""
[139.578s] -- Installing: /home/thisum/my_ws/src/install/pilz_industrial_motion_planner/lib/pilz_industrial_motion_planner/unittest_trajectory_functions
[139.581s] -- Set runtime path of "/home/thisum/my_ws/src/install/pilz_industrial_motion_planner/lib/pilz_industrial_motion_planner/unittest_trajectory_functions" to ""
[139.581s] -- Installing: /home/thisum/my_ws/src/install/pilz_industrial_motion_planner/lib/pilz_industrial_motion_planner/unittest_trajectory_blender_transition_window
[139.583s] -- Set runtime path of "/home/thisum/my_ws/src/install/pilz_industrial_motion_planner/lib/pilz_industrial_motion_planner/unittest_trajectory_blender_transition_window" to ""
[139.583s] -- Installing: /home/thisum/my_ws/src/install/pilz_industrial_motion_planner/lib/pilz_industrial_motion_planner/unittest_trajectory_generator_common
[139.588s] -- Set runtime path of "/home/thisum/my_ws/src/install/pilz_industrial_motion_planner/lib/pilz_industrial_motion_planner/unittest_trajectory_generator_common" to ""
[139.588s] -- Installing: /home/thisum/my_ws/src/install/pilz_industrial_motion_planner/lib/pilz_industrial_motion_planner/unittest_trajectory_generator_circ
[139.591s] -- Set runtime path of "/home/thisum/my_ws/src/install/pilz_industrial_motion_planner/lib/pilz_industrial_motion_planner/unittest_trajectory_generator_circ" to ""
[139.591s] -- Installing: /home/thisum/my_ws/src/install/pilz_industrial_motion_planner/lib/pilz_industrial_motion_planner/unittest_trajectory_generator_lin
[139.593s] -- Set runtime path of "/home/thisum/my_ws/src/install/pilz_industrial_motion_planner/lib/pilz_industrial_motion_planner/unittest_trajectory_generator_lin" to ""
[139.593s] -- Installing: /home/thisum/my_ws/src/install/pilz_industrial_motion_planner/lib/pilz_industrial_motion_planner/unittest_trajectory_generator_ptp
[139.596s] -- Set runtime path of "/home/thisum/my_ws/src/install/pilz_industrial_motion_planner/lib/pilz_industrial_motion_planner/unittest_trajectory_generator_ptp" to ""
[139.596s] -- Installing: /home/thisum/my_ws/src/install/pilz_industrial_motion_planner/lib/pilz_industrial_motion_planner/unittest_pilz_industrial_motion_planner
[139.598s] -- Set runtime path of "/home/thisum/my_ws/src/install/pilz_industrial_motion_planner/lib/pilz_industrial_motion_planner/unittest_pilz_industrial_motion_planner" to ""
[139.598s] -- Installing: /home/thisum/my_ws/src/install/pilz_industrial_motion_planner/lib/pilz_industrial_motion_planner/unittest_joint_limit
[139.600s] -- Set runtime path of "/home/thisum/my_ws/src/install/pilz_industrial_motion_planner/lib/pilz_industrial_motion_planner/unittest_joint_limit" to ""
[139.600s] -- Installing: /home/thisum/my_ws/src/install/pilz_industrial_motion_planner/lib/pilz_industrial_motion_planner/unittest_joint_limits_aggregator
[139.601s] -- Set runtime path of "/home/thisum/my_ws/src/install/pilz_industrial_motion_planner/lib/pilz_industrial_motion_planner/unittest_joint_limits_aggregator" to ""
[139.601s] -- Installing: /home/thisum/my_ws/src/install/pilz_industrial_motion_planner/lib/pilz_industrial_motion_planner/unittest_joint_limits_container
[139.603s] -- Set runtime path of "/home/thisum/my_ws/src/install/pilz_industrial_motion_planner/lib/pilz_industrial_motion_planner/unittest_joint_limits_container" to ""
[139.603s] -- Installing: /home/thisum/my_ws/src/install/pilz_industrial_motion_planner/lib/pilz_industrial_motion_planner/unittest_joint_limits_validator
[139.605s] -- Set runtime path of "/home/thisum/my_ws/src/install/pilz_industrial_motion_planner/lib/pilz_industrial_motion_planner/unittest_joint_limits_validator" to ""
[139.605s] -- Installing: /home/thisum/my_ws/src/install/pilz_industrial_motion_planner/lib/pilz_industrial_motion_planner/unittest_cartesian_limits_aggregator
[139.607s] -- Set runtime path of "/home/thisum/my_ws/src/install/pilz_industrial_motion_planner/lib/pilz_industrial_motion_planner/unittest_cartesian_limits_aggregator" to ""
[139.607s] -- Installing: /home/thisum/my_ws/src/install/pilz_industrial_motion_planner/lib/pilz_industrial_motion_planner/unittest_planning_context_loaders
[139.610s] -- Set runtime path of "/home/thisum/my_ws/src/install/pilz_industrial_motion_planner/lib/pilz_industrial_motion_planner/unittest_planning_context_loaders" to ""
[139.610s] -- Installing: /home/thisum/my_ws/src/install/pilz_industrial_motion_planner/lib/pilz_industrial_motion_planner/unittest_planning_context
[139.614s] -- Set runtime path of "/home/thisum/my_ws/src/install/pilz_industrial_motion_planner/lib/pilz_industrial_motion_planner/unittest_planning_context" to ""
[139.614s] -- Installing: /home/thisum/my_ws/src/install/pilz_industrial_motion_planner/lib/pilz_industrial_motion_planner/unittest_get_solver_tip_frame
[139.617s] -- Set runtime path of "/home/thisum/my_ws/src/install/pilz_industrial_motion_planner/lib/pilz_industrial_motion_planner/unittest_get_solver_tip_frame" to ""
[139.617s] -- Installing: /home/thisum/my_ws/src/install/pilz_industrial_motion_planner/share/pilz_industrial_motion_planner/config
[139.617s] -- Installing: /home/thisum/my_ws/src/install/pilz_industrial_motion_planner/share/pilz_industrial_motion_planner/config/unittest_trajectory_blender_transition_window.yaml
[139.618s] -- Installing: /home/thisum/my_ws/src/install/pilz_industrial_motion_planner/share/pilz_industrial_motion_planner/config/unittest_trajectory_generator_lin.yaml
[139.619s] -- Installing: /home/thisum/my_ws/src/install/pilz_industrial_motion_planner/share/pilz_industrial_motion_planner/config/unittest_joint_limits_aggregator.yaml
[139.620s] -- Installing: /home/thisum/my_ws/src/install/pilz_industrial_motion_planner/share/pilz_industrial_motion_planner/config/unittest_cartesian_limits_aggregator.yaml
[139.621s] -- Installing: /home/thisum/my_ws/src/install/pilz_industrial_motion_planner/share/pilz_industrial_motion_planner/config/unittest_trajectory_functions.yaml
[139.622s] -- Installing: /home/thisum/my_ws/src/install/pilz_industrial_motion_planner/share/pilz_industrial_motion_planner/config/unittest_joint_limit_config.yaml
[139.623s] -- Installing: /home/thisum/my_ws/src/install/pilz_industrial_motion_planner/share/pilz_industrial_motion_planner/config/unittest_trajectory_generator_ptp.yaml
[139.623s] -- Installing: /home/thisum/my_ws/src/install/pilz_industrial_motion_planner/share/pilz_industrial_motion_planner/config/unittest_trajectory_generator_circ.yaml
[139.629s] -- Installing: /home/thisum/my_ws/src/install/pilz_industrial_motion_planner/share/pilz_industrial_motion_planner/config/unittest_trajectory_generator_common.yaml
[139.629s] -- Installing: /home/thisum/my_ws/src/install/pilz_industrial_motion_planner/share/pilz_industrial_motion_planner/launch
[139.629s] -- Installing: /home/thisum/my_ws/src/install/pilz_industrial_motion_planner/share/pilz_industrial_motion_planner/launch/unittest_joint_limits_aggregator.test.py
[139.630s] -- Installing: /home/thisum/my_ws/src/install/pilz_industrial_motion_planner/share/pilz_industrial_motion_planner/launch/unittest_cartesian_limits_aggregator.test.py
[139.630s] -- Installing: /home/thisum/my_ws/src/install/pilz_industrial_motion_planner/share/pilz_industrial_motion_planner/launch/common_parameters.py
[139.630s] -- Installing: /home/thisum/my_ws/src/install/pilz_industrial_motion_planner/share/pilz_industrial_motion_planner/launch/unittest_planning_context_loaders.test.py
[139.630s] -- Installing: /home/thisum/my_ws/src/install/pilz_industrial_motion_planner/share/pilz_industrial_motion_planner/launch/unittest_trajectory_functions.test.py
[139.630s] -- Installing: /home/thisum/my_ws/src/install/pilz_industrial_motion_planner/share/pilz_industrial_motion_planner/launch/unittest_trajectory_blender_transition_window.test.py
[139.635s] -- Installing: /home/thisum/my_ws/src/install/pilz_industrial_motion_planner/share/pilz_industrial_motion_planner/launch/unittest_trajectory_generator_ptp.test.py
[139.635s] -- Installing: /home/thisum/my_ws/src/install/pilz_industrial_motion_planner/share/pilz_industrial_motion_planner/launch/unittest_trajectory_generator_common.test.py
[139.636s] -- Installing: /home/thisum/my_ws/src/install/pilz_industrial_motion_planner/share/pilz_industrial_motion_planner/launch/unittest_trajectory_generator_circ.test.py
[139.637s] -- Installing: /home/thisum/my_ws/src/install/pilz_industrial_motion_planner/share/pilz_industrial_motion_planner/launch/unittest_planning_context.test.py
[139.638s] -- Installing: /home/thisum/my_ws/src/install/pilz_industrial_motion_planner/share/pilz_industrial_motion_planner/launch/unittest_trajectory_generator_lin.test.py
[139.638s] -- Installing: /home/thisum/my_ws/src/install/pilz_industrial_motion_planner/share/pilz_industrial_motion_planner/launch/unittest_pilz_industrial_motion_planner.test.py
[139.639s] -- Installing: /home/thisum/my_ws/src/install/pilz_industrial_motion_planner/share/pilz_industrial_motion_planner/launch/unittest_joint_limit.test.py
[139.640s] -- Installing: /home/thisum/my_ws/src/install/pilz_industrial_motion_planner/share/pilz_industrial_motion_planner/test_data
[139.640s] -- Installing: /home/thisum/my_ws/src/install/pilz_industrial_motion_planner/share/pilz_industrial_motion_planner/test_data/testpoints.py
[139.642s] -- Installing: /home/thisum/my_ws/src/install/pilz_industrial_motion_planner/share/pilz_industrial_motion_planner/test_data/concept_testdata.png
[139.644s] -- Installing: /home/thisum/my_ws/src/install/pilz_industrial_motion_planner/share/pilz_industrial_motion_planner/test_data/prbt
[139.644s] -- Installing: /home/thisum/my_ws/src/install/pilz_industrial_motion_planner/share/pilz_industrial_motion_planner/test_data/prbt/testdata_sequence.xml
[139.645s] -- Installing: /home/thisum/my_ws/src/install/pilz_industrial_motion_planner/share/pilz_industrial_motion_planner/test_data/prbt/testdata_with_gripper.xml
[139.646s] -- Installing: /home/thisum/my_ws/src/install/pilz_industrial_motion_planner/share/pilz_industrial_motion_planner/test_data/prbt/testdata_deprecated.xml
[139.648s] -- Installing: /home/thisum/my_ws/src/install/pilz_industrial_motion_planner/share/pilz_industrial_motion_planner/test_data/concept_testdata.odp
[139.649s] -- Installing: /home/thisum/my_ws/src/install/pilz_industrial_motion_planner/share/pilz_industrial_motion_planner/test_data/frankaemika_panda
[139.649s] -- Installing: /home/thisum/my_ws/src/install/pilz_industrial_motion_planner/share/pilz_industrial_motion_planner/test_data/frankaemika_panda/testdata_sequence.xml
[139.650s] -- Installing: /home/thisum/my_ws/src/install/pilz_industrial_motion_planner/share/ament_index/resource_index/package_run_dependencies/pilz_industrial_motion_planner
[139.650s] -- Installing: /home/thisum/my_ws/src/install/pilz_industrial_motion_planner/share/ament_index/resource_index/parent_prefix_path/pilz_industrial_motion_planner
[139.651s] -- Installing: /home/thisum/my_ws/src/install/pilz_industrial_motion_planner/share/pilz_industrial_motion_planner/environment/ament_prefix_path.sh
[139.651s] -- Installing: /home/thisum/my_ws/src/install/pilz_industrial_motion_planner/share/pilz_industrial_motion_planner/environment/ament_prefix_path.dsv
[139.652s] -- Installing: /home/thisum/my_ws/src/install/pilz_industrial_motion_planner/share/pilz_industrial_motion_planner/environment/path.sh
[139.652s] -- Installing: /home/thisum/my_ws/src/install/pilz_industrial_motion_planner/share/pilz_industrial_motion_planner/environment/path.dsv
[139.652s] -- Installing: /home/thisum/my_ws/src/install/pilz_industrial_motion_planner/share/pilz_industrial_motion_planner/local_setup.bash
[139.653s] -- Installing: /home/thisum/my_ws/src/install/pilz_industrial_motion_planner/share/pilz_industrial_motion_planner/local_setup.sh
[139.653s] -- Installing: /home/thisum/my_ws/src/install/pilz_industrial_motion_planner/share/pilz_industrial_motion_planner/local_setup.zsh
[139.653s] -- Installing: /home/thisum/my_ws/src/install/pilz_industrial_motion_planner/share/pilz_industrial_motion_planner/local_setup.dsv
[139.654s] -- Installing: /home/thisum/my_ws/src/install/pilz_industrial_motion_planner/share/pilz_industrial_motion_planner/package.dsv
[139.654s] -- Installing: /home/thisum/my_ws/src/install/pilz_industrial_motion_planner/share/ament_index/resource_index/packages/pilz_industrial_motion_planner
[139.655s] -- Installing: /home/thisum/my_ws/src/install/pilz_industrial_motion_planner/share/ament_index/resource_index/moveit_core__pluginlib__plugin/pilz_industrial_motion_planner
[139.656s] -- Installing: /home/thisum/my_ws/src/install/pilz_industrial_motion_planner/share/ament_index/resource_index/moveit_ros_move_group__pluginlib__plugin/pilz_industrial_motion_planner
[139.656s] -- Installing: /home/thisum/my_ws/src/install/pilz_industrial_motion_planner/share/ament_index/resource_index/pilz_industrial_motion_planner__pluginlib__plugin/pilz_industrial_motion_planner
[139.656s] -- Installing: /home/thisum/my_ws/src/install/pilz_industrial_motion_planner/share/pilz_industrial_motion_planner/cmake/pilz_industrial_motion_plannerTargetsExport.cmake
[139.657s] -- Installing: /home/thisum/my_ws/src/install/pilz_industrial_motion_planner/share/pilz_industrial_motion_planner/cmake/pilz_industrial_motion_plannerTargetsExport-release.cmake
[139.657s] -- Installing: /home/thisum/my_ws/src/install/pilz_industrial_motion_planner/share/pilz_industrial_motion_planner/cmake/ament_cmake_export_include_directories-extras.cmake
[139.658s] -- Installing: /home/thisum/my_ws/src/install/pilz_industrial_motion_planner/share/pilz_industrial_motion_planner/cmake/ament_cmake_export_targets-extras.cmake
[139.658s] -- Installing: /home/thisum/my_ws/src/install/pilz_industrial_motion_planner/share/pilz_industrial_motion_planner/cmake/ament_cmake_export_dependencies-extras.cmake
[139.659s] -- Installing: /home/thisum/my_ws/src/install/pilz_industrial_motion_planner/share/pilz_industrial_motion_planner/cmake/pilz_industrial_motion_plannerConfig.cmake
[139.659s] -- Installing: /home/thisum/my_ws/src/install/pilz_industrial_motion_planner/share/pilz_industrial_motion_planner/cmake/pilz_industrial_motion_plannerConfig-version.cmake
[139.659s] -- Installing: /home/thisum/my_ws/src/install/pilz_industrial_motion_planner/share/pilz_industrial_motion_planner/package.xml
[139.664s] Invoked command in '/home/thisum/my_ws/src/build/pilz_industrial_motion_planner' returned '0': AMENT_PREFIX_PATH=/home/thisum/my_ws/src/install/moveit_resources_prbt_pg70_support:/home/thisum/my_ws/src/install/moveit_ros_planning_interface:/home/thisum/my_ws/src/install/moveit_resources_prbt_moveit_config:/home/thisum/my_ws/src/install/moveit_ros_move_group:/home/thisum/my_ws/src/install/moveit_ros_warehouse:/home/thisum/my_ws/src/install/moveit_planners_ompl:/home/thisum/my_ws/src/install/moveit_kinematics:/home/thisum/my_ws/src/install/moveit_ros_planning:/home/thisum/my_ws/src/install/pilz_industrial_motion_planner_testutils:/home/thisum/my_ws/src/install/moveit_simple_controller_manager:/home/thisum/my_ws/src/install/moveit_ros_occupancy_map_monitor:/home/thisum/my_ws/src/install/moveit_resources_prbt_ikfast_manipulator_plugin:/home/thisum/my_ws/src/install/moveit_core:/home/thisum/my_ws/src/install/moveit_resources_panda_moveit_config:/home/thisum/my_ws/src/install/moveit_resources_fanuc_moveit_config:/home/thisum/my_ws/src/install/moveit_configs_utils:/home/thisum/my_ws/src/install/srdfdom:/home/thisum/my_ws/src/install/moveit_resources_prbt_support:/home/thisum/my_ws/src/install/moveit_resources_pr2_description:/home/thisum/my_ws/src/install/moveit_resources_panda_description:/home/thisum/my_ws/src/install/moveit_resources_fanuc_description:/home/thisum/my_ws/src/install/moveit_common:/home/thisum/my_ws/src/install/launch_param_builder:${AMENT_PREFIX_PATH} CMAKE_PREFIX_PATH=/home/thisum/my_ws/src/install/moveit_resources_prbt_pg70_support:/home/thisum/my_ws/src/install/moveit_ros_planning_interface:/home/thisum/my_ws/src/install/moveit_resources_prbt_moveit_config:/home/thisum/my_ws/src/install/moveit_ros_move_group:/home/thisum/my_ws/src/install/moveit_ros_warehouse:/home/thisum/my_ws/src/install/moveit_planners_ompl:/home/thisum/my_ws/src/install/moveit_kinematics:/home/thisum/my_ws/src/install/moveit_ros_planning:/home/thisum/my_ws/src/install/pilz_industrial_motion_planner_testutils:/home/thisum/my_ws/src/install/moveit_simple_controller_manager:/home/thisum/my_ws/src/install/moveit_ros_occupancy_map_monitor:/home/thisum/my_ws/src/install/moveit_resources_prbt_ikfast_manipulator_plugin:/home/thisum/my_ws/src/install/moveit_core:/home/thisum/my_ws/src/install/moveit_resources_panda_moveit_config:/home/thisum/my_ws/src/install/moveit_resources_fanuc_moveit_config:/home/thisum/my_ws/src/install/srdfdom:/home/thisum/my_ws/src/install/moveit_resources_prbt_support:/home/thisum/my_ws/src/install/moveit_resources_pr2_description:/home/thisum/my_ws/src/install/moveit_resources_panda_description:/home/thisum/my_ws/src/install/moveit_resources_fanuc_description:/home/thisum/my_ws/src/install/moveit_common:/home/thisum/my_ws/install/pilz_industrial_motion_planner_testutils:/home/thisum/my_ws/install/moveit_runtime:/home/thisum/my_ws/install/moveit2_tutorials:/home/thisum/my_ws/install/moveit:/home/thisum/my_ws/install/arm_config:/home/thisum/my_ws/install/moveit_planners:/home/thisum/my_ws/install/pilz_industrial_motion_planner:/home/thisum/my_ws/install/moveit_visual_tools:/home/thisum/my_ws/install/moveit_task_constructor_visualization:/home/thisum/my_ws/install/moveit_task_constructor_demo:/home/thisum/my_ws/install/moveit_task_constructor_capabilities:/home/thisum/my_ws/install/moveit_task_constructor_core:/home/thisum/my_ws/install/moveit_ros_control_interface:/home/thisum/my_ws/install/moveit_plugins:/home/thisum/my_ws/install/moveit_simple_controller_manager:/home/thisum/my_ws/install/moveit_setup_assistant:/home/thisum/my_ws/install/moveit_setup_srdf_plugins:/home/thisum/my_ws/install/moveit_setup_core_plugins:/home/thisum/my_ws/install/moveit_setup_controllers:/home/thisum/my_ws/install/moveit_setup_app_plugins:/home/thisum/my_ws/install/moveit_setup_framework:/home/thisum/my_ws/install/moveit_servo:/home/thisum/my_ws/install/moveit_ros:/home/thisum/my_ws/install/moveit_ros_visualization:/home/thisum/my_ws/install/moveit_hybrid_planning:/home/thisum/my_ws/install/moveit_ros_planning_interface:/home/thisum/my_ws/install/moveit_ros_benchmarks:/home/thisum/my_ws/install/moveit_ros_warehouse:/home/thisum/my_ws/install/moveit_ros_robot_interaction:/home/thisum/my_ws/install/moveit_ros_perception:/home/thisum/my_ws/install/moveit_resources_prbt_pg70_support:/home/thisum/my_ws/install/moveit_resources_prbt_moveit_config:/home/thisum/my_ws/install/moveit_ros_move_group:/home/thisum/my_ws/install/moveit_planners_ompl:/home/thisum/my_ws/install/moveit_ros_planning:/home/thisum/my_ws/install/moveit_ros_occupancy_map_monitor:/home/thisum/my_ws/install/moveit_resources_prbt_ikfast_manipulator_plugin:/home/thisum/my_ws/install/moveit_planners_chomp:/home/thisum/my_ws/install/moveit_kinematics:/home/thisum/my_ws/install/moveit_chomp_optimizer_adapter:/home/thisum/my_ws/install/chomp_motion_planner:/home/thisum/my_ws/install/moveit_core:/home/thisum/my_ws/install/srdfdom:/home/thisum/my_ws/install/rviz_marker_tools:/home/thisum/my_ws/install/rosparam_shortcuts:/home/thisum/my_ws/install/new_full_arm:/home/thisum/my_ws/install/moveit_task_constructor_msgs:/home/thisum/my_ws/install/moveit_resources_prbt_support:/home/thisum/my_ws/install/moveit_resources:/home/thisum/my_ws/install/moveit_resources_pr2_description:/home/thisum/my_ws/install/moveit_resources_panda_moveit_config:/home/thisum/my_ws/install/moveit_resources_panda_description:/home/thisum/my_ws/install/moveit_resources_fanuc_moveit_config:/home/thisum/my_ws/install/moveit_resources_fanuc_description:/home/thisum/my_ws/install/moveit_common:/home/thisum/arm_ws/install/x:/home/thisum/arm_ws/install/robotiq_description:/home/thisum/arm_ws/install/robotiq_controllers:/home/thisum/arm_ws/install/arm_config:/home/thisum/my_ws/install/moveit_configs_utils:/home/thisum/my_ws/install/launch_param_builder:/home/thisum/arm_ws/install/moveit_configs_utils:/opt/ros/humble:/home/thisum/arm_ws/install/new_full_arm:/home/thisum/arm_ws/install/moveit_resources_prbt_support:/home/thisum/arm_ws/install/moveit_resources_pr2_description:/home/thisum/arm_ws/install/moveit_resources_panda_description:/home/thisum/arm_ws/install/moveit_resources_fanuc_description:/home/thisum/arm_ws/install/moveit_msgs:/home/thisum/arm_ws/install/moveit_common:/home/thisum/arm_ws/install/kortex_api LD_LIBRARY_PATH=/home/thisum/my_ws/src/install/moveit_ros_planning_interface/lib:/home/thisum/my_ws/src/install/moveit_ros_move_group/lib:/home/thisum/my_ws/src/install/moveit_ros_warehouse/lib:/home/thisum/my_ws/src/install/moveit_planners_ompl/lib:/home/thisum/my_ws/src/install/moveit_kinematics/lib:/home/thisum/my_ws/src/install/moveit_ros_planning/lib:/home/thisum/my_ws/src/install/pilz_industrial_motion_planner_testutils/lib:/home/thisum/my_ws/src/install/moveit_simple_controller_manager/lib:/home/thisum/my_ws/src/install/moveit_ros_occupancy_map_monitor/lib:/home/thisum/my_ws/src/install/moveit_resources_prbt_ikfast_manipulator_plugin/lib:/home/thisum/my_ws/src/install/moveit_core/lib:/home/thisum/my_ws/src/install/srdfdom/lib:${LD_LIBRARY_PATH} PATH=/home/thisum/my_ws/src/install/moveit_core/bin:${PATH} PYTHONPATH=/home/thisum/my_ws/src/install/moveit_configs_utils/lib/python3.10/site-packages:/home/thisum/my_ws/src/install/srdfdom/local/lib/python3.10/dist-packages:/home/thisum/my_ws/src/install/launch_param_builder/lib/python3.10/site-packages:${PYTHONPATH} /usr/bin/cmake --install /home/thisum/my_ws/src/build/pilz_industrial_motion_planner
